[17:12:50] This is prokka 1.12
[17:12:50] Written by Torsten Seemann <torsten.seemann@gmail.com>
[17:12:50] Homepage is https://github.com/tseemann/prokka
[17:12:50] Local time is Mon May 15 17:12:50 2017
[17:12:50] You are fsepulveda
[17:12:50] Operating system is linux
[17:12:50] You have BioPerl 1.006924
[17:12:50] System has 4 cores.
[17:12:50] Option --cpu asked for 8 cores, but system only has 4
[17:12:50] Will use maximum of 4 cores.
[17:12:50] Annotating as >>> Bacteria <<<
[17:12:50] Creating new output folder: PROKKA_NC_021059
[17:12:50] Running: mkdir -p PROKKA_NC_021059
[17:12:50] Using filename prefix: PROKKA_NC_021059.XXX
[17:12:50] Setting HMMER_NCPU=1
[17:12:50] Writing log to: PROKKA_NC_021059/PROKKA_NC_021059.log
[17:12:50] Command: /home/fsepulveda/Desktop/tesis/sccmec_classification/prokka-1.12/bin/prokka --genus Staphylococcus --prefix PROKKA_NC_021059 --addgenes --addmrna --locustag NC_021059_SCCmec /home/fsepulveda/Documents/parte2/229_sccmec/sccmec_NC_021059.fasta
[17:12:50] Appending to PATH: /home/fsepulveda/Desktop/tesis/sccmec_classification/prokka-1.12/bin/../binaries/linux
[17:12:50] Appending to PATH: /home/fsepulveda/Desktop/tesis/sccmec_classification/prokka-1.12/bin/../binaries/linux/../common
[17:12:50] Appending to PATH: /home/fsepulveda/Desktop/tesis/sccmec_classification/prokka-1.12/bin
[17:12:50] Looking for 'aragorn' - found /home/fsepulveda/Desktop/tesis/sccmec_classification/prokka-1.12/bin/../binaries/linux/aragorn
[17:12:50] Determined aragorn version is 1.2
[17:12:50] Looking for 'blastp' - found /usr/bin/blastp
[17:12:50] Determined blastp version is 2.2
[17:12:50] Looking for 'cmpress' - found /usr/bin/cmpress
[17:12:50] Determined cmpress version is 1.1
[17:12:50] Looking for 'cmscan' - found /usr/bin/cmscan
[17:12:50] Determined cmscan version is 1.1
[17:12:50] Looking for 'egrep' - found /bin/egrep
[17:12:50] Looking for 'find' - found /usr/bin/find
[17:12:50] Looking for 'grep' - found /bin/grep
[17:12:50] Looking for 'hmmpress' - found /usr/bin/hmmpress
[17:12:50] Determined hmmpress version is 3.1
[17:12:50] Looking for 'hmmscan' - found /usr/bin/hmmscan
[17:12:50] Determined hmmscan version is 3.1
[17:12:50] Looking for 'java' - found /usr/bin/java
[17:12:50] Looking for 'less' - found /usr/bin/less
[17:12:50] Looking for 'makeblastdb' - found /usr/bin/makeblastdb
[17:12:50] Determined makeblastdb version is 2.2
[17:12:50] Looking for 'minced' - found /home/fsepulveda/Desktop/tesis/sccmec_classification/prokka-1.12/bin/../binaries/linux/../common/minced
[17:12:50] Determined minced version is 2.0
[17:12:50] Looking for 'parallel' - found /home/fsepulveda/Desktop/tesis/sccmec_classification/prokka-1.12/bin/../binaries/linux/../common/parallel
[17:12:50] Determined parallel version is 20150122
[17:12:50] Looking for 'prodigal' - found /home/fsepulveda/Desktop/tesis/sccmec_classification/prokka-1.12/bin/../binaries/linux/prodigal
[17:12:50] Determined prodigal version is 2.6
[17:12:50] Looking for 'prokka-genbank_to_fasta_db' - found /home/fsepulveda/Desktop/tesis/sccmec_classification/prokka-1.12/bin/prokka-genbank_to_fasta_db
[17:12:50] Looking for 'sed' - found /bin/sed
[17:12:50] Looking for 'tbl2asn' - found /home/fsepulveda/Desktop/tesis/sccmec_classification/prokka-1.12/bin/../binaries/linux/tbl2asn
[17:12:50] Determined tbl2asn version is 25.3
[17:12:50] Using genetic code table 11.
[17:12:50] Loading and checking input file: /home/fsepulveda/Documents/parte2/229_sccmec/sccmec_NC_021059.fasta
[17:12:50] Wrote 1 contigs totalling 54362 bp.
[17:12:50] Predicting tRNAs and tmRNAs
[17:12:50] Running: aragorn -l -gc11  -w PROKKA_NC_021059\/PROKKA_NC_021059\.fna
[17:12:50] Found 0 tRNAs
[17:12:50] Predicting Ribosomal RNAs
[17:12:50] You need either Barrnap or RNAmmer installed to predict rRNAs!
[17:12:50] Skipping ncRNA search, enable with --rfam if desired.
[17:12:50] Total of 0 tRNA + rRNA features
[17:12:50] Searching for CRISPR repeats
[17:12:51] Found 0 CRISPRs
[17:12:51] Predicting coding sequences
[17:12:51] Contigs total 54362 bp, so using meta mode
[17:12:51] Running: prodigal -i PROKKA_NC_021059\/PROKKA_NC_021059\.fna -c -m -g 11 -p meta -f sco -q
[17:12:51] Found 60 CDS
[17:12:51] Connecting features back to sequences
[17:12:51] Not using genus-specific database. Try --usegenus to enable it.
[17:12:51] Annotating CDS, please be patient.
[17:12:51] Will use 4 CPUs for similarity searching.
[17:12:51] There are still 60 unannotated CDS left (started with 60)
[17:12:51] Will use blast to search against /home/fsepulveda/Desktop/tesis/sccmec_classification/prokka-1.12/bin/../db/kingdom/Bacteria/sprot with 4 CPUs
[17:12:51] Running: cat PROKKA_NC_021059\/sprot\.faa | parallel --gnu --plain -j 4 --block 1776 --recstart '>' --pipe blastp -query - -db /home/fsepulveda/Desktop/tesis/sccmec_classification/prokka-1.12/bin/../db/kingdom/Bacteria/sprot -evalue 1e-06 -num_threads 1 -num_descriptions 1 -num_alignments 1 -seg no > PROKKA_NC_021059\/sprot\.blast 2> /dev/null
[17:12:53] Modify product: Putative monooxygenase Rv1533 => Putative monooxygenase
[17:12:53] Cleaned 1 /product names
[17:12:53] Deleting unwanted file: PROKKA_NC_021059/sprot.faa
[17:12:53] Deleting unwanted file: PROKKA_NC_021059/sprot.blast
[17:12:53] There are still 38 unannotated CDS left (started with 60)
[17:12:53] Will use hmmer3 to search against /home/fsepulveda/Desktop/tesis/sccmec_classification/prokka-1.12/bin/../db/hmm/HAMAP.hmm with 4 CPUs
[17:12:53] Running: cat PROKKA_NC_021059\/HAMAP\.hmm\.faa | parallel --gnu --plain -j 4 --block 893 --recstart '>' --pipe hmmscan --noali --notextw --acc -E 1e-06 --cpu 1 /home/fsepulveda/Desktop/tesis/sccmec_classification/prokka-1.12/bin/../db/hmm/HAMAP.hmm /dev/stdin > PROKKA_NC_021059\/HAMAP\.hmm\.hmmer3 2> /dev/null
[17:12:53] Deleting unwanted file: PROKKA_NC_021059/HAMAP.hmm.faa
[17:12:53] Deleting unwanted file: PROKKA_NC_021059/HAMAP.hmm.hmmer3
[17:12:53] Labelling remaining 38 proteins as 'hypothetical protein'
[17:12:53] Possible /pseudo 'DNA-invertase hin' at sccmec_saures_NC_021059_l54362 position 44064
[17:12:53] Found 19 unique /gene codes.
[17:12:53] Fixed 3 duplicate /gene - hin_1 hin_2 hin_3
[17:12:53] Fixed 1 colliding /gene names.
[17:12:53] Adding /locus_tag identifiers
[17:12:53] Assigned 60 locus_tags to CDS and RNA features.
[17:12:53] Writing outputs to PROKKA_NC_021059/
[17:12:53] Generating annotation statistics file
[17:12:53] Generating Genbank and Sequin files
[17:12:53] Running: tbl2asn -V b -a r10k -l paired-ends -M n -N 1 -y 'Annotated using prokka 1.12 from https://github.com/tseemann/prokka' -Z PROKKA_NC_021059\/PROKKA_NC_021059\.err -i PROKKA_NC_021059\/PROKKA_NC_021059\.fsa 2> /dev/null
[17:12:54] Deleting unwanted file: PROKKA_NC_021059/errorsummary.val
[17:12:54] Deleting unwanted file: PROKKA_NC_021059/PROKKA_NC_021059.dr
[17:12:54] Deleting unwanted file: PROKKA_NC_021059/PROKKA_NC_021059.fixedproducts
[17:12:54] Deleting unwanted file: PROKKA_NC_021059/PROKKA_NC_021059.ecn
[17:12:54] Deleting unwanted file: PROKKA_NC_021059/PROKKA_NC_021059.val
[17:12:54] Repairing broken .GBK output that tbl2asn produces...
[17:12:54] Running: sed 's/COORDINATES: profile/COORDINATES:profile/' < PROKKA_NC_021059\/PROKKA_NC_021059\.gbf > PROKKA_NC_021059\/PROKKA_NC_021059\.gbk
[17:12:54] Deleting unwanted file: PROKKA_NC_021059/PROKKA_NC_021059.gbf
[17:12:54] Output files:
[17:12:54] PROKKA_NC_021059/PROKKA_NC_021059.gbk
[17:12:54] PROKKA_NC_021059/PROKKA_NC_021059.ffn
[17:12:54] PROKKA_NC_021059/PROKKA_NC_021059.gff
[17:12:54] PROKKA_NC_021059/PROKKA_NC_021059.log
[17:12:54] PROKKA_NC_021059/PROKKA_NC_021059.fna
[17:12:54] PROKKA_NC_021059/PROKKA_NC_021059.sqn
[17:12:54] PROKKA_NC_021059/PROKKA_NC_021059.err
[17:12:54] PROKKA_NC_021059/PROKKA_NC_021059.faa
[17:12:54] PROKKA_NC_021059/PROKKA_NC_021059.tsv
[17:12:54] PROKKA_NC_021059/PROKKA_NC_021059.fsa
[17:12:54] PROKKA_NC_021059/PROKKA_NC_021059.tbl
[17:12:54] PROKKA_NC_021059/PROKKA_NC_021059.txt
[17:12:54] Annotation finished successfully.
[17:12:54] Walltime used: 0.07 minutes
[17:12:54] If you use this result please cite the Prokka paper:
[17:12:54] Seemann T (2014) Prokka: rapid prokaryotic genome annotation. Bioinformatics. 30(14):2068-9.
[17:12:54] Type 'prokka --citation' for more details.
[17:12:54] Thank you, come again.
