Discrepancy Report Results

Summary
FATAL: BAD_LOCUS_TAG_FORMAT:27 locus tags are incorrectly formatted.
FATAL: MISSING_PROTEIN_ID:27 proteins have invalid IDs.
DISC_SOURCE_QUALS_ASNDISC:strain (all present, all unique)
DISC_SOURCE_QUALS_ASNDISC:taxname (all present, all unique)
DISC_FEATURE_COUNT:gene: 27 present
DISC_FEATURE_COUNT:CDS: 27 present
DISC_FEATURE_COUNT:mRNA: 27 present
DISC_COUNT_NUCLEOTIDES:1 nucleotide Bioseqs are present
OVERLAPPING_GENES:4 genes overlap another gene on the same strand.
DISC_QUALITY_SCORES:Quality scores are missing on all sequences.
ONCALLER_COMMENT_PRESENT:1 comment descriptors were found (all same)
SHORT_PROT_SEQUENCES:1 protein sequences are shorter than 50 aa.
MISSING_GENOMEASSEMBLY_COMMENTS:1 bioseqs are missing GenomeAssembly structured comments
MOLTYPE_NOT_MRNA:1 molecule types are not set as mRNA.
TECHNIQUE_NOT_TSA:1 technique are not set as TSA
MISSING_STRUCTURED_COMMENT:1 sequences do not include structured comments.
MISSING_PROJECT:28 sequences do not include project.
DISC_INCONSISTENT_MOLINFO_TECH:Molinfo Technique Report (some missing, all same)


Detailed Report

FATAL: DiscRep_ALL:BAD_LOCUS_TAG_FORMAT::27 locus tags are incorrectly formatted.
PROKKA_NZ_CP010998/PROKKA_NZ_CP010998:Gene	rlmH	sccmec_saures_NZ_CP010998_l26597:1-480	NZ_CP010998_SCCmec_00001
PROKKA_NZ_CP010998/PROKKA_NZ_CP010998:Gene	NZ_CP010998_SCCmec_00002	sccmec_saures_NZ_CP010998_l26597:763-2058	NZ_CP010998_SCCmec_00002
PROKKA_NZ_CP010998/PROKKA_NZ_CP010998:Gene	NZ_CP010998_SCCmec_00003	sccmec_saures_NZ_CP010998_l26597:2473-2712	NZ_CP010998_SCCmec_00003
PROKKA_NZ_CP010998/PROKKA_NZ_CP010998:Gene	NZ_CP010998_SCCmec_00004	sccmec_saures_NZ_CP010998_l26597:c3418-2744	NZ_CP010998_SCCmec_00004
PROKKA_NZ_CP010998/PROKKA_NZ_CP010998:Gene	NZ_CP010998_SCCmec_00005	sccmec_saures_NZ_CP010998_l26597:c3706-3509	NZ_CP010998_SCCmec_00005
PROKKA_NZ_CP010998/PROKKA_NZ_CP010998:Gene	NZ_CP010998_SCCmec_00006	sccmec_saures_NZ_CP010998_l26597:c4513-3719	NZ_CP010998_SCCmec_00006
PROKKA_NZ_CP010998/PROKKA_NZ_CP010998:Gene	NZ_CP010998_SCCmec_00007	sccmec_saures_NZ_CP010998_l26597:4666-4755	NZ_CP010998_SCCmec_00007
PROKKA_NZ_CP010998/PROKKA_NZ_CP010998:Gene	pre	sccmec_saures_NZ_CP010998_l26597:c5999-4737	NZ_CP010998_SCCmec_00008
PROKKA_NZ_CP010998/PROKKA_NZ_CP010998:Gene	ble	sccmec_saures_NZ_CP010998_l26597:c6904-6506	NZ_CP010998_SCCmec_00009
PROKKA_NZ_CP010998/PROKKA_NZ_CP010998:Gene	knt	sccmec_saures_NZ_CP010998_l26597:c7897-7127	NZ_CP010998_SCCmec_00010
PROKKA_NZ_CP010998/PROKKA_NZ_CP010998:Gene	NZ_CP010998_SCCmec_00011	sccmec_saures_NZ_CP010998_l26597:c8764-8090	NZ_CP010998_SCCmec_00011
PROKKA_NZ_CP010998/PROKKA_NZ_CP010998:Gene	NZ_CP010998_SCCmec_00012	sccmec_saures_NZ_CP010998_l26597:8808-9125	NZ_CP010998_SCCmec_00012
PROKKA_NZ_CP010998/PROKKA_NZ_CP010998:Gene	pbp	sccmec_saures_NZ_CP010998_l26597:c11177-9171	NZ_CP010998_SCCmec_00013
PROKKA_NZ_CP010998/PROKKA_NZ_CP010998:Gene	mecR1	sccmec_saures_NZ_CP010998_l26597:11379-12263	NZ_CP010998_SCCmec_00014
PROKKA_NZ_CP010998/PROKKA_NZ_CP010998:Gene	NZ_CP010998_SCCmec_00015	sccmec_saures_NZ_CP010998_l26597:12223-12495	NZ_CP010998_SCCmec_00015
PROKKA_NZ_CP010998/PROKKA_NZ_CP010998:Gene	NZ_CP010998_SCCmec_00016	sccmec_saures_NZ_CP010998_l26597:12888-13961	NZ_CP010998_SCCmec_00016
PROKKA_NZ_CP010998/PROKKA_NZ_CP010998:Gene	NZ_CP010998_SCCmec_00017	sccmec_saures_NZ_CP010998_l26597:c15566-14058	NZ_CP010998_SCCmec_00017
PROKKA_NZ_CP010998/PROKKA_NZ_CP010998:Gene	NZ_CP010998_SCCmec_00018	sccmec_saures_NZ_CP010998_l26597:c16214-15705	NZ_CP010998_SCCmec_00018
PROKKA_NZ_CP010998/PROKKA_NZ_CP010998:Gene	NZ_CP010998_SCCmec_00019	sccmec_saures_NZ_CP010998_l26597:c16468-16226	NZ_CP010998_SCCmec_00019
PROKKA_NZ_CP010998/PROKKA_NZ_CP010998:Gene	NZ_CP010998_SCCmec_00020	sccmec_saures_NZ_CP010998_l26597:c16973-16623	NZ_CP010998_SCCmec_00020
PROKKA_NZ_CP010998/PROKKA_NZ_CP010998:Gene	hin_1	sccmec_saures_NZ_CP010998_l26597:c19123-17495	NZ_CP010998_SCCmec_00021
PROKKA_NZ_CP010998/PROKKA_NZ_CP010998:Gene	hin_2	sccmec_saures_NZ_CP010998_l26597:c20512-19145	NZ_CP010998_SCCmec_00022
PROKKA_NZ_CP010998/PROKKA_NZ_CP010998:Gene	NZ_CP010998_SCCmec_00023	sccmec_saures_NZ_CP010998_l26597:c22521-20728	NZ_CP010998_SCCmec_00023
PROKKA_NZ_CP010998/PROKKA_NZ_CP010998:Gene	NZ_CP010998_SCCmec_00024	sccmec_saures_NZ_CP010998_l26597:c22817-22521	NZ_CP010998_SCCmec_00024
PROKKA_NZ_CP010998/PROKKA_NZ_CP010998:Gene	NZ_CP010998_SCCmec_00025	sccmec_saures_NZ_CP010998_l26597:c24056-23010	NZ_CP010998_SCCmec_00025
PROKKA_NZ_CP010998/PROKKA_NZ_CP010998:Gene	NZ_CP010998_SCCmec_00026	sccmec_saures_NZ_CP010998_l26597:24511-25665	NZ_CP010998_SCCmec_00026
PROKKA_NZ_CP010998/PROKKA_NZ_CP010998:Gene	NZ_CP010998_SCCmec_00027	sccmec_saures_NZ_CP010998_l26597:25695-26495	NZ_CP010998_SCCmec_00027

FATAL: DiscRep_ALL:MISSING_PROTEIN_ID::27 proteins have invalid IDs.
PROKKA_NZ_CP010998/PROKKA_NZ_CP010998:sccmec_saures_NZ_CP010998_l26597_1 (length 159)
PROKKA_NZ_CP010998/PROKKA_NZ_CP010998:sccmec_saures_NZ_CP010998_l26597_2 (length 431)
PROKKA_NZ_CP010998/PROKKA_NZ_CP010998:sccmec_saures_NZ_CP010998_l26597_3 (length 79)
PROKKA_NZ_CP010998/PROKKA_NZ_CP010998:sccmec_saures_NZ_CP010998_l26597_4 (length 224)
PROKKA_NZ_CP010998/PROKKA_NZ_CP010998:sccmec_saures_NZ_CP010998_l26597_5 (length 65)
PROKKA_NZ_CP010998/PROKKA_NZ_CP010998:sccmec_saures_NZ_CP010998_l26597_6 (length 264)
PROKKA_NZ_CP010998/PROKKA_NZ_CP010998:sccmec_saures_NZ_CP010998_l26597_7 (length 29)
PROKKA_NZ_CP010998/PROKKA_NZ_CP010998:sccmec_saures_NZ_CP010998_l26597_8 (length 420)
PROKKA_NZ_CP010998/PROKKA_NZ_CP010998:sccmec_saures_NZ_CP010998_l26597_9 (length 132)
PROKKA_NZ_CP010998/PROKKA_NZ_CP010998:sccmec_saures_NZ_CP010998_l26597_10 (length 256)
PROKKA_NZ_CP010998/PROKKA_NZ_CP010998:sccmec_saures_NZ_CP010998_l26597_11 (length 224)
PROKKA_NZ_CP010998/PROKKA_NZ_CP010998:sccmec_saures_NZ_CP010998_l26597_12 (length 105)
PROKKA_NZ_CP010998/PROKKA_NZ_CP010998:sccmec_saures_NZ_CP010998_l26597_13 (length 668)
PROKKA_NZ_CP010998/PROKKA_NZ_CP010998:sccmec_saures_NZ_CP010998_l26597_14 (length 294)
PROKKA_NZ_CP010998/PROKKA_NZ_CP010998:sccmec_saures_NZ_CP010998_l26597_15 (length 90)
PROKKA_NZ_CP010998/PROKKA_NZ_CP010998:sccmec_saures_NZ_CP010998_l26597_16 (length 357)
PROKKA_NZ_CP010998/PROKKA_NZ_CP010998:sccmec_saures_NZ_CP010998_l26597_17 (length 502)
PROKKA_NZ_CP010998/PROKKA_NZ_CP010998:sccmec_saures_NZ_CP010998_l26597_18 (length 169)
PROKKA_NZ_CP010998/PROKKA_NZ_CP010998:sccmec_saures_NZ_CP010998_l26597_19 (length 80)
PROKKA_NZ_CP010998/PROKKA_NZ_CP010998:sccmec_saures_NZ_CP010998_l26597_20 (length 116)
PROKKA_NZ_CP010998/PROKKA_NZ_CP010998:sccmec_saures_NZ_CP010998_l26597_21 (length 542)
PROKKA_NZ_CP010998/PROKKA_NZ_CP010998:sccmec_saures_NZ_CP010998_l26597_22 (length 455)
PROKKA_NZ_CP010998/PROKKA_NZ_CP010998:sccmec_saures_NZ_CP010998_l26597_23 (length 597)
PROKKA_NZ_CP010998/PROKKA_NZ_CP010998:sccmec_saures_NZ_CP010998_l26597_24 (length 98)
PROKKA_NZ_CP010998/PROKKA_NZ_CP010998:sccmec_saures_NZ_CP010998_l26597_25 (length 348)
PROKKA_NZ_CP010998/PROKKA_NZ_CP010998:sccmec_saures_NZ_CP010998_l26597_26 (length 384)
PROKKA_NZ_CP010998/PROKKA_NZ_CP010998:sccmec_saures_NZ_CP010998_l26597_27 (length 266)

DiscRep_ALL:DISC_SOURCE_QUALS_ASNDISC::strain (all present, all unique)
DiscRep_SUB:DISC_SOURCE_QUALS_ASNDISC::1 sources have unique values for strain
DiscRep_ALL:DISC_SOURCE_QUALS_ASNDISC::taxname (all present, all unique)
DiscRep_SUB:DISC_SOURCE_QUALS_ASNDISC::1 sources have unique values for taxname
DiscRep_ALL:DISC_FEATURE_COUNT::gene: 27 present
DiscRep_ALL:DISC_FEATURE_COUNT::CDS: 27 present
DiscRep_ALL:DISC_FEATURE_COUNT::mRNA: 27 present
DiscRep_ALL:DISC_COUNT_NUCLEOTIDES::1 nucleotide Bioseqs are present
PROKKA_NZ_CP010998/PROKKA_NZ_CP010998:sccmec_saures_NZ_CP010998_l26597 (length 26597)

DiscRep_ALL:OVERLAPPING_GENES::4 genes overlap another gene on the same strand.
PROKKA_NZ_CP010998/PROKKA_NZ_CP010998:Gene	mecR1	sccmec_saures_NZ_CP010998_l26597:11379-12263	NZ_CP010998_SCCmec_00014
PROKKA_NZ_CP010998/PROKKA_NZ_CP010998:Gene	NZ_CP010998_SCCmec_00015	sccmec_saures_NZ_CP010998_l26597:12223-12495	NZ_CP010998_SCCmec_00015
PROKKA_NZ_CP010998/PROKKA_NZ_CP010998:Gene	NZ_CP010998_SCCmec_00023	sccmec_saures_NZ_CP010998_l26597:c22521-20728	NZ_CP010998_SCCmec_00023
PROKKA_NZ_CP010998/PROKKA_NZ_CP010998:Gene	NZ_CP010998_SCCmec_00024	sccmec_saures_NZ_CP010998_l26597:c22817-22521	NZ_CP010998_SCCmec_00024

DiscRep_ALL:DISC_QUALITY_SCORES::Quality scores are missing on all sequences.

DiscRep_ALL:ONCALLER_COMMENT_PRESENT::1 comment descriptors were found (all same)
PROKKA_NZ_CP010998/PROKKA_NZ_CP010998:sccmec_saures_NZ_CP010998_l26597:Annotated using prokka 1.12 from https://github.com/tseemann/prokka

DiscRep_ALL:SHORT_PROT_SEQUENCES::1 protein sequences are shorter than 50 aa.
PROKKA_NZ_CP010998/PROKKA_NZ_CP010998:sccmec_saures_NZ_CP010998_l26597_7 (length 29)

DiscRep_ALL:MISSING_GENOMEASSEMBLY_COMMENTS::1 bioseqs are missing GenomeAssembly structured comments
PROKKA_NZ_CP010998/PROKKA_NZ_CP010998:sccmec_saures_NZ_CP010998_l26597 (length 26597)

DiscRep_ALL:MOLTYPE_NOT_MRNA::1 molecule types are not set as mRNA.
PROKKA_NZ_CP010998/PROKKA_NZ_CP010998:sccmec_saures_NZ_CP010998_l26597 (length 26597)

DiscRep_ALL:TECHNIQUE_NOT_TSA::1 technique are not set as TSA
PROKKA_NZ_CP010998/PROKKA_NZ_CP010998:sccmec_saures_NZ_CP010998_l26597 (length 26597)

DiscRep_ALL:MISSING_STRUCTURED_COMMENT::1 sequences do not include structured comments.
PROKKA_NZ_CP010998/PROKKA_NZ_CP010998:sccmec_saures_NZ_CP010998_l26597 (length 26597)

DiscRep_ALL:MISSING_PROJECT::28 sequences do not include project.
PROKKA_NZ_CP010998/PROKKA_NZ_CP010998:sccmec_saures_NZ_CP010998_l26597 (length 26597)
PROKKA_NZ_CP010998/PROKKA_NZ_CP010998:sccmec_saures_NZ_CP010998_l26597_1 (length 159)
PROKKA_NZ_CP010998/PROKKA_NZ_CP010998:sccmec_saures_NZ_CP010998_l26597_2 (length 431)
PROKKA_NZ_CP010998/PROKKA_NZ_CP010998:sccmec_saures_NZ_CP010998_l26597_3 (length 79)
PROKKA_NZ_CP010998/PROKKA_NZ_CP010998:sccmec_saures_NZ_CP010998_l26597_4 (length 224)
PROKKA_NZ_CP010998/PROKKA_NZ_CP010998:sccmec_saures_NZ_CP010998_l26597_5 (length 65)
PROKKA_NZ_CP010998/PROKKA_NZ_CP010998:sccmec_saures_NZ_CP010998_l26597_6 (length 264)
PROKKA_NZ_CP010998/PROKKA_NZ_CP010998:sccmec_saures_NZ_CP010998_l26597_7 (length 29)
PROKKA_NZ_CP010998/PROKKA_NZ_CP010998:sccmec_saures_NZ_CP010998_l26597_8 (length 420)
PROKKA_NZ_CP010998/PROKKA_NZ_CP010998:sccmec_saures_NZ_CP010998_l26597_9 (length 132)
PROKKA_NZ_CP010998/PROKKA_NZ_CP010998:sccmec_saures_NZ_CP010998_l26597_10 (length 256)
PROKKA_NZ_CP010998/PROKKA_NZ_CP010998:sccmec_saures_NZ_CP010998_l26597_11 (length 224)
PROKKA_NZ_CP010998/PROKKA_NZ_CP010998:sccmec_saures_NZ_CP010998_l26597_12 (length 105)
PROKKA_NZ_CP010998/PROKKA_NZ_CP010998:sccmec_saures_NZ_CP010998_l26597_13 (length 668)
PROKKA_NZ_CP010998/PROKKA_NZ_CP010998:sccmec_saures_NZ_CP010998_l26597_14 (length 294)
PROKKA_NZ_CP010998/PROKKA_NZ_CP010998:sccmec_saures_NZ_CP010998_l26597_15 (length 90)
PROKKA_NZ_CP010998/PROKKA_NZ_CP010998:sccmec_saures_NZ_CP010998_l26597_16 (length 357)
PROKKA_NZ_CP010998/PROKKA_NZ_CP010998:sccmec_saures_NZ_CP010998_l26597_17 (length 502)
PROKKA_NZ_CP010998/PROKKA_NZ_CP010998:sccmec_saures_NZ_CP010998_l26597_18 (length 169)
PROKKA_NZ_CP010998/PROKKA_NZ_CP010998:sccmec_saures_NZ_CP010998_l26597_19 (length 80)
PROKKA_NZ_CP010998/PROKKA_NZ_CP010998:sccmec_saures_NZ_CP010998_l26597_20 (length 116)
PROKKA_NZ_CP010998/PROKKA_NZ_CP010998:sccmec_saures_NZ_CP010998_l26597_21 (length 542)
PROKKA_NZ_CP010998/PROKKA_NZ_CP010998:sccmec_saures_NZ_CP010998_l26597_22 (length 455)
PROKKA_NZ_CP010998/PROKKA_NZ_CP010998:sccmec_saures_NZ_CP010998_l26597_23 (length 597)
PROKKA_NZ_CP010998/PROKKA_NZ_CP010998:sccmec_saures_NZ_CP010998_l26597_24 (length 98)
PROKKA_NZ_CP010998/PROKKA_NZ_CP010998:sccmec_saures_NZ_CP010998_l26597_25 (length 348)
PROKKA_NZ_CP010998/PROKKA_NZ_CP010998:sccmec_saures_NZ_CP010998_l26597_26 (length 384)
PROKKA_NZ_CP010998/PROKKA_NZ_CP010998:sccmec_saures_NZ_CP010998_l26597_27 (length 266)

DiscRep_ALL:DISC_INCONSISTENT_MOLINFO_TECH::Molinfo Technique Report (some missing, all same)
DiscRep_SUB:DISC_INCONSISTENT_MOLINFO_TECH::technique (all missing)
DiscRep_SUB:DISC_INCONSISTENT_MOLINFO_TECH::1 Molinfos are missing field technique
PROKKA_NZ_CP010998/PROKKA_NZ_CP010998:sccmec_saures_NZ_CP010998_l26597 (length 26597)

