[17:05:01] This is prokka 1.12
[17:05:01] Written by Torsten Seemann <torsten.seemann@gmail.com>
[17:05:01] Homepage is https://github.com/tseemann/prokka
[17:05:01] Local time is Mon May 15 17:05:01 2017
[17:05:01] You are fsepulveda
[17:05:01] Operating system is linux
[17:05:01] You have BioPerl 1.006924
[17:05:01] System has 4 cores.
[17:05:01] Option --cpu asked for 8 cores, but system only has 4
[17:05:01] Will use maximum of 4 cores.
[17:05:01] Annotating as >>> Bacteria <<<
[17:05:01] Creating new output folder: PROKKA_CP000730
[17:05:01] Running: mkdir -p PROKKA_CP000730
[17:05:01] Using filename prefix: PROKKA_CP000730.XXX
[17:05:01] Setting HMMER_NCPU=1
[17:05:01] Writing log to: PROKKA_CP000730/PROKKA_CP000730.log
[17:05:01] Command: /home/fsepulveda/Desktop/tesis/sccmec_classification/prokka-1.12/bin/prokka --genus Staphylococcus --prefix PROKKA_CP000730 --addgenes --addmrna --locustag CP000730_SCCmec /home/fsepulveda/Documents/parte2/229_sccmec/sccmec_CP000730.fasta
[17:05:01] Appending to PATH: /home/fsepulveda/Desktop/tesis/sccmec_classification/prokka-1.12/bin/../binaries/linux
[17:05:01] Appending to PATH: /home/fsepulveda/Desktop/tesis/sccmec_classification/prokka-1.12/bin/../binaries/linux/../common
[17:05:01] Appending to PATH: /home/fsepulveda/Desktop/tesis/sccmec_classification/prokka-1.12/bin
[17:05:01] Looking for 'aragorn' - found /home/fsepulveda/Desktop/tesis/sccmec_classification/prokka-1.12/bin/../binaries/linux/aragorn
[17:05:01] Determined aragorn version is 1.2
[17:05:01] Looking for 'blastp' - found /usr/bin/blastp
[17:05:01] Determined blastp version is 2.2
[17:05:01] Looking for 'cmpress' - found /usr/bin/cmpress
[17:05:01] Determined cmpress version is 1.1
[17:05:01] Looking for 'cmscan' - found /usr/bin/cmscan
[17:05:01] Determined cmscan version is 1.1
[17:05:01] Looking for 'egrep' - found /bin/egrep
[17:05:01] Looking for 'find' - found /usr/bin/find
[17:05:01] Looking for 'grep' - found /bin/grep
[17:05:01] Looking for 'hmmpress' - found /usr/bin/hmmpress
[17:05:01] Determined hmmpress version is 3.1
[17:05:01] Looking for 'hmmscan' - found /usr/bin/hmmscan
[17:05:01] Determined hmmscan version is 3.1
[17:05:01] Looking for 'java' - found /usr/bin/java
[17:05:01] Looking for 'less' - found /usr/bin/less
[17:05:01] Looking for 'makeblastdb' - found /usr/bin/makeblastdb
[17:05:01] Determined makeblastdb version is 2.2
[17:05:01] Looking for 'minced' - found /home/fsepulveda/Desktop/tesis/sccmec_classification/prokka-1.12/bin/../binaries/linux/../common/minced
[17:05:01] Determined minced version is 2.0
[17:05:01] Looking for 'parallel' - found /home/fsepulveda/Desktop/tesis/sccmec_classification/prokka-1.12/bin/../binaries/linux/../common/parallel
[17:05:01] Determined parallel version is 20150122
[17:05:01] Looking for 'prodigal' - found /home/fsepulveda/Desktop/tesis/sccmec_classification/prokka-1.12/bin/../binaries/linux/prodigal
[17:05:01] Determined prodigal version is 2.6
[17:05:01] Looking for 'prokka-genbank_to_fasta_db' - found /home/fsepulveda/Desktop/tesis/sccmec_classification/prokka-1.12/bin/prokka-genbank_to_fasta_db
[17:05:01] Looking for 'sed' - found /bin/sed
[17:05:01] Looking for 'tbl2asn' - found /home/fsepulveda/Desktop/tesis/sccmec_classification/prokka-1.12/bin/../binaries/linux/tbl2asn
[17:05:01] Determined tbl2asn version is 25.3
[17:05:01] Using genetic code table 11.
[17:05:01] Loading and checking input file: /home/fsepulveda/Documents/parte2/229_sccmec/sccmec_CP000730.fasta
[17:05:01] Wrote 1 contigs totalling 55157 bp.
[17:05:01] Predicting tRNAs and tmRNAs
[17:05:01] Running: aragorn -l -gc11  -w PROKKA_CP000730\/PROKKA_CP000730\.fna
[17:05:01] Found 0 tRNAs
[17:05:01] Predicting Ribosomal RNAs
[17:05:01] You need either Barrnap or RNAmmer installed to predict rRNAs!
[17:05:01] Skipping ncRNA search, enable with --rfam if desired.
[17:05:01] Total of 0 tRNA + rRNA features
[17:05:01] Searching for CRISPR repeats
[17:05:01] Found 0 CRISPRs
[17:05:01] Predicting coding sequences
[17:05:01] Contigs total 55157 bp, so using meta mode
[17:05:01] Running: prodigal -i PROKKA_CP000730\/PROKKA_CP000730\.fna -c -m -g 11 -p meta -f sco -q
[17:05:02] Found 56 CDS
[17:05:02] Connecting features back to sequences
[17:05:02] Not using genus-specific database. Try --usegenus to enable it.
[17:05:02] Annotating CDS, please be patient.
[17:05:02] Will use 4 CPUs for similarity searching.
[17:05:02] There are still 56 unannotated CDS left (started with 56)
[17:05:02] Will use blast to search against /home/fsepulveda/Desktop/tesis/sccmec_classification/prokka-1.12/bin/../db/kingdom/Bacteria/sprot with 4 CPUs
[17:05:02] Running: cat PROKKA_CP000730\/sprot\.faa | parallel --gnu --plain -j 4 --block 1812 --recstart '>' --pipe blastp -query - -db /home/fsepulveda/Desktop/tesis/sccmec_classification/prokka-1.12/bin/../db/kingdom/Bacteria/sprot -evalue 1e-06 -num_threads 1 -num_descriptions 1 -num_alignments 1 -seg no > PROKKA_CP000730\/sprot\.blast 2> /dev/null
[17:05:04] Deleting unwanted file: PROKKA_CP000730/sprot.faa
[17:05:04] Deleting unwanted file: PROKKA_CP000730/sprot.blast
[17:05:04] There are still 33 unannotated CDS left (started with 56)
[17:05:04] Will use hmmer3 to search against /home/fsepulveda/Desktop/tesis/sccmec_classification/prokka-1.12/bin/../db/hmm/HAMAP.hmm with 4 CPUs
[17:05:04] Running: cat PROKKA_CP000730\/HAMAP\.hmm\.faa | parallel --gnu --plain -j 4 --block 817 --recstart '>' --pipe hmmscan --noali --notextw --acc -E 1e-06 --cpu 1 /home/fsepulveda/Desktop/tesis/sccmec_classification/prokka-1.12/bin/../db/hmm/HAMAP.hmm /dev/stdin > PROKKA_CP000730\/HAMAP\.hmm\.hmmer3 2> /dev/null
[17:05:04] Deleting unwanted file: PROKKA_CP000730/HAMAP.hmm.faa
[17:05:04] Deleting unwanted file: PROKKA_CP000730/HAMAP.hmm.hmmer3
[17:05:04] Labelling remaining 32 proteins as 'hypothetical protein'
[17:05:04] Possible /pseudo 'DNA-invertase hin' at sccmec_saures_CP000730_l55157 position 13831
[17:05:04] Found 22 unique /gene codes.
[17:05:04] Fixed 2 duplicate /gene - hin_1 hin_2
[17:05:04] Fixed 1 colliding /gene names.
[17:05:04] Adding /locus_tag identifiers
[17:05:04] Assigned 56 locus_tags to CDS and RNA features.
[17:05:04] Writing outputs to PROKKA_CP000730/
[17:05:04] Generating annotation statistics file
[17:05:04] Generating Genbank and Sequin files
[17:05:04] Running: tbl2asn -V b -a r10k -l paired-ends -M n -N 1 -y 'Annotated using prokka 1.12 from https://github.com/tseemann/prokka' -Z PROKKA_CP000730\/PROKKA_CP000730\.err -i PROKKA_CP000730\/PROKKA_CP000730\.fsa 2> /dev/null
[17:05:05] Deleting unwanted file: PROKKA_CP000730/errorsummary.val
[17:05:05] Deleting unwanted file: PROKKA_CP000730/PROKKA_CP000730.dr
[17:05:05] Deleting unwanted file: PROKKA_CP000730/PROKKA_CP000730.fixedproducts
[17:05:05] Deleting unwanted file: PROKKA_CP000730/PROKKA_CP000730.ecn
[17:05:05] Deleting unwanted file: PROKKA_CP000730/PROKKA_CP000730.val
[17:05:05] Repairing broken .GBK output that tbl2asn produces...
[17:05:05] Running: sed 's/COORDINATES: profile/COORDINATES:profile/' < PROKKA_CP000730\/PROKKA_CP000730\.gbf > PROKKA_CP000730\/PROKKA_CP000730\.gbk
[17:05:05] Deleting unwanted file: PROKKA_CP000730/PROKKA_CP000730.gbf
[17:05:05] Output files:
[17:05:05] PROKKA_CP000730/PROKKA_CP000730.faa
[17:05:05] PROKKA_CP000730/PROKKA_CP000730.err
[17:05:05] PROKKA_CP000730/PROKKA_CP000730.tsv
[17:05:05] PROKKA_CP000730/PROKKA_CP000730.gbk
[17:05:05] PROKKA_CP000730/PROKKA_CP000730.log
[17:05:05] PROKKA_CP000730/PROKKA_CP000730.fsa
[17:05:05] PROKKA_CP000730/PROKKA_CP000730.ffn
[17:05:05] PROKKA_CP000730/PROKKA_CP000730.fna
[17:05:05] PROKKA_CP000730/PROKKA_CP000730.sqn
[17:05:05] PROKKA_CP000730/PROKKA_CP000730.tbl
[17:05:05] PROKKA_CP000730/PROKKA_CP000730.gff
[17:05:05] PROKKA_CP000730/PROKKA_CP000730.txt
[17:05:05] Annotation finished successfully.
[17:05:05] Walltime used: 0.07 minutes
[17:05:05] If you use this result please cite the Prokka paper:
[17:05:05] Seemann T (2014) Prokka: rapid prokaryotic genome annotation. Bioinformatics. 30(14):2068-9.
[17:05:05] Type 'prokka --citation' for more details.
[17:05:05] Thank you, come again.
