[17:04:45] This is prokka 1.12
[17:04:45] Written by Torsten Seemann <torsten.seemann@gmail.com>
[17:04:45] Homepage is https://github.com/tseemann/prokka
[17:04:45] Local time is Mon May 15 17:04:45 2017
[17:04:45] You are fsepulveda
[17:04:45] Operating system is linux
[17:04:45] You have BioPerl 1.006924
[17:04:45] System has 4 cores.
[17:04:45] Option --cpu asked for 8 cores, but system only has 4
[17:04:45] Will use maximum of 4 cores.
[17:04:45] Annotating as >>> Bacteria <<<
[17:04:45] Creating new output folder: PROKKA_BX571856
[17:04:45] Running: mkdir -p PROKKA_BX571856
[17:04:45] Using filename prefix: PROKKA_BX571856.XXX
[17:04:45] Setting HMMER_NCPU=1
[17:04:45] Writing log to: PROKKA_BX571856/PROKKA_BX571856.log
[17:04:45] Command: /home/fsepulveda/Desktop/tesis/sccmec_classification/prokka-1.12/bin/prokka --genus Staphylococcus --prefix PROKKA_BX571856 --addgenes --addmrna --locustag BX571856_SCCmec /home/fsepulveda/Documents/parte2/229_sccmec/sccmec_BX571856.fasta
[17:04:45] Appending to PATH: /home/fsepulveda/Desktop/tesis/sccmec_classification/prokka-1.12/bin/../binaries/linux
[17:04:45] Appending to PATH: /home/fsepulveda/Desktop/tesis/sccmec_classification/prokka-1.12/bin/../binaries/linux/../common
[17:04:45] Appending to PATH: /home/fsepulveda/Desktop/tesis/sccmec_classification/prokka-1.12/bin
[17:04:45] Looking for 'aragorn' - found /home/fsepulveda/Desktop/tesis/sccmec_classification/prokka-1.12/bin/../binaries/linux/aragorn
[17:04:45] Determined aragorn version is 1.2
[17:04:45] Looking for 'blastp' - found /usr/bin/blastp
[17:04:45] Determined blastp version is 2.2
[17:04:45] Looking for 'cmpress' - found /usr/bin/cmpress
[17:04:45] Determined cmpress version is 1.1
[17:04:45] Looking for 'cmscan' - found /usr/bin/cmscan
[17:04:45] Determined cmscan version is 1.1
[17:04:45] Looking for 'egrep' - found /bin/egrep
[17:04:45] Looking for 'find' - found /usr/bin/find
[17:04:45] Looking for 'grep' - found /bin/grep
[17:04:45] Looking for 'hmmpress' - found /usr/bin/hmmpress
[17:04:45] Determined hmmpress version is 3.1
[17:04:45] Looking for 'hmmscan' - found /usr/bin/hmmscan
[17:04:45] Determined hmmscan version is 3.1
[17:04:45] Looking for 'java' - found /usr/bin/java
[17:04:45] Looking for 'less' - found /usr/bin/less
[17:04:45] Looking for 'makeblastdb' - found /usr/bin/makeblastdb
[17:04:45] Determined makeblastdb version is 2.2
[17:04:45] Looking for 'minced' - found /home/fsepulveda/Desktop/tesis/sccmec_classification/prokka-1.12/bin/../binaries/linux/../common/minced
[17:04:45] Determined minced version is 2.0
[17:04:45] Looking for 'parallel' - found /home/fsepulveda/Desktop/tesis/sccmec_classification/prokka-1.12/bin/../binaries/linux/../common/parallel
[17:04:45] Determined parallel version is 20150122
[17:04:45] Looking for 'prodigal' - found /home/fsepulveda/Desktop/tesis/sccmec_classification/prokka-1.12/bin/../binaries/linux/prodigal
[17:04:45] Determined prodigal version is 2.6
[17:04:45] Looking for 'prokka-genbank_to_fasta_db' - found /home/fsepulveda/Desktop/tesis/sccmec_classification/prokka-1.12/bin/prokka-genbank_to_fasta_db
[17:04:45] Looking for 'sed' - found /bin/sed
[17:04:45] Looking for 'tbl2asn' - found /home/fsepulveda/Desktop/tesis/sccmec_classification/prokka-1.12/bin/../binaries/linux/tbl2asn
[17:04:45] Determined tbl2asn version is 25.3
[17:04:45] Using genetic code table 11.
[17:04:45] Loading and checking input file: /home/fsepulveda/Documents/parte2/229_sccmec/sccmec_BX571856.fasta
[17:04:45] Wrote 1 contigs totalling 59260 bp.
[17:04:45] Predicting tRNAs and tmRNAs
[17:04:45] Running: aragorn -l -gc11  -w PROKKA_BX571856\/PROKKA_BX571856\.fna
[17:04:45] Found 0 tRNAs
[17:04:45] Predicting Ribosomal RNAs
[17:04:45] You need either Barrnap or RNAmmer installed to predict rRNAs!
[17:04:45] Skipping ncRNA search, enable with --rfam if desired.
[17:04:45] Total of 0 tRNA + rRNA features
[17:04:45] Searching for CRISPR repeats
[17:04:45] Found 0 CRISPRs
[17:04:45] Predicting coding sequences
[17:04:45] Contigs total 59260 bp, so using meta mode
[17:04:45] Running: prodigal -i PROKKA_BX571856\/PROKKA_BX571856\.fna -c -m -g 11 -p meta -f sco -q
[17:04:45] Found 63 CDS
[17:04:45] Connecting features back to sequences
[17:04:45] Not using genus-specific database. Try --usegenus to enable it.
[17:04:45] Annotating CDS, please be patient.
[17:04:45] Will use 4 CPUs for similarity searching.
[17:04:45] There are still 63 unannotated CDS left (started with 63)
[17:04:45] Will use blast to search against /home/fsepulveda/Desktop/tesis/sccmec_classification/prokka-1.12/bin/../db/kingdom/Bacteria/sprot with 4 CPUs
[17:04:45] Running: cat PROKKA_BX571856\/sprot\.faa | parallel --gnu --plain -j 4 --block 2097 --recstart '>' --pipe blastp -query - -db /home/fsepulveda/Desktop/tesis/sccmec_classification/prokka-1.12/bin/../db/kingdom/Bacteria/sprot -evalue 1e-06 -num_threads 1 -num_descriptions 1 -num_alignments 1 -seg no > PROKKA_BX571856\/sprot\.blast 2> /dev/null
[17:04:48] Modify product: Uncharacterized methyltransferase YcgJ => putative methyltransferase YcgJ
[17:04:48] Cleaned 1 /product names
[17:04:48] Deleting unwanted file: PROKKA_BX571856/sprot.faa
[17:04:48] Deleting unwanted file: PROKKA_BX571856/sprot.blast
[17:04:48] There are still 35 unannotated CDS left (started with 63)
[17:04:48] Will use hmmer3 to search against /home/fsepulveda/Desktop/tesis/sccmec_classification/prokka-1.12/bin/../db/hmm/HAMAP.hmm with 4 CPUs
[17:04:48] Running: cat PROKKA_BX571856\/HAMAP\.hmm\.faa | parallel --gnu --plain -j 4 --block 870 --recstart '>' --pipe hmmscan --noali --notextw --acc -E 1e-06 --cpu 1 /home/fsepulveda/Desktop/tesis/sccmec_classification/prokka-1.12/bin/../db/hmm/HAMAP.hmm /dev/stdin > PROKKA_BX571856\/HAMAP\.hmm\.hmmer3 2> /dev/null
[17:04:49] Deleting unwanted file: PROKKA_BX571856/HAMAP.hmm.faa
[17:04:49] Deleting unwanted file: PROKKA_BX571856/HAMAP.hmm.hmmer3
[17:04:49] Labelling remaining 35 proteins as 'hypothetical protein'
[17:04:49] Possible /pseudo 'Tyrosine recombinase XerC' at sccmec_saures_BX571856_l59260 position 26294
[17:04:49] Possible /pseudo 'DNA-invertase hin' at sccmec_saures_BX571856_l59260 position 31276
[17:04:49] Possible /pseudo 'Potassium-transporting ATPase KdpC subunit' at sccmec_saures_BX571856_l59260 position 47436
[17:04:49] Found 24 unique /gene codes.
[17:04:49] Fixed 2 duplicate /gene - xerC_1 xerC_2
[17:04:49] Fixed 2 duplicate /gene - pspE_1 pspE_2
[17:04:49] Fixed 2 duplicate /gene - hin_1 hin_2
[17:04:49] Fixed 2 duplicate /gene - kdpC_1 kdpC_2
[17:04:49] Fixed 4 colliding /gene names.
[17:04:49] Adding /locus_tag identifiers
[17:04:49] Assigned 63 locus_tags to CDS and RNA features.
[17:04:49] Writing outputs to PROKKA_BX571856/
[17:04:49] Generating annotation statistics file
[17:04:49] Generating Genbank and Sequin files
[17:04:49] Running: tbl2asn -V b -a r10k -l paired-ends -M n -N 1 -y 'Annotated using prokka 1.12 from https://github.com/tseemann/prokka' -Z PROKKA_BX571856\/PROKKA_BX571856\.err -i PROKKA_BX571856\/PROKKA_BX571856\.fsa 2> /dev/null
[17:04:50] Deleting unwanted file: PROKKA_BX571856/errorsummary.val
[17:04:50] Deleting unwanted file: PROKKA_BX571856/PROKKA_BX571856.dr
[17:04:50] Deleting unwanted file: PROKKA_BX571856/PROKKA_BX571856.fixedproducts
[17:04:50] Deleting unwanted file: PROKKA_BX571856/PROKKA_BX571856.ecn
[17:04:50] Deleting unwanted file: PROKKA_BX571856/PROKKA_BX571856.val
[17:04:50] Repairing broken .GBK output that tbl2asn produces...
[17:04:50] Running: sed 's/COORDINATES: profile/COORDINATES:profile/' < PROKKA_BX571856\/PROKKA_BX571856\.gbf > PROKKA_BX571856\/PROKKA_BX571856\.gbk
[17:04:50] Deleting unwanted file: PROKKA_BX571856/PROKKA_BX571856.gbf
[17:04:50] Output files:
[17:04:50] PROKKA_BX571856/PROKKA_BX571856.log
[17:04:50] PROKKA_BX571856/PROKKA_BX571856.fsa
[17:04:50] PROKKA_BX571856/PROKKA_BX571856.gff
[17:04:50] PROKKA_BX571856/PROKKA_BX571856.fna
[17:04:50] PROKKA_BX571856/PROKKA_BX571856.tsv
[17:04:50] PROKKA_BX571856/PROKKA_BX571856.ffn
[17:04:50] PROKKA_BX571856/PROKKA_BX571856.tbl
[17:04:50] PROKKA_BX571856/PROKKA_BX571856.sqn
[17:04:50] PROKKA_BX571856/PROKKA_BX571856.gbk
[17:04:50] PROKKA_BX571856/PROKKA_BX571856.txt
[17:04:50] PROKKA_BX571856/PROKKA_BX571856.faa
[17:04:50] PROKKA_BX571856/PROKKA_BX571856.err
[17:04:50] Annotation finished successfully.
[17:04:50] Walltime used: 0.08 minutes
[17:04:50] If you use this result please cite the Prokka paper:
[17:04:50] Seemann T (2014) Prokka: rapid prokaryotic genome annotation. Bioinformatics. 30(14):2068-9.
[17:04:50] Type 'prokka --citation' for more details.
[17:04:50] Share and enjoy!
