Discrepancy Report Results

Summary
FATAL: BAD_LOCUS_TAG_FORMAT:63 locus tags are incorrectly formatted.
FATAL: MISSING_PROTEIN_ID:63 proteins have invalid IDs.
DISC_SOURCE_QUALS_ASNDISC:strain (all present, all unique)
DISC_SOURCE_QUALS_ASNDISC:taxname (all present, all unique)
DISC_FEATURE_COUNT:gene: 63 present
DISC_FEATURE_COUNT:CDS: 63 present
DISC_FEATURE_COUNT:mRNA: 63 present
DISC_COUNT_NUCLEOTIDES:1 nucleotide Bioseqs are present
OVERLAPPING_GENES:12 genes overlap another gene on the same strand.
OVERLAPPING_CDS:4 coding regions overlap another coding region with a similar or identical name.
DISC_QUALITY_SCORES:Quality scores are missing on all sequences.
ONCALLER_COMMENT_PRESENT:1 comment descriptors were found (all same)
SHORT_PROT_SEQUENCES:2 protein sequences are shorter than 50 aa.
MISSING_GENOMEASSEMBLY_COMMENTS:1 bioseqs are missing GenomeAssembly structured comments
MOLTYPE_NOT_MRNA:1 molecule types are not set as mRNA.
TECHNIQUE_NOT_TSA:1 technique are not set as TSA
MISSING_STRUCTURED_COMMENT:1 sequences do not include structured comments.
MISSING_PROJECT:64 sequences do not include project.
DISC_INCONSISTENT_MOLINFO_TECH:Molinfo Technique Report (some missing, all same)


Detailed Report

FATAL: DiscRep_ALL:BAD_LOCUS_TAG_FORMAT::63 locus tags are incorrectly formatted.
PROKKA_BX571856/PROKKA_BX571856:Gene	rlmH	sccmec_saures_BX571856_l59260:1-480	BX571856_SCCmec_00001
PROKKA_BX571856/PROKKA_BX571856:Gene	BX571856_SCCmec_00002	sccmec_saures_BX571856_l59260:763-2058	BX571856_SCCmec_00002
PROKKA_BX571856/PROKKA_BX571856:Gene	BX571856_SCCmec_00003	sccmec_saures_BX571856_l59260:2473-2712	BX571856_SCCmec_00003
PROKKA_BX571856/PROKKA_BX571856:Gene	BX571856_SCCmec_00004	sccmec_saures_BX571856_l59260:c3418-2744	BX571856_SCCmec_00004
PROKKA_BX571856/PROKKA_BX571856:Gene	BX571856_SCCmec_00005	sccmec_saures_BX571856_l59260:c3706-3509	BX571856_SCCmec_00005
PROKKA_BX571856/PROKKA_BX571856:Gene	BX571856_SCCmec_00006	sccmec_saures_BX571856_l59260:c4513-3719	BX571856_SCCmec_00006
PROKKA_BX571856/PROKKA_BX571856:Gene	BX571856_SCCmec_00007	sccmec_saures_BX571856_l59260:4666-4755	BX571856_SCCmec_00007
PROKKA_BX571856/PROKKA_BX571856:Gene	pre	sccmec_saures_BX571856_l59260:c5999-4737	BX571856_SCCmec_00008
PROKKA_BX571856/PROKKA_BX571856:Gene	ble	sccmec_saures_BX571856_l59260:c6904-6506	BX571856_SCCmec_00009
PROKKA_BX571856/PROKKA_BX571856:Gene	knt	sccmec_saures_BX571856_l59260:c7897-7127	BX571856_SCCmec_00010
PROKKA_BX571856/PROKKA_BX571856:Gene	BX571856_SCCmec_00011	sccmec_saures_BX571856_l59260:c8764-8090	BX571856_SCCmec_00011
PROKKA_BX571856/PROKKA_BX571856:Gene	BX571856_SCCmec_00012	sccmec_saures_BX571856_l59260:9022-9189	BX571856_SCCmec_00012
PROKKA_BX571856/PROKKA_BX571856:Gene	BX571856_SCCmec_00013	sccmec_saures_BX571856_l59260:9287-9496	BX571856_SCCmec_00013
PROKKA_BX571856/PROKKA_BX571856:Gene	ugpQ	sccmec_saures_BX571856_l59260:9946-10689	BX571856_SCCmec_00014
PROKKA_BX571856/PROKKA_BX571856:Gene	paaZ	sccmec_saures_BX571856_l59260:10786-11214	BX571856_SCCmec_00015
PROKKA_BX571856/PROKKA_BX571856:Gene	pbp	sccmec_saures_BX571856_l59260:c13266-11260	BX571856_SCCmec_00016
PROKKA_BX571856/PROKKA_BX571856:Gene	mecR1	sccmec_saures_BX571856_l59260:13468-15123	BX571856_SCCmec_00017
PROKKA_BX571856/PROKKA_BX571856:Gene	mecI	sccmec_saures_BX571856_l59260:15123-15467	BX571856_SCCmec_00018
PROKKA_BX571856/PROKKA_BX571856:Gene	BX571856_SCCmec_00019	sccmec_saures_BX571856_l59260:15595-15807	BX571856_SCCmec_00019
PROKKA_BX571856/PROKKA_BX571856:Gene	nagC	sccmec_saures_BX571856_l59260:16002-17111	BX571856_SCCmec_00020
PROKKA_BX571856/PROKKA_BX571856:Gene	pspE_1	sccmec_saures_BX571856_l59260:c17530-17225	BX571856_SCCmec_00021
PROKKA_BX571856/PROKKA_BX571856:Gene	gloC	sccmec_saures_BX571856_l59260:c18559-17621	BX571856_SCCmec_00022
PROKKA_BX571856/PROKKA_BX571856:Gene	pspE_2	sccmec_saures_BX571856_l59260:c19656-18592	BX571856_SCCmec_00023
PROKKA_BX571856/PROKKA_BX571856:Gene	csoR	sccmec_saures_BX571856_l59260:19792-20052	BX571856_SCCmec_00024
PROKKA_BX571856/PROKKA_BX571856:Gene	BX571856_SCCmec_00025	sccmec_saures_BX571856_l59260:20067-20696	BX571856_SCCmec_00025
PROKKA_BX571856/PROKKA_BX571856:Gene	ycgJ	sccmec_saures_BX571856_l59260:c21697-21035	BX571856_SCCmec_00026
PROKKA_BX571856/PROKKA_BX571856:Gene	ermA1	sccmec_saures_BX571856_l59260:22231-22962	BX571856_SCCmec_00027
PROKKA_BX571856/PROKKA_BX571856:Gene	ant1	sccmec_saures_BX571856_l59260:c23870-23088	BX571856_SCCmec_00028
PROKKA_BX571856/PROKKA_BX571856:Gene	BX571856_SCCmec_00029	sccmec_saures_BX571856_l59260:c24398-24021	BX571856_SCCmec_00029
PROKKA_BX571856/PROKKA_BX571856:Gene	xerC_1	sccmec_saures_BX571856_l59260:c26297-24405	BX571856_SCCmec_00030
PROKKA_BX571856/PROKKA_BX571856:Gene	xerC_2	sccmec_saures_BX571856_l59260:c27379-26294	BX571856_SCCmec_00031
PROKKA_BX571856/PROKKA_BX571856:Gene	BX571856_SCCmec_00032	sccmec_saures_BX571856_l59260:c27815-27498	BX571856_SCCmec_00032
PROKKA_BX571856/PROKKA_BX571856:Gene	BX571856_SCCmec_00033	sccmec_saures_BX571856_l59260:c28342-27836	BX571856_SCCmec_00033
PROKKA_BX571856/PROKKA_BX571856:Gene	BX571856_SCCmec_00034	sccmec_saures_BX571856_l59260:c28671-28360	BX571856_SCCmec_00034
PROKKA_BX571856/PROKKA_BX571856:Gene	BX571856_SCCmec_00035	sccmec_saures_BX571856_l59260:c29108-28758	BX571856_SCCmec_00035
PROKKA_BX571856/PROKKA_BX571856:Gene	hin_1	sccmec_saures_BX571856_l59260:c31254-29626	BX571856_SCCmec_00036
PROKKA_BX571856/PROKKA_BX571856:Gene	hin_2	sccmec_saures_BX571856_l59260:c32643-31276	BX571856_SCCmec_00037
PROKKA_BX571856/PROKKA_BX571856:Gene	BX571856_SCCmec_00038	sccmec_saures_BX571856_l59260:c34652-32859	BX571856_SCCmec_00038
PROKKA_BX571856/PROKKA_BX571856:Gene	BX571856_SCCmec_00039	sccmec_saures_BX571856_l59260:c34948-34652	BX571856_SCCmec_00039
PROKKA_BX571856/PROKKA_BX571856:Gene	BX571856_SCCmec_00040	sccmec_saures_BX571856_l59260:c36187-35141	BX571856_SCCmec_00040
PROKKA_BX571856/PROKKA_BX571856:Gene	BX571856_SCCmec_00041	sccmec_saures_BX571856_l59260:c36860-36438	BX571856_SCCmec_00041
PROKKA_BX571856/PROKKA_BX571856:Gene	BX571856_SCCmec_00042	sccmec_saures_BX571856_l59260:c37280-36927	BX571856_SCCmec_00042
PROKKA_BX571856/PROKKA_BX571856:Gene	BX571856_SCCmec_00043	sccmec_saures_BX571856_l59260:c37579-37265	BX571856_SCCmec_00043
PROKKA_BX571856/PROKKA_BX571856:Gene	BX571856_SCCmec_00044	sccmec_saures_BX571856_l59260:c38992-38090	BX571856_SCCmec_00044
PROKKA_BX571856/PROKKA_BX571856:Gene	kdpE	sccmec_saures_BX571856_l59260:c40433-39738	BX571856_SCCmec_00045
PROKKA_BX571856/PROKKA_BX571856:Gene	kdpD	sccmec_saures_BX571856_l59260:c43128-40408	BX571856_SCCmec_00046
PROKKA_BX571856/PROKKA_BX571856:Gene	BX571856_SCCmec_00047	sccmec_saures_BX571856_l59260:c43272-43129	BX571856_SCCmec_00047
PROKKA_BX571856/PROKKA_BX571856:Gene	kdpA	sccmec_saures_BX571856_l59260:43345-45021	BX571856_SCCmec_00048
PROKKA_BX571856/PROKKA_BX571856:Gene	kdpB	sccmec_saures_BX571856_l59260:45040-47061	BX571856_SCCmec_00049
PROKKA_BX571856/PROKKA_BX571856:Gene	kdpC_1	sccmec_saures_BX571856_l59260:47077-47439	BX571856_SCCmec_00050
PROKKA_BX571856/PROKKA_BX571856:Gene	kdpC_2	sccmec_saures_BX571856_l59260:47436-47633	BX571856_SCCmec_00051
PROKKA_BX571856/PROKKA_BX571856:Gene	BX571856_SCCmec_00052	sccmec_saures_BX571856_l59260:c49047-48178	BX571856_SCCmec_00052
PROKKA_BX571856/PROKKA_BX571856:Gene	BX571856_SCCmec_00053	sccmec_saures_BX571856_l59260:c49953-49057	BX571856_SCCmec_00053
PROKKA_BX571856/PROKKA_BX571856:Gene	BX571856_SCCmec_00054	sccmec_saures_BX571856_l59260:c50527-50153	BX571856_SCCmec_00054
PROKKA_BX571856/PROKKA_BX571856:Gene	BX571856_SCCmec_00055	sccmec_saures_BX571856_l59260:c50982-50695	BX571856_SCCmec_00055
PROKKA_BX571856/PROKKA_BX571856:Gene	BX571856_SCCmec_00056	sccmec_saures_BX571856_l59260:c51698-51072	BX571856_SCCmec_00056
PROKKA_BX571856/PROKKA_BX571856:Gene	prkC	sccmec_saures_BX571856_l59260:51813-53321	BX571856_SCCmec_00057
PROKKA_BX571856/PROKKA_BX571856:Gene	BX571856_SCCmec_00058	sccmec_saures_BX571856_l59260:53537-55606	BX571856_SCCmec_00058
PROKKA_BX571856/PROKKA_BX571856:Gene	BX571856_SCCmec_00059	sccmec_saures_BX571856_l59260:55837-56136	BX571856_SCCmec_00059
PROKKA_BX571856/PROKKA_BX571856:Gene	BX571856_SCCmec_00060	sccmec_saures_BX571856_l59260:56178-56984	BX571856_SCCmec_00060
PROKKA_BX571856/PROKKA_BX571856:Gene	BX571856_SCCmec_00061	sccmec_saures_BX571856_l59260:57172-57687	BX571856_SCCmec_00061
PROKKA_BX571856/PROKKA_BX571856:Gene	BX571856_SCCmec_00062	sccmec_saures_BX571856_l59260:c58639-57692	BX571856_SCCmec_00062
PROKKA_BX571856/PROKKA_BX571856:Gene	BX571856_SCCmec_00063	sccmec_saures_BX571856_l59260:58726-59199	BX571856_SCCmec_00063

FATAL: DiscRep_ALL:MISSING_PROTEIN_ID::63 proteins have invalid IDs.
PROKKA_BX571856/PROKKA_BX571856:sccmec_saures_BX571856_l59260_1 (length 159)
PROKKA_BX571856/PROKKA_BX571856:sccmec_saures_BX571856_l59260_2 (length 431)
PROKKA_BX571856/PROKKA_BX571856:sccmec_saures_BX571856_l59260_3 (length 79)
PROKKA_BX571856/PROKKA_BX571856:sccmec_saures_BX571856_l59260_4 (length 224)
PROKKA_BX571856/PROKKA_BX571856:sccmec_saures_BX571856_l59260_5 (length 65)
PROKKA_BX571856/PROKKA_BX571856:sccmec_saures_BX571856_l59260_6 (length 264)
PROKKA_BX571856/PROKKA_BX571856:sccmec_saures_BX571856_l59260_7 (length 29)
PROKKA_BX571856/PROKKA_BX571856:sccmec_saures_BX571856_l59260_8 (length 420)
PROKKA_BX571856/PROKKA_BX571856:sccmec_saures_BX571856_l59260_9 (length 132)
PROKKA_BX571856/PROKKA_BX571856:sccmec_saures_BX571856_l59260_10 (length 256)
PROKKA_BX571856/PROKKA_BX571856:sccmec_saures_BX571856_l59260_11 (length 224)
PROKKA_BX571856/PROKKA_BX571856:sccmec_saures_BX571856_l59260_12 (length 55)
PROKKA_BX571856/PROKKA_BX571856:sccmec_saures_BX571856_l59260_13 (length 69)
PROKKA_BX571856/PROKKA_BX571856:sccmec_saures_BX571856_l59260_14 (length 247)
PROKKA_BX571856/PROKKA_BX571856:sccmec_saures_BX571856_l59260_15 (length 142)
PROKKA_BX571856/PROKKA_BX571856:sccmec_saures_BX571856_l59260_16 (length 668)
PROKKA_BX571856/PROKKA_BX571856:sccmec_saures_BX571856_l59260_17 (length 551)
PROKKA_BX571856/PROKKA_BX571856:sccmec_saures_BX571856_l59260_18 (length 114)
PROKKA_BX571856/PROKKA_BX571856:sccmec_saures_BX571856_l59260_19 (length 70)
PROKKA_BX571856/PROKKA_BX571856:sccmec_saures_BX571856_l59260_20 (length 369)
PROKKA_BX571856/PROKKA_BX571856:sccmec_saures_BX571856_l59260_21 (length 101)
PROKKA_BX571856/PROKKA_BX571856:sccmec_saures_BX571856_l59260_22 (length 312)
PROKKA_BX571856/PROKKA_BX571856:sccmec_saures_BX571856_l59260_23 (length 354)
PROKKA_BX571856/PROKKA_BX571856:sccmec_saures_BX571856_l59260_24 (length 86)
PROKKA_BX571856/PROKKA_BX571856:sccmec_saures_BX571856_l59260_25 (length 209)
PROKKA_BX571856/PROKKA_BX571856:sccmec_saures_BX571856_l59260_26 (length 220)
PROKKA_BX571856/PROKKA_BX571856:sccmec_saures_BX571856_l59260_27 (length 243)
PROKKA_BX571856/PROKKA_BX571856:sccmec_saures_BX571856_l59260_28 (length 260)
PROKKA_BX571856/PROKKA_BX571856:sccmec_saures_BX571856_l59260_29 (length 125)
PROKKA_BX571856/PROKKA_BX571856:sccmec_saures_BX571856_l59260_30 (length 630)
PROKKA_BX571856/PROKKA_BX571856:sccmec_saures_BX571856_l59260_31 (length 361)
PROKKA_BX571856/PROKKA_BX571856:sccmec_saures_BX571856_l59260_32 (length 105)
PROKKA_BX571856/PROKKA_BX571856:sccmec_saures_BX571856_l59260_33 (length 168)
PROKKA_BX571856/PROKKA_BX571856:sccmec_saures_BX571856_l59260_34 (length 103)
PROKKA_BX571856/PROKKA_BX571856:sccmec_saures_BX571856_l59260_35 (length 116)
PROKKA_BX571856/PROKKA_BX571856:sccmec_saures_BX571856_l59260_36 (length 542)
PROKKA_BX571856/PROKKA_BX571856:sccmec_saures_BX571856_l59260_37 (length 455)
PROKKA_BX571856/PROKKA_BX571856:sccmec_saures_BX571856_l59260_38 (length 597)
PROKKA_BX571856/PROKKA_BX571856:sccmec_saures_BX571856_l59260_39 (length 98)
PROKKA_BX571856/PROKKA_BX571856:sccmec_saures_BX571856_l59260_40 (length 348)
PROKKA_BX571856/PROKKA_BX571856:sccmec_saures_BX571856_l59260_41 (length 140)
PROKKA_BX571856/PROKKA_BX571856:sccmec_saures_BX571856_l59260_42 (length 117)
PROKKA_BX571856/PROKKA_BX571856:sccmec_saures_BX571856_l59260_43 (length 104)
PROKKA_BX571856/PROKKA_BX571856:sccmec_saures_BX571856_l59260_44 (length 300)
PROKKA_BX571856/PROKKA_BX571856:sccmec_saures_BX571856_l59260_45 (length 231)
PROKKA_BX571856/PROKKA_BX571856:sccmec_saures_BX571856_l59260_46 (length 906)
PROKKA_BX571856/PROKKA_BX571856:sccmec_saures_BX571856_l59260_47 (length 47)
PROKKA_BX571856/PROKKA_BX571856:sccmec_saures_BX571856_l59260_48 (length 558)
PROKKA_BX571856/PROKKA_BX571856:sccmec_saures_BX571856_l59260_49 (length 673)
PROKKA_BX571856/PROKKA_BX571856:sccmec_saures_BX571856_l59260_50 (length 120)
PROKKA_BX571856/PROKKA_BX571856:sccmec_saures_BX571856_l59260_51 (length 65)
PROKKA_BX571856/PROKKA_BX571856:sccmec_saures_BX571856_l59260_52 (length 289)
PROKKA_BX571856/PROKKA_BX571856:sccmec_saures_BX571856_l59260_53 (length 298)
PROKKA_BX571856/PROKKA_BX571856:sccmec_saures_BX571856_l59260_54 (length 124)
PROKKA_BX571856/PROKKA_BX571856:sccmec_saures_BX571856_l59260_55 (length 95)
PROKKA_BX571856/PROKKA_BX571856:sccmec_saures_BX571856_l59260_56 (length 208)
PROKKA_BX571856/PROKKA_BX571856:sccmec_saures_BX571856_l59260_57 (length 502)
PROKKA_BX571856/PROKKA_BX571856:sccmec_saures_BX571856_l59260_58 (length 689)
PROKKA_BX571856/PROKKA_BX571856:sccmec_saures_BX571856_l59260_59 (length 99)
PROKKA_BX571856/PROKKA_BX571856:sccmec_saures_BX571856_l59260_60 (length 268)
PROKKA_BX571856/PROKKA_BX571856:sccmec_saures_BX571856_l59260_61 (length 171)
PROKKA_BX571856/PROKKA_BX571856:sccmec_saures_BX571856_l59260_62 (length 315)
PROKKA_BX571856/PROKKA_BX571856:sccmec_saures_BX571856_l59260_63 (length 157)

DiscRep_ALL:DISC_SOURCE_QUALS_ASNDISC::strain (all present, all unique)
DiscRep_SUB:DISC_SOURCE_QUALS_ASNDISC::1 sources have unique values for strain
DiscRep_ALL:DISC_SOURCE_QUALS_ASNDISC::taxname (all present, all unique)
DiscRep_SUB:DISC_SOURCE_QUALS_ASNDISC::1 sources have unique values for taxname
DiscRep_ALL:DISC_FEATURE_COUNT::gene: 63 present
DiscRep_ALL:DISC_FEATURE_COUNT::CDS: 63 present
DiscRep_ALL:DISC_FEATURE_COUNT::mRNA: 63 present
DiscRep_ALL:DISC_COUNT_NUCLEOTIDES::1 nucleotide Bioseqs are present
PROKKA_BX571856/PROKKA_BX571856:sccmec_saures_BX571856_l59260 (length 59260)

DiscRep_ALL:OVERLAPPING_GENES::12 genes overlap another gene on the same strand.
PROKKA_BX571856/PROKKA_BX571856:Gene	mecR1	sccmec_saures_BX571856_l59260:13468-15123	BX571856_SCCmec_00017
PROKKA_BX571856/PROKKA_BX571856:Gene	mecI	sccmec_saures_BX571856_l59260:15123-15467	BX571856_SCCmec_00018
PROKKA_BX571856/PROKKA_BX571856:Gene	xerC_1	sccmec_saures_BX571856_l59260:c26297-24405	BX571856_SCCmec_00030
PROKKA_BX571856/PROKKA_BX571856:Gene	xerC_2	sccmec_saures_BX571856_l59260:c27379-26294	BX571856_SCCmec_00031
PROKKA_BX571856/PROKKA_BX571856:Gene	BX571856_SCCmec_00038	sccmec_saures_BX571856_l59260:c34652-32859	BX571856_SCCmec_00038
PROKKA_BX571856/PROKKA_BX571856:Gene	BX571856_SCCmec_00039	sccmec_saures_BX571856_l59260:c34948-34652	BX571856_SCCmec_00039
PROKKA_BX571856/PROKKA_BX571856:Gene	BX571856_SCCmec_00042	sccmec_saures_BX571856_l59260:c37280-36927	BX571856_SCCmec_00042
PROKKA_BX571856/PROKKA_BX571856:Gene	BX571856_SCCmec_00043	sccmec_saures_BX571856_l59260:c37579-37265	BX571856_SCCmec_00043
PROKKA_BX571856/PROKKA_BX571856:Gene	kdpE	sccmec_saures_BX571856_l59260:c40433-39738	BX571856_SCCmec_00045
PROKKA_BX571856/PROKKA_BX571856:Gene	kdpD	sccmec_saures_BX571856_l59260:c43128-40408	BX571856_SCCmec_00046
PROKKA_BX571856/PROKKA_BX571856:Gene	kdpC_1	sccmec_saures_BX571856_l59260:47077-47439	BX571856_SCCmec_00050
PROKKA_BX571856/PROKKA_BX571856:Gene	kdpC_2	sccmec_saures_BX571856_l59260:47436-47633	BX571856_SCCmec_00051

DiscRep_ALL:OVERLAPPING_CDS::4 coding regions overlap another coding region with a similar or identical name.
DiscRep_SUB:OVERLAPPING_CDS::4 coding regions overlap another coding region with a similar or identical name that do not have the appropriate note text
PROKKA_BX571856/PROKKA_BX571856:CDS	Tyrosine recombinase XerC	sccmec_saures_BX571856_l59260:c26297-24405	BX571856_SCCmec_00030
PROKKA_BX571856/PROKKA_BX571856:CDS	Tyrosine recombinase XerC	sccmec_saures_BX571856_l59260:c27379-26294	BX571856_SCCmec_00031
PROKKA_BX571856/PROKKA_BX571856:CDS	Potassium-transporting ATPase KdpC subunit	sccmec_saures_BX571856_l59260:47077-47439	BX571856_SCCmec_00050
PROKKA_BX571856/PROKKA_BX571856:CDS	Potassium-transporting ATPase KdpC subunit	sccmec_saures_BX571856_l59260:47436-47633	BX571856_SCCmec_00051

DiscRep_ALL:DISC_QUALITY_SCORES::Quality scores are missing on all sequences.

DiscRep_ALL:ONCALLER_COMMENT_PRESENT::1 comment descriptors were found (all same)
PROKKA_BX571856/PROKKA_BX571856:sccmec_saures_BX571856_l59260:Annotated using prokka 1.12 from https://github.com/tseemann/prokka

DiscRep_ALL:SHORT_PROT_SEQUENCES::2 protein sequences are shorter than 50 aa.
PROKKA_BX571856/PROKKA_BX571856:sccmec_saures_BX571856_l59260_7 (length 29)
PROKKA_BX571856/PROKKA_BX571856:sccmec_saures_BX571856_l59260_47 (length 47)

DiscRep_ALL:MISSING_GENOMEASSEMBLY_COMMENTS::1 bioseqs are missing GenomeAssembly structured comments
PROKKA_BX571856/PROKKA_BX571856:sccmec_saures_BX571856_l59260 (length 59260)

DiscRep_ALL:MOLTYPE_NOT_MRNA::1 molecule types are not set as mRNA.
PROKKA_BX571856/PROKKA_BX571856:sccmec_saures_BX571856_l59260 (length 59260)

DiscRep_ALL:TECHNIQUE_NOT_TSA::1 technique are not set as TSA
PROKKA_BX571856/PROKKA_BX571856:sccmec_saures_BX571856_l59260 (length 59260)

DiscRep_ALL:MISSING_STRUCTURED_COMMENT::1 sequences do not include structured comments.
PROKKA_BX571856/PROKKA_BX571856:sccmec_saures_BX571856_l59260 (length 59260)

DiscRep_ALL:MISSING_PROJECT::64 sequences do not include project.
PROKKA_BX571856/PROKKA_BX571856:sccmec_saures_BX571856_l59260 (length 59260)
PROKKA_BX571856/PROKKA_BX571856:sccmec_saures_BX571856_l59260_1 (length 159)
PROKKA_BX571856/PROKKA_BX571856:sccmec_saures_BX571856_l59260_2 (length 431)
PROKKA_BX571856/PROKKA_BX571856:sccmec_saures_BX571856_l59260_3 (length 79)
PROKKA_BX571856/PROKKA_BX571856:sccmec_saures_BX571856_l59260_4 (length 224)
PROKKA_BX571856/PROKKA_BX571856:sccmec_saures_BX571856_l59260_5 (length 65)
PROKKA_BX571856/PROKKA_BX571856:sccmec_saures_BX571856_l59260_6 (length 264)
PROKKA_BX571856/PROKKA_BX571856:sccmec_saures_BX571856_l59260_7 (length 29)
PROKKA_BX571856/PROKKA_BX571856:sccmec_saures_BX571856_l59260_8 (length 420)
PROKKA_BX571856/PROKKA_BX571856:sccmec_saures_BX571856_l59260_9 (length 132)
PROKKA_BX571856/PROKKA_BX571856:sccmec_saures_BX571856_l59260_10 (length 256)
PROKKA_BX571856/PROKKA_BX571856:sccmec_saures_BX571856_l59260_11 (length 224)
PROKKA_BX571856/PROKKA_BX571856:sccmec_saures_BX571856_l59260_12 (length 55)
PROKKA_BX571856/PROKKA_BX571856:sccmec_saures_BX571856_l59260_13 (length 69)
PROKKA_BX571856/PROKKA_BX571856:sccmec_saures_BX571856_l59260_14 (length 247)
PROKKA_BX571856/PROKKA_BX571856:sccmec_saures_BX571856_l59260_15 (length 142)
PROKKA_BX571856/PROKKA_BX571856:sccmec_saures_BX571856_l59260_16 (length 668)
PROKKA_BX571856/PROKKA_BX571856:sccmec_saures_BX571856_l59260_17 (length 551)
PROKKA_BX571856/PROKKA_BX571856:sccmec_saures_BX571856_l59260_18 (length 114)
PROKKA_BX571856/PROKKA_BX571856:sccmec_saures_BX571856_l59260_19 (length 70)
PROKKA_BX571856/PROKKA_BX571856:sccmec_saures_BX571856_l59260_20 (length 369)
PROKKA_BX571856/PROKKA_BX571856:sccmec_saures_BX571856_l59260_21 (length 101)
PROKKA_BX571856/PROKKA_BX571856:sccmec_saures_BX571856_l59260_22 (length 312)
PROKKA_BX571856/PROKKA_BX571856:sccmec_saures_BX571856_l59260_23 (length 354)
PROKKA_BX571856/PROKKA_BX571856:sccmec_saures_BX571856_l59260_24 (length 86)
PROKKA_BX571856/PROKKA_BX571856:sccmec_saures_BX571856_l59260_25 (length 209)
PROKKA_BX571856/PROKKA_BX571856:sccmec_saures_BX571856_l59260_26 (length 220)
PROKKA_BX571856/PROKKA_BX571856:sccmec_saures_BX571856_l59260_27 (length 243)
PROKKA_BX571856/PROKKA_BX571856:sccmec_saures_BX571856_l59260_28 (length 260)
PROKKA_BX571856/PROKKA_BX571856:sccmec_saures_BX571856_l59260_29 (length 125)
PROKKA_BX571856/PROKKA_BX571856:sccmec_saures_BX571856_l59260_30 (length 630)
PROKKA_BX571856/PROKKA_BX571856:sccmec_saures_BX571856_l59260_31 (length 361)
PROKKA_BX571856/PROKKA_BX571856:sccmec_saures_BX571856_l59260_32 (length 105)
PROKKA_BX571856/PROKKA_BX571856:sccmec_saures_BX571856_l59260_33 (length 168)
PROKKA_BX571856/PROKKA_BX571856:sccmec_saures_BX571856_l59260_34 (length 103)
PROKKA_BX571856/PROKKA_BX571856:sccmec_saures_BX571856_l59260_35 (length 116)
PROKKA_BX571856/PROKKA_BX571856:sccmec_saures_BX571856_l59260_36 (length 542)
PROKKA_BX571856/PROKKA_BX571856:sccmec_saures_BX571856_l59260_37 (length 455)
PROKKA_BX571856/PROKKA_BX571856:sccmec_saures_BX571856_l59260_38 (length 597)
PROKKA_BX571856/PROKKA_BX571856:sccmec_saures_BX571856_l59260_39 (length 98)
PROKKA_BX571856/PROKKA_BX571856:sccmec_saures_BX571856_l59260_40 (length 348)
PROKKA_BX571856/PROKKA_BX571856:sccmec_saures_BX571856_l59260_41 (length 140)
PROKKA_BX571856/PROKKA_BX571856:sccmec_saures_BX571856_l59260_42 (length 117)
PROKKA_BX571856/PROKKA_BX571856:sccmec_saures_BX571856_l59260_43 (length 104)
PROKKA_BX571856/PROKKA_BX571856:sccmec_saures_BX571856_l59260_44 (length 300)
PROKKA_BX571856/PROKKA_BX571856:sccmec_saures_BX571856_l59260_45 (length 231)
PROKKA_BX571856/PROKKA_BX571856:sccmec_saures_BX571856_l59260_46 (length 906)
PROKKA_BX571856/PROKKA_BX571856:sccmec_saures_BX571856_l59260_47 (length 47)
PROKKA_BX571856/PROKKA_BX571856:sccmec_saures_BX571856_l59260_48 (length 558)
PROKKA_BX571856/PROKKA_BX571856:sccmec_saures_BX571856_l59260_49 (length 673)
PROKKA_BX571856/PROKKA_BX571856:sccmec_saures_BX571856_l59260_50 (length 120)
PROKKA_BX571856/PROKKA_BX571856:sccmec_saures_BX571856_l59260_51 (length 65)
PROKKA_BX571856/PROKKA_BX571856:sccmec_saures_BX571856_l59260_52 (length 289)
PROKKA_BX571856/PROKKA_BX571856:sccmec_saures_BX571856_l59260_53 (length 298)
PROKKA_BX571856/PROKKA_BX571856:sccmec_saures_BX571856_l59260_54 (length 124)
PROKKA_BX571856/PROKKA_BX571856:sccmec_saures_BX571856_l59260_55 (length 95)
PROKKA_BX571856/PROKKA_BX571856:sccmec_saures_BX571856_l59260_56 (length 208)
PROKKA_BX571856/PROKKA_BX571856:sccmec_saures_BX571856_l59260_57 (length 502)
PROKKA_BX571856/PROKKA_BX571856:sccmec_saures_BX571856_l59260_58 (length 689)
PROKKA_BX571856/PROKKA_BX571856:sccmec_saures_BX571856_l59260_59 (length 99)
PROKKA_BX571856/PROKKA_BX571856:sccmec_saures_BX571856_l59260_60 (length 268)
PROKKA_BX571856/PROKKA_BX571856:sccmec_saures_BX571856_l59260_61 (length 171)
PROKKA_BX571856/PROKKA_BX571856:sccmec_saures_BX571856_l59260_62 (length 315)
PROKKA_BX571856/PROKKA_BX571856:sccmec_saures_BX571856_l59260_63 (length 157)

DiscRep_ALL:DISC_INCONSISTENT_MOLINFO_TECH::Molinfo Technique Report (some missing, all same)
DiscRep_SUB:DISC_INCONSISTENT_MOLINFO_TECH::technique (all missing)
DiscRep_SUB:DISC_INCONSISTENT_MOLINFO_TECH::1 Molinfos are missing field technique
PROKKA_BX571856/PROKKA_BX571856:sccmec_saures_BX571856_l59260 (length 59260)

