[17:09:38] This is prokka 1.12
[17:09:38] Written by Torsten Seemann <torsten.seemann@gmail.com>
[17:09:38] Homepage is https://github.com/tseemann/prokka
[17:09:38] Local time is Mon May 15 17:09:38 2017
[17:09:38] You are fsepulveda
[17:09:38] Operating system is linux
[17:09:38] You have BioPerl 1.006924
[17:09:38] System has 4 cores.
[17:09:38] Option --cpu asked for 8 cores, but system only has 4
[17:09:38] Will use maximum of 4 cores.
[17:09:38] Annotating as >>> Bacteria <<<
[17:09:38] Creating new output folder: PROKKA_CP014435
[17:09:38] Running: mkdir -p PROKKA_CP014435
[17:09:38] Using filename prefix: PROKKA_CP014435.XXX
[17:09:38] Setting HMMER_NCPU=1
[17:09:38] Writing log to: PROKKA_CP014435/PROKKA_CP014435.log
[17:09:38] Command: /home/fsepulveda/Desktop/tesis/sccmec_classification/prokka-1.12/bin/prokka --genus Staphylococcus --prefix PROKKA_CP014435 --addgenes --addmrna --locustag CP014435_SCCmec /home/fsepulveda/Documents/parte2/229_sccmec/sccmec_CP014435.fasta
[17:09:38] Appending to PATH: /home/fsepulveda/Desktop/tesis/sccmec_classification/prokka-1.12/bin/../binaries/linux
[17:09:38] Appending to PATH: /home/fsepulveda/Desktop/tesis/sccmec_classification/prokka-1.12/bin/../binaries/linux/../common
[17:09:38] Appending to PATH: /home/fsepulveda/Desktop/tesis/sccmec_classification/prokka-1.12/bin
[17:09:38] Looking for 'aragorn' - found /home/fsepulveda/Desktop/tesis/sccmec_classification/prokka-1.12/bin/../binaries/linux/aragorn
[17:09:38] Determined aragorn version is 1.2
[17:09:38] Looking for 'blastp' - found /usr/bin/blastp
[17:09:38] Determined blastp version is 2.2
[17:09:38] Looking for 'cmpress' - found /usr/bin/cmpress
[17:09:38] Determined cmpress version is 1.1
[17:09:38] Looking for 'cmscan' - found /usr/bin/cmscan
[17:09:38] Determined cmscan version is 1.1
[17:09:38] Looking for 'egrep' - found /bin/egrep
[17:09:38] Looking for 'find' - found /usr/bin/find
[17:09:38] Looking for 'grep' - found /bin/grep
[17:09:38] Looking for 'hmmpress' - found /usr/bin/hmmpress
[17:09:38] Determined hmmpress version is 3.1
[17:09:38] Looking for 'hmmscan' - found /usr/bin/hmmscan
[17:09:38] Determined hmmscan version is 3.1
[17:09:38] Looking for 'java' - found /usr/bin/java
[17:09:38] Looking for 'less' - found /usr/bin/less
[17:09:38] Looking for 'makeblastdb' - found /usr/bin/makeblastdb
[17:09:38] Determined makeblastdb version is 2.2
[17:09:38] Looking for 'minced' - found /home/fsepulveda/Desktop/tesis/sccmec_classification/prokka-1.12/bin/../binaries/linux/../common/minced
[17:09:38] Determined minced version is 2.0
[17:09:38] Looking for 'parallel' - found /home/fsepulveda/Desktop/tesis/sccmec_classification/prokka-1.12/bin/../binaries/linux/../common/parallel
[17:09:38] Determined parallel version is 20150122
[17:09:38] Looking for 'prodigal' - found /home/fsepulveda/Desktop/tesis/sccmec_classification/prokka-1.12/bin/../binaries/linux/prodigal
[17:09:38] Determined prodigal version is 2.6
[17:09:38] Looking for 'prokka-genbank_to_fasta_db' - found /home/fsepulveda/Desktop/tesis/sccmec_classification/prokka-1.12/bin/prokka-genbank_to_fasta_db
[17:09:38] Looking for 'sed' - found /bin/sed
[17:09:38] Looking for 'tbl2asn' - found /home/fsepulveda/Desktop/tesis/sccmec_classification/prokka-1.12/bin/../binaries/linux/tbl2asn
[17:09:38] Determined tbl2asn version is 25.3
[17:09:38] Using genetic code table 11.
[17:09:38] Loading and checking input file: /home/fsepulveda/Documents/parte2/229_sccmec/sccmec_CP014435.fasta
[17:09:38] Wrote 1 contigs totalling 55046 bp.
[17:09:38] Predicting tRNAs and tmRNAs
[17:09:38] Running: aragorn -l -gc11  -w PROKKA_CP014435\/PROKKA_CP014435\.fna
[17:09:38] Found 0 tRNAs
[17:09:38] Predicting Ribosomal RNAs
[17:09:38] You need either Barrnap or RNAmmer installed to predict rRNAs!
[17:09:38] Skipping ncRNA search, enable with --rfam if desired.
[17:09:38] Total of 0 tRNA + rRNA features
[17:09:38] Searching for CRISPR repeats
[17:09:38] Found 0 CRISPRs
[17:09:38] Predicting coding sequences
[17:09:38] Contigs total 55046 bp, so using meta mode
[17:09:38] Running: prodigal -i PROKKA_CP014435\/PROKKA_CP014435\.fna -c -m -g 11 -p meta -f sco -q
[17:09:38] Found 56 CDS
[17:09:38] Connecting features back to sequences
[17:09:38] Not using genus-specific database. Try --usegenus to enable it.
[17:09:38] Annotating CDS, please be patient.
[17:09:38] Will use 4 CPUs for similarity searching.
[17:09:38] There are still 56 unannotated CDS left (started with 56)
[17:09:38] Will use blast to search against /home/fsepulveda/Desktop/tesis/sccmec_classification/prokka-1.12/bin/../db/kingdom/Bacteria/sprot with 4 CPUs
[17:09:38] Running: cat PROKKA_CP014435\/sprot\.faa | parallel --gnu --plain -j 4 --block 1812 --recstart '>' --pipe blastp -query - -db /home/fsepulveda/Desktop/tesis/sccmec_classification/prokka-1.12/bin/../db/kingdom/Bacteria/sprot -evalue 1e-06 -num_threads 1 -num_descriptions 1 -num_alignments 1 -seg no > PROKKA_CP014435\/sprot\.blast 2> /dev/null
[17:09:40] Deleting unwanted file: PROKKA_CP014435/sprot.faa
[17:09:40] Deleting unwanted file: PROKKA_CP014435/sprot.blast
[17:09:40] There are still 33 unannotated CDS left (started with 56)
[17:09:40] Will use hmmer3 to search against /home/fsepulveda/Desktop/tesis/sccmec_classification/prokka-1.12/bin/../db/hmm/HAMAP.hmm with 4 CPUs
[17:09:40] Running: cat PROKKA_CP014435\/HAMAP\.hmm\.faa | parallel --gnu --plain -j 4 --block 817 --recstart '>' --pipe hmmscan --noali --notextw --acc -E 1e-06 --cpu 1 /home/fsepulveda/Desktop/tesis/sccmec_classification/prokka-1.12/bin/../db/hmm/HAMAP.hmm /dev/stdin > PROKKA_CP014435\/HAMAP\.hmm\.hmmer3 2> /dev/null
[17:09:41] Deleting unwanted file: PROKKA_CP014435/HAMAP.hmm.faa
[17:09:41] Deleting unwanted file: PROKKA_CP014435/HAMAP.hmm.hmmer3
[17:09:41] Labelling remaining 32 proteins as 'hypothetical protein'
[17:09:41] Possible /pseudo 'DNA-invertase hin' at sccmec_saures_CP014435_l55046 position 13831
[17:09:41] Found 22 unique /gene codes.
[17:09:41] Fixed 2 duplicate /gene - hin_1 hin_2
[17:09:41] Fixed 1 colliding /gene names.
[17:09:41] Adding /locus_tag identifiers
[17:09:41] Assigned 56 locus_tags to CDS and RNA features.
[17:09:41] Writing outputs to PROKKA_CP014435/
[17:09:41] Generating annotation statistics file
[17:09:41] Generating Genbank and Sequin files
[17:09:41] Running: tbl2asn -V b -a r10k -l paired-ends -M n -N 1 -y 'Annotated using prokka 1.12 from https://github.com/tseemann/prokka' -Z PROKKA_CP014435\/PROKKA_CP014435\.err -i PROKKA_CP014435\/PROKKA_CP014435\.fsa 2> /dev/null
[17:09:41] Deleting unwanted file: PROKKA_CP014435/errorsummary.val
[17:09:41] Deleting unwanted file: PROKKA_CP014435/PROKKA_CP014435.dr
[17:09:41] Deleting unwanted file: PROKKA_CP014435/PROKKA_CP014435.fixedproducts
[17:09:41] Deleting unwanted file: PROKKA_CP014435/PROKKA_CP014435.ecn
[17:09:41] Deleting unwanted file: PROKKA_CP014435/PROKKA_CP014435.val
[17:09:41] Repairing broken .GBK output that tbl2asn produces...
[17:09:41] Running: sed 's/COORDINATES: profile/COORDINATES:profile/' < PROKKA_CP014435\/PROKKA_CP014435\.gbf > PROKKA_CP014435\/PROKKA_CP014435\.gbk
[17:09:41] Deleting unwanted file: PROKKA_CP014435/PROKKA_CP014435.gbf
[17:09:41] Output files:
[17:09:41] PROKKA_CP014435/PROKKA_CP014435.fna
[17:09:41] PROKKA_CP014435/PROKKA_CP014435.gbk
[17:09:41] PROKKA_CP014435/PROKKA_CP014435.txt
[17:09:41] PROKKA_CP014435/PROKKA_CP014435.gff
[17:09:41] PROKKA_CP014435/PROKKA_CP014435.fsa
[17:09:41] PROKKA_CP014435/PROKKA_CP014435.err
[17:09:41] PROKKA_CP014435/PROKKA_CP014435.tbl
[17:09:41] PROKKA_CP014435/PROKKA_CP014435.faa
[17:09:41] PROKKA_CP014435/PROKKA_CP014435.tsv
[17:09:41] PROKKA_CP014435/PROKKA_CP014435.sqn
[17:09:41] PROKKA_CP014435/PROKKA_CP014435.ffn
[17:09:41] PROKKA_CP014435/PROKKA_CP014435.log
[17:09:41] Annotation finished successfully.
[17:09:41] Walltime used: 0.05 minutes
[17:09:41] If you use this result please cite the Prokka paper:
[17:09:41] Seemann T (2014) Prokka: rapid prokaryotic genome annotation. Bioinformatics. 30(14):2068-9.
[17:09:41] Type 'prokka --citation' for more details.
[17:09:41] Share and enjoy!
