Discrepancy Report Results

Summary
FATAL: BAD_LOCUS_TAG_FORMAT:56 locus tags are incorrectly formatted.
FATAL: MISSING_PROTEIN_ID:56 proteins have invalid IDs.
DISC_SOURCE_QUALS_ASNDISC:strain (all present, all unique)
DISC_SOURCE_QUALS_ASNDISC:taxname (all present, all unique)
DISC_FEATURE_COUNT:gene: 56 present
DISC_FEATURE_COUNT:CDS: 56 present
DISC_FEATURE_COUNT:mRNA: 56 present
DISC_COUNT_NUCLEOTIDES:1 nucleotide Bioseqs are present
OVERLAPPING_GENES:10 genes overlap another gene on the same strand.
OVERLAPPING_CDS:2 coding regions overlap another coding region with a similar or identical name.
DISC_QUALITY_SCORES:Quality scores are missing on all sequences.
ONCALLER_COMMENT_PRESENT:1 comment descriptors were found (all same)
SHORT_PROT_SEQUENCES:2 protein sequences are shorter than 50 aa.
MISSING_GENOMEASSEMBLY_COMMENTS:1 bioseqs are missing GenomeAssembly structured comments
MOLTYPE_NOT_MRNA:1 molecule types are not set as mRNA.
TECHNIQUE_NOT_TSA:1 technique are not set as TSA
MISSING_STRUCTURED_COMMENT:1 sequences do not include structured comments.
MISSING_PROJECT:57 sequences do not include project.
DISC_INCONSISTENT_MOLINFO_TECH:Molinfo Technique Report (some missing, all same)


Detailed Report

FATAL: DiscRep_ALL:BAD_LOCUS_TAG_FORMAT::56 locus tags are incorrectly formatted.
PROKKA_BA000018/PROKKA_BA000018:Gene	rlmH	sccmec_saures_BA000018_l53465:1-480	BA000018_SCCmec_00001
PROKKA_BA000018/PROKKA_BA000018:Gene	BA000018_SCCmec_00002	sccmec_saures_BA000018_l53465:763-2058	BA000018_SCCmec_00002
PROKKA_BA000018/PROKKA_BA000018:Gene	BA000018_SCCmec_00003	sccmec_saures_BA000018_l53465:2473-2712	BA000018_SCCmec_00003
PROKKA_BA000018/PROKKA_BA000018:Gene	BA000018_SCCmec_00004	sccmec_saures_BA000018_l53465:c3418-2744	BA000018_SCCmec_00004
PROKKA_BA000018/PROKKA_BA000018:Gene	BA000018_SCCmec_00005	sccmec_saures_BA000018_l53465:c3706-3509	BA000018_SCCmec_00005
PROKKA_BA000018/PROKKA_BA000018:Gene	BA000018_SCCmec_00006	sccmec_saures_BA000018_l53465:c4513-3719	BA000018_SCCmec_00006
PROKKA_BA000018/PROKKA_BA000018:Gene	BA000018_SCCmec_00007	sccmec_saures_BA000018_l53465:4666-4755	BA000018_SCCmec_00007
PROKKA_BA000018/PROKKA_BA000018:Gene	pre	sccmec_saures_BA000018_l53465:c5999-4737	BA000018_SCCmec_00008
PROKKA_BA000018/PROKKA_BA000018:Gene	ble	sccmec_saures_BA000018_l53465:c6904-6506	BA000018_SCCmec_00009
PROKKA_BA000018/PROKKA_BA000018:Gene	knt	sccmec_saures_BA000018_l53465:c7897-7127	BA000018_SCCmec_00010
PROKKA_BA000018/PROKKA_BA000018:Gene	BA000018_SCCmec_00011	sccmec_saures_BA000018_l53465:c8764-8090	BA000018_SCCmec_00011
PROKKA_BA000018/PROKKA_BA000018:Gene	BA000018_SCCmec_00012	sccmec_saures_BA000018_l53465:9022-9189	BA000018_SCCmec_00012
PROKKA_BA000018/PROKKA_BA000018:Gene	BA000018_SCCmec_00013	sccmec_saures_BA000018_l53465:9287-9517	BA000018_SCCmec_00013
PROKKA_BA000018/PROKKA_BA000018:Gene	ugpQ	sccmec_saures_BA000018_l53465:10026-10769	BA000018_SCCmec_00014
PROKKA_BA000018/PROKKA_BA000018:Gene	paaZ	sccmec_saures_BA000018_l53465:10866-11294	BA000018_SCCmec_00015
PROKKA_BA000018/PROKKA_BA000018:Gene	pbp	sccmec_saures_BA000018_l53465:c13346-11340	BA000018_SCCmec_00016
PROKKA_BA000018/PROKKA_BA000018:Gene	mecR1	sccmec_saures_BA000018_l53465:13548-15203	BA000018_SCCmec_00017
PROKKA_BA000018/PROKKA_BA000018:Gene	mecI	sccmec_saures_BA000018_l53465:15203-15574	BA000018_SCCmec_00018
PROKKA_BA000018/PROKKA_BA000018:Gene	BA000018_SCCmec_00019	sccmec_saures_BA000018_l53465:15675-15887	BA000018_SCCmec_00019
PROKKA_BA000018/PROKKA_BA000018:Gene	nagC	sccmec_saures_BA000018_l53465:16082-17191	BA000018_SCCmec_00020
PROKKA_BA000018/PROKKA_BA000018:Gene	pspE_1	sccmec_saures_BA000018_l53465:c17610-17305	BA000018_SCCmec_00021
PROKKA_BA000018/PROKKA_BA000018:Gene	gloC	sccmec_saures_BA000018_l53465:c18639-17701	BA000018_SCCmec_00022
PROKKA_BA000018/PROKKA_BA000018:Gene	pspE_2	sccmec_saures_BA000018_l53465:c19736-18672	BA000018_SCCmec_00023
PROKKA_BA000018/PROKKA_BA000018:Gene	csoR	sccmec_saures_BA000018_l53465:19872-20132	BA000018_SCCmec_00024
PROKKA_BA000018/PROKKA_BA000018:Gene	BA000018_SCCmec_00025	sccmec_saures_BA000018_l53465:20147-20776	BA000018_SCCmec_00025
PROKKA_BA000018/PROKKA_BA000018:Gene	ycgJ	sccmec_saures_BA000018_l53465:c21777-21115	BA000018_SCCmec_00026
PROKKA_BA000018/PROKKA_BA000018:Gene	ermA1	sccmec_saures_BA000018_l53465:22311-23042	BA000018_SCCmec_00027
PROKKA_BA000018/PROKKA_BA000018:Gene	ant1	sccmec_saures_BA000018_l53465:c23950-23168	BA000018_SCCmec_00028
PROKKA_BA000018/PROKKA_BA000018:Gene	BA000018_SCCmec_00029	sccmec_saures_BA000018_l53465:c24478-24101	BA000018_SCCmec_00029
PROKKA_BA000018/PROKKA_BA000018:Gene	xerC_1	sccmec_saures_BA000018_l53465:c26377-24485	BA000018_SCCmec_00030
PROKKA_BA000018/PROKKA_BA000018:Gene	xerC_2	sccmec_saures_BA000018_l53465:c27459-26374	BA000018_SCCmec_00031
PROKKA_BA000018/PROKKA_BA000018:Gene	BA000018_SCCmec_00032	sccmec_saures_BA000018_l53465:c27895-27578	BA000018_SCCmec_00032
PROKKA_BA000018/PROKKA_BA000018:Gene	BA000018_SCCmec_00033	sccmec_saures_BA000018_l53465:c28422-27916	BA000018_SCCmec_00033
PROKKA_BA000018/PROKKA_BA000018:Gene	BA000018_SCCmec_00034	sccmec_saures_BA000018_l53465:c28751-28440	BA000018_SCCmec_00034
PROKKA_BA000018/PROKKA_BA000018:Gene	BA000018_SCCmec_00035	sccmec_saures_BA000018_l53465:c29188-28838	BA000018_SCCmec_00035
PROKKA_BA000018/PROKKA_BA000018:Gene	hin_1	sccmec_saures_BA000018_l53465:c31334-29706	BA000018_SCCmec_00036
PROKKA_BA000018/PROKKA_BA000018:Gene	hin_2	sccmec_saures_BA000018_l53465:c32723-31356	BA000018_SCCmec_00037
PROKKA_BA000018/PROKKA_BA000018:Gene	BA000018_SCCmec_00038	sccmec_saures_BA000018_l53465:c34732-32939	BA000018_SCCmec_00038
PROKKA_BA000018/PROKKA_BA000018:Gene	BA000018_SCCmec_00039	sccmec_saures_BA000018_l53465:c35028-34732	BA000018_SCCmec_00039
PROKKA_BA000018/PROKKA_BA000018:Gene	BA000018_SCCmec_00040	sccmec_saures_BA000018_l53465:c36267-35221	BA000018_SCCmec_00040
PROKKA_BA000018/PROKKA_BA000018:Gene	BA000018_SCCmec_00041	sccmec_saures_BA000018_l53465:c36940-36518	BA000018_SCCmec_00041
PROKKA_BA000018/PROKKA_BA000018:Gene	BA000018_SCCmec_00042	sccmec_saures_BA000018_l53465:c37360-37007	BA000018_SCCmec_00042
PROKKA_BA000018/PROKKA_BA000018:Gene	BA000018_SCCmec_00043	sccmec_saures_BA000018_l53465:c37659-37345	BA000018_SCCmec_00043
PROKKA_BA000018/PROKKA_BA000018:Gene	BA000018_SCCmec_00044	sccmec_saures_BA000018_l53465:c39072-38170	BA000018_SCCmec_00044
PROKKA_BA000018/PROKKA_BA000018:Gene	kdpE	sccmec_saures_BA000018_l53465:c40513-39818	BA000018_SCCmec_00045
PROKKA_BA000018/PROKKA_BA000018:Gene	kdpD	sccmec_saures_BA000018_l53465:c43079-40488	BA000018_SCCmec_00046
PROKKA_BA000018/PROKKA_BA000018:Gene	BA000018_SCCmec_00047	sccmec_saures_BA000018_l53465:c43352-43209	BA000018_SCCmec_00047
PROKKA_BA000018/PROKKA_BA000018:Gene	kdpA	sccmec_saures_BA000018_l53465:43425-45101	BA000018_SCCmec_00048
PROKKA_BA000018/PROKKA_BA000018:Gene	kdpB	sccmec_saures_BA000018_l53465:45120-47141	BA000018_SCCmec_00049
PROKKA_BA000018/PROKKA_BA000018:Gene	kdpC	sccmec_saures_BA000018_l53465:47195-47560	BA000018_SCCmec_00050
PROKKA_BA000018/PROKKA_BA000018:Gene	BA000018_SCCmec_00051	sccmec_saures_BA000018_l53465:c49128-48259	BA000018_SCCmec_00051
PROKKA_BA000018/PROKKA_BA000018:Gene	BA000018_SCCmec_00052	sccmec_saures_BA000018_l53465:c50034-49138	BA000018_SCCmec_00052
PROKKA_BA000018/PROKKA_BA000018:Gene	BA000018_SCCmec_00053	sccmec_saures_BA000018_l53465:c50608-50234	BA000018_SCCmec_00053
PROKKA_BA000018/PROKKA_BA000018:Gene	BA000018_SCCmec_00054	sccmec_saures_BA000018_l53465:c51063-50776	BA000018_SCCmec_00054
PROKKA_BA000018/PROKKA_BA000018:Gene	BA000018_SCCmec_00055	sccmec_saures_BA000018_l53465:c51779-51153	BA000018_SCCmec_00055
PROKKA_BA000018/PROKKA_BA000018:Gene	prkC	sccmec_saures_BA000018_l53465:51894-53402	BA000018_SCCmec_00056

FATAL: DiscRep_ALL:MISSING_PROTEIN_ID::56 proteins have invalid IDs.
PROKKA_BA000018/PROKKA_BA000018:sccmec_saures_BA000018_l53465_1 (length 159)
PROKKA_BA000018/PROKKA_BA000018:sccmec_saures_BA000018_l53465_2 (length 431)
PROKKA_BA000018/PROKKA_BA000018:sccmec_saures_BA000018_l53465_3 (length 79)
PROKKA_BA000018/PROKKA_BA000018:sccmec_saures_BA000018_l53465_4 (length 224)
PROKKA_BA000018/PROKKA_BA000018:sccmec_saures_BA000018_l53465_5 (length 65)
PROKKA_BA000018/PROKKA_BA000018:sccmec_saures_BA000018_l53465_6 (length 264)
PROKKA_BA000018/PROKKA_BA000018:sccmec_saures_BA000018_l53465_7 (length 29)
PROKKA_BA000018/PROKKA_BA000018:sccmec_saures_BA000018_l53465_8 (length 420)
PROKKA_BA000018/PROKKA_BA000018:sccmec_saures_BA000018_l53465_9 (length 132)
PROKKA_BA000018/PROKKA_BA000018:sccmec_saures_BA000018_l53465_10 (length 256)
PROKKA_BA000018/PROKKA_BA000018:sccmec_saures_BA000018_l53465_11 (length 224)
PROKKA_BA000018/PROKKA_BA000018:sccmec_saures_BA000018_l53465_12 (length 55)
PROKKA_BA000018/PROKKA_BA000018:sccmec_saures_BA000018_l53465_13 (length 76)
PROKKA_BA000018/PROKKA_BA000018:sccmec_saures_BA000018_l53465_14 (length 247)
PROKKA_BA000018/PROKKA_BA000018:sccmec_saures_BA000018_l53465_15 (length 142)
PROKKA_BA000018/PROKKA_BA000018:sccmec_saures_BA000018_l53465_16 (length 668)
PROKKA_BA000018/PROKKA_BA000018:sccmec_saures_BA000018_l53465_17 (length 551)
PROKKA_BA000018/PROKKA_BA000018:sccmec_saures_BA000018_l53465_18 (length 123)
PROKKA_BA000018/PROKKA_BA000018:sccmec_saures_BA000018_l53465_19 (length 70)
PROKKA_BA000018/PROKKA_BA000018:sccmec_saures_BA000018_l53465_20 (length 369)
PROKKA_BA000018/PROKKA_BA000018:sccmec_saures_BA000018_l53465_21 (length 101)
PROKKA_BA000018/PROKKA_BA000018:sccmec_saures_BA000018_l53465_22 (length 312)
PROKKA_BA000018/PROKKA_BA000018:sccmec_saures_BA000018_l53465_23 (length 354)
PROKKA_BA000018/PROKKA_BA000018:sccmec_saures_BA000018_l53465_24 (length 86)
PROKKA_BA000018/PROKKA_BA000018:sccmec_saures_BA000018_l53465_25 (length 209)
PROKKA_BA000018/PROKKA_BA000018:sccmec_saures_BA000018_l53465_26 (length 220)
PROKKA_BA000018/PROKKA_BA000018:sccmec_saures_BA000018_l53465_27 (length 243)
PROKKA_BA000018/PROKKA_BA000018:sccmec_saures_BA000018_l53465_28 (length 260)
PROKKA_BA000018/PROKKA_BA000018:sccmec_saures_BA000018_l53465_29 (length 125)
PROKKA_BA000018/PROKKA_BA000018:sccmec_saures_BA000018_l53465_30 (length 630)
PROKKA_BA000018/PROKKA_BA000018:sccmec_saures_BA000018_l53465_31 (length 361)
PROKKA_BA000018/PROKKA_BA000018:sccmec_saures_BA000018_l53465_32 (length 105)
PROKKA_BA000018/PROKKA_BA000018:sccmec_saures_BA000018_l53465_33 (length 168)
PROKKA_BA000018/PROKKA_BA000018:sccmec_saures_BA000018_l53465_34 (length 103)
PROKKA_BA000018/PROKKA_BA000018:sccmec_saures_BA000018_l53465_35 (length 116)
PROKKA_BA000018/PROKKA_BA000018:sccmec_saures_BA000018_l53465_36 (length 542)
PROKKA_BA000018/PROKKA_BA000018:sccmec_saures_BA000018_l53465_37 (length 455)
PROKKA_BA000018/PROKKA_BA000018:sccmec_saures_BA000018_l53465_38 (length 597)
PROKKA_BA000018/PROKKA_BA000018:sccmec_saures_BA000018_l53465_39 (length 98)
PROKKA_BA000018/PROKKA_BA000018:sccmec_saures_BA000018_l53465_40 (length 348)
PROKKA_BA000018/PROKKA_BA000018:sccmec_saures_BA000018_l53465_41 (length 140)
PROKKA_BA000018/PROKKA_BA000018:sccmec_saures_BA000018_l53465_42 (length 117)
PROKKA_BA000018/PROKKA_BA000018:sccmec_saures_BA000018_l53465_43 (length 104)
PROKKA_BA000018/PROKKA_BA000018:sccmec_saures_BA000018_l53465_44 (length 300)
PROKKA_BA000018/PROKKA_BA000018:sccmec_saures_BA000018_l53465_45 (length 231)
PROKKA_BA000018/PROKKA_BA000018:sccmec_saures_BA000018_l53465_46 (length 863)
PROKKA_BA000018/PROKKA_BA000018:sccmec_saures_BA000018_l53465_47 (length 47)
PROKKA_BA000018/PROKKA_BA000018:sccmec_saures_BA000018_l53465_48 (length 558)
PROKKA_BA000018/PROKKA_BA000018:sccmec_saures_BA000018_l53465_49 (length 673)
PROKKA_BA000018/PROKKA_BA000018:sccmec_saures_BA000018_l53465_50 (length 121)
PROKKA_BA000018/PROKKA_BA000018:sccmec_saures_BA000018_l53465_51 (length 289)
PROKKA_BA000018/PROKKA_BA000018:sccmec_saures_BA000018_l53465_52 (length 298)
PROKKA_BA000018/PROKKA_BA000018:sccmec_saures_BA000018_l53465_53 (length 124)
PROKKA_BA000018/PROKKA_BA000018:sccmec_saures_BA000018_l53465_54 (length 95)
PROKKA_BA000018/PROKKA_BA000018:sccmec_saures_BA000018_l53465_55 (length 208)
PROKKA_BA000018/PROKKA_BA000018:sccmec_saures_BA000018_l53465_56 (length 502)

DiscRep_ALL:DISC_SOURCE_QUALS_ASNDISC::strain (all present, all unique)
DiscRep_SUB:DISC_SOURCE_QUALS_ASNDISC::1 sources have unique values for strain
DiscRep_ALL:DISC_SOURCE_QUALS_ASNDISC::taxname (all present, all unique)
DiscRep_SUB:DISC_SOURCE_QUALS_ASNDISC::1 sources have unique values for taxname
DiscRep_ALL:DISC_FEATURE_COUNT::gene: 56 present
DiscRep_ALL:DISC_FEATURE_COUNT::CDS: 56 present
DiscRep_ALL:DISC_FEATURE_COUNT::mRNA: 56 present
DiscRep_ALL:DISC_COUNT_NUCLEOTIDES::1 nucleotide Bioseqs are present
PROKKA_BA000018/PROKKA_BA000018:sccmec_saures_BA000018_l53465 (length 53465)

DiscRep_ALL:OVERLAPPING_GENES::10 genes overlap another gene on the same strand.
PROKKA_BA000018/PROKKA_BA000018:Gene	mecR1	sccmec_saures_BA000018_l53465:13548-15203	BA000018_SCCmec_00017
PROKKA_BA000018/PROKKA_BA000018:Gene	mecI	sccmec_saures_BA000018_l53465:15203-15574	BA000018_SCCmec_00018
PROKKA_BA000018/PROKKA_BA000018:Gene	xerC_1	sccmec_saures_BA000018_l53465:c26377-24485	BA000018_SCCmec_00030
PROKKA_BA000018/PROKKA_BA000018:Gene	xerC_2	sccmec_saures_BA000018_l53465:c27459-26374	BA000018_SCCmec_00031
PROKKA_BA000018/PROKKA_BA000018:Gene	BA000018_SCCmec_00038	sccmec_saures_BA000018_l53465:c34732-32939	BA000018_SCCmec_00038
PROKKA_BA000018/PROKKA_BA000018:Gene	BA000018_SCCmec_00039	sccmec_saures_BA000018_l53465:c35028-34732	BA000018_SCCmec_00039
PROKKA_BA000018/PROKKA_BA000018:Gene	BA000018_SCCmec_00042	sccmec_saures_BA000018_l53465:c37360-37007	BA000018_SCCmec_00042
PROKKA_BA000018/PROKKA_BA000018:Gene	BA000018_SCCmec_00043	sccmec_saures_BA000018_l53465:c37659-37345	BA000018_SCCmec_00043
PROKKA_BA000018/PROKKA_BA000018:Gene	kdpE	sccmec_saures_BA000018_l53465:c40513-39818	BA000018_SCCmec_00045
PROKKA_BA000018/PROKKA_BA000018:Gene	kdpD	sccmec_saures_BA000018_l53465:c43079-40488	BA000018_SCCmec_00046

DiscRep_ALL:OVERLAPPING_CDS::2 coding regions overlap another coding region with a similar or identical name.
DiscRep_SUB:OVERLAPPING_CDS::2 coding regions overlap another coding region with a similar or identical name that do not have the appropriate note text
PROKKA_BA000018/PROKKA_BA000018:CDS	Tyrosine recombinase XerC	sccmec_saures_BA000018_l53465:c26377-24485	BA000018_SCCmec_00030
PROKKA_BA000018/PROKKA_BA000018:CDS	Tyrosine recombinase XerC	sccmec_saures_BA000018_l53465:c27459-26374	BA000018_SCCmec_00031

DiscRep_ALL:DISC_QUALITY_SCORES::Quality scores are missing on all sequences.

DiscRep_ALL:ONCALLER_COMMENT_PRESENT::1 comment descriptors were found (all same)
PROKKA_BA000018/PROKKA_BA000018:sccmec_saures_BA000018_l53465:Annotated using prokka 1.12 from https://github.com/tseemann/prokka

DiscRep_ALL:SHORT_PROT_SEQUENCES::2 protein sequences are shorter than 50 aa.
PROKKA_BA000018/PROKKA_BA000018:sccmec_saures_BA000018_l53465_7 (length 29)
PROKKA_BA000018/PROKKA_BA000018:sccmec_saures_BA000018_l53465_47 (length 47)

DiscRep_ALL:MISSING_GENOMEASSEMBLY_COMMENTS::1 bioseqs are missing GenomeAssembly structured comments
PROKKA_BA000018/PROKKA_BA000018:sccmec_saures_BA000018_l53465 (length 53465)

DiscRep_ALL:MOLTYPE_NOT_MRNA::1 molecule types are not set as mRNA.
PROKKA_BA000018/PROKKA_BA000018:sccmec_saures_BA000018_l53465 (length 53465)

DiscRep_ALL:TECHNIQUE_NOT_TSA::1 technique are not set as TSA
PROKKA_BA000018/PROKKA_BA000018:sccmec_saures_BA000018_l53465 (length 53465)

DiscRep_ALL:MISSING_STRUCTURED_COMMENT::1 sequences do not include structured comments.
PROKKA_BA000018/PROKKA_BA000018:sccmec_saures_BA000018_l53465 (length 53465)

DiscRep_ALL:MISSING_PROJECT::57 sequences do not include project.
PROKKA_BA000018/PROKKA_BA000018:sccmec_saures_BA000018_l53465 (length 53465)
PROKKA_BA000018/PROKKA_BA000018:sccmec_saures_BA000018_l53465_1 (length 159)
PROKKA_BA000018/PROKKA_BA000018:sccmec_saures_BA000018_l53465_2 (length 431)
PROKKA_BA000018/PROKKA_BA000018:sccmec_saures_BA000018_l53465_3 (length 79)
PROKKA_BA000018/PROKKA_BA000018:sccmec_saures_BA000018_l53465_4 (length 224)
PROKKA_BA000018/PROKKA_BA000018:sccmec_saures_BA000018_l53465_5 (length 65)
PROKKA_BA000018/PROKKA_BA000018:sccmec_saures_BA000018_l53465_6 (length 264)
PROKKA_BA000018/PROKKA_BA000018:sccmec_saures_BA000018_l53465_7 (length 29)
PROKKA_BA000018/PROKKA_BA000018:sccmec_saures_BA000018_l53465_8 (length 420)
PROKKA_BA000018/PROKKA_BA000018:sccmec_saures_BA000018_l53465_9 (length 132)
PROKKA_BA000018/PROKKA_BA000018:sccmec_saures_BA000018_l53465_10 (length 256)
PROKKA_BA000018/PROKKA_BA000018:sccmec_saures_BA000018_l53465_11 (length 224)
PROKKA_BA000018/PROKKA_BA000018:sccmec_saures_BA000018_l53465_12 (length 55)
PROKKA_BA000018/PROKKA_BA000018:sccmec_saures_BA000018_l53465_13 (length 76)
PROKKA_BA000018/PROKKA_BA000018:sccmec_saures_BA000018_l53465_14 (length 247)
PROKKA_BA000018/PROKKA_BA000018:sccmec_saures_BA000018_l53465_15 (length 142)
PROKKA_BA000018/PROKKA_BA000018:sccmec_saures_BA000018_l53465_16 (length 668)
PROKKA_BA000018/PROKKA_BA000018:sccmec_saures_BA000018_l53465_17 (length 551)
PROKKA_BA000018/PROKKA_BA000018:sccmec_saures_BA000018_l53465_18 (length 123)
PROKKA_BA000018/PROKKA_BA000018:sccmec_saures_BA000018_l53465_19 (length 70)
PROKKA_BA000018/PROKKA_BA000018:sccmec_saures_BA000018_l53465_20 (length 369)
PROKKA_BA000018/PROKKA_BA000018:sccmec_saures_BA000018_l53465_21 (length 101)
PROKKA_BA000018/PROKKA_BA000018:sccmec_saures_BA000018_l53465_22 (length 312)
PROKKA_BA000018/PROKKA_BA000018:sccmec_saures_BA000018_l53465_23 (length 354)
PROKKA_BA000018/PROKKA_BA000018:sccmec_saures_BA000018_l53465_24 (length 86)
PROKKA_BA000018/PROKKA_BA000018:sccmec_saures_BA000018_l53465_25 (length 209)
PROKKA_BA000018/PROKKA_BA000018:sccmec_saures_BA000018_l53465_26 (length 220)
PROKKA_BA000018/PROKKA_BA000018:sccmec_saures_BA000018_l53465_27 (length 243)
PROKKA_BA000018/PROKKA_BA000018:sccmec_saures_BA000018_l53465_28 (length 260)
PROKKA_BA000018/PROKKA_BA000018:sccmec_saures_BA000018_l53465_29 (length 125)
PROKKA_BA000018/PROKKA_BA000018:sccmec_saures_BA000018_l53465_30 (length 630)
PROKKA_BA000018/PROKKA_BA000018:sccmec_saures_BA000018_l53465_31 (length 361)
PROKKA_BA000018/PROKKA_BA000018:sccmec_saures_BA000018_l53465_32 (length 105)
PROKKA_BA000018/PROKKA_BA000018:sccmec_saures_BA000018_l53465_33 (length 168)
PROKKA_BA000018/PROKKA_BA000018:sccmec_saures_BA000018_l53465_34 (length 103)
PROKKA_BA000018/PROKKA_BA000018:sccmec_saures_BA000018_l53465_35 (length 116)
PROKKA_BA000018/PROKKA_BA000018:sccmec_saures_BA000018_l53465_36 (length 542)
PROKKA_BA000018/PROKKA_BA000018:sccmec_saures_BA000018_l53465_37 (length 455)
PROKKA_BA000018/PROKKA_BA000018:sccmec_saures_BA000018_l53465_38 (length 597)
PROKKA_BA000018/PROKKA_BA000018:sccmec_saures_BA000018_l53465_39 (length 98)
PROKKA_BA000018/PROKKA_BA000018:sccmec_saures_BA000018_l53465_40 (length 348)
PROKKA_BA000018/PROKKA_BA000018:sccmec_saures_BA000018_l53465_41 (length 140)
PROKKA_BA000018/PROKKA_BA000018:sccmec_saures_BA000018_l53465_42 (length 117)
PROKKA_BA000018/PROKKA_BA000018:sccmec_saures_BA000018_l53465_43 (length 104)
PROKKA_BA000018/PROKKA_BA000018:sccmec_saures_BA000018_l53465_44 (length 300)
PROKKA_BA000018/PROKKA_BA000018:sccmec_saures_BA000018_l53465_45 (length 231)
PROKKA_BA000018/PROKKA_BA000018:sccmec_saures_BA000018_l53465_46 (length 863)
PROKKA_BA000018/PROKKA_BA000018:sccmec_saures_BA000018_l53465_47 (length 47)
PROKKA_BA000018/PROKKA_BA000018:sccmec_saures_BA000018_l53465_48 (length 558)
PROKKA_BA000018/PROKKA_BA000018:sccmec_saures_BA000018_l53465_49 (length 673)
PROKKA_BA000018/PROKKA_BA000018:sccmec_saures_BA000018_l53465_50 (length 121)
PROKKA_BA000018/PROKKA_BA000018:sccmec_saures_BA000018_l53465_51 (length 289)
PROKKA_BA000018/PROKKA_BA000018:sccmec_saures_BA000018_l53465_52 (length 298)
PROKKA_BA000018/PROKKA_BA000018:sccmec_saures_BA000018_l53465_53 (length 124)
PROKKA_BA000018/PROKKA_BA000018:sccmec_saures_BA000018_l53465_54 (length 95)
PROKKA_BA000018/PROKKA_BA000018:sccmec_saures_BA000018_l53465_55 (length 208)
PROKKA_BA000018/PROKKA_BA000018:sccmec_saures_BA000018_l53465_56 (length 502)

DiscRep_ALL:DISC_INCONSISTENT_MOLINFO_TECH::Molinfo Technique Report (some missing, all same)
DiscRep_SUB:DISC_INCONSISTENT_MOLINFO_TECH::technique (all missing)
DiscRep_SUB:DISC_INCONSISTENT_MOLINFO_TECH::1 Molinfos are missing field technique
PROKKA_BA000018/PROKKA_BA000018:sccmec_saures_BA000018_l53465 (length 53465)

