[21:36:52] This is prokka 1.12
[21:36:52] Written by Torsten Seemann <torsten.seemann@gmail.com>
[21:36:52] Homepage is https://github.com/tseemann/prokka
[21:36:52] Local time is Sun Apr 16 21:36:52 2017
[21:36:52] You are fsepulveda
[21:36:52] Operating system is linux
[21:36:52] You have BioPerl 1.006924
[21:36:52] System has 4 cores.
[21:36:52] Option --cpu asked for 8 cores, but system only has 4
[21:36:52] Will use maximum of 4 cores.
[21:36:52] Annotating as >>> Bacteria <<<
[21:36:52] Enabling options to ensure Genbank/ENA/DDJB submission compliance.
[21:36:52] Creating new output folder: /home/fsepulveda/Desktop/test_script/output_sa9275_contigs/output_prokka
[21:36:52] Running: mkdir -p \/home\/fsepulveda\/Desktop\/test_script\/output_sa9275_contigs\/output_prokka
[21:36:52] Using filename prefix: PROKKA_04162017.XXX
[21:36:52] Setting HMMER_NCPU=1
[21:36:52] Writing log to: /home/fsepulveda/Desktop/test_script/output_sa9275_contigs/output_prokka/PROKKA_04162017.log
[21:36:52] Command: /home/fsepulveda/Desktop/tesis/sccmec_classification/prokka-1.12/bin/prokka --kingdom Bacteria --outdir /home/fsepulveda/Desktop/test_script/output_sa9275_contigs/output_prokka --quiet --genus Staphylococcus --locustag saureus --centre 10 --compliant /home/fsepulveda/Desktop/test_script/input/sa9275_contigs.fasta
[21:36:52] Appending to PATH: /home/fsepulveda/Desktop/tesis/sccmec_classification/prokka-1.12/bin/../binaries/linux
[21:36:52] Appending to PATH: /home/fsepulveda/Desktop/tesis/sccmec_classification/prokka-1.12/bin/../binaries/linux/../common
[21:36:52] Appending to PATH: /home/fsepulveda/Desktop/tesis/sccmec_classification/prokka-1.12/bin
[21:36:52] Looking for 'aragorn' - found /home/fsepulveda/Desktop/tesis/sccmec_classification/prokka-1.12/bin/../binaries/linux/aragorn
[21:36:52] Determined aragorn version is 1.2
[21:36:52] Looking for 'blastp' - found /usr/bin/blastp
[21:36:52] Determined blastp version is 2.2
[21:36:52] Looking for 'cmpress' - found /usr/bin/cmpress
[21:36:52] Determined cmpress version is 1.1
[21:36:52] Looking for 'cmscan' - found /usr/bin/cmscan
[21:36:52] Determined cmscan version is 1.1
[21:36:52] Looking for 'egrep' - found /bin/egrep
[21:36:52] Looking for 'find' - found /usr/bin/find
[21:36:52] Looking for 'grep' - found /bin/grep
[21:36:52] Looking for 'hmmpress' - found /usr/bin/hmmpress
[21:36:52] Determined hmmpress version is 3.1
[21:36:52] Looking for 'hmmscan' - found /usr/bin/hmmscan
[21:36:52] Determined hmmscan version is 3.1
[21:36:52] Looking for 'java' - found /usr/bin/java
[21:36:52] Looking for 'less' - found /usr/bin/less
[21:36:52] Looking for 'makeblastdb' - found /usr/bin/makeblastdb
[21:36:52] Determined makeblastdb version is 2.2
[21:36:52] Looking for 'minced' - found /home/fsepulveda/Desktop/tesis/sccmec_classification/prokka-1.12/bin/../binaries/linux/../common/minced
[21:36:52] Determined minced version is 2.0
[21:36:52] Looking for 'parallel' - found /home/fsepulveda/Desktop/tesis/sccmec_classification/prokka-1.12/bin/../binaries/linux/../common/parallel
[21:36:52] Determined parallel version is 20150122
[21:36:52] Looking for 'prodigal' - found /home/fsepulveda/Desktop/tesis/sccmec_classification/prokka-1.12/bin/../binaries/linux/prodigal
[21:36:52] Determined prodigal version is 2.6
[21:36:52] Looking for 'prokka-genbank_to_fasta_db' - found /home/fsepulveda/Desktop/tesis/sccmec_classification/prokka-1.12/bin/prokka-genbank_to_fasta_db
[21:36:52] Looking for 'sed' - found /bin/sed
[21:36:52] Looking for 'tbl2asn' - found /home/fsepulveda/Desktop/tesis/sccmec_classification/prokka-1.12/bin/../binaries/linux/tbl2asn
[21:36:52] Determined tbl2asn version is 25.3
[21:36:52] Using genetic code table 11.
[21:36:52] Loading and checking input file: /home/fsepulveda/Desktop/test_script/input/sa9275_contigs.fasta
[21:36:52] Skipping short (<200 bp) contig: Sa9275_NODE_155_length_183_cov_47.9107_ID_309
[21:36:52] Skipping short (<200 bp) contig: Sa9275_NODE_156_length_181_cov_24.3333_ID_311
[21:36:52] Skipping short (<200 bp) contig: Sa9275_NODE_157_length_176_cov_179.204_ID_313
[21:36:52] Skipping short (<200 bp) contig: Sa9275_NODE_158_length_172_cov_3.04444_ID_315
[21:36:52] Skipping short (<200 bp) contig: Sa9275_NODE_159_length_171_cov_5.29545_ID_317
[21:36:52] Skipping short (<200 bp) contig: Sa9275_NODE_160_length_157_cov_91.2667_ID_319
[21:36:52] Skipping short (<200 bp) contig: Sa9275_NODE_161_length_140_cov_60.6923_ID_321
[21:36:52] Skipping short (<200 bp) contig: Sa9275_NODE_162_length_137_cov_13.8_ID_323
[21:36:52] Skipping short (<200 bp) contig: Sa9275_NODE_163_length_136_cov_3.11111_ID_325
[21:36:52] Skipping short (<200 bp) contig: Sa9275_NODE_164_length_130_cov_7_ID_327
[21:36:52] Skipping short (<200 bp) contig: Sa9275_NODE_165_length_130_cov_125.667_ID_329
[21:36:52] Skipping short (<200 bp) contig: Sa9275_NODE_166_length_128_cov_442_ID_331
[21:36:52] Wrote 154 contigs totalling 2821131 bp.
[21:36:52] Predicting tRNAs and tmRNAs
[21:36:52] Running: aragorn -l -gc11  -w \/home\/fsepulveda\/Desktop\/test_script\/output_sa9275_contigs\/output_prokka\/PROKKA_04162017\.fna
[21:36:53] 1 tRNA-Asp c[186,258] 34 (gtc)
[21:36:53] 2 tRNA-Glu c[266,340] 34 (ttc)
[21:36:53] 1 tRNA-Asn [137,211] 33 (gtt)
[21:36:53] 2 tRNA-Glu [212,285] 35 (ttc)
[21:36:53] 3 tRNA-Val [292,367] 34 (tac)
[21:36:53] 4 tRNA-Tyr [397,480] 35 (gta)
[21:36:53] 5 tRNA-Gln [490,564] 33 (ttg)
[21:36:53] 6 tRNA-Lys [568,641] 34 (ttt)
[21:36:53] 7 tRNA-Leu [108182,108264] 34 (gag)
[21:36:53] 8 tRNA-Gly [108286,108359] 33 (tcc)
[21:36:53] 1 tRNA-Ser [52046,52138] 37 (tga)
[21:36:53] 1 tRNA-Val [37658,37733] 34 (tac)
[21:36:53] 2 tRNA-Thr [37750,37825] 34 (tgt)
[21:36:53] 3 tRNA-Lys [37831,37905] 35 (ttt)
[21:36:53] 4 tRNA-Gly [37938,38012] 33 (gcc)
[21:36:53] 5 tRNA-Leu [38020,38108] 35 (taa)
[21:36:53] 6 tRNA-Arg [38114,38190] 35 (acg)
[21:36:53] 7 tRNA-Pro [38211,38284] 35 (tgg)
[21:36:53] 8 tRNA-Ala [38308,38383] 34 (tgc)
[21:36:53] 1 tRNA-Val [138,213] 34 (tac)
[21:36:53] 2 tRNA-Thr [230,305] 34 (tgt)
[21:36:53] 3 tRNA-Lys [311,386] 34 (ttt)
[21:36:53] 4 tRNA-Leu [389,472] 36 (tag)
[21:36:53] 5 tRNA-Gly [475,549] 33 (gcc)
[21:36:53] 6 tRNA-Leu [560,648] 35 (taa)
[21:36:53] 7 tRNA-Arg [666,741] 36 (acg)
[21:36:53] 8 tRNA-Pro [750,823] 35 (tgg)
[21:36:53] 9 tRNA-Ala [841,916] 34 (tgc)
[21:36:53] 10 tRNA-Met [938,1012] 35 (cat)
[21:36:53] 11 tRNA-Met [1040,1113] 35 (cat)
[21:36:53] 12 tRNA-Ser [1122,1213] 38 (tga)
[21:36:53] 13 tRNA-Asp [1223,1298] 34 (gtc)
[21:36:53] 14 tRNA-Ser [1337,1429] 37 (tga)
[21:36:53] 15 tRNA-Met [1443,1518] 36 (cat)
[21:36:53] 16 tRNA-Asp [1527,1602] 34 (gtc)
[21:36:53] 17 tRNA-Phe [1620,1694] 35 (gaa)
[21:36:53] 18 tRNA-Thr [1701,1776] 34 (tgt)
[21:36:53] 19 tRNA-Tyr [1781,1863] 36 (gta)
[21:36:53] 20 tRNA-Trp [1878,1951] 33 (cca)
[21:36:53] 21 tRNA-His [1954,2027] 34 (gtg)
[21:36:53] 22 tRNA-Gln [2038,2109] 33 (ttg)
[21:36:53] 23 tRNA-Cys [2115,2188] 33 (gca)
[21:36:53] 24 tRNA-Gly [2196,2270] 34 (tcc)
[21:36:53] 25 tRNA-Gly [2286,2360] 34 (tcc)
[21:36:53] 26 tRNA-Gly [2374,2448] 34 (tcc)
[21:36:53] 27 tRNA-Leu [2487,2570] 35 (caa)
[21:36:53] 28 tRNA-Met [34835,34908] 35 (cat)
[21:36:53] 29 tRNA-Asp [34930,35005] 34 (gtc)
[21:36:53] 30 tRNA-Phe [35022,35094] 34 (gaa)
[21:36:53] 31 tRNA-His [35108,35183] 34 (gtg)
[21:36:53] 32 tRNA-Gly [35199,35272] 33 (tcc)
[21:36:53] 33 tRNA-Asn [35287,35361] 33 (gtt)
[21:36:53] 34 tRNA-Glu [35362,35435] 35 (ttc)
[21:36:53] 35 tRNA-Ser [35489,35577] 36 (gga)
[21:36:53] 1 tmRNA c[1002,1360] 94,129 GKSNNNFAVAA*
[21:36:53] 2 tRNA-Arg [17605,17677] 34 (ccg)
[21:36:53] 1 tRNA-Asn [3944,4018] 33 (gtt)
[21:36:53] 2 tRNA-Ser [4020,4110] 37 (gct)
[21:36:53] 1 tRNA-Arg c[193,268] 36 (tct)
[21:36:53] 1 tRNA-Ala c[122,197] 34 (tgc)
[21:36:53] 2 tRNA-Ile c[216,292] 35 (gat)
[21:36:53] 1 tRNA-Ile c[122,198] 35 (gat)
[21:36:53] Found 62 tRNAs
[21:36:53] Predicting Ribosomal RNAs
[21:36:53] You need either Barrnap or RNAmmer installed to predict rRNAs!
[21:36:53] Skipping ncRNA search, enable with --rfam if desired.
[21:36:53] Total of 61 tRNA + rRNA features
[21:36:53] Searching for CRISPR repeats
[21:36:53] Found 0 CRISPRs
[21:36:53] Predicting coding sequences
[21:36:53] Contigs total 2821131 bp, so using single mode
[21:36:53] Running: prodigal -i \/home\/fsepulveda\/Desktop\/test_script\/output_sa9275_contigs\/output_prokka\/PROKKA_04162017\.fna -c -m -g 11 -p single -f sco -q
[21:36:56] Excluding CDS which overlaps existing RNA (tRNA) at gnl|10|saureus_23:35540..35653 on - strand
[21:36:56] Found 2588 CDS
[21:36:56] Connecting features back to sequences
[21:36:56] Not using genus-specific database. Try --usegenus to enable it.
[21:36:56] Annotating CDS, please be patient.
[21:36:56] Will use 4 CPUs for similarity searching.
[21:36:57] There are still 2588 unannotated CDS left (started with 2588)
[21:36:57] Will use blast to search against /home/fsepulveda/Desktop/tesis/sccmec_classification/prokka-1.12/bin/../db/kingdom/Bacteria/sprot with 4 CPUs
[21:36:57] Running: cat \/home\/fsepulveda\/Desktop\/test_script\/output_sa9275_contigs\/output_prokka\/sprot\.faa | parallel --gnu --plain -j 4 --block 99301 --recstart '>' --pipe blastp -query - -db /home/fsepulveda/Desktop/tesis/sccmec_classification/prokka-1.12/bin/../db/kingdom/Bacteria/sprot -evalue 1e-06 -num_threads 1 -num_descriptions 1 -num_alignments 1 -seg no > \/home\/fsepulveda\/Desktop\/test_script\/output_sa9275_contigs\/output_prokka\/sprot\.blast 2> /dev/null
[21:37:46] Modify product: Uncharacterized ABC transporter ATP-binding protein TM_0288 => putative ABC transporter ATP-binding protein
[21:37:46] Modify product: Putative multidrug export ATP-binding/permease protein SA1683 => Putative multidrug export ATP-binding/permease protein
[21:37:46] Modify product: Probable formate transporter 1 => putative formate transporter 1
[21:37:46] Modify product: Uncharacterized ABC transporter permease Rv0072 => putative ABC transporter permease
[21:37:47] Modify product: Uncharacterized HTH-type transcriptional regulator YbbH => putative HTH-type transcriptional regulator YbbH
[21:37:47] Modify product: Uncharacterized oxidoreductase SpyM50865 => putative oxidoreductase
[21:37:47] Modify product: Probable licABCH operon regulator => putative licABCH operon regulator
[21:37:47] Modify product: NAD(P)H-dependent FAD/FMN reductase GTNG_3158 => NAD(P)H-dependent FAD/FMN reductase
[21:37:47] Modify product: Probable iron uptake system component EfeM => putative iron uptake system component EfeM
[21:37:47] Modify product: Probable deferrochelatase/peroxidase EfeN => putative deferrochelatase/peroxidase EfeN
[21:37:47] Modify product: Probable acetyl-CoA acyltransferase => putative acetyl-CoA acyltransferase
[21:37:47] Modify product: Uncharacterized MscS family protein YkuT => putative MscS family protein YkuT
[21:37:47] Modify product: Putative lipid kinase SA0681 => Putative lipid kinase
[21:37:47] Modify product: Probable siderophore transport system ATP-binding protein YusV => putative siderophore transport system ATP-binding protein YusV
[21:37:47] Modify product: Uncharacterized ABC transporter solute-binding protein YclQ => putative ABC transporter solute-binding protein YclQ
[21:37:47] Modify product: Probable undecaprenyl-phosphate N-acetylglucosaminyl 1-phosphate transferase => putative undecaprenyl-phosphate N-acetylglucosaminyl 1-phosphate transferase
[21:37:47] Modify product: DegV domain-containing protein SA0704 => DegV domain-containing protein
[21:37:47] Modify product: Probable sulfoacetate transporter SauU => putative sulfoacetate transporter SauU
[21:37:47] Modify product: Uncharacterized membrane protein Rv0364 => putative membrane protein
[21:37:47] Modify product: Uncharacterized ABC transporter ATP-binding protein YxlF => putative ABC transporter ATP-binding protein YxlF
[21:37:47] Modify product: Putative NAD(P)H nitroreductase SA2311 => Putative NAD(P)H nitroreductase
[21:37:47] Modify product: Probable peptide export ATP-binding protein YydI => putative peptide export ATP-binding protein YydI
[21:37:47] Modify product: Probable peptide export permease protein YydJ => putative peptide export permease protein YydJ
[21:37:47] Modify product: Uncharacterized inner membrane transporter YicL => putative inner membrane transporter YicL
[21:37:47] Modify product: Putative esterase aq_1494 => Putative esterase
[21:37:47] Modify product: Putative acetyltransferase SACOL2570 => Putative acetyltransferase
[21:37:47] Modify product: Probable transglycosylase IsaA => putative transglycosylase IsaA
[21:37:47] Modify product: Uncharacterized hydrolase SA2367 => putative hydrolase
[21:37:47] Modify product: Uncharacterized PIN and TRAM-domain containing protein YacL => putative PIN and TRAM-domain containing protein YacL
[21:37:47] Modify product: Ribosome-associated protein L7Ae-like => Ribosome-associated protein L7Ae-like protein
[21:37:47] Modify product: Uncharacterized hydrolase YxeP => putative hydrolase YxeP
[21:37:47] Modify product: Uncharacterized epimerase/dehydratase SA0511 => putative epimerase/dehydratase
[21:37:47] Modify product: Probable branched-chain-amino-acid aminotransferase => putative branched-chain-amino-acid aminotransferase
[21:37:47] Modify product: Probable N-acetyl-alpha-D-glucosaminyl L-malate deacetylase 2 => putative N-acetyl-alpha-D-glucosaminyl L-malate deacetylase 2
[21:37:47] Modify product: Uncharacterized AAA domain-containing protein Rv2559c => putative AAA domain-containing protein
[21:37:47] Modify product: Putative O-methyltransferase MSMEG_5073/MSMEI_4947 => Putative O-methyltransferase/MSMEI_4947
[21:37:47] Modify product: Uncharacterized protease YdcP => putative protease YdcP
[21:37:47] Modify product: Uncharacterized protease YdcP => putative protease YdcP
[21:37:47] Modify product: Probable ABC transporter permease protein HI_1471 => putative ABC transporter permease protein
[21:37:47] Modify product: Uncharacterized beta-barrel protein YwiB => putative beta-barrel protein YwiB
[21:37:47] Modify product: Uncharacterized lipoprotein SAOUHSC_00053 => putative lipoprotein
[21:37:47] Modify product: Uncharacterized lipoprotein SAOUHSC_00052 => putative lipoprotein
[21:37:47] Modify product: Uncharacterized lipoprotein SA0397 => putative lipoprotein
[21:37:47] Modify product: Probable D-methionine-binding lipoprotein MetQ => putative D-methionine-binding lipoprotein MetQ
[21:37:47] Modify product: Nucleoid-associated protein SA0437 => Nucleoid-associated protein
[21:37:47] Modify product: Uncharacterized oxidoreductase SpyM50865 => putative oxidoreductase
[21:37:47] Modify product: Putative esterase PA1618 => Putative esterase
[21:37:47] Modify product: NADH dehydrogenase-like protein SA0802 => NADH dehydrogenase-like protein
[21:37:47] Modify product: Probable iron export permease protein FetB => putative iron export permease protein FetB
[21:37:47] Modify product: Probable iron export ATP-binding protein FetA => putative iron export ATP-binding protein FetA
[21:37:47] Modify product: Uncharacterized lipoprotein YehR => putative lipoprotein YehR
[21:37:47] Modify product: Uncharacterized oxidoreductase SA2266 => putative oxidoreductase
[21:37:47] Modify product: Uncharacterized lipoprotein SA2273 => putative lipoprotein
[21:37:47] Modify product: Uncharacterized lipoprotein SA2273 => putative lipoprotein
[21:37:47] Modify product: Uncharacterized lipoprotein SA2273 => putative lipoprotein
[21:37:47] Modify product: Uncharacterized lipoprotein SA2273 => putative lipoprotein
[21:37:47] Modify product: Uncharacterized lipoprotein SA2273 => putative lipoprotein
[21:37:47] Modify product: Probable antitoxin YezG => putative antitoxin YezG
[21:37:47] Modify product: Probable antitoxin YezG => putative antitoxin YezG
[21:37:47] Modify product: Probable antitoxin YezG => putative antitoxin YezG
[21:37:47] Modify product: Probable antitoxin YezG => putative antitoxin YezG
[21:37:47] Modify product: Probable antitoxin YezG => putative antitoxin YezG
[21:37:47] Modify product: Probable antitoxin YezG => putative antitoxin YezG
[21:37:47] Modify product: Probable antitoxin YezG => putative antitoxin YezG
[21:37:47] Modify product: Probable antitoxin YezG => putative antitoxin YezG
[21:37:47] Modify product: Probable antitoxin YezG => putative antitoxin YezG
[21:37:47] Modify product: Probable antitoxin YezG => putative antitoxin YezG
[21:37:47] Modify product: Uncharacterized ABC transporter ATP-binding protein YxlF => putative ABC transporter ATP-binding protein YxlF
[21:37:47] Modify product: Probable glucose uptake protein GlcU => putative glucose uptake protein GlcU
[21:37:47] Modify product: Uncharacterized HTH-type transcriptional regulator YydK => putative HTH-type transcriptional regulator YydK
[21:37:47] Modify product: Uncharacterized glycosyltransferase EpsJ => putative glycosyltransferase EpsJ
[21:37:47] Modify product: Probable 3-hydroxyacyl-CoA dehydrogenase => putative 3-hydroxyacyl-CoA dehydrogenase
[21:37:47] Modify product: Uncharacterized sensor-like histidine kinase SACOL0202 => putative sensor-like histidine kinase
[21:37:47] Modify product: Uncharacterized response regulatory protein SACOL0201 => putative response regulatory protein
[21:37:47] Modify product: Uncharacterized lipoprotein SAOUHSC_00053 => putative lipoprotein
[21:37:47] Modify product: Uncharacterized HTH-type transcriptional regulator YbbH => putative HTH-type transcriptional regulator YbbH
[21:37:47] Modify product: PTS system EIIBC component SA0186 => PTS system EIIBC component
[21:37:47] Modify product: Uncharacterized sugar transferase EpsL => putative sugar transferase EpsL
[21:37:47] Modify product: Probable siderophore biosynthesis protein SbnA => putative siderophore biosynthesis protein SbnA
[21:37:47] Modify product: Probable siderophore-binding lipoprotein YfiY => putative siderophore-binding lipoprotein YfiY
[21:37:47] Modify product: Probable siderophore transport system permease protein YfiZ => putative siderophore transport system permease protein YfiZ
[21:37:47] Modify product: Probable siderophore transport system permease protein YfhA => putative siderophore transport system permease protein YfhA
[21:37:47] Modify product: Probable poly-beta-1,6-N-acetyl-D-glucosamine export protein => putative poly-beta-1,6-N-acetyl-D-glucosamine export protein
[21:37:47] Modify product: N-acetylmuramoyl-L-alanine amidase domain-containing protein SAOUHSC_02979 => N-acetylmuramoyl-L-alanine amidase domain-containing protein
[21:37:47] Modify product: Glutathione peroxidase homolog BsaA => Glutathione peroxidase  BsaA
[21:37:47] Modify product: Probable malate:quinone oxidoreductase 2 => putative malate:quinone oxidoreductase 2
[21:37:47] Modify product: Uncharacterized amino acid permease YhdG => putative amino acid permease YhdG
[21:37:47] Modify product: Uncharacterized HTH-type transcriptional regulator YbbH => putative HTH-type transcriptional regulator YbbH
[21:37:47] Modify product: Putative formate dehydrogenase SA2102 => Putative formate dehydrogenase
[21:37:47] Modify product: Putative 2-hydroxyacid dehydrogenase SA2098 => Putative 2-hydroxyacid dehydrogenase
[21:37:47] Modify product: Urea transporter DVU1160 => Urea transporter
[21:37:47] Modify product: Probable molybdenum cofactor guanylyltransferase => putative molybdenum cofactor guanylyltransferase
[21:37:47] Modify product: Uncharacterized HTH-type transcriptional regulator SAR2349 => putative HTH-type transcriptional regulator
[21:37:47] Modify product: Probable glucose uptake protein GlcU => putative glucose uptake protein GlcU
[21:37:47] Modify product: Uncharacterized oxidoreductase MSMEG_2408/MSMEI_2347 => putative oxidoreductase/MSMEI_2347
[21:37:47] Modify product: Zinc-type alcohol dehydrogenase-like protein SA1988 => Zinc-type alcohol dehydrogenase-like protein
[21:37:47] Modify product: Uncharacterized ABC transporter ATP-binding protein YlmA => putative ABC transporter ATP-binding protein YlmA
[21:37:47] Modify product: Uncharacterized sugar epimerase YhfK => putative sugar epimerase YhfK
[21:37:47] Modify product: Probable mannose-6-phosphate isomerase GmuF => putative mannose-6-phosphate isomerase GmuF
[21:37:48] Modify product: Probable DNA-directed RNA polymerase subunit delta => putative DNA-directed RNA polymerase subunit delta
[21:37:48] Modify product: Putative aldehyde dehydrogenase SAV2122 => Putative aldehyde dehydrogenase
[21:37:48] Modify product: Probable transglycosylase SceD => putative transglycosylase SceD
[21:37:48] Modify product: Uncharacterized ABC transporter permease Rv0072 => putative ABC transporter permease
[21:37:48] Modify product: Uncharacterized HTH-type transcriptional regulator SACOL2360 => putative HTH-type transcriptional regulator
[21:37:48] Modify product: Probable malate:quinone oxidoreductase 1 => putative malate:quinone oxidoreductase 1
[21:37:48] Modify product: Uncharacterized lipoprotein SA2158 => putative lipoprotein
[21:37:48] Modify product: Probable nitrate transporter NarT => putative nitrate transporter NarT
[21:37:48] Modify product: Uncharacterized N-acetyltransferase YtmI => putative N-acetyltransferase YtmI
[21:37:48] Modify product: Probable amino-acid ABC transporter-binding protein HI_1080 => putative amino-acid ABC transporter-binding protein
[21:37:48] Modify product: Uncharacterized acyl-CoA thioester hydrolase HI_0827 => putative acyl-CoA thioester hydrolase
[21:37:48] Modify product: Probable ATP-dependent helicase DinG homolog => putative ATP-dependent helicase DinG 
[21:37:48] Modify product: Probable L-asparaginase => putative L-asparaginase
[21:37:48] Modify product: Probable cell wall hydrolase LytN => putative cell wall hydrolase LytN
[21:37:48] Modify product: Putative monooxygenase Rv1533 => Putative monooxygenase
[21:37:48] Modify product: Putative esterase aq_1494 => Putative esterase
[21:37:48] Modify product: Probable tautomerase SA1195.1 => putative tautomerase.1
[21:37:48] Modify product: Probable nicotinate-nucleotide adenylyltransferase => putative nicotinate-nucleotide adenylyltransferase
[21:37:48] Modify product: Uncharacterized ABC transporter ATP-binding protein YheS => putative ABC transporter ATP-binding protein YheS
[21:37:48] Modify product: Uncharacterized metallophosphoesterase YhaO => putative metallophosphoesterase YhaO
[21:37:48] Modify product: Putative metallophosphoesterase MG207 homolog => Putative metallophosphoesterase MG207 
[21:37:48] Modify product: Probable heme-iron transport system permease protein IsdF => putative heme-iron transport system permease protein IsdF
[21:37:48] Modify product: Phosphorylated carbohydrates phosphatase TM_1254 => Phosphorylated carbohydrates phosphatase
[21:37:48] Modify product: Uncharacterized N-acetyltransferase YjaB => putative N-acetyltransferase YjaB
[21:37:48] Modify product: Probable ATP-dependent helicase DinG homolog => putative ATP-dependent helicase DinG 
[21:37:48] Modify product: Probable tRNA-dihydrouridine synthase => putative tRNA-dihydrouridine synthase
[21:37:48] Modify product: Probable manganese-dependent inorganic pyrophosphatase => putative manganese-dependent inorganic pyrophosphatase
[21:37:48] Modify product: Uncharacterized hydrolase YxeP => putative hydrolase YxeP
[21:37:48] Modify product: Uncharacterized lipoprotein SAOUHSC_00052 => putative lipoprotein
[21:37:48] Modify product: Uncharacterized lipoprotein SAOUHSC_00053 => putative lipoprotein
[21:37:48] Modify product: Uncharacterized lipoprotein SAOUHSC_00053 => putative lipoprotein
[21:37:48] Modify product: Uncharacterized lipoprotein SAOUHSC_00053 => putative lipoprotein
[21:37:48] Modify product: Uncharacterized lipoprotein SAOUHSC_00052 => putative lipoprotein
[21:37:48] Modify product: Uncharacterized leukocidin-like protein 1 => putative leukocidin-like protein 1
[21:37:48] Modify product: TelA-like protein SA1238 => TelA-like protein
[21:37:48] Modify product: Uncharacterized hydrolase YxeP => putative hydrolase YxeP
[21:37:48] Modify product: Uncharacterized ABC transporter ATP-binding protein YbiT => putative ABC transporter ATP-binding protein YbiT
[21:37:48] Modify product: Putative phosphatase M6_Spy0533 => Putative phosphatase
[21:37:48] Modify product: Probable peptidoglycan glycosyltransferase FtsW => putative peptidoglycan glycosyltransferase FtsW
[21:37:48] Modify product: Bifunctional protein FolD => Bifunctional protein FolD protein
[21:37:48] Modify product: Probable quinol oxidase subunit 2 => putative quinol oxidase subunit 2
[21:37:48] Modify product: Probable quinol oxidase subunit 1 => putative quinol oxidase subunit 1
[21:37:48] Modify product: Probable amino-acid metabolite efflux pump => putative amino-acid metabolite efflux pump
[21:37:48] Modify product: Uncharacterized ABC transporter ATP-binding protein YxlF => putative ABC transporter ATP-binding protein YxlF
[21:37:48] Modify product: Probable type I restriction enzyme BthVORF4518P M protein => putative type I restriction enzymeP M protein
[21:37:48] Modify product: Putative multidrug export ATP-binding/permease protein SA1683 => Putative multidrug export ATP-binding/permease protein
[21:37:48] Modify product: Putative dipeptidase SACOL1801 => Putative dipeptidase
[21:37:48] Modify product: Probable succinyl-diaminopimelate desuccinylase => putative succinyl-diaminopimelate desuccinylase
[21:37:48] Modify product: Uncharacterized leukocidin-like protein 2 => putative leukocidin-like protein 2
[21:37:48] Modify product: Probable glycerophosphodiester phosphodiesterase 1 => putative glycerophosphodiester phosphodiesterase 1
[21:37:48] Modify product: DegV domain-containing protein SA1258 => DegV domain-containing protein
[21:37:48] Modify product: Probable CtpA-like serine protease => putative CtpA-like serine protease
[21:37:48] Modify product: Putative surface protein SA2285 => Putative surface protein
[21:37:48] Modify product: Uncharacterized ABC transporter ATP-binding protein YxlF => putative ABC transporter ATP-binding protein YxlF
[21:37:48] Modify product: Probable cell wall hydrolase LytN => putative cell wall hydrolase LytN
[21:37:48] Modify product: Probable quorum-quenching lactonase YtnP => putative quorum-quenching lactonase YtnP
[21:37:48] Modify product: Probable cell wall hydrolase LytN => putative cell wall hydrolase LytN
[21:37:48] Modify product: N utilization substance protein B homolog => N utilization substance protein B 
[21:37:48] Modify product: Probable adenylyltransferase/sulfurtransferase MoeZ => putative adenylyltransferase/sulfurtransferase MoeZ
[21:37:48] Modify product: Probable glycine dehydrogenase (decarboxylating) subunit 2 => putative glycine dehydrogenase (decarboxylating) subunit 2
[21:37:48] Modify product: Probable glycine dehydrogenase (decarboxylating) subunit 1 => putative glycine dehydrogenase (decarboxylating) subunit 1
[21:37:48] Modify product: Probable metallo-hydrolase M6_Spy0554 => putative metallo-hydrolase
[21:37:48] Modify product: Probable endonuclease 4 => putative endonuclease 4
[21:37:48] Modify product: Probable dual-specificity RNA methyltransferase RlmN => putative dual-specificity RNA methyltransferase RlmN
[21:37:48] Modify product: Organic hydroperoxide resistance protein-like => Organic hydroperoxide resistance protein-like protein
[21:37:48] Modify product: Glutathione peroxidase homolog BsaA => Glutathione peroxidase  BsaA
[21:37:48] Modify product: Probable tRNA sulfurtransferase => putative tRNA sulfurtransferase
[21:37:48] Modify product: Probable thiol peroxidase => putative thiol peroxidase
[21:37:48] Modify product: Putative universal stress protein SA1532 => Putative universal stress protein
[21:37:48] Modify product: Uncharacterized peptidase SA1530 => putative peptidase
[21:37:48] Modify product: Probable multidrug resistance protein EmrK => putative multidrug resistance protein EmrK
[21:37:48] Modify product: Probable transcriptional regulatory protein SA0624 => putative transcriptional regulatory protein
[21:37:48] Modify product: Putative multidrug export ATP-binding/permease protein SA1683 => Putative multidrug export ATP-binding/permease protein
[21:37:49] Modify product: Uncharacterized acyl--CoA ligase YhfT => putative acyl--CoA ligase YhfT
[21:37:49] Modify product: Uncharacterized amino acid permease YhdG => putative amino acid permease YhdG
[21:37:49] Modify product: Putative heme-dependent peroxidase SA0544 => Putative heme-dependent peroxidase
[21:37:49] Modify product: Probable pyridine nucleotide-disulfide oxidoreductase RclA => putative pyridine nucleotide-disulfide oxidoreductase RclA
[21:37:49] Modify product: Ribonuclease BC_0920 => Ribonuclease
[21:37:49] Modify product: Putative zinc metalloprotease SA1105 => Putative zinc metalloprotease
[21:37:49] Modify product: Uncharacterized oxidoreductase SA2266 => putative oxidoreductase
[21:37:49] Modify product: Uncharacterized N-acetyltransferase SA1019 => putative N-acetyltransferase
[21:37:49] Modify product: Probable protein-export membrane protein SecG => putative protein-export membrane protein SecG
[21:37:49] Modify product: Epimerase family protein SA0724 => Epimerase family protein
[21:37:49] Modify product: Nucleotide-binding protein SA0720 => Nucleotide-binding protein
[21:37:49] Modify product: Acetyltransferase SACOL1063 => Acetyltransferase
[21:37:49] Modify product: Uncharacterized ABC transporter ATP-binding protein YknY => putative ABC transporter ATP-binding protein YknY
[21:37:49] Modify product: Serine protease HtrA-like => Serine protease HtrA-like protein
[21:37:49] Modify product: Probable glycolipid permease LtaA => putative glycolipid permease LtaA
[21:37:49] Modify product: Putative phosphoesterase SA0873 => Putative phosphoesterase
[21:37:49] Modify product: Probable cysteine desulfurase => putative cysteine desulfurase
[21:37:49] Modify product: Uncharacterized ABC transporter ATP-binding protein Rv0986 => putative ABC transporter ATP-binding protein
[21:37:49] Modify product: Uncharacterized zinc protease Rv2782c => putative zinc protease
[21:37:49] Modify product: Probable transcriptional regulator PhnF => putative transcriptional regulator PhnF
[21:37:49] Modify product: Probable ribosomal protein YlxQ => putative ribosomal protein YlxQ
[21:37:49] Modify product: Probable GTP-binding protein EngB => putative GTP-binding protein EngB
[21:37:49] Modify product: Probable siderophore transport system permease protein YfiZ => putative siderophore transport system permease protein YfiZ
[21:37:49] Modify product: Probable uridylyltransferase SA1974 => putative uridylyltransferase
[21:37:49] Modify product: Probable multidrug resistance protein EmrY => putative multidrug resistance protein EmrY
[21:37:49] Modify product: Uncharacterized hydrolase YxeP => putative hydrolase YxeP
[21:37:49] Modify product: Uncharacterized oxidoreductase YghA => putative oxidoreductase YghA
[21:37:49] Cleaned 199 /product names
[21:37:49] Deleting unwanted file: /home/fsepulveda/Desktop/test_script/output_sa9275_contigs/output_prokka/sprot.faa
[21:37:49] Deleting unwanted file: /home/fsepulveda/Desktop/test_script/output_sa9275_contigs/output_prokka/sprot.blast
[21:37:49] There are still 854 unannotated CDS left (started with 2588)
[21:37:49] Will use hmmer3 to search against /home/fsepulveda/Desktop/tesis/sccmec_classification/prokka-1.12/bin/../db/hmm/HAMAP.hmm with 4 CPUs
[21:37:49] Running: cat \/home\/fsepulveda\/Desktop\/test_script\/output_sa9275_contigs\/output_prokka\/HAMAP\.hmm\.faa | parallel --gnu --plain -j 4 --block 22094 --recstart '>' --pipe hmmscan --noali --notextw --acc -E 1e-06 --cpu 1 /home/fsepulveda/Desktop/tesis/sccmec_classification/prokka-1.12/bin/../db/hmm/HAMAP.hmm /dev/stdin > \/home\/fsepulveda\/Desktop\/test_script\/output_sa9275_contigs\/output_prokka\/HAMAP\.hmm\.hmmer3 2> /dev/null
[21:38:04] Modify product: Protein SprT-like => Protein SprT-like protein
[21:38:04] Cleaned 1 /product names
[21:38:04] Deleting unwanted file: /home/fsepulveda/Desktop/test_script/output_sa9275_contigs/output_prokka/HAMAP.hmm.faa
[21:38:04] Deleting unwanted file: /home/fsepulveda/Desktop/test_script/output_sa9275_contigs/output_prokka/HAMAP.hmm.hmmer3
[21:38:04] Labelling remaining 802 proteins as 'hypothetical protein'
[21:38:04] Possible /pseudo 'putative antitoxin YezG' at gnl|10|saureus_1 position 782
[21:38:04] Possible /pseudo 'putative antitoxin YezG' at gnl|10|saureus_1 position 1293
[21:38:04] Possible /pseudo 'putative antitoxin YezG' at gnl|10|saureus_1 position 1804
[21:38:04] Possible /pseudo 'putative antitoxin YezG' at gnl|10|saureus_1 position 2315
[21:38:04] Possible /pseudo 'putative antitoxin YezG' at gnl|10|saureus_1 position 2826
[21:38:04] Possible /pseudo 'putative antitoxin YezG' at gnl|10|saureus_1 position 3337
[21:38:04] Possible /pseudo 'putative antitoxin YezG' at gnl|10|saureus_1 position 3848
[21:38:04] Possible /pseudo 'putative antitoxin YezG' at gnl|10|saureus_1 position 4359
[21:38:04] Possible /pseudo 'Glucose--fructose oxidoreductase' at gnl|10|saureus_1 position 100685
[21:38:04] Possible /pseudo 'Phosphate-import permease protein PhnE' at gnl|10|saureus_1 position 190856
[21:38:04] Possible /pseudo 'DNA-invertase hin' at gnl|10|saureus_7 position 73143
[21:38:04] Possible /pseudo 'Poly(glycerol-phosphate) alpha-glucosyltransferase' at gnl|10|saureus_9 position 63470
[21:38:04] Possible /pseudo 'putative protease YdcP' at gnl|10|saureus_10 position 53528
[21:38:04] Possible /pseudo 'Enterotoxin type A' at gnl|10|saureus_10 position 64422
[21:38:04] Possible /pseudo 'putative lipoprotein' at gnl|10|saureus_12 position 18809
[21:38:04] Possible /pseudo 'putative lipoprotein' at gnl|10|saureus_12 position 19764
[21:38:04] Possible /pseudo 'Signal peptidase IB' at gnl|10|saureus_13 position 23312
[21:38:04] Possible /pseudo 'putative lipoprotein' at gnl|10|saureus_14 position 36452
[21:38:04] Possible /pseudo 'putative lipoprotein' at gnl|10|saureus_14 position 37339
[21:38:04] Possible /pseudo 'putative lipoprotein' at gnl|10|saureus_14 position 38245
[21:38:04] Possible /pseudo 'Extracellular matrix-binding protein ebh' at gnl|10|saureus_20 position 3214
[21:38:04] Possible /pseudo '65 kDa membrane protein' at gnl|10|saureus_25 position 11128
[21:38:04] Possible /pseudo 'Putative fluoride ion transporter CrcB' at gnl|10|saureus_46 position 4734
[21:38:04] Possible /pseudo 'Plasmid recombination enzyme' at gnl|10|saureus_48 position 13258
[21:38:04] Possible /pseudo 'putative lipoprotein' at gnl|10|saureus_56 position 6545
[21:38:04] Possible /pseudo 'putative lipoprotein' at gnl|10|saureus_56 position 7380
[21:38:04] Possible /pseudo 'putative lipoprotein' at gnl|10|saureus_56 position 8214
[21:38:04] Possible /pseudo 'putative lipoprotein' at gnl|10|saureus_56 position 9036
[21:38:04] Possible /pseudo 'Antibacterial protein 3' at gnl|10|saureus_102 position 822
[21:38:04] Found 1429 unique /gene codes.
[21:38:04] Fixed 2 duplicate /gene - yitU_1 yitU_2
[21:38:04] Fixed 2 duplicate /gene - fib_1 fib_2
[21:38:04] Fixed 2 duplicate /gene - glpE_1 glpE_2
[21:38:04] Fixed 3 duplicate /gene - der_1 der_2 der_3
[21:38:04] Fixed 2 duplicate /gene - mnhD1_1 mnhD1_2
[21:38:04] Fixed 2 duplicate /gene - limB_1 limB_2
[21:38:04] Fixed 3 duplicate /gene - gph_1 gph_2 gph_3
[21:38:04] Fixed 2 duplicate /gene - natA_1 natA_2
[21:38:04] Fixed 2 duplicate /gene - bsaA_1 bsaA_2
[21:38:04] Fixed 2 duplicate /gene - metP_1 metP_2
[21:38:04] Fixed 3 duplicate /gene - bceB_1 bceB_2 bceB_3
[21:38:04] Fixed 2 duplicate /gene - gltB_1 gltB_2
[21:38:04] Fixed 2 duplicate /gene - tadA_1 tadA_2
[21:38:04] Fixed 2 duplicate /gene - ywqD_1 ywqD_2
[21:38:04] Fixed 2 duplicate /gene - spsB_1 spsB_2
[21:38:04] Fixed 3 duplicate /gene - gsiD_1 gsiD_2 gsiD_3
[21:38:04] Fixed 2 duplicate /gene - bltD_1 bltD_2
[21:38:04] Fixed 2 duplicate /gene - rpmG2_1 rpmG2_2
[21:38:04] Fixed 2 duplicate /gene - immR_1 immR_2
[21:38:04] Fixed 2 duplicate /gene - dinG_1 dinG_2
[21:38:04] Fixed 2 duplicate /gene - ysdC_1 ysdC_2
[21:38:04] Fixed 4 duplicate /gene - yxlF_1 yxlF_2 yxlF_3 yxlF_4
[21:38:04] Fixed 2 duplicate /gene - garK_1 garK_2
[21:38:04] Fixed 2 duplicate /gene - ykoD_1 ykoD_2
[21:38:04] Fixed 2 duplicate /gene - queE_1 queE_2
[21:38:04] Fixed 2 duplicate /gene - nagB_1 nagB_2
[21:38:04] Fixed 2 duplicate /gene - gpmA_1 gpmA_2
[21:38:04] Fixed 2 duplicate /gene - pepT_1 pepT_2
[21:38:04] Fixed 2 duplicate /gene - ywqE_1 ywqE_2
[21:38:04] Fixed 10 duplicate /gene - yezG_1 yezG_2 yezG_3 yezG_4 yezG_5 yezG_6 yezG_7 yezG_8 yezG_9 yezG_10
[21:38:04] Fixed 2 duplicate /gene - feuC_1 feuC_2
[21:38:04] Fixed 2 duplicate /gene - maa_1 maa_2
[21:38:04] Fixed 2 duplicate /gene - trpG_1 trpG_2
[21:38:04] Fixed 3 duplicate /gene - yciC_1 yciC_2 yciC_3
[21:38:04] Fixed 2 duplicate /gene - Int-Tn_1 Int-Tn_2
[21:38:04] Fixed 2 duplicate /gene - recQ_1 recQ_2
[21:38:04] Fixed 2 duplicate /gene - pheT_1 pheT_2
[21:38:04] Fixed 2 duplicate /gene - iscS_1 iscS_2
[21:38:04] Fixed 2 duplicate /gene - carA_1 carA_2
[21:38:04] Fixed 2 duplicate /gene - rsmH_1 rsmH_2
[21:38:04] Fixed 2 duplicate /gene - gfo_1 gfo_2
[21:38:04] Fixed 2 duplicate /gene - fruA_1 fruA_2
[21:38:04] Fixed 2 duplicate /gene - iucA_1 iucA_2
[21:38:04] Fixed 3 duplicate /gene - ybbH_1 ybbH_2 ybbH_3
[21:38:04] Fixed 2 duplicate /gene - graS_1 graS_2
[21:38:04] Fixed 2 duplicate /gene - rnmV_1 rnmV_2
[21:38:04] Fixed 2 duplicate /gene - suhB_1 suhB_2
[21:38:04] Fixed 2 duplicate /gene - rimI_1 rimI_2
[21:38:04] Fixed 2 duplicate /gene - melR_1 melR_2
[21:38:04] Fixed 2 duplicate /gene - pitA_1 pitA_2
[21:38:04] Fixed 4 duplicate /gene - yxeP_1 yxeP_2 yxeP_3 yxeP_4
[21:38:04] Fixed 2 duplicate /gene - yvgN_1 yvgN_2
[21:38:04] Fixed 2 duplicate /gene - pbpX_1 pbpX_2
[21:38:04] Fixed 2 duplicate /gene - murJ_1 murJ_2
[21:38:04] Fixed 2 duplicate /gene - yhdN_1 yhdN_2
[21:38:04] Fixed 4 duplicate /gene - ssaA2_1 ssaA2_2 ssaA2_3 ssaA2_4
[21:38:04] Fixed 2 duplicate /gene - znuC_1 znuC_2
[21:38:04] Fixed 2 duplicate /gene - arcB_1 arcB_2
[21:38:04] Fixed 2 duplicate /gene - lacC_1 lacC_2
[21:38:04] Fixed 2 duplicate /gene - xerC_1 xerC_2
[21:38:04] Fixed 2 duplicate /gene - gatC_1 gatC_2
[21:38:04] Fixed 2 duplicate /gene - phnE_1 phnE_2
[21:38:04] Fixed 2 duplicate /gene - ydcP_1 ydcP_2
[21:38:04] Fixed 2 duplicate /gene - nhaK_1 nhaK_2
[21:38:04] Fixed 5 duplicate /gene - norB_1 norB_2 norB_3 norB_4 norB_5
[21:38:04] Fixed 2 duplicate /gene - cspA_1 cspA_2
[21:38:04] Fixed 3 duplicate /gene - treR_1 treR_2 treR_3
[21:38:04] Fixed 2 duplicate /gene - nikB_1 nikB_2
[21:38:04] Fixed 2 duplicate /gene - hlb_1 hlb_2
[21:38:04] Fixed 2 duplicate /gene - mutS_1 mutS_2
[21:38:04] Fixed 2 duplicate /gene - mntH_1 mntH_2
[21:38:04] Fixed 2 duplicate /gene - bioB_1 bioB_2
[21:38:04] Fixed 2 duplicate /gene - acsA_1 acsA_2
[21:38:04] Fixed 2 duplicate /gene - czcD_1 czcD_2
[21:38:04] Fixed 2 duplicate /gene - oatA_1 oatA_2
[21:38:04] Fixed 2 duplicate /gene - glcU_1 glcU_2
[21:38:04] Fixed 2 duplicate /gene - ldhD_1 ldhD_2
[21:38:04] Fixed 2 duplicate /gene - cap8A_1 cap8A_2
[21:38:04] Fixed 2 duplicate /gene - accB_1 accB_2
[21:38:04] Fixed 2 duplicate /gene - mggB_1 mggB_2
[21:38:04] Fixed 4 duplicate /gene - atl_1 atl_2 atl_3 atl_4
[21:38:04] Fixed 3 duplicate /gene - entA_1 entA_2 entA_3
[21:38:04] Fixed 2 duplicate /gene - aldC_1 aldC_2
[21:38:04] Fixed 2 duplicate /gene - ugpQ_1 ugpQ_2
[21:38:04] Fixed 3 duplicate /gene - ssbA_1 ssbA_2 ssbA_3
[21:38:04] Fixed 2 duplicate /gene - speC_1 speC_2
[21:38:04] Fixed 2 duplicate /gene - pepA_1 pepA_2
[21:38:04] Fixed 2 duplicate /gene - mleN_1 mleN_2
[21:38:04] Fixed 2 duplicate /gene - rocD2_1 rocD2_2
[21:38:04] Fixed 2 duplicate /gene - secA_1 secA_2
[21:38:04] Fixed 2 duplicate /gene - cycA_1 cycA_2
[21:38:04] Fixed 2 duplicate /gene - metQ_1 metQ_2
[21:38:04] Fixed 2 duplicate /gene - graR_1 graR_2
[21:38:04] Fixed 2 duplicate /gene - tagE_1 tagE_2
[21:38:04] Fixed 3 duplicate /gene - hin_1 hin_2 hin_3
[21:38:04] Fixed 2 duplicate /gene - yfmC_1 yfmC_2
[21:38:04] Fixed 2 duplicate /gene - kipA_1 kipA_2
[21:38:04] Fixed 2 duplicate /gene - manR_1 manR_2
[21:38:04] Fixed 2 duplicate /gene - ssaA_1 ssaA_2
[21:38:04] Fixed 2 duplicate /gene - gloB_1 gloB_2
[21:38:04] Fixed 3 duplicate /gene - rluD_1 rluD_2 rluD_3
[21:38:04] Fixed 2 duplicate /gene - argR_1 argR_2
[21:38:04] Fixed 2 duplicate /gene - tcyC_1 tcyC_2
[21:38:04] Fixed 3 duplicate /gene - iucC_1 iucC_2 iucC_3
[21:38:04] Fixed 3 duplicate /gene - slyA_1 slyA_2 slyA_3
[21:38:04] Fixed 4 duplicate /gene - oppD_1 oppD_2 oppD_3 oppD_4
[21:38:04] Fixed 2 duplicate /gene - tetA_1 tetA_2
[21:38:04] Fixed 2 duplicate /gene - pre_1 pre_2
[21:38:04] Fixed 2 duplicate /gene - cfiB_1 cfiB_2
[21:38:04] Fixed 2 duplicate /gene - emrB_1 emrB_2
[21:38:04] Fixed 2 duplicate /gene - menG_1 menG_2
[21:38:04] Fixed 2 duplicate /gene - crcB_1 crcB_2
[21:38:04] Fixed 2 duplicate /gene - yhdG_1 yhdG_2
[21:38:04] Fixed 2 duplicate /gene - bceA_1 bceA_2
[21:38:04] Fixed 3 duplicate /gene - brnQ_1 brnQ_2 brnQ_3
[21:38:04] Fixed 2 duplicate /gene - gatB_1 gatB_2
[21:38:04] Fixed 2 duplicate /gene - tarF_1 tarF_2
[21:38:04] Fixed 2 duplicate /gene - bcr_1 bcr_2
[21:38:04] Fixed 2 duplicate /gene - gsiC_1 gsiC_2
[21:38:04] Fixed 2 duplicate /gene - fhuD_1 fhuD_2
[21:38:04] Fixed 2 duplicate /gene - yugI_1 yugI_2
[21:38:04] Fixed 3 duplicate /gene - femA_1 femA_2 femA_3
[21:38:04] Fixed 2 duplicate /gene - mnaA_1 mnaA_2
[21:38:04] Fixed 2 duplicate /gene - glpQ_1 glpQ_2
[21:38:04] Fixed 3 duplicate /gene - opuD_1 opuD_2 opuD_3
[21:38:04] Fixed 2 duplicate /gene - thrB_1 thrB_2
[21:38:04] Fixed 2 duplicate /gene - hrtA_1 hrtA_2
[21:38:04] Fixed 2 duplicate /gene - leuA_1 leuA_2
[21:38:04] Fixed 2 duplicate /gene - smc_1 smc_2
[21:38:04] Fixed 2 duplicate /gene - lexA_1 lexA_2
[21:38:04] Fixed 2 duplicate /gene - tagH_1 tagH_2
[21:38:04] Fixed 2 duplicate /gene - sufB_1 sufB_2
[21:38:04] Fixed 2 duplicate /gene - sle1_1 sle1_2
[21:38:04] Fixed 2 duplicate /gene - alr1_1 alr1_2
[21:38:04] Fixed 2 duplicate /gene - ktrB_1 ktrB_2
[21:38:04] Fixed 2 duplicate /gene - hisC_1 hisC_2
[21:38:04] Fixed 2 duplicate /gene - cynR_1 cynR_2
[21:38:04] Fixed 2 duplicate /gene - lysP_1 lysP_2
[21:38:04] Fixed 2 duplicate /gene - est_1 est_2
[21:38:04] Fixed 2 duplicate /gene - ghrB_1 ghrB_2
[21:38:04] Fixed 2 duplicate /gene - nupC_1 nupC_2
[21:38:04] Fixed 3 duplicate /gene - scn_1 scn_2 scn_3
[21:38:04] Fixed 2 duplicate /gene - cls_1 cls_2
[21:38:04] Fixed 2 duplicate /gene - ykoC_1 ykoC_2
[21:38:04] Fixed 3 duplicate /gene - lytN_1 lytN_2 lytN_3
[21:38:04] Fixed 4 duplicate /gene - ebh_1 ebh_2 ebh_3 ebh_4
[21:38:04] Fixed 3 duplicate /gene - mhqA_1 mhqA_2 mhqA_3
[21:38:04] Fixed 2 duplicate /gene - pdhC_1 pdhC_2
[21:38:04] Fixed 2 duplicate /gene - eno_1 eno_2
[21:38:04] Fixed 3 duplicate /gene - ptsG_1 ptsG_2 ptsG_3
[21:38:04] Fixed 2 duplicate /gene - xerD_1 xerD_2
[21:38:04] Fixed 2 duplicate /gene - lytM_1 lytM_2
[21:38:04] Fixed 2 duplicate /gene - tst_1 tst_2
[21:38:04] Fixed 2 duplicate /gene - lipA_1 lipA_2
[21:38:04] Fixed 2 duplicate /gene - lytR_1 lytR_2
[21:38:04] Fixed 2 duplicate /gene - murF_1 murF_2
[21:38:04] Fixed 2 duplicate /gene - yfiZ_1 yfiZ_2
[21:38:04] Fixed 2 duplicate /gene - kipI_1 kipI_2
[21:38:04] Fixed 2 duplicate /gene - oppF_1 oppF_2
[21:38:04] Fixed 2 duplicate /gene - treP_1 treP_2
[21:38:04] Fixed 2 duplicate /gene - polC_1 polC_2
[21:38:04] Fixed 2 duplicate /gene - dnaX_1 dnaX_2
[21:38:04] Fixed 2 duplicate /gene - catE_1 catE_2
[21:38:04] Fixed 2 duplicate /gene - yfkN_1 yfkN_2
[21:38:04] Fixed 2 duplicate /gene - trxA_1 trxA_2
[21:38:04] Fixed 2 duplicate /gene - feoB_1 feoB_2
[21:38:04] Fixed 2 duplicate /gene - nth_1 nth_2
[21:38:04] Fixed 2 duplicate /gene - fecD_1 fecD_2
[21:38:04] Fixed 2 duplicate /gene - lctP_1 lctP_2
[21:38:04] Fixed 2 duplicate /gene - dnaC_1 dnaC_2
[21:38:04] Fixed 2 duplicate /gene - pepF1_1 pepF1_2
[21:38:04] Fixed 2 duplicate /gene - rpsA_1 rpsA_2
[21:38:04] Fixed 172 colliding /gene names.
[21:38:04] Adding /locus_tag identifiers
[21:38:04] Assigned 2650 locus_tags to CDS and RNA features.
[21:38:04] Writing outputs to /home/fsepulveda/Desktop/test_script/output_sa9275_contigs/output_prokka/
[21:38:06] Generating annotation statistics file
[21:38:06] Generating Genbank and Sequin files
[21:38:06] Running: tbl2asn -V b -a r10k -l paired-ends -M n -N 1 -y 'Annotated using prokka 1.12 from https://github.com/tseemann/prokka' -Z \/home\/fsepulveda\/Desktop\/test_script\/output_sa9275_contigs\/output_prokka\/PROKKA_04162017\.err -i \/home\/fsepulveda\/Desktop\/test_script\/output_sa9275_contigs\/output_prokka\/PROKKA_04162017\.fsa 2> /dev/null
[21:38:12] Deleting unwanted file: /home/fsepulveda/Desktop/test_script/output_sa9275_contigs/output_prokka/errorsummary.val
[21:38:12] Deleting unwanted file: /home/fsepulveda/Desktop/test_script/output_sa9275_contigs/output_prokka/PROKKA_04162017.dr
[21:38:12] Deleting unwanted file: /home/fsepulveda/Desktop/test_script/output_sa9275_contigs/output_prokka/PROKKA_04162017.fixedproducts
[21:38:12] Deleting unwanted file: /home/fsepulveda/Desktop/test_script/output_sa9275_contigs/output_prokka/PROKKA_04162017.ecn
[21:38:12] Deleting unwanted file: /home/fsepulveda/Desktop/test_script/output_sa9275_contigs/output_prokka/PROKKA_04162017.val
[21:38:12] Repairing broken .GBK output that tbl2asn produces...
[21:38:12] Running: sed 's/COORDINATES: profile/COORDINATES:profile/' < \/home\/fsepulveda\/Desktop\/test_script\/output_sa9275_contigs\/output_prokka\/PROKKA_04162017\.gbf > \/home\/fsepulveda\/Desktop\/test_script\/output_sa9275_contigs\/output_prokka\/PROKKA_04162017\.gbk
[21:38:12] Deleting unwanted file: /home/fsepulveda/Desktop/test_script/output_sa9275_contigs/output_prokka/PROKKA_04162017.gbf
[21:38:12] Output files:
[21:38:12] /home/fsepulveda/Desktop/test_script/output_sa9275_contigs/output_prokka/PROKKA_04162017.gbk
[21:38:12] /home/fsepulveda/Desktop/test_script/output_sa9275_contigs/output_prokka/PROKKA_04162017.tsv
[21:38:12] /home/fsepulveda/Desktop/test_script/output_sa9275_contigs/output_prokka/PROKKA_04162017.err
[21:38:12] /home/fsepulveda/Desktop/test_script/output_sa9275_contigs/output_prokka/PROKKA_04162017.fsa
[21:38:12] /home/fsepulveda/Desktop/test_script/output_sa9275_contigs/output_prokka/PROKKA_04162017.ffn
[21:38:12] /home/fsepulveda/Desktop/test_script/output_sa9275_contigs/output_prokka/PROKKA_04162017.tbl
[21:38:12] /home/fsepulveda/Desktop/test_script/output_sa9275_contigs/output_prokka/PROKKA_04162017.log
[21:38:12] /home/fsepulveda/Desktop/test_script/output_sa9275_contigs/output_prokka/PROKKA_04162017.txt
[21:38:12] /home/fsepulveda/Desktop/test_script/output_sa9275_contigs/output_prokka/PROKKA_04162017.fna
[21:38:12] /home/fsepulveda/Desktop/test_script/output_sa9275_contigs/output_prokka/PROKKA_04162017.gff
[21:38:12] /home/fsepulveda/Desktop/test_script/output_sa9275_contigs/output_prokka/PROKKA_04162017.sqn
[21:38:12] /home/fsepulveda/Desktop/test_script/output_sa9275_contigs/output_prokka/PROKKA_04162017.faa
[21:38:12] Annotation finished successfully.
[21:38:12] Walltime used: 1.33 minutes
[21:38:12] If you use this result please cite the Prokka paper:
[21:38:12] Seemann T (2014) Prokka: rapid prokaryotic genome annotation. Bioinformatics. 30(14):2068-9.
[21:38:12] Type 'prokka --citation' for more details.
[21:38:12] Thank you, come again.
