Discrepancy Report Results

Summary
FATAL: BAD_LOCUS_TAG_FORMAT:56 locus tags are incorrectly formatted.
FATAL: MISSING_PROTEIN_ID:56 proteins have invalid IDs.
DISC_SOURCE_QUALS_ASNDISC:strain (all present, all unique)
DISC_SOURCE_QUALS_ASNDISC:taxname (all present, all unique)
DISC_FEATURE_COUNT:gene: 56 present
DISC_FEATURE_COUNT:CDS: 56 present
DISC_FEATURE_COUNT:mRNA: 56 present
DISC_COUNT_NUCLEOTIDES:1 nucleotide Bioseqs are present
OVERLAPPING_GENES:10 genes overlap another gene on the same strand.
OVERLAPPING_CDS:2 coding regions overlap another coding region with a similar or identical name.
DISC_QUALITY_SCORES:Quality scores are missing on all sequences.
ONCALLER_COMMENT_PRESENT:1 comment descriptors were found (all same)
SHORT_PROT_SEQUENCES:2 protein sequences are shorter than 50 aa.
MISSING_GENOMEASSEMBLY_COMMENTS:1 bioseqs are missing GenomeAssembly structured comments
MOLTYPE_NOT_MRNA:1 molecule types are not set as mRNA.
TECHNIQUE_NOT_TSA:1 technique are not set as TSA
MISSING_STRUCTURED_COMMENT:1 sequences do not include structured comments.
MISSING_PROJECT:57 sequences do not include project.
DISC_INCONSISTENT_MOLINFO_TECH:Molinfo Technique Report (some missing, all same)


Detailed Report

FATAL: DiscRep_ALL:BAD_LOCUS_TAG_FORMAT::56 locus tags are incorrectly formatted.
PROKKA_NZ_CP011685/PROKKA_NZ_CP011685:Gene	rlmH	sccmec_saures_NZ_CP011685_l53371:1-480	NZ_CP011685_SCCmec_00001
PROKKA_NZ_CP011685/PROKKA_NZ_CP011685:Gene	NZ_CP011685_SCCmec_00002	sccmec_saures_NZ_CP011685_l53371:763-2058	NZ_CP011685_SCCmec_00002
PROKKA_NZ_CP011685/PROKKA_NZ_CP011685:Gene	NZ_CP011685_SCCmec_00003	sccmec_saures_NZ_CP011685_l53371:2473-2712	NZ_CP011685_SCCmec_00003
PROKKA_NZ_CP011685/PROKKA_NZ_CP011685:Gene	NZ_CP011685_SCCmec_00004	sccmec_saures_NZ_CP011685_l53371:c3418-2744	NZ_CP011685_SCCmec_00004
PROKKA_NZ_CP011685/PROKKA_NZ_CP011685:Gene	NZ_CP011685_SCCmec_00005	sccmec_saures_NZ_CP011685_l53371:c3706-3509	NZ_CP011685_SCCmec_00005
PROKKA_NZ_CP011685/PROKKA_NZ_CP011685:Gene	NZ_CP011685_SCCmec_00006	sccmec_saures_NZ_CP011685_l53371:c4513-3719	NZ_CP011685_SCCmec_00006
PROKKA_NZ_CP011685/PROKKA_NZ_CP011685:Gene	NZ_CP011685_SCCmec_00007	sccmec_saures_NZ_CP011685_l53371:4666-4755	NZ_CP011685_SCCmec_00007
PROKKA_NZ_CP011685/PROKKA_NZ_CP011685:Gene	pre	sccmec_saures_NZ_CP011685_l53371:c5999-4737	NZ_CP011685_SCCmec_00008
PROKKA_NZ_CP011685/PROKKA_NZ_CP011685:Gene	ble	sccmec_saures_NZ_CP011685_l53371:c6904-6506	NZ_CP011685_SCCmec_00009
PROKKA_NZ_CP011685/PROKKA_NZ_CP011685:Gene	knt	sccmec_saures_NZ_CP011685_l53371:c7897-7127	NZ_CP011685_SCCmec_00010
PROKKA_NZ_CP011685/PROKKA_NZ_CP011685:Gene	NZ_CP011685_SCCmec_00011	sccmec_saures_NZ_CP011685_l53371:c8764-8090	NZ_CP011685_SCCmec_00011
PROKKA_NZ_CP011685/PROKKA_NZ_CP011685:Gene	NZ_CP011685_SCCmec_00012	sccmec_saures_NZ_CP011685_l53371:9022-9189	NZ_CP011685_SCCmec_00012
PROKKA_NZ_CP011685/PROKKA_NZ_CP011685:Gene	NZ_CP011685_SCCmec_00013	sccmec_saures_NZ_CP011685_l53371:9287-9517	NZ_CP011685_SCCmec_00013
PROKKA_NZ_CP011685/PROKKA_NZ_CP011685:Gene	ugpQ	sccmec_saures_NZ_CP011685_l53371:9906-10649	NZ_CP011685_SCCmec_00014
PROKKA_NZ_CP011685/PROKKA_NZ_CP011685:Gene	paaZ	sccmec_saures_NZ_CP011685_l53371:10746-11174	NZ_CP011685_SCCmec_00015
PROKKA_NZ_CP011685/PROKKA_NZ_CP011685:Gene	pbp	sccmec_saures_NZ_CP011685_l53371:c13226-11220	NZ_CP011685_SCCmec_00016
PROKKA_NZ_CP011685/PROKKA_NZ_CP011685:Gene	mecR1	sccmec_saures_NZ_CP011685_l53371:13428-15083	NZ_CP011685_SCCmec_00017
PROKKA_NZ_CP011685/PROKKA_NZ_CP011685:Gene	mecI	sccmec_saures_NZ_CP011685_l53371:15083-15454	NZ_CP011685_SCCmec_00018
PROKKA_NZ_CP011685/PROKKA_NZ_CP011685:Gene	NZ_CP011685_SCCmec_00019	sccmec_saures_NZ_CP011685_l53371:15555-15767	NZ_CP011685_SCCmec_00019
PROKKA_NZ_CP011685/PROKKA_NZ_CP011685:Gene	nagC	sccmec_saures_NZ_CP011685_l53371:15962-17071	NZ_CP011685_SCCmec_00020
PROKKA_NZ_CP011685/PROKKA_NZ_CP011685:Gene	pspE_1	sccmec_saures_NZ_CP011685_l53371:c17490-17185	NZ_CP011685_SCCmec_00021
PROKKA_NZ_CP011685/PROKKA_NZ_CP011685:Gene	gloC	sccmec_saures_NZ_CP011685_l53371:c18519-17581	NZ_CP011685_SCCmec_00022
PROKKA_NZ_CP011685/PROKKA_NZ_CP011685:Gene	pspE_2	sccmec_saures_NZ_CP011685_l53371:c19616-18552	NZ_CP011685_SCCmec_00023
PROKKA_NZ_CP011685/PROKKA_NZ_CP011685:Gene	csoR	sccmec_saures_NZ_CP011685_l53371:19752-20012	NZ_CP011685_SCCmec_00024
PROKKA_NZ_CP011685/PROKKA_NZ_CP011685:Gene	NZ_CP011685_SCCmec_00025	sccmec_saures_NZ_CP011685_l53371:20027-20656	NZ_CP011685_SCCmec_00025
PROKKA_NZ_CP011685/PROKKA_NZ_CP011685:Gene	ycgJ	sccmec_saures_NZ_CP011685_l53371:c21657-20995	NZ_CP011685_SCCmec_00026
PROKKA_NZ_CP011685/PROKKA_NZ_CP011685:Gene	ermA1	sccmec_saures_NZ_CP011685_l53371:22216-22947	NZ_CP011685_SCCmec_00027
PROKKA_NZ_CP011685/PROKKA_NZ_CP011685:Gene	ant1	sccmec_saures_NZ_CP011685_l53371:c23855-23073	NZ_CP011685_SCCmec_00028
PROKKA_NZ_CP011685/PROKKA_NZ_CP011685:Gene	NZ_CP011685_SCCmec_00029	sccmec_saures_NZ_CP011685_l53371:c24383-24006	NZ_CP011685_SCCmec_00029
PROKKA_NZ_CP011685/PROKKA_NZ_CP011685:Gene	xerC_1	sccmec_saures_NZ_CP011685_l53371:c26283-24469	NZ_CP011685_SCCmec_00030
PROKKA_NZ_CP011685/PROKKA_NZ_CP011685:Gene	xerC_2	sccmec_saures_NZ_CP011685_l53371:c27365-26280	NZ_CP011685_SCCmec_00031
PROKKA_NZ_CP011685/PROKKA_NZ_CP011685:Gene	NZ_CP011685_SCCmec_00032	sccmec_saures_NZ_CP011685_l53371:c27801-27484	NZ_CP011685_SCCmec_00032
PROKKA_NZ_CP011685/PROKKA_NZ_CP011685:Gene	NZ_CP011685_SCCmec_00033	sccmec_saures_NZ_CP011685_l53371:c28328-27822	NZ_CP011685_SCCmec_00033
PROKKA_NZ_CP011685/PROKKA_NZ_CP011685:Gene	NZ_CP011685_SCCmec_00034	sccmec_saures_NZ_CP011685_l53371:c28657-28346	NZ_CP011685_SCCmec_00034
PROKKA_NZ_CP011685/PROKKA_NZ_CP011685:Gene	NZ_CP011685_SCCmec_00035	sccmec_saures_NZ_CP011685_l53371:c29094-28744	NZ_CP011685_SCCmec_00035
PROKKA_NZ_CP011685/PROKKA_NZ_CP011685:Gene	hin_1	sccmec_saures_NZ_CP011685_l53371:c31240-29612	NZ_CP011685_SCCmec_00036
PROKKA_NZ_CP011685/PROKKA_NZ_CP011685:Gene	hin_2	sccmec_saures_NZ_CP011685_l53371:c32629-31262	NZ_CP011685_SCCmec_00037
PROKKA_NZ_CP011685/PROKKA_NZ_CP011685:Gene	NZ_CP011685_SCCmec_00038	sccmec_saures_NZ_CP011685_l53371:c34638-32845	NZ_CP011685_SCCmec_00038
PROKKA_NZ_CP011685/PROKKA_NZ_CP011685:Gene	NZ_CP011685_SCCmec_00039	sccmec_saures_NZ_CP011685_l53371:c34934-34638	NZ_CP011685_SCCmec_00039
PROKKA_NZ_CP011685/PROKKA_NZ_CP011685:Gene	NZ_CP011685_SCCmec_00040	sccmec_saures_NZ_CP011685_l53371:c36173-35127	NZ_CP011685_SCCmec_00040
PROKKA_NZ_CP011685/PROKKA_NZ_CP011685:Gene	NZ_CP011685_SCCmec_00041	sccmec_saures_NZ_CP011685_l53371:c36846-36424	NZ_CP011685_SCCmec_00041
PROKKA_NZ_CP011685/PROKKA_NZ_CP011685:Gene	NZ_CP011685_SCCmec_00042	sccmec_saures_NZ_CP011685_l53371:c37266-36913	NZ_CP011685_SCCmec_00042
PROKKA_NZ_CP011685/PROKKA_NZ_CP011685:Gene	NZ_CP011685_SCCmec_00043	sccmec_saures_NZ_CP011685_l53371:c37565-37251	NZ_CP011685_SCCmec_00043
PROKKA_NZ_CP011685/PROKKA_NZ_CP011685:Gene	NZ_CP011685_SCCmec_00044	sccmec_saures_NZ_CP011685_l53371:c38978-38076	NZ_CP011685_SCCmec_00044
PROKKA_NZ_CP011685/PROKKA_NZ_CP011685:Gene	kdpE	sccmec_saures_NZ_CP011685_l53371:c40419-39724	NZ_CP011685_SCCmec_00045
PROKKA_NZ_CP011685/PROKKA_NZ_CP011685:Gene	kdpD	sccmec_saures_NZ_CP011685_l53371:c43114-40394	NZ_CP011685_SCCmec_00046
PROKKA_NZ_CP011685/PROKKA_NZ_CP011685:Gene	NZ_CP011685_SCCmec_00047	sccmec_saures_NZ_CP011685_l53371:c43258-43115	NZ_CP011685_SCCmec_00047
PROKKA_NZ_CP011685/PROKKA_NZ_CP011685:Gene	kdpA	sccmec_saures_NZ_CP011685_l53371:43331-45007	NZ_CP011685_SCCmec_00048
PROKKA_NZ_CP011685/PROKKA_NZ_CP011685:Gene	kdpB	sccmec_saures_NZ_CP011685_l53371:45026-47047	NZ_CP011685_SCCmec_00049
PROKKA_NZ_CP011685/PROKKA_NZ_CP011685:Gene	kdpC	sccmec_saures_NZ_CP011685_l53371:47063-47620	NZ_CP011685_SCCmec_00050
PROKKA_NZ_CP011685/PROKKA_NZ_CP011685:Gene	NZ_CP011685_SCCmec_00051	sccmec_saures_NZ_CP011685_l53371:c49034-48165	NZ_CP011685_SCCmec_00051
PROKKA_NZ_CP011685/PROKKA_NZ_CP011685:Gene	NZ_CP011685_SCCmec_00052	sccmec_saures_NZ_CP011685_l53371:c49940-49044	NZ_CP011685_SCCmec_00052
PROKKA_NZ_CP011685/PROKKA_NZ_CP011685:Gene	NZ_CP011685_SCCmec_00053	sccmec_saures_NZ_CP011685_l53371:c50514-50140	NZ_CP011685_SCCmec_00053
PROKKA_NZ_CP011685/PROKKA_NZ_CP011685:Gene	NZ_CP011685_SCCmec_00054	sccmec_saures_NZ_CP011685_l53371:c50969-50682	NZ_CP011685_SCCmec_00054
PROKKA_NZ_CP011685/PROKKA_NZ_CP011685:Gene	NZ_CP011685_SCCmec_00055	sccmec_saures_NZ_CP011685_l53371:c51685-51059	NZ_CP011685_SCCmec_00055
PROKKA_NZ_CP011685/PROKKA_NZ_CP011685:Gene	prkC	sccmec_saures_NZ_CP011685_l53371:51800-53308	NZ_CP011685_SCCmec_00056

FATAL: DiscRep_ALL:MISSING_PROTEIN_ID::56 proteins have invalid IDs.
PROKKA_NZ_CP011685/PROKKA_NZ_CP011685:sccmec_saures_NZ_CP011685_l53371_1 (length 159)
PROKKA_NZ_CP011685/PROKKA_NZ_CP011685:sccmec_saures_NZ_CP011685_l53371_2 (length 431)
PROKKA_NZ_CP011685/PROKKA_NZ_CP011685:sccmec_saures_NZ_CP011685_l53371_3 (length 79)
PROKKA_NZ_CP011685/PROKKA_NZ_CP011685:sccmec_saures_NZ_CP011685_l53371_4 (length 224)
PROKKA_NZ_CP011685/PROKKA_NZ_CP011685:sccmec_saures_NZ_CP011685_l53371_5 (length 65)
PROKKA_NZ_CP011685/PROKKA_NZ_CP011685:sccmec_saures_NZ_CP011685_l53371_6 (length 264)
PROKKA_NZ_CP011685/PROKKA_NZ_CP011685:sccmec_saures_NZ_CP011685_l53371_7 (length 29)
PROKKA_NZ_CP011685/PROKKA_NZ_CP011685:sccmec_saures_NZ_CP011685_l53371_8 (length 420)
PROKKA_NZ_CP011685/PROKKA_NZ_CP011685:sccmec_saures_NZ_CP011685_l53371_9 (length 132)
PROKKA_NZ_CP011685/PROKKA_NZ_CP011685:sccmec_saures_NZ_CP011685_l53371_10 (length 256)
PROKKA_NZ_CP011685/PROKKA_NZ_CP011685:sccmec_saures_NZ_CP011685_l53371_11 (length 224)
PROKKA_NZ_CP011685/PROKKA_NZ_CP011685:sccmec_saures_NZ_CP011685_l53371_12 (length 55)
PROKKA_NZ_CP011685/PROKKA_NZ_CP011685:sccmec_saures_NZ_CP011685_l53371_13 (length 76)
PROKKA_NZ_CP011685/PROKKA_NZ_CP011685:sccmec_saures_NZ_CP011685_l53371_14 (length 247)
PROKKA_NZ_CP011685/PROKKA_NZ_CP011685:sccmec_saures_NZ_CP011685_l53371_15 (length 142)
PROKKA_NZ_CP011685/PROKKA_NZ_CP011685:sccmec_saures_NZ_CP011685_l53371_16 (length 668)
PROKKA_NZ_CP011685/PROKKA_NZ_CP011685:sccmec_saures_NZ_CP011685_l53371_17 (length 551)
PROKKA_NZ_CP011685/PROKKA_NZ_CP011685:sccmec_saures_NZ_CP011685_l53371_18 (length 123)
PROKKA_NZ_CP011685/PROKKA_NZ_CP011685:sccmec_saures_NZ_CP011685_l53371_19 (length 70)
PROKKA_NZ_CP011685/PROKKA_NZ_CP011685:sccmec_saures_NZ_CP011685_l53371_20 (length 369)
PROKKA_NZ_CP011685/PROKKA_NZ_CP011685:sccmec_saures_NZ_CP011685_l53371_21 (length 101)
PROKKA_NZ_CP011685/PROKKA_NZ_CP011685:sccmec_saures_NZ_CP011685_l53371_22 (length 312)
PROKKA_NZ_CP011685/PROKKA_NZ_CP011685:sccmec_saures_NZ_CP011685_l53371_23 (length 354)
PROKKA_NZ_CP011685/PROKKA_NZ_CP011685:sccmec_saures_NZ_CP011685_l53371_24 (length 86)
PROKKA_NZ_CP011685/PROKKA_NZ_CP011685:sccmec_saures_NZ_CP011685_l53371_25 (length 209)
PROKKA_NZ_CP011685/PROKKA_NZ_CP011685:sccmec_saures_NZ_CP011685_l53371_26 (length 220)
PROKKA_NZ_CP011685/PROKKA_NZ_CP011685:sccmec_saures_NZ_CP011685_l53371_27 (length 243)
PROKKA_NZ_CP011685/PROKKA_NZ_CP011685:sccmec_saures_NZ_CP011685_l53371_28 (length 260)
PROKKA_NZ_CP011685/PROKKA_NZ_CP011685:sccmec_saures_NZ_CP011685_l53371_29 (length 125)
PROKKA_NZ_CP011685/PROKKA_NZ_CP011685:sccmec_saures_NZ_CP011685_l53371_30 (length 604)
PROKKA_NZ_CP011685/PROKKA_NZ_CP011685:sccmec_saures_NZ_CP011685_l53371_31 (length 361)
PROKKA_NZ_CP011685/PROKKA_NZ_CP011685:sccmec_saures_NZ_CP011685_l53371_32 (length 105)
PROKKA_NZ_CP011685/PROKKA_NZ_CP011685:sccmec_saures_NZ_CP011685_l53371_33 (length 168)
PROKKA_NZ_CP011685/PROKKA_NZ_CP011685:sccmec_saures_NZ_CP011685_l53371_34 (length 103)
PROKKA_NZ_CP011685/PROKKA_NZ_CP011685:sccmec_saures_NZ_CP011685_l53371_35 (length 116)
PROKKA_NZ_CP011685/PROKKA_NZ_CP011685:sccmec_saures_NZ_CP011685_l53371_36 (length 542)
PROKKA_NZ_CP011685/PROKKA_NZ_CP011685:sccmec_saures_NZ_CP011685_l53371_37 (length 455)
PROKKA_NZ_CP011685/PROKKA_NZ_CP011685:sccmec_saures_NZ_CP011685_l53371_38 (length 597)
PROKKA_NZ_CP011685/PROKKA_NZ_CP011685:sccmec_saures_NZ_CP011685_l53371_39 (length 98)
PROKKA_NZ_CP011685/PROKKA_NZ_CP011685:sccmec_saures_NZ_CP011685_l53371_40 (length 348)
PROKKA_NZ_CP011685/PROKKA_NZ_CP011685:sccmec_saures_NZ_CP011685_l53371_41 (length 140)
PROKKA_NZ_CP011685/PROKKA_NZ_CP011685:sccmec_saures_NZ_CP011685_l53371_42 (length 117)
PROKKA_NZ_CP011685/PROKKA_NZ_CP011685:sccmec_saures_NZ_CP011685_l53371_43 (length 104)
PROKKA_NZ_CP011685/PROKKA_NZ_CP011685:sccmec_saures_NZ_CP011685_l53371_44 (length 300)
PROKKA_NZ_CP011685/PROKKA_NZ_CP011685:sccmec_saures_NZ_CP011685_l53371_45 (length 231)
PROKKA_NZ_CP011685/PROKKA_NZ_CP011685:sccmec_saures_NZ_CP011685_l53371_46 (length 906)
PROKKA_NZ_CP011685/PROKKA_NZ_CP011685:sccmec_saures_NZ_CP011685_l53371_47 (length 47)
PROKKA_NZ_CP011685/PROKKA_NZ_CP011685:sccmec_saures_NZ_CP011685_l53371_48 (length 558)
PROKKA_NZ_CP011685/PROKKA_NZ_CP011685:sccmec_saures_NZ_CP011685_l53371_49 (length 673)
PROKKA_NZ_CP011685/PROKKA_NZ_CP011685:sccmec_saures_NZ_CP011685_l53371_50 (length 185)
PROKKA_NZ_CP011685/PROKKA_NZ_CP011685:sccmec_saures_NZ_CP011685_l53371_51 (length 289)
PROKKA_NZ_CP011685/PROKKA_NZ_CP011685:sccmec_saures_NZ_CP011685_l53371_52 (length 298)
PROKKA_NZ_CP011685/PROKKA_NZ_CP011685:sccmec_saures_NZ_CP011685_l53371_53 (length 124)
PROKKA_NZ_CP011685/PROKKA_NZ_CP011685:sccmec_saures_NZ_CP011685_l53371_54 (length 95)
PROKKA_NZ_CP011685/PROKKA_NZ_CP011685:sccmec_saures_NZ_CP011685_l53371_55 (length 208)
PROKKA_NZ_CP011685/PROKKA_NZ_CP011685:sccmec_saures_NZ_CP011685_l53371_56 (length 502)

DiscRep_ALL:DISC_SOURCE_QUALS_ASNDISC::strain (all present, all unique)
DiscRep_SUB:DISC_SOURCE_QUALS_ASNDISC::1 sources have unique values for strain
DiscRep_ALL:DISC_SOURCE_QUALS_ASNDISC::taxname (all present, all unique)
DiscRep_SUB:DISC_SOURCE_QUALS_ASNDISC::1 sources have unique values for taxname
DiscRep_ALL:DISC_FEATURE_COUNT::gene: 56 present
DiscRep_ALL:DISC_FEATURE_COUNT::CDS: 56 present
DiscRep_ALL:DISC_FEATURE_COUNT::mRNA: 56 present
DiscRep_ALL:DISC_COUNT_NUCLEOTIDES::1 nucleotide Bioseqs are present
PROKKA_NZ_CP011685/PROKKA_NZ_CP011685:sccmec_saures_NZ_CP011685_l53371 (length 53371)

DiscRep_ALL:OVERLAPPING_GENES::10 genes overlap another gene on the same strand.
PROKKA_NZ_CP011685/PROKKA_NZ_CP011685:Gene	mecR1	sccmec_saures_NZ_CP011685_l53371:13428-15083	NZ_CP011685_SCCmec_00017
PROKKA_NZ_CP011685/PROKKA_NZ_CP011685:Gene	mecI	sccmec_saures_NZ_CP011685_l53371:15083-15454	NZ_CP011685_SCCmec_00018
PROKKA_NZ_CP011685/PROKKA_NZ_CP011685:Gene	xerC_1	sccmec_saures_NZ_CP011685_l53371:c26283-24469	NZ_CP011685_SCCmec_00030
PROKKA_NZ_CP011685/PROKKA_NZ_CP011685:Gene	xerC_2	sccmec_saures_NZ_CP011685_l53371:c27365-26280	NZ_CP011685_SCCmec_00031
PROKKA_NZ_CP011685/PROKKA_NZ_CP011685:Gene	NZ_CP011685_SCCmec_00038	sccmec_saures_NZ_CP011685_l53371:c34638-32845	NZ_CP011685_SCCmec_00038
PROKKA_NZ_CP011685/PROKKA_NZ_CP011685:Gene	NZ_CP011685_SCCmec_00039	sccmec_saures_NZ_CP011685_l53371:c34934-34638	NZ_CP011685_SCCmec_00039
PROKKA_NZ_CP011685/PROKKA_NZ_CP011685:Gene	NZ_CP011685_SCCmec_00042	sccmec_saures_NZ_CP011685_l53371:c37266-36913	NZ_CP011685_SCCmec_00042
PROKKA_NZ_CP011685/PROKKA_NZ_CP011685:Gene	NZ_CP011685_SCCmec_00043	sccmec_saures_NZ_CP011685_l53371:c37565-37251	NZ_CP011685_SCCmec_00043
PROKKA_NZ_CP011685/PROKKA_NZ_CP011685:Gene	kdpE	sccmec_saures_NZ_CP011685_l53371:c40419-39724	NZ_CP011685_SCCmec_00045
PROKKA_NZ_CP011685/PROKKA_NZ_CP011685:Gene	kdpD	sccmec_saures_NZ_CP011685_l53371:c43114-40394	NZ_CP011685_SCCmec_00046

DiscRep_ALL:OVERLAPPING_CDS::2 coding regions overlap another coding region with a similar or identical name.
DiscRep_SUB:OVERLAPPING_CDS::2 coding regions overlap another coding region with a similar or identical name that do not have the appropriate note text
PROKKA_NZ_CP011685/PROKKA_NZ_CP011685:CDS	Tyrosine recombinase XerC	sccmec_saures_NZ_CP011685_l53371:c26283-24469	NZ_CP011685_SCCmec_00030
PROKKA_NZ_CP011685/PROKKA_NZ_CP011685:CDS	Tyrosine recombinase XerC	sccmec_saures_NZ_CP011685_l53371:c27365-26280	NZ_CP011685_SCCmec_00031

DiscRep_ALL:DISC_QUALITY_SCORES::Quality scores are missing on all sequences.

DiscRep_ALL:ONCALLER_COMMENT_PRESENT::1 comment descriptors were found (all same)
PROKKA_NZ_CP011685/PROKKA_NZ_CP011685:sccmec_saures_NZ_CP011685_l53371:Annotated using prokka 1.12 from https://github.com/tseemann/prokka

DiscRep_ALL:SHORT_PROT_SEQUENCES::2 protein sequences are shorter than 50 aa.
PROKKA_NZ_CP011685/PROKKA_NZ_CP011685:sccmec_saures_NZ_CP011685_l53371_7 (length 29)
PROKKA_NZ_CP011685/PROKKA_NZ_CP011685:sccmec_saures_NZ_CP011685_l53371_47 (length 47)

DiscRep_ALL:MISSING_GENOMEASSEMBLY_COMMENTS::1 bioseqs are missing GenomeAssembly structured comments
PROKKA_NZ_CP011685/PROKKA_NZ_CP011685:sccmec_saures_NZ_CP011685_l53371 (length 53371)

DiscRep_ALL:MOLTYPE_NOT_MRNA::1 molecule types are not set as mRNA.
PROKKA_NZ_CP011685/PROKKA_NZ_CP011685:sccmec_saures_NZ_CP011685_l53371 (length 53371)

DiscRep_ALL:TECHNIQUE_NOT_TSA::1 technique are not set as TSA
PROKKA_NZ_CP011685/PROKKA_NZ_CP011685:sccmec_saures_NZ_CP011685_l53371 (length 53371)

DiscRep_ALL:MISSING_STRUCTURED_COMMENT::1 sequences do not include structured comments.
PROKKA_NZ_CP011685/PROKKA_NZ_CP011685:sccmec_saures_NZ_CP011685_l53371 (length 53371)

DiscRep_ALL:MISSING_PROJECT::57 sequences do not include project.
PROKKA_NZ_CP011685/PROKKA_NZ_CP011685:sccmec_saures_NZ_CP011685_l53371 (length 53371)
PROKKA_NZ_CP011685/PROKKA_NZ_CP011685:sccmec_saures_NZ_CP011685_l53371_1 (length 159)
PROKKA_NZ_CP011685/PROKKA_NZ_CP011685:sccmec_saures_NZ_CP011685_l53371_2 (length 431)
PROKKA_NZ_CP011685/PROKKA_NZ_CP011685:sccmec_saures_NZ_CP011685_l53371_3 (length 79)
PROKKA_NZ_CP011685/PROKKA_NZ_CP011685:sccmec_saures_NZ_CP011685_l53371_4 (length 224)
PROKKA_NZ_CP011685/PROKKA_NZ_CP011685:sccmec_saures_NZ_CP011685_l53371_5 (length 65)
PROKKA_NZ_CP011685/PROKKA_NZ_CP011685:sccmec_saures_NZ_CP011685_l53371_6 (length 264)
PROKKA_NZ_CP011685/PROKKA_NZ_CP011685:sccmec_saures_NZ_CP011685_l53371_7 (length 29)
PROKKA_NZ_CP011685/PROKKA_NZ_CP011685:sccmec_saures_NZ_CP011685_l53371_8 (length 420)
PROKKA_NZ_CP011685/PROKKA_NZ_CP011685:sccmec_saures_NZ_CP011685_l53371_9 (length 132)
PROKKA_NZ_CP011685/PROKKA_NZ_CP011685:sccmec_saures_NZ_CP011685_l53371_10 (length 256)
PROKKA_NZ_CP011685/PROKKA_NZ_CP011685:sccmec_saures_NZ_CP011685_l53371_11 (length 224)
PROKKA_NZ_CP011685/PROKKA_NZ_CP011685:sccmec_saures_NZ_CP011685_l53371_12 (length 55)
PROKKA_NZ_CP011685/PROKKA_NZ_CP011685:sccmec_saures_NZ_CP011685_l53371_13 (length 76)
PROKKA_NZ_CP011685/PROKKA_NZ_CP011685:sccmec_saures_NZ_CP011685_l53371_14 (length 247)
PROKKA_NZ_CP011685/PROKKA_NZ_CP011685:sccmec_saures_NZ_CP011685_l53371_15 (length 142)
PROKKA_NZ_CP011685/PROKKA_NZ_CP011685:sccmec_saures_NZ_CP011685_l53371_16 (length 668)
PROKKA_NZ_CP011685/PROKKA_NZ_CP011685:sccmec_saures_NZ_CP011685_l53371_17 (length 551)
PROKKA_NZ_CP011685/PROKKA_NZ_CP011685:sccmec_saures_NZ_CP011685_l53371_18 (length 123)
PROKKA_NZ_CP011685/PROKKA_NZ_CP011685:sccmec_saures_NZ_CP011685_l53371_19 (length 70)
PROKKA_NZ_CP011685/PROKKA_NZ_CP011685:sccmec_saures_NZ_CP011685_l53371_20 (length 369)
PROKKA_NZ_CP011685/PROKKA_NZ_CP011685:sccmec_saures_NZ_CP011685_l53371_21 (length 101)
PROKKA_NZ_CP011685/PROKKA_NZ_CP011685:sccmec_saures_NZ_CP011685_l53371_22 (length 312)
PROKKA_NZ_CP011685/PROKKA_NZ_CP011685:sccmec_saures_NZ_CP011685_l53371_23 (length 354)
PROKKA_NZ_CP011685/PROKKA_NZ_CP011685:sccmec_saures_NZ_CP011685_l53371_24 (length 86)
PROKKA_NZ_CP011685/PROKKA_NZ_CP011685:sccmec_saures_NZ_CP011685_l53371_25 (length 209)
PROKKA_NZ_CP011685/PROKKA_NZ_CP011685:sccmec_saures_NZ_CP011685_l53371_26 (length 220)
PROKKA_NZ_CP011685/PROKKA_NZ_CP011685:sccmec_saures_NZ_CP011685_l53371_27 (length 243)
PROKKA_NZ_CP011685/PROKKA_NZ_CP011685:sccmec_saures_NZ_CP011685_l53371_28 (length 260)
PROKKA_NZ_CP011685/PROKKA_NZ_CP011685:sccmec_saures_NZ_CP011685_l53371_29 (length 125)
PROKKA_NZ_CP011685/PROKKA_NZ_CP011685:sccmec_saures_NZ_CP011685_l53371_30 (length 604)
PROKKA_NZ_CP011685/PROKKA_NZ_CP011685:sccmec_saures_NZ_CP011685_l53371_31 (length 361)
PROKKA_NZ_CP011685/PROKKA_NZ_CP011685:sccmec_saures_NZ_CP011685_l53371_32 (length 105)
PROKKA_NZ_CP011685/PROKKA_NZ_CP011685:sccmec_saures_NZ_CP011685_l53371_33 (length 168)
PROKKA_NZ_CP011685/PROKKA_NZ_CP011685:sccmec_saures_NZ_CP011685_l53371_34 (length 103)
PROKKA_NZ_CP011685/PROKKA_NZ_CP011685:sccmec_saures_NZ_CP011685_l53371_35 (length 116)
PROKKA_NZ_CP011685/PROKKA_NZ_CP011685:sccmec_saures_NZ_CP011685_l53371_36 (length 542)
PROKKA_NZ_CP011685/PROKKA_NZ_CP011685:sccmec_saures_NZ_CP011685_l53371_37 (length 455)
PROKKA_NZ_CP011685/PROKKA_NZ_CP011685:sccmec_saures_NZ_CP011685_l53371_38 (length 597)
PROKKA_NZ_CP011685/PROKKA_NZ_CP011685:sccmec_saures_NZ_CP011685_l53371_39 (length 98)
PROKKA_NZ_CP011685/PROKKA_NZ_CP011685:sccmec_saures_NZ_CP011685_l53371_40 (length 348)
PROKKA_NZ_CP011685/PROKKA_NZ_CP011685:sccmec_saures_NZ_CP011685_l53371_41 (length 140)
PROKKA_NZ_CP011685/PROKKA_NZ_CP011685:sccmec_saures_NZ_CP011685_l53371_42 (length 117)
PROKKA_NZ_CP011685/PROKKA_NZ_CP011685:sccmec_saures_NZ_CP011685_l53371_43 (length 104)
PROKKA_NZ_CP011685/PROKKA_NZ_CP011685:sccmec_saures_NZ_CP011685_l53371_44 (length 300)
PROKKA_NZ_CP011685/PROKKA_NZ_CP011685:sccmec_saures_NZ_CP011685_l53371_45 (length 231)
PROKKA_NZ_CP011685/PROKKA_NZ_CP011685:sccmec_saures_NZ_CP011685_l53371_46 (length 906)
PROKKA_NZ_CP011685/PROKKA_NZ_CP011685:sccmec_saures_NZ_CP011685_l53371_47 (length 47)
PROKKA_NZ_CP011685/PROKKA_NZ_CP011685:sccmec_saures_NZ_CP011685_l53371_48 (length 558)
PROKKA_NZ_CP011685/PROKKA_NZ_CP011685:sccmec_saures_NZ_CP011685_l53371_49 (length 673)
PROKKA_NZ_CP011685/PROKKA_NZ_CP011685:sccmec_saures_NZ_CP011685_l53371_50 (length 185)
PROKKA_NZ_CP011685/PROKKA_NZ_CP011685:sccmec_saures_NZ_CP011685_l53371_51 (length 289)
PROKKA_NZ_CP011685/PROKKA_NZ_CP011685:sccmec_saures_NZ_CP011685_l53371_52 (length 298)
PROKKA_NZ_CP011685/PROKKA_NZ_CP011685:sccmec_saures_NZ_CP011685_l53371_53 (length 124)
PROKKA_NZ_CP011685/PROKKA_NZ_CP011685:sccmec_saures_NZ_CP011685_l53371_54 (length 95)
PROKKA_NZ_CP011685/PROKKA_NZ_CP011685:sccmec_saures_NZ_CP011685_l53371_55 (length 208)
PROKKA_NZ_CP011685/PROKKA_NZ_CP011685:sccmec_saures_NZ_CP011685_l53371_56 (length 502)

DiscRep_ALL:DISC_INCONSISTENT_MOLINFO_TECH::Molinfo Technique Report (some missing, all same)
DiscRep_SUB:DISC_INCONSISTENT_MOLINFO_TECH::technique (all missing)
DiscRep_SUB:DISC_INCONSISTENT_MOLINFO_TECH::1 Molinfos are missing field technique
PROKKA_NZ_CP011685/PROKKA_NZ_CP011685:sccmec_saures_NZ_CP011685_l53371 (length 53371)

