[17:13:05] This is prokka 1.12
[17:13:05] Written by Torsten Seemann <torsten.seemann@gmail.com>
[17:13:05] Homepage is https://github.com/tseemann/prokka
[17:13:05] Local time is Mon May 15 17:13:05 2017
[17:13:05] You are fsepulveda
[17:13:05] Operating system is linux
[17:13:05] You have BioPerl 1.006924
[17:13:05] System has 4 cores.
[17:13:05] Option --cpu asked for 8 cores, but system only has 4
[17:13:05] Will use maximum of 4 cores.
[17:13:05] Annotating as >>> Bacteria <<<
[17:13:05] Creating new output folder: PROKKA_NC_022442
[17:13:05] Running: mkdir -p PROKKA_NC_022442
[17:13:05] Using filename prefix: PROKKA_NC_022442.XXX
[17:13:05] Setting HMMER_NCPU=1
[17:13:05] Writing log to: PROKKA_NC_022442/PROKKA_NC_022442.log
[17:13:05] Command: /home/fsepulveda/Desktop/tesis/sccmec_classification/prokka-1.12/bin/prokka --genus Staphylococcus --prefix PROKKA_NC_022442 --addgenes --addmrna --locustag NC_022442_SCCmec /home/fsepulveda/Documents/parte2/229_sccmec/sccmec_NC_022442.fasta
[17:13:05] Appending to PATH: /home/fsepulveda/Desktop/tesis/sccmec_classification/prokka-1.12/bin/../binaries/linux
[17:13:05] Appending to PATH: /home/fsepulveda/Desktop/tesis/sccmec_classification/prokka-1.12/bin/../binaries/linux/../common
[17:13:05] Appending to PATH: /home/fsepulveda/Desktop/tesis/sccmec_classification/prokka-1.12/bin
[17:13:05] Looking for 'aragorn' - found /home/fsepulveda/Desktop/tesis/sccmec_classification/prokka-1.12/bin/../binaries/linux/aragorn
[17:13:05] Determined aragorn version is 1.2
[17:13:05] Looking for 'blastp' - found /usr/bin/blastp
[17:13:05] Determined blastp version is 2.2
[17:13:05] Looking for 'cmpress' - found /usr/bin/cmpress
[17:13:05] Determined cmpress version is 1.1
[17:13:05] Looking for 'cmscan' - found /usr/bin/cmscan
[17:13:05] Determined cmscan version is 1.1
[17:13:05] Looking for 'egrep' - found /bin/egrep
[17:13:05] Looking for 'find' - found /usr/bin/find
[17:13:05] Looking for 'grep' - found /bin/grep
[17:13:05] Looking for 'hmmpress' - found /usr/bin/hmmpress
[17:13:05] Determined hmmpress version is 3.1
[17:13:05] Looking for 'hmmscan' - found /usr/bin/hmmscan
[17:13:05] Determined hmmscan version is 3.1
[17:13:05] Looking for 'java' - found /usr/bin/java
[17:13:05] Looking for 'less' - found /usr/bin/less
[17:13:05] Looking for 'makeblastdb' - found /usr/bin/makeblastdb
[17:13:05] Determined makeblastdb version is 2.2
[17:13:05] Looking for 'minced' - found /home/fsepulveda/Desktop/tesis/sccmec_classification/prokka-1.12/bin/../binaries/linux/../common/minced
[17:13:05] Determined minced version is 2.0
[17:13:05] Looking for 'parallel' - found /home/fsepulveda/Desktop/tesis/sccmec_classification/prokka-1.12/bin/../binaries/linux/../common/parallel
[17:13:05] Determined parallel version is 20150122
[17:13:05] Looking for 'prodigal' - found /home/fsepulveda/Desktop/tesis/sccmec_classification/prokka-1.12/bin/../binaries/linux/prodigal
[17:13:05] Determined prodigal version is 2.6
[17:13:05] Looking for 'prokka-genbank_to_fasta_db' - found /home/fsepulveda/Desktop/tesis/sccmec_classification/prokka-1.12/bin/prokka-genbank_to_fasta_db
[17:13:05] Looking for 'sed' - found /bin/sed
[17:13:05] Looking for 'tbl2asn' - found /home/fsepulveda/Desktop/tesis/sccmec_classification/prokka-1.12/bin/../binaries/linux/tbl2asn
[17:13:05] Determined tbl2asn version is 25.3
[17:13:05] Using genetic code table 11.
[17:13:05] Loading and checking input file: /home/fsepulveda/Documents/parte2/229_sccmec/sccmec_NC_022442.fasta
[17:13:05] Wrote 1 contigs totalling 41647 bp.
[17:13:05] Predicting tRNAs and tmRNAs
[17:13:05] Running: aragorn -l -gc11  -w PROKKA_NC_022442\/PROKKA_NC_022442\.fna
[17:13:05] Found 0 tRNAs
[17:13:05] Predicting Ribosomal RNAs
[17:13:05] You need either Barrnap or RNAmmer installed to predict rRNAs!
[17:13:05] Skipping ncRNA search, enable with --rfam if desired.
[17:13:05] Total of 0 tRNA + rRNA features
[17:13:05] Searching for CRISPR repeats
[17:13:05] Found 0 CRISPRs
[17:13:05] Predicting coding sequences
[17:13:05] Contigs total 41647 bp, so using meta mode
[17:13:05] Running: prodigal -i PROKKA_NC_022442\/PROKKA_NC_022442\.fna -c -m -g 11 -p meta -f sco -q
[17:13:05] Found 42 CDS
[17:13:05] Connecting features back to sequences
[17:13:05] Not using genus-specific database. Try --usegenus to enable it.
[17:13:05] Annotating CDS, please be patient.
[17:13:05] Will use 4 CPUs for similarity searching.
[17:13:05] There are still 42 unannotated CDS left (started with 42)
[17:13:05] Will use blast to search against /home/fsepulveda/Desktop/tesis/sccmec_classification/prokka-1.12/bin/../db/kingdom/Bacteria/sprot with 4 CPUs
[17:13:05] Running: cat PROKKA_NC_022442\/sprot\.faa | parallel --gnu --plain -j 4 --block 1520 --recstart '>' --pipe blastp -query - -db /home/fsepulveda/Desktop/tesis/sccmec_classification/prokka-1.12/bin/../db/kingdom/Bacteria/sprot -evalue 1e-06 -num_threads 1 -num_descriptions 1 -num_alignments 1 -seg no > PROKKA_NC_022442\/sprot\.blast 2> /dev/null
[17:13:07] Deleting unwanted file: PROKKA_NC_022442/sprot.faa
[17:13:07] Deleting unwanted file: PROKKA_NC_022442/sprot.blast
[17:13:07] There are still 31 unannotated CDS left (started with 42)
[17:13:07] Will use hmmer3 to search against /home/fsepulveda/Desktop/tesis/sccmec_classification/prokka-1.12/bin/../db/hmm/HAMAP.hmm with 4 CPUs
[17:13:07] Running: cat PROKKA_NC_022442\/HAMAP\.hmm\.faa | parallel --gnu --plain -j 4 --block 809 --recstart '>' --pipe hmmscan --noali --notextw --acc -E 1e-06 --cpu 1 /home/fsepulveda/Desktop/tesis/sccmec_classification/prokka-1.12/bin/../db/hmm/HAMAP.hmm /dev/stdin > PROKKA_NC_022442\/HAMAP\.hmm\.hmmer3 2> /dev/null
[17:13:08] Deleting unwanted file: PROKKA_NC_022442/HAMAP.hmm.faa
[17:13:08] Deleting unwanted file: PROKKA_NC_022442/HAMAP.hmm.hmmer3
[17:13:08] Labelling remaining 31 proteins as 'hypothetical protein'
[17:13:08] Found 9 unique /gene codes.
[17:13:08] Fixed 2 duplicate /gene - hin_1 hin_2
[17:13:08] Fixed 1 colliding /gene names.
[17:13:08] Adding /locus_tag identifiers
[17:13:08] Assigned 42 locus_tags to CDS and RNA features.
[17:13:08] Writing outputs to PROKKA_NC_022442/
[17:13:08] Generating annotation statistics file
[17:13:08] Generating Genbank and Sequin files
[17:13:08] Running: tbl2asn -V b -a r10k -l paired-ends -M n -N 1 -y 'Annotated using prokka 1.12 from https://github.com/tseemann/prokka' -Z PROKKA_NC_022442\/PROKKA_NC_022442\.err -i PROKKA_NC_022442\/PROKKA_NC_022442\.fsa 2> /dev/null
[17:13:08] Deleting unwanted file: PROKKA_NC_022442/errorsummary.val
[17:13:08] Deleting unwanted file: PROKKA_NC_022442/PROKKA_NC_022442.dr
[17:13:08] Deleting unwanted file: PROKKA_NC_022442/PROKKA_NC_022442.fixedproducts
[17:13:08] Deleting unwanted file: PROKKA_NC_022442/PROKKA_NC_022442.ecn
[17:13:08] Deleting unwanted file: PROKKA_NC_022442/PROKKA_NC_022442.val
[17:13:08] Repairing broken .GBK output that tbl2asn produces...
[17:13:08] Running: sed 's/COORDINATES: profile/COORDINATES:profile/' < PROKKA_NC_022442\/PROKKA_NC_022442\.gbf > PROKKA_NC_022442\/PROKKA_NC_022442\.gbk
[17:13:08] Deleting unwanted file: PROKKA_NC_022442/PROKKA_NC_022442.gbf
[17:13:08] Output files:
[17:13:08] PROKKA_NC_022442/PROKKA_NC_022442.tsv
[17:13:08] PROKKA_NC_022442/PROKKA_NC_022442.fna
[17:13:08] PROKKA_NC_022442/PROKKA_NC_022442.tbl
[17:13:08] PROKKA_NC_022442/PROKKA_NC_022442.fsa
[17:13:08] PROKKA_NC_022442/PROKKA_NC_022442.gbk
[17:13:08] PROKKA_NC_022442/PROKKA_NC_022442.ffn
[17:13:08] PROKKA_NC_022442/PROKKA_NC_022442.log
[17:13:08] PROKKA_NC_022442/PROKKA_NC_022442.txt
[17:13:08] PROKKA_NC_022442/PROKKA_NC_022442.sqn
[17:13:08] PROKKA_NC_022442/PROKKA_NC_022442.faa
[17:13:08] PROKKA_NC_022442/PROKKA_NC_022442.err
[17:13:08] PROKKA_NC_022442/PROKKA_NC_022442.gff
[17:13:08] Annotation finished successfully.
[17:13:08] Walltime used: 0.05 minutes
[17:13:08] If you use this result please cite the Prokka paper:
[17:13:08] Seemann T (2014) Prokka: rapid prokaryotic genome annotation. Bioinformatics. 30(14):2068-9.
[17:13:08] Type 'prokka --citation' for more details.
[17:13:08] Share and enjoy!
