Discrepancy Report Results

Summary
FATAL: BAD_LOCUS_TAG_FORMAT:31 locus tags are incorrectly formatted.
FATAL: MISSING_PROTEIN_ID:31 proteins have invalid IDs.
DISC_SOURCE_QUALS_ASNDISC:strain (all present, all unique)
DISC_SOURCE_QUALS_ASNDISC:taxname (all present, all unique)
DISC_FEATURE_COUNT:gene: 31 present
DISC_FEATURE_COUNT:CDS: 31 present
DISC_FEATURE_COUNT:mRNA: 31 present
DISC_COUNT_NUCLEOTIDES:1 nucleotide Bioseqs are present
OVERLAPPING_GENES:11 genes overlap another gene on the same strand.
DISC_QUALITY_SCORES:Quality scores are missing on all sequences.
ONCALLER_COMMENT_PRESENT:1 comment descriptors were found (all same)
SHORT_PROT_SEQUENCES:1 protein sequences are shorter than 50 aa.
MISSING_GENOMEASSEMBLY_COMMENTS:1 bioseqs are missing GenomeAssembly structured comments
MOLTYPE_NOT_MRNA:1 molecule types are not set as mRNA.
TECHNIQUE_NOT_TSA:1 technique are not set as TSA
MISSING_STRUCTURED_COMMENT:1 sequences do not include structured comments.
MISSING_PROJECT:32 sequences do not include project.
DISC_INCONSISTENT_MOLINFO_TECH:Molinfo Technique Report (some missing, all same)


Detailed Report

FATAL: DiscRep_ALL:BAD_LOCUS_TAG_FORMAT::31 locus tags are incorrectly formatted.
PROKKA_FR821779/PROKKA_FR821779:Gene	rlmH	sccmec_saures_FR821779_l29917:1-480	FR821779_SCCmec_00001
PROKKA_FR821779/PROKKA_FR821779:Gene	blaZ	sccmec_saures_FR821779_l29917:c1623-796	FR821779_SCCmec_00002
PROKKA_FR821779/PROKKA_FR821779:Gene	pbp	sccmec_saures_FR821779_l29917:c3717-1741	FR821779_SCCmec_00003
PROKKA_FR821779/PROKKA_FR821779:Gene	mecR1	sccmec_saures_FR821779_l29917:3881-5593	FR821779_SCCmec_00004
PROKKA_FR821779/PROKKA_FR821779:Gene	mecI	sccmec_saures_FR821779_l29917:5590-5964	FR821779_SCCmec_00005
PROKKA_FR821779/PROKKA_FR821779:Gene	FR821779_SCCmec_00006	sccmec_saures_FR821779_l29917:c6223-6038	FR821779_SCCmec_00006
PROKKA_FR821779/PROKKA_FR821779:Gene	FR821779_SCCmec_00007	sccmec_saures_FR821779_l29917:c6582-6220	FR821779_SCCmec_00007
PROKKA_FR821779/PROKKA_FR821779:Gene	FR821779_SCCmec_00008	sccmec_saures_FR821779_l29917:c7009-6542	FR821779_SCCmec_00008
PROKKA_FR821779/PROKKA_FR821779:Gene	FR821779_SCCmec_00009	sccmec_saures_FR821779_l29917:c7910-7026	FR821779_SCCmec_00009
PROKKA_FR821779/PROKKA_FR821779:Gene	FR821779_SCCmec_00010	sccmec_saures_FR821779_l29917:c8526-8080	FR821779_SCCmec_00010
PROKKA_FR821779/PROKKA_FR821779:Gene	FR821779_SCCmec_00011	sccmec_saures_FR821779_l29917:c9053-8547	FR821779_SCCmec_00011
PROKKA_FR821779/PROKKA_FR821779:Gene	FR821779_SCCmec_00012	sccmec_saures_FR821779_l29917:c9380-9069	FR821779_SCCmec_00012
PROKKA_FR821779/PROKKA_FR821779:Gene	FR821779_SCCmec_00013	sccmec_saures_FR821779_l29917:c9474-9373	FR821779_SCCmec_00013
PROKKA_FR821779/PROKKA_FR821779:Gene	FR821779_SCCmec_00014	sccmec_saures_FR821779_l29917:c9814-9476	FR821779_SCCmec_00014
PROKKA_FR821779/PROKKA_FR821779:Gene	hin_1	sccmec_saures_FR821779_l29917:c11917-10289	FR821779_SCCmec_00015
PROKKA_FR821779/PROKKA_FR821779:Gene	hin_2	sccmec_saures_FR821779_l29917:c13287-11938	FR821779_SCCmec_00016
PROKKA_FR821779/PROKKA_FR821779:Gene	FR821779_SCCmec_00017	sccmec_saures_FR821779_l29917:c13722-13465	FR821779_SCCmec_00017
PROKKA_FR821779/PROKKA_FR821779:Gene	FR821779_SCCmec_00018	sccmec_saures_FR821779_l29917:c15583-13790	FR821779_SCCmec_00018
PROKKA_FR821779/PROKKA_FR821779:Gene	FR821779_SCCmec_00019	sccmec_saures_FR821779_l29917:c15876-15583	FR821779_SCCmec_00019
PROKKA_FR821779/PROKKA_FR821779:Gene	FR821779_SCCmec_00020	sccmec_saures_FR821779_l29917:c17063-16059	FR821779_SCCmec_00020
PROKKA_FR821779/PROKKA_FR821779:Gene	dinG	sccmec_saures_FR821779_l29917:17226-19100	FR821779_SCCmec_00021
PROKKA_FR821779/PROKKA_FR821779:Gene	FR821779_SCCmec_00022	sccmec_saures_FR821779_l29917:19194-19973	FR821779_SCCmec_00022
PROKKA_FR821779/PROKKA_FR821779:Gene	lip	sccmec_saures_FR821779_l29917:c21387-20386	FR821779_SCCmec_00023
PROKKA_FR821779/PROKKA_FR821779:Gene	FR821779_SCCmec_00024	sccmec_saures_FR821779_l29917:c22550-21639	FR821779_SCCmec_00024
PROKKA_FR821779/PROKKA_FR821779:Gene	FR821779_SCCmec_00025	sccmec_saures_FR821779_l29917:22843-24498	FR821779_SCCmec_00025
PROKKA_FR821779/PROKKA_FR821779:Gene	FR821779_SCCmec_00026	sccmec_saures_FR821779_l29917:24864-25913	FR821779_SCCmec_00026
PROKKA_FR821779/PROKKA_FR821779:Gene	yxdL	sccmec_saures_FR821779_l29917:25931-26599	FR821779_SCCmec_00027
PROKKA_FR821779/PROKKA_FR821779:Gene	FR821779_SCCmec_00028	sccmec_saures_FR821779_l29917:c27420-26740	FR821779_SCCmec_00028
PROKKA_FR821779/PROKKA_FR821779:Gene	arsC	sccmec_saures_FR821779_l29917:c28140-27748	FR821779_SCCmec_00029
PROKKA_FR821779/PROKKA_FR821779:Gene	arsB	sccmec_saures_FR821779_l29917:c29447-28158	FR821779_SCCmec_00030
PROKKA_FR821779/PROKKA_FR821779:Gene	sdpR	sccmec_saures_FR821779_l29917:c29767-29447	FR821779_SCCmec_00031

FATAL: DiscRep_ALL:MISSING_PROTEIN_ID::31 proteins have invalid IDs.
PROKKA_FR821779/PROKKA_FR821779:sccmec_saures_FR821779_l29917_1 (length 159)
PROKKA_FR821779/PROKKA_FR821779:sccmec_saures_FR821779_l29917_2 (length 275)
PROKKA_FR821779/PROKKA_FR821779:sccmec_saures_FR821779_l29917_3 (length 658)
PROKKA_FR821779/PROKKA_FR821779:sccmec_saures_FR821779_l29917_4 (length 570)
PROKKA_FR821779/PROKKA_FR821779:sccmec_saures_FR821779_l29917_5 (length 124)
PROKKA_FR821779/PROKKA_FR821779:sccmec_saures_FR821779_l29917_6 (length 61)
PROKKA_FR821779/PROKKA_FR821779:sccmec_saures_FR821779_l29917_7 (length 120)
PROKKA_FR821779/PROKKA_FR821779:sccmec_saures_FR821779_l29917_8 (length 155)
PROKKA_FR821779/PROKKA_FR821779:sccmec_saures_FR821779_l29917_9 (length 294)
PROKKA_FR821779/PROKKA_FR821779:sccmec_saures_FR821779_l29917_10 (length 148)
PROKKA_FR821779/PROKKA_FR821779:sccmec_saures_FR821779_l29917_11 (length 168)
PROKKA_FR821779/PROKKA_FR821779:sccmec_saures_FR821779_l29917_12 (length 103)
PROKKA_FR821779/PROKKA_FR821779:sccmec_saures_FR821779_l29917_13 (length 33)
PROKKA_FR821779/PROKKA_FR821779:sccmec_saures_FR821779_l29917_14 (length 112)
PROKKA_FR821779/PROKKA_FR821779:sccmec_saures_FR821779_l29917_15 (length 542)
PROKKA_FR821779/PROKKA_FR821779:sccmec_saures_FR821779_l29917_16 (length 449)
PROKKA_FR821779/PROKKA_FR821779:sccmec_saures_FR821779_l29917_17 (length 85)
PROKKA_FR821779/PROKKA_FR821779:sccmec_saures_FR821779_l29917_18 (length 597)
PROKKA_FR821779/PROKKA_FR821779:sccmec_saures_FR821779_l29917_19 (length 97)
PROKKA_FR821779/PROKKA_FR821779:sccmec_saures_FR821779_l29917_20 (length 334)
PROKKA_FR821779/PROKKA_FR821779:sccmec_saures_FR821779_l29917_21 (length 624)
PROKKA_FR821779/PROKKA_FR821779:sccmec_saures_FR821779_l29917_22 (length 259)
PROKKA_FR821779/PROKKA_FR821779:sccmec_saures_FR821779_l29917_23 (length 333)
PROKKA_FR821779/PROKKA_FR821779:sccmec_saures_FR821779_l29917_24 (length 303)
PROKKA_FR821779/PROKKA_FR821779:sccmec_saures_FR821779_l29917_25 (length 551)
PROKKA_FR821779/PROKKA_FR821779:sccmec_saures_FR821779_l29917_26 (length 349)
PROKKA_FR821779/PROKKA_FR821779:sccmec_saures_FR821779_l29917_27 (length 222)
PROKKA_FR821779/PROKKA_FR821779:sccmec_saures_FR821779_l29917_28 (length 226)
PROKKA_FR821779/PROKKA_FR821779:sccmec_saures_FR821779_l29917_29 (length 130)
PROKKA_FR821779/PROKKA_FR821779:sccmec_saures_FR821779_l29917_30 (length 429)
PROKKA_FR821779/PROKKA_FR821779:sccmec_saures_FR821779_l29917_31 (length 106)

DiscRep_ALL:DISC_SOURCE_QUALS_ASNDISC::strain (all present, all unique)
DiscRep_SUB:DISC_SOURCE_QUALS_ASNDISC::1 sources have unique values for strain
DiscRep_ALL:DISC_SOURCE_QUALS_ASNDISC::taxname (all present, all unique)
DiscRep_SUB:DISC_SOURCE_QUALS_ASNDISC::1 sources have unique values for taxname
DiscRep_ALL:DISC_FEATURE_COUNT::gene: 31 present
DiscRep_ALL:DISC_FEATURE_COUNT::CDS: 31 present
DiscRep_ALL:DISC_FEATURE_COUNT::mRNA: 31 present
DiscRep_ALL:DISC_COUNT_NUCLEOTIDES::1 nucleotide Bioseqs are present
PROKKA_FR821779/PROKKA_FR821779:sccmec_saures_FR821779_l29917 (length 29917)

DiscRep_ALL:OVERLAPPING_GENES::11 genes overlap another gene on the same strand.
PROKKA_FR821779/PROKKA_FR821779:Gene	mecR1	sccmec_saures_FR821779_l29917:3881-5593	FR821779_SCCmec_00004
PROKKA_FR821779/PROKKA_FR821779:Gene	mecI	sccmec_saures_FR821779_l29917:5590-5964	FR821779_SCCmec_00005
PROKKA_FR821779/PROKKA_FR821779:Gene	FR821779_SCCmec_00006	sccmec_saures_FR821779_l29917:c6223-6038	FR821779_SCCmec_00006
PROKKA_FR821779/PROKKA_FR821779:Gene	FR821779_SCCmec_00007	sccmec_saures_FR821779_l29917:c6582-6220	FR821779_SCCmec_00007
PROKKA_FR821779/PROKKA_FR821779:Gene	FR821779_SCCmec_00008	sccmec_saures_FR821779_l29917:c7009-6542	FR821779_SCCmec_00008
PROKKA_FR821779/PROKKA_FR821779:Gene	FR821779_SCCmec_00012	sccmec_saures_FR821779_l29917:c9380-9069	FR821779_SCCmec_00012
PROKKA_FR821779/PROKKA_FR821779:Gene	FR821779_SCCmec_00013	sccmec_saures_FR821779_l29917:c9474-9373	FR821779_SCCmec_00013
PROKKA_FR821779/PROKKA_FR821779:Gene	FR821779_SCCmec_00018	sccmec_saures_FR821779_l29917:c15583-13790	FR821779_SCCmec_00018
PROKKA_FR821779/PROKKA_FR821779:Gene	FR821779_SCCmec_00019	sccmec_saures_FR821779_l29917:c15876-15583	FR821779_SCCmec_00019
PROKKA_FR821779/PROKKA_FR821779:Gene	arsB	sccmec_saures_FR821779_l29917:c29447-28158	FR821779_SCCmec_00030
PROKKA_FR821779/PROKKA_FR821779:Gene	sdpR	sccmec_saures_FR821779_l29917:c29767-29447	FR821779_SCCmec_00031

DiscRep_ALL:DISC_QUALITY_SCORES::Quality scores are missing on all sequences.

DiscRep_ALL:ONCALLER_COMMENT_PRESENT::1 comment descriptors were found (all same)
PROKKA_FR821779/PROKKA_FR821779:sccmec_saures_FR821779_l29917:Annotated using prokka 1.12 from https://github.com/tseemann/prokka

DiscRep_ALL:SHORT_PROT_SEQUENCES::1 protein sequences are shorter than 50 aa.
PROKKA_FR821779/PROKKA_FR821779:sccmec_saures_FR821779_l29917_13 (length 33)

DiscRep_ALL:MISSING_GENOMEASSEMBLY_COMMENTS::1 bioseqs are missing GenomeAssembly structured comments
PROKKA_FR821779/PROKKA_FR821779:sccmec_saures_FR821779_l29917 (length 29917)

DiscRep_ALL:MOLTYPE_NOT_MRNA::1 molecule types are not set as mRNA.
PROKKA_FR821779/PROKKA_FR821779:sccmec_saures_FR821779_l29917 (length 29917)

DiscRep_ALL:TECHNIQUE_NOT_TSA::1 technique are not set as TSA
PROKKA_FR821779/PROKKA_FR821779:sccmec_saures_FR821779_l29917 (length 29917)

DiscRep_ALL:MISSING_STRUCTURED_COMMENT::1 sequences do not include structured comments.
PROKKA_FR821779/PROKKA_FR821779:sccmec_saures_FR821779_l29917 (length 29917)

DiscRep_ALL:MISSING_PROJECT::32 sequences do not include project.
PROKKA_FR821779/PROKKA_FR821779:sccmec_saures_FR821779_l29917 (length 29917)
PROKKA_FR821779/PROKKA_FR821779:sccmec_saures_FR821779_l29917_1 (length 159)
PROKKA_FR821779/PROKKA_FR821779:sccmec_saures_FR821779_l29917_2 (length 275)
PROKKA_FR821779/PROKKA_FR821779:sccmec_saures_FR821779_l29917_3 (length 658)
PROKKA_FR821779/PROKKA_FR821779:sccmec_saures_FR821779_l29917_4 (length 570)
PROKKA_FR821779/PROKKA_FR821779:sccmec_saures_FR821779_l29917_5 (length 124)
PROKKA_FR821779/PROKKA_FR821779:sccmec_saures_FR821779_l29917_6 (length 61)
PROKKA_FR821779/PROKKA_FR821779:sccmec_saures_FR821779_l29917_7 (length 120)
PROKKA_FR821779/PROKKA_FR821779:sccmec_saures_FR821779_l29917_8 (length 155)
PROKKA_FR821779/PROKKA_FR821779:sccmec_saures_FR821779_l29917_9 (length 294)
PROKKA_FR821779/PROKKA_FR821779:sccmec_saures_FR821779_l29917_10 (length 148)
PROKKA_FR821779/PROKKA_FR821779:sccmec_saures_FR821779_l29917_11 (length 168)
PROKKA_FR821779/PROKKA_FR821779:sccmec_saures_FR821779_l29917_12 (length 103)
PROKKA_FR821779/PROKKA_FR821779:sccmec_saures_FR821779_l29917_13 (length 33)
PROKKA_FR821779/PROKKA_FR821779:sccmec_saures_FR821779_l29917_14 (length 112)
PROKKA_FR821779/PROKKA_FR821779:sccmec_saures_FR821779_l29917_15 (length 542)
PROKKA_FR821779/PROKKA_FR821779:sccmec_saures_FR821779_l29917_16 (length 449)
PROKKA_FR821779/PROKKA_FR821779:sccmec_saures_FR821779_l29917_17 (length 85)
PROKKA_FR821779/PROKKA_FR821779:sccmec_saures_FR821779_l29917_18 (length 597)
PROKKA_FR821779/PROKKA_FR821779:sccmec_saures_FR821779_l29917_19 (length 97)
PROKKA_FR821779/PROKKA_FR821779:sccmec_saures_FR821779_l29917_20 (length 334)
PROKKA_FR821779/PROKKA_FR821779:sccmec_saures_FR821779_l29917_21 (length 624)
PROKKA_FR821779/PROKKA_FR821779:sccmec_saures_FR821779_l29917_22 (length 259)
PROKKA_FR821779/PROKKA_FR821779:sccmec_saures_FR821779_l29917_23 (length 333)
PROKKA_FR821779/PROKKA_FR821779:sccmec_saures_FR821779_l29917_24 (length 303)
PROKKA_FR821779/PROKKA_FR821779:sccmec_saures_FR821779_l29917_25 (length 551)
PROKKA_FR821779/PROKKA_FR821779:sccmec_saures_FR821779_l29917_26 (length 349)
PROKKA_FR821779/PROKKA_FR821779:sccmec_saures_FR821779_l29917_27 (length 222)
PROKKA_FR821779/PROKKA_FR821779:sccmec_saures_FR821779_l29917_28 (length 226)
PROKKA_FR821779/PROKKA_FR821779:sccmec_saures_FR821779_l29917_29 (length 130)
PROKKA_FR821779/PROKKA_FR821779:sccmec_saures_FR821779_l29917_30 (length 429)
PROKKA_FR821779/PROKKA_FR821779:sccmec_saures_FR821779_l29917_31 (length 106)

DiscRep_ALL:DISC_INCONSISTENT_MOLINFO_TECH::Molinfo Technique Report (some missing, all same)
DiscRep_SUB:DISC_INCONSISTENT_MOLINFO_TECH::technique (all missing)
DiscRep_SUB:DISC_INCONSISTENT_MOLINFO_TECH::1 Molinfos are missing field technique
PROKKA_FR821779/PROKKA_FR821779:sccmec_saures_FR821779_l29917 (length 29917)

