Discrepancy Report Results

Summary
FATAL: BAD_LOCUS_TAG_FORMAT:43 locus tags are incorrectly formatted.
FATAL: MISSING_PROTEIN_ID:43 proteins have invalid IDs.
DISC_SOURCE_QUALS_ASNDISC:strain (all present, all unique)
DISC_SOURCE_QUALS_ASNDISC:taxname (all present, all unique)
DISC_FEATURE_COUNT:gene: 43 present
DISC_FEATURE_COUNT:CDS: 43 present
DISC_FEATURE_COUNT:mRNA: 43 present
DISC_COUNT_NUCLEOTIDES:1 nucleotide Bioseqs are present
OVERLAPPING_GENES:11 genes overlap another gene on the same strand.
DISC_QUALITY_SCORES:Quality scores are missing on all sequences.
ONCALLER_COMMENT_PRESENT:1 comment descriptors were found (all same)
SHORT_PROT_SEQUENCES:2 protein sequences are shorter than 50 aa.
MISSING_GENOMEASSEMBLY_COMMENTS:1 bioseqs are missing GenomeAssembly structured comments
MOLTYPE_NOT_MRNA:1 molecule types are not set as mRNA.
TECHNIQUE_NOT_TSA:1 technique are not set as TSA
MISSING_STRUCTURED_COMMENT:1 sequences do not include structured comments.
MISSING_PROJECT:44 sequences do not include project.
DISC_INCONSISTENT_MOLINFO_TECH:Molinfo Technique Report (some missing, all same)


Detailed Report

FATAL: DiscRep_ALL:BAD_LOCUS_TAG_FORMAT::43 locus tags are incorrectly formatted.
PROKKA_CP003166/PROKKA_CP003166:Gene	rlmH	sccmec_saures_CP003166_l41744:1-480	CP003166_SCCmec_00001
PROKKA_CP003166/PROKKA_CP003166:Gene	CP003166_SCCmec_00002	sccmec_saures_CP003166_l41744:522-677	CP003166_SCCmec_00002
PROKKA_CP003166/PROKKA_CP003166:Gene	CP003166_SCCmec_00003	sccmec_saures_CP003166_l41744:726-1031	CP003166_SCCmec_00003
PROKKA_CP003166/PROKKA_CP003166:Gene	CP003166_SCCmec_00004	sccmec_saures_CP003166_l41744:1230-2093	CP003166_SCCmec_00004
PROKKA_CP003166/PROKKA_CP003166:Gene	CP003166_SCCmec_00005	sccmec_saures_CP003166_l41744:2177-2893	CP003166_SCCmec_00005
PROKKA_CP003166/PROKKA_CP003166:Gene	CP003166_SCCmec_00006	sccmec_saures_CP003166_l41744:2965-3675	CP003166_SCCmec_00006
PROKKA_CP003166/PROKKA_CP003166:Gene	CP003166_SCCmec_00007	sccmec_saures_CP003166_l41744:3901-5001	CP003166_SCCmec_00007
PROKKA_CP003166/PROKKA_CP003166:Gene	CP003166_SCCmec_00008	sccmec_saures_CP003166_l41744:4994-5365	CP003166_SCCmec_00008
PROKKA_CP003166/PROKKA_CP003166:Gene	CP003166_SCCmec_00009	sccmec_saures_CP003166_l41744:5362-7005	CP003166_SCCmec_00009
PROKKA_CP003166/PROKKA_CP003166:Gene	hin_1	sccmec_saures_CP003166_l41744:7231-8907	CP003166_SCCmec_00010
PROKKA_CP003166/PROKKA_CP003166:Gene	CP003166_SCCmec_00011	sccmec_saures_CP003166_l41744:9013-9351	CP003166_SCCmec_00011
PROKKA_CP003166/PROKKA_CP003166:Gene	CP003166_SCCmec_00012	sccmec_saures_CP003166_l41744:9447-9758	CP003166_SCCmec_00012
PROKKA_CP003166/PROKKA_CP003166:Gene	CP003166_SCCmec_00013	sccmec_saures_CP003166_l41744:9774-10280	CP003166_SCCmec_00013
PROKKA_CP003166/PROKKA_CP003166:Gene	CP003166_SCCmec_00014	sccmec_saures_CP003166_l41744:c11103-10429	CP003166_SCCmec_00014
PROKKA_CP003166/PROKKA_CP003166:Gene	CP003166_SCCmec_00015	sccmec_saures_CP003166_l41744:11361-11528	CP003166_SCCmec_00015
PROKKA_CP003166/PROKKA_CP003166:Gene	CP003166_SCCmec_00016	sccmec_saures_CP003166_l41744:11626-11856	CP003166_SCCmec_00016
PROKKA_CP003166/PROKKA_CP003166:Gene	ugpQ	sccmec_saures_CP003166_l41744:12404-13147	CP003166_SCCmec_00017
PROKKA_CP003166/PROKKA_CP003166:Gene	paaZ	sccmec_saures_CP003166_l41744:13244-13672	CP003166_SCCmec_00018
PROKKA_CP003166/PROKKA_CP003166:Gene	pbp	sccmec_saures_CP003166_l41744:c15724-13718	CP003166_SCCmec_00019
PROKKA_CP003166/PROKKA_CP003166:Gene	CP003166_SCCmec_00020	sccmec_saures_CP003166_l41744:15972-16115	CP003166_SCCmec_00020
PROKKA_CP003166/PROKKA_CP003166:Gene	CP003166_SCCmec_00021	sccmec_saures_CP003166_l41744:c17134-16706	CP003166_SCCmec_00021
PROKKA_CP003166/PROKKA_CP003166:Gene	CP003166_SCCmec_00022	sccmec_saures_CP003166_l41744:17215-18144	CP003166_SCCmec_00022
PROKKA_CP003166/PROKKA_CP003166:Gene	CP003166_SCCmec_00023	sccmec_saures_CP003166_l41744:18178-18276	CP003166_SCCmec_00023
PROKKA_CP003166/PROKKA_CP003166:Gene	CP003166_SCCmec_00024	sccmec_saures_CP003166_l41744:18306-18788	CP003166_SCCmec_00024
PROKKA_CP003166/PROKKA_CP003166:Gene	CP003166_SCCmec_00025	sccmec_saures_CP003166_l41744:18856-19170	CP003166_SCCmec_00025
PROKKA_CP003166/PROKKA_CP003166:Gene	CP003166_SCCmec_00026	sccmec_saures_CP003166_l41744:19155-19997	CP003166_SCCmec_00026
PROKKA_CP003166/PROKKA_CP003166:Gene	CP003166_SCCmec_00027	sccmec_saures_CP003166_l41744:20004-21569	CP003166_SCCmec_00027
PROKKA_CP003166/PROKKA_CP003166:Gene	CP003166_SCCmec_00028	sccmec_saures_CP003166_l41744:21764-22873	CP003166_SCCmec_00028
PROKKA_CP003166/PROKKA_CP003166:Gene	CP003166_SCCmec_00029	sccmec_saures_CP003166_l41744:22866-23234	CP003166_SCCmec_00029
PROKKA_CP003166/PROKKA_CP003166:Gene	CP003166_SCCmec_00030	sccmec_saures_CP003166_l41744:23234-24850	CP003166_SCCmec_00030
PROKKA_CP003166/PROKKA_CP003166:Gene	hin_2	sccmec_saures_CP003166_l41744:25075-26754	CP003166_SCCmec_00031
PROKKA_CP003166/PROKKA_CP003166:Gene	CP003166_SCCmec_00032	sccmec_saures_CP003166_l41744:26807-27181	CP003166_SCCmec_00032
PROKKA_CP003166/PROKKA_CP003166:Gene	CP003166_SCCmec_00033	sccmec_saures_CP003166_l41744:27260-27586	CP003166_SCCmec_00033
PROKKA_CP003166/PROKKA_CP003166:Gene	CP003166_SCCmec_00034	sccmec_saures_CP003166_l41744:27598-28104	CP003166_SCCmec_00034
PROKKA_CP003166/PROKKA_CP003166:Gene	CP003166_SCCmec_00035	sccmec_saures_CP003166_l41744:28118-28339	CP003166_SCCmec_00035
PROKKA_CP003166/PROKKA_CP003166:Gene	hsdR	sccmec_saures_CP003166_l41744:c31533-28414	CP003166_SCCmec_00036
PROKKA_CP003166/PROKKA_CP003166:Gene	CP003166_SCCmec_00037	sccmec_saures_CP003166_l41744:c32818-31517	CP003166_SCCmec_00037
PROKKA_CP003166/PROKKA_CP003166:Gene	hsdM	sccmec_saures_CP003166_l41744:c34322-32808	CP003166_SCCmec_00038
PROKKA_CP003166/PROKKA_CP003166:Gene	CP003166_SCCmec_00039	sccmec_saures_CP003166_l41744:34731-36827	CP003166_SCCmec_00039
PROKKA_CP003166/PROKKA_CP003166:Gene	pcrA	sccmec_saures_CP003166_l41744:36829-38577	CP003166_SCCmec_00040
PROKKA_CP003166/PROKKA_CP003166:Gene	CP003166_SCCmec_00041	sccmec_saures_CP003166_l41744:38787-38969	CP003166_SCCmec_00041
PROKKA_CP003166/PROKKA_CP003166:Gene	ddc	sccmec_saures_CP003166_l41744:c40461-39037	CP003166_SCCmec_00042
PROKKA_CP003166/PROKKA_CP003166:Gene	CP003166_SCCmec_00043	sccmec_saures_CP003166_l41744:41406-41573	CP003166_SCCmec_00043

FATAL: DiscRep_ALL:MISSING_PROTEIN_ID::43 proteins have invalid IDs.
PROKKA_CP003166/PROKKA_CP003166:sccmec_saures_CP003166_l41744_1 (length 159)
PROKKA_CP003166/PROKKA_CP003166:sccmec_saures_CP003166_l41744_2 (length 51)
PROKKA_CP003166/PROKKA_CP003166:sccmec_saures_CP003166_l41744_3 (length 101)
PROKKA_CP003166/PROKKA_CP003166:sccmec_saures_CP003166_l41744_4 (length 287)
PROKKA_CP003166/PROKKA_CP003166:sccmec_saures_CP003166_l41744_5 (length 238)
PROKKA_CP003166/PROKKA_CP003166:sccmec_saures_CP003166_l41744_6 (length 236)
PROKKA_CP003166/PROKKA_CP003166:sccmec_saures_CP003166_l41744_7 (length 366)
PROKKA_CP003166/PROKKA_CP003166:sccmec_saures_CP003166_l41744_8 (length 123)
PROKKA_CP003166/PROKKA_CP003166:sccmec_saures_CP003166_l41744_9 (length 547)
PROKKA_CP003166/PROKKA_CP003166:sccmec_saures_CP003166_l41744_10 (length 558)
PROKKA_CP003166/PROKKA_CP003166:sccmec_saures_CP003166_l41744_11 (length 112)
PROKKA_CP003166/PROKKA_CP003166:sccmec_saures_CP003166_l41744_12 (length 103)
PROKKA_CP003166/PROKKA_CP003166:sccmec_saures_CP003166_l41744_13 (length 168)
PROKKA_CP003166/PROKKA_CP003166:sccmec_saures_CP003166_l41744_14 (length 224)
PROKKA_CP003166/PROKKA_CP003166:sccmec_saures_CP003166_l41744_15 (length 55)
PROKKA_CP003166/PROKKA_CP003166:sccmec_saures_CP003166_l41744_16 (length 76)
PROKKA_CP003166/PROKKA_CP003166:sccmec_saures_CP003166_l41744_17 (length 247)
PROKKA_CP003166/PROKKA_CP003166:sccmec_saures_CP003166_l41744_18 (length 142)
PROKKA_CP003166/PROKKA_CP003166:sccmec_saures_CP003166_l41744_19 (length 668)
PROKKA_CP003166/PROKKA_CP003166:sccmec_saures_CP003166_l41744_20 (length 47)
PROKKA_CP003166/PROKKA_CP003166:sccmec_saures_CP003166_l41744_21 (length 142)
PROKKA_CP003166/PROKKA_CP003166:sccmec_saures_CP003166_l41744_22 (length 309)
PROKKA_CP003166/PROKKA_CP003166:sccmec_saures_CP003166_l41744_23 (length 32)
PROKKA_CP003166/PROKKA_CP003166:sccmec_saures_CP003166_l41744_24 (length 160)
PROKKA_CP003166/PROKKA_CP003166:sccmec_saures_CP003166_l41744_25 (length 104)
PROKKA_CP003166/PROKKA_CP003166:sccmec_saures_CP003166_l41744_26 (length 280)
PROKKA_CP003166/PROKKA_CP003166:sccmec_saures_CP003166_l41744_27 (length 521)
PROKKA_CP003166/PROKKA_CP003166:sccmec_saures_CP003166_l41744_28 (length 369)
PROKKA_CP003166/PROKKA_CP003166:sccmec_saures_CP003166_l41744_29 (length 122)
PROKKA_CP003166/PROKKA_CP003166:sccmec_saures_CP003166_l41744_30 (length 538)
PROKKA_CP003166/PROKKA_CP003166:sccmec_saures_CP003166_l41744_31 (length 559)
PROKKA_CP003166/PROKKA_CP003166:sccmec_saures_CP003166_l41744_32 (length 124)
PROKKA_CP003166/PROKKA_CP003166:sccmec_saures_CP003166_l41744_33 (length 108)
PROKKA_CP003166/PROKKA_CP003166:sccmec_saures_CP003166_l41744_34 (length 168)
PROKKA_CP003166/PROKKA_CP003166:sccmec_saures_CP003166_l41744_35 (length 73)
PROKKA_CP003166/PROKKA_CP003166:sccmec_saures_CP003166_l41744_36 (length 1039)
PROKKA_CP003166/PROKKA_CP003166:sccmec_saures_CP003166_l41744_37 (length 433)
PROKKA_CP003166/PROKKA_CP003166:sccmec_saures_CP003166_l41744_38 (length 504)
PROKKA_CP003166/PROKKA_CP003166:sccmec_saures_CP003166_l41744_39 (length 698)
PROKKA_CP003166/PROKKA_CP003166:sccmec_saures_CP003166_l41744_40 (length 582)
PROKKA_CP003166/PROKKA_CP003166:sccmec_saures_CP003166_l41744_41 (length 60)
PROKKA_CP003166/PROKKA_CP003166:sccmec_saures_CP003166_l41744_42 (length 474)
PROKKA_CP003166/PROKKA_CP003166:sccmec_saures_CP003166_l41744_43 (length 55)

DiscRep_ALL:DISC_SOURCE_QUALS_ASNDISC::strain (all present, all unique)
DiscRep_SUB:DISC_SOURCE_QUALS_ASNDISC::1 sources have unique values for strain
DiscRep_ALL:DISC_SOURCE_QUALS_ASNDISC::taxname (all present, all unique)
DiscRep_SUB:DISC_SOURCE_QUALS_ASNDISC::1 sources have unique values for taxname
DiscRep_ALL:DISC_FEATURE_COUNT::gene: 43 present
DiscRep_ALL:DISC_FEATURE_COUNT::CDS: 43 present
DiscRep_ALL:DISC_FEATURE_COUNT::mRNA: 43 present
DiscRep_ALL:DISC_COUNT_NUCLEOTIDES::1 nucleotide Bioseqs are present
PROKKA_CP003166/PROKKA_CP003166:sccmec_saures_CP003166_l41744 (length 41744)

DiscRep_ALL:OVERLAPPING_GENES::11 genes overlap another gene on the same strand.
PROKKA_CP003166/PROKKA_CP003166:Gene	CP003166_SCCmec_00007	sccmec_saures_CP003166_l41744:3901-5001	CP003166_SCCmec_00007
PROKKA_CP003166/PROKKA_CP003166:Gene	CP003166_SCCmec_00008	sccmec_saures_CP003166_l41744:4994-5365	CP003166_SCCmec_00008
PROKKA_CP003166/PROKKA_CP003166:Gene	CP003166_SCCmec_00009	sccmec_saures_CP003166_l41744:5362-7005	CP003166_SCCmec_00009
PROKKA_CP003166/PROKKA_CP003166:Gene	CP003166_SCCmec_00025	sccmec_saures_CP003166_l41744:18856-19170	CP003166_SCCmec_00025
PROKKA_CP003166/PROKKA_CP003166:Gene	CP003166_SCCmec_00026	sccmec_saures_CP003166_l41744:19155-19997	CP003166_SCCmec_00026
PROKKA_CP003166/PROKKA_CP003166:Gene	CP003166_SCCmec_00028	sccmec_saures_CP003166_l41744:21764-22873	CP003166_SCCmec_00028
PROKKA_CP003166/PROKKA_CP003166:Gene	CP003166_SCCmec_00029	sccmec_saures_CP003166_l41744:22866-23234	CP003166_SCCmec_00029
PROKKA_CP003166/PROKKA_CP003166:Gene	CP003166_SCCmec_00030	sccmec_saures_CP003166_l41744:23234-24850	CP003166_SCCmec_00030
PROKKA_CP003166/PROKKA_CP003166:Gene	hsdR	sccmec_saures_CP003166_l41744:c31533-28414	CP003166_SCCmec_00036
PROKKA_CP003166/PROKKA_CP003166:Gene	CP003166_SCCmec_00037	sccmec_saures_CP003166_l41744:c32818-31517	CP003166_SCCmec_00037
PROKKA_CP003166/PROKKA_CP003166:Gene	hsdM	sccmec_saures_CP003166_l41744:c34322-32808	CP003166_SCCmec_00038

DiscRep_ALL:DISC_QUALITY_SCORES::Quality scores are missing on all sequences.

DiscRep_ALL:ONCALLER_COMMENT_PRESENT::1 comment descriptors were found (all same)
PROKKA_CP003166/PROKKA_CP003166:sccmec_saures_CP003166_l41744:Annotated using prokka 1.12 from https://github.com/tseemann/prokka

DiscRep_ALL:SHORT_PROT_SEQUENCES::2 protein sequences are shorter than 50 aa.
PROKKA_CP003166/PROKKA_CP003166:sccmec_saures_CP003166_l41744_20 (length 47)
PROKKA_CP003166/PROKKA_CP003166:sccmec_saures_CP003166_l41744_23 (length 32)

DiscRep_ALL:MISSING_GENOMEASSEMBLY_COMMENTS::1 bioseqs are missing GenomeAssembly structured comments
PROKKA_CP003166/PROKKA_CP003166:sccmec_saures_CP003166_l41744 (length 41744)

DiscRep_ALL:MOLTYPE_NOT_MRNA::1 molecule types are not set as mRNA.
PROKKA_CP003166/PROKKA_CP003166:sccmec_saures_CP003166_l41744 (length 41744)

DiscRep_ALL:TECHNIQUE_NOT_TSA::1 technique are not set as TSA
PROKKA_CP003166/PROKKA_CP003166:sccmec_saures_CP003166_l41744 (length 41744)

DiscRep_ALL:MISSING_STRUCTURED_COMMENT::1 sequences do not include structured comments.
PROKKA_CP003166/PROKKA_CP003166:sccmec_saures_CP003166_l41744 (length 41744)

DiscRep_ALL:MISSING_PROJECT::44 sequences do not include project.
PROKKA_CP003166/PROKKA_CP003166:sccmec_saures_CP003166_l41744 (length 41744)
PROKKA_CP003166/PROKKA_CP003166:sccmec_saures_CP003166_l41744_1 (length 159)
PROKKA_CP003166/PROKKA_CP003166:sccmec_saures_CP003166_l41744_2 (length 51)
PROKKA_CP003166/PROKKA_CP003166:sccmec_saures_CP003166_l41744_3 (length 101)
PROKKA_CP003166/PROKKA_CP003166:sccmec_saures_CP003166_l41744_4 (length 287)
PROKKA_CP003166/PROKKA_CP003166:sccmec_saures_CP003166_l41744_5 (length 238)
PROKKA_CP003166/PROKKA_CP003166:sccmec_saures_CP003166_l41744_6 (length 236)
PROKKA_CP003166/PROKKA_CP003166:sccmec_saures_CP003166_l41744_7 (length 366)
PROKKA_CP003166/PROKKA_CP003166:sccmec_saures_CP003166_l41744_8 (length 123)
PROKKA_CP003166/PROKKA_CP003166:sccmec_saures_CP003166_l41744_9 (length 547)
PROKKA_CP003166/PROKKA_CP003166:sccmec_saures_CP003166_l41744_10 (length 558)
PROKKA_CP003166/PROKKA_CP003166:sccmec_saures_CP003166_l41744_11 (length 112)
PROKKA_CP003166/PROKKA_CP003166:sccmec_saures_CP003166_l41744_12 (length 103)
PROKKA_CP003166/PROKKA_CP003166:sccmec_saures_CP003166_l41744_13 (length 168)
PROKKA_CP003166/PROKKA_CP003166:sccmec_saures_CP003166_l41744_14 (length 224)
PROKKA_CP003166/PROKKA_CP003166:sccmec_saures_CP003166_l41744_15 (length 55)
PROKKA_CP003166/PROKKA_CP003166:sccmec_saures_CP003166_l41744_16 (length 76)
PROKKA_CP003166/PROKKA_CP003166:sccmec_saures_CP003166_l41744_17 (length 247)
PROKKA_CP003166/PROKKA_CP003166:sccmec_saures_CP003166_l41744_18 (length 142)
PROKKA_CP003166/PROKKA_CP003166:sccmec_saures_CP003166_l41744_19 (length 668)
PROKKA_CP003166/PROKKA_CP003166:sccmec_saures_CP003166_l41744_20 (length 47)
PROKKA_CP003166/PROKKA_CP003166:sccmec_saures_CP003166_l41744_21 (length 142)
PROKKA_CP003166/PROKKA_CP003166:sccmec_saures_CP003166_l41744_22 (length 309)
PROKKA_CP003166/PROKKA_CP003166:sccmec_saures_CP003166_l41744_23 (length 32)
PROKKA_CP003166/PROKKA_CP003166:sccmec_saures_CP003166_l41744_24 (length 160)
PROKKA_CP003166/PROKKA_CP003166:sccmec_saures_CP003166_l41744_25 (length 104)
PROKKA_CP003166/PROKKA_CP003166:sccmec_saures_CP003166_l41744_26 (length 280)
PROKKA_CP003166/PROKKA_CP003166:sccmec_saures_CP003166_l41744_27 (length 521)
PROKKA_CP003166/PROKKA_CP003166:sccmec_saures_CP003166_l41744_28 (length 369)
PROKKA_CP003166/PROKKA_CP003166:sccmec_saures_CP003166_l41744_29 (length 122)
PROKKA_CP003166/PROKKA_CP003166:sccmec_saures_CP003166_l41744_30 (length 538)
PROKKA_CP003166/PROKKA_CP003166:sccmec_saures_CP003166_l41744_31 (length 559)
PROKKA_CP003166/PROKKA_CP003166:sccmec_saures_CP003166_l41744_32 (length 124)
PROKKA_CP003166/PROKKA_CP003166:sccmec_saures_CP003166_l41744_33 (length 108)
PROKKA_CP003166/PROKKA_CP003166:sccmec_saures_CP003166_l41744_34 (length 168)
PROKKA_CP003166/PROKKA_CP003166:sccmec_saures_CP003166_l41744_35 (length 73)
PROKKA_CP003166/PROKKA_CP003166:sccmec_saures_CP003166_l41744_36 (length 1039)
PROKKA_CP003166/PROKKA_CP003166:sccmec_saures_CP003166_l41744_37 (length 433)
PROKKA_CP003166/PROKKA_CP003166:sccmec_saures_CP003166_l41744_38 (length 504)
PROKKA_CP003166/PROKKA_CP003166:sccmec_saures_CP003166_l41744_39 (length 698)
PROKKA_CP003166/PROKKA_CP003166:sccmec_saures_CP003166_l41744_40 (length 582)
PROKKA_CP003166/PROKKA_CP003166:sccmec_saures_CP003166_l41744_41 (length 60)
PROKKA_CP003166/PROKKA_CP003166:sccmec_saures_CP003166_l41744_42 (length 474)
PROKKA_CP003166/PROKKA_CP003166:sccmec_saures_CP003166_l41744_43 (length 55)

DiscRep_ALL:DISC_INCONSISTENT_MOLINFO_TECH::Molinfo Technique Report (some missing, all same)
DiscRep_SUB:DISC_INCONSISTENT_MOLINFO_TECH::technique (all missing)
DiscRep_SUB:DISC_INCONSISTENT_MOLINFO_TECH::1 Molinfos are missing field technique
PROKKA_CP003166/PROKKA_CP003166:sccmec_saures_CP003166_l41744 (length 41744)

