Discrepancy Report Results

Summary
FATAL: BAD_LOCUS_TAG_FORMAT:38 locus tags are incorrectly formatted.
FATAL: MISSING_PROTEIN_ID:38 proteins have invalid IDs.
DISC_SOURCE_QUALS_ASNDISC:strain (all present, all unique)
DISC_SOURCE_QUALS_ASNDISC:taxname (all present, all unique)
DISC_FEATURE_COUNT:gene: 38 present
DISC_FEATURE_COUNT:CDS: 38 present
DISC_FEATURE_COUNT:mRNA: 38 present
DISC_COUNT_NUCLEOTIDES:1 nucleotide Bioseqs are present
OVERLAPPING_GENES:9 genes overlap another gene on the same strand.
OVERLAPPING_CDS:4 coding regions overlap another coding region with a similar or identical name.
DISC_QUALITY_SCORES:Quality scores are missing on all sequences.
ONCALLER_COMMENT_PRESENT:1 comment descriptors were found (all same)
SHORT_PROT_SEQUENCES:4 protein sequences are shorter than 50 aa.
MISSING_GENOMEASSEMBLY_COMMENTS:1 bioseqs are missing GenomeAssembly structured comments
MOLTYPE_NOT_MRNA:1 molecule types are not set as mRNA.
TECHNIQUE_NOT_TSA:1 technique are not set as TSA
MISSING_STRUCTURED_COMMENT:1 sequences do not include structured comments.
MISSING_PROJECT:39 sequences do not include project.
DISC_INCONSISTENT_MOLINFO_TECH:Molinfo Technique Report (some missing, all same)


Detailed Report

FATAL: DiscRep_ALL:BAD_LOCUS_TAG_FORMAT::38 locus tags are incorrectly formatted.
PROKKA_FJ670542/PROKKA_FJ670542:Gene	rlmH	sccmec_FJ670542_l32672:1-480	FJ670542_SCCmec_00001
PROKKA_FJ670542/PROKKA_FJ670542:Gene	FJ670542_SCCmec_00002	sccmec_FJ670542_l32672:700-1956	FJ670542_SCCmec_00002
PROKKA_FJ670542/PROKKA_FJ670542:Gene	FJ670542_SCCmec_00003	sccmec_FJ670542_l32672:2141-2242	FJ670542_SCCmec_00003
PROKKA_FJ670542/PROKKA_FJ670542:Gene	FJ670542_SCCmec_00004	sccmec_FJ670542_l32672:2371-2610	FJ670542_SCCmec_00004
PROKKA_FJ670542/PROKKA_FJ670542:Gene	FJ670542_SCCmec_00005	sccmec_FJ670542_l32672:c3316-2642	FJ670542_SCCmec_00005
PROKKA_FJ670542/PROKKA_FJ670542:Gene	FJ670542_SCCmec_00006	sccmec_FJ670542_l32672:3574-3741	FJ670542_SCCmec_00006
PROKKA_FJ670542/PROKKA_FJ670542:Gene	FJ670542_SCCmec_00007	sccmec_FJ670542_l32672:3839-4069	FJ670542_SCCmec_00007
PROKKA_FJ670542/PROKKA_FJ670542:Gene	ugpQ	sccmec_FJ670542_l32672:4578-5321	FJ670542_SCCmec_00008
PROKKA_FJ670542/PROKKA_FJ670542:Gene	paaZ	sccmec_FJ670542_l32672:5418-5846	FJ670542_SCCmec_00009
PROKKA_FJ670542/PROKKA_FJ670542:Gene	pbp	sccmec_FJ670542_l32672:c7898-5892	FJ670542_SCCmec_00010
PROKKA_FJ670542/PROKKA_FJ670542:Gene	mecR1	sccmec_FJ670542_l32672:7998-9755	FJ670542_SCCmec_00011
PROKKA_FJ670542/PROKKA_FJ670542:Gene	mecI_1	sccmec_FJ670542_l32672:9755-9916	FJ670542_SCCmec_00012
PROKKA_FJ670542/PROKKA_FJ670542:Gene	mecI_2	sccmec_FJ670542_l32672:9861-10127	FJ670542_SCCmec_00013
PROKKA_FJ670542/PROKKA_FJ670542:Gene	nagC	sccmec_FJ670542_l32672:10635-11744	FJ670542_SCCmec_00014
PROKKA_FJ670542/PROKKA_FJ670542:Gene	pspE_1	sccmec_FJ670542_l32672:c12118-11858	FJ670542_SCCmec_00015
PROKKA_FJ670542/PROKKA_FJ670542:Gene	gloC	sccmec_FJ670542_l32672:c13192-12254	FJ670542_SCCmec_00016
PROKKA_FJ670542/PROKKA_FJ670542:Gene	pspE_2	sccmec_FJ670542_l32672:c14289-13225	FJ670542_SCCmec_00017
PROKKA_FJ670542/PROKKA_FJ670542:Gene	csoR	sccmec_FJ670542_l32672:14425-14685	FJ670542_SCCmec_00018
PROKKA_FJ670542/PROKKA_FJ670542:Gene	FJ670542_SCCmec_00019	sccmec_FJ670542_l32672:14700-15329	FJ670542_SCCmec_00019
PROKKA_FJ670542/PROKKA_FJ670542:Gene	ycgJ	sccmec_FJ670542_l32672:c16330-15668	FJ670542_SCCmec_00020
PROKKA_FJ670542/PROKKA_FJ670542:Gene	ermA1	sccmec_FJ670542_l32672:16864-17595	FJ670542_SCCmec_00021
PROKKA_FJ670542/PROKKA_FJ670542:Gene	ant1	sccmec_FJ670542_l32672:c18503-17721	FJ670542_SCCmec_00022
PROKKA_FJ670542/PROKKA_FJ670542:Gene	FJ670542_SCCmec_00023	sccmec_FJ670542_l32672:c19031-18654	FJ670542_SCCmec_00023
PROKKA_FJ670542/PROKKA_FJ670542:Gene	xerC_1	sccmec_FJ670542_l32672:c20930-19038	FJ670542_SCCmec_00024
PROKKA_FJ670542/PROKKA_FJ670542:Gene	xerC_2	sccmec_FJ670542_l32672:c22012-20927	FJ670542_SCCmec_00025
PROKKA_FJ670542/PROKKA_FJ670542:Gene	FJ670542_SCCmec_00026	sccmec_FJ670542_l32672:c22448-22131	FJ670542_SCCmec_00026
PROKKA_FJ670542/PROKKA_FJ670542:Gene	FJ670542_SCCmec_00027	sccmec_FJ670542_l32672:c22975-22469	FJ670542_SCCmec_00027
PROKKA_FJ670542/PROKKA_FJ670542:Gene	FJ670542_SCCmec_00028	sccmec_FJ670542_l32672:c23302-22991	FJ670542_SCCmec_00028
PROKKA_FJ670542/PROKKA_FJ670542:Gene	FJ670542_SCCmec_00029	sccmec_FJ670542_l32672:c23396-23304	FJ670542_SCCmec_00029
PROKKA_FJ670542/PROKKA_FJ670542:Gene	FJ670542_SCCmec_00030	sccmec_FJ670542_l32672:c23739-23389	FJ670542_SCCmec_00030
PROKKA_FJ670542/PROKKA_FJ670542:Gene	hin	sccmec_FJ670542_l32672:c25868-24240	FJ670542_SCCmec_00031
PROKKA_FJ670542/PROKKA_FJ670542:Gene	FJ670542_SCCmec_00032	sccmec_FJ670542_l32672:c27226-25865	FJ670542_SCCmec_00032
PROKKA_FJ670542/PROKKA_FJ670542:Gene	FJ670542_SCCmec_00033	sccmec_FJ670542_l32672:c28027-27413	FJ670542_SCCmec_00033
PROKKA_FJ670542/PROKKA_FJ670542:Gene	FJ670542_SCCmec_00034	sccmec_FJ670542_l32672:28410-28553	FJ670542_SCCmec_00034
PROKKA_FJ670542/PROKKA_FJ670542:Gene	FJ670542_SCCmec_00035	sccmec_FJ670542_l32672:c28860-28501	FJ670542_SCCmec_00035
PROKKA_FJ670542/PROKKA_FJ670542:Gene	czrA	sccmec_FJ670542_l32672:29067-29393	FJ670542_SCCmec_00036
PROKKA_FJ670542/PROKKA_FJ670542:Gene	FJ670542_SCCmec_00037	sccmec_FJ670542_l32672:29496-29594	FJ670542_SCCmec_00037
PROKKA_FJ670542/PROKKA_FJ670542:Gene	zosA	sccmec_FJ670542_l32672:29723-31648	FJ670542_SCCmec_00038

FATAL: DiscRep_ALL:MISSING_PROTEIN_ID::38 proteins have invalid IDs.
PROKKA_FJ670542/PROKKA_FJ670542:sccmec_FJ670542_l32672_1 (length 159)
PROKKA_FJ670542/PROKKA_FJ670542:sccmec_FJ670542_l32672_2 (length 418)
PROKKA_FJ670542/PROKKA_FJ670542:sccmec_FJ670542_l32672_3 (length 33)
PROKKA_FJ670542/PROKKA_FJ670542:sccmec_FJ670542_l32672_4 (length 79)
PROKKA_FJ670542/PROKKA_FJ670542:sccmec_FJ670542_l32672_5 (length 224)
PROKKA_FJ670542/PROKKA_FJ670542:sccmec_FJ670542_l32672_6 (length 55)
PROKKA_FJ670542/PROKKA_FJ670542:sccmec_FJ670542_l32672_7 (length 76)
PROKKA_FJ670542/PROKKA_FJ670542:sccmec_FJ670542_l32672_8 (length 247)
PROKKA_FJ670542/PROKKA_FJ670542:sccmec_FJ670542_l32672_9 (length 142)
PROKKA_FJ670542/PROKKA_FJ670542:sccmec_FJ670542_l32672_10 (length 668)
PROKKA_FJ670542/PROKKA_FJ670542:sccmec_FJ670542_l32672_11 (length 585)
PROKKA_FJ670542/PROKKA_FJ670542:sccmec_FJ670542_l32672_12 (length 53)
PROKKA_FJ670542/PROKKA_FJ670542:sccmec_FJ670542_l32672_13 (length 88)
PROKKA_FJ670542/PROKKA_FJ670542:sccmec_FJ670542_l32672_14 (length 369)
PROKKA_FJ670542/PROKKA_FJ670542:sccmec_FJ670542_l32672_15 (length 86)
PROKKA_FJ670542/PROKKA_FJ670542:sccmec_FJ670542_l32672_16 (length 312)
PROKKA_FJ670542/PROKKA_FJ670542:sccmec_FJ670542_l32672_17 (length 354)
PROKKA_FJ670542/PROKKA_FJ670542:sccmec_FJ670542_l32672_18 (length 86)
PROKKA_FJ670542/PROKKA_FJ670542:sccmec_FJ670542_l32672_19 (length 209)
PROKKA_FJ670542/PROKKA_FJ670542:sccmec_FJ670542_l32672_20 (length 220)
PROKKA_FJ670542/PROKKA_FJ670542:sccmec_FJ670542_l32672_21 (length 243)
PROKKA_FJ670542/PROKKA_FJ670542:sccmec_FJ670542_l32672_22 (length 260)
PROKKA_FJ670542/PROKKA_FJ670542:sccmec_FJ670542_l32672_23 (length 125)
PROKKA_FJ670542/PROKKA_FJ670542:sccmec_FJ670542_l32672_24 (length 630)
PROKKA_FJ670542/PROKKA_FJ670542:sccmec_FJ670542_l32672_25 (length 361)
PROKKA_FJ670542/PROKKA_FJ670542:sccmec_FJ670542_l32672_26 (length 105)
PROKKA_FJ670542/PROKKA_FJ670542:sccmec_FJ670542_l32672_27 (length 168)
PROKKA_FJ670542/PROKKA_FJ670542:sccmec_FJ670542_l32672_28 (length 103)
PROKKA_FJ670542/PROKKA_FJ670542:sccmec_FJ670542_l32672_29 (length 30)
PROKKA_FJ670542/PROKKA_FJ670542:sccmec_FJ670542_l32672_30 (length 116)
PROKKA_FJ670542/PROKKA_FJ670542:sccmec_FJ670542_l32672_31 (length 542)
PROKKA_FJ670542/PROKKA_FJ670542:sccmec_FJ670542_l32672_32 (length 453)
PROKKA_FJ670542/PROKKA_FJ670542:sccmec_FJ670542_l32672_33 (length 204)
PROKKA_FJ670542/PROKKA_FJ670542:sccmec_FJ670542_l32672_34 (length 47)
PROKKA_FJ670542/PROKKA_FJ670542:sccmec_FJ670542_l32672_35 (length 119)
PROKKA_FJ670542/PROKKA_FJ670542:sccmec_FJ670542_l32672_36 (length 108)
PROKKA_FJ670542/PROKKA_FJ670542:sccmec_FJ670542_l32672_37 (length 32)
PROKKA_FJ670542/PROKKA_FJ670542:sccmec_FJ670542_l32672_38 (length 641)

DiscRep_ALL:DISC_SOURCE_QUALS_ASNDISC::strain (all present, all unique)
DiscRep_SUB:DISC_SOURCE_QUALS_ASNDISC::1 sources have unique values for strain
DiscRep_ALL:DISC_SOURCE_QUALS_ASNDISC::taxname (all present, all unique)
DiscRep_SUB:DISC_SOURCE_QUALS_ASNDISC::1 sources have unique values for taxname
DiscRep_ALL:DISC_FEATURE_COUNT::gene: 38 present
DiscRep_ALL:DISC_FEATURE_COUNT::CDS: 38 present
DiscRep_ALL:DISC_FEATURE_COUNT::mRNA: 38 present
DiscRep_ALL:DISC_COUNT_NUCLEOTIDES::1 nucleotide Bioseqs are present
PROKKA_FJ670542/PROKKA_FJ670542:sccmec_FJ670542_l32672 (length 32672)

DiscRep_ALL:OVERLAPPING_GENES::9 genes overlap another gene on the same strand.
PROKKA_FJ670542/PROKKA_FJ670542:Gene	mecR1	sccmec_FJ670542_l32672:7998-9755	FJ670542_SCCmec_00011
PROKKA_FJ670542/PROKKA_FJ670542:Gene	mecI_1	sccmec_FJ670542_l32672:9755-9916	FJ670542_SCCmec_00012
PROKKA_FJ670542/PROKKA_FJ670542:Gene	mecI_2	sccmec_FJ670542_l32672:9861-10127	FJ670542_SCCmec_00013
PROKKA_FJ670542/PROKKA_FJ670542:Gene	xerC_1	sccmec_FJ670542_l32672:c20930-19038	FJ670542_SCCmec_00024
PROKKA_FJ670542/PROKKA_FJ670542:Gene	xerC_2	sccmec_FJ670542_l32672:c22012-20927	FJ670542_SCCmec_00025
PROKKA_FJ670542/PROKKA_FJ670542:Gene	FJ670542_SCCmec_00029	sccmec_FJ670542_l32672:c23396-23304	FJ670542_SCCmec_00029
PROKKA_FJ670542/PROKKA_FJ670542:Gene	FJ670542_SCCmec_00030	sccmec_FJ670542_l32672:c23739-23389	FJ670542_SCCmec_00030
PROKKA_FJ670542/PROKKA_FJ670542:Gene	hin	sccmec_FJ670542_l32672:c25868-24240	FJ670542_SCCmec_00031
PROKKA_FJ670542/PROKKA_FJ670542:Gene	FJ670542_SCCmec_00032	sccmec_FJ670542_l32672:c27226-25865	FJ670542_SCCmec_00032

DiscRep_ALL:OVERLAPPING_CDS::4 coding regions overlap another coding region with a similar or identical name.
DiscRep_SUB:OVERLAPPING_CDS::4 coding regions overlap another coding region with a similar or identical name that do not have the appropriate note text
PROKKA_FJ670542/PROKKA_FJ670542:CDS	Methicillin resistance regulatory protein MecI	sccmec_FJ670542_l32672:9755-9916	FJ670542_SCCmec_00012
PROKKA_FJ670542/PROKKA_FJ670542:CDS	Methicillin resistance regulatory protein MecI	sccmec_FJ670542_l32672:9861-10127	FJ670542_SCCmec_00013
PROKKA_FJ670542/PROKKA_FJ670542:CDS	Tyrosine recombinase XerC	sccmec_FJ670542_l32672:c20930-19038	FJ670542_SCCmec_00024
PROKKA_FJ670542/PROKKA_FJ670542:CDS	Tyrosine recombinase XerC	sccmec_FJ670542_l32672:c22012-20927	FJ670542_SCCmec_00025

DiscRep_ALL:DISC_QUALITY_SCORES::Quality scores are missing on all sequences.

DiscRep_ALL:ONCALLER_COMMENT_PRESENT::1 comment descriptors were found (all same)
PROKKA_FJ670542/PROKKA_FJ670542:sccmec_FJ670542_l32672:Annotated using prokka 1.12 from https://github.com/tseemann/prokka

DiscRep_ALL:SHORT_PROT_SEQUENCES::4 protein sequences are shorter than 50 aa.
PROKKA_FJ670542/PROKKA_FJ670542:sccmec_FJ670542_l32672_3 (length 33)
PROKKA_FJ670542/PROKKA_FJ670542:sccmec_FJ670542_l32672_29 (length 30)
PROKKA_FJ670542/PROKKA_FJ670542:sccmec_FJ670542_l32672_34 (length 47)
PROKKA_FJ670542/PROKKA_FJ670542:sccmec_FJ670542_l32672_37 (length 32)

DiscRep_ALL:MISSING_GENOMEASSEMBLY_COMMENTS::1 bioseqs are missing GenomeAssembly structured comments
PROKKA_FJ670542/PROKKA_FJ670542:sccmec_FJ670542_l32672 (length 32672)

DiscRep_ALL:MOLTYPE_NOT_MRNA::1 molecule types are not set as mRNA.
PROKKA_FJ670542/PROKKA_FJ670542:sccmec_FJ670542_l32672 (length 32672)

DiscRep_ALL:TECHNIQUE_NOT_TSA::1 technique are not set as TSA
PROKKA_FJ670542/PROKKA_FJ670542:sccmec_FJ670542_l32672 (length 32672)

DiscRep_ALL:MISSING_STRUCTURED_COMMENT::1 sequences do not include structured comments.
PROKKA_FJ670542/PROKKA_FJ670542:sccmec_FJ670542_l32672 (length 32672)

DiscRep_ALL:MISSING_PROJECT::39 sequences do not include project.
PROKKA_FJ670542/PROKKA_FJ670542:sccmec_FJ670542_l32672 (length 32672)
PROKKA_FJ670542/PROKKA_FJ670542:sccmec_FJ670542_l32672_1 (length 159)
PROKKA_FJ670542/PROKKA_FJ670542:sccmec_FJ670542_l32672_2 (length 418)
PROKKA_FJ670542/PROKKA_FJ670542:sccmec_FJ670542_l32672_3 (length 33)
PROKKA_FJ670542/PROKKA_FJ670542:sccmec_FJ670542_l32672_4 (length 79)
PROKKA_FJ670542/PROKKA_FJ670542:sccmec_FJ670542_l32672_5 (length 224)
PROKKA_FJ670542/PROKKA_FJ670542:sccmec_FJ670542_l32672_6 (length 55)
PROKKA_FJ670542/PROKKA_FJ670542:sccmec_FJ670542_l32672_7 (length 76)
PROKKA_FJ670542/PROKKA_FJ670542:sccmec_FJ670542_l32672_8 (length 247)
PROKKA_FJ670542/PROKKA_FJ670542:sccmec_FJ670542_l32672_9 (length 142)
PROKKA_FJ670542/PROKKA_FJ670542:sccmec_FJ670542_l32672_10 (length 668)
PROKKA_FJ670542/PROKKA_FJ670542:sccmec_FJ670542_l32672_11 (length 585)
PROKKA_FJ670542/PROKKA_FJ670542:sccmec_FJ670542_l32672_12 (length 53)
PROKKA_FJ670542/PROKKA_FJ670542:sccmec_FJ670542_l32672_13 (length 88)
PROKKA_FJ670542/PROKKA_FJ670542:sccmec_FJ670542_l32672_14 (length 369)
PROKKA_FJ670542/PROKKA_FJ670542:sccmec_FJ670542_l32672_15 (length 86)
PROKKA_FJ670542/PROKKA_FJ670542:sccmec_FJ670542_l32672_16 (length 312)
PROKKA_FJ670542/PROKKA_FJ670542:sccmec_FJ670542_l32672_17 (length 354)
PROKKA_FJ670542/PROKKA_FJ670542:sccmec_FJ670542_l32672_18 (length 86)
PROKKA_FJ670542/PROKKA_FJ670542:sccmec_FJ670542_l32672_19 (length 209)
PROKKA_FJ670542/PROKKA_FJ670542:sccmec_FJ670542_l32672_20 (length 220)
PROKKA_FJ670542/PROKKA_FJ670542:sccmec_FJ670542_l32672_21 (length 243)
PROKKA_FJ670542/PROKKA_FJ670542:sccmec_FJ670542_l32672_22 (length 260)
PROKKA_FJ670542/PROKKA_FJ670542:sccmec_FJ670542_l32672_23 (length 125)
PROKKA_FJ670542/PROKKA_FJ670542:sccmec_FJ670542_l32672_24 (length 630)
PROKKA_FJ670542/PROKKA_FJ670542:sccmec_FJ670542_l32672_25 (length 361)
PROKKA_FJ670542/PROKKA_FJ670542:sccmec_FJ670542_l32672_26 (length 105)
PROKKA_FJ670542/PROKKA_FJ670542:sccmec_FJ670542_l32672_27 (length 168)
PROKKA_FJ670542/PROKKA_FJ670542:sccmec_FJ670542_l32672_28 (length 103)
PROKKA_FJ670542/PROKKA_FJ670542:sccmec_FJ670542_l32672_29 (length 30)
PROKKA_FJ670542/PROKKA_FJ670542:sccmec_FJ670542_l32672_30 (length 116)
PROKKA_FJ670542/PROKKA_FJ670542:sccmec_FJ670542_l32672_31 (length 542)
PROKKA_FJ670542/PROKKA_FJ670542:sccmec_FJ670542_l32672_32 (length 453)
PROKKA_FJ670542/PROKKA_FJ670542:sccmec_FJ670542_l32672_33 (length 204)
PROKKA_FJ670542/PROKKA_FJ670542:sccmec_FJ670542_l32672_34 (length 47)
PROKKA_FJ670542/PROKKA_FJ670542:sccmec_FJ670542_l32672_35 (length 119)
PROKKA_FJ670542/PROKKA_FJ670542:sccmec_FJ670542_l32672_36 (length 108)
PROKKA_FJ670542/PROKKA_FJ670542:sccmec_FJ670542_l32672_37 (length 32)
PROKKA_FJ670542/PROKKA_FJ670542:sccmec_FJ670542_l32672_38 (length 641)

DiscRep_ALL:DISC_INCONSISTENT_MOLINFO_TECH::Molinfo Technique Report (some missing, all same)
DiscRep_SUB:DISC_INCONSISTENT_MOLINFO_TECH::technique (all missing)
DiscRep_SUB:DISC_INCONSISTENT_MOLINFO_TECH::1 Molinfos are missing field technique
PROKKA_FJ670542/PROKKA_FJ670542:sccmec_FJ670542_l32672 (length 32672)

