[17:10:40] This is prokka 1.12
[17:10:40] Written by Torsten Seemann <torsten.seemann@gmail.com>
[17:10:40] Homepage is https://github.com/tseemann/prokka
[17:10:40] Local time is Mon May 15 17:10:40 2017
[17:10:40] You are fsepulveda
[17:10:40] Operating system is linux
[17:10:40] You have BioPerl 1.006924
[17:10:40] System has 4 cores.
[17:10:40] Option --cpu asked for 8 cores, but system only has 4
[17:10:40] Will use maximum of 4 cores.
[17:10:40] Annotating as >>> Bacteria <<<
[17:10:40] Creating new output folder: PROKKA_FJ670542
[17:10:40] Running: mkdir -p PROKKA_FJ670542
[17:10:40] Using filename prefix: PROKKA_FJ670542.XXX
[17:10:40] Setting HMMER_NCPU=1
[17:10:40] Writing log to: PROKKA_FJ670542/PROKKA_FJ670542.log
[17:10:40] Command: /home/fsepulveda/Desktop/tesis/sccmec_classification/prokka-1.12/bin/prokka --genus Staphylococcus --prefix PROKKA_FJ670542 --addgenes --addmrna --locustag FJ670542_SCCmec /home/fsepulveda/Documents/parte2/229_sccmec/sccmec_FJ670542.fasta
[17:10:40] Appending to PATH: /home/fsepulveda/Desktop/tesis/sccmec_classification/prokka-1.12/bin/../binaries/linux
[17:10:40] Appending to PATH: /home/fsepulveda/Desktop/tesis/sccmec_classification/prokka-1.12/bin/../binaries/linux/../common
[17:10:40] Appending to PATH: /home/fsepulveda/Desktop/tesis/sccmec_classification/prokka-1.12/bin
[17:10:40] Looking for 'aragorn' - found /home/fsepulveda/Desktop/tesis/sccmec_classification/prokka-1.12/bin/../binaries/linux/aragorn
[17:10:40] Determined aragorn version is 1.2
[17:10:40] Looking for 'blastp' - found /usr/bin/blastp
[17:10:40] Determined blastp version is 2.2
[17:10:40] Looking for 'cmpress' - found /usr/bin/cmpress
[17:10:40] Determined cmpress version is 1.1
[17:10:40] Looking for 'cmscan' - found /usr/bin/cmscan
[17:10:40] Determined cmscan version is 1.1
[17:10:40] Looking for 'egrep' - found /bin/egrep
[17:10:40] Looking for 'find' - found /usr/bin/find
[17:10:40] Looking for 'grep' - found /bin/grep
[17:10:40] Looking for 'hmmpress' - found /usr/bin/hmmpress
[17:10:40] Determined hmmpress version is 3.1
[17:10:40] Looking for 'hmmscan' - found /usr/bin/hmmscan
[17:10:40] Determined hmmscan version is 3.1
[17:10:40] Looking for 'java' - found /usr/bin/java
[17:10:40] Looking for 'less' - found /usr/bin/less
[17:10:40] Looking for 'makeblastdb' - found /usr/bin/makeblastdb
[17:10:40] Determined makeblastdb version is 2.2
[17:10:40] Looking for 'minced' - found /home/fsepulveda/Desktop/tesis/sccmec_classification/prokka-1.12/bin/../binaries/linux/../common/minced
[17:10:40] Determined minced version is 2.0
[17:10:40] Looking for 'parallel' - found /home/fsepulveda/Desktop/tesis/sccmec_classification/prokka-1.12/bin/../binaries/linux/../common/parallel
[17:10:40] Determined parallel version is 20150122
[17:10:40] Looking for 'prodigal' - found /home/fsepulveda/Desktop/tesis/sccmec_classification/prokka-1.12/bin/../binaries/linux/prodigal
[17:10:40] Determined prodigal version is 2.6
[17:10:40] Looking for 'prokka-genbank_to_fasta_db' - found /home/fsepulveda/Desktop/tesis/sccmec_classification/prokka-1.12/bin/prokka-genbank_to_fasta_db
[17:10:40] Looking for 'sed' - found /bin/sed
[17:10:40] Looking for 'tbl2asn' - found /home/fsepulveda/Desktop/tesis/sccmec_classification/prokka-1.12/bin/../binaries/linux/tbl2asn
[17:10:40] Determined tbl2asn version is 25.3
[17:10:40] Using genetic code table 11.
[17:10:40] Loading and checking input file: /home/fsepulveda/Documents/parte2/229_sccmec/sccmec_FJ670542.fasta
[17:10:40] Wrote 1 contigs totalling 32672 bp.
[17:10:40] Predicting tRNAs and tmRNAs
[17:10:40] Running: aragorn -l -gc11  -w PROKKA_FJ670542\/PROKKA_FJ670542\.fna
[17:10:40] Found 0 tRNAs
[17:10:40] Predicting Ribosomal RNAs
[17:10:40] You need either Barrnap or RNAmmer installed to predict rRNAs!
[17:10:40] Skipping ncRNA search, enable with --rfam if desired.
[17:10:40] Total of 0 tRNA + rRNA features
[17:10:40] Searching for CRISPR repeats
[17:10:40] Found 0 CRISPRs
[17:10:40] Predicting coding sequences
[17:10:40] Contigs total 32672 bp, so using meta mode
[17:10:40] Running: prodigal -i PROKKA_FJ670542\/PROKKA_FJ670542\.fna -c -m -g 11 -p meta -f sco -q
[17:10:40] Found 38 CDS
[17:10:40] Connecting features back to sequences
[17:10:40] Not using genus-specific database. Try --usegenus to enable it.
[17:10:40] Annotating CDS, please be patient.
[17:10:40] Will use 4 CPUs for similarity searching.
[17:10:41] There are still 38 unannotated CDS left (started with 38)
[17:10:41] Will use blast to search against /home/fsepulveda/Desktop/tesis/sccmec_classification/prokka-1.12/bin/../db/kingdom/Bacteria/sprot with 4 CPUs
[17:10:41] Running: cat PROKKA_FJ670542\/sprot\.faa | parallel --gnu --plain -j 4 --block 1116 --recstart '>' --pipe blastp -query - -db /home/fsepulveda/Desktop/tesis/sccmec_classification/prokka-1.12/bin/../db/kingdom/Bacteria/sprot -evalue 1e-06 -num_threads 1 -num_descriptions 1 -num_alignments 1 -seg no > PROKKA_FJ670542\/sprot\.blast 2> /dev/null
[17:10:42] Modify product: Uncharacterized methyltransferase YcgJ => putative methyltransferase YcgJ
[17:10:42] Cleaned 1 /product names
[17:10:42] Deleting unwanted file: PROKKA_FJ670542/sprot.faa
[17:10:42] Deleting unwanted file: PROKKA_FJ670542/sprot.blast
[17:10:42] There are still 18 unannotated CDS left (started with 38)
[17:10:42] Will use hmmer3 to search against /home/fsepulveda/Desktop/tesis/sccmec_classification/prokka-1.12/bin/../db/hmm/HAMAP.hmm with 4 CPUs
[17:10:42] Running: cat PROKKA_FJ670542\/HAMAP\.hmm\.faa | parallel --gnu --plain -j 4 --block 334 --recstart '>' --pipe hmmscan --noali --notextw --acc -E 1e-06 --cpu 1 /home/fsepulveda/Desktop/tesis/sccmec_classification/prokka-1.12/bin/../db/hmm/HAMAP.hmm /dev/stdin > PROKKA_FJ670542\/HAMAP\.hmm\.hmmer3 2> /dev/null
[17:10:42] Deleting unwanted file: PROKKA_FJ670542/HAMAP.hmm.faa
[17:10:42] Deleting unwanted file: PROKKA_FJ670542/HAMAP.hmm.hmmer3
[17:10:42] Labelling remaining 18 proteins as 'hypothetical protein'
[17:10:42] Possible /pseudo 'Methicillin resistance regulatory protein MecI' at sccmec_FJ670542_l32672 position 9861
[17:10:42] Possible /pseudo 'Tyrosine recombinase XerC' at sccmec_FJ670542_l32672 position 20927
[17:10:42] Found 17 unique /gene codes.
[17:10:42] Fixed 2 duplicate /gene - mecI_1 mecI_2
[17:10:42] Fixed 2 duplicate /gene - xerC_1 xerC_2
[17:10:42] Fixed 2 duplicate /gene - pspE_1 pspE_2
[17:10:42] Fixed 3 colliding /gene names.
[17:10:42] Adding /locus_tag identifiers
[17:10:42] Assigned 38 locus_tags to CDS and RNA features.
[17:10:42] Writing outputs to PROKKA_FJ670542/
[17:10:42] Generating annotation statistics file
[17:10:42] Generating Genbank and Sequin files
[17:10:42] Running: tbl2asn -V b -a r10k -l paired-ends -M n -N 1 -y 'Annotated using prokka 1.12 from https://github.com/tseemann/prokka' -Z PROKKA_FJ670542\/PROKKA_FJ670542\.err -i PROKKA_FJ670542\/PROKKA_FJ670542\.fsa 2> /dev/null
[17:10:43] Deleting unwanted file: PROKKA_FJ670542/errorsummary.val
[17:10:43] Deleting unwanted file: PROKKA_FJ670542/PROKKA_FJ670542.dr
[17:10:43] Deleting unwanted file: PROKKA_FJ670542/PROKKA_FJ670542.fixedproducts
[17:10:43] Deleting unwanted file: PROKKA_FJ670542/PROKKA_FJ670542.ecn
[17:10:43] Deleting unwanted file: PROKKA_FJ670542/PROKKA_FJ670542.val
[17:10:43] Repairing broken .GBK output that tbl2asn produces...
[17:10:43] Running: sed 's/COORDINATES: profile/COORDINATES:profile/' < PROKKA_FJ670542\/PROKKA_FJ670542\.gbf > PROKKA_FJ670542\/PROKKA_FJ670542\.gbk
[17:10:43] Deleting unwanted file: PROKKA_FJ670542/PROKKA_FJ670542.gbf
[17:10:43] Output files:
[17:10:43] PROKKA_FJ670542/PROKKA_FJ670542.gbk
[17:10:43] PROKKA_FJ670542/PROKKA_FJ670542.tsv
[17:10:43] PROKKA_FJ670542/PROKKA_FJ670542.txt
[17:10:43] PROKKA_FJ670542/PROKKA_FJ670542.ffn
[17:10:43] PROKKA_FJ670542/PROKKA_FJ670542.log
[17:10:43] PROKKA_FJ670542/PROKKA_FJ670542.sqn
[17:10:43] PROKKA_FJ670542/PROKKA_FJ670542.gff
[17:10:43] PROKKA_FJ670542/PROKKA_FJ670542.faa
[17:10:43] PROKKA_FJ670542/PROKKA_FJ670542.fsa
[17:10:43] PROKKA_FJ670542/PROKKA_FJ670542.tbl
[17:10:43] PROKKA_FJ670542/PROKKA_FJ670542.err
[17:10:43] PROKKA_FJ670542/PROKKA_FJ670542.fna
[17:10:43] Annotation finished successfully.
[17:10:43] Walltime used: 0.05 minutes
[17:10:43] If you use this result please cite the Prokka paper:
[17:10:43] Seemann T (2014) Prokka: rapid prokaryotic genome annotation. Bioinformatics. 30(14):2068-9.
[17:10:43] Type 'prokka --citation' for more details.
[17:10:43] Share and enjoy!
