Discrepancy Report Results

Summary
FATAL: BAD_LOCUS_TAG_FORMAT:57 locus tags are incorrectly formatted.
FATAL: MISSING_PROTEIN_ID:57 proteins have invalid IDs.
DISC_SOURCE_QUALS_ASNDISC:strain (all present, all unique)
DISC_SOURCE_QUALS_ASNDISC:taxname (all present, all unique)
DISC_FEATURE_COUNT:gene: 57 present
DISC_FEATURE_COUNT:CDS: 57 present
DISC_FEATURE_COUNT:mRNA: 57 present
DISC_COUNT_NUCLEOTIDES:1 nucleotide Bioseqs are present
OVERLAPPING_GENES:14 genes overlap another gene on the same strand.
DISC_QUALITY_SCORES:Quality scores are missing on all sequences.
ONCALLER_COMMENT_PRESENT:1 comment descriptors were found (all same)
SHORT_PROT_SEQUENCES:2 protein sequences are shorter than 50 aa.
MISSING_GENOMEASSEMBLY_COMMENTS:1 bioseqs are missing GenomeAssembly structured comments
MOLTYPE_NOT_MRNA:1 molecule types are not set as mRNA.
TECHNIQUE_NOT_TSA:1 technique are not set as TSA
MISSING_STRUCTURED_COMMENT:1 sequences do not include structured comments.
MISSING_PROJECT:58 sequences do not include project.
DISC_INCONSISTENT_MOLINFO_TECH:Molinfo Technique Report (some missing, all same)


Detailed Report

FATAL: DiscRep_ALL:BAD_LOCUS_TAG_FORMAT::57 locus tags are incorrectly formatted.
PROKKA_CP014384/PROKKA_CP014384:Gene	rlmH	sccmec_saures_CP014384_l55005:1-480	CP014384_SCCmec_00001
PROKKA_CP014384/PROKKA_CP014384:Gene	CP014384_SCCmec_00002	sccmec_saures_CP014384_l55005:802-2058	CP014384_SCCmec_00002
PROKKA_CP014384/PROKKA_CP014384:Gene	CP014384_SCCmec_00003	sccmec_saures_CP014384_l55005:c2840-2166	CP014384_SCCmec_00003
PROKKA_CP014384/PROKKA_CP014384:Gene	CP014384_SCCmec_00004	sccmec_saures_CP014384_l55005:3098-3265	CP014384_SCCmec_00004
PROKKA_CP014384/PROKKA_CP014384:Gene	CP014384_SCCmec_00005	sccmec_saures_CP014384_l55005:3363-3593	CP014384_SCCmec_00005
PROKKA_CP014384/PROKKA_CP014384:Gene	ugpQ	sccmec_saures_CP014384_l55005:4062-4805	CP014384_SCCmec_00006
PROKKA_CP014384/PROKKA_CP014384:Gene	paaZ	sccmec_saures_CP014384_l55005:4902-5330	CP014384_SCCmec_00007
PROKKA_CP014384/PROKKA_CP014384:Gene	pbp	sccmec_saures_CP014384_l55005:c7382-5376	CP014384_SCCmec_00008
PROKKA_CP014384/PROKKA_CP014384:Gene	mecR1	sccmec_saures_CP014384_l55005:7482-8468	CP014384_SCCmec_00009
PROKKA_CP014384/PROKKA_CP014384:Gene	CP014384_SCCmec_00010	sccmec_saures_CP014384_l55005:8428-8700	CP014384_SCCmec_00010
PROKKA_CP014384/PROKKA_CP014384:Gene	CP014384_SCCmec_00011	sccmec_saures_CP014384_l55005:c10214-8691	CP014384_SCCmec_00011
PROKKA_CP014384/PROKKA_CP014384:Gene	CP014384_SCCmec_00012	sccmec_saures_CP014384_l55005:c10856-10350	CP014384_SCCmec_00012
PROKKA_CP014384/PROKKA_CP014384:Gene	CP014384_SCCmec_00013	sccmec_saures_CP014384_l55005:c11182-10871	CP014384_SCCmec_00013
PROKKA_CP014384/PROKKA_CP014384:Gene	CP014384_SCCmec_00014	sccmec_saures_CP014384_l55005:c11619-11269	CP014384_SCCmec_00014
PROKKA_CP014384/PROKKA_CP014384:Gene	CP014384_SCCmec_00015	sccmec_saures_CP014384_l55005:c13001-12141	CP014384_SCCmec_00015
PROKKA_CP014384/PROKKA_CP014384:Gene	hin_1	sccmec_saures_CP014384_l55005:c13768-13088	CP014384_SCCmec_00016
PROKKA_CP014384/PROKKA_CP014384:Gene	hin_2	sccmec_saures_CP014384_l55005:c15139-13790	CP014384_SCCmec_00017
PROKKA_CP014384/PROKKA_CP014384:Gene	CP014384_SCCmec_00018	sccmec_saures_CP014384_l55005:c17160-15373	CP014384_SCCmec_00018
PROKKA_CP014384/PROKKA_CP014384:Gene	CP014384_SCCmec_00019	sccmec_saures_CP014384_l55005:c17450-17160	CP014384_SCCmec_00019
PROKKA_CP014384/PROKKA_CP014384:Gene	CP014384_SCCmec_00020	sccmec_saures_CP014384_l55005:17547-18638	CP014384_SCCmec_00020
PROKKA_CP014384/PROKKA_CP014384:Gene	CP014384_SCCmec_00021	sccmec_saures_CP014384_l55005:19201-20691	CP014384_SCCmec_00021
PROKKA_CP014384/PROKKA_CP014384:Gene	gloC	sccmec_saures_CP014384_l55005:c22319-21315	CP014384_SCCmec_00022
PROKKA_CP014384/PROKKA_CP014384:Gene	CP014384_SCCmec_00023	sccmec_saures_CP014384_l55005:22438-22575	CP014384_SCCmec_00023
PROKKA_CP014384/PROKKA_CP014384:Gene	CP014384_SCCmec_00024	sccmec_saures_CP014384_l55005:22572-22943	CP014384_SCCmec_00024
PROKKA_CP014384/PROKKA_CP014384:Gene	CP014384_SCCmec_00025	sccmec_saures_CP014384_l55005:23072-23692	CP014384_SCCmec_00025
PROKKA_CP014384/PROKKA_CP014384:Gene	CP014384_SCCmec_00026	sccmec_saures_CP014384_l55005:c24779-24609	CP014384_SCCmec_00026
PROKKA_CP014384/PROKKA_CP014384:Gene	CP014384_SCCmec_00027	sccmec_saures_CP014384_l55005:25181-26146	CP014384_SCCmec_00027
PROKKA_CP014384/PROKKA_CP014384:Gene	CP014384_SCCmec_00028	sccmec_saures_CP014384_l55005:26526-26855	CP014384_SCCmec_00028
PROKKA_CP014384/PROKKA_CP014384:Gene	CP014384_SCCmec_00029	sccmec_saures_CP014384_l55005:c27291-26932	CP014384_SCCmec_00029
PROKKA_CP014384/PROKKA_CP014384:Gene	CP014384_SCCmec_00030	sccmec_saures_CP014384_l55005:c28671-27862	CP014384_SCCmec_00030
PROKKA_CP014384/PROKKA_CP014384:Gene	CP014384_SCCmec_00031	sccmec_saures_CP014384_l55005:28690-28872	CP014384_SCCmec_00031
PROKKA_CP014384/PROKKA_CP014384:Gene	speG	sccmec_saures_CP014384_l55005:c29680-29183	CP014384_SCCmec_00032
PROKKA_CP014384/PROKKA_CP014384:Gene	adhD	sccmec_saures_CP014384_l55005:30178-31305	CP014384_SCCmec_00033
PROKKA_CP014384/PROKKA_CP014384:Gene	CP014384_SCCmec_00034	sccmec_saures_CP014384_l55005:c31784-31560	CP014384_SCCmec_00034
PROKKA_CP014384/PROKKA_CP014384:Gene	CP014384_SCCmec_00035	sccmec_saures_CP014384_l55005:c32301-31798	CP014384_SCCmec_00035
PROKKA_CP014384/PROKKA_CP014384:Gene	CP014384_SCCmec_00036	sccmec_saures_CP014384_l55005:c32628-32317	CP014384_SCCmec_00036
PROKKA_CP014384/PROKKA_CP014384:Gene	CP014384_SCCmec_00037	sccmec_saures_CP014384_l55005:c32722-32630	CP014384_SCCmec_00037
PROKKA_CP014384/PROKKA_CP014384:Gene	CP014384_SCCmec_00038	sccmec_saures_CP014384_l55005:c33065-32715	CP014384_SCCmec_00038
PROKKA_CP014384/PROKKA_CP014384:Gene	CP014384_SCCmec_00039	sccmec_saures_CP014384_l55005:34022-34873	CP014384_SCCmec_00039
PROKKA_CP014384/PROKKA_CP014384:Gene	arcC1	sccmec_saures_CP014384_l55005:c35902-34973	CP014384_SCCmec_00040
PROKKA_CP014384/PROKKA_CP014384:Gene	argF	sccmec_saures_CP014384_l55005:c36920-35922	CP014384_SCCmec_00041
PROKKA_CP014384/PROKKA_CP014384:Gene	arcR	sccmec_saures_CP014384_l55005:c37647-36958	CP014384_SCCmec_00042
PROKKA_CP014384/PROKKA_CP014384:Gene	arcD	sccmec_saures_CP014384_l55005:c39110-37689	CP014384_SCCmec_00043
PROKKA_CP014384/PROKKA_CP014384:Gene	arcA	sccmec_saures_CP014384_l55005:c40431-39196	CP014384_SCCmec_00044
PROKKA_CP014384/PROKKA_CP014384:Gene	argR	sccmec_saures_CP014384_l55005:c41146-40700	CP014384_SCCmec_00045
PROKKA_CP014384/PROKKA_CP014384:Gene	CP014384_SCCmec_00046	sccmec_saures_CP014384_l55005:41648-42079	CP014384_SCCmec_00046
PROKKA_CP014384/PROKKA_CP014384:Gene	CP014384_SCCmec_00047	sccmec_saures_CP014384_l55005:42352-42597	CP014384_SCCmec_00047
PROKKA_CP014384/PROKKA_CP014384:Gene	CP014384_SCCmec_00048	sccmec_saures_CP014384_l55005:43213-44028	CP014384_SCCmec_00048
PROKKA_CP014384/PROKKA_CP014384:Gene	CP014384_SCCmec_00049	sccmec_saures_CP014384_l55005:44455-45528	CP014384_SCCmec_00049
PROKKA_CP014384/PROKKA_CP014384:Gene	cmoB	sccmec_saures_CP014384_l55005:45788-46480	CP014384_SCCmec_00050
PROKKA_CP014384/PROKKA_CP014384:Gene	nikA	sccmec_saures_CP014384_l55005:46477-48030	CP014384_SCCmec_00051
PROKKA_CP014384/PROKKA_CP014384:Gene	nikB	sccmec_saures_CP014384_l55005:48033-48989	CP014384_SCCmec_00052
PROKKA_CP014384/PROKKA_CP014384:Gene	gsiD	sccmec_saures_CP014384_l55005:48989-49756	CP014384_SCCmec_00053
PROKKA_CP014384/PROKKA_CP014384:Gene	oppD	sccmec_saures_CP014384_l55005:49723-50490	CP014384_SCCmec_00054
PROKKA_CP014384/PROKKA_CP014384:Gene	nikE	sccmec_saures_CP014384_l55005:50483-51118	CP014384_SCCmec_00055
PROKKA_CP014384/PROKKA_CP014384:Gene	copB	sccmec_saures_CP014384_l55005:52078-54201	CP014384_SCCmec_00056
PROKKA_CP014384/PROKKA_CP014384:Gene	CP014384_SCCmec_00057	sccmec_saures_CP014384_l55005:54219-54764	CP014384_SCCmec_00057

FATAL: DiscRep_ALL:MISSING_PROTEIN_ID::57 proteins have invalid IDs.
PROKKA_CP014384/PROKKA_CP014384:sccmec_saures_CP014384_l55005_1 (length 159)
PROKKA_CP014384/PROKKA_CP014384:sccmec_saures_CP014384_l55005_2 (length 418)
PROKKA_CP014384/PROKKA_CP014384:sccmec_saures_CP014384_l55005_3 (length 224)
PROKKA_CP014384/PROKKA_CP014384:sccmec_saures_CP014384_l55005_4 (length 55)
PROKKA_CP014384/PROKKA_CP014384:sccmec_saures_CP014384_l55005_5 (length 76)
PROKKA_CP014384/PROKKA_CP014384:sccmec_saures_CP014384_l55005_6 (length 247)
PROKKA_CP014384/PROKKA_CP014384:sccmec_saures_CP014384_l55005_7 (length 142)
PROKKA_CP014384/PROKKA_CP014384:sccmec_saures_CP014384_l55005_8 (length 668)
PROKKA_CP014384/PROKKA_CP014384:sccmec_saures_CP014384_l55005_9 (length 328)
PROKKA_CP014384/PROKKA_CP014384:sccmec_saures_CP014384_l55005_10 (length 90)
PROKKA_CP014384/PROKKA_CP014384:sccmec_saures_CP014384_l55005_11 (length 507)
PROKKA_CP014384/PROKKA_CP014384:sccmec_saures_CP014384_l55005_12 (length 168)
PROKKA_CP014384/PROKKA_CP014384:sccmec_saures_CP014384_l55005_13 (length 103)
PROKKA_CP014384/PROKKA_CP014384:sccmec_saures_CP014384_l55005_14 (length 116)
PROKKA_CP014384/PROKKA_CP014384:sccmec_saures_CP014384_l55005_15 (length 286)
PROKKA_CP014384/PROKKA_CP014384:sccmec_saures_CP014384_l55005_16 (length 226)
PROKKA_CP014384/PROKKA_CP014384:sccmec_saures_CP014384_l55005_17 (length 449)
PROKKA_CP014384/PROKKA_CP014384:sccmec_saures_CP014384_l55005_18 (length 595)
PROKKA_CP014384/PROKKA_CP014384:sccmec_saures_CP014384_l55005_19 (length 96)
PROKKA_CP014384/PROKKA_CP014384:sccmec_saures_CP014384_l55005_20 (length 363)
PROKKA_CP014384/PROKKA_CP014384:sccmec_saures_CP014384_l55005_21 (length 496)
PROKKA_CP014384/PROKKA_CP014384:sccmec_saures_CP014384_l55005_22 (length 334)
PROKKA_CP014384/PROKKA_CP014384:sccmec_saures_CP014384_l55005_23 (length 45)
PROKKA_CP014384/PROKKA_CP014384:sccmec_saures_CP014384_l55005_24 (length 123)
PROKKA_CP014384/PROKKA_CP014384:sccmec_saures_CP014384_l55005_25 (length 206)
PROKKA_CP014384/PROKKA_CP014384:sccmec_saures_CP014384_l55005_26 (length 56)
PROKKA_CP014384/PROKKA_CP014384:sccmec_saures_CP014384_l55005_27 (length 321)
PROKKA_CP014384/PROKKA_CP014384:sccmec_saures_CP014384_l55005_28 (length 109)
PROKKA_CP014384/PROKKA_CP014384:sccmec_saures_CP014384_l55005_29 (length 119)
PROKKA_CP014384/PROKKA_CP014384:sccmec_saures_CP014384_l55005_30 (length 269)
PROKKA_CP014384/PROKKA_CP014384:sccmec_saures_CP014384_l55005_31 (length 60)
PROKKA_CP014384/PROKKA_CP014384:sccmec_saures_CP014384_l55005_32 (length 165)
PROKKA_CP014384/PROKKA_CP014384:sccmec_saures_CP014384_l55005_33 (length 375)
PROKKA_CP014384/PROKKA_CP014384:sccmec_saures_CP014384_l55005_34 (length 74)
PROKKA_CP014384/PROKKA_CP014384:sccmec_saures_CP014384_l55005_35 (length 167)
PROKKA_CP014384/PROKKA_CP014384:sccmec_saures_CP014384_l55005_36 (length 103)
PROKKA_CP014384/PROKKA_CP014384:sccmec_saures_CP014384_l55005_37 (length 30)
PROKKA_CP014384/PROKKA_CP014384:sccmec_saures_CP014384_l55005_38 (length 116)
PROKKA_CP014384/PROKKA_CP014384:sccmec_saures_CP014384_l55005_39 (length 283)
PROKKA_CP014384/PROKKA_CP014384:sccmec_saures_CP014384_l55005_40 (length 309)
PROKKA_CP014384/PROKKA_CP014384:sccmec_saures_CP014384_l55005_41 (length 332)
PROKKA_CP014384/PROKKA_CP014384:sccmec_saures_CP014384_l55005_42 (length 229)
PROKKA_CP014384/PROKKA_CP014384:sccmec_saures_CP014384_l55005_43 (length 473)
PROKKA_CP014384/PROKKA_CP014384:sccmec_saures_CP014384_l55005_44 (length 411)
PROKKA_CP014384/PROKKA_CP014384:sccmec_saures_CP014384_l55005_45 (length 148)
PROKKA_CP014384/PROKKA_CP014384:sccmec_saures_CP014384_l55005_46 (length 143)
PROKKA_CP014384/PROKKA_CP014384:sccmec_saures_CP014384_l55005_47 (length 81)
PROKKA_CP014384/PROKKA_CP014384:sccmec_saures_CP014384_l55005_48 (length 271)
PROKKA_CP014384/PROKKA_CP014384:sccmec_saures_CP014384_l55005_49 (length 357)
PROKKA_CP014384/PROKKA_CP014384:sccmec_saures_CP014384_l55005_50 (length 230)
PROKKA_CP014384/PROKKA_CP014384:sccmec_saures_CP014384_l55005_51 (length 517)
PROKKA_CP014384/PROKKA_CP014384:sccmec_saures_CP014384_l55005_52 (length 318)
PROKKA_CP014384/PROKKA_CP014384:sccmec_saures_CP014384_l55005_53 (length 255)
PROKKA_CP014384/PROKKA_CP014384:sccmec_saures_CP014384_l55005_54 (length 255)
PROKKA_CP014384/PROKKA_CP014384:sccmec_saures_CP014384_l55005_55 (length 211)
PROKKA_CP014384/PROKKA_CP014384:sccmec_saures_CP014384_l55005_56 (length 707)
PROKKA_CP014384/PROKKA_CP014384:sccmec_saures_CP014384_l55005_57 (length 181)

DiscRep_ALL:DISC_SOURCE_QUALS_ASNDISC::strain (all present, all unique)
DiscRep_SUB:DISC_SOURCE_QUALS_ASNDISC::1 sources have unique values for strain
DiscRep_ALL:DISC_SOURCE_QUALS_ASNDISC::taxname (all present, all unique)
DiscRep_SUB:DISC_SOURCE_QUALS_ASNDISC::1 sources have unique values for taxname
DiscRep_ALL:DISC_FEATURE_COUNT::gene: 57 present
DiscRep_ALL:DISC_FEATURE_COUNT::CDS: 57 present
DiscRep_ALL:DISC_FEATURE_COUNT::mRNA: 57 present
DiscRep_ALL:DISC_COUNT_NUCLEOTIDES::1 nucleotide Bioseqs are present
PROKKA_CP014384/PROKKA_CP014384:sccmec_saures_CP014384_l55005 (length 55005)

DiscRep_ALL:OVERLAPPING_GENES::14 genes overlap another gene on the same strand.
PROKKA_CP014384/PROKKA_CP014384:Gene	mecR1	sccmec_saures_CP014384_l55005:7482-8468	CP014384_SCCmec_00009
PROKKA_CP014384/PROKKA_CP014384:Gene	CP014384_SCCmec_00010	sccmec_saures_CP014384_l55005:8428-8700	CP014384_SCCmec_00010
PROKKA_CP014384/PROKKA_CP014384:Gene	CP014384_SCCmec_00018	sccmec_saures_CP014384_l55005:c17160-15373	CP014384_SCCmec_00018
PROKKA_CP014384/PROKKA_CP014384:Gene	CP014384_SCCmec_00019	sccmec_saures_CP014384_l55005:c17450-17160	CP014384_SCCmec_00019
PROKKA_CP014384/PROKKA_CP014384:Gene	CP014384_SCCmec_00023	sccmec_saures_CP014384_l55005:22438-22575	CP014384_SCCmec_00023
PROKKA_CP014384/PROKKA_CP014384:Gene	CP014384_SCCmec_00024	sccmec_saures_CP014384_l55005:22572-22943	CP014384_SCCmec_00024
PROKKA_CP014384/PROKKA_CP014384:Gene	CP014384_SCCmec_00037	sccmec_saures_CP014384_l55005:c32722-32630	CP014384_SCCmec_00037
PROKKA_CP014384/PROKKA_CP014384:Gene	CP014384_SCCmec_00038	sccmec_saures_CP014384_l55005:c33065-32715	CP014384_SCCmec_00038
PROKKA_CP014384/PROKKA_CP014384:Gene	cmoB	sccmec_saures_CP014384_l55005:45788-46480	CP014384_SCCmec_00050
PROKKA_CP014384/PROKKA_CP014384:Gene	nikA	sccmec_saures_CP014384_l55005:46477-48030	CP014384_SCCmec_00051
PROKKA_CP014384/PROKKA_CP014384:Gene	nikB	sccmec_saures_CP014384_l55005:48033-48989	CP014384_SCCmec_00052
PROKKA_CP014384/PROKKA_CP014384:Gene	gsiD	sccmec_saures_CP014384_l55005:48989-49756	CP014384_SCCmec_00053
PROKKA_CP014384/PROKKA_CP014384:Gene	oppD	sccmec_saures_CP014384_l55005:49723-50490	CP014384_SCCmec_00054
PROKKA_CP014384/PROKKA_CP014384:Gene	nikE	sccmec_saures_CP014384_l55005:50483-51118	CP014384_SCCmec_00055

DiscRep_ALL:DISC_QUALITY_SCORES::Quality scores are missing on all sequences.

DiscRep_ALL:ONCALLER_COMMENT_PRESENT::1 comment descriptors were found (all same)
PROKKA_CP014384/PROKKA_CP014384:sccmec_saures_CP014384_l55005:Annotated using prokka 1.12 from https://github.com/tseemann/prokka

DiscRep_ALL:SHORT_PROT_SEQUENCES::2 protein sequences are shorter than 50 aa.
PROKKA_CP014384/PROKKA_CP014384:sccmec_saures_CP014384_l55005_23 (length 45)
PROKKA_CP014384/PROKKA_CP014384:sccmec_saures_CP014384_l55005_37 (length 30)

DiscRep_ALL:MISSING_GENOMEASSEMBLY_COMMENTS::1 bioseqs are missing GenomeAssembly structured comments
PROKKA_CP014384/PROKKA_CP014384:sccmec_saures_CP014384_l55005 (length 55005)

DiscRep_ALL:MOLTYPE_NOT_MRNA::1 molecule types are not set as mRNA.
PROKKA_CP014384/PROKKA_CP014384:sccmec_saures_CP014384_l55005 (length 55005)

DiscRep_ALL:TECHNIQUE_NOT_TSA::1 technique are not set as TSA
PROKKA_CP014384/PROKKA_CP014384:sccmec_saures_CP014384_l55005 (length 55005)

DiscRep_ALL:MISSING_STRUCTURED_COMMENT::1 sequences do not include structured comments.
PROKKA_CP014384/PROKKA_CP014384:sccmec_saures_CP014384_l55005 (length 55005)

DiscRep_ALL:MISSING_PROJECT::58 sequences do not include project.
PROKKA_CP014384/PROKKA_CP014384:sccmec_saures_CP014384_l55005 (length 55005)
PROKKA_CP014384/PROKKA_CP014384:sccmec_saures_CP014384_l55005_1 (length 159)
PROKKA_CP014384/PROKKA_CP014384:sccmec_saures_CP014384_l55005_2 (length 418)
PROKKA_CP014384/PROKKA_CP014384:sccmec_saures_CP014384_l55005_3 (length 224)
PROKKA_CP014384/PROKKA_CP014384:sccmec_saures_CP014384_l55005_4 (length 55)
PROKKA_CP014384/PROKKA_CP014384:sccmec_saures_CP014384_l55005_5 (length 76)
PROKKA_CP014384/PROKKA_CP014384:sccmec_saures_CP014384_l55005_6 (length 247)
PROKKA_CP014384/PROKKA_CP014384:sccmec_saures_CP014384_l55005_7 (length 142)
PROKKA_CP014384/PROKKA_CP014384:sccmec_saures_CP014384_l55005_8 (length 668)
PROKKA_CP014384/PROKKA_CP014384:sccmec_saures_CP014384_l55005_9 (length 328)
PROKKA_CP014384/PROKKA_CP014384:sccmec_saures_CP014384_l55005_10 (length 90)
PROKKA_CP014384/PROKKA_CP014384:sccmec_saures_CP014384_l55005_11 (length 507)
PROKKA_CP014384/PROKKA_CP014384:sccmec_saures_CP014384_l55005_12 (length 168)
PROKKA_CP014384/PROKKA_CP014384:sccmec_saures_CP014384_l55005_13 (length 103)
PROKKA_CP014384/PROKKA_CP014384:sccmec_saures_CP014384_l55005_14 (length 116)
PROKKA_CP014384/PROKKA_CP014384:sccmec_saures_CP014384_l55005_15 (length 286)
PROKKA_CP014384/PROKKA_CP014384:sccmec_saures_CP014384_l55005_16 (length 226)
PROKKA_CP014384/PROKKA_CP014384:sccmec_saures_CP014384_l55005_17 (length 449)
PROKKA_CP014384/PROKKA_CP014384:sccmec_saures_CP014384_l55005_18 (length 595)
PROKKA_CP014384/PROKKA_CP014384:sccmec_saures_CP014384_l55005_19 (length 96)
PROKKA_CP014384/PROKKA_CP014384:sccmec_saures_CP014384_l55005_20 (length 363)
PROKKA_CP014384/PROKKA_CP014384:sccmec_saures_CP014384_l55005_21 (length 496)
PROKKA_CP014384/PROKKA_CP014384:sccmec_saures_CP014384_l55005_22 (length 334)
PROKKA_CP014384/PROKKA_CP014384:sccmec_saures_CP014384_l55005_23 (length 45)
PROKKA_CP014384/PROKKA_CP014384:sccmec_saures_CP014384_l55005_24 (length 123)
PROKKA_CP014384/PROKKA_CP014384:sccmec_saures_CP014384_l55005_25 (length 206)
PROKKA_CP014384/PROKKA_CP014384:sccmec_saures_CP014384_l55005_26 (length 56)
PROKKA_CP014384/PROKKA_CP014384:sccmec_saures_CP014384_l55005_27 (length 321)
PROKKA_CP014384/PROKKA_CP014384:sccmec_saures_CP014384_l55005_28 (length 109)
PROKKA_CP014384/PROKKA_CP014384:sccmec_saures_CP014384_l55005_29 (length 119)
PROKKA_CP014384/PROKKA_CP014384:sccmec_saures_CP014384_l55005_30 (length 269)
PROKKA_CP014384/PROKKA_CP014384:sccmec_saures_CP014384_l55005_31 (length 60)
PROKKA_CP014384/PROKKA_CP014384:sccmec_saures_CP014384_l55005_32 (length 165)
PROKKA_CP014384/PROKKA_CP014384:sccmec_saures_CP014384_l55005_33 (length 375)
PROKKA_CP014384/PROKKA_CP014384:sccmec_saures_CP014384_l55005_34 (length 74)
PROKKA_CP014384/PROKKA_CP014384:sccmec_saures_CP014384_l55005_35 (length 167)
PROKKA_CP014384/PROKKA_CP014384:sccmec_saures_CP014384_l55005_36 (length 103)
PROKKA_CP014384/PROKKA_CP014384:sccmec_saures_CP014384_l55005_37 (length 30)
PROKKA_CP014384/PROKKA_CP014384:sccmec_saures_CP014384_l55005_38 (length 116)
PROKKA_CP014384/PROKKA_CP014384:sccmec_saures_CP014384_l55005_39 (length 283)
PROKKA_CP014384/PROKKA_CP014384:sccmec_saures_CP014384_l55005_40 (length 309)
PROKKA_CP014384/PROKKA_CP014384:sccmec_saures_CP014384_l55005_41 (length 332)
PROKKA_CP014384/PROKKA_CP014384:sccmec_saures_CP014384_l55005_42 (length 229)
PROKKA_CP014384/PROKKA_CP014384:sccmec_saures_CP014384_l55005_43 (length 473)
PROKKA_CP014384/PROKKA_CP014384:sccmec_saures_CP014384_l55005_44 (length 411)
PROKKA_CP014384/PROKKA_CP014384:sccmec_saures_CP014384_l55005_45 (length 148)
PROKKA_CP014384/PROKKA_CP014384:sccmec_saures_CP014384_l55005_46 (length 143)
PROKKA_CP014384/PROKKA_CP014384:sccmec_saures_CP014384_l55005_47 (length 81)
PROKKA_CP014384/PROKKA_CP014384:sccmec_saures_CP014384_l55005_48 (length 271)
PROKKA_CP014384/PROKKA_CP014384:sccmec_saures_CP014384_l55005_49 (length 357)
PROKKA_CP014384/PROKKA_CP014384:sccmec_saures_CP014384_l55005_50 (length 230)
PROKKA_CP014384/PROKKA_CP014384:sccmec_saures_CP014384_l55005_51 (length 517)
PROKKA_CP014384/PROKKA_CP014384:sccmec_saures_CP014384_l55005_52 (length 318)
PROKKA_CP014384/PROKKA_CP014384:sccmec_saures_CP014384_l55005_53 (length 255)
PROKKA_CP014384/PROKKA_CP014384:sccmec_saures_CP014384_l55005_54 (length 255)
PROKKA_CP014384/PROKKA_CP014384:sccmec_saures_CP014384_l55005_55 (length 211)
PROKKA_CP014384/PROKKA_CP014384:sccmec_saures_CP014384_l55005_56 (length 707)
PROKKA_CP014384/PROKKA_CP014384:sccmec_saures_CP014384_l55005_57 (length 181)

DiscRep_ALL:DISC_INCONSISTENT_MOLINFO_TECH::Molinfo Technique Report (some missing, all same)
DiscRep_SUB:DISC_INCONSISTENT_MOLINFO_TECH::technique (all missing)
DiscRep_SUB:DISC_INCONSISTENT_MOLINFO_TECH::1 Molinfos are missing field technique
PROKKA_CP014384/PROKKA_CP014384:sccmec_saures_CP014384_l55005 (length 55005)

