[17:11:57] This is prokka 1.12
[17:11:57] Written by Torsten Seemann <torsten.seemann@gmail.com>
[17:11:57] Homepage is https://github.com/tseemann/prokka
[17:11:57] Local time is Mon May 15 17:11:57 2017
[17:11:57] You are fsepulveda
[17:11:57] Operating system is linux
[17:11:57] You have BioPerl 1.006924
[17:11:57] System has 4 cores.
[17:11:57] Option --cpu asked for 8 cores, but system only has 4
[17:11:57] Will use maximum of 4 cores.
[17:11:57] Annotating as >>> Bacteria <<<
[17:11:57] Creating new output folder: PROKKA_NC_017331
[17:11:57] Running: mkdir -p PROKKA_NC_017331
[17:11:57] Using filename prefix: PROKKA_NC_017331.XXX
[17:11:57] Setting HMMER_NCPU=1
[17:11:57] Writing log to: PROKKA_NC_017331/PROKKA_NC_017331.log
[17:11:57] Command: /home/fsepulveda/Desktop/tesis/sccmec_classification/prokka-1.12/bin/prokka --genus Staphylococcus --prefix PROKKA_NC_017331 --addgenes --addmrna --locustag NC_017331_SCCmec /home/fsepulveda/Documents/parte2/229_sccmec/sccmec_NC_017331.fasta
[17:11:57] Appending to PATH: /home/fsepulveda/Desktop/tesis/sccmec_classification/prokka-1.12/bin/../binaries/linux
[17:11:57] Appending to PATH: /home/fsepulveda/Desktop/tesis/sccmec_classification/prokka-1.12/bin/../binaries/linux/../common
[17:11:57] Appending to PATH: /home/fsepulveda/Desktop/tesis/sccmec_classification/prokka-1.12/bin
[17:11:57] Looking for 'aragorn' - found /home/fsepulveda/Desktop/tesis/sccmec_classification/prokka-1.12/bin/../binaries/linux/aragorn
[17:11:57] Determined aragorn version is 1.2
[17:11:57] Looking for 'blastp' - found /usr/bin/blastp
[17:11:57] Determined blastp version is 2.2
[17:11:57] Looking for 'cmpress' - found /usr/bin/cmpress
[17:11:57] Determined cmpress version is 1.1
[17:11:57] Looking for 'cmscan' - found /usr/bin/cmscan
[17:11:57] Determined cmscan version is 1.1
[17:11:57] Looking for 'egrep' - found /bin/egrep
[17:11:57] Looking for 'find' - found /usr/bin/find
[17:11:57] Looking for 'grep' - found /bin/grep
[17:11:57] Looking for 'hmmpress' - found /usr/bin/hmmpress
[17:11:57] Determined hmmpress version is 3.1
[17:11:57] Looking for 'hmmscan' - found /usr/bin/hmmscan
[17:11:57] Determined hmmscan version is 3.1
[17:11:57] Looking for 'java' - found /usr/bin/java
[17:11:57] Looking for 'less' - found /usr/bin/less
[17:11:57] Looking for 'makeblastdb' - found /usr/bin/makeblastdb
[17:11:57] Determined makeblastdb version is 2.2
[17:11:57] Looking for 'minced' - found /home/fsepulveda/Desktop/tesis/sccmec_classification/prokka-1.12/bin/../binaries/linux/../common/minced
[17:11:57] Determined minced version is 2.0
[17:11:57] Looking for 'parallel' - found /home/fsepulveda/Desktop/tesis/sccmec_classification/prokka-1.12/bin/../binaries/linux/../common/parallel
[17:11:57] Determined parallel version is 20150122
[17:11:57] Looking for 'prodigal' - found /home/fsepulveda/Desktop/tesis/sccmec_classification/prokka-1.12/bin/../binaries/linux/prodigal
[17:11:57] Determined prodigal version is 2.6
[17:11:57] Looking for 'prokka-genbank_to_fasta_db' - found /home/fsepulveda/Desktop/tesis/sccmec_classification/prokka-1.12/bin/prokka-genbank_to_fasta_db
[17:11:57] Looking for 'sed' - found /bin/sed
[17:11:57] Looking for 'tbl2asn' - found /home/fsepulveda/Desktop/tesis/sccmec_classification/prokka-1.12/bin/../binaries/linux/tbl2asn
[17:11:57] Determined tbl2asn version is 25.3
[17:11:57] Using genetic code table 11.
[17:11:57] Loading and checking input file: /home/fsepulveda/Documents/parte2/229_sccmec/sccmec_NC_017331.fasta
[17:11:57] Wrote 1 contigs totalling 68844 bp.
[17:11:57] Predicting tRNAs and tmRNAs
[17:11:57] Running: aragorn -l -gc11  -w PROKKA_NC_017331\/PROKKA_NC_017331\.fna
[17:11:57] Found 0 tRNAs
[17:11:57] Predicting Ribosomal RNAs
[17:11:57] You need either Barrnap or RNAmmer installed to predict rRNAs!
[17:11:57] Skipping ncRNA search, enable with --rfam if desired.
[17:11:57] Total of 0 tRNA + rRNA features
[17:11:57] Searching for CRISPR repeats
[17:11:57] Found 0 CRISPRs
[17:11:57] Predicting coding sequences
[17:11:57] Contigs total 68844 bp, so using meta mode
[17:11:57] Running: prodigal -i PROKKA_NC_017331\/PROKKA_NC_017331\.fna -c -m -g 11 -p meta -f sco -q
[17:11:57] Found 77 CDS
[17:11:57] Connecting features back to sequences
[17:11:57] Not using genus-specific database. Try --usegenus to enable it.
[17:11:57] Annotating CDS, please be patient.
[17:11:57] Will use 4 CPUs for similarity searching.
[17:11:57] There are still 77 unannotated CDS left (started with 77)
[17:11:57] Will use blast to search against /home/fsepulveda/Desktop/tesis/sccmec_classification/prokka-1.12/bin/../db/kingdom/Bacteria/sprot with 4 CPUs
[17:11:57] Running: cat PROKKA_NC_017331\/sprot\.faa | parallel --gnu --plain -j 4 --block 2459 --recstart '>' --pipe blastp -query - -db /home/fsepulveda/Desktop/tesis/sccmec_classification/prokka-1.12/bin/../db/kingdom/Bacteria/sprot -evalue 1e-06 -num_threads 1 -num_descriptions 1 -num_alignments 1 -seg no > PROKKA_NC_017331\/sprot\.blast 2> /dev/null
[17:11:59] Modify product: Uncharacterized HTH-type transcriptional regulator SACOL2360 => putative HTH-type transcriptional regulator
[17:11:59] Modify product: Uncharacterized methyltransferase YcgJ => putative methyltransferase YcgJ
[17:11:59] Modify product: Probable transport protein HsrA => putative transport protein HsrA
[17:11:59] Modify product: Probable cadmium-transporting ATPase => putative cadmium-transporting ATPase
[17:11:59] Cleaned 4 /product names
[17:11:59] Deleting unwanted file: PROKKA_NC_017331/sprot.faa
[17:11:59] Deleting unwanted file: PROKKA_NC_017331/sprot.blast
[17:11:59] There are still 45 unannotated CDS left (started with 77)
[17:11:59] Will use hmmer3 to search against /home/fsepulveda/Desktop/tesis/sccmec_classification/prokka-1.12/bin/../db/hmm/HAMAP.hmm with 4 CPUs
[17:11:59] Running: cat PROKKA_NC_017331\/HAMAP\.hmm\.faa | parallel --gnu --plain -j 4 --block 1030 --recstart '>' --pipe hmmscan --noali --notextw --acc -E 1e-06 --cpu 1 /home/fsepulveda/Desktop/tesis/sccmec_classification/prokka-1.12/bin/../db/hmm/HAMAP.hmm /dev/stdin > PROKKA_NC_017331\/HAMAP\.hmm\.hmmer3 2> /dev/null
[17:12:00] Deleting unwanted file: PROKKA_NC_017331/HAMAP.hmm.faa
[17:12:00] Deleting unwanted file: PROKKA_NC_017331/HAMAP.hmm.hmmer3
[17:12:00] Labelling remaining 45 proteins as 'hypothetical protein'
[17:12:00] Possible /pseudo 'Tyrosine recombinase XerC' at sccmec_saures_NC_017331_l68844 position 12545
[17:12:00] Found 27 unique /gene codes.
[17:12:00] Fixed 2 duplicate /gene - hin_1 hin_2
[17:12:00] Fixed 3 duplicate /gene - xerC_1 xerC_2 xerC_3
[17:12:00] Fixed 2 duplicate /gene - pspE_1 pspE_2
[17:12:00] Fixed 3 colliding /gene names.
[17:12:00] Adding /locus_tag identifiers
[17:12:00] Assigned 77 locus_tags to CDS and RNA features.
[17:12:00] Writing outputs to PROKKA_NC_017331/
[17:12:01] Generating annotation statistics file
[17:12:01] Generating Genbank and Sequin files
[17:12:01] Running: tbl2asn -V b -a r10k -l paired-ends -M n -N 1 -y 'Annotated using prokka 1.12 from https://github.com/tseemann/prokka' -Z PROKKA_NC_017331\/PROKKA_NC_017331\.err -i PROKKA_NC_017331\/PROKKA_NC_017331\.fsa 2> /dev/null
[17:12:01] Deleting unwanted file: PROKKA_NC_017331/errorsummary.val
[17:12:01] Deleting unwanted file: PROKKA_NC_017331/PROKKA_NC_017331.dr
[17:12:01] Deleting unwanted file: PROKKA_NC_017331/PROKKA_NC_017331.fixedproducts
[17:12:01] Deleting unwanted file: PROKKA_NC_017331/PROKKA_NC_017331.ecn
[17:12:01] Deleting unwanted file: PROKKA_NC_017331/PROKKA_NC_017331.val
[17:12:01] Repairing broken .GBK output that tbl2asn produces...
[17:12:01] Running: sed 's/COORDINATES: profile/COORDINATES:profile/' < PROKKA_NC_017331\/PROKKA_NC_017331\.gbf > PROKKA_NC_017331\/PROKKA_NC_017331\.gbk
[17:12:01] Deleting unwanted file: PROKKA_NC_017331/PROKKA_NC_017331.gbf
[17:12:01] Output files:
[17:12:01] PROKKA_NC_017331/PROKKA_NC_017331.gff
[17:12:01] PROKKA_NC_017331/PROKKA_NC_017331.txt
[17:12:01] PROKKA_NC_017331/PROKKA_NC_017331.tbl
[17:12:01] PROKKA_NC_017331/PROKKA_NC_017331.gbk
[17:12:01] PROKKA_NC_017331/PROKKA_NC_017331.fsa
[17:12:01] PROKKA_NC_017331/PROKKA_NC_017331.faa
[17:12:01] PROKKA_NC_017331/PROKKA_NC_017331.fna
[17:12:01] PROKKA_NC_017331/PROKKA_NC_017331.err
[17:12:01] PROKKA_NC_017331/PROKKA_NC_017331.log
[17:12:01] PROKKA_NC_017331/PROKKA_NC_017331.ffn
[17:12:01] PROKKA_NC_017331/PROKKA_NC_017331.tsv
[17:12:01] PROKKA_NC_017331/PROKKA_NC_017331.sqn
[17:12:01] Annotation finished successfully.
[17:12:01] Walltime used: 0.07 minutes
[17:12:01] If you use this result please cite the Prokka paper:
[17:12:01] Seemann T (2014) Prokka: rapid prokaryotic genome annotation. Bioinformatics. 30(14):2068-9.
[17:12:01] Type 'prokka --citation' for more details.
[17:12:01] Thank you, come again.
