Discrepancy Report Results

Summary
FATAL: BAD_LOCUS_TAG_FORMAT:56 locus tags are incorrectly formatted.
FATAL: MISSING_PROTEIN_ID:56 proteins have invalid IDs.
DISC_SOURCE_QUALS_ASNDISC:strain (all present, all unique)
DISC_SOURCE_QUALS_ASNDISC:taxname (all present, all unique)
DISC_FEATURE_COUNT:gene: 56 present
DISC_FEATURE_COUNT:CDS: 56 present
DISC_FEATURE_COUNT:mRNA: 56 present
DISC_COUNT_NUCLEOTIDES:1 nucleotide Bioseqs are present
OVERLAPPING_GENES:10 genes overlap another gene on the same strand.
OVERLAPPING_CDS:2 coding regions overlap another coding region with a similar or identical name.
DISC_QUALITY_SCORES:Quality scores are missing on all sequences.
ONCALLER_COMMENT_PRESENT:1 comment descriptors were found (all same)
SHORT_PROT_SEQUENCES:2 protein sequences are shorter than 50 aa.
MISSING_GENOMEASSEMBLY_COMMENTS:1 bioseqs are missing GenomeAssembly structured comments
MOLTYPE_NOT_MRNA:1 molecule types are not set as mRNA.
TECHNIQUE_NOT_TSA:1 technique are not set as TSA
MISSING_STRUCTURED_COMMENT:1 sequences do not include structured comments.
MISSING_PROJECT:57 sequences do not include project.
DISC_INCONSISTENT_MOLINFO_TECH:Molinfo Technique Report (some missing, all same)


Detailed Report

FATAL: DiscRep_ALL:BAD_LOCUS_TAG_FORMAT::56 locus tags are incorrectly formatted.
PROKKA_BA000017/PROKKA_BA000017:Gene	rlmH	sccmec_saures_BA000017_l53425:1-480	BA000017_SCCmec_00001
PROKKA_BA000017/PROKKA_BA000017:Gene	BA000017_SCCmec_00002	sccmec_saures_BA000017_l53425:763-2058	BA000017_SCCmec_00002
PROKKA_BA000017/PROKKA_BA000017:Gene	BA000017_SCCmec_00003	sccmec_saures_BA000017_l53425:2473-2712	BA000017_SCCmec_00003
PROKKA_BA000017/PROKKA_BA000017:Gene	BA000017_SCCmec_00004	sccmec_saures_BA000017_l53425:c3418-2744	BA000017_SCCmec_00004
PROKKA_BA000017/PROKKA_BA000017:Gene	BA000017_SCCmec_00005	sccmec_saures_BA000017_l53425:c3706-3509	BA000017_SCCmec_00005
PROKKA_BA000017/PROKKA_BA000017:Gene	BA000017_SCCmec_00006	sccmec_saures_BA000017_l53425:c4513-3719	BA000017_SCCmec_00006
PROKKA_BA000017/PROKKA_BA000017:Gene	BA000017_SCCmec_00007	sccmec_saures_BA000017_l53425:4666-4755	BA000017_SCCmec_00007
PROKKA_BA000017/PROKKA_BA000017:Gene	pre	sccmec_saures_BA000017_l53425:c5999-4737	BA000017_SCCmec_00008
PROKKA_BA000017/PROKKA_BA000017:Gene	ble	sccmec_saures_BA000017_l53425:c6904-6506	BA000017_SCCmec_00009
PROKKA_BA000017/PROKKA_BA000017:Gene	knt	sccmec_saures_BA000017_l53425:c7897-7127	BA000017_SCCmec_00010
PROKKA_BA000017/PROKKA_BA000017:Gene	BA000017_SCCmec_00011	sccmec_saures_BA000017_l53425:c8764-8090	BA000017_SCCmec_00011
PROKKA_BA000017/PROKKA_BA000017:Gene	BA000017_SCCmec_00012	sccmec_saures_BA000017_l53425:9022-9189	BA000017_SCCmec_00012
PROKKA_BA000017/PROKKA_BA000017:Gene	BA000017_SCCmec_00013	sccmec_saures_BA000017_l53425:9287-9517	BA000017_SCCmec_00013
PROKKA_BA000017/PROKKA_BA000017:Gene	ugpQ	sccmec_saures_BA000017_l53425:9986-10729	BA000017_SCCmec_00014
PROKKA_BA000017/PROKKA_BA000017:Gene	paaZ	sccmec_saures_BA000017_l53425:10826-11254	BA000017_SCCmec_00015
PROKKA_BA000017/PROKKA_BA000017:Gene	pbp	sccmec_saures_BA000017_l53425:c13306-11300	BA000017_SCCmec_00016
PROKKA_BA000017/PROKKA_BA000017:Gene	mecR1	sccmec_saures_BA000017_l53425:13508-15163	BA000017_SCCmec_00017
PROKKA_BA000017/PROKKA_BA000017:Gene	mecI	sccmec_saures_BA000017_l53425:15163-15534	BA000017_SCCmec_00018
PROKKA_BA000017/PROKKA_BA000017:Gene	BA000017_SCCmec_00019	sccmec_saures_BA000017_l53425:15635-15847	BA000017_SCCmec_00019
PROKKA_BA000017/PROKKA_BA000017:Gene	nagC	sccmec_saures_BA000017_l53425:16042-17151	BA000017_SCCmec_00020
PROKKA_BA000017/PROKKA_BA000017:Gene	pspE_1	sccmec_saures_BA000017_l53425:c17570-17265	BA000017_SCCmec_00021
PROKKA_BA000017/PROKKA_BA000017:Gene	gloC	sccmec_saures_BA000017_l53425:c18599-17661	BA000017_SCCmec_00022
PROKKA_BA000017/PROKKA_BA000017:Gene	pspE_2	sccmec_saures_BA000017_l53425:c19696-18632	BA000017_SCCmec_00023
PROKKA_BA000017/PROKKA_BA000017:Gene	csoR	sccmec_saures_BA000017_l53425:19832-20092	BA000017_SCCmec_00024
PROKKA_BA000017/PROKKA_BA000017:Gene	BA000017_SCCmec_00025	sccmec_saures_BA000017_l53425:20107-20736	BA000017_SCCmec_00025
PROKKA_BA000017/PROKKA_BA000017:Gene	ycgJ	sccmec_saures_BA000017_l53425:c21737-21075	BA000017_SCCmec_00026
PROKKA_BA000017/PROKKA_BA000017:Gene	ermA1	sccmec_saures_BA000017_l53425:22271-23002	BA000017_SCCmec_00027
PROKKA_BA000017/PROKKA_BA000017:Gene	ant1	sccmec_saures_BA000017_l53425:c23910-23128	BA000017_SCCmec_00028
PROKKA_BA000017/PROKKA_BA000017:Gene	BA000017_SCCmec_00029	sccmec_saures_BA000017_l53425:c24438-24061	BA000017_SCCmec_00029
PROKKA_BA000017/PROKKA_BA000017:Gene	xerC_1	sccmec_saures_BA000017_l53425:c26337-24445	BA000017_SCCmec_00030
PROKKA_BA000017/PROKKA_BA000017:Gene	xerC_2	sccmec_saures_BA000017_l53425:c27419-26334	BA000017_SCCmec_00031
PROKKA_BA000017/PROKKA_BA000017:Gene	BA000017_SCCmec_00032	sccmec_saures_BA000017_l53425:c27855-27538	BA000017_SCCmec_00032
PROKKA_BA000017/PROKKA_BA000017:Gene	BA000017_SCCmec_00033	sccmec_saures_BA000017_l53425:c28382-27876	BA000017_SCCmec_00033
PROKKA_BA000017/PROKKA_BA000017:Gene	BA000017_SCCmec_00034	sccmec_saures_BA000017_l53425:c28711-28400	BA000017_SCCmec_00034
PROKKA_BA000017/PROKKA_BA000017:Gene	BA000017_SCCmec_00035	sccmec_saures_BA000017_l53425:c29148-28798	BA000017_SCCmec_00035
PROKKA_BA000017/PROKKA_BA000017:Gene	hin_1	sccmec_saures_BA000017_l53425:c31294-29666	BA000017_SCCmec_00036
PROKKA_BA000017/PROKKA_BA000017:Gene	hin_2	sccmec_saures_BA000017_l53425:c32683-31316	BA000017_SCCmec_00037
PROKKA_BA000017/PROKKA_BA000017:Gene	BA000017_SCCmec_00038	sccmec_saures_BA000017_l53425:c34692-32899	BA000017_SCCmec_00038
PROKKA_BA000017/PROKKA_BA000017:Gene	BA000017_SCCmec_00039	sccmec_saures_BA000017_l53425:c34988-34692	BA000017_SCCmec_00039
PROKKA_BA000017/PROKKA_BA000017:Gene	BA000017_SCCmec_00040	sccmec_saures_BA000017_l53425:c36227-35181	BA000017_SCCmec_00040
PROKKA_BA000017/PROKKA_BA000017:Gene	BA000017_SCCmec_00041	sccmec_saures_BA000017_l53425:c36900-36478	BA000017_SCCmec_00041
PROKKA_BA000017/PROKKA_BA000017:Gene	BA000017_SCCmec_00042	sccmec_saures_BA000017_l53425:c37320-36967	BA000017_SCCmec_00042
PROKKA_BA000017/PROKKA_BA000017:Gene	BA000017_SCCmec_00043	sccmec_saures_BA000017_l53425:c37619-37305	BA000017_SCCmec_00043
PROKKA_BA000017/PROKKA_BA000017:Gene	BA000017_SCCmec_00044	sccmec_saures_BA000017_l53425:c39032-38130	BA000017_SCCmec_00044
PROKKA_BA000017/PROKKA_BA000017:Gene	kdpE	sccmec_saures_BA000017_l53425:c40473-39778	BA000017_SCCmec_00045
PROKKA_BA000017/PROKKA_BA000017:Gene	kdpD	sccmec_saures_BA000017_l53425:c43039-40448	BA000017_SCCmec_00046
PROKKA_BA000017/PROKKA_BA000017:Gene	BA000017_SCCmec_00047	sccmec_saures_BA000017_l53425:c43312-43169	BA000017_SCCmec_00047
PROKKA_BA000017/PROKKA_BA000017:Gene	kdpA	sccmec_saures_BA000017_l53425:43385-45061	BA000017_SCCmec_00048
PROKKA_BA000017/PROKKA_BA000017:Gene	kdpB	sccmec_saures_BA000017_l53425:45080-47101	BA000017_SCCmec_00049
PROKKA_BA000017/PROKKA_BA000017:Gene	kdpC	sccmec_saures_BA000017_l53425:47117-47674	BA000017_SCCmec_00050
PROKKA_BA000017/PROKKA_BA000017:Gene	BA000017_SCCmec_00051	sccmec_saures_BA000017_l53425:c49088-48219	BA000017_SCCmec_00051
PROKKA_BA000017/PROKKA_BA000017:Gene	BA000017_SCCmec_00052	sccmec_saures_BA000017_l53425:c49994-49098	BA000017_SCCmec_00052
PROKKA_BA000017/PROKKA_BA000017:Gene	BA000017_SCCmec_00053	sccmec_saures_BA000017_l53425:c50568-50194	BA000017_SCCmec_00053
PROKKA_BA000017/PROKKA_BA000017:Gene	BA000017_SCCmec_00054	sccmec_saures_BA000017_l53425:c51023-50736	BA000017_SCCmec_00054
PROKKA_BA000017/PROKKA_BA000017:Gene	BA000017_SCCmec_00055	sccmec_saures_BA000017_l53425:c51739-51113	BA000017_SCCmec_00055
PROKKA_BA000017/PROKKA_BA000017:Gene	prkC	sccmec_saures_BA000017_l53425:51854-53362	BA000017_SCCmec_00056

FATAL: DiscRep_ALL:MISSING_PROTEIN_ID::56 proteins have invalid IDs.
PROKKA_BA000017/PROKKA_BA000017:sccmec_saures_BA000017_l53425_1 (length 159)
PROKKA_BA000017/PROKKA_BA000017:sccmec_saures_BA000017_l53425_2 (length 431)
PROKKA_BA000017/PROKKA_BA000017:sccmec_saures_BA000017_l53425_3 (length 79)
PROKKA_BA000017/PROKKA_BA000017:sccmec_saures_BA000017_l53425_4 (length 224)
PROKKA_BA000017/PROKKA_BA000017:sccmec_saures_BA000017_l53425_5 (length 65)
PROKKA_BA000017/PROKKA_BA000017:sccmec_saures_BA000017_l53425_6 (length 264)
PROKKA_BA000017/PROKKA_BA000017:sccmec_saures_BA000017_l53425_7 (length 29)
PROKKA_BA000017/PROKKA_BA000017:sccmec_saures_BA000017_l53425_8 (length 420)
PROKKA_BA000017/PROKKA_BA000017:sccmec_saures_BA000017_l53425_9 (length 132)
PROKKA_BA000017/PROKKA_BA000017:sccmec_saures_BA000017_l53425_10 (length 256)
PROKKA_BA000017/PROKKA_BA000017:sccmec_saures_BA000017_l53425_11 (length 224)
PROKKA_BA000017/PROKKA_BA000017:sccmec_saures_BA000017_l53425_12 (length 55)
PROKKA_BA000017/PROKKA_BA000017:sccmec_saures_BA000017_l53425_13 (length 76)
PROKKA_BA000017/PROKKA_BA000017:sccmec_saures_BA000017_l53425_14 (length 247)
PROKKA_BA000017/PROKKA_BA000017:sccmec_saures_BA000017_l53425_15 (length 142)
PROKKA_BA000017/PROKKA_BA000017:sccmec_saures_BA000017_l53425_16 (length 668)
PROKKA_BA000017/PROKKA_BA000017:sccmec_saures_BA000017_l53425_17 (length 551)
PROKKA_BA000017/PROKKA_BA000017:sccmec_saures_BA000017_l53425_18 (length 123)
PROKKA_BA000017/PROKKA_BA000017:sccmec_saures_BA000017_l53425_19 (length 70)
PROKKA_BA000017/PROKKA_BA000017:sccmec_saures_BA000017_l53425_20 (length 369)
PROKKA_BA000017/PROKKA_BA000017:sccmec_saures_BA000017_l53425_21 (length 101)
PROKKA_BA000017/PROKKA_BA000017:sccmec_saures_BA000017_l53425_22 (length 312)
PROKKA_BA000017/PROKKA_BA000017:sccmec_saures_BA000017_l53425_23 (length 354)
PROKKA_BA000017/PROKKA_BA000017:sccmec_saures_BA000017_l53425_24 (length 86)
PROKKA_BA000017/PROKKA_BA000017:sccmec_saures_BA000017_l53425_25 (length 209)
PROKKA_BA000017/PROKKA_BA000017:sccmec_saures_BA000017_l53425_26 (length 220)
PROKKA_BA000017/PROKKA_BA000017:sccmec_saures_BA000017_l53425_27 (length 243)
PROKKA_BA000017/PROKKA_BA000017:sccmec_saures_BA000017_l53425_28 (length 260)
PROKKA_BA000017/PROKKA_BA000017:sccmec_saures_BA000017_l53425_29 (length 125)
PROKKA_BA000017/PROKKA_BA000017:sccmec_saures_BA000017_l53425_30 (length 630)
PROKKA_BA000017/PROKKA_BA000017:sccmec_saures_BA000017_l53425_31 (length 361)
PROKKA_BA000017/PROKKA_BA000017:sccmec_saures_BA000017_l53425_32 (length 105)
PROKKA_BA000017/PROKKA_BA000017:sccmec_saures_BA000017_l53425_33 (length 168)
PROKKA_BA000017/PROKKA_BA000017:sccmec_saures_BA000017_l53425_34 (length 103)
PROKKA_BA000017/PROKKA_BA000017:sccmec_saures_BA000017_l53425_35 (length 116)
PROKKA_BA000017/PROKKA_BA000017:sccmec_saures_BA000017_l53425_36 (length 542)
PROKKA_BA000017/PROKKA_BA000017:sccmec_saures_BA000017_l53425_37 (length 455)
PROKKA_BA000017/PROKKA_BA000017:sccmec_saures_BA000017_l53425_38 (length 597)
PROKKA_BA000017/PROKKA_BA000017:sccmec_saures_BA000017_l53425_39 (length 98)
PROKKA_BA000017/PROKKA_BA000017:sccmec_saures_BA000017_l53425_40 (length 348)
PROKKA_BA000017/PROKKA_BA000017:sccmec_saures_BA000017_l53425_41 (length 140)
PROKKA_BA000017/PROKKA_BA000017:sccmec_saures_BA000017_l53425_42 (length 117)
PROKKA_BA000017/PROKKA_BA000017:sccmec_saures_BA000017_l53425_43 (length 104)
PROKKA_BA000017/PROKKA_BA000017:sccmec_saures_BA000017_l53425_44 (length 300)
PROKKA_BA000017/PROKKA_BA000017:sccmec_saures_BA000017_l53425_45 (length 231)
PROKKA_BA000017/PROKKA_BA000017:sccmec_saures_BA000017_l53425_46 (length 863)
PROKKA_BA000017/PROKKA_BA000017:sccmec_saures_BA000017_l53425_47 (length 47)
PROKKA_BA000017/PROKKA_BA000017:sccmec_saures_BA000017_l53425_48 (length 558)
PROKKA_BA000017/PROKKA_BA000017:sccmec_saures_BA000017_l53425_49 (length 673)
PROKKA_BA000017/PROKKA_BA000017:sccmec_saures_BA000017_l53425_50 (length 185)
PROKKA_BA000017/PROKKA_BA000017:sccmec_saures_BA000017_l53425_51 (length 289)
PROKKA_BA000017/PROKKA_BA000017:sccmec_saures_BA000017_l53425_52 (length 298)
PROKKA_BA000017/PROKKA_BA000017:sccmec_saures_BA000017_l53425_53 (length 124)
PROKKA_BA000017/PROKKA_BA000017:sccmec_saures_BA000017_l53425_54 (length 95)
PROKKA_BA000017/PROKKA_BA000017:sccmec_saures_BA000017_l53425_55 (length 208)
PROKKA_BA000017/PROKKA_BA000017:sccmec_saures_BA000017_l53425_56 (length 502)

DiscRep_ALL:DISC_SOURCE_QUALS_ASNDISC::strain (all present, all unique)
DiscRep_SUB:DISC_SOURCE_QUALS_ASNDISC::1 sources have unique values for strain
DiscRep_ALL:DISC_SOURCE_QUALS_ASNDISC::taxname (all present, all unique)
DiscRep_SUB:DISC_SOURCE_QUALS_ASNDISC::1 sources have unique values for taxname
DiscRep_ALL:DISC_FEATURE_COUNT::gene: 56 present
DiscRep_ALL:DISC_FEATURE_COUNT::CDS: 56 present
DiscRep_ALL:DISC_FEATURE_COUNT::mRNA: 56 present
DiscRep_ALL:DISC_COUNT_NUCLEOTIDES::1 nucleotide Bioseqs are present
PROKKA_BA000017/PROKKA_BA000017:sccmec_saures_BA000017_l53425 (length 53425)

DiscRep_ALL:OVERLAPPING_GENES::10 genes overlap another gene on the same strand.
PROKKA_BA000017/PROKKA_BA000017:Gene	mecR1	sccmec_saures_BA000017_l53425:13508-15163	BA000017_SCCmec_00017
PROKKA_BA000017/PROKKA_BA000017:Gene	mecI	sccmec_saures_BA000017_l53425:15163-15534	BA000017_SCCmec_00018
PROKKA_BA000017/PROKKA_BA000017:Gene	xerC_1	sccmec_saures_BA000017_l53425:c26337-24445	BA000017_SCCmec_00030
PROKKA_BA000017/PROKKA_BA000017:Gene	xerC_2	sccmec_saures_BA000017_l53425:c27419-26334	BA000017_SCCmec_00031
PROKKA_BA000017/PROKKA_BA000017:Gene	BA000017_SCCmec_00038	sccmec_saures_BA000017_l53425:c34692-32899	BA000017_SCCmec_00038
PROKKA_BA000017/PROKKA_BA000017:Gene	BA000017_SCCmec_00039	sccmec_saures_BA000017_l53425:c34988-34692	BA000017_SCCmec_00039
PROKKA_BA000017/PROKKA_BA000017:Gene	BA000017_SCCmec_00042	sccmec_saures_BA000017_l53425:c37320-36967	BA000017_SCCmec_00042
PROKKA_BA000017/PROKKA_BA000017:Gene	BA000017_SCCmec_00043	sccmec_saures_BA000017_l53425:c37619-37305	BA000017_SCCmec_00043
PROKKA_BA000017/PROKKA_BA000017:Gene	kdpE	sccmec_saures_BA000017_l53425:c40473-39778	BA000017_SCCmec_00045
PROKKA_BA000017/PROKKA_BA000017:Gene	kdpD	sccmec_saures_BA000017_l53425:c43039-40448	BA000017_SCCmec_00046

DiscRep_ALL:OVERLAPPING_CDS::2 coding regions overlap another coding region with a similar or identical name.
DiscRep_SUB:OVERLAPPING_CDS::2 coding regions overlap another coding region with a similar or identical name that do not have the appropriate note text
PROKKA_BA000017/PROKKA_BA000017:CDS	Tyrosine recombinase XerC	sccmec_saures_BA000017_l53425:c26337-24445	BA000017_SCCmec_00030
PROKKA_BA000017/PROKKA_BA000017:CDS	Tyrosine recombinase XerC	sccmec_saures_BA000017_l53425:c27419-26334	BA000017_SCCmec_00031

DiscRep_ALL:DISC_QUALITY_SCORES::Quality scores are missing on all sequences.

DiscRep_ALL:ONCALLER_COMMENT_PRESENT::1 comment descriptors were found (all same)
PROKKA_BA000017/PROKKA_BA000017:sccmec_saures_BA000017_l53425:Annotated using prokka 1.12 from https://github.com/tseemann/prokka

DiscRep_ALL:SHORT_PROT_SEQUENCES::2 protein sequences are shorter than 50 aa.
PROKKA_BA000017/PROKKA_BA000017:sccmec_saures_BA000017_l53425_7 (length 29)
PROKKA_BA000017/PROKKA_BA000017:sccmec_saures_BA000017_l53425_47 (length 47)

DiscRep_ALL:MISSING_GENOMEASSEMBLY_COMMENTS::1 bioseqs are missing GenomeAssembly structured comments
PROKKA_BA000017/PROKKA_BA000017:sccmec_saures_BA000017_l53425 (length 53425)

DiscRep_ALL:MOLTYPE_NOT_MRNA::1 molecule types are not set as mRNA.
PROKKA_BA000017/PROKKA_BA000017:sccmec_saures_BA000017_l53425 (length 53425)

DiscRep_ALL:TECHNIQUE_NOT_TSA::1 technique are not set as TSA
PROKKA_BA000017/PROKKA_BA000017:sccmec_saures_BA000017_l53425 (length 53425)

DiscRep_ALL:MISSING_STRUCTURED_COMMENT::1 sequences do not include structured comments.
PROKKA_BA000017/PROKKA_BA000017:sccmec_saures_BA000017_l53425 (length 53425)

DiscRep_ALL:MISSING_PROJECT::57 sequences do not include project.
PROKKA_BA000017/PROKKA_BA000017:sccmec_saures_BA000017_l53425 (length 53425)
PROKKA_BA000017/PROKKA_BA000017:sccmec_saures_BA000017_l53425_1 (length 159)
PROKKA_BA000017/PROKKA_BA000017:sccmec_saures_BA000017_l53425_2 (length 431)
PROKKA_BA000017/PROKKA_BA000017:sccmec_saures_BA000017_l53425_3 (length 79)
PROKKA_BA000017/PROKKA_BA000017:sccmec_saures_BA000017_l53425_4 (length 224)
PROKKA_BA000017/PROKKA_BA000017:sccmec_saures_BA000017_l53425_5 (length 65)
PROKKA_BA000017/PROKKA_BA000017:sccmec_saures_BA000017_l53425_6 (length 264)
PROKKA_BA000017/PROKKA_BA000017:sccmec_saures_BA000017_l53425_7 (length 29)
PROKKA_BA000017/PROKKA_BA000017:sccmec_saures_BA000017_l53425_8 (length 420)
PROKKA_BA000017/PROKKA_BA000017:sccmec_saures_BA000017_l53425_9 (length 132)
PROKKA_BA000017/PROKKA_BA000017:sccmec_saures_BA000017_l53425_10 (length 256)
PROKKA_BA000017/PROKKA_BA000017:sccmec_saures_BA000017_l53425_11 (length 224)
PROKKA_BA000017/PROKKA_BA000017:sccmec_saures_BA000017_l53425_12 (length 55)
PROKKA_BA000017/PROKKA_BA000017:sccmec_saures_BA000017_l53425_13 (length 76)
PROKKA_BA000017/PROKKA_BA000017:sccmec_saures_BA000017_l53425_14 (length 247)
PROKKA_BA000017/PROKKA_BA000017:sccmec_saures_BA000017_l53425_15 (length 142)
PROKKA_BA000017/PROKKA_BA000017:sccmec_saures_BA000017_l53425_16 (length 668)
PROKKA_BA000017/PROKKA_BA000017:sccmec_saures_BA000017_l53425_17 (length 551)
PROKKA_BA000017/PROKKA_BA000017:sccmec_saures_BA000017_l53425_18 (length 123)
PROKKA_BA000017/PROKKA_BA000017:sccmec_saures_BA000017_l53425_19 (length 70)
PROKKA_BA000017/PROKKA_BA000017:sccmec_saures_BA000017_l53425_20 (length 369)
PROKKA_BA000017/PROKKA_BA000017:sccmec_saures_BA000017_l53425_21 (length 101)
PROKKA_BA000017/PROKKA_BA000017:sccmec_saures_BA000017_l53425_22 (length 312)
PROKKA_BA000017/PROKKA_BA000017:sccmec_saures_BA000017_l53425_23 (length 354)
PROKKA_BA000017/PROKKA_BA000017:sccmec_saures_BA000017_l53425_24 (length 86)
PROKKA_BA000017/PROKKA_BA000017:sccmec_saures_BA000017_l53425_25 (length 209)
PROKKA_BA000017/PROKKA_BA000017:sccmec_saures_BA000017_l53425_26 (length 220)
PROKKA_BA000017/PROKKA_BA000017:sccmec_saures_BA000017_l53425_27 (length 243)
PROKKA_BA000017/PROKKA_BA000017:sccmec_saures_BA000017_l53425_28 (length 260)
PROKKA_BA000017/PROKKA_BA000017:sccmec_saures_BA000017_l53425_29 (length 125)
PROKKA_BA000017/PROKKA_BA000017:sccmec_saures_BA000017_l53425_30 (length 630)
PROKKA_BA000017/PROKKA_BA000017:sccmec_saures_BA000017_l53425_31 (length 361)
PROKKA_BA000017/PROKKA_BA000017:sccmec_saures_BA000017_l53425_32 (length 105)
PROKKA_BA000017/PROKKA_BA000017:sccmec_saures_BA000017_l53425_33 (length 168)
PROKKA_BA000017/PROKKA_BA000017:sccmec_saures_BA000017_l53425_34 (length 103)
PROKKA_BA000017/PROKKA_BA000017:sccmec_saures_BA000017_l53425_35 (length 116)
PROKKA_BA000017/PROKKA_BA000017:sccmec_saures_BA000017_l53425_36 (length 542)
PROKKA_BA000017/PROKKA_BA000017:sccmec_saures_BA000017_l53425_37 (length 455)
PROKKA_BA000017/PROKKA_BA000017:sccmec_saures_BA000017_l53425_38 (length 597)
PROKKA_BA000017/PROKKA_BA000017:sccmec_saures_BA000017_l53425_39 (length 98)
PROKKA_BA000017/PROKKA_BA000017:sccmec_saures_BA000017_l53425_40 (length 348)
PROKKA_BA000017/PROKKA_BA000017:sccmec_saures_BA000017_l53425_41 (length 140)
PROKKA_BA000017/PROKKA_BA000017:sccmec_saures_BA000017_l53425_42 (length 117)
PROKKA_BA000017/PROKKA_BA000017:sccmec_saures_BA000017_l53425_43 (length 104)
PROKKA_BA000017/PROKKA_BA000017:sccmec_saures_BA000017_l53425_44 (length 300)
PROKKA_BA000017/PROKKA_BA000017:sccmec_saures_BA000017_l53425_45 (length 231)
PROKKA_BA000017/PROKKA_BA000017:sccmec_saures_BA000017_l53425_46 (length 863)
PROKKA_BA000017/PROKKA_BA000017:sccmec_saures_BA000017_l53425_47 (length 47)
PROKKA_BA000017/PROKKA_BA000017:sccmec_saures_BA000017_l53425_48 (length 558)
PROKKA_BA000017/PROKKA_BA000017:sccmec_saures_BA000017_l53425_49 (length 673)
PROKKA_BA000017/PROKKA_BA000017:sccmec_saures_BA000017_l53425_50 (length 185)
PROKKA_BA000017/PROKKA_BA000017:sccmec_saures_BA000017_l53425_51 (length 289)
PROKKA_BA000017/PROKKA_BA000017:sccmec_saures_BA000017_l53425_52 (length 298)
PROKKA_BA000017/PROKKA_BA000017:sccmec_saures_BA000017_l53425_53 (length 124)
PROKKA_BA000017/PROKKA_BA000017:sccmec_saures_BA000017_l53425_54 (length 95)
PROKKA_BA000017/PROKKA_BA000017:sccmec_saures_BA000017_l53425_55 (length 208)
PROKKA_BA000017/PROKKA_BA000017:sccmec_saures_BA000017_l53425_56 (length 502)

DiscRep_ALL:DISC_INCONSISTENT_MOLINFO_TECH::Molinfo Technique Report (some missing, all same)
DiscRep_SUB:DISC_INCONSISTENT_MOLINFO_TECH::technique (all missing)
DiscRep_SUB:DISC_INCONSISTENT_MOLINFO_TECH::1 Molinfos are missing field technique
PROKKA_BA000017/PROKKA_BA000017:sccmec_saures_BA000017_l53425 (length 53425)

