Discrepancy Report Results

Summary
FATAL: BAD_LOCUS_TAG_FORMAT:77 locus tags are incorrectly formatted.
FATAL: MISSING_PROTEIN_ID:77 proteins have invalid IDs.
DISC_SOURCE_QUALS_ASNDISC:strain (all present, all unique)
DISC_SOURCE_QUALS_ASNDISC:taxname (all present, all unique)
DISC_FEATURE_COUNT:gene: 77 present
DISC_FEATURE_COUNT:CDS: 77 present
DISC_FEATURE_COUNT:mRNA: 77 present
DISC_COUNT_NUCLEOTIDES:1 nucleotide Bioseqs are present
OVERLAPPING_GENES:15 genes overlap another gene on the same strand.
OVERLAPPING_CDS:2 coding regions overlap another coding region with a similar or identical name.
DISC_QUALITY_SCORES:Quality scores are missing on all sequences.
ONCALLER_COMMENT_PRESENT:1 comment descriptors were found (all same)
SHORT_PROT_SEQUENCES:1 protein sequences are shorter than 50 aa.
MISSING_GENOMEASSEMBLY_COMMENTS:1 bioseqs are missing GenomeAssembly structured comments
MOLTYPE_NOT_MRNA:1 molecule types are not set as mRNA.
TECHNIQUE_NOT_TSA:1 technique are not set as TSA
MISSING_STRUCTURED_COMMENT:1 sequences do not include structured comments.
MISSING_PROJECT:78 sequences do not include project.
DISC_INCONSISTENT_MOLINFO_TECH:Molinfo Technique Report (some missing, all same)


Detailed Report

FATAL: DiscRep_ALL:BAD_LOCUS_TAG_FORMAT::77 locus tags are incorrectly formatted.
PROKKA_FN433596/PROKKA_FN433596:Gene	rlmH	sccmec_saures_FN433596_l68844:1-480	FN433596_SCCmec_00001
PROKKA_FN433596/PROKKA_FN433596:Gene	FN433596_SCCmec_00002	sccmec_saures_FN433596_l68844:522-677	FN433596_SCCmec_00002
PROKKA_FN433596/PROKKA_FN433596:Gene	FN433596_SCCmec_00003	sccmec_saures_FN433596_l68844:726-1031	FN433596_SCCmec_00003
PROKKA_FN433596/PROKKA_FN433596:Gene	FN433596_SCCmec_00004	sccmec_saures_FN433596_l68844:1229-2092	FN433596_SCCmec_00004
PROKKA_FN433596/PROKKA_FN433596:Gene	FN433596_SCCmec_00005	sccmec_saures_FN433596_l68844:2176-2898	FN433596_SCCmec_00005
PROKKA_FN433596/PROKKA_FN433596:Gene	FN433596_SCCmec_00006	sccmec_saures_FN433596_l68844:2966-3688	FN433596_SCCmec_00006
PROKKA_FN433596/PROKKA_FN433596:Gene	FN433596_SCCmec_00007	sccmec_saures_FN433596_l68844:3902-5002	FN433596_SCCmec_00007
PROKKA_FN433596/PROKKA_FN433596:Gene	FN433596_SCCmec_00008	sccmec_saures_FN433596_l68844:4995-5366	FN433596_SCCmec_00008
PROKKA_FN433596/PROKKA_FN433596:Gene	FN433596_SCCmec_00009	sccmec_saures_FN433596_l68844:5363-7006	FN433596_SCCmec_00009
PROKKA_FN433596/PROKKA_FN433596:Gene	hin_1	sccmec_saures_FN433596_l68844:7231-8916	FN433596_SCCmec_00010
PROKKA_FN433596/PROKKA_FN433596:Gene	FN433596_SCCmec_00011	sccmec_saures_FN433596_l68844:8964-9449	FN433596_SCCmec_00011
PROKKA_FN433596/PROKKA_FN433596:Gene	FN433596_SCCmec_00012	sccmec_saures_FN433596_l68844:9705-10079	FN433596_SCCmec_00012
PROKKA_FN433596/PROKKA_FN433596:Gene	FN433596_SCCmec_00013	sccmec_saures_FN433596_l68844:10158-10484	FN433596_SCCmec_00013
PROKKA_FN433596/PROKKA_FN433596:Gene	FN433596_SCCmec_00014	sccmec_saures_FN433596_l68844:10500-11006	FN433596_SCCmec_00014
PROKKA_FN433596/PROKKA_FN433596:Gene	FN433596_SCCmec_00015	sccmec_saures_FN433596_l68844:11027-11209	FN433596_SCCmec_00015
PROKKA_FN433596/PROKKA_FN433596:Gene	xerC_1	sccmec_saures_FN433596_l68844:11463-12548	FN433596_SCCmec_00016
PROKKA_FN433596/PROKKA_FN433596:Gene	xerC_2	sccmec_saures_FN433596_l68844:12545-14437	FN433596_SCCmec_00017
PROKKA_FN433596/PROKKA_FN433596:Gene	FN433596_SCCmec_00018	sccmec_saures_FN433596_l68844:14444-14821	FN433596_SCCmec_00018
PROKKA_FN433596/PROKKA_FN433596:Gene	ant1	sccmec_saures_FN433596_l68844:14972-15754	FN433596_SCCmec_00019
PROKKA_FN433596/PROKKA_FN433596:Gene	ermA1	sccmec_saures_FN433596_l68844:c16611-15880	FN433596_SCCmec_00020
PROKKA_FN433596/PROKKA_FN433596:Gene	ycgJ	sccmec_saures_FN433596_l68844:17120-17782	FN433596_SCCmec_00021
PROKKA_FN433596/PROKKA_FN433596:Gene	FN433596_SCCmec_00022	sccmec_saures_FN433596_l68844:18330-19202	FN433596_SCCmec_00022
PROKKA_FN433596/PROKKA_FN433596:Gene	FN433596_SCCmec_00023	sccmec_saures_FN433596_l68844:19241-19549	FN433596_SCCmec_00023
PROKKA_FN433596/PROKKA_FN433596:Gene	FN433596_SCCmec_00024	sccmec_saures_FN433596_l68844:19565-20053	FN433596_SCCmec_00024
PROKKA_FN433596/PROKKA_FN433596:Gene	FN433596_SCCmec_00025	sccmec_saures_FN433596_l68844:20188-20715	FN433596_SCCmec_00025
PROKKA_FN433596/PROKKA_FN433596:Gene	FN433596_SCCmec_00026	sccmec_saures_FN433596_l68844:20778-21194	FN433596_SCCmec_00026
PROKKA_FN433596/PROKKA_FN433596:Gene	FN433596_SCCmec_00027	sccmec_saures_FN433596_l68844:21661-21882	FN433596_SCCmec_00027
PROKKA_FN433596/PROKKA_FN433596:Gene	FN433596_SCCmec_00028	sccmec_saures_FN433596_l68844:22032-22598	FN433596_SCCmec_00028
PROKKA_FN433596/PROKKA_FN433596:Gene	hsdR	sccmec_saures_FN433596_l68844:c24867-22678	FN433596_SCCmec_00029
PROKKA_FN433596/PROKKA_FN433596:Gene	FN433596_SCCmec_00030	sccmec_saures_FN433596_l68844:c25627-24953	FN433596_SCCmec_00030
PROKKA_FN433596/PROKKA_FN433596:Gene	garB	sccmec_saures_FN433596_l68844:25895-27256	FN433596_SCCmec_00031
PROKKA_FN433596/PROKKA_FN433596:Gene	merR1	sccmec_saures_FN433596_l68844:27556-27963	FN433596_SCCmec_00032
PROKKA_FN433596/PROKKA_FN433596:Gene	stoA	sccmec_saures_FN433596_l68844:27980-28333	FN433596_SCCmec_00033
PROKKA_FN433596/PROKKA_FN433596:Gene	FN433596_SCCmec_00034	sccmec_saures_FN433596_l68844:28330-29010	FN433596_SCCmec_00034
PROKKA_FN433596/PROKKA_FN433596:Gene	FN433596_SCCmec_00035	sccmec_saures_FN433596_l68844:29098-29484	FN433596_SCCmec_00035
PROKKA_FN433596/PROKKA_FN433596:Gene	merA	sccmec_saures_FN433596_l68844:29542-31185	FN433596_SCCmec_00036
PROKKA_FN433596/PROKKA_FN433596:Gene	merB	sccmec_saures_FN433596_l68844:31267-31917	FN433596_SCCmec_00037
PROKKA_FN433596/PROKKA_FN433596:Gene	FN433596_SCCmec_00038	sccmec_saures_FN433596_l68844:c32660-32112	FN433596_SCCmec_00038
PROKKA_FN433596/PROKKA_FN433596:Gene	FN433596_SCCmec_00039	sccmec_saures_FN433596_l68844:c33420-32746	FN433596_SCCmec_00039
PROKKA_FN433596/PROKKA_FN433596:Gene	FN433596_SCCmec_00040	sccmec_saures_FN433596_l68844:c34185-33853	FN433596_SCCmec_00040
PROKKA_FN433596/PROKKA_FN433596:Gene	FN433596_SCCmec_00041	sccmec_saures_FN433596_l68844:c34456-34214	FN433596_SCCmec_00041
PROKKA_FN433596/PROKKA_FN433596:Gene	FN433596_SCCmec_00042	sccmec_saures_FN433596_l68844:c35262-34588	FN433596_SCCmec_00042
PROKKA_FN433596/PROKKA_FN433596:Gene	hsrA	sccmec_saures_FN433596_l68844:35549-36838	FN433596_SCCmec_00043
PROKKA_FN433596/PROKKA_FN433596:Gene	pre	sccmec_saures_FN433596_l68844:37027-38268	FN433596_SCCmec_00044
PROKKA_FN433596/PROKKA_FN433596:Gene	FN433596_SCCmec_00045	sccmec_saures_FN433596_l68844:38454-38555	FN433596_SCCmec_00045
PROKKA_FN433596/PROKKA_FN433596:Gene	repN	sccmec_saures_FN433596_l68844:38946-39749	FN433596_SCCmec_00046
PROKKA_FN433596/PROKKA_FN433596:Gene	FN433596_SCCmec_00047	sccmec_saures_FN433596_l68844:c40512-39838	FN433596_SCCmec_00047
PROKKA_FN433596/PROKKA_FN433596:Gene	FN433596_SCCmec_00048	sccmec_saures_FN433596_l68844:40770-40937	FN433596_SCCmec_00048
PROKKA_FN433596/PROKKA_FN433596:Gene	FN433596_SCCmec_00049	sccmec_saures_FN433596_l68844:41035-41244	FN433596_SCCmec_00049
PROKKA_FN433596/PROKKA_FN433596:Gene	ugpQ	sccmec_saures_FN433596_l68844:41854-42597	FN433596_SCCmec_00050
PROKKA_FN433596/PROKKA_FN433596:Gene	paaZ	sccmec_saures_FN433596_l68844:42694-43122	FN433596_SCCmec_00051
PROKKA_FN433596/PROKKA_FN433596:Gene	pbp	sccmec_saures_FN433596_l68844:c45174-43168	FN433596_SCCmec_00052
PROKKA_FN433596/PROKKA_FN433596:Gene	mecR1	sccmec_saures_FN433596_l68844:45376-47031	FN433596_SCCmec_00053
PROKKA_FN433596/PROKKA_FN433596:Gene	mecI	sccmec_saures_FN433596_l68844:47031-47234	FN433596_SCCmec_00054
PROKKA_FN433596/PROKKA_FN433596:Gene	nagC	sccmec_saures_FN433596_l68844:47875-49023	FN433596_SCCmec_00055
PROKKA_FN433596/PROKKA_FN433596:Gene	pspE_1	sccmec_saures_FN433596_l68844:c49442-49137	FN433596_SCCmec_00056
PROKKA_FN433596/PROKKA_FN433596:Gene	gloC	sccmec_saures_FN433596_l68844:c50471-49533	FN433596_SCCmec_00057
PROKKA_FN433596/PROKKA_FN433596:Gene	pspE_2	sccmec_saures_FN433596_l68844:c51567-50503	FN433596_SCCmec_00058
PROKKA_FN433596/PROKKA_FN433596:Gene	csoR	sccmec_saures_FN433596_l68844:51703-51963	FN433596_SCCmec_00059
PROKKA_FN433596/PROKKA_FN433596:Gene	FN433596_SCCmec_00060	sccmec_saures_FN433596_l68844:51978-52607	FN433596_SCCmec_00060
PROKKA_FN433596/PROKKA_FN433596:Gene	FN433596_SCCmec_00061	sccmec_saures_FN433596_l68844:c53561-52875	FN433596_SCCmec_00061
PROKKA_FN433596/PROKKA_FN433596:Gene	cadA	sccmec_saures_FN433596_l68844:c55987-53573	FN433596_SCCmec_00062
PROKKA_FN433596/PROKKA_FN433596:Gene	cadC	sccmec_saures_FN433596_l68844:c56345-55980	FN433596_SCCmec_00063
PROKKA_FN433596/PROKKA_FN433596:Gene	FN433596_SCCmec_00064	sccmec_saures_FN433596_l68844:c56908-56531	FN433596_SCCmec_00064
PROKKA_FN433596/PROKKA_FN433596:Gene	xerC_3	sccmec_saures_FN433596_l68844:c58807-56915	FN433596_SCCmec_00065
PROKKA_FN433596/PROKKA_FN433596:Gene	FN433596_SCCmec_00066	sccmec_saures_FN433596_l68844:c59325-59002	FN433596_SCCmec_00066
PROKKA_FN433596/PROKKA_FN433596:Gene	FN433596_SCCmec_00067	sccmec_saures_FN433596_l68844:c59524-59318	FN433596_SCCmec_00067
PROKKA_FN433596/PROKKA_FN433596:Gene	FN433596_SCCmec_00068	sccmec_saures_FN433596_l68844:c60047-59526	FN433596_SCCmec_00068
PROKKA_FN433596/PROKKA_FN433596:Gene	FN433596_SCCmec_00069	sccmec_saures_FN433596_l68844:c60461-60066	FN433596_SCCmec_00069
PROKKA_FN433596/PROKKA_FN433596:Gene	FN433596_SCCmec_00070	sccmec_saures_FN433596_l68844:c60812-60462	FN433596_SCCmec_00070
PROKKA_FN433596/PROKKA_FN433596:Gene	hin_2	sccmec_saures_FN433596_l68844:c62911-61283	FN433596_SCCmec_00071
PROKKA_FN433596/PROKKA_FN433596:Gene	tnpR	sccmec_saures_FN433596_l68844:c64278-62932	FN433596_SCCmec_00072
PROKKA_FN433596/PROKKA_FN433596:Gene	FN433596_SCCmec_00073	sccmec_saures_FN433596_l68844:c64809-64471	FN433596_SCCmec_00073
PROKKA_FN433596/PROKKA_FN433596:Gene	FN433596_SCCmec_00074	sccmec_saures_FN433596_l68844:c66623-64836	FN433596_SCCmec_00074
PROKKA_FN433596/PROKKA_FN433596:Gene	FN433596_SCCmec_00075	sccmec_saures_FN433596_l68844:c66910-66623	FN433596_SCCmec_00075
PROKKA_FN433596/PROKKA_FN433596:Gene	FN433596_SCCmec_00076	sccmec_saures_FN433596_l68844:67044-68093	FN433596_SCCmec_00076
PROKKA_FN433596/PROKKA_FN433596:Gene	FN433596_SCCmec_00077	sccmec_saures_FN433596_l68844:68146-68718	FN433596_SCCmec_00077

FATAL: DiscRep_ALL:MISSING_PROTEIN_ID::77 proteins have invalid IDs.
PROKKA_FN433596/PROKKA_FN433596:sccmec_saures_FN433596_l68844_1 (length 159)
PROKKA_FN433596/PROKKA_FN433596:sccmec_saures_FN433596_l68844_2 (length 51)
PROKKA_FN433596/PROKKA_FN433596:sccmec_saures_FN433596_l68844_3 (length 101)
PROKKA_FN433596/PROKKA_FN433596:sccmec_saures_FN433596_l68844_4 (length 287)
PROKKA_FN433596/PROKKA_FN433596:sccmec_saures_FN433596_l68844_5 (length 240)
PROKKA_FN433596/PROKKA_FN433596:sccmec_saures_FN433596_l68844_6 (length 240)
PROKKA_FN433596/PROKKA_FN433596:sccmec_saures_FN433596_l68844_7 (length 366)
PROKKA_FN433596/PROKKA_FN433596:sccmec_saures_FN433596_l68844_8 (length 123)
PROKKA_FN433596/PROKKA_FN433596:sccmec_saures_FN433596_l68844_9 (length 547)
PROKKA_FN433596/PROKKA_FN433596:sccmec_saures_FN433596_l68844_10 (length 561)
PROKKA_FN433596/PROKKA_FN433596:sccmec_saures_FN433596_l68844_11 (length 161)
PROKKA_FN433596/PROKKA_FN433596:sccmec_saures_FN433596_l68844_12 (length 124)
PROKKA_FN433596/PROKKA_FN433596:sccmec_saures_FN433596_l68844_13 (length 108)
PROKKA_FN433596/PROKKA_FN433596:sccmec_saures_FN433596_l68844_14 (length 168)
PROKKA_FN433596/PROKKA_FN433596:sccmec_saures_FN433596_l68844_15 (length 60)
PROKKA_FN433596/PROKKA_FN433596:sccmec_saures_FN433596_l68844_16 (length 361)
PROKKA_FN433596/PROKKA_FN433596:sccmec_saures_FN433596_l68844_17 (length 630)
PROKKA_FN433596/PROKKA_FN433596:sccmec_saures_FN433596_l68844_18 (length 125)
PROKKA_FN433596/PROKKA_FN433596:sccmec_saures_FN433596_l68844_19 (length 260)
PROKKA_FN433596/PROKKA_FN433596:sccmec_saures_FN433596_l68844_20 (length 243)
PROKKA_FN433596/PROKKA_FN433596:sccmec_saures_FN433596_l68844_21 (length 220)
PROKKA_FN433596/PROKKA_FN433596:sccmec_saures_FN433596_l68844_22 (length 290)
PROKKA_FN433596/PROKKA_FN433596:sccmec_saures_FN433596_l68844_23 (length 102)
PROKKA_FN433596/PROKKA_FN433596:sccmec_saures_FN433596_l68844_24 (length 162)
PROKKA_FN433596/PROKKA_FN433596:sccmec_saures_FN433596_l68844_25 (length 175)
PROKKA_FN433596/PROKKA_FN433596:sccmec_saures_FN433596_l68844_26 (length 138)
PROKKA_FN433596/PROKKA_FN433596:sccmec_saures_FN433596_l68844_27 (length 73)
PROKKA_FN433596/PROKKA_FN433596:sccmec_saures_FN433596_l68844_28 (length 188)
PROKKA_FN433596/PROKKA_FN433596:sccmec_saures_FN433596_l68844_29 (length 729)
PROKKA_FN433596/PROKKA_FN433596:sccmec_saures_FN433596_l68844_30 (length 224)
PROKKA_FN433596/PROKKA_FN433596:sccmec_saures_FN433596_l68844_31 (length 453)
PROKKA_FN433596/PROKKA_FN433596:sccmec_saures_FN433596_l68844_32 (length 135)
PROKKA_FN433596/PROKKA_FN433596:sccmec_saures_FN433596_l68844_33 (length 117)
PROKKA_FN433596/PROKKA_FN433596:sccmec_saures_FN433596_l68844_34 (length 226)
PROKKA_FN433596/PROKKA_FN433596:sccmec_saures_FN433596_l68844_35 (length 128)
PROKKA_FN433596/PROKKA_FN433596:sccmec_saures_FN433596_l68844_36 (length 547)
PROKKA_FN433596/PROKKA_FN433596:sccmec_saures_FN433596_l68844_37 (length 216)
PROKKA_FN433596/PROKKA_FN433596:sccmec_saures_FN433596_l68844_38 (length 182)
PROKKA_FN433596/PROKKA_FN433596:sccmec_saures_FN433596_l68844_39 (length 224)
PROKKA_FN433596/PROKKA_FN433596:sccmec_saures_FN433596_l68844_40 (length 110)
PROKKA_FN433596/PROKKA_FN433596:sccmec_saures_FN433596_l68844_41 (length 80)
PROKKA_FN433596/PROKKA_FN433596:sccmec_saures_FN433596_l68844_42 (length 224)
PROKKA_FN433596/PROKKA_FN433596:sccmec_saures_FN433596_l68844_43 (length 429)
PROKKA_FN433596/PROKKA_FN433596:sccmec_saures_FN433596_l68844_44 (length 413)
PROKKA_FN433596/PROKKA_FN433596:sccmec_saures_FN433596_l68844_45 (length 33)
PROKKA_FN433596/PROKKA_FN433596:sccmec_saures_FN433596_l68844_46 (length 267)
PROKKA_FN433596/PROKKA_FN433596:sccmec_saures_FN433596_l68844_47 (length 224)
PROKKA_FN433596/PROKKA_FN433596:sccmec_saures_FN433596_l68844_48 (length 55)
PROKKA_FN433596/PROKKA_FN433596:sccmec_saures_FN433596_l68844_49 (length 69)
PROKKA_FN433596/PROKKA_FN433596:sccmec_saures_FN433596_l68844_50 (length 247)
PROKKA_FN433596/PROKKA_FN433596:sccmec_saures_FN433596_l68844_51 (length 142)
PROKKA_FN433596/PROKKA_FN433596:sccmec_saures_FN433596_l68844_52 (length 668)
PROKKA_FN433596/PROKKA_FN433596:sccmec_saures_FN433596_l68844_53 (length 551)
PROKKA_FN433596/PROKKA_FN433596:sccmec_saures_FN433596_l68844_54 (length 67)
PROKKA_FN433596/PROKKA_FN433596:sccmec_saures_FN433596_l68844_55 (length 382)
PROKKA_FN433596/PROKKA_FN433596:sccmec_saures_FN433596_l68844_56 (length 101)
PROKKA_FN433596/PROKKA_FN433596:sccmec_saures_FN433596_l68844_57 (length 312)
PROKKA_FN433596/PROKKA_FN433596:sccmec_saures_FN433596_l68844_58 (length 354)
PROKKA_FN433596/PROKKA_FN433596:sccmec_saures_FN433596_l68844_59 (length 86)
PROKKA_FN433596/PROKKA_FN433596:sccmec_saures_FN433596_l68844_60 (length 209)
PROKKA_FN433596/PROKKA_FN433596:sccmec_saures_FN433596_l68844_61 (length 228)
PROKKA_FN433596/PROKKA_FN433596:sccmec_saures_FN433596_l68844_62 (length 804)
PROKKA_FN433596/PROKKA_FN433596:sccmec_saures_FN433596_l68844_63 (length 121)
PROKKA_FN433596/PROKKA_FN433596:sccmec_saures_FN433596_l68844_64 (length 125)
PROKKA_FN433596/PROKKA_FN433596:sccmec_saures_FN433596_l68844_65 (length 630)
PROKKA_FN433596/PROKKA_FN433596:sccmec_saures_FN433596_l68844_66 (length 107)
PROKKA_FN433596/PROKKA_FN433596:sccmec_saures_FN433596_l68844_67 (length 68)
PROKKA_FN433596/PROKKA_FN433596:sccmec_saures_FN433596_l68844_68 (length 173)
PROKKA_FN433596/PROKKA_FN433596:sccmec_saures_FN433596_l68844_69 (length 131)
PROKKA_FN433596/PROKKA_FN433596:sccmec_saures_FN433596_l68844_70 (length 116)
PROKKA_FN433596/PROKKA_FN433596:sccmec_saures_FN433596_l68844_71 (length 542)
PROKKA_FN433596/PROKKA_FN433596:sccmec_saures_FN433596_l68844_72 (length 448)
PROKKA_FN433596/PROKKA_FN433596:sccmec_saures_FN433596_l68844_73 (length 112)
PROKKA_FN433596/PROKKA_FN433596:sccmec_saures_FN433596_l68844_74 (length 595)
PROKKA_FN433596/PROKKA_FN433596:sccmec_saures_FN433596_l68844_75 (length 95)
PROKKA_FN433596/PROKKA_FN433596:sccmec_saures_FN433596_l68844_76 (length 349)
PROKKA_FN433596/PROKKA_FN433596:sccmec_saures_FN433596_l68844_77 (length 190)

DiscRep_ALL:DISC_SOURCE_QUALS_ASNDISC::strain (all present, all unique)
DiscRep_SUB:DISC_SOURCE_QUALS_ASNDISC::1 sources have unique values for strain
DiscRep_ALL:DISC_SOURCE_QUALS_ASNDISC::taxname (all present, all unique)
DiscRep_SUB:DISC_SOURCE_QUALS_ASNDISC::1 sources have unique values for taxname
DiscRep_ALL:DISC_FEATURE_COUNT::gene: 77 present
DiscRep_ALL:DISC_FEATURE_COUNT::CDS: 77 present
DiscRep_ALL:DISC_FEATURE_COUNT::mRNA: 77 present
DiscRep_ALL:DISC_COUNT_NUCLEOTIDES::1 nucleotide Bioseqs are present
PROKKA_FN433596/PROKKA_FN433596:sccmec_saures_FN433596_l68844 (length 68844)

DiscRep_ALL:OVERLAPPING_GENES::15 genes overlap another gene on the same strand.
PROKKA_FN433596/PROKKA_FN433596:Gene	FN433596_SCCmec_00007	sccmec_saures_FN433596_l68844:3902-5002	FN433596_SCCmec_00007
PROKKA_FN433596/PROKKA_FN433596:Gene	FN433596_SCCmec_00008	sccmec_saures_FN433596_l68844:4995-5366	FN433596_SCCmec_00008
PROKKA_FN433596/PROKKA_FN433596:Gene	FN433596_SCCmec_00009	sccmec_saures_FN433596_l68844:5363-7006	FN433596_SCCmec_00009
PROKKA_FN433596/PROKKA_FN433596:Gene	xerC_1	sccmec_saures_FN433596_l68844:11463-12548	FN433596_SCCmec_00016
PROKKA_FN433596/PROKKA_FN433596:Gene	xerC_2	sccmec_saures_FN433596_l68844:12545-14437	FN433596_SCCmec_00017
PROKKA_FN433596/PROKKA_FN433596:Gene	stoA	sccmec_saures_FN433596_l68844:27980-28333	FN433596_SCCmec_00033
PROKKA_FN433596/PROKKA_FN433596:Gene	FN433596_SCCmec_00034	sccmec_saures_FN433596_l68844:28330-29010	FN433596_SCCmec_00034
PROKKA_FN433596/PROKKA_FN433596:Gene	mecR1	sccmec_saures_FN433596_l68844:45376-47031	FN433596_SCCmec_00053
PROKKA_FN433596/PROKKA_FN433596:Gene	mecI	sccmec_saures_FN433596_l68844:47031-47234	FN433596_SCCmec_00054
PROKKA_FN433596/PROKKA_FN433596:Gene	cadA	sccmec_saures_FN433596_l68844:c55987-53573	FN433596_SCCmec_00062
PROKKA_FN433596/PROKKA_FN433596:Gene	cadC	sccmec_saures_FN433596_l68844:c56345-55980	FN433596_SCCmec_00063
PROKKA_FN433596/PROKKA_FN433596:Gene	FN433596_SCCmec_00066	sccmec_saures_FN433596_l68844:c59325-59002	FN433596_SCCmec_00066
PROKKA_FN433596/PROKKA_FN433596:Gene	FN433596_SCCmec_00067	sccmec_saures_FN433596_l68844:c59524-59318	FN433596_SCCmec_00067
PROKKA_FN433596/PROKKA_FN433596:Gene	FN433596_SCCmec_00074	sccmec_saures_FN433596_l68844:c66623-64836	FN433596_SCCmec_00074
PROKKA_FN433596/PROKKA_FN433596:Gene	FN433596_SCCmec_00075	sccmec_saures_FN433596_l68844:c66910-66623	FN433596_SCCmec_00075

DiscRep_ALL:OVERLAPPING_CDS::2 coding regions overlap another coding region with a similar or identical name.
DiscRep_SUB:OVERLAPPING_CDS::2 coding regions overlap another coding region with a similar or identical name that do not have the appropriate note text
PROKKA_FN433596/PROKKA_FN433596:CDS	Tyrosine recombinase XerC	sccmec_saures_FN433596_l68844:11463-12548	FN433596_SCCmec_00016
PROKKA_FN433596/PROKKA_FN433596:CDS	Tyrosine recombinase XerC	sccmec_saures_FN433596_l68844:12545-14437	FN433596_SCCmec_00017

DiscRep_ALL:DISC_QUALITY_SCORES::Quality scores are missing on all sequences.

DiscRep_ALL:ONCALLER_COMMENT_PRESENT::1 comment descriptors were found (all same)
PROKKA_FN433596/PROKKA_FN433596:sccmec_saures_FN433596_l68844:Annotated using prokka 1.12 from https://github.com/tseemann/prokka

DiscRep_ALL:SHORT_PROT_SEQUENCES::1 protein sequences are shorter than 50 aa.
PROKKA_FN433596/PROKKA_FN433596:sccmec_saures_FN433596_l68844_45 (length 33)

DiscRep_ALL:MISSING_GENOMEASSEMBLY_COMMENTS::1 bioseqs are missing GenomeAssembly structured comments
PROKKA_FN433596/PROKKA_FN433596:sccmec_saures_FN433596_l68844 (length 68844)

DiscRep_ALL:MOLTYPE_NOT_MRNA::1 molecule types are not set as mRNA.
PROKKA_FN433596/PROKKA_FN433596:sccmec_saures_FN433596_l68844 (length 68844)

DiscRep_ALL:TECHNIQUE_NOT_TSA::1 technique are not set as TSA
PROKKA_FN433596/PROKKA_FN433596:sccmec_saures_FN433596_l68844 (length 68844)

DiscRep_ALL:MISSING_STRUCTURED_COMMENT::1 sequences do not include structured comments.
PROKKA_FN433596/PROKKA_FN433596:sccmec_saures_FN433596_l68844 (length 68844)

DiscRep_ALL:MISSING_PROJECT::78 sequences do not include project.
PROKKA_FN433596/PROKKA_FN433596:sccmec_saures_FN433596_l68844 (length 68844)
PROKKA_FN433596/PROKKA_FN433596:sccmec_saures_FN433596_l68844_1 (length 159)
PROKKA_FN433596/PROKKA_FN433596:sccmec_saures_FN433596_l68844_2 (length 51)
PROKKA_FN433596/PROKKA_FN433596:sccmec_saures_FN433596_l68844_3 (length 101)
PROKKA_FN433596/PROKKA_FN433596:sccmec_saures_FN433596_l68844_4 (length 287)
PROKKA_FN433596/PROKKA_FN433596:sccmec_saures_FN433596_l68844_5 (length 240)
PROKKA_FN433596/PROKKA_FN433596:sccmec_saures_FN433596_l68844_6 (length 240)
PROKKA_FN433596/PROKKA_FN433596:sccmec_saures_FN433596_l68844_7 (length 366)
PROKKA_FN433596/PROKKA_FN433596:sccmec_saures_FN433596_l68844_8 (length 123)
PROKKA_FN433596/PROKKA_FN433596:sccmec_saures_FN433596_l68844_9 (length 547)
PROKKA_FN433596/PROKKA_FN433596:sccmec_saures_FN433596_l68844_10 (length 561)
PROKKA_FN433596/PROKKA_FN433596:sccmec_saures_FN433596_l68844_11 (length 161)
PROKKA_FN433596/PROKKA_FN433596:sccmec_saures_FN433596_l68844_12 (length 124)
PROKKA_FN433596/PROKKA_FN433596:sccmec_saures_FN433596_l68844_13 (length 108)
PROKKA_FN433596/PROKKA_FN433596:sccmec_saures_FN433596_l68844_14 (length 168)
PROKKA_FN433596/PROKKA_FN433596:sccmec_saures_FN433596_l68844_15 (length 60)
PROKKA_FN433596/PROKKA_FN433596:sccmec_saures_FN433596_l68844_16 (length 361)
PROKKA_FN433596/PROKKA_FN433596:sccmec_saures_FN433596_l68844_17 (length 630)
PROKKA_FN433596/PROKKA_FN433596:sccmec_saures_FN433596_l68844_18 (length 125)
PROKKA_FN433596/PROKKA_FN433596:sccmec_saures_FN433596_l68844_19 (length 260)
PROKKA_FN433596/PROKKA_FN433596:sccmec_saures_FN433596_l68844_20 (length 243)
PROKKA_FN433596/PROKKA_FN433596:sccmec_saures_FN433596_l68844_21 (length 220)
PROKKA_FN433596/PROKKA_FN433596:sccmec_saures_FN433596_l68844_22 (length 290)
PROKKA_FN433596/PROKKA_FN433596:sccmec_saures_FN433596_l68844_23 (length 102)
PROKKA_FN433596/PROKKA_FN433596:sccmec_saures_FN433596_l68844_24 (length 162)
PROKKA_FN433596/PROKKA_FN433596:sccmec_saures_FN433596_l68844_25 (length 175)
PROKKA_FN433596/PROKKA_FN433596:sccmec_saures_FN433596_l68844_26 (length 138)
PROKKA_FN433596/PROKKA_FN433596:sccmec_saures_FN433596_l68844_27 (length 73)
PROKKA_FN433596/PROKKA_FN433596:sccmec_saures_FN433596_l68844_28 (length 188)
PROKKA_FN433596/PROKKA_FN433596:sccmec_saures_FN433596_l68844_29 (length 729)
PROKKA_FN433596/PROKKA_FN433596:sccmec_saures_FN433596_l68844_30 (length 224)
PROKKA_FN433596/PROKKA_FN433596:sccmec_saures_FN433596_l68844_31 (length 453)
PROKKA_FN433596/PROKKA_FN433596:sccmec_saures_FN433596_l68844_32 (length 135)
PROKKA_FN433596/PROKKA_FN433596:sccmec_saures_FN433596_l68844_33 (length 117)
PROKKA_FN433596/PROKKA_FN433596:sccmec_saures_FN433596_l68844_34 (length 226)
PROKKA_FN433596/PROKKA_FN433596:sccmec_saures_FN433596_l68844_35 (length 128)
PROKKA_FN433596/PROKKA_FN433596:sccmec_saures_FN433596_l68844_36 (length 547)
PROKKA_FN433596/PROKKA_FN433596:sccmec_saures_FN433596_l68844_37 (length 216)
PROKKA_FN433596/PROKKA_FN433596:sccmec_saures_FN433596_l68844_38 (length 182)
PROKKA_FN433596/PROKKA_FN433596:sccmec_saures_FN433596_l68844_39 (length 224)
PROKKA_FN433596/PROKKA_FN433596:sccmec_saures_FN433596_l68844_40 (length 110)
PROKKA_FN433596/PROKKA_FN433596:sccmec_saures_FN433596_l68844_41 (length 80)
PROKKA_FN433596/PROKKA_FN433596:sccmec_saures_FN433596_l68844_42 (length 224)
PROKKA_FN433596/PROKKA_FN433596:sccmec_saures_FN433596_l68844_43 (length 429)
PROKKA_FN433596/PROKKA_FN433596:sccmec_saures_FN433596_l68844_44 (length 413)
PROKKA_FN433596/PROKKA_FN433596:sccmec_saures_FN433596_l68844_45 (length 33)
PROKKA_FN433596/PROKKA_FN433596:sccmec_saures_FN433596_l68844_46 (length 267)
PROKKA_FN433596/PROKKA_FN433596:sccmec_saures_FN433596_l68844_47 (length 224)
PROKKA_FN433596/PROKKA_FN433596:sccmec_saures_FN433596_l68844_48 (length 55)
PROKKA_FN433596/PROKKA_FN433596:sccmec_saures_FN433596_l68844_49 (length 69)
PROKKA_FN433596/PROKKA_FN433596:sccmec_saures_FN433596_l68844_50 (length 247)
PROKKA_FN433596/PROKKA_FN433596:sccmec_saures_FN433596_l68844_51 (length 142)
PROKKA_FN433596/PROKKA_FN433596:sccmec_saures_FN433596_l68844_52 (length 668)
PROKKA_FN433596/PROKKA_FN433596:sccmec_saures_FN433596_l68844_53 (length 551)
PROKKA_FN433596/PROKKA_FN433596:sccmec_saures_FN433596_l68844_54 (length 67)
PROKKA_FN433596/PROKKA_FN433596:sccmec_saures_FN433596_l68844_55 (length 382)
PROKKA_FN433596/PROKKA_FN433596:sccmec_saures_FN433596_l68844_56 (length 101)
PROKKA_FN433596/PROKKA_FN433596:sccmec_saures_FN433596_l68844_57 (length 312)
PROKKA_FN433596/PROKKA_FN433596:sccmec_saures_FN433596_l68844_58 (length 354)
PROKKA_FN433596/PROKKA_FN433596:sccmec_saures_FN433596_l68844_59 (length 86)
PROKKA_FN433596/PROKKA_FN433596:sccmec_saures_FN433596_l68844_60 (length 209)
PROKKA_FN433596/PROKKA_FN433596:sccmec_saures_FN433596_l68844_61 (length 228)
PROKKA_FN433596/PROKKA_FN433596:sccmec_saures_FN433596_l68844_62 (length 804)
PROKKA_FN433596/PROKKA_FN433596:sccmec_saures_FN433596_l68844_63 (length 121)
PROKKA_FN433596/PROKKA_FN433596:sccmec_saures_FN433596_l68844_64 (length 125)
PROKKA_FN433596/PROKKA_FN433596:sccmec_saures_FN433596_l68844_65 (length 630)
PROKKA_FN433596/PROKKA_FN433596:sccmec_saures_FN433596_l68844_66 (length 107)
PROKKA_FN433596/PROKKA_FN433596:sccmec_saures_FN433596_l68844_67 (length 68)
PROKKA_FN433596/PROKKA_FN433596:sccmec_saures_FN433596_l68844_68 (length 173)
PROKKA_FN433596/PROKKA_FN433596:sccmec_saures_FN433596_l68844_69 (length 131)
PROKKA_FN433596/PROKKA_FN433596:sccmec_saures_FN433596_l68844_70 (length 116)
PROKKA_FN433596/PROKKA_FN433596:sccmec_saures_FN433596_l68844_71 (length 542)
PROKKA_FN433596/PROKKA_FN433596:sccmec_saures_FN433596_l68844_72 (length 448)
PROKKA_FN433596/PROKKA_FN433596:sccmec_saures_FN433596_l68844_73 (length 112)
PROKKA_FN433596/PROKKA_FN433596:sccmec_saures_FN433596_l68844_74 (length 595)
PROKKA_FN433596/PROKKA_FN433596:sccmec_saures_FN433596_l68844_75 (length 95)
PROKKA_FN433596/PROKKA_FN433596:sccmec_saures_FN433596_l68844_76 (length 349)
PROKKA_FN433596/PROKKA_FN433596:sccmec_saures_FN433596_l68844_77 (length 190)

DiscRep_ALL:DISC_INCONSISTENT_MOLINFO_TECH::Molinfo Technique Report (some missing, all same)
DiscRep_SUB:DISC_INCONSISTENT_MOLINFO_TECH::technique (all missing)
DiscRep_SUB:DISC_INCONSISTENT_MOLINFO_TECH::1 Molinfos are missing field technique
PROKKA_FN433596/PROKKA_FN433596:sccmec_saures_FN433596_l68844 (length 68844)

