[17:10:43] This is prokka 1.12
[17:10:43] Written by Torsten Seemann <torsten.seemann@gmail.com>
[17:10:43] Homepage is https://github.com/tseemann/prokka
[17:10:43] Local time is Mon May 15 17:10:43 2017
[17:10:43] You are fsepulveda
[17:10:43] Operating system is linux
[17:10:43] You have BioPerl 1.006924
[17:10:43] System has 4 cores.
[17:10:43] Option --cpu asked for 8 cores, but system only has 4
[17:10:43] Will use maximum of 4 cores.
[17:10:43] Annotating as >>> Bacteria <<<
[17:10:43] Creating new output folder: PROKKA_FN433596
[17:10:43] Running: mkdir -p PROKKA_FN433596
[17:10:43] Using filename prefix: PROKKA_FN433596.XXX
[17:10:43] Setting HMMER_NCPU=1
[17:10:43] Writing log to: PROKKA_FN433596/PROKKA_FN433596.log
[17:10:43] Command: /home/fsepulveda/Desktop/tesis/sccmec_classification/prokka-1.12/bin/prokka --genus Staphylococcus --prefix PROKKA_FN433596 --addgenes --addmrna --locustag FN433596_SCCmec /home/fsepulveda/Documents/parte2/229_sccmec/sccmec_FN433596.fasta
[17:10:43] Appending to PATH: /home/fsepulveda/Desktop/tesis/sccmec_classification/prokka-1.12/bin/../binaries/linux
[17:10:43] Appending to PATH: /home/fsepulveda/Desktop/tesis/sccmec_classification/prokka-1.12/bin/../binaries/linux/../common
[17:10:43] Appending to PATH: /home/fsepulveda/Desktop/tesis/sccmec_classification/prokka-1.12/bin
[17:10:43] Looking for 'aragorn' - found /home/fsepulveda/Desktop/tesis/sccmec_classification/prokka-1.12/bin/../binaries/linux/aragorn
[17:10:43] Determined aragorn version is 1.2
[17:10:43] Looking for 'blastp' - found /usr/bin/blastp
[17:10:43] Determined blastp version is 2.2
[17:10:43] Looking for 'cmpress' - found /usr/bin/cmpress
[17:10:43] Determined cmpress version is 1.1
[17:10:43] Looking for 'cmscan' - found /usr/bin/cmscan
[17:10:43] Determined cmscan version is 1.1
[17:10:43] Looking for 'egrep' - found /bin/egrep
[17:10:43] Looking for 'find' - found /usr/bin/find
[17:10:43] Looking for 'grep' - found /bin/grep
[17:10:43] Looking for 'hmmpress' - found /usr/bin/hmmpress
[17:10:43] Determined hmmpress version is 3.1
[17:10:43] Looking for 'hmmscan' - found /usr/bin/hmmscan
[17:10:43] Determined hmmscan version is 3.1
[17:10:43] Looking for 'java' - found /usr/bin/java
[17:10:43] Looking for 'less' - found /usr/bin/less
[17:10:43] Looking for 'makeblastdb' - found /usr/bin/makeblastdb
[17:10:43] Determined makeblastdb version is 2.2
[17:10:43] Looking for 'minced' - found /home/fsepulveda/Desktop/tesis/sccmec_classification/prokka-1.12/bin/../binaries/linux/../common/minced
[17:10:43] Determined minced version is 2.0
[17:10:43] Looking for 'parallel' - found /home/fsepulveda/Desktop/tesis/sccmec_classification/prokka-1.12/bin/../binaries/linux/../common/parallel
[17:10:43] Determined parallel version is 20150122
[17:10:43] Looking for 'prodigal' - found /home/fsepulveda/Desktop/tesis/sccmec_classification/prokka-1.12/bin/../binaries/linux/prodigal
[17:10:43] Determined prodigal version is 2.6
[17:10:43] Looking for 'prokka-genbank_to_fasta_db' - found /home/fsepulveda/Desktop/tesis/sccmec_classification/prokka-1.12/bin/prokka-genbank_to_fasta_db
[17:10:43] Looking for 'sed' - found /bin/sed
[17:10:43] Looking for 'tbl2asn' - found /home/fsepulveda/Desktop/tesis/sccmec_classification/prokka-1.12/bin/../binaries/linux/tbl2asn
[17:10:43] Determined tbl2asn version is 25.3
[17:10:43] Using genetic code table 11.
[17:10:43] Loading and checking input file: /home/fsepulveda/Documents/parte2/229_sccmec/sccmec_FN433596.fasta
[17:10:43] Wrote 1 contigs totalling 68844 bp.
[17:10:43] Predicting tRNAs and tmRNAs
[17:10:43] Running: aragorn -l -gc11  -w PROKKA_FN433596\/PROKKA_FN433596\.fna
[17:10:43] Found 0 tRNAs
[17:10:43] Predicting Ribosomal RNAs
[17:10:43] You need either Barrnap or RNAmmer installed to predict rRNAs!
[17:10:43] Skipping ncRNA search, enable with --rfam if desired.
[17:10:43] Total of 0 tRNA + rRNA features
[17:10:43] Searching for CRISPR repeats
[17:10:43] Found 0 CRISPRs
[17:10:43] Predicting coding sequences
[17:10:43] Contigs total 68844 bp, so using meta mode
[17:10:43] Running: prodigal -i PROKKA_FN433596\/PROKKA_FN433596\.fna -c -m -g 11 -p meta -f sco -q
[17:10:44] Found 77 CDS
[17:10:44] Connecting features back to sequences
[17:10:44] Not using genus-specific database. Try --usegenus to enable it.
[17:10:44] Annotating CDS, please be patient.
[17:10:44] Will use 4 CPUs for similarity searching.
[17:10:44] There are still 77 unannotated CDS left (started with 77)
[17:10:44] Will use blast to search against /home/fsepulveda/Desktop/tesis/sccmec_classification/prokka-1.12/bin/../db/kingdom/Bacteria/sprot with 4 CPUs
[17:10:44] Running: cat PROKKA_FN433596\/sprot\.faa | parallel --gnu --plain -j 4 --block 2459 --recstart '>' --pipe blastp -query - -db /home/fsepulveda/Desktop/tesis/sccmec_classification/prokka-1.12/bin/../db/kingdom/Bacteria/sprot -evalue 1e-06 -num_threads 1 -num_descriptions 1 -num_alignments 1 -seg no > PROKKA_FN433596\/sprot\.blast 2> /dev/null
[17:10:46] Modify product: Uncharacterized methyltransferase YcgJ => putative methyltransferase YcgJ
[17:10:46] Modify product: Uncharacterized HTH-type transcriptional regulator SACOL2360 => putative HTH-type transcriptional regulator
[17:10:46] Modify product: Probable transport protein HsrA => putative transport protein HsrA
[17:10:46] Modify product: Probable cadmium-transporting ATPase => putative cadmium-transporting ATPase
[17:10:46] Cleaned 4 /product names
[17:10:46] Deleting unwanted file: PROKKA_FN433596/sprot.faa
[17:10:46] Deleting unwanted file: PROKKA_FN433596/sprot.blast
[17:10:46] There are still 45 unannotated CDS left (started with 77)
[17:10:46] Will use hmmer3 to search against /home/fsepulveda/Desktop/tesis/sccmec_classification/prokka-1.12/bin/../db/hmm/HAMAP.hmm with 4 CPUs
[17:10:46] Running: cat PROKKA_FN433596\/HAMAP\.hmm\.faa | parallel --gnu --plain -j 4 --block 1030 --recstart '>' --pipe hmmscan --noali --notextw --acc -E 1e-06 --cpu 1 /home/fsepulveda/Desktop/tesis/sccmec_classification/prokka-1.12/bin/../db/hmm/HAMAP.hmm /dev/stdin > PROKKA_FN433596\/HAMAP\.hmm\.hmmer3 2> /dev/null
[17:10:47] Deleting unwanted file: PROKKA_FN433596/HAMAP.hmm.faa
[17:10:47] Deleting unwanted file: PROKKA_FN433596/HAMAP.hmm.hmmer3
[17:10:47] Labelling remaining 45 proteins as 'hypothetical protein'
[17:10:47] Possible /pseudo 'Tyrosine recombinase XerC' at sccmec_saures_FN433596_l68844 position 12545
[17:10:47] Found 27 unique /gene codes.
[17:10:47] Fixed 3 duplicate /gene - xerC_1 xerC_2 xerC_3
[17:10:47] Fixed 2 duplicate /gene - pspE_1 pspE_2
[17:10:47] Fixed 2 duplicate /gene - hin_1 hin_2
[17:10:47] Fixed 3 colliding /gene names.
[17:10:47] Adding /locus_tag identifiers
[17:10:47] Assigned 77 locus_tags to CDS and RNA features.
[17:10:47] Writing outputs to PROKKA_FN433596/
[17:10:47] Generating annotation statistics file
[17:10:47] Generating Genbank and Sequin files
[17:10:47] Running: tbl2asn -V b -a r10k -l paired-ends -M n -N 1 -y 'Annotated using prokka 1.12 from https://github.com/tseemann/prokka' -Z PROKKA_FN433596\/PROKKA_FN433596\.err -i PROKKA_FN433596\/PROKKA_FN433596\.fsa 2> /dev/null
[17:10:47] Deleting unwanted file: PROKKA_FN433596/errorsummary.val
[17:10:47] Deleting unwanted file: PROKKA_FN433596/PROKKA_FN433596.dr
[17:10:47] Deleting unwanted file: PROKKA_FN433596/PROKKA_FN433596.fixedproducts
[17:10:47] Deleting unwanted file: PROKKA_FN433596/PROKKA_FN433596.ecn
[17:10:47] Deleting unwanted file: PROKKA_FN433596/PROKKA_FN433596.val
[17:10:47] Repairing broken .GBK output that tbl2asn produces...
[17:10:47] Running: sed 's/COORDINATES: profile/COORDINATES:profile/' < PROKKA_FN433596\/PROKKA_FN433596\.gbf > PROKKA_FN433596\/PROKKA_FN433596\.gbk
[17:10:47] Deleting unwanted file: PROKKA_FN433596/PROKKA_FN433596.gbf
[17:10:47] Output files:
[17:10:47] PROKKA_FN433596/PROKKA_FN433596.gff
[17:10:47] PROKKA_FN433596/PROKKA_FN433596.gbk
[17:10:47] PROKKA_FN433596/PROKKA_FN433596.fna
[17:10:47] PROKKA_FN433596/PROKKA_FN433596.sqn
[17:10:47] PROKKA_FN433596/PROKKA_FN433596.tsv
[17:10:47] PROKKA_FN433596/PROKKA_FN433596.log
[17:10:47] PROKKA_FN433596/PROKKA_FN433596.faa
[17:10:47] PROKKA_FN433596/PROKKA_FN433596.txt
[17:10:47] PROKKA_FN433596/PROKKA_FN433596.err
[17:10:47] PROKKA_FN433596/PROKKA_FN433596.tbl
[17:10:47] PROKKA_FN433596/PROKKA_FN433596.ffn
[17:10:47] PROKKA_FN433596/PROKKA_FN433596.fsa
[17:10:47] Annotation finished successfully.
[17:10:47] Walltime used: 0.07 minutes
[17:10:47] If you use this result please cite the Prokka paper:
[17:10:47] Seemann T (2014) Prokka: rapid prokaryotic genome annotation. Bioinformatics. 30(14):2068-9.
[17:10:47] Type 'prokka --citation' for more details.
[17:10:47] Thank you, come again.
