Discrepancy Report Results

Summary
FATAL: BAD_LOCUS_TAG_FORMAT:26 locus tags are incorrectly formatted.
FATAL: MISSING_PROTEIN_ID:26 proteins have invalid IDs.
DISC_SOURCE_QUALS_ASNDISC:strain (all present, all unique)
DISC_SOURCE_QUALS_ASNDISC:taxname (all present, all unique)
DISC_FEATURE_COUNT:gene: 26 present
DISC_FEATURE_COUNT:CDS: 26 present
DISC_FEATURE_COUNT:mRNA: 26 present
DISC_COUNT_NUCLEOTIDES:1 nucleotide Bioseqs are present
OVERLAPPING_GENES:8 genes overlap another gene on the same strand.
DISC_QUALITY_SCORES:Quality scores are missing on all sequences.
ONCALLER_COMMENT_PRESENT:1 comment descriptors were found (all same)
SHORT_PROT_SEQUENCES:1 protein sequences are shorter than 50 aa.
MISSING_GENOMEASSEMBLY_COMMENTS:1 bioseqs are missing GenomeAssembly structured comments
MOLTYPE_NOT_MRNA:1 molecule types are not set as mRNA.
TECHNIQUE_NOT_TSA:1 technique are not set as TSA
MISSING_STRUCTURED_COMMENT:1 sequences do not include structured comments.
MISSING_PROJECT:27 sequences do not include project.
DISC_INCONSISTENT_MOLINFO_TECH:Molinfo Technique Report (some missing, all same)


Detailed Report

FATAL: DiscRep_ALL:BAD_LOCUS_TAG_FORMAT::26 locus tags are incorrectly formatted.
PROKKA_CP007499/PROKKA_CP007499:Gene	rlmH	sccmec_saures_CP007499_l26357:1-480	CP007499_SCCmec_00001
PROKKA_CP007499/PROKKA_CP007499:Gene	CP007499_SCCmec_00002	sccmec_saures_CP007499_l26357:763-2058	CP007499_SCCmec_00002
PROKKA_CP007499/PROKKA_CP007499:Gene	CP007499_SCCmec_00003	sccmec_saures_CP007499_l26357:c3588-2416	CP007499_SCCmec_00003
PROKKA_CP007499/PROKKA_CP007499:Gene	CP007499_SCCmec_00004	sccmec_saures_CP007499_l26357:3805-4044	CP007499_SCCmec_00004
PROKKA_CP007499/PROKKA_CP007499:Gene	CP007499_SCCmec_00005	sccmec_saures_CP007499_l26357:c4750-4076	CP007499_SCCmec_00005
PROKKA_CP007499/PROKKA_CP007499:Gene	CP007499_SCCmec_00006	sccmec_saures_CP007499_l26357:5008-5175	CP007499_SCCmec_00006
PROKKA_CP007499/PROKKA_CP007499:Gene	CP007499_SCCmec_00007	sccmec_saures_CP007499_l26357:5273-5503	CP007499_SCCmec_00007
PROKKA_CP007499/PROKKA_CP007499:Gene	ugpQ	sccmec_saures_CP007499_l26357:6052-6795	CP007499_SCCmec_00008
PROKKA_CP007499/PROKKA_CP007499:Gene	paaZ	sccmec_saures_CP007499_l26357:6892-7320	CP007499_SCCmec_00009
PROKKA_CP007499/PROKKA_CP007499:Gene	pbp	sccmec_saures_CP007499_l26357:c9372-7366	CP007499_SCCmec_00010
PROKKA_CP007499/PROKKA_CP007499:Gene	mecR1	sccmec_saures_CP007499_l26357:9574-10458	CP007499_SCCmec_00011
PROKKA_CP007499/PROKKA_CP007499:Gene	CP007499_SCCmec_00012	sccmec_saures_CP007499_l26357:10418-10690	CP007499_SCCmec_00012
PROKKA_CP007499/PROKKA_CP007499:Gene	CP007499_SCCmec_00013	sccmec_saures_CP007499_l26357:c12201-10681	CP007499_SCCmec_00013
PROKKA_CP007499/PROKKA_CP007499:Gene	CP007499_SCCmec_00014	sccmec_saures_CP007499_l26357:c12849-12340	CP007499_SCCmec_00014
PROKKA_CP007499/PROKKA_CP007499:Gene	CP007499_SCCmec_00015	sccmec_saures_CP007499_l26357:c13172-12861	CP007499_SCCmec_00015
PROKKA_CP007499/PROKKA_CP007499:Gene	CP007499_SCCmec_00016	sccmec_saures_CP007499_l26357:c13609-13259	CP007499_SCCmec_00016
PROKKA_CP007499/PROKKA_CP007499:Gene	hin_1	sccmec_saures_CP007499_l26357:c15759-14131	CP007499_SCCmec_00017
PROKKA_CP007499/PROKKA_CP007499:Gene	hin_2	sccmec_saures_CP007499_l26357:c17148-15781	CP007499_SCCmec_00018
PROKKA_CP007499/PROKKA_CP007499:Gene	CP007499_SCCmec_00019	sccmec_saures_CP007499_l26357:c19157-17364	CP007499_SCCmec_00019
PROKKA_CP007499/PROKKA_CP007499:Gene	CP007499_SCCmec_00020	sccmec_saures_CP007499_l26357:c19450-19157	CP007499_SCCmec_00020
PROKKA_CP007499/PROKKA_CP007499:Gene	CP007499_SCCmec_00021	sccmec_saures_CP007499_l26357:19606-20673	CP007499_SCCmec_00021
PROKKA_CP007499/PROKKA_CP007499:Gene	stkP	sccmec_saures_CP007499_l26357:20706-22205	CP007499_SCCmec_00022
PROKKA_CP007499/PROKKA_CP007499:Gene	CP007499_SCCmec_00023	sccmec_saures_CP007499_l26357:22205-22354	CP007499_SCCmec_00023
PROKKA_CP007499/PROKKA_CP007499:Gene	CP007499_SCCmec_00024	sccmec_saures_CP007499_l26357:22656-22898	CP007499_SCCmec_00024
PROKKA_CP007499/PROKKA_CP007499:Gene	CP007499_SCCmec_00025	sccmec_saures_CP007499_l26357:23063-24526	CP007499_SCCmec_00025
PROKKA_CP007499/PROKKA_CP007499:Gene	CP007499_SCCmec_00026	sccmec_saures_CP007499_l26357:24507-26150	CP007499_SCCmec_00026

FATAL: DiscRep_ALL:MISSING_PROTEIN_ID::26 proteins have invalid IDs.
PROKKA_CP007499/PROKKA_CP007499:sccmec_saures_CP007499_l26357_1 (length 159)
PROKKA_CP007499/PROKKA_CP007499:sccmec_saures_CP007499_l26357_2 (length 431)
PROKKA_CP007499/PROKKA_CP007499:sccmec_saures_CP007499_l26357_3 (length 390)
PROKKA_CP007499/PROKKA_CP007499:sccmec_saures_CP007499_l26357_4 (length 79)
PROKKA_CP007499/PROKKA_CP007499:sccmec_saures_CP007499_l26357_5 (length 224)
PROKKA_CP007499/PROKKA_CP007499:sccmec_saures_CP007499_l26357_6 (length 55)
PROKKA_CP007499/PROKKA_CP007499:sccmec_saures_CP007499_l26357_7 (length 76)
PROKKA_CP007499/PROKKA_CP007499:sccmec_saures_CP007499_l26357_8 (length 247)
PROKKA_CP007499/PROKKA_CP007499:sccmec_saures_CP007499_l26357_9 (length 142)
PROKKA_CP007499/PROKKA_CP007499:sccmec_saures_CP007499_l26357_10 (length 668)
PROKKA_CP007499/PROKKA_CP007499:sccmec_saures_CP007499_l26357_11 (length 294)
PROKKA_CP007499/PROKKA_CP007499:sccmec_saures_CP007499_l26357_12 (length 90)
PROKKA_CP007499/PROKKA_CP007499:sccmec_saures_CP007499_l26357_13 (length 506)
PROKKA_CP007499/PROKKA_CP007499:sccmec_saures_CP007499_l26357_14 (length 169)
PROKKA_CP007499/PROKKA_CP007499:sccmec_saures_CP007499_l26357_15 (length 103)
PROKKA_CP007499/PROKKA_CP007499:sccmec_saures_CP007499_l26357_16 (length 116)
PROKKA_CP007499/PROKKA_CP007499:sccmec_saures_CP007499_l26357_17 (length 542)
PROKKA_CP007499/PROKKA_CP007499:sccmec_saures_CP007499_l26357_18 (length 455)
PROKKA_CP007499/PROKKA_CP007499:sccmec_saures_CP007499_l26357_19 (length 597)
PROKKA_CP007499/PROKKA_CP007499:sccmec_saures_CP007499_l26357_20 (length 97)
PROKKA_CP007499/PROKKA_CP007499:sccmec_saures_CP007499_l26357_21 (length 355)
PROKKA_CP007499/PROKKA_CP007499:sccmec_saures_CP007499_l26357_22 (length 499)
PROKKA_CP007499/PROKKA_CP007499:sccmec_saures_CP007499_l26357_23 (length 49)
PROKKA_CP007499/PROKKA_CP007499:sccmec_saures_CP007499_l26357_24 (length 80)
PROKKA_CP007499/PROKKA_CP007499:sccmec_saures_CP007499_l26357_25 (length 487)
PROKKA_CP007499/PROKKA_CP007499:sccmec_saures_CP007499_l26357_26 (length 547)

DiscRep_ALL:DISC_SOURCE_QUALS_ASNDISC::strain (all present, all unique)
DiscRep_SUB:DISC_SOURCE_QUALS_ASNDISC::1 sources have unique values for strain
DiscRep_ALL:DISC_SOURCE_QUALS_ASNDISC::taxname (all present, all unique)
DiscRep_SUB:DISC_SOURCE_QUALS_ASNDISC::1 sources have unique values for taxname
DiscRep_ALL:DISC_FEATURE_COUNT::gene: 26 present
DiscRep_ALL:DISC_FEATURE_COUNT::CDS: 26 present
DiscRep_ALL:DISC_FEATURE_COUNT::mRNA: 26 present
DiscRep_ALL:DISC_COUNT_NUCLEOTIDES::1 nucleotide Bioseqs are present
PROKKA_CP007499/PROKKA_CP007499:sccmec_saures_CP007499_l26357 (length 26357)

DiscRep_ALL:OVERLAPPING_GENES::8 genes overlap another gene on the same strand.
PROKKA_CP007499/PROKKA_CP007499:Gene	mecR1	sccmec_saures_CP007499_l26357:9574-10458	CP007499_SCCmec_00011
PROKKA_CP007499/PROKKA_CP007499:Gene	CP007499_SCCmec_00012	sccmec_saures_CP007499_l26357:10418-10690	CP007499_SCCmec_00012
PROKKA_CP007499/PROKKA_CP007499:Gene	CP007499_SCCmec_00019	sccmec_saures_CP007499_l26357:c19157-17364	CP007499_SCCmec_00019
PROKKA_CP007499/PROKKA_CP007499:Gene	CP007499_SCCmec_00020	sccmec_saures_CP007499_l26357:c19450-19157	CP007499_SCCmec_00020
PROKKA_CP007499/PROKKA_CP007499:Gene	stkP	sccmec_saures_CP007499_l26357:20706-22205	CP007499_SCCmec_00022
PROKKA_CP007499/PROKKA_CP007499:Gene	CP007499_SCCmec_00023	sccmec_saures_CP007499_l26357:22205-22354	CP007499_SCCmec_00023
PROKKA_CP007499/PROKKA_CP007499:Gene	CP007499_SCCmec_00025	sccmec_saures_CP007499_l26357:23063-24526	CP007499_SCCmec_00025
PROKKA_CP007499/PROKKA_CP007499:Gene	CP007499_SCCmec_00026	sccmec_saures_CP007499_l26357:24507-26150	CP007499_SCCmec_00026

DiscRep_ALL:DISC_QUALITY_SCORES::Quality scores are missing on all sequences.

DiscRep_ALL:ONCALLER_COMMENT_PRESENT::1 comment descriptors were found (all same)
PROKKA_CP007499/PROKKA_CP007499:sccmec_saures_CP007499_l26357:Annotated using prokka 1.12 from https://github.com/tseemann/prokka

DiscRep_ALL:SHORT_PROT_SEQUENCES::1 protein sequences are shorter than 50 aa.
PROKKA_CP007499/PROKKA_CP007499:sccmec_saures_CP007499_l26357_23 (length 49)

DiscRep_ALL:MISSING_GENOMEASSEMBLY_COMMENTS::1 bioseqs are missing GenomeAssembly structured comments
PROKKA_CP007499/PROKKA_CP007499:sccmec_saures_CP007499_l26357 (length 26357)

DiscRep_ALL:MOLTYPE_NOT_MRNA::1 molecule types are not set as mRNA.
PROKKA_CP007499/PROKKA_CP007499:sccmec_saures_CP007499_l26357 (length 26357)

DiscRep_ALL:TECHNIQUE_NOT_TSA::1 technique are not set as TSA
PROKKA_CP007499/PROKKA_CP007499:sccmec_saures_CP007499_l26357 (length 26357)

DiscRep_ALL:MISSING_STRUCTURED_COMMENT::1 sequences do not include structured comments.
PROKKA_CP007499/PROKKA_CP007499:sccmec_saures_CP007499_l26357 (length 26357)

DiscRep_ALL:MISSING_PROJECT::27 sequences do not include project.
PROKKA_CP007499/PROKKA_CP007499:sccmec_saures_CP007499_l26357 (length 26357)
PROKKA_CP007499/PROKKA_CP007499:sccmec_saures_CP007499_l26357_1 (length 159)
PROKKA_CP007499/PROKKA_CP007499:sccmec_saures_CP007499_l26357_2 (length 431)
PROKKA_CP007499/PROKKA_CP007499:sccmec_saures_CP007499_l26357_3 (length 390)
PROKKA_CP007499/PROKKA_CP007499:sccmec_saures_CP007499_l26357_4 (length 79)
PROKKA_CP007499/PROKKA_CP007499:sccmec_saures_CP007499_l26357_5 (length 224)
PROKKA_CP007499/PROKKA_CP007499:sccmec_saures_CP007499_l26357_6 (length 55)
PROKKA_CP007499/PROKKA_CP007499:sccmec_saures_CP007499_l26357_7 (length 76)
PROKKA_CP007499/PROKKA_CP007499:sccmec_saures_CP007499_l26357_8 (length 247)
PROKKA_CP007499/PROKKA_CP007499:sccmec_saures_CP007499_l26357_9 (length 142)
PROKKA_CP007499/PROKKA_CP007499:sccmec_saures_CP007499_l26357_10 (length 668)
PROKKA_CP007499/PROKKA_CP007499:sccmec_saures_CP007499_l26357_11 (length 294)
PROKKA_CP007499/PROKKA_CP007499:sccmec_saures_CP007499_l26357_12 (length 90)
PROKKA_CP007499/PROKKA_CP007499:sccmec_saures_CP007499_l26357_13 (length 506)
PROKKA_CP007499/PROKKA_CP007499:sccmec_saures_CP007499_l26357_14 (length 169)
PROKKA_CP007499/PROKKA_CP007499:sccmec_saures_CP007499_l26357_15 (length 103)
PROKKA_CP007499/PROKKA_CP007499:sccmec_saures_CP007499_l26357_16 (length 116)
PROKKA_CP007499/PROKKA_CP007499:sccmec_saures_CP007499_l26357_17 (length 542)
PROKKA_CP007499/PROKKA_CP007499:sccmec_saures_CP007499_l26357_18 (length 455)
PROKKA_CP007499/PROKKA_CP007499:sccmec_saures_CP007499_l26357_19 (length 597)
PROKKA_CP007499/PROKKA_CP007499:sccmec_saures_CP007499_l26357_20 (length 97)
PROKKA_CP007499/PROKKA_CP007499:sccmec_saures_CP007499_l26357_21 (length 355)
PROKKA_CP007499/PROKKA_CP007499:sccmec_saures_CP007499_l26357_22 (length 499)
PROKKA_CP007499/PROKKA_CP007499:sccmec_saures_CP007499_l26357_23 (length 49)
PROKKA_CP007499/PROKKA_CP007499:sccmec_saures_CP007499_l26357_24 (length 80)
PROKKA_CP007499/PROKKA_CP007499:sccmec_saures_CP007499_l26357_25 (length 487)
PROKKA_CP007499/PROKKA_CP007499:sccmec_saures_CP007499_l26357_26 (length 547)

DiscRep_ALL:DISC_INCONSISTENT_MOLINFO_TECH::Molinfo Technique Report (some missing, all same)
DiscRep_SUB:DISC_INCONSISTENT_MOLINFO_TECH::technique (all missing)
DiscRep_SUB:DISC_INCONSISTENT_MOLINFO_TECH::1 Molinfos are missing field technique
PROKKA_CP007499/PROKKA_CP007499:sccmec_saures_CP007499_l26357 (length 26357)

