[17:15:01] This is prokka 1.12
[17:15:01] Written by Torsten Seemann <torsten.seemann@gmail.com>
[17:15:01] Homepage is https://github.com/tseemann/prokka
[17:15:01] Local time is Mon May 15 17:15:01 2017
[17:15:01] You are fsepulveda
[17:15:01] Operating system is linux
[17:15:01] You have BioPerl 1.006924
[17:15:01] System has 4 cores.
[17:15:01] Option --cpu asked for 8 cores, but system only has 4
[17:15:01] Will use maximum of 4 cores.
[17:15:01] Annotating as >>> Bacteria <<<
[17:15:01] Creating new output folder: PROKKA_NZ_CP012015
[17:15:01] Running: mkdir -p PROKKA_NZ_CP012015
[17:15:01] Using filename prefix: PROKKA_NZ_CP012015.XXX
[17:15:01] Setting HMMER_NCPU=1
[17:15:01] Writing log to: PROKKA_NZ_CP012015/PROKKA_NZ_CP012015.log
[17:15:01] Command: /home/fsepulveda/Desktop/tesis/sccmec_classification/prokka-1.12/bin/prokka --genus Staphylococcus --prefix PROKKA_NZ_CP012015 --addgenes --addmrna --locustag NZ_CP012015_SCCmec /home/fsepulveda/Documents/parte2/229_sccmec/sccmec_NZ_CP012015.fasta
[17:15:01] Appending to PATH: /home/fsepulveda/Desktop/tesis/sccmec_classification/prokka-1.12/bin/../binaries/linux
[17:15:01] Appending to PATH: /home/fsepulveda/Desktop/tesis/sccmec_classification/prokka-1.12/bin/../binaries/linux/../common
[17:15:01] Appending to PATH: /home/fsepulveda/Desktop/tesis/sccmec_classification/prokka-1.12/bin
[17:15:01] Looking for 'aragorn' - found /home/fsepulveda/Desktop/tesis/sccmec_classification/prokka-1.12/bin/../binaries/linux/aragorn
[17:15:01] Determined aragorn version is 1.2
[17:15:01] Looking for 'blastp' - found /usr/bin/blastp
[17:15:01] Determined blastp version is 2.2
[17:15:01] Looking for 'cmpress' - found /usr/bin/cmpress
[17:15:01] Determined cmpress version is 1.1
[17:15:01] Looking for 'cmscan' - found /usr/bin/cmscan
[17:15:01] Determined cmscan version is 1.1
[17:15:01] Looking for 'egrep' - found /bin/egrep
[17:15:01] Looking for 'find' - found /usr/bin/find
[17:15:01] Looking for 'grep' - found /bin/grep
[17:15:01] Looking for 'hmmpress' - found /usr/bin/hmmpress
[17:15:01] Determined hmmpress version is 3.1
[17:15:01] Looking for 'hmmscan' - found /usr/bin/hmmscan
[17:15:01] Determined hmmscan version is 3.1
[17:15:01] Looking for 'java' - found /usr/bin/java
[17:15:01] Looking for 'less' - found /usr/bin/less
[17:15:01] Looking for 'makeblastdb' - found /usr/bin/makeblastdb
[17:15:01] Determined makeblastdb version is 2.2
[17:15:01] Looking for 'minced' - found /home/fsepulveda/Desktop/tesis/sccmec_classification/prokka-1.12/bin/../binaries/linux/../common/minced
[17:15:01] Determined minced version is 2.0
[17:15:01] Looking for 'parallel' - found /home/fsepulveda/Desktop/tesis/sccmec_classification/prokka-1.12/bin/../binaries/linux/../common/parallel
[17:15:02] Determined parallel version is 20150122
[17:15:02] Looking for 'prodigal' - found /home/fsepulveda/Desktop/tesis/sccmec_classification/prokka-1.12/bin/../binaries/linux/prodigal
[17:15:02] Determined prodigal version is 2.6
[17:15:02] Looking for 'prokka-genbank_to_fasta_db' - found /home/fsepulveda/Desktop/tesis/sccmec_classification/prokka-1.12/bin/prokka-genbank_to_fasta_db
[17:15:02] Looking for 'sed' - found /bin/sed
[17:15:02] Looking for 'tbl2asn' - found /home/fsepulveda/Desktop/tesis/sccmec_classification/prokka-1.12/bin/../binaries/linux/tbl2asn
[17:15:02] Determined tbl2asn version is 25.3
[17:15:02] Using genetic code table 11.
[17:15:02] Loading and checking input file: /home/fsepulveda/Documents/parte2/229_sccmec/sccmec_NZ_CP012015.fasta
[17:15:02] Wrote 1 contigs totalling 60783 bp.
[17:15:02] Predicting tRNAs and tmRNAs
[17:15:02] Running: aragorn -l -gc11  -w PROKKA_NZ_CP012015\/PROKKA_NZ_CP012015\.fna
[17:15:02] Found 0 tRNAs
[17:15:02] Predicting Ribosomal RNAs
[17:15:02] You need either Barrnap or RNAmmer installed to predict rRNAs!
[17:15:02] Skipping ncRNA search, enable with --rfam if desired.
[17:15:02] Total of 0 tRNA + rRNA features
[17:15:02] Searching for CRISPR repeats
[17:15:02] Found 0 CRISPRs
[17:15:02] Predicting coding sequences
[17:15:02] Contigs total 60783 bp, so using meta mode
[17:15:02] Running: prodigal -i PROKKA_NZ_CP012015\/PROKKA_NZ_CP012015\.fna -c -m -g 11 -p meta -f sco -q
[17:15:02] Found 68 CDS
[17:15:02] Connecting features back to sequences
[17:15:02] Not using genus-specific database. Try --usegenus to enable it.
[17:15:02] Annotating CDS, please be patient.
[17:15:02] Will use 4 CPUs for similarity searching.
[17:15:02] There are still 68 unannotated CDS left (started with 68)
[17:15:02] Will use blast to search against /home/fsepulveda/Desktop/tesis/sccmec_classification/prokka-1.12/bin/../db/kingdom/Bacteria/sprot with 4 CPUs
[17:15:02] Running: cat PROKKA_NZ_CP012015\/sprot\.faa | parallel --gnu --plain -j 4 --block 2191 --recstart '>' --pipe blastp -query - -db /home/fsepulveda/Desktop/tesis/sccmec_classification/prokka-1.12/bin/../db/kingdom/Bacteria/sprot -evalue 1e-06 -num_threads 1 -num_descriptions 1 -num_alignments 1 -seg no > PROKKA_NZ_CP012015\/sprot\.blast 2> /dev/null
[17:15:04] Modify product: Uncharacterized methyltransferase YcgJ => putative methyltransferase YcgJ
[17:15:04] Modify product: Probable cadmium-transporting ATPase => putative cadmium-transporting ATPase
[17:15:04] Cleaned 2 /product names
[17:15:04] Deleting unwanted file: PROKKA_NZ_CP012015/sprot.faa
[17:15:04] Deleting unwanted file: PROKKA_NZ_CP012015/sprot.blast
[17:15:04] There are still 41 unannotated CDS left (started with 68)
[17:15:04] Will use hmmer3 to search against /home/fsepulveda/Desktop/tesis/sccmec_classification/prokka-1.12/bin/../db/hmm/HAMAP.hmm with 4 CPUs
[17:15:04] Running: cat PROKKA_NZ_CP012015\/HAMAP\.hmm\.faa | parallel --gnu --plain -j 4 --block 1026 --recstart '>' --pipe hmmscan --noali --notextw --acc -E 1e-06 --cpu 1 /home/fsepulveda/Desktop/tesis/sccmec_classification/prokka-1.12/bin/../db/hmm/HAMAP.hmm /dev/stdin > PROKKA_NZ_CP012015\/HAMAP\.hmm\.hmmer3 2> /dev/null
[17:15:05] Deleting unwanted file: PROKKA_NZ_CP012015/HAMAP.hmm.faa
[17:15:05] Deleting unwanted file: PROKKA_NZ_CP012015/HAMAP.hmm.hmmer3
[17:15:05] Labelling remaining 40 proteins as 'hypothetical protein'
[17:15:05] Possible /pseudo 'Streptomycin 3''-adenylyltransferase' at sccmec_saures_NZ_CP012015_l60783 position 14622
[17:15:05] Found 24 unique /gene codes.
[17:15:05] Fixed 2 duplicate /gene - hin_1 hin_2
[17:15:05] Fixed 2 duplicate /gene - ant1_1 ant1_2
[17:15:05] Fixed 2 duplicate /gene - xerC_1 xerC_2
[17:15:05] Fixed 2 duplicate /gene - pspE_1 pspE_2
[17:15:05] Fixed 4 colliding /gene names.
[17:15:05] Adding /locus_tag identifiers
[17:15:05] Assigned 68 locus_tags to CDS and RNA features.
[17:15:05] Writing outputs to PROKKA_NZ_CP012015/
[17:15:05] Generating annotation statistics file
[17:15:05] Generating Genbank and Sequin files
[17:15:05] Running: tbl2asn -V b -a r10k -l paired-ends -M n -N 1 -y 'Annotated using prokka 1.12 from https://github.com/tseemann/prokka' -Z PROKKA_NZ_CP012015\/PROKKA_NZ_CP012015\.err -i PROKKA_NZ_CP012015\/PROKKA_NZ_CP012015\.fsa 2> /dev/null
[17:15:05] Deleting unwanted file: PROKKA_NZ_CP012015/errorsummary.val
[17:15:05] Deleting unwanted file: PROKKA_NZ_CP012015/PROKKA_NZ_CP012015.dr
[17:15:05] Deleting unwanted file: PROKKA_NZ_CP012015/PROKKA_NZ_CP012015.fixedproducts
[17:15:05] Deleting unwanted file: PROKKA_NZ_CP012015/PROKKA_NZ_CP012015.ecn
[17:15:05] Deleting unwanted file: PROKKA_NZ_CP012015/PROKKA_NZ_CP012015.val
[17:15:05] Repairing broken .GBK output that tbl2asn produces...
[17:15:05] Running: sed 's/COORDINATES: profile/COORDINATES:profile/' < PROKKA_NZ_CP012015\/PROKKA_NZ_CP012015\.gbf > PROKKA_NZ_CP012015\/PROKKA_NZ_CP012015\.gbk
[17:15:05] Deleting unwanted file: PROKKA_NZ_CP012015/PROKKA_NZ_CP012015.gbf
[17:15:05] Output files:
[17:15:05] PROKKA_NZ_CP012015/PROKKA_NZ_CP012015.tbl
[17:15:05] PROKKA_NZ_CP012015/PROKKA_NZ_CP012015.err
[17:15:05] PROKKA_NZ_CP012015/PROKKA_NZ_CP012015.fsa
[17:15:05] PROKKA_NZ_CP012015/PROKKA_NZ_CP012015.gbk
[17:15:05] PROKKA_NZ_CP012015/PROKKA_NZ_CP012015.txt
[17:15:05] PROKKA_NZ_CP012015/PROKKA_NZ_CP012015.faa
[17:15:05] PROKKA_NZ_CP012015/PROKKA_NZ_CP012015.sqn
[17:15:05] PROKKA_NZ_CP012015/PROKKA_NZ_CP012015.gff
[17:15:05] PROKKA_NZ_CP012015/PROKKA_NZ_CP012015.fna
[17:15:05] PROKKA_NZ_CP012015/PROKKA_NZ_CP012015.tsv
[17:15:05] PROKKA_NZ_CP012015/PROKKA_NZ_CP012015.ffn
[17:15:05] PROKKA_NZ_CP012015/PROKKA_NZ_CP012015.log
[17:15:05] Annotation finished successfully.
[17:15:05] Walltime used: 0.07 minutes
[17:15:05] If you use this result please cite the Prokka paper:
[17:15:05] Seemann T (2014) Prokka: rapid prokaryotic genome annotation. Bioinformatics. 30(14):2068-9.
[17:15:05] Type 'prokka --citation' for more details.
[17:15:05] Thank you, come again.
