[17:07:01] This is prokka 1.12
[17:07:01] Written by Torsten Seemann <torsten.seemann@gmail.com>
[17:07:01] Homepage is https://github.com/tseemann/prokka
[17:07:01] Local time is Mon May 15 17:07:01 2017
[17:07:01] You are fsepulveda
[17:07:01] Operating system is linux
[17:07:01] You have BioPerl 1.006924
[17:07:01] System has 4 cores.
[17:07:01] Option --cpu asked for 8 cores, but system only has 4
[17:07:01] Will use maximum of 4 cores.
[17:07:01] Annotating as >>> Bacteria <<<
[17:07:01] Creating new output folder: PROKKA_CP010300
[17:07:01] Running: mkdir -p PROKKA_CP010300
[17:07:01] Using filename prefix: PROKKA_CP010300.XXX
[17:07:01] Setting HMMER_NCPU=1
[17:07:01] Writing log to: PROKKA_CP010300/PROKKA_CP010300.log
[17:07:01] Command: /home/fsepulveda/Desktop/tesis/sccmec_classification/prokka-1.12/bin/prokka --genus Staphylococcus --prefix PROKKA_CP010300 --addgenes --addmrna --locustag CP010300_SCCmec /home/fsepulveda/Documents/parte2/229_sccmec/sccmec_CP010300.fasta
[17:07:01] Appending to PATH: /home/fsepulveda/Desktop/tesis/sccmec_classification/prokka-1.12/bin/../binaries/linux
[17:07:01] Appending to PATH: /home/fsepulveda/Desktop/tesis/sccmec_classification/prokka-1.12/bin/../binaries/linux/../common
[17:07:01] Appending to PATH: /home/fsepulveda/Desktop/tesis/sccmec_classification/prokka-1.12/bin
[17:07:01] Looking for 'aragorn' - found /home/fsepulveda/Desktop/tesis/sccmec_classification/prokka-1.12/bin/../binaries/linux/aragorn
[17:07:01] Determined aragorn version is 1.2
[17:07:01] Looking for 'blastp' - found /usr/bin/blastp
[17:07:01] Determined blastp version is 2.2
[17:07:01] Looking for 'cmpress' - found /usr/bin/cmpress
[17:07:01] Determined cmpress version is 1.1
[17:07:01] Looking for 'cmscan' - found /usr/bin/cmscan
[17:07:01] Determined cmscan version is 1.1
[17:07:01] Looking for 'egrep' - found /bin/egrep
[17:07:01] Looking for 'find' - found /usr/bin/find
[17:07:01] Looking for 'grep' - found /bin/grep
[17:07:01] Looking for 'hmmpress' - found /usr/bin/hmmpress
[17:07:01] Determined hmmpress version is 3.1
[17:07:01] Looking for 'hmmscan' - found /usr/bin/hmmscan
[17:07:01] Determined hmmscan version is 3.1
[17:07:01] Looking for 'java' - found /usr/bin/java
[17:07:01] Looking for 'less' - found /usr/bin/less
[17:07:01] Looking for 'makeblastdb' - found /usr/bin/makeblastdb
[17:07:01] Determined makeblastdb version is 2.2
[17:07:01] Looking for 'minced' - found /home/fsepulveda/Desktop/tesis/sccmec_classification/prokka-1.12/bin/../binaries/linux/../common/minced
[17:07:01] Determined minced version is 2.0
[17:07:01] Looking for 'parallel' - found /home/fsepulveda/Desktop/tesis/sccmec_classification/prokka-1.12/bin/../binaries/linux/../common/parallel
[17:07:01] Determined parallel version is 20150122
[17:07:01] Looking for 'prodigal' - found /home/fsepulveda/Desktop/tesis/sccmec_classification/prokka-1.12/bin/../binaries/linux/prodigal
[17:07:01] Determined prodigal version is 2.6
[17:07:01] Looking for 'prokka-genbank_to_fasta_db' - found /home/fsepulveda/Desktop/tesis/sccmec_classification/prokka-1.12/bin/prokka-genbank_to_fasta_db
[17:07:01] Looking for 'sed' - found /bin/sed
[17:07:01] Looking for 'tbl2asn' - found /home/fsepulveda/Desktop/tesis/sccmec_classification/prokka-1.12/bin/../binaries/linux/tbl2asn
[17:07:01] Determined tbl2asn version is 25.3
[17:07:01] Using genetic code table 11.
[17:07:01] Loading and checking input file: /home/fsepulveda/Documents/parte2/229_sccmec/sccmec_CP010300.fasta
[17:07:01] Wrote 1 contigs totalling 55213 bp.
[17:07:01] Predicting tRNAs and tmRNAs
[17:07:01] Running: aragorn -l -gc11  -w PROKKA_CP010300\/PROKKA_CP010300\.fna
[17:07:01] Found 0 tRNAs
[17:07:01] Predicting Ribosomal RNAs
[17:07:01] You need either Barrnap or RNAmmer installed to predict rRNAs!
[17:07:01] Skipping ncRNA search, enable with --rfam if desired.
[17:07:01] Total of 0 tRNA + rRNA features
[17:07:01] Searching for CRISPR repeats
[17:07:01] Found 0 CRISPRs
[17:07:01] Predicting coding sequences
[17:07:01] Contigs total 55213 bp, so using meta mode
[17:07:01] Running: prodigal -i PROKKA_CP010300\/PROKKA_CP010300\.fna -c -m -g 11 -p meta -f sco -q
[17:07:02] Found 56 CDS
[17:07:02] Connecting features back to sequences
[17:07:02] Not using genus-specific database. Try --usegenus to enable it.
[17:07:02] Annotating CDS, please be patient.
[17:07:02] Will use 4 CPUs for similarity searching.
[17:07:02] There are still 56 unannotated CDS left (started with 56)
[17:07:02] Will use blast to search against /home/fsepulveda/Desktop/tesis/sccmec_classification/prokka-1.12/bin/../db/kingdom/Bacteria/sprot with 4 CPUs
[17:07:02] Running: cat PROKKA_CP010300\/sprot\.faa | parallel --gnu --plain -j 4 --block 1829 --recstart '>' --pipe blastp -query - -db /home/fsepulveda/Desktop/tesis/sccmec_classification/prokka-1.12/bin/../db/kingdom/Bacteria/sprot -evalue 1e-06 -num_threads 1 -num_descriptions 1 -num_alignments 1 -seg no > PROKKA_CP010300\/sprot\.blast 2> /dev/null
[17:07:03] Deleting unwanted file: PROKKA_CP010300/sprot.faa
[17:07:03] Deleting unwanted file: PROKKA_CP010300/sprot.blast
[17:07:03] There are still 33 unannotated CDS left (started with 56)
[17:07:03] Will use hmmer3 to search against /home/fsepulveda/Desktop/tesis/sccmec_classification/prokka-1.12/bin/../db/hmm/HAMAP.hmm with 4 CPUs
[17:07:03] Running: cat PROKKA_CP010300\/HAMAP\.hmm\.faa | parallel --gnu --plain -j 4 --block 834 --recstart '>' --pipe hmmscan --noali --notextw --acc -E 1e-06 --cpu 1 /home/fsepulveda/Desktop/tesis/sccmec_classification/prokka-1.12/bin/../db/hmm/HAMAP.hmm /dev/stdin > PROKKA_CP010300\/HAMAP\.hmm\.hmmer3 2> /dev/null
[17:07:04] Deleting unwanted file: PROKKA_CP010300/HAMAP.hmm.faa
[17:07:04] Deleting unwanted file: PROKKA_CP010300/HAMAP.hmm.hmmer3
[17:07:04] Labelling remaining 32 proteins as 'hypothetical protein'
[17:07:04] Possible /pseudo 'DNA-invertase hin' at sccmec_saures_CP010300_l55213 position 13831
[17:07:04] Found 22 unique /gene codes.
[17:07:04] Fixed 2 duplicate /gene - hin_1 hin_2
[17:07:04] Fixed 1 colliding /gene names.
[17:07:04] Adding /locus_tag identifiers
[17:07:04] Assigned 56 locus_tags to CDS and RNA features.
[17:07:04] Writing outputs to PROKKA_CP010300/
[17:07:04] Generating annotation statistics file
[17:07:04] Generating Genbank and Sequin files
[17:07:04] Running: tbl2asn -V b -a r10k -l paired-ends -M n -N 1 -y 'Annotated using prokka 1.12 from https://github.com/tseemann/prokka' -Z PROKKA_CP010300\/PROKKA_CP010300\.err -i PROKKA_CP010300\/PROKKA_CP010300\.fsa 2> /dev/null
[17:07:04] Deleting unwanted file: PROKKA_CP010300/errorsummary.val
[17:07:04] Deleting unwanted file: PROKKA_CP010300/PROKKA_CP010300.dr
[17:07:04] Deleting unwanted file: PROKKA_CP010300/PROKKA_CP010300.fixedproducts
[17:07:04] Deleting unwanted file: PROKKA_CP010300/PROKKA_CP010300.ecn
[17:07:04] Deleting unwanted file: PROKKA_CP010300/PROKKA_CP010300.val
[17:07:04] Repairing broken .GBK output that tbl2asn produces...
[17:07:04] Running: sed 's/COORDINATES: profile/COORDINATES:profile/' < PROKKA_CP010300\/PROKKA_CP010300\.gbf > PROKKA_CP010300\/PROKKA_CP010300\.gbk
[17:07:04] Deleting unwanted file: PROKKA_CP010300/PROKKA_CP010300.gbf
[17:07:04] Output files:
[17:07:04] PROKKA_CP010300/PROKKA_CP010300.ffn
[17:07:04] PROKKA_CP010300/PROKKA_CP010300.log
[17:07:04] PROKKA_CP010300/PROKKA_CP010300.tbl
[17:07:04] PROKKA_CP010300/PROKKA_CP010300.faa
[17:07:04] PROKKA_CP010300/PROKKA_CP010300.fsa
[17:07:04] PROKKA_CP010300/PROKKA_CP010300.tsv
[17:07:04] PROKKA_CP010300/PROKKA_CP010300.fna
[17:07:04] PROKKA_CP010300/PROKKA_CP010300.txt
[17:07:04] PROKKA_CP010300/PROKKA_CP010300.gff
[17:07:04] PROKKA_CP010300/PROKKA_CP010300.gbk
[17:07:04] PROKKA_CP010300/PROKKA_CP010300.sqn
[17:07:04] PROKKA_CP010300/PROKKA_CP010300.err
[17:07:04] Annotation finished successfully.
[17:07:04] Walltime used: 0.05 minutes
[17:07:04] If you use this result please cite the Prokka paper:
[17:07:04] Seemann T (2014) Prokka: rapid prokaryotic genome annotation. Bioinformatics. 30(14):2068-9.
[17:07:04] Type 'prokka --citation' for more details.
[17:07:04] Share and enjoy!
