Discrepancy Report Results

Summary
FATAL: BAD_LOCUS_TAG_FORMAT:47 locus tags are incorrectly formatted.
DISC_SOURCE_QUALS_ASNDISC:strain (all present, all unique)
DISC_SOURCE_QUALS_ASNDISC:taxname (all present, all unique)
DISC_FEATURE_COUNT:gene: 47 present
DISC_FEATURE_COUNT:CDS: 47 present
DISC_COUNT_NUCLEOTIDES:1 nucleotide Bioseqs are present
OVERLAPPING_GENES:10 genes overlap another gene on the same strand.
OVERLAPPING_CDS:2 coding regions overlap another coding region with a similar or identical name.
DISC_QUALITY_SCORES:Quality scores are missing on all sequences.
ONCALLER_COMMENT_PRESENT:1 comment descriptors were found (all same)
SHORT_PROT_SEQUENCES:1 protein sequences are shorter than 50 aa.
MISSING_GENOMEASSEMBLY_COMMENTS:1 bioseqs are missing GenomeAssembly structured comments
MOLTYPE_NOT_MRNA:1 molecule types are not set as mRNA.
TECHNIQUE_NOT_TSA:1 technique are not set as TSA
MISSING_STRUCTURED_COMMENT:1 sequences do not include structured comments.
MISSING_PROJECT:48 sequences do not include project.
DISC_INCONSISTENT_MOLINFO_TECH:Molinfo Technique Report (some missing, all same)


Detailed Report

FATAL: DiscRep_ALL:BAD_LOCUS_TAG_FORMAT::47 locus tags are incorrectly formatted.
SCCmec_CP000703-Type-II/SCCmec_CP000703-Type-II:Gene	rlmH	SCCmec_CP000703-Type-II_1:1-480	SCCmec_CP000703-Type-II_00001
SCCmec_CP000703-Type-II/SCCmec_CP000703-Type-II:Gene	SCCmec_CP000703-Type-II_00002	SCCmec_CP000703-Type-II_1:763-2058	SCCmec_CP000703-Type-II_00002
SCCmec_CP000703-Type-II/SCCmec_CP000703-Type-II:Gene	SCCmec_CP000703-Type-II_00003	SCCmec_CP000703-Type-II_1:2473-2712	SCCmec_CP000703-Type-II_00003
SCCmec_CP000703-Type-II/SCCmec_CP000703-Type-II:Gene	SCCmec_CP000703-Type-II_00004	SCCmec_CP000703-Type-II_1:c3418-2744	SCCmec_CP000703-Type-II_00004
SCCmec_CP000703-Type-II/SCCmec_CP000703-Type-II:Gene	ugpQ	SCCmec_CP000703-Type-II_1:3683-4426	SCCmec_CP000703-Type-II_00005
SCCmec_CP000703-Type-II/SCCmec_CP000703-Type-II:Gene	paaZ	SCCmec_CP000703-Type-II_1:4523-4951	SCCmec_CP000703-Type-II_00006
SCCmec_CP000703-Type-II/SCCmec_CP000703-Type-II:Gene	pbp	SCCmec_CP000703-Type-II_1:c7003-4997	SCCmec_CP000703-Type-II_00007
SCCmec_CP000703-Type-II/SCCmec_CP000703-Type-II:Gene	mecR1	SCCmec_CP000703-Type-II_1:7205-8860	SCCmec_CP000703-Type-II_00008
SCCmec_CP000703-Type-II/SCCmec_CP000703-Type-II:Gene	mecI	SCCmec_CP000703-Type-II_1:8860-9231	SCCmec_CP000703-Type-II_00009
SCCmec_CP000703-Type-II/SCCmec_CP000703-Type-II:Gene	SCCmec_CP000703-Type-II_00010	SCCmec_CP000703-Type-II_1:9332-9544	SCCmec_CP000703-Type-II_00010
SCCmec_CP000703-Type-II/SCCmec_CP000703-Type-II:Gene	nagC	SCCmec_CP000703-Type-II_1:9739-10848	SCCmec_CP000703-Type-II_00011
SCCmec_CP000703-Type-II/SCCmec_CP000703-Type-II:Gene	pspE_1	SCCmec_CP000703-Type-II_1:c11267-10962	SCCmec_CP000703-Type-II_00012
SCCmec_CP000703-Type-II/SCCmec_CP000703-Type-II:Gene	gloC	SCCmec_CP000703-Type-II_1:c12296-11358	SCCmec_CP000703-Type-II_00013
SCCmec_CP000703-Type-II/SCCmec_CP000703-Type-II:Gene	pspE_2	SCCmec_CP000703-Type-II_1:c13393-12329	SCCmec_CP000703-Type-II_00014
SCCmec_CP000703-Type-II/SCCmec_CP000703-Type-II:Gene	csoR	SCCmec_CP000703-Type-II_1:13529-13789	SCCmec_CP000703-Type-II_00015
SCCmec_CP000703-Type-II/SCCmec_CP000703-Type-II:Gene	SCCmec_CP000703-Type-II_00016	SCCmec_CP000703-Type-II_1:13804-14433	SCCmec_CP000703-Type-II_00016
SCCmec_CP000703-Type-II/SCCmec_CP000703-Type-II:Gene	ycgJ	SCCmec_CP000703-Type-II_1:c15434-14772	SCCmec_CP000703-Type-II_00017
SCCmec_CP000703-Type-II/SCCmec_CP000703-Type-II:Gene	ermA1	SCCmec_CP000703-Type-II_1:15930-16661	SCCmec_CP000703-Type-II_00018
SCCmec_CP000703-Type-II/SCCmec_CP000703-Type-II:Gene	ant1	SCCmec_CP000703-Type-II_1:c17569-16787	SCCmec_CP000703-Type-II_00019
SCCmec_CP000703-Type-II/SCCmec_CP000703-Type-II:Gene	SCCmec_CP000703-Type-II_00020	SCCmec_CP000703-Type-II_1:c18097-17720	SCCmec_CP000703-Type-II_00020
SCCmec_CP000703-Type-II/SCCmec_CP000703-Type-II:Gene	xerC_1	SCCmec_CP000703-Type-II_1:c19996-18104	SCCmec_CP000703-Type-II_00021
SCCmec_CP000703-Type-II/SCCmec_CP000703-Type-II:Gene	xerC_2	SCCmec_CP000703-Type-II_1:c21078-19993	SCCmec_CP000703-Type-II_00022
SCCmec_CP000703-Type-II/SCCmec_CP000703-Type-II:Gene	SCCmec_CP000703-Type-II_00023	SCCmec_CP000703-Type-II_1:c21514-21197	SCCmec_CP000703-Type-II_00023
SCCmec_CP000703-Type-II/SCCmec_CP000703-Type-II:Gene	SCCmec_CP000703-Type-II_00024	SCCmec_CP000703-Type-II_1:c22041-21535	SCCmec_CP000703-Type-II_00024
SCCmec_CP000703-Type-II/SCCmec_CP000703-Type-II:Gene	SCCmec_CP000703-Type-II_00025	SCCmec_CP000703-Type-II_1:c22370-22059	SCCmec_CP000703-Type-II_00025
SCCmec_CP000703-Type-II/SCCmec_CP000703-Type-II:Gene	SCCmec_CP000703-Type-II_00026	SCCmec_CP000703-Type-II_1:c22807-22457	SCCmec_CP000703-Type-II_00026
SCCmec_CP000703-Type-II/SCCmec_CP000703-Type-II:Gene	hin_1	SCCmec_CP000703-Type-II_1:c24953-23325	SCCmec_CP000703-Type-II_00027
SCCmec_CP000703-Type-II/SCCmec_CP000703-Type-II:Gene	hin_2	SCCmec_CP000703-Type-II_1:c26342-24975	SCCmec_CP000703-Type-II_00028
SCCmec_CP000703-Type-II/SCCmec_CP000703-Type-II:Gene	SCCmec_CP000703-Type-II_00029	SCCmec_CP000703-Type-II_1:c28351-26558	SCCmec_CP000703-Type-II_00029
SCCmec_CP000703-Type-II/SCCmec_CP000703-Type-II:Gene	SCCmec_CP000703-Type-II_00030	SCCmec_CP000703-Type-II_1:c28647-28351	SCCmec_CP000703-Type-II_00030
SCCmec_CP000703-Type-II/SCCmec_CP000703-Type-II:Gene	SCCmec_CP000703-Type-II_00031	SCCmec_CP000703-Type-II_1:c29886-28840	SCCmec_CP000703-Type-II_00031
SCCmec_CP000703-Type-II/SCCmec_CP000703-Type-II:Gene	SCCmec_CP000703-Type-II_00032	SCCmec_CP000703-Type-II_1:c30559-30137	SCCmec_CP000703-Type-II_00032
SCCmec_CP000703-Type-II/SCCmec_CP000703-Type-II:Gene	SCCmec_CP000703-Type-II_00033	SCCmec_CP000703-Type-II_1:c30979-30626	SCCmec_CP000703-Type-II_00033
SCCmec_CP000703-Type-II/SCCmec_CP000703-Type-II:Gene	SCCmec_CP000703-Type-II_00034	SCCmec_CP000703-Type-II_1:c31278-30964	SCCmec_CP000703-Type-II_00034
SCCmec_CP000703-Type-II/SCCmec_CP000703-Type-II:Gene	SCCmec_CP000703-Type-II_00035	SCCmec_CP000703-Type-II_1:c32691-31789	SCCmec_CP000703-Type-II_00035
SCCmec_CP000703-Type-II/SCCmec_CP000703-Type-II:Gene	kdpE	SCCmec_CP000703-Type-II_1:c34132-33437	SCCmec_CP000703-Type-II_00036
SCCmec_CP000703-Type-II/SCCmec_CP000703-Type-II:Gene	kdpD	SCCmec_CP000703-Type-II_1:c36827-34107	SCCmec_CP000703-Type-II_00037
SCCmec_CP000703-Type-II/SCCmec_CP000703-Type-II:Gene	SCCmec_CP000703-Type-II_00038	SCCmec_CP000703-Type-II_1:c36971-36828	SCCmec_CP000703-Type-II_00038
SCCmec_CP000703-Type-II/SCCmec_CP000703-Type-II:Gene	kdpA	SCCmec_CP000703-Type-II_1:37044-38720	SCCmec_CP000703-Type-II_00039
SCCmec_CP000703-Type-II/SCCmec_CP000703-Type-II:Gene	kdpB	SCCmec_CP000703-Type-II_1:38739-40760	SCCmec_CP000703-Type-II_00040
SCCmec_CP000703-Type-II/SCCmec_CP000703-Type-II:Gene	kdpC	SCCmec_CP000703-Type-II_1:40776-41333	SCCmec_CP000703-Type-II_00041
SCCmec_CP000703-Type-II/SCCmec_CP000703-Type-II:Gene	SCCmec_CP000703-Type-II_00042	SCCmec_CP000703-Type-II_1:c42747-41878	SCCmec_CP000703-Type-II_00042
SCCmec_CP000703-Type-II/SCCmec_CP000703-Type-II:Gene	SCCmec_CP000703-Type-II_00043	SCCmec_CP000703-Type-II_1:c43653-42757	SCCmec_CP000703-Type-II_00043
SCCmec_CP000703-Type-II/SCCmec_CP000703-Type-II:Gene	SCCmec_CP000703-Type-II_00044	SCCmec_CP000703-Type-II_1:c44227-43853	SCCmec_CP000703-Type-II_00044
SCCmec_CP000703-Type-II/SCCmec_CP000703-Type-II:Gene	SCCmec_CP000703-Type-II_00045	SCCmec_CP000703-Type-II_1:c44682-44395	SCCmec_CP000703-Type-II_00045
SCCmec_CP000703-Type-II/SCCmec_CP000703-Type-II:Gene	SCCmec_CP000703-Type-II_00046	SCCmec_CP000703-Type-II_1:c45398-44772	SCCmec_CP000703-Type-II_00046
SCCmec_CP000703-Type-II/SCCmec_CP000703-Type-II:Gene	prkC	SCCmec_CP000703-Type-II_1:45513-47021	SCCmec_CP000703-Type-II_00047

DiscRep_ALL:DISC_SOURCE_QUALS_ASNDISC::strain (all present, all unique)
DiscRep_SUB:DISC_SOURCE_QUALS_ASNDISC::1 sources have unique values for strain
DiscRep_ALL:DISC_SOURCE_QUALS_ASNDISC::taxname (all present, all unique)
DiscRep_SUB:DISC_SOURCE_QUALS_ASNDISC::1 sources have unique values for taxname
DiscRep_ALL:DISC_FEATURE_COUNT::gene: 47 present
DiscRep_ALL:DISC_FEATURE_COUNT::CDS: 47 present
DiscRep_ALL:DISC_COUNT_NUCLEOTIDES::1 nucleotide Bioseqs are present
SCCmec_CP000703-Type-II/SCCmec_CP000703-Type-II:10:SCCmec_CP000703-Type-II_1 (length 47084)

DiscRep_ALL:OVERLAPPING_GENES::10 genes overlap another gene on the same strand.
SCCmec_CP000703-Type-II/SCCmec_CP000703-Type-II:Gene	mecR1	SCCmec_CP000703-Type-II_1:7205-8860	SCCmec_CP000703-Type-II_00008
SCCmec_CP000703-Type-II/SCCmec_CP000703-Type-II:Gene	mecI	SCCmec_CP000703-Type-II_1:8860-9231	SCCmec_CP000703-Type-II_00009
SCCmec_CP000703-Type-II/SCCmec_CP000703-Type-II:Gene	xerC_1	SCCmec_CP000703-Type-II_1:c19996-18104	SCCmec_CP000703-Type-II_00021
SCCmec_CP000703-Type-II/SCCmec_CP000703-Type-II:Gene	xerC_2	SCCmec_CP000703-Type-II_1:c21078-19993	SCCmec_CP000703-Type-II_00022
SCCmec_CP000703-Type-II/SCCmec_CP000703-Type-II:Gene	SCCmec_CP000703-Type-II_00029	SCCmec_CP000703-Type-II_1:c28351-26558	SCCmec_CP000703-Type-II_00029
SCCmec_CP000703-Type-II/SCCmec_CP000703-Type-II:Gene	SCCmec_CP000703-Type-II_00030	SCCmec_CP000703-Type-II_1:c28647-28351	SCCmec_CP000703-Type-II_00030
SCCmec_CP000703-Type-II/SCCmec_CP000703-Type-II:Gene	SCCmec_CP000703-Type-II_00033	SCCmec_CP000703-Type-II_1:c30979-30626	SCCmec_CP000703-Type-II_00033
SCCmec_CP000703-Type-II/SCCmec_CP000703-Type-II:Gene	SCCmec_CP000703-Type-II_00034	SCCmec_CP000703-Type-II_1:c31278-30964	SCCmec_CP000703-Type-II_00034
SCCmec_CP000703-Type-II/SCCmec_CP000703-Type-II:Gene	kdpE	SCCmec_CP000703-Type-II_1:c34132-33437	SCCmec_CP000703-Type-II_00036
SCCmec_CP000703-Type-II/SCCmec_CP000703-Type-II:Gene	kdpD	SCCmec_CP000703-Type-II_1:c36827-34107	SCCmec_CP000703-Type-II_00037

DiscRep_ALL:OVERLAPPING_CDS::2 coding regions overlap another coding region with a similar or identical name.
DiscRep_SUB:OVERLAPPING_CDS::2 coding regions overlap another coding region with a similar or identical name that do not have the appropriate note text
SCCmec_CP000703-Type-II/SCCmec_CP000703-Type-II:CDS	Tyrosine recombinase XerC	SCCmec_CP000703-Type-II_1:c19996-18104	SCCmec_CP000703-Type-II_00021
SCCmec_CP000703-Type-II/SCCmec_CP000703-Type-II:CDS	Tyrosine recombinase XerC	SCCmec_CP000703-Type-II_1:c21078-19993	SCCmec_CP000703-Type-II_00022

DiscRep_ALL:DISC_QUALITY_SCORES::Quality scores are missing on all sequences.

DiscRep_ALL:ONCALLER_COMMENT_PRESENT::1 comment descriptors were found (all same)
SCCmec_CP000703-Type-II/SCCmec_CP000703-Type-II:10:SCCmec_CP000703-Type-II_1:Annotated using prokka 1.12 from https://github.com/tseemann/prokka

DiscRep_ALL:SHORT_PROT_SEQUENCES::1 protein sequences are shorter than 50 aa.
SCCmec_CP000703-Type-II/SCCmec_CP000703-Type-II:10:SCCmec_CP000703-Type-II_00038 (length 47)

DiscRep_ALL:MISSING_GENOMEASSEMBLY_COMMENTS::1 bioseqs are missing GenomeAssembly structured comments
SCCmec_CP000703-Type-II/SCCmec_CP000703-Type-II:10:SCCmec_CP000703-Type-II_1 (length 47084)

DiscRep_ALL:MOLTYPE_NOT_MRNA::1 molecule types are not set as mRNA.
SCCmec_CP000703-Type-II/SCCmec_CP000703-Type-II:10:SCCmec_CP000703-Type-II_1 (length 47084)

DiscRep_ALL:TECHNIQUE_NOT_TSA::1 technique are not set as TSA
SCCmec_CP000703-Type-II/SCCmec_CP000703-Type-II:10:SCCmec_CP000703-Type-II_1 (length 47084)

DiscRep_ALL:MISSING_STRUCTURED_COMMENT::1 sequences do not include structured comments.
SCCmec_CP000703-Type-II/SCCmec_CP000703-Type-II:10:SCCmec_CP000703-Type-II_1 (length 47084)

DiscRep_ALL:MISSING_PROJECT::48 sequences do not include project.
SCCmec_CP000703-Type-II/SCCmec_CP000703-Type-II:10:SCCmec_CP000703-Type-II_1 (length 47084)
SCCmec_CP000703-Type-II/SCCmec_CP000703-Type-II:10:SCCmec_CP000703-Type-II_00001 (length 159)
SCCmec_CP000703-Type-II/SCCmec_CP000703-Type-II:10:SCCmec_CP000703-Type-II_00002 (length 431)
SCCmec_CP000703-Type-II/SCCmec_CP000703-Type-II:10:SCCmec_CP000703-Type-II_00003 (length 79)
SCCmec_CP000703-Type-II/SCCmec_CP000703-Type-II:10:SCCmec_CP000703-Type-II_00004 (length 224)
SCCmec_CP000703-Type-II/SCCmec_CP000703-Type-II:10:SCCmec_CP000703-Type-II_00005 (length 247)
SCCmec_CP000703-Type-II/SCCmec_CP000703-Type-II:10:SCCmec_CP000703-Type-II_00006 (length 142)
SCCmec_CP000703-Type-II/SCCmec_CP000703-Type-II:10:SCCmec_CP000703-Type-II_00007 (length 668)
SCCmec_CP000703-Type-II/SCCmec_CP000703-Type-II:10:SCCmec_CP000703-Type-II_00008 (length 551)
SCCmec_CP000703-Type-II/SCCmec_CP000703-Type-II:10:SCCmec_CP000703-Type-II_00009 (length 123)
SCCmec_CP000703-Type-II/SCCmec_CP000703-Type-II:10:SCCmec_CP000703-Type-II_00010 (length 70)
SCCmec_CP000703-Type-II/SCCmec_CP000703-Type-II:10:SCCmec_CP000703-Type-II_00011 (length 369)
SCCmec_CP000703-Type-II/SCCmec_CP000703-Type-II:10:SCCmec_CP000703-Type-II_00012 (length 101)
SCCmec_CP000703-Type-II/SCCmec_CP000703-Type-II:10:SCCmec_CP000703-Type-II_00013 (length 312)
SCCmec_CP000703-Type-II/SCCmec_CP000703-Type-II:10:SCCmec_CP000703-Type-II_00014 (length 354)
SCCmec_CP000703-Type-II/SCCmec_CP000703-Type-II:10:SCCmec_CP000703-Type-II_00015 (length 86)
SCCmec_CP000703-Type-II/SCCmec_CP000703-Type-II:10:SCCmec_CP000703-Type-II_00016 (length 209)
SCCmec_CP000703-Type-II/SCCmec_CP000703-Type-II:10:SCCmec_CP000703-Type-II_00017 (length 220)
SCCmec_CP000703-Type-II/SCCmec_CP000703-Type-II:10:SCCmec_CP000703-Type-II_00018 (length 243)
SCCmec_CP000703-Type-II/SCCmec_CP000703-Type-II:10:SCCmec_CP000703-Type-II_00019 (length 260)
SCCmec_CP000703-Type-II/SCCmec_CP000703-Type-II:10:SCCmec_CP000703-Type-II_00020 (length 125)
SCCmec_CP000703-Type-II/SCCmec_CP000703-Type-II:10:SCCmec_CP000703-Type-II_00021 (length 630)
SCCmec_CP000703-Type-II/SCCmec_CP000703-Type-II:10:SCCmec_CP000703-Type-II_00022 (length 361)
SCCmec_CP000703-Type-II/SCCmec_CP000703-Type-II:10:SCCmec_CP000703-Type-II_00023 (length 105)
SCCmec_CP000703-Type-II/SCCmec_CP000703-Type-II:10:SCCmec_CP000703-Type-II_00024 (length 168)
SCCmec_CP000703-Type-II/SCCmec_CP000703-Type-II:10:SCCmec_CP000703-Type-II_00025 (length 103)
SCCmec_CP000703-Type-II/SCCmec_CP000703-Type-II:10:SCCmec_CP000703-Type-II_00026 (length 116)
SCCmec_CP000703-Type-II/SCCmec_CP000703-Type-II:10:SCCmec_CP000703-Type-II_00027 (length 542)
SCCmec_CP000703-Type-II/SCCmec_CP000703-Type-II:10:SCCmec_CP000703-Type-II_00028 (length 455)
SCCmec_CP000703-Type-II/SCCmec_CP000703-Type-II:10:SCCmec_CP000703-Type-II_00029 (length 597)
SCCmec_CP000703-Type-II/SCCmec_CP000703-Type-II:10:SCCmec_CP000703-Type-II_00030 (length 98)
SCCmec_CP000703-Type-II/SCCmec_CP000703-Type-II:10:SCCmec_CP000703-Type-II_00031 (length 348)
SCCmec_CP000703-Type-II/SCCmec_CP000703-Type-II:10:SCCmec_CP000703-Type-II_00032 (length 140)
SCCmec_CP000703-Type-II/SCCmec_CP000703-Type-II:10:SCCmec_CP000703-Type-II_00033 (length 117)
SCCmec_CP000703-Type-II/SCCmec_CP000703-Type-II:10:SCCmec_CP000703-Type-II_00034 (length 104)
SCCmec_CP000703-Type-II/SCCmec_CP000703-Type-II:10:SCCmec_CP000703-Type-II_00035 (length 300)
SCCmec_CP000703-Type-II/SCCmec_CP000703-Type-II:10:SCCmec_CP000703-Type-II_00036 (length 231)
SCCmec_CP000703-Type-II/SCCmec_CP000703-Type-II:10:SCCmec_CP000703-Type-II_00037 (length 906)
SCCmec_CP000703-Type-II/SCCmec_CP000703-Type-II:10:SCCmec_CP000703-Type-II_00038 (length 47)
SCCmec_CP000703-Type-II/SCCmec_CP000703-Type-II:10:SCCmec_CP000703-Type-II_00039 (length 558)
SCCmec_CP000703-Type-II/SCCmec_CP000703-Type-II:10:SCCmec_CP000703-Type-II_00040 (length 673)
SCCmec_CP000703-Type-II/SCCmec_CP000703-Type-II:10:SCCmec_CP000703-Type-II_00041 (length 185)
SCCmec_CP000703-Type-II/SCCmec_CP000703-Type-II:10:SCCmec_CP000703-Type-II_00042 (length 289)
SCCmec_CP000703-Type-II/SCCmec_CP000703-Type-II:10:SCCmec_CP000703-Type-II_00043 (length 298)
SCCmec_CP000703-Type-II/SCCmec_CP000703-Type-II:10:SCCmec_CP000703-Type-II_00044 (length 124)
SCCmec_CP000703-Type-II/SCCmec_CP000703-Type-II:10:SCCmec_CP000703-Type-II_00045 (length 95)
SCCmec_CP000703-Type-II/SCCmec_CP000703-Type-II:10:SCCmec_CP000703-Type-II_00046 (length 208)
SCCmec_CP000703-Type-II/SCCmec_CP000703-Type-II:10:SCCmec_CP000703-Type-II_00047 (length 502)

DiscRep_ALL:DISC_INCONSISTENT_MOLINFO_TECH::Molinfo Technique Report (some missing, all same)
DiscRep_SUB:DISC_INCONSISTENT_MOLINFO_TECH::technique (all missing)
DiscRep_SUB:DISC_INCONSISTENT_MOLINFO_TECH::1 Molinfos are missing field technique
SCCmec_CP000703-Type-II/SCCmec_CP000703-Type-II:10:SCCmec_CP000703-Type-II_1 (length 47084)

