[00:27:42] This is prokka 1.12
[00:27:42] Written by Torsten Seemann <torsten.seemann@gmail.com>
[00:27:42] Homepage is https://github.com/tseemann/prokka
[00:27:42] Local time is Wed May 31 00:27:42 2017
[00:27:42] You are fsepulveda
[00:27:42] Operating system is linux
[00:27:42] You have BioPerl 1.006924
[00:27:42] System has 4 cores.
[00:27:42] Option --cpu asked for 8 cores, but system only has 4
[00:27:42] Will use maximum of 4 cores.
[00:27:42] Annotating as >>> Bacteria <<<
[00:27:42] Enabling options to ensure Genbank/ENA/DDJB submission compliance.
[00:27:42] Creating new output folder: SCCmec_CP000703-Type-II
[00:27:42] Running: mkdir -p SCCmec_CP000703\-Type\-II
[00:27:42] Using filename prefix: SCCmec_CP000703-Type-II.XXX
[00:27:42] Setting HMMER_NCPU=1
[00:27:42] Writing log to: SCCmec_CP000703-Type-II/SCCmec_CP000703-Type-II.log
[00:27:42] Command: /home/fsepulveda/Documents/PROGRAMS/prokka-1.12/bin/prokka --kingdom Bacteria --outdir SCCmec_CP000703-Type-II --quiet --genus Staphylococcus --locustag SCCmec_CP000703-Type-II --centre 10 --compliant --prefix SCCmec_CP000703-Type-II --force SCCmec_CP000703-Type-II.fasta
[00:27:42] Appending to PATH: /home/fsepulveda/Documents/PROGRAMS/prokka-1.12/bin/../binaries/linux
[00:27:42] Appending to PATH: /home/fsepulveda/Documents/PROGRAMS/prokka-1.12/bin/../binaries/linux/../common
[00:27:42] Appending to PATH: /home/fsepulveda/Documents/PROGRAMS/prokka-1.12/bin
[00:27:42] Looking for 'aragorn' - found /home/fsepulveda/Documents/PROGRAMS/prokka-1.12/bin/../binaries/linux/aragorn
[00:27:42] Determined aragorn version is 1.2
[00:27:42] Looking for 'blastp' - found /usr/bin/blastp
[00:27:42] Determined blastp version is 2.2
[00:27:42] Looking for 'cmpress' - found /usr/bin/cmpress
[00:27:42] Determined cmpress version is 1.1
[00:27:42] Looking for 'cmscan' - found /usr/bin/cmscan
[00:27:42] Determined cmscan version is 1.1
[00:27:42] Looking for 'egrep' - found /bin/egrep
[00:27:42] Looking for 'find' - found /usr/bin/find
[00:27:42] Looking for 'grep' - found /bin/grep
[00:27:42] Looking for 'hmmpress' - found /usr/bin/hmmpress
[00:27:42] Determined hmmpress version is 3.1
[00:27:42] Looking for 'hmmscan' - found /usr/bin/hmmscan
[00:27:42] Determined hmmscan version is 3.1
[00:27:42] Looking for 'java' - found /usr/bin/java
[00:27:42] Looking for 'less' - found /usr/bin/less
[00:27:42] Looking for 'makeblastdb' - found /usr/bin/makeblastdb
[00:27:42] Determined makeblastdb version is 2.2
[00:27:42] Looking for 'minced' - found /home/fsepulveda/Documents/PROGRAMS/prokka-1.12/bin/../binaries/linux/../common/minced
[00:27:42] Determined minced version is 2.0
[00:27:42] Looking for 'parallel' - found /home/fsepulveda/Documents/PROGRAMS/prokka-1.12/bin/../binaries/linux/../common/parallel
[00:27:42] Determined parallel version is 20150122
[00:27:42] Looking for 'prodigal' - found /home/fsepulveda/Documents/PROGRAMS/prokka-1.12/bin/../binaries/linux/prodigal
[00:27:42] Determined prodigal version is 2.6
[00:27:42] Looking for 'prokka-genbank_to_fasta_db' - found /home/fsepulveda/Documents/PROGRAMS/prokka-1.12/bin/prokka-genbank_to_fasta_db
[00:27:42] Looking for 'sed' - found /bin/sed
[00:27:42] Looking for 'tbl2asn' - found /home/fsepulveda/Documents/PROGRAMS/prokka-1.12/bin/../binaries/linux/tbl2asn
[00:27:42] Determined tbl2asn version is 25.3
[00:27:42] Using genetic code table 11.
[00:27:42] Loading and checking input file: SCCmec_CP000703-Type-II.fasta
[00:27:42] Wrote 1 contigs totalling 47084 bp.
[00:27:42] Predicting tRNAs and tmRNAs
[00:27:42] Running: aragorn -l -gc11  -w SCCmec_CP000703\-Type\-II\/SCCmec_CP000703\-Type\-II\.fna
[00:27:42] Found 0 tRNAs
[00:27:42] Predicting Ribosomal RNAs
[00:27:42] You need either Barrnap or RNAmmer installed to predict rRNAs!
[00:27:42] Skipping ncRNA search, enable with --rfam if desired.
[00:27:42] Total of 0 tRNA + rRNA features
[00:27:42] Searching for CRISPR repeats
[00:27:42] Found 0 CRISPRs
[00:27:42] Predicting coding sequences
[00:27:42] Contigs total 47084 bp, so using meta mode
[00:27:42] Running: prodigal -i SCCmec_CP000703\-Type\-II\/SCCmec_CP000703\-Type\-II\.fna -c -m -g 11 -p meta -f sco -q
[00:27:42] Found 47 CDS
[00:27:42] Connecting features back to sequences
[00:27:42] Not using genus-specific database. Try --usegenus to enable it.
[00:27:42] Annotating CDS, please be patient.
[00:27:42] Will use 4 CPUs for similarity searching.
[00:27:42] There are still 47 unannotated CDS left (started with 47)
[00:27:42] Will use blast to search against /home/fsepulveda/Documents/PROGRAMS/prokka-1.12/bin/../db/kingdom/Bacteria/sprot with 4 CPUs
[00:27:42] Running: cat SCCmec_CP000703\-Type\-II\/sprot\.faa | parallel --gnu --plain -j 4 --block 1687 --recstart '>' --pipe blastp -query - -db /home/fsepulveda/Documents/PROGRAMS/prokka-1.12/bin/../db/kingdom/Bacteria/sprot -evalue 1e-06 -num_threads 1 -num_descriptions 1 -num_alignments 1 -seg no > SCCmec_CP000703\-Type\-II\/sprot\.blast 2> /dev/null
[00:27:43] Modify product: Uncharacterized methyltransferase YcgJ => putative methyltransferase YcgJ
[00:27:43] Cleaned 1 /product names
[00:27:43] Deleting unwanted file: SCCmec_CP000703-Type-II/sprot.faa
[00:27:43] Deleting unwanted file: SCCmec_CP000703-Type-II/sprot.blast
[00:27:44] There are still 23 unannotated CDS left (started with 47)
[00:27:44] Will use hmmer3 to search against /home/fsepulveda/Documents/PROGRAMS/prokka-1.12/bin/../db/hmm/HAMAP.hmm with 4 CPUs
[00:27:44] Running: cat SCCmec_CP000703\-Type\-II\/HAMAP\.hmm\.faa | parallel --gnu --plain -j 4 --block 562 --recstart '>' --pipe hmmscan --noali --notextw --acc -E 1e-06 --cpu 1 /home/fsepulveda/Documents/PROGRAMS/prokka-1.12/bin/../db/hmm/HAMAP.hmm /dev/stdin > SCCmec_CP000703\-Type\-II\/HAMAP\.hmm\.hmmer3 2> /dev/null
[00:27:44] Deleting unwanted file: SCCmec_CP000703-Type-II/HAMAP.hmm.faa
[00:27:44] Deleting unwanted file: SCCmec_CP000703-Type-II/HAMAP.hmm.hmmer3
[00:27:44] Labelling remaining 23 proteins as 'hypothetical protein'
[00:27:44] Possible /pseudo 'Tyrosine recombinase XerC' at gnl|10|SCCmec_CP000703-Type-II_1 position 19993
[00:27:44] Possible /pseudo 'DNA-invertase hin' at gnl|10|SCCmec_CP000703-Type-II_1 position 24975
[00:27:44] Found 21 unique /gene codes.
[00:27:44] Fixed 2 duplicate /gene - xerC_1 xerC_2
[00:27:44] Fixed 2 duplicate /gene - hin_1 hin_2
[00:27:44] Fixed 2 duplicate /gene - pspE_1 pspE_2
[00:27:44] Fixed 3 colliding /gene names.
[00:27:44] Adding /locus_tag identifiers
[00:27:44] Assigned 47 locus_tags to CDS and RNA features.
[00:27:44] Writing outputs to SCCmec_CP000703-Type-II/
[00:27:44] Generating annotation statistics file
[00:27:44] Generating Genbank and Sequin files
[00:27:44] Running: tbl2asn -V b -a r10k -l paired-ends -M n -N 1 -y 'Annotated using prokka 1.12 from https://github.com/tseemann/prokka' -Z SCCmec_CP000703\-Type\-II\/SCCmec_CP000703\-Type\-II\.err -i SCCmec_CP000703\-Type\-II\/SCCmec_CP000703\-Type\-II\.fsa 2> /dev/null
[00:27:44] Deleting unwanted file: SCCmec_CP000703-Type-II/errorsummary.val
[00:27:44] Deleting unwanted file: SCCmec_CP000703-Type-II/SCCmec_CP000703-Type-II.dr
[00:27:44] Deleting unwanted file: SCCmec_CP000703-Type-II/SCCmec_CP000703-Type-II.fixedproducts
[00:27:44] Deleting unwanted file: SCCmec_CP000703-Type-II/SCCmec_CP000703-Type-II.ecn
[00:27:44] Deleting unwanted file: SCCmec_CP000703-Type-II/SCCmec_CP000703-Type-II.val
[00:27:44] Repairing broken .GBK output that tbl2asn produces...
[00:27:44] Running: sed 's/COORDINATES: profile/COORDINATES:profile/' < SCCmec_CP000703\-Type\-II\/SCCmec_CP000703\-Type\-II\.gbf > SCCmec_CP000703\-Type\-II\/SCCmec_CP000703\-Type\-II\.gbk
[00:27:44] Deleting unwanted file: SCCmec_CP000703-Type-II/SCCmec_CP000703-Type-II.gbf
[00:27:44] Output files:
[00:27:44] SCCmec_CP000703-Type-II/SCCmec_CP000703-Type-II.err
[00:27:44] SCCmec_CP000703-Type-II/SCCmec_CP000703-Type-II.faa
[00:27:44] SCCmec_CP000703-Type-II/SCCmec_CP000703-Type-II.tsv
[00:27:44] SCCmec_CP000703-Type-II/SCCmec_CP000703-Type-II.txt
[00:27:44] SCCmec_CP000703-Type-II/SCCmec_CP000703-Type-II.fsa
[00:27:44] SCCmec_CP000703-Type-II/SCCmec_CP000703-Type-II.gbk
[00:27:44] SCCmec_CP000703-Type-II/SCCmec_CP000703-Type-II.gff
[00:27:44] SCCmec_CP000703-Type-II/SCCmec_CP000703-Type-II.log
[00:27:44] SCCmec_CP000703-Type-II/SCCmec_CP000703-Type-II.ffn
[00:27:44] SCCmec_CP000703-Type-II/SCCmec_CP000703-Type-II.fna
[00:27:44] SCCmec_CP000703-Type-II/SCCmec_CP000703-Type-II.sqn
[00:27:44] SCCmec_CP000703-Type-II/SCCmec_CP000703-Type-II.tbl
[00:27:44] Annotation finished successfully.
[00:27:44] Walltime used: 0.03 minutes
[00:27:44] If you use this result please cite the Prokka paper:
[00:27:44] Seemann T (2014) Prokka: rapid prokaryotic genome annotation. Bioinformatics. 30(14):2068-9.
[00:27:44] Type 'prokka --citation' for more details.
[00:27:44] Thank you, come again.
