[17:14:57] This is prokka 1.12
[17:14:57] Written by Torsten Seemann <torsten.seemann@gmail.com>
[17:14:57] Homepage is https://github.com/tseemann/prokka
[17:14:57] Local time is Mon May 15 17:14:57 2017
[17:14:57] You are fsepulveda
[17:14:57] Operating system is linux
[17:14:57] You have BioPerl 1.006924
[17:14:57] System has 4 cores.
[17:14:57] Option --cpu asked for 8 cores, but system only has 4
[17:14:57] Will use maximum of 4 cores.
[17:14:57] Annotating as >>> Bacteria <<<
[17:14:57] Creating new output folder: PROKKA_NZ_CP012013
[17:14:57] Running: mkdir -p PROKKA_NZ_CP012013
[17:14:57] Using filename prefix: PROKKA_NZ_CP012013.XXX
[17:14:57] Setting HMMER_NCPU=1
[17:14:57] Writing log to: PROKKA_NZ_CP012013/PROKKA_NZ_CP012013.log
[17:14:57] Command: /home/fsepulveda/Desktop/tesis/sccmec_classification/prokka-1.12/bin/prokka --genus Staphylococcus --prefix PROKKA_NZ_CP012013 --addgenes --addmrna --locustag NZ_CP012013_SCCmec /home/fsepulveda/Documents/parte2/229_sccmec/sccmec_NZ_CP012013.fasta
[17:14:57] Appending to PATH: /home/fsepulveda/Desktop/tesis/sccmec_classification/prokka-1.12/bin/../binaries/linux
[17:14:57] Appending to PATH: /home/fsepulveda/Desktop/tesis/sccmec_classification/prokka-1.12/bin/../binaries/linux/../common
[17:14:57] Appending to PATH: /home/fsepulveda/Desktop/tesis/sccmec_classification/prokka-1.12/bin
[17:14:57] Looking for 'aragorn' - found /home/fsepulveda/Desktop/tesis/sccmec_classification/prokka-1.12/bin/../binaries/linux/aragorn
[17:14:57] Determined aragorn version is 1.2
[17:14:57] Looking for 'blastp' - found /usr/bin/blastp
[17:14:57] Determined blastp version is 2.2
[17:14:57] Looking for 'cmpress' - found /usr/bin/cmpress
[17:14:57] Determined cmpress version is 1.1
[17:14:57] Looking for 'cmscan' - found /usr/bin/cmscan
[17:14:57] Determined cmscan version is 1.1
[17:14:57] Looking for 'egrep' - found /bin/egrep
[17:14:57] Looking for 'find' - found /usr/bin/find
[17:14:57] Looking for 'grep' - found /bin/grep
[17:14:57] Looking for 'hmmpress' - found /usr/bin/hmmpress
[17:14:57] Determined hmmpress version is 3.1
[17:14:57] Looking for 'hmmscan' - found /usr/bin/hmmscan
[17:14:57] Determined hmmscan version is 3.1
[17:14:57] Looking for 'java' - found /usr/bin/java
[17:14:57] Looking for 'less' - found /usr/bin/less
[17:14:57] Looking for 'makeblastdb' - found /usr/bin/makeblastdb
[17:14:57] Determined makeblastdb version is 2.2
[17:14:57] Looking for 'minced' - found /home/fsepulveda/Desktop/tesis/sccmec_classification/prokka-1.12/bin/../binaries/linux/../common/minced
[17:14:57] Determined minced version is 2.0
[17:14:57] Looking for 'parallel' - found /home/fsepulveda/Desktop/tesis/sccmec_classification/prokka-1.12/bin/../binaries/linux/../common/parallel
[17:14:57] Determined parallel version is 20150122
[17:14:57] Looking for 'prodigal' - found /home/fsepulveda/Desktop/tesis/sccmec_classification/prokka-1.12/bin/../binaries/linux/prodigal
[17:14:57] Determined prodigal version is 2.6
[17:14:57] Looking for 'prokka-genbank_to_fasta_db' - found /home/fsepulveda/Desktop/tesis/sccmec_classification/prokka-1.12/bin/prokka-genbank_to_fasta_db
[17:14:57] Looking for 'sed' - found /bin/sed
[17:14:57] Looking for 'tbl2asn' - found /home/fsepulveda/Desktop/tesis/sccmec_classification/prokka-1.12/bin/../binaries/linux/tbl2asn
[17:14:57] Determined tbl2asn version is 25.3
[17:14:57] Using genetic code table 11.
[17:14:57] Loading and checking input file: /home/fsepulveda/Documents/parte2/229_sccmec/sccmec_NZ_CP012013.fasta
[17:14:57] Wrote 1 contigs totalling 61015 bp.
[17:14:57] Predicting tRNAs and tmRNAs
[17:14:57] Running: aragorn -l -gc11  -w PROKKA_NZ_CP012013\/PROKKA_NZ_CP012013\.fna
[17:14:57] Found 0 tRNAs
[17:14:57] Predicting Ribosomal RNAs
[17:14:57] You need either Barrnap or RNAmmer installed to predict rRNAs!
[17:14:57] Skipping ncRNA search, enable with --rfam if desired.
[17:14:57] Total of 0 tRNA + rRNA features
[17:14:57] Searching for CRISPR repeats
[17:14:58] Found 0 CRISPRs
[17:14:58] Predicting coding sequences
[17:14:58] Contigs total 61015 bp, so using meta mode
[17:14:58] Running: prodigal -i PROKKA_NZ_CP012013\/PROKKA_NZ_CP012013\.fna -c -m -g 11 -p meta -f sco -q
[17:14:58] Found 67 CDS
[17:14:58] Connecting features back to sequences
[17:14:58] Not using genus-specific database. Try --usegenus to enable it.
[17:14:58] Annotating CDS, please be patient.
[17:14:58] Will use 4 CPUs for similarity searching.
[17:14:58] There are still 67 unannotated CDS left (started with 67)
[17:14:58] Will use blast to search against /home/fsepulveda/Desktop/tesis/sccmec_classification/prokka-1.12/bin/../db/kingdom/Bacteria/sprot with 4 CPUs
[17:14:58] Running: cat PROKKA_NZ_CP012013\/sprot\.faa | parallel --gnu --plain -j 4 --block 2211 --recstart '>' --pipe blastp -query - -db /home/fsepulveda/Desktop/tesis/sccmec_classification/prokka-1.12/bin/../db/kingdom/Bacteria/sprot -evalue 1e-06 -num_threads 1 -num_descriptions 1 -num_alignments 1 -seg no > PROKKA_NZ_CP012013\/sprot\.blast 2> /dev/null
[17:15:00] Modify product: Uncharacterized methyltransferase YcgJ => putative methyltransferase YcgJ
[17:15:00] Modify product: Probable cadmium-transporting ATPase => putative cadmium-transporting ATPase
[17:15:00] Cleaned 2 /product names
[17:15:00] Deleting unwanted file: PROKKA_NZ_CP012013/sprot.faa
[17:15:00] Deleting unwanted file: PROKKA_NZ_CP012013/sprot.blast
[17:15:00] There are still 39 unannotated CDS left (started with 67)
[17:15:00] Will use hmmer3 to search against /home/fsepulveda/Desktop/tesis/sccmec_classification/prokka-1.12/bin/../db/hmm/HAMAP.hmm with 4 CPUs
[17:15:00] Running: cat PROKKA_NZ_CP012013\/HAMAP\.hmm\.faa | parallel --gnu --plain -j 4 --block 952 --recstart '>' --pipe hmmscan --noali --notextw --acc -E 1e-06 --cpu 1 /home/fsepulveda/Desktop/tesis/sccmec_classification/prokka-1.12/bin/../db/hmm/HAMAP.hmm /dev/stdin > PROKKA_NZ_CP012013\/HAMAP\.hmm\.hmmer3 2> /dev/null
[17:15:01] Deleting unwanted file: PROKKA_NZ_CP012013/HAMAP.hmm.faa
[17:15:01] Deleting unwanted file: PROKKA_NZ_CP012013/HAMAP.hmm.hmmer3
[17:15:01] Labelling remaining 39 proteins as 'hypothetical protein'
[17:15:01] Possible /pseudo 'Tyrosine recombinase XerC' at sccmec_saures_NZ_CP012013_l61015 position 11803
[17:15:01] Possible /pseudo 'Streptomycin 3''-adenylyltransferase' at sccmec_saures_NZ_CP012013_l61015 position 14620
[17:15:01] Found 23 unique /gene codes.
[17:15:01] Fixed 2 duplicate /gene - hin_1 hin_2
[17:15:01] Fixed 3 duplicate /gene - xerC_1 xerC_2 xerC_3
[17:15:01] Fixed 2 duplicate /gene - ant1_1 ant1_2
[17:15:01] Fixed 2 duplicate /gene - pspE_1 pspE_2
[17:15:01] Fixed 4 colliding /gene names.
[17:15:01] Adding /locus_tag identifiers
[17:15:01] Assigned 67 locus_tags to CDS and RNA features.
[17:15:01] Writing outputs to PROKKA_NZ_CP012013/
[17:15:01] Generating annotation statistics file
[17:15:01] Generating Genbank and Sequin files
[17:15:01] Running: tbl2asn -V b -a r10k -l paired-ends -M n -N 1 -y 'Annotated using prokka 1.12 from https://github.com/tseemann/prokka' -Z PROKKA_NZ_CP012013\/PROKKA_NZ_CP012013\.err -i PROKKA_NZ_CP012013\/PROKKA_NZ_CP012013\.fsa 2> /dev/null
[17:15:01] Deleting unwanted file: PROKKA_NZ_CP012013/errorsummary.val
[17:15:01] Deleting unwanted file: PROKKA_NZ_CP012013/PROKKA_NZ_CP012013.dr
[17:15:01] Deleting unwanted file: PROKKA_NZ_CP012013/PROKKA_NZ_CP012013.fixedproducts
[17:15:01] Deleting unwanted file: PROKKA_NZ_CP012013/PROKKA_NZ_CP012013.ecn
[17:15:01] Deleting unwanted file: PROKKA_NZ_CP012013/PROKKA_NZ_CP012013.val
[17:15:01] Repairing broken .GBK output that tbl2asn produces...
[17:15:01] Running: sed 's/COORDINATES: profile/COORDINATES:profile/' < PROKKA_NZ_CP012013\/PROKKA_NZ_CP012013\.gbf > PROKKA_NZ_CP012013\/PROKKA_NZ_CP012013\.gbk
[17:15:01] Deleting unwanted file: PROKKA_NZ_CP012013/PROKKA_NZ_CP012013.gbf
[17:15:01] Output files:
[17:15:01] PROKKA_NZ_CP012013/PROKKA_NZ_CP012013.err
[17:15:01] PROKKA_NZ_CP012013/PROKKA_NZ_CP012013.gbk
[17:15:01] PROKKA_NZ_CP012013/PROKKA_NZ_CP012013.txt
[17:15:01] PROKKA_NZ_CP012013/PROKKA_NZ_CP012013.gff
[17:15:01] PROKKA_NZ_CP012013/PROKKA_NZ_CP012013.ffn
[17:15:01] PROKKA_NZ_CP012013/PROKKA_NZ_CP012013.fna
[17:15:01] PROKKA_NZ_CP012013/PROKKA_NZ_CP012013.fsa
[17:15:01] PROKKA_NZ_CP012013/PROKKA_NZ_CP012013.sqn
[17:15:01] PROKKA_NZ_CP012013/PROKKA_NZ_CP012013.tsv
[17:15:01] PROKKA_NZ_CP012013/PROKKA_NZ_CP012013.faa
[17:15:01] PROKKA_NZ_CP012013/PROKKA_NZ_CP012013.tbl
[17:15:01] PROKKA_NZ_CP012013/PROKKA_NZ_CP012013.log
[17:15:01] Annotation finished successfully.
[17:15:01] Walltime used: 0.07 minutes
[17:15:01] If you use this result please cite the Prokka paper:
[17:15:01] Seemann T (2014) Prokka: rapid prokaryotic genome annotation. Bioinformatics. 30(14):2068-9.
[17:15:01] Type 'prokka --citation' for more details.
[17:15:01] Thank you, come again.
