Discrepancy Report Results

Summary
FATAL: BAD_LOCUS_TAG_FORMAT:40 locus tags are incorrectly formatted.
FATAL: MISSING_PROTEIN_ID:40 proteins have invalid IDs.
DISC_SOURCE_QUALS_ASNDISC:strain (all present, all unique)
DISC_SOURCE_QUALS_ASNDISC:taxname (all present, all unique)
DISC_FEATURE_COUNT:gene: 40 present
DISC_FEATURE_COUNT:CDS: 40 present
DISC_FEATURE_COUNT:mRNA: 40 present
DISC_COUNT_NUCLEOTIDES:1 nucleotide Bioseqs are present
OVERLAPPING_GENES:11 genes overlap another gene on the same strand.
DISC_QUALITY_SCORES:Quality scores are missing on all sequences.
ONCALLER_COMMENT_PRESENT:1 comment descriptors were found (all same)
MISSING_GENOMEASSEMBLY_COMMENTS:1 bioseqs are missing GenomeAssembly structured comments
MOLTYPE_NOT_MRNA:1 molecule types are not set as mRNA.
TECHNIQUE_NOT_TSA:1 technique are not set as TSA
MISSING_STRUCTURED_COMMENT:1 sequences do not include structured comments.
MISSING_PROJECT:41 sequences do not include project.
DISC_INCONSISTENT_MOLINFO_TECH:Molinfo Technique Report (some missing, all same)


Detailed Report

FATAL: DiscRep_ALL:BAD_LOCUS_TAG_FORMAT::40 locus tags are incorrectly formatted.
PROKKA_CP010402/PROKKA_CP010402:Gene	rlmH	sccmec_saures_CP010402_l36977:1-480	CP010402_SCCmec_00001
PROKKA_CP010402/PROKKA_CP010402:Gene	CP010402_SCCmec_00002	sccmec_saures_CP010402_l36977:763-2058	CP010402_SCCmec_00002
PROKKA_CP010402/PROKKA_CP010402:Gene	CP010402_SCCmec_00003	sccmec_saures_CP010402_l36977:2473-2712	CP010402_SCCmec_00003
PROKKA_CP010402/PROKKA_CP010402:Gene	CP010402_SCCmec_00004	sccmec_saures_CP010402_l36977:c3418-2744	CP010402_SCCmec_00004
PROKKA_CP010402/PROKKA_CP010402:Gene	CP010402_SCCmec_00005	sccmec_saures_CP010402_l36977:3661-3828	CP010402_SCCmec_00005
PROKKA_CP010402/PROKKA_CP010402:Gene	CP010402_SCCmec_00006	sccmec_saures_CP010402_l36977:3926-4156	CP010402_SCCmec_00006
PROKKA_CP010402/PROKKA_CP010402:Gene	ugpQ	sccmec_saures_CP010402_l36977:4705-5448	CP010402_SCCmec_00007
PROKKA_CP010402/PROKKA_CP010402:Gene	paaZ	sccmec_saures_CP010402_l36977:5545-5973	CP010402_SCCmec_00008
PROKKA_CP010402/PROKKA_CP010402:Gene	pbp	sccmec_saures_CP010402_l36977:c8025-6019	CP010402_SCCmec_00009
PROKKA_CP010402/PROKKA_CP010402:Gene	mecR1	sccmec_saures_CP010402_l36977:8227-9111	CP010402_SCCmec_00010
PROKKA_CP010402/PROKKA_CP010402:Gene	CP010402_SCCmec_00011	sccmec_saures_CP010402_l36977:9071-9343	CP010402_SCCmec_00011
PROKKA_CP010402/PROKKA_CP010402:Gene	CP010402_SCCmec_00012	sccmec_saures_CP010402_l36977:c10854-9334	CP010402_SCCmec_00012
PROKKA_CP010402/PROKKA_CP010402:Gene	CP010402_SCCmec_00013	sccmec_saures_CP010402_l36977:c11502-10993	CP010402_SCCmec_00013
PROKKA_CP010402/PROKKA_CP010402:Gene	CP010402_SCCmec_00014	sccmec_saures_CP010402_l36977:c11825-11514	CP010402_SCCmec_00014
PROKKA_CP010402/PROKKA_CP010402:Gene	CP010402_SCCmec_00015	sccmec_saures_CP010402_l36977:c12262-11912	CP010402_SCCmec_00015
PROKKA_CP010402/PROKKA_CP010402:Gene	CP010402_SCCmec_00016	sccmec_saures_CP010402_l36977:c13494-12679	CP010402_SCCmec_00016
PROKKA_CP010402/PROKKA_CP010402:Gene	tnsB	sccmec_saures_CP010402_l36977:c14929-13487	CP010402_SCCmec_00017
PROKKA_CP010402/PROKKA_CP010402:Gene	hin_1	sccmec_saures_CP010402_l36977:c15494-14901	CP010402_SCCmec_00018
PROKKA_CP010402/PROKKA_CP010402:Gene	betI	sccmec_saures_CP010402_l36977:15701-16282	CP010402_SCCmec_00019
PROKKA_CP010402/PROKKA_CP010402:Gene	CP010402_SCCmec_00020	sccmec_saures_CP010402_l36977:16566-17303	CP010402_SCCmec_00020
PROKKA_CP010402/PROKKA_CP010402:Gene	CP010402_SCCmec_00021	sccmec_saures_CP010402_l36977:17310-18170	CP010402_SCCmec_00021
PROKKA_CP010402/PROKKA_CP010402:Gene	CP010402_SCCmec_00022	sccmec_saures_CP010402_l36977:18297-18542	CP010402_SCCmec_00022
PROKKA_CP010402/PROKKA_CP010402:Gene	CP010402_SCCmec_00023	sccmec_saures_CP010402_l36977:18597-19514	CP010402_SCCmec_00023
PROKKA_CP010402/PROKKA_CP010402:Gene	CP010402_SCCmec_00024	sccmec_saures_CP010402_l36977:19495-20229	CP010402_SCCmec_00024
PROKKA_CP010402/PROKKA_CP010402:Gene	aadK	sccmec_saures_CP010402_l36977:20262-21170	CP010402_SCCmec_00025
PROKKA_CP010402/PROKKA_CP010402:Gene	wecD	sccmec_saures_CP010402_l36977:21167-21709	CP010402_SCCmec_00026
PROKKA_CP010402/PROKKA_CP010402:Gene	aphA	sccmec_saures_CP010402_l36977:21811-22596	CP010402_SCCmec_00027
PROKKA_CP010402/PROKKA_CP010402:Gene	birA	sccmec_saures_CP010402_l36977:22872-23444	CP010402_SCCmec_00028
PROKKA_CP010402/PROKKA_CP010402:Gene	CP010402_SCCmec_00029	sccmec_saures_CP010402_l36977:23468-23824	CP010402_SCCmec_00029
PROKKA_CP010402/PROKKA_CP010402:Gene	CP010402_SCCmec_00030	sccmec_saures_CP010402_l36977:23935-24594	CP010402_SCCmec_00030
PROKKA_CP010402/PROKKA_CP010402:Gene	CP010402_SCCmec_00031	sccmec_saures_CP010402_l36977:c26175-25315	CP010402_SCCmec_00031
PROKKA_CP010402/PROKKA_CP010402:Gene	CP010402_SCCmec_00032	sccmec_saures_CP010402_l36977:c26919-26182	CP010402_SCCmec_00032
PROKKA_CP010402/PROKKA_CP010402:Gene	CP010402_SCCmec_00033	sccmec_saures_CP010402_l36977:27144-27509	CP010402_SCCmec_00033
PROKKA_CP010402/PROKKA_CP010402:Gene	hin_2	sccmec_saures_CP010402_l36977:c29503-27875	CP010402_SCCmec_00034
PROKKA_CP010402/PROKKA_CP010402:Gene	hin_3	sccmec_saures_CP010402_l36977:c30892-29525	CP010402_SCCmec_00035
PROKKA_CP010402/PROKKA_CP010402:Gene	CP010402_SCCmec_00036	sccmec_saures_CP010402_l36977:c32901-31108	CP010402_SCCmec_00036
PROKKA_CP010402/PROKKA_CP010402:Gene	CP010402_SCCmec_00037	sccmec_saures_CP010402_l36977:c33197-32901	CP010402_SCCmec_00037
PROKKA_CP010402/PROKKA_CP010402:Gene	CP010402_SCCmec_00038	sccmec_saures_CP010402_l36977:c34436-33390	CP010402_SCCmec_00038
PROKKA_CP010402/PROKKA_CP010402:Gene	CP010402_SCCmec_00039	sccmec_saures_CP010402_l36977:34891-36045	CP010402_SCCmec_00039
PROKKA_CP010402/PROKKA_CP010402:Gene	CP010402_SCCmec_00040	sccmec_saures_CP010402_l36977:36075-36875	CP010402_SCCmec_00040

FATAL: DiscRep_ALL:MISSING_PROTEIN_ID::40 proteins have invalid IDs.
PROKKA_CP010402/PROKKA_CP010402:sccmec_saures_CP010402_l36977_1 (length 159)
PROKKA_CP010402/PROKKA_CP010402:sccmec_saures_CP010402_l36977_2 (length 431)
PROKKA_CP010402/PROKKA_CP010402:sccmec_saures_CP010402_l36977_3 (length 79)
PROKKA_CP010402/PROKKA_CP010402:sccmec_saures_CP010402_l36977_4 (length 224)
PROKKA_CP010402/PROKKA_CP010402:sccmec_saures_CP010402_l36977_5 (length 55)
PROKKA_CP010402/PROKKA_CP010402:sccmec_saures_CP010402_l36977_6 (length 76)
PROKKA_CP010402/PROKKA_CP010402:sccmec_saures_CP010402_l36977_7 (length 247)
PROKKA_CP010402/PROKKA_CP010402:sccmec_saures_CP010402_l36977_8 (length 142)
PROKKA_CP010402/PROKKA_CP010402:sccmec_saures_CP010402_l36977_9 (length 668)
PROKKA_CP010402/PROKKA_CP010402:sccmec_saures_CP010402_l36977_10 (length 294)
PROKKA_CP010402/PROKKA_CP010402:sccmec_saures_CP010402_l36977_11 (length 90)
PROKKA_CP010402/PROKKA_CP010402:sccmec_saures_CP010402_l36977_12 (length 506)
PROKKA_CP010402/PROKKA_CP010402:sccmec_saures_CP010402_l36977_13 (length 169)
PROKKA_CP010402/PROKKA_CP010402:sccmec_saures_CP010402_l36977_14 (length 103)
PROKKA_CP010402/PROKKA_CP010402:sccmec_saures_CP010402_l36977_15 (length 116)
PROKKA_CP010402/PROKKA_CP010402:sccmec_saures_CP010402_l36977_16 (length 271)
PROKKA_CP010402/PROKKA_CP010402:sccmec_saures_CP010402_l36977_17 (length 480)
PROKKA_CP010402/PROKKA_CP010402:sccmec_saures_CP010402_l36977_18 (length 197)
PROKKA_CP010402/PROKKA_CP010402:sccmec_saures_CP010402_l36977_19 (length 193)
PROKKA_CP010402/PROKKA_CP010402:sccmec_saures_CP010402_l36977_20 (length 245)
PROKKA_CP010402/PROKKA_CP010402:sccmec_saures_CP010402_l36977_21 (length 286)
PROKKA_CP010402/PROKKA_CP010402:sccmec_saures_CP010402_l36977_22 (length 81)
PROKKA_CP010402/PROKKA_CP010402:sccmec_saures_CP010402_l36977_23 (length 305)
PROKKA_CP010402/PROKKA_CP010402:sccmec_saures_CP010402_l36977_24 (length 244)
PROKKA_CP010402/PROKKA_CP010402:sccmec_saures_CP010402_l36977_25 (length 302)
PROKKA_CP010402/PROKKA_CP010402:sccmec_saures_CP010402_l36977_26 (length 180)
PROKKA_CP010402/PROKKA_CP010402:sccmec_saures_CP010402_l36977_27 (length 261)
PROKKA_CP010402/PROKKA_CP010402:sccmec_saures_CP010402_l36977_28 (length 190)
PROKKA_CP010402/PROKKA_CP010402:sccmec_saures_CP010402_l36977_29 (length 118)
PROKKA_CP010402/PROKKA_CP010402:sccmec_saures_CP010402_l36977_30 (length 219)
PROKKA_CP010402/PROKKA_CP010402:sccmec_saures_CP010402_l36977_31 (length 286)
PROKKA_CP010402/PROKKA_CP010402:sccmec_saures_CP010402_l36977_32 (length 245)
PROKKA_CP010402/PROKKA_CP010402:sccmec_saures_CP010402_l36977_33 (length 121)
PROKKA_CP010402/PROKKA_CP010402:sccmec_saures_CP010402_l36977_34 (length 542)
PROKKA_CP010402/PROKKA_CP010402:sccmec_saures_CP010402_l36977_35 (length 455)
PROKKA_CP010402/PROKKA_CP010402:sccmec_saures_CP010402_l36977_36 (length 597)
PROKKA_CP010402/PROKKA_CP010402:sccmec_saures_CP010402_l36977_37 (length 98)
PROKKA_CP010402/PROKKA_CP010402:sccmec_saures_CP010402_l36977_38 (length 348)
PROKKA_CP010402/PROKKA_CP010402:sccmec_saures_CP010402_l36977_39 (length 384)
PROKKA_CP010402/PROKKA_CP010402:sccmec_saures_CP010402_l36977_40 (length 266)

DiscRep_ALL:DISC_SOURCE_QUALS_ASNDISC::strain (all present, all unique)
DiscRep_SUB:DISC_SOURCE_QUALS_ASNDISC::1 sources have unique values for strain
DiscRep_ALL:DISC_SOURCE_QUALS_ASNDISC::taxname (all present, all unique)
DiscRep_SUB:DISC_SOURCE_QUALS_ASNDISC::1 sources have unique values for taxname
DiscRep_ALL:DISC_FEATURE_COUNT::gene: 40 present
DiscRep_ALL:DISC_FEATURE_COUNT::CDS: 40 present
DiscRep_ALL:DISC_FEATURE_COUNT::mRNA: 40 present
DiscRep_ALL:DISC_COUNT_NUCLEOTIDES::1 nucleotide Bioseqs are present
PROKKA_CP010402/PROKKA_CP010402:sccmec_saures_CP010402_l36977 (length 36977)

DiscRep_ALL:OVERLAPPING_GENES::11 genes overlap another gene on the same strand.
PROKKA_CP010402/PROKKA_CP010402:Gene	mecR1	sccmec_saures_CP010402_l36977:8227-9111	CP010402_SCCmec_00010
PROKKA_CP010402/PROKKA_CP010402:Gene	CP010402_SCCmec_00011	sccmec_saures_CP010402_l36977:9071-9343	CP010402_SCCmec_00011
PROKKA_CP010402/PROKKA_CP010402:Gene	CP010402_SCCmec_00016	sccmec_saures_CP010402_l36977:c13494-12679	CP010402_SCCmec_00016
PROKKA_CP010402/PROKKA_CP010402:Gene	tnsB	sccmec_saures_CP010402_l36977:c14929-13487	CP010402_SCCmec_00017
PROKKA_CP010402/PROKKA_CP010402:Gene	hin_1	sccmec_saures_CP010402_l36977:c15494-14901	CP010402_SCCmec_00018
PROKKA_CP010402/PROKKA_CP010402:Gene	CP010402_SCCmec_00023	sccmec_saures_CP010402_l36977:18597-19514	CP010402_SCCmec_00023
PROKKA_CP010402/PROKKA_CP010402:Gene	CP010402_SCCmec_00024	sccmec_saures_CP010402_l36977:19495-20229	CP010402_SCCmec_00024
PROKKA_CP010402/PROKKA_CP010402:Gene	aadK	sccmec_saures_CP010402_l36977:20262-21170	CP010402_SCCmec_00025
PROKKA_CP010402/PROKKA_CP010402:Gene	wecD	sccmec_saures_CP010402_l36977:21167-21709	CP010402_SCCmec_00026
PROKKA_CP010402/PROKKA_CP010402:Gene	CP010402_SCCmec_00036	sccmec_saures_CP010402_l36977:c32901-31108	CP010402_SCCmec_00036
PROKKA_CP010402/PROKKA_CP010402:Gene	CP010402_SCCmec_00037	sccmec_saures_CP010402_l36977:c33197-32901	CP010402_SCCmec_00037

DiscRep_ALL:DISC_QUALITY_SCORES::Quality scores are missing on all sequences.

DiscRep_ALL:ONCALLER_COMMENT_PRESENT::1 comment descriptors were found (all same)
PROKKA_CP010402/PROKKA_CP010402:sccmec_saures_CP010402_l36977:Annotated using prokka 1.12 from https://github.com/tseemann/prokka

DiscRep_ALL:MISSING_GENOMEASSEMBLY_COMMENTS::1 bioseqs are missing GenomeAssembly structured comments
PROKKA_CP010402/PROKKA_CP010402:sccmec_saures_CP010402_l36977 (length 36977)

DiscRep_ALL:MOLTYPE_NOT_MRNA::1 molecule types are not set as mRNA.
PROKKA_CP010402/PROKKA_CP010402:sccmec_saures_CP010402_l36977 (length 36977)

DiscRep_ALL:TECHNIQUE_NOT_TSA::1 technique are not set as TSA
PROKKA_CP010402/PROKKA_CP010402:sccmec_saures_CP010402_l36977 (length 36977)

DiscRep_ALL:MISSING_STRUCTURED_COMMENT::1 sequences do not include structured comments.
PROKKA_CP010402/PROKKA_CP010402:sccmec_saures_CP010402_l36977 (length 36977)

DiscRep_ALL:MISSING_PROJECT::41 sequences do not include project.
PROKKA_CP010402/PROKKA_CP010402:sccmec_saures_CP010402_l36977 (length 36977)
PROKKA_CP010402/PROKKA_CP010402:sccmec_saures_CP010402_l36977_1 (length 159)
PROKKA_CP010402/PROKKA_CP010402:sccmec_saures_CP010402_l36977_2 (length 431)
PROKKA_CP010402/PROKKA_CP010402:sccmec_saures_CP010402_l36977_3 (length 79)
PROKKA_CP010402/PROKKA_CP010402:sccmec_saures_CP010402_l36977_4 (length 224)
PROKKA_CP010402/PROKKA_CP010402:sccmec_saures_CP010402_l36977_5 (length 55)
PROKKA_CP010402/PROKKA_CP010402:sccmec_saures_CP010402_l36977_6 (length 76)
PROKKA_CP010402/PROKKA_CP010402:sccmec_saures_CP010402_l36977_7 (length 247)
PROKKA_CP010402/PROKKA_CP010402:sccmec_saures_CP010402_l36977_8 (length 142)
PROKKA_CP010402/PROKKA_CP010402:sccmec_saures_CP010402_l36977_9 (length 668)
PROKKA_CP010402/PROKKA_CP010402:sccmec_saures_CP010402_l36977_10 (length 294)
PROKKA_CP010402/PROKKA_CP010402:sccmec_saures_CP010402_l36977_11 (length 90)
PROKKA_CP010402/PROKKA_CP010402:sccmec_saures_CP010402_l36977_12 (length 506)
PROKKA_CP010402/PROKKA_CP010402:sccmec_saures_CP010402_l36977_13 (length 169)
PROKKA_CP010402/PROKKA_CP010402:sccmec_saures_CP010402_l36977_14 (length 103)
PROKKA_CP010402/PROKKA_CP010402:sccmec_saures_CP010402_l36977_15 (length 116)
PROKKA_CP010402/PROKKA_CP010402:sccmec_saures_CP010402_l36977_16 (length 271)
PROKKA_CP010402/PROKKA_CP010402:sccmec_saures_CP010402_l36977_17 (length 480)
PROKKA_CP010402/PROKKA_CP010402:sccmec_saures_CP010402_l36977_18 (length 197)
PROKKA_CP010402/PROKKA_CP010402:sccmec_saures_CP010402_l36977_19 (length 193)
PROKKA_CP010402/PROKKA_CP010402:sccmec_saures_CP010402_l36977_20 (length 245)
PROKKA_CP010402/PROKKA_CP010402:sccmec_saures_CP010402_l36977_21 (length 286)
PROKKA_CP010402/PROKKA_CP010402:sccmec_saures_CP010402_l36977_22 (length 81)
PROKKA_CP010402/PROKKA_CP010402:sccmec_saures_CP010402_l36977_23 (length 305)
PROKKA_CP010402/PROKKA_CP010402:sccmec_saures_CP010402_l36977_24 (length 244)
PROKKA_CP010402/PROKKA_CP010402:sccmec_saures_CP010402_l36977_25 (length 302)
PROKKA_CP010402/PROKKA_CP010402:sccmec_saures_CP010402_l36977_26 (length 180)
PROKKA_CP010402/PROKKA_CP010402:sccmec_saures_CP010402_l36977_27 (length 261)
PROKKA_CP010402/PROKKA_CP010402:sccmec_saures_CP010402_l36977_28 (length 190)
PROKKA_CP010402/PROKKA_CP010402:sccmec_saures_CP010402_l36977_29 (length 118)
PROKKA_CP010402/PROKKA_CP010402:sccmec_saures_CP010402_l36977_30 (length 219)
PROKKA_CP010402/PROKKA_CP010402:sccmec_saures_CP010402_l36977_31 (length 286)
PROKKA_CP010402/PROKKA_CP010402:sccmec_saures_CP010402_l36977_32 (length 245)
PROKKA_CP010402/PROKKA_CP010402:sccmec_saures_CP010402_l36977_33 (length 121)
PROKKA_CP010402/PROKKA_CP010402:sccmec_saures_CP010402_l36977_34 (length 542)
PROKKA_CP010402/PROKKA_CP010402:sccmec_saures_CP010402_l36977_35 (length 455)
PROKKA_CP010402/PROKKA_CP010402:sccmec_saures_CP010402_l36977_36 (length 597)
PROKKA_CP010402/PROKKA_CP010402:sccmec_saures_CP010402_l36977_37 (length 98)
PROKKA_CP010402/PROKKA_CP010402:sccmec_saures_CP010402_l36977_38 (length 348)
PROKKA_CP010402/PROKKA_CP010402:sccmec_saures_CP010402_l36977_39 (length 384)
PROKKA_CP010402/PROKKA_CP010402:sccmec_saures_CP010402_l36977_40 (length 266)

DiscRep_ALL:DISC_INCONSISTENT_MOLINFO_TECH::Molinfo Technique Report (some missing, all same)
DiscRep_SUB:DISC_INCONSISTENT_MOLINFO_TECH::technique (all missing)
DiscRep_SUB:DISC_INCONSISTENT_MOLINFO_TECH::1 Molinfos are missing field technique
PROKKA_CP010402/PROKKA_CP010402:sccmec_saures_CP010402_l36977 (length 36977)

