[17:04:10] This is prokka 1.12
[17:04:10] Written by Torsten Seemann <torsten.seemann@gmail.com>
[17:04:10] Homepage is https://github.com/tseemann/prokka
[17:04:10] Local time is Mon May 15 17:04:10 2017
[17:04:10] You are fsepulveda
[17:04:10] Operating system is linux
[17:04:10] You have BioPerl 1.006924
[17:04:10] System has 4 cores.
[17:04:10] Option --cpu asked for 8 cores, but system only has 4
[17:04:10] Will use maximum of 4 cores.
[17:04:10] Annotating as >>> Bacteria <<<
[17:04:10] Creating new output folder: PROKKA_AB512767
[17:04:10] Running: mkdir -p PROKKA_AB512767
[17:04:10] Using filename prefix: PROKKA_AB512767.XXX
[17:04:10] Setting HMMER_NCPU=1
[17:04:10] Writing log to: PROKKA_AB512767/PROKKA_AB512767.log
[17:04:10] Command: /home/fsepulveda/Desktop/tesis/sccmec_classification/prokka-1.12/bin/prokka --genus Staphylococcus --prefix PROKKA_AB512767 --addgenes --addmrna --locustag AB512767_SCCmec /home/fsepulveda/Documents/parte2/229_sccmec/sccmec_AB512767.fasta
[17:04:10] Appending to PATH: /home/fsepulveda/Desktop/tesis/sccmec_classification/prokka-1.12/bin/../binaries/linux
[17:04:10] Appending to PATH: /home/fsepulveda/Desktop/tesis/sccmec_classification/prokka-1.12/bin/../binaries/linux/../common
[17:04:10] Appending to PATH: /home/fsepulveda/Desktop/tesis/sccmec_classification/prokka-1.12/bin
[17:04:10] Looking for 'aragorn' - found /home/fsepulveda/Desktop/tesis/sccmec_classification/prokka-1.12/bin/../binaries/linux/aragorn
[17:04:10] Determined aragorn version is 1.2
[17:04:10] Looking for 'blastp' - found /usr/bin/blastp
[17:04:10] Determined blastp version is 2.2
[17:04:10] Looking for 'cmpress' - found /usr/bin/cmpress
[17:04:10] Determined cmpress version is 1.1
[17:04:10] Looking for 'cmscan' - found /usr/bin/cmscan
[17:04:10] Determined cmscan version is 1.1
[17:04:10] Looking for 'egrep' - found /bin/egrep
[17:04:10] Looking for 'find' - found /usr/bin/find
[17:04:10] Looking for 'grep' - found /bin/grep
[17:04:10] Looking for 'hmmpress' - found /usr/bin/hmmpress
[17:04:10] Determined hmmpress version is 3.1
[17:04:10] Looking for 'hmmscan' - found /usr/bin/hmmscan
[17:04:10] Determined hmmscan version is 3.1
[17:04:10] Looking for 'java' - found /usr/bin/java
[17:04:10] Looking for 'less' - found /usr/bin/less
[17:04:10] Looking for 'makeblastdb' - found /usr/bin/makeblastdb
[17:04:10] Determined makeblastdb version is 2.2
[17:04:10] Looking for 'minced' - found /home/fsepulveda/Desktop/tesis/sccmec_classification/prokka-1.12/bin/../binaries/linux/../common/minced
[17:04:10] Determined minced version is 2.0
[17:04:10] Looking for 'parallel' - found /home/fsepulveda/Desktop/tesis/sccmec_classification/prokka-1.12/bin/../binaries/linux/../common/parallel
[17:04:10] Determined parallel version is 20150122
[17:04:10] Looking for 'prodigal' - found /home/fsepulveda/Desktop/tesis/sccmec_classification/prokka-1.12/bin/../binaries/linux/prodigal
[17:04:10] Determined prodigal version is 2.6
[17:04:10] Looking for 'prokka-genbank_to_fasta_db' - found /home/fsepulveda/Desktop/tesis/sccmec_classification/prokka-1.12/bin/prokka-genbank_to_fasta_db
[17:04:10] Looking for 'sed' - found /bin/sed
[17:04:10] Looking for 'tbl2asn' - found /home/fsepulveda/Desktop/tesis/sccmec_classification/prokka-1.12/bin/../binaries/linux/tbl2asn
[17:04:10] Determined tbl2asn version is 25.3
[17:04:10] Using genetic code table 11.
[17:04:10] Loading and checking input file: /home/fsepulveda/Documents/parte2/229_sccmec/sccmec_AB512767.fasta
[17:04:10] Wrote 1 contigs totalling 41826 bp.
[17:04:10] Predicting tRNAs and tmRNAs
[17:04:10] Running: aragorn -l -gc11  -w PROKKA_AB512767\/PROKKA_AB512767\.fna
[17:04:10] Found 0 tRNAs
[17:04:10] Predicting Ribosomal RNAs
[17:04:10] You need either Barrnap or RNAmmer installed to predict rRNAs!
[17:04:10] Skipping ncRNA search, enable with --rfam if desired.
[17:04:10] Total of 0 tRNA + rRNA features
[17:04:10] Searching for CRISPR repeats
[17:04:10] Found 0 CRISPRs
[17:04:10] Predicting coding sequences
[17:04:10] Contigs total 41826 bp, so using meta mode
[17:04:10] Running: prodigal -i PROKKA_AB512767\/PROKKA_AB512767\.fna -c -m -g 11 -p meta -f sco -q
[17:04:10] Found 42 CDS
[17:04:10] Connecting features back to sequences
[17:04:10] Not using genus-specific database. Try --usegenus to enable it.
[17:04:10] Annotating CDS, please be patient.
[17:04:10] Will use 4 CPUs for similarity searching.
[17:04:10] There are still 42 unannotated CDS left (started with 42)
[17:04:10] Will use blast to search against /home/fsepulveda/Desktop/tesis/sccmec_classification/prokka-1.12/bin/../db/kingdom/Bacteria/sprot with 4 CPUs
[17:04:10] Running: cat PROKKA_AB512767\/sprot\.faa | parallel --gnu --plain -j 4 --block 1523 --recstart '>' --pipe blastp -query - -db /home/fsepulveda/Desktop/tesis/sccmec_classification/prokka-1.12/bin/../db/kingdom/Bacteria/sprot -evalue 1e-06 -num_threads 1 -num_descriptions 1 -num_alignments 1 -seg no > PROKKA_AB512767\/sprot\.blast 2> /dev/null
[17:04:12] Deleting unwanted file: PROKKA_AB512767/sprot.faa
[17:04:12] Deleting unwanted file: PROKKA_AB512767/sprot.blast
[17:04:12] There are still 31 unannotated CDS left (started with 42)
[17:04:12] Will use hmmer3 to search against /home/fsepulveda/Desktop/tesis/sccmec_classification/prokka-1.12/bin/../db/hmm/HAMAP.hmm with 4 CPUs
[17:04:12] Running: cat PROKKA_AB512767\/HAMAP\.hmm\.faa | parallel --gnu --plain -j 4 --block 812 --recstart '>' --pipe hmmscan --noali --notextw --acc -E 1e-06 --cpu 1 /home/fsepulveda/Desktop/tesis/sccmec_classification/prokka-1.12/bin/../db/hmm/HAMAP.hmm /dev/stdin > PROKKA_AB512767\/HAMAP\.hmm\.hmmer3 2> /dev/null
[17:04:13] Deleting unwanted file: PROKKA_AB512767/HAMAP.hmm.faa
[17:04:13] Deleting unwanted file: PROKKA_AB512767/HAMAP.hmm.hmmer3
[17:04:13] Labelling remaining 31 proteins as 'hypothetical protein'
[17:04:13] Found 9 unique /gene codes.
[17:04:13] Fixed 2 duplicate /gene - hin_1 hin_2
[17:04:13] Fixed 1 colliding /gene names.
[17:04:13] Adding /locus_tag identifiers
[17:04:13] Assigned 42 locus_tags to CDS and RNA features.
[17:04:13] Writing outputs to PROKKA_AB512767/
[17:04:13] Generating annotation statistics file
[17:04:13] Generating Genbank and Sequin files
[17:04:13] Running: tbl2asn -V b -a r10k -l paired-ends -M n -N 1 -y 'Annotated using prokka 1.12 from https://github.com/tseemann/prokka' -Z PROKKA_AB512767\/PROKKA_AB512767\.err -i PROKKA_AB512767\/PROKKA_AB512767\.fsa 2> /dev/null
[17:04:13] Deleting unwanted file: PROKKA_AB512767/errorsummary.val
[17:04:13] Deleting unwanted file: PROKKA_AB512767/PROKKA_AB512767.dr
[17:04:13] Deleting unwanted file: PROKKA_AB512767/PROKKA_AB512767.fixedproducts
[17:04:13] Deleting unwanted file: PROKKA_AB512767/PROKKA_AB512767.ecn
[17:04:13] Deleting unwanted file: PROKKA_AB512767/PROKKA_AB512767.val
[17:04:13] Repairing broken .GBK output that tbl2asn produces...
[17:04:13] Running: sed 's/COORDINATES: profile/COORDINATES:profile/' < PROKKA_AB512767\/PROKKA_AB512767\.gbf > PROKKA_AB512767\/PROKKA_AB512767\.gbk
[17:04:13] Deleting unwanted file: PROKKA_AB512767/PROKKA_AB512767.gbf
[17:04:13] Output files:
[17:04:13] PROKKA_AB512767/PROKKA_AB512767.gff
[17:04:13] PROKKA_AB512767/PROKKA_AB512767.tbl
[17:04:13] PROKKA_AB512767/PROKKA_AB512767.fna
[17:04:13] PROKKA_AB512767/PROKKA_AB512767.sqn
[17:04:13] PROKKA_AB512767/PROKKA_AB512767.txt
[17:04:13] PROKKA_AB512767/PROKKA_AB512767.log
[17:04:13] PROKKA_AB512767/PROKKA_AB512767.tsv
[17:04:13] PROKKA_AB512767/PROKKA_AB512767.gbk
[17:04:13] PROKKA_AB512767/PROKKA_AB512767.faa
[17:04:13] PROKKA_AB512767/PROKKA_AB512767.fsa
[17:04:13] PROKKA_AB512767/PROKKA_AB512767.ffn
[17:04:13] PROKKA_AB512767/PROKKA_AB512767.err
[17:04:13] Annotation finished successfully.
[17:04:13] Walltime used: 0.05 minutes
[17:04:13] If you use this result please cite the Prokka paper:
[17:04:13] Seemann T (2014) Prokka: rapid prokaryotic genome annotation. Bioinformatics. 30(14):2068-9.
[17:04:13] Type 'prokka --citation' for more details.
[17:04:13] Share and enjoy!
