Discrepancy Report Results

Summary
FATAL: BAD_LOCUS_TAG_FORMAT:35 locus tags are incorrectly formatted.
FATAL: MISSING_PROTEIN_ID:35 proteins have invalid IDs.
DISC_SOURCE_QUALS_ASNDISC:strain (all present, all unique)
DISC_SOURCE_QUALS_ASNDISC:taxname (all present, all unique)
DISC_FEATURE_COUNT:gene: 35 present
DISC_FEATURE_COUNT:CDS: 35 present
DISC_FEATURE_COUNT:mRNA: 35 present
DISC_FEATURE_COUNT:repeat_region: 2 present
DISC_COUNT_NUCLEOTIDES:1 nucleotide Bioseqs are present
OVERLAPPING_GENES:15 genes overlap another gene on the same strand.
DISC_QUALITY_SCORES:Quality scores are missing on all sequences.
ONCALLER_COMMENT_PRESENT:1 comment descriptors were found (all same)
SHORT_PROT_SEQUENCES:3 protein sequences are shorter than 50 aa.
MISSING_GENOMEASSEMBLY_COMMENTS:1 bioseqs are missing GenomeAssembly structured comments
MOLTYPE_NOT_MRNA:1 molecule types are not set as mRNA.
TECHNIQUE_NOT_TSA:1 technique are not set as TSA
MISSING_STRUCTURED_COMMENT:1 sequences do not include structured comments.
MISSING_PROJECT:36 sequences do not include project.
DISC_INCONSISTENT_MOLINFO_TECH:Molinfo Technique Report (some missing, all same)


Detailed Report

FATAL: DiscRep_ALL:BAD_LOCUS_TAG_FORMAT::35 locus tags are incorrectly formatted.
PROKKA_NC_018608/PROKKA_NC_018608:Gene	rlmH	sccmec_saures_NC_018608_l32849:1-480	NC_018608_SCCmec_00001
PROKKA_NC_018608/PROKKA_NC_018608:Gene	NC_018608_SCCmec_00002	sccmec_saures_NC_018608_l32849:609-1595	NC_018608_SCCmec_00002
PROKKA_NC_018608/PROKKA_NC_018608:Gene	NC_018608_SCCmec_00003	sccmec_saures_NC_018608_l32849:1614-2948	NC_018608_SCCmec_00003
PROKKA_NC_018608/PROKKA_NC_018608:Gene	ydjH	sccmec_saures_NC_018608_l32849:2945-3883	NC_018608_SCCmec_00004
PROKKA_NC_018608/PROKKA_NC_018608:Gene	NC_018608_SCCmec_00005	sccmec_saures_NC_018608_l32849:c4687-4013	NC_018608_SCCmec_00005
PROKKA_NC_018608/PROKKA_NC_018608:Gene	NC_018608_SCCmec_00006	sccmec_saures_NC_018608_l32849:4945-5112	NC_018608_SCCmec_00006
PROKKA_NC_018608/PROKKA_NC_018608:Gene	NC_018608_SCCmec_00007	sccmec_saures_NC_018608_l32849:5210-5440	NC_018608_SCCmec_00007
PROKKA_NC_018608/PROKKA_NC_018608:Gene	ugpQ	sccmec_saures_NC_018608_l32849:6029-6772	NC_018608_SCCmec_00008
PROKKA_NC_018608/PROKKA_NC_018608:Gene	paaZ	sccmec_saures_NC_018608_l32849:6869-7297	NC_018608_SCCmec_00009
PROKKA_NC_018608/PROKKA_NC_018608:Gene	pbp	sccmec_saures_NC_018608_l32849:c9349-7343	NC_018608_SCCmec_00010
PROKKA_NC_018608/PROKKA_NC_018608:Gene	NC_018608_SCCmec_00011	sccmec_saures_NC_018608_l32849:9597-9740	NC_018608_SCCmec_00011
PROKKA_NC_018608/PROKKA_NC_018608:Gene	NC_018608_SCCmec_00012	sccmec_saures_NC_018608_l32849:c10759-10331	NC_018608_SCCmec_00012
PROKKA_NC_018608/PROKKA_NC_018608:Gene	NC_018608_SCCmec_00013	sccmec_saures_NC_018608_l32849:10840-11769	NC_018608_SCCmec_00013
PROKKA_NC_018608/PROKKA_NC_018608:Gene	NC_018608_SCCmec_00014	sccmec_saures_NC_018608_l32849:11931-13919	NC_018608_SCCmec_00014
PROKKA_NC_018608/PROKKA_NC_018608:Gene	NC_018608_SCCmec_00015	sccmec_saures_NC_018608_l32849:14114-15223	NC_018608_SCCmec_00015
PROKKA_NC_018608/PROKKA_NC_018608:Gene	NC_018608_SCCmec_00016	sccmec_saures_NC_018608_l32849:15216-15584	NC_018608_SCCmec_00016
PROKKA_NC_018608/PROKKA_NC_018608:Gene	NC_018608_SCCmec_00017	sccmec_saures_NC_018608_l32849:15584-17200	NC_018608_SCCmec_00017
PROKKA_NC_018608/PROKKA_NC_018608:Gene	hin	sccmec_saures_NC_018608_l32849:17425-19104	NC_018608_SCCmec_00018
PROKKA_NC_018608/PROKKA_NC_018608:Gene	NC_018608_SCCmec_00019	sccmec_saures_NC_018608_l32849:19193-19531	NC_018608_SCCmec_00019
PROKKA_NC_018608/PROKKA_NC_018608:Gene	NC_018608_SCCmec_00020	sccmec_saures_NC_018608_l32849:19534-19623	NC_018608_SCCmec_00020
PROKKA_NC_018608/PROKKA_NC_018608:Gene	NC_018608_SCCmec_00021	sccmec_saures_NC_018608_l32849:19625-19936	NC_018608_SCCmec_00021
PROKKA_NC_018608/PROKKA_NC_018608:Gene	NC_018608_SCCmec_00022	sccmec_saures_NC_018608_l32849:19951-20454	NC_018608_SCCmec_00022
PROKKA_NC_018608/PROKKA_NC_018608:Gene	NC_018608_SCCmec_00023	sccmec_saures_NC_018608_l32849:20439-20690	NC_018608_SCCmec_00023
PROKKA_NC_018608/PROKKA_NC_018608:Gene	NC_018608_SCCmec_00024	sccmec_saures_NC_018608_l32849:c20985-20854	NC_018608_SCCmec_00024
PROKKA_NC_018608/PROKKA_NC_018608:Gene	NC_018608_SCCmec_00025	sccmec_saures_NC_018608_l32849:c21242-20982	NC_018608_SCCmec_00025
PROKKA_NC_018608/PROKKA_NC_018608:Gene	cas1	sccmec_saures_NC_018608_l32849:22888-23793	NC_018608_SCCmec_00026
PROKKA_NC_018608/PROKKA_NC_018608:Gene	cas2	sccmec_saures_NC_018608_l32849:23793-24098	NC_018608_SCCmec_00027
PROKKA_NC_018608/PROKKA_NC_018608:Gene	NC_018608_SCCmec_00028	sccmec_saures_NC_018608_l32849:24112-26385	NC_018608_SCCmec_00028
PROKKA_NC_018608/PROKKA_NC_018608:Gene	csm2	sccmec_saures_NC_018608_l32849:26388-26813	NC_018608_SCCmec_00029
PROKKA_NC_018608/PROKKA_NC_018608:Gene	csm3	sccmec_saures_NC_018608_l32849:26815-27459	NC_018608_SCCmec_00030
PROKKA_NC_018608/PROKKA_NC_018608:Gene	csm4	sccmec_saures_NC_018608_l32849:27470-28378	NC_018608_SCCmec_00031
PROKKA_NC_018608/PROKKA_NC_018608:Gene	NC_018608_SCCmec_00032	sccmec_saures_NC_018608_l32849:28363-29403	NC_018608_SCCmec_00032
PROKKA_NC_018608/PROKKA_NC_018608:Gene	csm6	sccmec_saures_NC_018608_l32849:29403-30671	NC_018608_SCCmec_00033
PROKKA_NC_018608/PROKKA_NC_018608:Gene	cas6	sccmec_saures_NC_018608_l32849:30668-31402	NC_018608_SCCmec_00034
PROKKA_NC_018608/PROKKA_NC_018608:Gene	NC_018608_SCCmec_00035	sccmec_saures_NC_018608_l32849:32512-32670	NC_018608_SCCmec_00035

FATAL: DiscRep_ALL:MISSING_PROTEIN_ID::35 proteins have invalid IDs.
PROKKA_NC_018608/PROKKA_NC_018608:sccmec_saures_NC_018608_l32849_1 (length 159)
PROKKA_NC_018608/PROKKA_NC_018608:sccmec_saures_NC_018608_l32849_2 (length 328)
PROKKA_NC_018608/PROKKA_NC_018608:sccmec_saures_NC_018608_l32849_3 (length 444)
PROKKA_NC_018608/PROKKA_NC_018608:sccmec_saures_NC_018608_l32849_4 (length 312)
PROKKA_NC_018608/PROKKA_NC_018608:sccmec_saures_NC_018608_l32849_5 (length 224)
PROKKA_NC_018608/PROKKA_NC_018608:sccmec_saures_NC_018608_l32849_6 (length 55)
PROKKA_NC_018608/PROKKA_NC_018608:sccmec_saures_NC_018608_l32849_7 (length 76)
PROKKA_NC_018608/PROKKA_NC_018608:sccmec_saures_NC_018608_l32849_8 (length 247)
PROKKA_NC_018608/PROKKA_NC_018608:sccmec_saures_NC_018608_l32849_9 (length 142)
PROKKA_NC_018608/PROKKA_NC_018608:sccmec_saures_NC_018608_l32849_10 (length 668)
PROKKA_NC_018608/PROKKA_NC_018608:sccmec_saures_NC_018608_l32849_11 (length 47)
PROKKA_NC_018608/PROKKA_NC_018608:sccmec_saures_NC_018608_l32849_12 (length 142)
PROKKA_NC_018608/PROKKA_NC_018608:sccmec_saures_NC_018608_l32849_13 (length 309)
PROKKA_NC_018608/PROKKA_NC_018608:sccmec_saures_NC_018608_l32849_14 (length 662)
PROKKA_NC_018608/PROKKA_NC_018608:sccmec_saures_NC_018608_l32849_15 (length 369)
PROKKA_NC_018608/PROKKA_NC_018608:sccmec_saures_NC_018608_l32849_16 (length 122)
PROKKA_NC_018608/PROKKA_NC_018608:sccmec_saures_NC_018608_l32849_17 (length 538)
PROKKA_NC_018608/PROKKA_NC_018608:sccmec_saures_NC_018608_l32849_18 (length 559)
PROKKA_NC_018608/PROKKA_NC_018608:sccmec_saures_NC_018608_l32849_19 (length 112)
PROKKA_NC_018608/PROKKA_NC_018608:sccmec_saures_NC_018608_l32849_20 (length 29)
PROKKA_NC_018608/PROKKA_NC_018608:sccmec_saures_NC_018608_l32849_21 (length 103)
PROKKA_NC_018608/PROKKA_NC_018608:sccmec_saures_NC_018608_l32849_22 (length 167)
PROKKA_NC_018608/PROKKA_NC_018608:sccmec_saures_NC_018608_l32849_23 (length 83)
PROKKA_NC_018608/PROKKA_NC_018608:sccmec_saures_NC_018608_l32849_24 (length 43)
PROKKA_NC_018608/PROKKA_NC_018608:sccmec_saures_NC_018608_l32849_25 (length 86)
PROKKA_NC_018608/PROKKA_NC_018608:sccmec_saures_NC_018608_l32849_26 (length 301)
PROKKA_NC_018608/PROKKA_NC_018608:sccmec_saures_NC_018608_l32849_27 (length 101)
PROKKA_NC_018608/PROKKA_NC_018608:sccmec_saures_NC_018608_l32849_28 (length 757)
PROKKA_NC_018608/PROKKA_NC_018608:sccmec_saures_NC_018608_l32849_29 (length 141)
PROKKA_NC_018608/PROKKA_NC_018608:sccmec_saures_NC_018608_l32849_30 (length 214)
PROKKA_NC_018608/PROKKA_NC_018608:sccmec_saures_NC_018608_l32849_31 (length 302)
PROKKA_NC_018608/PROKKA_NC_018608:sccmec_saures_NC_018608_l32849_32 (length 346)
PROKKA_NC_018608/PROKKA_NC_018608:sccmec_saures_NC_018608_l32849_33 (length 422)
PROKKA_NC_018608/PROKKA_NC_018608:sccmec_saures_NC_018608_l32849_34 (length 244)
PROKKA_NC_018608/PROKKA_NC_018608:sccmec_saures_NC_018608_l32849_35 (length 52)

DiscRep_ALL:DISC_SOURCE_QUALS_ASNDISC::strain (all present, all unique)
DiscRep_SUB:DISC_SOURCE_QUALS_ASNDISC::1 sources have unique values for strain
DiscRep_ALL:DISC_SOURCE_QUALS_ASNDISC::taxname (all present, all unique)
DiscRep_SUB:DISC_SOURCE_QUALS_ASNDISC::1 sources have unique values for taxname
DiscRep_ALL:DISC_FEATURE_COUNT::gene: 35 present
DiscRep_ALL:DISC_FEATURE_COUNT::CDS: 35 present
DiscRep_ALL:DISC_FEATURE_COUNT::mRNA: 35 present
DiscRep_ALL:DISC_FEATURE_COUNT::repeat_region: 2 present
DiscRep_ALL:DISC_COUNT_NUCLEOTIDES::1 nucleotide Bioseqs are present
PROKKA_NC_018608/PROKKA_NC_018608:sccmec_saures_NC_018608_l32849 (length 32849)

DiscRep_ALL:OVERLAPPING_GENES::15 genes overlap another gene on the same strand.
PROKKA_NC_018608/PROKKA_NC_018608:Gene	NC_018608_SCCmec_00003	sccmec_saures_NC_018608_l32849:1614-2948	NC_018608_SCCmec_00003
PROKKA_NC_018608/PROKKA_NC_018608:Gene	ydjH	sccmec_saures_NC_018608_l32849:2945-3883	NC_018608_SCCmec_00004
PROKKA_NC_018608/PROKKA_NC_018608:Gene	NC_018608_SCCmec_00015	sccmec_saures_NC_018608_l32849:14114-15223	NC_018608_SCCmec_00015
PROKKA_NC_018608/PROKKA_NC_018608:Gene	NC_018608_SCCmec_00016	sccmec_saures_NC_018608_l32849:15216-15584	NC_018608_SCCmec_00016
PROKKA_NC_018608/PROKKA_NC_018608:Gene	NC_018608_SCCmec_00017	sccmec_saures_NC_018608_l32849:15584-17200	NC_018608_SCCmec_00017
PROKKA_NC_018608/PROKKA_NC_018608:Gene	NC_018608_SCCmec_00022	sccmec_saures_NC_018608_l32849:19951-20454	NC_018608_SCCmec_00022
PROKKA_NC_018608/PROKKA_NC_018608:Gene	NC_018608_SCCmec_00023	sccmec_saures_NC_018608_l32849:20439-20690	NC_018608_SCCmec_00023
PROKKA_NC_018608/PROKKA_NC_018608:Gene	NC_018608_SCCmec_00024	sccmec_saures_NC_018608_l32849:c20985-20854	NC_018608_SCCmec_00024
PROKKA_NC_018608/PROKKA_NC_018608:Gene	NC_018608_SCCmec_00025	sccmec_saures_NC_018608_l32849:c21242-20982	NC_018608_SCCmec_00025
PROKKA_NC_018608/PROKKA_NC_018608:Gene	cas1	sccmec_saures_NC_018608_l32849:22888-23793	NC_018608_SCCmec_00026
PROKKA_NC_018608/PROKKA_NC_018608:Gene	cas2	sccmec_saures_NC_018608_l32849:23793-24098	NC_018608_SCCmec_00027
PROKKA_NC_018608/PROKKA_NC_018608:Gene	csm4	sccmec_saures_NC_018608_l32849:27470-28378	NC_018608_SCCmec_00031
PROKKA_NC_018608/PROKKA_NC_018608:Gene	NC_018608_SCCmec_00032	sccmec_saures_NC_018608_l32849:28363-29403	NC_018608_SCCmec_00032
PROKKA_NC_018608/PROKKA_NC_018608:Gene	csm6	sccmec_saures_NC_018608_l32849:29403-30671	NC_018608_SCCmec_00033
PROKKA_NC_018608/PROKKA_NC_018608:Gene	cas6	sccmec_saures_NC_018608_l32849:30668-31402	NC_018608_SCCmec_00034

DiscRep_ALL:DISC_QUALITY_SCORES::Quality scores are missing on all sequences.

DiscRep_ALL:ONCALLER_COMMENT_PRESENT::1 comment descriptors were found (all same)
PROKKA_NC_018608/PROKKA_NC_018608:sccmec_saures_NC_018608_l32849:Annotated using prokka 1.12 from https://github.com/tseemann/prokka

DiscRep_ALL:SHORT_PROT_SEQUENCES::3 protein sequences are shorter than 50 aa.
PROKKA_NC_018608/PROKKA_NC_018608:sccmec_saures_NC_018608_l32849_11 (length 47)
PROKKA_NC_018608/PROKKA_NC_018608:sccmec_saures_NC_018608_l32849_20 (length 29)
PROKKA_NC_018608/PROKKA_NC_018608:sccmec_saures_NC_018608_l32849_24 (length 43)

DiscRep_ALL:MISSING_GENOMEASSEMBLY_COMMENTS::1 bioseqs are missing GenomeAssembly structured comments
PROKKA_NC_018608/PROKKA_NC_018608:sccmec_saures_NC_018608_l32849 (length 32849)

DiscRep_ALL:MOLTYPE_NOT_MRNA::1 molecule types are not set as mRNA.
PROKKA_NC_018608/PROKKA_NC_018608:sccmec_saures_NC_018608_l32849 (length 32849)

DiscRep_ALL:TECHNIQUE_NOT_TSA::1 technique are not set as TSA
PROKKA_NC_018608/PROKKA_NC_018608:sccmec_saures_NC_018608_l32849 (length 32849)

DiscRep_ALL:MISSING_STRUCTURED_COMMENT::1 sequences do not include structured comments.
PROKKA_NC_018608/PROKKA_NC_018608:sccmec_saures_NC_018608_l32849 (length 32849)

DiscRep_ALL:MISSING_PROJECT::36 sequences do not include project.
PROKKA_NC_018608/PROKKA_NC_018608:sccmec_saures_NC_018608_l32849 (length 32849)
PROKKA_NC_018608/PROKKA_NC_018608:sccmec_saures_NC_018608_l32849_1 (length 159)
PROKKA_NC_018608/PROKKA_NC_018608:sccmec_saures_NC_018608_l32849_2 (length 328)
PROKKA_NC_018608/PROKKA_NC_018608:sccmec_saures_NC_018608_l32849_3 (length 444)
PROKKA_NC_018608/PROKKA_NC_018608:sccmec_saures_NC_018608_l32849_4 (length 312)
PROKKA_NC_018608/PROKKA_NC_018608:sccmec_saures_NC_018608_l32849_5 (length 224)
PROKKA_NC_018608/PROKKA_NC_018608:sccmec_saures_NC_018608_l32849_6 (length 55)
PROKKA_NC_018608/PROKKA_NC_018608:sccmec_saures_NC_018608_l32849_7 (length 76)
PROKKA_NC_018608/PROKKA_NC_018608:sccmec_saures_NC_018608_l32849_8 (length 247)
PROKKA_NC_018608/PROKKA_NC_018608:sccmec_saures_NC_018608_l32849_9 (length 142)
PROKKA_NC_018608/PROKKA_NC_018608:sccmec_saures_NC_018608_l32849_10 (length 668)
PROKKA_NC_018608/PROKKA_NC_018608:sccmec_saures_NC_018608_l32849_11 (length 47)
PROKKA_NC_018608/PROKKA_NC_018608:sccmec_saures_NC_018608_l32849_12 (length 142)
PROKKA_NC_018608/PROKKA_NC_018608:sccmec_saures_NC_018608_l32849_13 (length 309)
PROKKA_NC_018608/PROKKA_NC_018608:sccmec_saures_NC_018608_l32849_14 (length 662)
PROKKA_NC_018608/PROKKA_NC_018608:sccmec_saures_NC_018608_l32849_15 (length 369)
PROKKA_NC_018608/PROKKA_NC_018608:sccmec_saures_NC_018608_l32849_16 (length 122)
PROKKA_NC_018608/PROKKA_NC_018608:sccmec_saures_NC_018608_l32849_17 (length 538)
PROKKA_NC_018608/PROKKA_NC_018608:sccmec_saures_NC_018608_l32849_18 (length 559)
PROKKA_NC_018608/PROKKA_NC_018608:sccmec_saures_NC_018608_l32849_19 (length 112)
PROKKA_NC_018608/PROKKA_NC_018608:sccmec_saures_NC_018608_l32849_20 (length 29)
PROKKA_NC_018608/PROKKA_NC_018608:sccmec_saures_NC_018608_l32849_21 (length 103)
PROKKA_NC_018608/PROKKA_NC_018608:sccmec_saures_NC_018608_l32849_22 (length 167)
PROKKA_NC_018608/PROKKA_NC_018608:sccmec_saures_NC_018608_l32849_23 (length 83)
PROKKA_NC_018608/PROKKA_NC_018608:sccmec_saures_NC_018608_l32849_24 (length 43)
PROKKA_NC_018608/PROKKA_NC_018608:sccmec_saures_NC_018608_l32849_25 (length 86)
PROKKA_NC_018608/PROKKA_NC_018608:sccmec_saures_NC_018608_l32849_26 (length 301)
PROKKA_NC_018608/PROKKA_NC_018608:sccmec_saures_NC_018608_l32849_27 (length 101)
PROKKA_NC_018608/PROKKA_NC_018608:sccmec_saures_NC_018608_l32849_28 (length 757)
PROKKA_NC_018608/PROKKA_NC_018608:sccmec_saures_NC_018608_l32849_29 (length 141)
PROKKA_NC_018608/PROKKA_NC_018608:sccmec_saures_NC_018608_l32849_30 (length 214)
PROKKA_NC_018608/PROKKA_NC_018608:sccmec_saures_NC_018608_l32849_31 (length 302)
PROKKA_NC_018608/PROKKA_NC_018608:sccmec_saures_NC_018608_l32849_32 (length 346)
PROKKA_NC_018608/PROKKA_NC_018608:sccmec_saures_NC_018608_l32849_33 (length 422)
PROKKA_NC_018608/PROKKA_NC_018608:sccmec_saures_NC_018608_l32849_34 (length 244)
PROKKA_NC_018608/PROKKA_NC_018608:sccmec_saures_NC_018608_l32849_35 (length 52)

DiscRep_ALL:DISC_INCONSISTENT_MOLINFO_TECH::Molinfo Technique Report (some missing, all same)
DiscRep_SUB:DISC_INCONSISTENT_MOLINFO_TECH::technique (all missing)
DiscRep_SUB:DISC_INCONSISTENT_MOLINFO_TECH::1 Molinfos are missing field technique
PROKKA_NC_018608/PROKKA_NC_018608:sccmec_saures_NC_018608_l32849 (length 32849)

