Discrepancy Report Results

Summary
FATAL: BAD_LOCUS_TAG_FORMAT:51 locus tags are incorrectly formatted.
FATAL: MISSING_PROTEIN_ID:51 proteins have invalid IDs.
DISC_SOURCE_QUALS_ASNDISC:strain (all present, all unique)
DISC_SOURCE_QUALS_ASNDISC:taxname (all present, all unique)
DISC_FEATURE_COUNT:gene: 51 present
DISC_FEATURE_COUNT:CDS: 51 present
DISC_FEATURE_COUNT:mRNA: 51 present
DISC_COUNT_NUCLEOTIDES:1 nucleotide Bioseqs are present
OVERLAPPING_GENES:11 genes overlap another gene on the same strand.
DISC_QUALITY_SCORES:Quality scores are missing on all sequences.
ONCALLER_COMMENT_PRESENT:1 comment descriptors were found (all same)
MISSING_GENOMEASSEMBLY_COMMENTS:1 bioseqs are missing GenomeAssembly structured comments
MOLTYPE_NOT_MRNA:1 molecule types are not set as mRNA.
TECHNIQUE_NOT_TSA:1 technique are not set as TSA
MISSING_STRUCTURED_COMMENT:1 sequences do not include structured comments.
MISSING_PROJECT:52 sequences do not include project.
DISC_INCONSISTENT_MOLINFO_TECH:Molinfo Technique Report (some missing, all same)


Detailed Report

FATAL: DiscRep_ALL:BAD_LOCUS_TAG_FORMAT::51 locus tags are incorrectly formatted.
PROKKA_CP003194/PROKKA_CP003194:Gene	rlmH	sccmec_saures_CP003194_l48558:1-480	CP003194_SCCmec_00001
PROKKA_CP003194/PROKKA_CP003194:Gene	CP003194_SCCmec_00002	sccmec_saures_CP003194_l48558:763-2058	CP003194_SCCmec_00002
PROKKA_CP003194/PROKKA_CP003194:Gene	CP003194_SCCmec_00003	sccmec_saures_CP003194_l48558:2473-2712	CP003194_SCCmec_00003
PROKKA_CP003194/PROKKA_CP003194:Gene	CP003194_SCCmec_00004	sccmec_saures_CP003194_l48558:c3418-2744	CP003194_SCCmec_00004
PROKKA_CP003194/PROKKA_CP003194:Gene	CP003194_SCCmec_00005	sccmec_saures_CP003194_l48558:3661-3828	CP003194_SCCmec_00005
PROKKA_CP003194/PROKKA_CP003194:Gene	CP003194_SCCmec_00006	sccmec_saures_CP003194_l48558:3926-4156	CP003194_SCCmec_00006
PROKKA_CP003194/PROKKA_CP003194:Gene	ugpQ	sccmec_saures_CP003194_l48558:4705-5448	CP003194_SCCmec_00007
PROKKA_CP003194/PROKKA_CP003194:Gene	paaZ	sccmec_saures_CP003194_l48558:5545-5973	CP003194_SCCmec_00008
PROKKA_CP003194/PROKKA_CP003194:Gene	pbp	sccmec_saures_CP003194_l48558:c8025-6019	CP003194_SCCmec_00009
PROKKA_CP003194/PROKKA_CP003194:Gene	mecR1	sccmec_saures_CP003194_l48558:8227-9111	CP003194_SCCmec_00010
PROKKA_CP003194/PROKKA_CP003194:Gene	CP003194_SCCmec_00011	sccmec_saures_CP003194_l48558:9071-9343	CP003194_SCCmec_00011
PROKKA_CP003194/PROKKA_CP003194:Gene	CP003194_SCCmec_00012	sccmec_saures_CP003194_l48558:c10854-9334	CP003194_SCCmec_00012
PROKKA_CP003194/PROKKA_CP003194:Gene	CP003194_SCCmec_00013	sccmec_saures_CP003194_l48558:c11502-10993	CP003194_SCCmec_00013
PROKKA_CP003194/PROKKA_CP003194:Gene	CP003194_SCCmec_00014	sccmec_saures_CP003194_l48558:c11825-11514	CP003194_SCCmec_00014
PROKKA_CP003194/PROKKA_CP003194:Gene	CP003194_SCCmec_00015	sccmec_saures_CP003194_l48558:c12262-11912	CP003194_SCCmec_00015
PROKKA_CP003194/PROKKA_CP003194:Gene	CP003194_SCCmec_00016	sccmec_saures_CP003194_l48558:c13494-12679	CP003194_SCCmec_00016
PROKKA_CP003194/PROKKA_CP003194:Gene	tnsB	sccmec_saures_CP003194_l48558:c14929-13487	CP003194_SCCmec_00017
PROKKA_CP003194/PROKKA_CP003194:Gene	hin_1	sccmec_saures_CP003194_l48558:c15494-14901	CP003194_SCCmec_00018
PROKKA_CP003194/PROKKA_CP003194:Gene	blaI	sccmec_saures_CP003194_l48558:c16138-15758	CP003194_SCCmec_00019
PROKKA_CP003194/PROKKA_CP003194:Gene	blaR1	sccmec_saures_CP003194_l48558:c17903-16128	CP003194_SCCmec_00020
PROKKA_CP003194/PROKKA_CP003194:Gene	blaZ	sccmec_saures_CP003194_l48558:17992-18837	CP003194_SCCmec_00021
PROKKA_CP003194/PROKKA_CP003194:Gene	CP003194_SCCmec_00022	sccmec_saures_CP003194_l48558:c20402-19503	CP003194_SCCmec_00022
PROKKA_CP003194/PROKKA_CP003194:Gene	ybiT	sccmec_saures_CP003194_l48558:c21967-20501	CP003194_SCCmec_00023
PROKKA_CP003194/PROKKA_CP003194:Gene	CP003194_SCCmec_00024	sccmec_saures_CP003194_l48558:22441-23115	CP003194_SCCmec_00024
PROKKA_CP003194/PROKKA_CP003194:Gene	CP003194_SCCmec_00025	sccmec_saures_CP003194_l48558:c23582-23409	CP003194_SCCmec_00025
PROKKA_CP003194/PROKKA_CP003194:Gene	argO	sccmec_saures_CP003194_l48558:c24246-23626	CP003194_SCCmec_00026
PROKKA_CP003194/PROKKA_CP003194:Gene	desA	sccmec_saures_CP003194_l48558:c25225-24251	CP003194_SCCmec_00027
PROKKA_CP003194/PROKKA_CP003194:Gene	norG	sccmec_saures_CP003194_l48558:25321-26733	CP003194_SCCmec_00028
PROKKA_CP003194/PROKKA_CP003194:Gene	CP003194_SCCmec_00029	sccmec_saures_CP003194_l48558:26925-27599	CP003194_SCCmec_00029
PROKKA_CP003194/PROKKA_CP003194:Gene	graR	sccmec_saures_CP003194_l48558:27739-28413	CP003194_SCCmec_00030
PROKKA_CP003194/PROKKA_CP003194:Gene	graS	sccmec_saures_CP003194_l48558:28689-29291	CP003194_SCCmec_00031
PROKKA_CP003194/PROKKA_CP003194:Gene	yxlF	sccmec_saures_CP003194_l48558:29398-30336	CP003194_SCCmec_00032
PROKKA_CP003194/PROKKA_CP003194:Gene	CP003194_SCCmec_00033	sccmec_saures_CP003194_l48558:30377-31066	CP003194_SCCmec_00033
PROKKA_CP003194/PROKKA_CP003194:Gene	uppP	sccmec_saures_CP003194_l48558:31080-31283	CP003194_SCCmec_00034
PROKKA_CP003194/PROKKA_CP003194:Gene	CP003194_SCCmec_00035	sccmec_saures_CP003194_l48558:31313-31987	CP003194_SCCmec_00035
PROKKA_CP003194/PROKKA_CP003194:Gene	aadK	sccmec_saures_CP003194_l48558:32164-32763	CP003194_SCCmec_00036
PROKKA_CP003194/PROKKA_CP003194:Gene	wecD	sccmec_saures_CP003194_l48558:32760-33290	CP003194_SCCmec_00037
PROKKA_CP003194/PROKKA_CP003194:Gene	aphA	sccmec_saures_CP003194_l48558:33392-34177	CP003194_SCCmec_00038
PROKKA_CP003194/PROKKA_CP003194:Gene	birA	sccmec_saures_CP003194_l48558:34453-35025	CP003194_SCCmec_00039
PROKKA_CP003194/PROKKA_CP003194:Gene	CP003194_SCCmec_00040	sccmec_saures_CP003194_l48558:35049-35405	CP003194_SCCmec_00040
PROKKA_CP003194/PROKKA_CP003194:Gene	CP003194_SCCmec_00041	sccmec_saures_CP003194_l48558:35516-36175	CP003194_SCCmec_00041
PROKKA_CP003194/PROKKA_CP003194:Gene	CP003194_SCCmec_00042	sccmec_saures_CP003194_l48558:c37756-36896	CP003194_SCCmec_00042
PROKKA_CP003194/PROKKA_CP003194:Gene	CP003194_SCCmec_00043	sccmec_saures_CP003194_l48558:c38500-37763	CP003194_SCCmec_00043
PROKKA_CP003194/PROKKA_CP003194:Gene	CP003194_SCCmec_00044	sccmec_saures_CP003194_l48558:38725-39090	CP003194_SCCmec_00044
PROKKA_CP003194/PROKKA_CP003194:Gene	hin_2	sccmec_saures_CP003194_l48558:c41084-39456	CP003194_SCCmec_00045
PROKKA_CP003194/PROKKA_CP003194:Gene	hin_3	sccmec_saures_CP003194_l48558:c42473-41106	CP003194_SCCmec_00046
PROKKA_CP003194/PROKKA_CP003194:Gene	CP003194_SCCmec_00047	sccmec_saures_CP003194_l48558:c44482-42689	CP003194_SCCmec_00047
PROKKA_CP003194/PROKKA_CP003194:Gene	CP003194_SCCmec_00048	sccmec_saures_CP003194_l48558:c44778-44482	CP003194_SCCmec_00048
PROKKA_CP003194/PROKKA_CP003194:Gene	CP003194_SCCmec_00049	sccmec_saures_CP003194_l48558:c46017-44971	CP003194_SCCmec_00049
PROKKA_CP003194/PROKKA_CP003194:Gene	CP003194_SCCmec_00050	sccmec_saures_CP003194_l48558:46472-47626	CP003194_SCCmec_00050
PROKKA_CP003194/PROKKA_CP003194:Gene	CP003194_SCCmec_00051	sccmec_saures_CP003194_l48558:47656-48456	CP003194_SCCmec_00051

FATAL: DiscRep_ALL:MISSING_PROTEIN_ID::51 proteins have invalid IDs.
PROKKA_CP003194/PROKKA_CP003194:sccmec_saures_CP003194_l48558_1 (length 159)
PROKKA_CP003194/PROKKA_CP003194:sccmec_saures_CP003194_l48558_2 (length 431)
PROKKA_CP003194/PROKKA_CP003194:sccmec_saures_CP003194_l48558_3 (length 79)
PROKKA_CP003194/PROKKA_CP003194:sccmec_saures_CP003194_l48558_4 (length 224)
PROKKA_CP003194/PROKKA_CP003194:sccmec_saures_CP003194_l48558_5 (length 55)
PROKKA_CP003194/PROKKA_CP003194:sccmec_saures_CP003194_l48558_6 (length 76)
PROKKA_CP003194/PROKKA_CP003194:sccmec_saures_CP003194_l48558_7 (length 247)
PROKKA_CP003194/PROKKA_CP003194:sccmec_saures_CP003194_l48558_8 (length 142)
PROKKA_CP003194/PROKKA_CP003194:sccmec_saures_CP003194_l48558_9 (length 668)
PROKKA_CP003194/PROKKA_CP003194:sccmec_saures_CP003194_l48558_10 (length 294)
PROKKA_CP003194/PROKKA_CP003194:sccmec_saures_CP003194_l48558_11 (length 90)
PROKKA_CP003194/PROKKA_CP003194:sccmec_saures_CP003194_l48558_12 (length 506)
PROKKA_CP003194/PROKKA_CP003194:sccmec_saures_CP003194_l48558_13 (length 169)
PROKKA_CP003194/PROKKA_CP003194:sccmec_saures_CP003194_l48558_14 (length 103)
PROKKA_CP003194/PROKKA_CP003194:sccmec_saures_CP003194_l48558_15 (length 116)
PROKKA_CP003194/PROKKA_CP003194:sccmec_saures_CP003194_l48558_16 (length 271)
PROKKA_CP003194/PROKKA_CP003194:sccmec_saures_CP003194_l48558_17 (length 480)
PROKKA_CP003194/PROKKA_CP003194:sccmec_saures_CP003194_l48558_18 (length 197)
PROKKA_CP003194/PROKKA_CP003194:sccmec_saures_CP003194_l48558_19 (length 126)
PROKKA_CP003194/PROKKA_CP003194:sccmec_saures_CP003194_l48558_20 (length 591)
PROKKA_CP003194/PROKKA_CP003194:sccmec_saures_CP003194_l48558_21 (length 281)
PROKKA_CP003194/PROKKA_CP003194:sccmec_saures_CP003194_l48558_22 (length 299)
PROKKA_CP003194/PROKKA_CP003194:sccmec_saures_CP003194_l48558_23 (length 488)
PROKKA_CP003194/PROKKA_CP003194:sccmec_saures_CP003194_l48558_24 (length 224)
PROKKA_CP003194/PROKKA_CP003194:sccmec_saures_CP003194_l48558_25 (length 57)
PROKKA_CP003194/PROKKA_CP003194:sccmec_saures_CP003194_l48558_26 (length 206)
PROKKA_CP003194/PROKKA_CP003194:sccmec_saures_CP003194_l48558_27 (length 324)
PROKKA_CP003194/PROKKA_CP003194:sccmec_saures_CP003194_l48558_28 (length 470)
PROKKA_CP003194/PROKKA_CP003194:sccmec_saures_CP003194_l48558_29 (length 224)
PROKKA_CP003194/PROKKA_CP003194:sccmec_saures_CP003194_l48558_30 (length 224)
PROKKA_CP003194/PROKKA_CP003194:sccmec_saures_CP003194_l48558_31 (length 200)
PROKKA_CP003194/PROKKA_CP003194:sccmec_saures_CP003194_l48558_32 (length 312)
PROKKA_CP003194/PROKKA_CP003194:sccmec_saures_CP003194_l48558_33 (length 229)
PROKKA_CP003194/PROKKA_CP003194:sccmec_saures_CP003194_l48558_34 (length 67)
PROKKA_CP003194/PROKKA_CP003194:sccmec_saures_CP003194_l48558_35 (length 224)
PROKKA_CP003194/PROKKA_CP003194:sccmec_saures_CP003194_l48558_36 (length 199)
PROKKA_CP003194/PROKKA_CP003194:sccmec_saures_CP003194_l48558_37 (length 176)
PROKKA_CP003194/PROKKA_CP003194:sccmec_saures_CP003194_l48558_38 (length 261)
PROKKA_CP003194/PROKKA_CP003194:sccmec_saures_CP003194_l48558_39 (length 190)
PROKKA_CP003194/PROKKA_CP003194:sccmec_saures_CP003194_l48558_40 (length 118)
PROKKA_CP003194/PROKKA_CP003194:sccmec_saures_CP003194_l48558_41 (length 219)
PROKKA_CP003194/PROKKA_CP003194:sccmec_saures_CP003194_l48558_42 (length 286)
PROKKA_CP003194/PROKKA_CP003194:sccmec_saures_CP003194_l48558_43 (length 245)
PROKKA_CP003194/PROKKA_CP003194:sccmec_saures_CP003194_l48558_44 (length 121)
PROKKA_CP003194/PROKKA_CP003194:sccmec_saures_CP003194_l48558_45 (length 542)
PROKKA_CP003194/PROKKA_CP003194:sccmec_saures_CP003194_l48558_46 (length 455)
PROKKA_CP003194/PROKKA_CP003194:sccmec_saures_CP003194_l48558_47 (length 597)
PROKKA_CP003194/PROKKA_CP003194:sccmec_saures_CP003194_l48558_48 (length 98)
PROKKA_CP003194/PROKKA_CP003194:sccmec_saures_CP003194_l48558_49 (length 348)
PROKKA_CP003194/PROKKA_CP003194:sccmec_saures_CP003194_l48558_50 (length 384)
PROKKA_CP003194/PROKKA_CP003194:sccmec_saures_CP003194_l48558_51 (length 266)

DiscRep_ALL:DISC_SOURCE_QUALS_ASNDISC::strain (all present, all unique)
DiscRep_SUB:DISC_SOURCE_QUALS_ASNDISC::1 sources have unique values for strain
DiscRep_ALL:DISC_SOURCE_QUALS_ASNDISC::taxname (all present, all unique)
DiscRep_SUB:DISC_SOURCE_QUALS_ASNDISC::1 sources have unique values for taxname
DiscRep_ALL:DISC_FEATURE_COUNT::gene: 51 present
DiscRep_ALL:DISC_FEATURE_COUNT::CDS: 51 present
DiscRep_ALL:DISC_FEATURE_COUNT::mRNA: 51 present
DiscRep_ALL:DISC_COUNT_NUCLEOTIDES::1 nucleotide Bioseqs are present
PROKKA_CP003194/PROKKA_CP003194:sccmec_saures_CP003194_l48558 (length 48558)

DiscRep_ALL:OVERLAPPING_GENES::11 genes overlap another gene on the same strand.
PROKKA_CP003194/PROKKA_CP003194:Gene	mecR1	sccmec_saures_CP003194_l48558:8227-9111	CP003194_SCCmec_00010
PROKKA_CP003194/PROKKA_CP003194:Gene	CP003194_SCCmec_00011	sccmec_saures_CP003194_l48558:9071-9343	CP003194_SCCmec_00011
PROKKA_CP003194/PROKKA_CP003194:Gene	CP003194_SCCmec_00016	sccmec_saures_CP003194_l48558:c13494-12679	CP003194_SCCmec_00016
PROKKA_CP003194/PROKKA_CP003194:Gene	tnsB	sccmec_saures_CP003194_l48558:c14929-13487	CP003194_SCCmec_00017
PROKKA_CP003194/PROKKA_CP003194:Gene	hin_1	sccmec_saures_CP003194_l48558:c15494-14901	CP003194_SCCmec_00018
PROKKA_CP003194/PROKKA_CP003194:Gene	blaI	sccmec_saures_CP003194_l48558:c16138-15758	CP003194_SCCmec_00019
PROKKA_CP003194/PROKKA_CP003194:Gene	blaR1	sccmec_saures_CP003194_l48558:c17903-16128	CP003194_SCCmec_00020
PROKKA_CP003194/PROKKA_CP003194:Gene	aadK	sccmec_saures_CP003194_l48558:32164-32763	CP003194_SCCmec_00036
PROKKA_CP003194/PROKKA_CP003194:Gene	wecD	sccmec_saures_CP003194_l48558:32760-33290	CP003194_SCCmec_00037
PROKKA_CP003194/PROKKA_CP003194:Gene	CP003194_SCCmec_00047	sccmec_saures_CP003194_l48558:c44482-42689	CP003194_SCCmec_00047
PROKKA_CP003194/PROKKA_CP003194:Gene	CP003194_SCCmec_00048	sccmec_saures_CP003194_l48558:c44778-44482	CP003194_SCCmec_00048

DiscRep_ALL:DISC_QUALITY_SCORES::Quality scores are missing on all sequences.

DiscRep_ALL:ONCALLER_COMMENT_PRESENT::1 comment descriptors were found (all same)
PROKKA_CP003194/PROKKA_CP003194:sccmec_saures_CP003194_l48558:Annotated using prokka 1.12 from https://github.com/tseemann/prokka

DiscRep_ALL:MISSING_GENOMEASSEMBLY_COMMENTS::1 bioseqs are missing GenomeAssembly structured comments
PROKKA_CP003194/PROKKA_CP003194:sccmec_saures_CP003194_l48558 (length 48558)

DiscRep_ALL:MOLTYPE_NOT_MRNA::1 molecule types are not set as mRNA.
PROKKA_CP003194/PROKKA_CP003194:sccmec_saures_CP003194_l48558 (length 48558)

DiscRep_ALL:TECHNIQUE_NOT_TSA::1 technique are not set as TSA
PROKKA_CP003194/PROKKA_CP003194:sccmec_saures_CP003194_l48558 (length 48558)

DiscRep_ALL:MISSING_STRUCTURED_COMMENT::1 sequences do not include structured comments.
PROKKA_CP003194/PROKKA_CP003194:sccmec_saures_CP003194_l48558 (length 48558)

DiscRep_ALL:MISSING_PROJECT::52 sequences do not include project.
PROKKA_CP003194/PROKKA_CP003194:sccmec_saures_CP003194_l48558 (length 48558)
PROKKA_CP003194/PROKKA_CP003194:sccmec_saures_CP003194_l48558_1 (length 159)
PROKKA_CP003194/PROKKA_CP003194:sccmec_saures_CP003194_l48558_2 (length 431)
PROKKA_CP003194/PROKKA_CP003194:sccmec_saures_CP003194_l48558_3 (length 79)
PROKKA_CP003194/PROKKA_CP003194:sccmec_saures_CP003194_l48558_4 (length 224)
PROKKA_CP003194/PROKKA_CP003194:sccmec_saures_CP003194_l48558_5 (length 55)
PROKKA_CP003194/PROKKA_CP003194:sccmec_saures_CP003194_l48558_6 (length 76)
PROKKA_CP003194/PROKKA_CP003194:sccmec_saures_CP003194_l48558_7 (length 247)
PROKKA_CP003194/PROKKA_CP003194:sccmec_saures_CP003194_l48558_8 (length 142)
PROKKA_CP003194/PROKKA_CP003194:sccmec_saures_CP003194_l48558_9 (length 668)
PROKKA_CP003194/PROKKA_CP003194:sccmec_saures_CP003194_l48558_10 (length 294)
PROKKA_CP003194/PROKKA_CP003194:sccmec_saures_CP003194_l48558_11 (length 90)
PROKKA_CP003194/PROKKA_CP003194:sccmec_saures_CP003194_l48558_12 (length 506)
PROKKA_CP003194/PROKKA_CP003194:sccmec_saures_CP003194_l48558_13 (length 169)
PROKKA_CP003194/PROKKA_CP003194:sccmec_saures_CP003194_l48558_14 (length 103)
PROKKA_CP003194/PROKKA_CP003194:sccmec_saures_CP003194_l48558_15 (length 116)
PROKKA_CP003194/PROKKA_CP003194:sccmec_saures_CP003194_l48558_16 (length 271)
PROKKA_CP003194/PROKKA_CP003194:sccmec_saures_CP003194_l48558_17 (length 480)
PROKKA_CP003194/PROKKA_CP003194:sccmec_saures_CP003194_l48558_18 (length 197)
PROKKA_CP003194/PROKKA_CP003194:sccmec_saures_CP003194_l48558_19 (length 126)
PROKKA_CP003194/PROKKA_CP003194:sccmec_saures_CP003194_l48558_20 (length 591)
PROKKA_CP003194/PROKKA_CP003194:sccmec_saures_CP003194_l48558_21 (length 281)
PROKKA_CP003194/PROKKA_CP003194:sccmec_saures_CP003194_l48558_22 (length 299)
PROKKA_CP003194/PROKKA_CP003194:sccmec_saures_CP003194_l48558_23 (length 488)
PROKKA_CP003194/PROKKA_CP003194:sccmec_saures_CP003194_l48558_24 (length 224)
PROKKA_CP003194/PROKKA_CP003194:sccmec_saures_CP003194_l48558_25 (length 57)
PROKKA_CP003194/PROKKA_CP003194:sccmec_saures_CP003194_l48558_26 (length 206)
PROKKA_CP003194/PROKKA_CP003194:sccmec_saures_CP003194_l48558_27 (length 324)
PROKKA_CP003194/PROKKA_CP003194:sccmec_saures_CP003194_l48558_28 (length 470)
PROKKA_CP003194/PROKKA_CP003194:sccmec_saures_CP003194_l48558_29 (length 224)
PROKKA_CP003194/PROKKA_CP003194:sccmec_saures_CP003194_l48558_30 (length 224)
PROKKA_CP003194/PROKKA_CP003194:sccmec_saures_CP003194_l48558_31 (length 200)
PROKKA_CP003194/PROKKA_CP003194:sccmec_saures_CP003194_l48558_32 (length 312)
PROKKA_CP003194/PROKKA_CP003194:sccmec_saures_CP003194_l48558_33 (length 229)
PROKKA_CP003194/PROKKA_CP003194:sccmec_saures_CP003194_l48558_34 (length 67)
PROKKA_CP003194/PROKKA_CP003194:sccmec_saures_CP003194_l48558_35 (length 224)
PROKKA_CP003194/PROKKA_CP003194:sccmec_saures_CP003194_l48558_36 (length 199)
PROKKA_CP003194/PROKKA_CP003194:sccmec_saures_CP003194_l48558_37 (length 176)
PROKKA_CP003194/PROKKA_CP003194:sccmec_saures_CP003194_l48558_38 (length 261)
PROKKA_CP003194/PROKKA_CP003194:sccmec_saures_CP003194_l48558_39 (length 190)
PROKKA_CP003194/PROKKA_CP003194:sccmec_saures_CP003194_l48558_40 (length 118)
PROKKA_CP003194/PROKKA_CP003194:sccmec_saures_CP003194_l48558_41 (length 219)
PROKKA_CP003194/PROKKA_CP003194:sccmec_saures_CP003194_l48558_42 (length 286)
PROKKA_CP003194/PROKKA_CP003194:sccmec_saures_CP003194_l48558_43 (length 245)
PROKKA_CP003194/PROKKA_CP003194:sccmec_saures_CP003194_l48558_44 (length 121)
PROKKA_CP003194/PROKKA_CP003194:sccmec_saures_CP003194_l48558_45 (length 542)
PROKKA_CP003194/PROKKA_CP003194:sccmec_saures_CP003194_l48558_46 (length 455)
PROKKA_CP003194/PROKKA_CP003194:sccmec_saures_CP003194_l48558_47 (length 597)
PROKKA_CP003194/PROKKA_CP003194:sccmec_saures_CP003194_l48558_48 (length 98)
PROKKA_CP003194/PROKKA_CP003194:sccmec_saures_CP003194_l48558_49 (length 348)
PROKKA_CP003194/PROKKA_CP003194:sccmec_saures_CP003194_l48558_50 (length 384)
PROKKA_CP003194/PROKKA_CP003194:sccmec_saures_CP003194_l48558_51 (length 266)

DiscRep_ALL:DISC_INCONSISTENT_MOLINFO_TECH::Molinfo Technique Report (some missing, all same)
DiscRep_SUB:DISC_INCONSISTENT_MOLINFO_TECH::technique (all missing)
DiscRep_SUB:DISC_INCONSISTENT_MOLINFO_TECH::1 Molinfos are missing field technique
PROKKA_CP003194/PROKKA_CP003194:sccmec_saures_CP003194_l48558 (length 48558)

