Discrepancy Report Results

Summary
FATAL: BAD_LOCUS_TAG_FORMAT:50 locus tags are incorrectly formatted.
FATAL: MISSING_PROTEIN_ID:50 proteins have invalid IDs.
DISC_SOURCE_QUALS_ASNDISC:strain (all present, all unique)
DISC_SOURCE_QUALS_ASNDISC:taxname (all present, all unique)
DISC_FEATURE_COUNT:gene: 50 present
DISC_FEATURE_COUNT:CDS: 50 present
DISC_FEATURE_COUNT:mRNA: 50 present
DISC_COUNT_NUCLEOTIDES:1 nucleotide Bioseqs are present
OVERLAPPING_GENES:8 genes overlap another gene on the same strand.
DISC_QUALITY_SCORES:Quality scores are missing on all sequences.
ONCALLER_COMMENT_PRESENT:1 comment descriptors were found (all same)
SHORT_PROT_SEQUENCES:1 protein sequences are shorter than 50 aa.
MISSING_GENOMEASSEMBLY_COMMENTS:1 bioseqs are missing GenomeAssembly structured comments
MOLTYPE_NOT_MRNA:1 molecule types are not set as mRNA.
TECHNIQUE_NOT_TSA:1 technique are not set as TSA
MISSING_STRUCTURED_COMMENT:1 sequences do not include structured comments.
MISSING_PROJECT:51 sequences do not include project.
DISC_INCONSISTENT_MOLINFO_TECH:Molinfo Technique Report (some missing, all same)


Detailed Report

FATAL: DiscRep_ALL:BAD_LOCUS_TAG_FORMAT::50 locus tags are incorrectly formatted.
PROKKA_CP007670/PROKKA_CP007670:Gene	rlmH	sccmec_saures_CP007670_l44616:1-480	CP007670_SCCmec_00001
PROKKA_CP007670/PROKKA_CP007670:Gene	CP007670_SCCmec_00002	sccmec_saures_CP007670_l44616:763-2058	CP007670_SCCmec_00002
PROKKA_CP007670/PROKKA_CP007670:Gene	CP007670_SCCmec_00003	sccmec_saures_CP007670_l44616:2473-2712	CP007670_SCCmec_00003
PROKKA_CP007670/PROKKA_CP007670:Gene	CP007670_SCCmec_00004	sccmec_saures_CP007670_l44616:c3418-2744	CP007670_SCCmec_00004
PROKKA_CP007670/PROKKA_CP007670:Gene	CP007670_SCCmec_00005	sccmec_saures_CP007670_l44616:3676-3843	CP007670_SCCmec_00005
PROKKA_CP007670/PROKKA_CP007670:Gene	CP007670_SCCmec_00006	sccmec_saures_CP007670_l44616:3941-4171	CP007670_SCCmec_00006
PROKKA_CP007670/PROKKA_CP007670:Gene	ugpQ	sccmec_saures_CP007670_l44616:4600-5343	CP007670_SCCmec_00007
PROKKA_CP007670/PROKKA_CP007670:Gene	paaZ	sccmec_saures_CP007670_l44616:5440-5868	CP007670_SCCmec_00008
PROKKA_CP007670/PROKKA_CP007670:Gene	pbp	sccmec_saures_CP007670_l44616:c7920-5914	CP007670_SCCmec_00009
PROKKA_CP007670/PROKKA_CP007670:Gene	mecR1	sccmec_saures_CP007670_l44616:8122-9006	CP007670_SCCmec_00010
PROKKA_CP007670/PROKKA_CP007670:Gene	CP007670_SCCmec_00011	sccmec_saures_CP007670_l44616:8966-9238	CP007670_SCCmec_00011
PROKKA_CP007670/PROKKA_CP007670:Gene	CP007670_SCCmec_00012	sccmec_saures_CP007670_l44616:c10326-9229	CP007670_SCCmec_00012
PROKKA_CP007670/PROKKA_CP007670:Gene	CP007670_SCCmec_00013	sccmec_saures_CP007670_l44616:c10749-10372	CP007670_SCCmec_00013
PROKKA_CP007670/PROKKA_CP007670:Gene	CP007670_SCCmec_00014	sccmec_saures_CP007670_l44616:c11397-10888	CP007670_SCCmec_00014
PROKKA_CP007670/PROKKA_CP007670:Gene	CP007670_SCCmec_00015	sccmec_saures_CP007670_l44616:c11720-11409	CP007670_SCCmec_00015
PROKKA_CP007670/PROKKA_CP007670:Gene	CP007670_SCCmec_00016	sccmec_saures_CP007670_l44616:c12157-11807	CP007670_SCCmec_00016
PROKKA_CP007670/PROKKA_CP007670:Gene	hin_1	sccmec_saures_CP007670_l44616:c14307-12679	CP007670_SCCmec_00017
PROKKA_CP007670/PROKKA_CP007670:Gene	hin_2	sccmec_saures_CP007670_l44616:c15696-14329	CP007670_SCCmec_00018
PROKKA_CP007670/PROKKA_CP007670:Gene	CP007670_SCCmec_00019	sccmec_saures_CP007670_l44616:c17699-15912	CP007670_SCCmec_00019
PROKKA_CP007670/PROKKA_CP007670:Gene	CP007670_SCCmec_00020	sccmec_saures_CP007670_l44616:c17995-17699	CP007670_SCCmec_00020
PROKKA_CP007670/PROKKA_CP007670:Gene	CP007670_SCCmec_00021	sccmec_saures_CP007670_l44616:c19234-18188	CP007670_SCCmec_00021
PROKKA_CP007670/PROKKA_CP007670:Gene	CP007670_SCCmec_00022	sccmec_saures_CP007670_l44616:19689-20843	CP007670_SCCmec_00022
PROKKA_CP007670/PROKKA_CP007670:Gene	CP007670_SCCmec_00023	sccmec_saures_CP007670_l44616:20873-21673	CP007670_SCCmec_00023
PROKKA_CP007670/PROKKA_CP007670:Gene	immR	sccmec_saures_CP007670_l44616:21981-22307	CP007670_SCCmec_00024
PROKKA_CP007670/PROKKA_CP007670:Gene	CP007670_SCCmec_00025	sccmec_saures_CP007670_l44616:22344-23177	CP007670_SCCmec_00025
PROKKA_CP007670/PROKKA_CP007670:Gene	CP007670_SCCmec_00026	sccmec_saures_CP007670_l44616:23382-23546	CP007670_SCCmec_00026
PROKKA_CP007670/PROKKA_CP007670:Gene	CP007670_SCCmec_00027	sccmec_saures_CP007670_l44616:23863-24636	CP007670_SCCmec_00027
PROKKA_CP007670/PROKKA_CP007670:Gene	CP007670_SCCmec_00028	sccmec_saures_CP007670_l44616:c25242-24874	CP007670_SCCmec_00028
PROKKA_CP007670/PROKKA_CP007670:Gene	CP007670_SCCmec_00029	sccmec_saures_CP007670_l44616:c26468-25398	CP007670_SCCmec_00029
PROKKA_CP007670/PROKKA_CP007670:Gene	gltR	sccmec_saures_CP007670_l44616:c27347-26481	CP007670_SCCmec_00030
PROKKA_CP007670/PROKKA_CP007670:Gene	CP007670_SCCmec_00031	sccmec_saures_CP007670_l44616:c27783-27334	CP007670_SCCmec_00031
PROKKA_CP007670/PROKKA_CP007670:Gene	CP007670_SCCmec_00032	sccmec_saures_CP007670_l44616:c28523-27837	CP007670_SCCmec_00032
PROKKA_CP007670/PROKKA_CP007670:Gene	CP007670_SCCmec_00033	sccmec_saures_CP007670_l44616:28734-28877	CP007670_SCCmec_00033
PROKKA_CP007670/PROKKA_CP007670:Gene	CP007670_SCCmec_00034	sccmec_saures_CP007670_l44616:c29836-29468	CP007670_SCCmec_00034
PROKKA_CP007670/PROKKA_CP007670:Gene	CP007670_SCCmec_00035	sccmec_saures_CP007670_l44616:29976-30713	CP007670_SCCmec_00035
PROKKA_CP007670/PROKKA_CP007670:Gene	CP007670_SCCmec_00036	sccmec_saures_CP007670_l44616:c31419-30745	CP007670_SCCmec_00036
PROKKA_CP007670/PROKKA_CP007670:Gene	garB	sccmec_saures_CP007670_l44616:31687-33048	CP007670_SCCmec_00037
PROKKA_CP007670/PROKKA_CP007670:Gene	merR1	sccmec_saures_CP007670_l44616:33348-33755	CP007670_SCCmec_00038
PROKKA_CP007670/PROKKA_CP007670:Gene	stoA	sccmec_saures_CP007670_l44616:33772-34125	CP007670_SCCmec_00039
PROKKA_CP007670/PROKKA_CP007670:Gene	CP007670_SCCmec_00040	sccmec_saures_CP007670_l44616:34122-34802	CP007670_SCCmec_00040
PROKKA_CP007670/PROKKA_CP007670:Gene	CP007670_SCCmec_00041	sccmec_saures_CP007670_l44616:34940-35275	CP007670_SCCmec_00041
PROKKA_CP007670/PROKKA_CP007670:Gene	merA	sccmec_saures_CP007670_l44616:35333-36976	CP007670_SCCmec_00042
PROKKA_CP007670/PROKKA_CP007670:Gene	merB	sccmec_saures_CP007670_l44616:37058-37708	CP007670_SCCmec_00043
PROKKA_CP007670/PROKKA_CP007670:Gene	CP007670_SCCmec_00044	sccmec_saures_CP007670_l44616:c38451-37903	CP007670_SCCmec_00044
PROKKA_CP007670/PROKKA_CP007670:Gene	CP007670_SCCmec_00045	sccmec_saures_CP007670_l44616:38606-38863	CP007670_SCCmec_00045
PROKKA_CP007670/PROKKA_CP007670:Gene	CP007670_SCCmec_00046	sccmec_saures_CP007670_l44616:38888-39169	CP007670_SCCmec_00046
PROKKA_CP007670/PROKKA_CP007670:Gene	CP007670_SCCmec_00047	sccmec_saures_CP007670_l44616:c39909-39235	CP007670_SCCmec_00047
PROKKA_CP007670/PROKKA_CP007670:Gene	copB	sccmec_saures_CP007670_l44616:40401-42425	CP007670_SCCmec_00048
PROKKA_CP007670/PROKKA_CP007670:Gene	mco	sccmec_saures_CP007670_l44616:42440-43873	CP007670_SCCmec_00049
PROKKA_CP007670/PROKKA_CP007670:Gene	CP007670_SCCmec_00050	sccmec_saures_CP007670_l44616:43896-44375	CP007670_SCCmec_00050

FATAL: DiscRep_ALL:MISSING_PROTEIN_ID::50 proteins have invalid IDs.
PROKKA_CP007670/PROKKA_CP007670:sccmec_saures_CP007670_l44616_1 (length 159)
PROKKA_CP007670/PROKKA_CP007670:sccmec_saures_CP007670_l44616_2 (length 431)
PROKKA_CP007670/PROKKA_CP007670:sccmec_saures_CP007670_l44616_3 (length 79)
PROKKA_CP007670/PROKKA_CP007670:sccmec_saures_CP007670_l44616_4 (length 224)
PROKKA_CP007670/PROKKA_CP007670:sccmec_saures_CP007670_l44616_5 (length 55)
PROKKA_CP007670/PROKKA_CP007670:sccmec_saures_CP007670_l44616_6 (length 76)
PROKKA_CP007670/PROKKA_CP007670:sccmec_saures_CP007670_l44616_7 (length 247)
PROKKA_CP007670/PROKKA_CP007670:sccmec_saures_CP007670_l44616_8 (length 142)
PROKKA_CP007670/PROKKA_CP007670:sccmec_saures_CP007670_l44616_9 (length 668)
PROKKA_CP007670/PROKKA_CP007670:sccmec_saures_CP007670_l44616_10 (length 294)
PROKKA_CP007670/PROKKA_CP007670:sccmec_saures_CP007670_l44616_11 (length 90)
PROKKA_CP007670/PROKKA_CP007670:sccmec_saures_CP007670_l44616_12 (length 365)
PROKKA_CP007670/PROKKA_CP007670:sccmec_saures_CP007670_l44616_13 (length 125)
PROKKA_CP007670/PROKKA_CP007670:sccmec_saures_CP007670_l44616_14 (length 169)
PROKKA_CP007670/PROKKA_CP007670:sccmec_saures_CP007670_l44616_15 (length 103)
PROKKA_CP007670/PROKKA_CP007670:sccmec_saures_CP007670_l44616_16 (length 116)
PROKKA_CP007670/PROKKA_CP007670:sccmec_saures_CP007670_l44616_17 (length 542)
PROKKA_CP007670/PROKKA_CP007670:sccmec_saures_CP007670_l44616_18 (length 455)
PROKKA_CP007670/PROKKA_CP007670:sccmec_saures_CP007670_l44616_19 (length 595)
PROKKA_CP007670/PROKKA_CP007670:sccmec_saures_CP007670_l44616_20 (length 98)
PROKKA_CP007670/PROKKA_CP007670:sccmec_saures_CP007670_l44616_21 (length 348)
PROKKA_CP007670/PROKKA_CP007670:sccmec_saures_CP007670_l44616_22 (length 384)
PROKKA_CP007670/PROKKA_CP007670:sccmec_saures_CP007670_l44616_23 (length 266)
PROKKA_CP007670/PROKKA_CP007670:sccmec_saures_CP007670_l44616_24 (length 108)
PROKKA_CP007670/PROKKA_CP007670:sccmec_saures_CP007670_l44616_25 (length 277)
PROKKA_CP007670/PROKKA_CP007670:sccmec_saures_CP007670_l44616_26 (length 54)
PROKKA_CP007670/PROKKA_CP007670:sccmec_saures_CP007670_l44616_27 (length 257)
PROKKA_CP007670/PROKKA_CP007670:sccmec_saures_CP007670_l44616_28 (length 122)
PROKKA_CP007670/PROKKA_CP007670:sccmec_saures_CP007670_l44616_29 (length 356)
PROKKA_CP007670/PROKKA_CP007670:sccmec_saures_CP007670_l44616_30 (length 288)
PROKKA_CP007670/PROKKA_CP007670:sccmec_saures_CP007670_l44616_31 (length 149)
PROKKA_CP007670/PROKKA_CP007670:sccmec_saures_CP007670_l44616_32 (length 228)
PROKKA_CP007670/PROKKA_CP007670:sccmec_saures_CP007670_l44616_33 (length 47)
PROKKA_CP007670/PROKKA_CP007670:sccmec_saures_CP007670_l44616_34 (length 122)
PROKKA_CP007670/PROKKA_CP007670:sccmec_saures_CP007670_l44616_35 (length 245)
PROKKA_CP007670/PROKKA_CP007670:sccmec_saures_CP007670_l44616_36 (length 224)
PROKKA_CP007670/PROKKA_CP007670:sccmec_saures_CP007670_l44616_37 (length 453)
PROKKA_CP007670/PROKKA_CP007670:sccmec_saures_CP007670_l44616_38 (length 135)
PROKKA_CP007670/PROKKA_CP007670:sccmec_saures_CP007670_l44616_39 (length 117)
PROKKA_CP007670/PROKKA_CP007670:sccmec_saures_CP007670_l44616_40 (length 226)
PROKKA_CP007670/PROKKA_CP007670:sccmec_saures_CP007670_l44616_41 (length 111)
PROKKA_CP007670/PROKKA_CP007670:sccmec_saures_CP007670_l44616_42 (length 547)
PROKKA_CP007670/PROKKA_CP007670:sccmec_saures_CP007670_l44616_43 (length 216)
PROKKA_CP007670/PROKKA_CP007670:sccmec_saures_CP007670_l44616_44 (length 182)
PROKKA_CP007670/PROKKA_CP007670:sccmec_saures_CP007670_l44616_45 (length 85)
PROKKA_CP007670/PROKKA_CP007670:sccmec_saures_CP007670_l44616_46 (length 93)
PROKKA_CP007670/PROKKA_CP007670:sccmec_saures_CP007670_l44616_47 (length 224)
PROKKA_CP007670/PROKKA_CP007670:sccmec_saures_CP007670_l44616_48 (length 674)
PROKKA_CP007670/PROKKA_CP007670:sccmec_saures_CP007670_l44616_49 (length 477)
PROKKA_CP007670/PROKKA_CP007670:sccmec_saures_CP007670_l44616_50 (length 159)

DiscRep_ALL:DISC_SOURCE_QUALS_ASNDISC::strain (all present, all unique)
DiscRep_SUB:DISC_SOURCE_QUALS_ASNDISC::1 sources have unique values for strain
DiscRep_ALL:DISC_SOURCE_QUALS_ASNDISC::taxname (all present, all unique)
DiscRep_SUB:DISC_SOURCE_QUALS_ASNDISC::1 sources have unique values for taxname
DiscRep_ALL:DISC_FEATURE_COUNT::gene: 50 present
DiscRep_ALL:DISC_FEATURE_COUNT::CDS: 50 present
DiscRep_ALL:DISC_FEATURE_COUNT::mRNA: 50 present
DiscRep_ALL:DISC_COUNT_NUCLEOTIDES::1 nucleotide Bioseqs are present
PROKKA_CP007670/PROKKA_CP007670:sccmec_saures_CP007670_l44616 (length 44616)

DiscRep_ALL:OVERLAPPING_GENES::8 genes overlap another gene on the same strand.
PROKKA_CP007670/PROKKA_CP007670:Gene	mecR1	sccmec_saures_CP007670_l44616:8122-9006	CP007670_SCCmec_00010
PROKKA_CP007670/PROKKA_CP007670:Gene	CP007670_SCCmec_00011	sccmec_saures_CP007670_l44616:8966-9238	CP007670_SCCmec_00011
PROKKA_CP007670/PROKKA_CP007670:Gene	CP007670_SCCmec_00019	sccmec_saures_CP007670_l44616:c17699-15912	CP007670_SCCmec_00019
PROKKA_CP007670/PROKKA_CP007670:Gene	CP007670_SCCmec_00020	sccmec_saures_CP007670_l44616:c17995-17699	CP007670_SCCmec_00020
PROKKA_CP007670/PROKKA_CP007670:Gene	gltR	sccmec_saures_CP007670_l44616:c27347-26481	CP007670_SCCmec_00030
PROKKA_CP007670/PROKKA_CP007670:Gene	CP007670_SCCmec_00031	sccmec_saures_CP007670_l44616:c27783-27334	CP007670_SCCmec_00031
PROKKA_CP007670/PROKKA_CP007670:Gene	stoA	sccmec_saures_CP007670_l44616:33772-34125	CP007670_SCCmec_00039
PROKKA_CP007670/PROKKA_CP007670:Gene	CP007670_SCCmec_00040	sccmec_saures_CP007670_l44616:34122-34802	CP007670_SCCmec_00040

DiscRep_ALL:DISC_QUALITY_SCORES::Quality scores are missing on all sequences.

DiscRep_ALL:ONCALLER_COMMENT_PRESENT::1 comment descriptors were found (all same)
PROKKA_CP007670/PROKKA_CP007670:sccmec_saures_CP007670_l44616:Annotated using prokka 1.12 from https://github.com/tseemann/prokka

DiscRep_ALL:SHORT_PROT_SEQUENCES::1 protein sequences are shorter than 50 aa.
PROKKA_CP007670/PROKKA_CP007670:sccmec_saures_CP007670_l44616_33 (length 47)

DiscRep_ALL:MISSING_GENOMEASSEMBLY_COMMENTS::1 bioseqs are missing GenomeAssembly structured comments
PROKKA_CP007670/PROKKA_CP007670:sccmec_saures_CP007670_l44616 (length 44616)

DiscRep_ALL:MOLTYPE_NOT_MRNA::1 molecule types are not set as mRNA.
PROKKA_CP007670/PROKKA_CP007670:sccmec_saures_CP007670_l44616 (length 44616)

DiscRep_ALL:TECHNIQUE_NOT_TSA::1 technique are not set as TSA
PROKKA_CP007670/PROKKA_CP007670:sccmec_saures_CP007670_l44616 (length 44616)

DiscRep_ALL:MISSING_STRUCTURED_COMMENT::1 sequences do not include structured comments.
PROKKA_CP007670/PROKKA_CP007670:sccmec_saures_CP007670_l44616 (length 44616)

DiscRep_ALL:MISSING_PROJECT::51 sequences do not include project.
PROKKA_CP007670/PROKKA_CP007670:sccmec_saures_CP007670_l44616 (length 44616)
PROKKA_CP007670/PROKKA_CP007670:sccmec_saures_CP007670_l44616_1 (length 159)
PROKKA_CP007670/PROKKA_CP007670:sccmec_saures_CP007670_l44616_2 (length 431)
PROKKA_CP007670/PROKKA_CP007670:sccmec_saures_CP007670_l44616_3 (length 79)
PROKKA_CP007670/PROKKA_CP007670:sccmec_saures_CP007670_l44616_4 (length 224)
PROKKA_CP007670/PROKKA_CP007670:sccmec_saures_CP007670_l44616_5 (length 55)
PROKKA_CP007670/PROKKA_CP007670:sccmec_saures_CP007670_l44616_6 (length 76)
PROKKA_CP007670/PROKKA_CP007670:sccmec_saures_CP007670_l44616_7 (length 247)
PROKKA_CP007670/PROKKA_CP007670:sccmec_saures_CP007670_l44616_8 (length 142)
PROKKA_CP007670/PROKKA_CP007670:sccmec_saures_CP007670_l44616_9 (length 668)
PROKKA_CP007670/PROKKA_CP007670:sccmec_saures_CP007670_l44616_10 (length 294)
PROKKA_CP007670/PROKKA_CP007670:sccmec_saures_CP007670_l44616_11 (length 90)
PROKKA_CP007670/PROKKA_CP007670:sccmec_saures_CP007670_l44616_12 (length 365)
PROKKA_CP007670/PROKKA_CP007670:sccmec_saures_CP007670_l44616_13 (length 125)
PROKKA_CP007670/PROKKA_CP007670:sccmec_saures_CP007670_l44616_14 (length 169)
PROKKA_CP007670/PROKKA_CP007670:sccmec_saures_CP007670_l44616_15 (length 103)
PROKKA_CP007670/PROKKA_CP007670:sccmec_saures_CP007670_l44616_16 (length 116)
PROKKA_CP007670/PROKKA_CP007670:sccmec_saures_CP007670_l44616_17 (length 542)
PROKKA_CP007670/PROKKA_CP007670:sccmec_saures_CP007670_l44616_18 (length 455)
PROKKA_CP007670/PROKKA_CP007670:sccmec_saures_CP007670_l44616_19 (length 595)
PROKKA_CP007670/PROKKA_CP007670:sccmec_saures_CP007670_l44616_20 (length 98)
PROKKA_CP007670/PROKKA_CP007670:sccmec_saures_CP007670_l44616_21 (length 348)
PROKKA_CP007670/PROKKA_CP007670:sccmec_saures_CP007670_l44616_22 (length 384)
PROKKA_CP007670/PROKKA_CP007670:sccmec_saures_CP007670_l44616_23 (length 266)
PROKKA_CP007670/PROKKA_CP007670:sccmec_saures_CP007670_l44616_24 (length 108)
PROKKA_CP007670/PROKKA_CP007670:sccmec_saures_CP007670_l44616_25 (length 277)
PROKKA_CP007670/PROKKA_CP007670:sccmec_saures_CP007670_l44616_26 (length 54)
PROKKA_CP007670/PROKKA_CP007670:sccmec_saures_CP007670_l44616_27 (length 257)
PROKKA_CP007670/PROKKA_CP007670:sccmec_saures_CP007670_l44616_28 (length 122)
PROKKA_CP007670/PROKKA_CP007670:sccmec_saures_CP007670_l44616_29 (length 356)
PROKKA_CP007670/PROKKA_CP007670:sccmec_saures_CP007670_l44616_30 (length 288)
PROKKA_CP007670/PROKKA_CP007670:sccmec_saures_CP007670_l44616_31 (length 149)
PROKKA_CP007670/PROKKA_CP007670:sccmec_saures_CP007670_l44616_32 (length 228)
PROKKA_CP007670/PROKKA_CP007670:sccmec_saures_CP007670_l44616_33 (length 47)
PROKKA_CP007670/PROKKA_CP007670:sccmec_saures_CP007670_l44616_34 (length 122)
PROKKA_CP007670/PROKKA_CP007670:sccmec_saures_CP007670_l44616_35 (length 245)
PROKKA_CP007670/PROKKA_CP007670:sccmec_saures_CP007670_l44616_36 (length 224)
PROKKA_CP007670/PROKKA_CP007670:sccmec_saures_CP007670_l44616_37 (length 453)
PROKKA_CP007670/PROKKA_CP007670:sccmec_saures_CP007670_l44616_38 (length 135)
PROKKA_CP007670/PROKKA_CP007670:sccmec_saures_CP007670_l44616_39 (length 117)
PROKKA_CP007670/PROKKA_CP007670:sccmec_saures_CP007670_l44616_40 (length 226)
PROKKA_CP007670/PROKKA_CP007670:sccmec_saures_CP007670_l44616_41 (length 111)
PROKKA_CP007670/PROKKA_CP007670:sccmec_saures_CP007670_l44616_42 (length 547)
PROKKA_CP007670/PROKKA_CP007670:sccmec_saures_CP007670_l44616_43 (length 216)
PROKKA_CP007670/PROKKA_CP007670:sccmec_saures_CP007670_l44616_44 (length 182)
PROKKA_CP007670/PROKKA_CP007670:sccmec_saures_CP007670_l44616_45 (length 85)
PROKKA_CP007670/PROKKA_CP007670:sccmec_saures_CP007670_l44616_46 (length 93)
PROKKA_CP007670/PROKKA_CP007670:sccmec_saures_CP007670_l44616_47 (length 224)
PROKKA_CP007670/PROKKA_CP007670:sccmec_saures_CP007670_l44616_48 (length 674)
PROKKA_CP007670/PROKKA_CP007670:sccmec_saures_CP007670_l44616_49 (length 477)
PROKKA_CP007670/PROKKA_CP007670:sccmec_saures_CP007670_l44616_50 (length 159)

DiscRep_ALL:DISC_INCONSISTENT_MOLINFO_TECH::Molinfo Technique Report (some missing, all same)
DiscRep_SUB:DISC_INCONSISTENT_MOLINFO_TECH::technique (all missing)
DiscRep_SUB:DISC_INCONSISTENT_MOLINFO_TECH::1 Molinfos are missing field technique
PROKKA_CP007670/PROKKA_CP007670:sccmec_saures_CP007670_l44616 (length 44616)

