Discrepancy Report Results

Summary
FATAL: BAD_LOCUS_TAG_FORMAT:56 locus tags are incorrectly formatted.
FATAL: MISSING_PROTEIN_ID:56 proteins have invalid IDs.
DISC_SOURCE_QUALS_ASNDISC:strain (all present, all unique)
DISC_SOURCE_QUALS_ASNDISC:taxname (all present, all unique)
DISC_FEATURE_COUNT:gene: 56 present
DISC_FEATURE_COUNT:CDS: 56 present
DISC_FEATURE_COUNT:mRNA: 56 present
DISC_COUNT_NUCLEOTIDES:1 nucleotide Bioseqs are present
OVERLAPPING_GENES:14 genes overlap another gene on the same strand.
DISC_QUALITY_SCORES:Quality scores are missing on all sequences.
ONCALLER_COMMENT_PRESENT:1 comment descriptors were found (all same)
SHORT_PROT_SEQUENCES:2 protein sequences are shorter than 50 aa.
MISSING_GENOMEASSEMBLY_COMMENTS:1 bioseqs are missing GenomeAssembly structured comments
MOLTYPE_NOT_MRNA:1 molecule types are not set as mRNA.
TECHNIQUE_NOT_TSA:1 technique are not set as TSA
MISSING_STRUCTURED_COMMENT:1 sequences do not include structured comments.
MISSING_PROJECT:57 sequences do not include project.
DISC_INCONSISTENT_MOLINFO_TECH:Molinfo Technique Report (some missing, all same)


Detailed Report

FATAL: DiscRep_ALL:BAD_LOCUS_TAG_FORMAT::56 locus tags are incorrectly formatted.
PROKKA_CP020619/PROKKA_CP020619:Gene	rlmH	sccmec_saures_CP020619_l55157:1-480	CP020619_SCCmec_00001
PROKKA_CP020619/PROKKA_CP020619:Gene	CP020619_SCCmec_00002	sccmec_saures_CP020619_l55157:802-2058	CP020619_SCCmec_00002
PROKKA_CP020619/PROKKA_CP020619:Gene	CP020619_SCCmec_00003	sccmec_saures_CP020619_l55157:c2840-2166	CP020619_SCCmec_00003
PROKKA_CP020619/PROKKA_CP020619:Gene	CP020619_SCCmec_00004	sccmec_saures_CP020619_l55157:3098-3265	CP020619_SCCmec_00004
PROKKA_CP020619/PROKKA_CP020619:Gene	CP020619_SCCmec_00005	sccmec_saures_CP020619_l55157:3363-3593	CP020619_SCCmec_00005
PROKKA_CP020619/PROKKA_CP020619:Gene	ugpQ	sccmec_saures_CP020619_l55157:4102-4845	CP020619_SCCmec_00006
PROKKA_CP020619/PROKKA_CP020619:Gene	paaZ	sccmec_saures_CP020619_l55157:4942-5370	CP020619_SCCmec_00007
PROKKA_CP020619/PROKKA_CP020619:Gene	pbp	sccmec_saures_CP020619_l55157:c7422-5416	CP020619_SCCmec_00008
PROKKA_CP020619/PROKKA_CP020619:Gene	mecR1	sccmec_saures_CP020619_l55157:7625-8509	CP020619_SCCmec_00009
PROKKA_CP020619/PROKKA_CP020619:Gene	CP020619_SCCmec_00010	sccmec_saures_CP020619_l55157:8469-8741	CP020619_SCCmec_00010
PROKKA_CP020619/PROKKA_CP020619:Gene	CP020619_SCCmec_00011	sccmec_saures_CP020619_l55157:c10255-8732	CP020619_SCCmec_00011
PROKKA_CP020619/PROKKA_CP020619:Gene	CP020619_SCCmec_00012	sccmec_saures_CP020619_l55157:c10897-10391	CP020619_SCCmec_00012
PROKKA_CP020619/PROKKA_CP020619:Gene	CP020619_SCCmec_00013	sccmec_saures_CP020619_l55157:c11223-10912	CP020619_SCCmec_00013
PROKKA_CP020619/PROKKA_CP020619:Gene	CP020619_SCCmec_00014	sccmec_saures_CP020619_l55157:c11660-11310	CP020619_SCCmec_00014
PROKKA_CP020619/PROKKA_CP020619:Gene	hin_1	sccmec_saures_CP020619_l55157:c13810-12182	CP020619_SCCmec_00015
PROKKA_CP020619/PROKKA_CP020619:Gene	hin_2	sccmec_saures_CP020619_l55157:c15181-13832	CP020619_SCCmec_00016
PROKKA_CP020619/PROKKA_CP020619:Gene	CP020619_SCCmec_00017	sccmec_saures_CP020619_l55157:c17202-15415	CP020619_SCCmec_00017
PROKKA_CP020619/PROKKA_CP020619:Gene	CP020619_SCCmec_00018	sccmec_saures_CP020619_l55157:c17492-17202	CP020619_SCCmec_00018
PROKKA_CP020619/PROKKA_CP020619:Gene	CP020619_SCCmec_00019	sccmec_saures_CP020619_l55157:17589-18680	CP020619_SCCmec_00019
PROKKA_CP020619/PROKKA_CP020619:Gene	CP020619_SCCmec_00020	sccmec_saures_CP020619_l55157:19353-20843	CP020619_SCCmec_00020
PROKKA_CP020619/PROKKA_CP020619:Gene	gloC	sccmec_saures_CP020619_l55157:c22471-21467	CP020619_SCCmec_00021
PROKKA_CP020619/PROKKA_CP020619:Gene	CP020619_SCCmec_00022	sccmec_saures_CP020619_l55157:22590-22727	CP020619_SCCmec_00022
PROKKA_CP020619/PROKKA_CP020619:Gene	CP020619_SCCmec_00023	sccmec_saures_CP020619_l55157:22724-23095	CP020619_SCCmec_00023
PROKKA_CP020619/PROKKA_CP020619:Gene	CP020619_SCCmec_00024	sccmec_saures_CP020619_l55157:23224-23844	CP020619_SCCmec_00024
PROKKA_CP020619/PROKKA_CP020619:Gene	CP020619_SCCmec_00025	sccmec_saures_CP020619_l55157:c24931-24761	CP020619_SCCmec_00025
PROKKA_CP020619/PROKKA_CP020619:Gene	CP020619_SCCmec_00026	sccmec_saures_CP020619_l55157:25333-26298	CP020619_SCCmec_00026
PROKKA_CP020619/PROKKA_CP020619:Gene	CP020619_SCCmec_00027	sccmec_saures_CP020619_l55157:26678-27007	CP020619_SCCmec_00027
PROKKA_CP020619/PROKKA_CP020619:Gene	CP020619_SCCmec_00028	sccmec_saures_CP020619_l55157:c27443-27084	CP020619_SCCmec_00028
PROKKA_CP020619/PROKKA_CP020619:Gene	CP020619_SCCmec_00029	sccmec_saures_CP020619_l55157:c28823-28014	CP020619_SCCmec_00029
PROKKA_CP020619/PROKKA_CP020619:Gene	CP020619_SCCmec_00030	sccmec_saures_CP020619_l55157:28842-29024	CP020619_SCCmec_00030
PROKKA_CP020619/PROKKA_CP020619:Gene	speG	sccmec_saures_CP020619_l55157:c29832-29335	CP020619_SCCmec_00031
PROKKA_CP020619/PROKKA_CP020619:Gene	adhD	sccmec_saures_CP020619_l55157:30330-31457	CP020619_SCCmec_00032
PROKKA_CP020619/PROKKA_CP020619:Gene	CP020619_SCCmec_00033	sccmec_saures_CP020619_l55157:c31936-31712	CP020619_SCCmec_00033
PROKKA_CP020619/PROKKA_CP020619:Gene	CP020619_SCCmec_00034	sccmec_saures_CP020619_l55157:c32453-31950	CP020619_SCCmec_00034
PROKKA_CP020619/PROKKA_CP020619:Gene	CP020619_SCCmec_00035	sccmec_saures_CP020619_l55157:c32780-32469	CP020619_SCCmec_00035
PROKKA_CP020619/PROKKA_CP020619:Gene	CP020619_SCCmec_00036	sccmec_saures_CP020619_l55157:c32874-32782	CP020619_SCCmec_00036
PROKKA_CP020619/PROKKA_CP020619:Gene	CP020619_SCCmec_00037	sccmec_saures_CP020619_l55157:c33217-32867	CP020619_SCCmec_00037
PROKKA_CP020619/PROKKA_CP020619:Gene	CP020619_SCCmec_00038	sccmec_saures_CP020619_l55157:34174-35025	CP020619_SCCmec_00038
PROKKA_CP020619/PROKKA_CP020619:Gene	arcC1	sccmec_saures_CP020619_l55157:c36054-35125	CP020619_SCCmec_00039
PROKKA_CP020619/PROKKA_CP020619:Gene	argF	sccmec_saures_CP020619_l55157:c37072-36074	CP020619_SCCmec_00040
PROKKA_CP020619/PROKKA_CP020619:Gene	arcR	sccmec_saures_CP020619_l55157:c37799-37110	CP020619_SCCmec_00041
PROKKA_CP020619/PROKKA_CP020619:Gene	arcD	sccmec_saures_CP020619_l55157:c39262-37841	CP020619_SCCmec_00042
PROKKA_CP020619/PROKKA_CP020619:Gene	arcA	sccmec_saures_CP020619_l55157:c40583-39348	CP020619_SCCmec_00043
PROKKA_CP020619/PROKKA_CP020619:Gene	argR	sccmec_saures_CP020619_l55157:c41298-40852	CP020619_SCCmec_00044
PROKKA_CP020619/PROKKA_CP020619:Gene	CP020619_SCCmec_00045	sccmec_saures_CP020619_l55157:41800-42231	CP020619_SCCmec_00045
PROKKA_CP020619/PROKKA_CP020619:Gene	CP020619_SCCmec_00046	sccmec_saures_CP020619_l55157:42504-42749	CP020619_SCCmec_00046
PROKKA_CP020619/PROKKA_CP020619:Gene	CP020619_SCCmec_00047	sccmec_saures_CP020619_l55157:43365-44180	CP020619_SCCmec_00047
PROKKA_CP020619/PROKKA_CP020619:Gene	CP020619_SCCmec_00048	sccmec_saures_CP020619_l55157:44607-45680	CP020619_SCCmec_00048
PROKKA_CP020619/PROKKA_CP020619:Gene	cmoB	sccmec_saures_CP020619_l55157:45940-46632	CP020619_SCCmec_00049
PROKKA_CP020619/PROKKA_CP020619:Gene	nikA	sccmec_saures_CP020619_l55157:46629-48182	CP020619_SCCmec_00050
PROKKA_CP020619/PROKKA_CP020619:Gene	nikB	sccmec_saures_CP020619_l55157:48185-49141	CP020619_SCCmec_00051
PROKKA_CP020619/PROKKA_CP020619:Gene	gsiD	sccmec_saures_CP020619_l55157:49141-49908	CP020619_SCCmec_00052
PROKKA_CP020619/PROKKA_CP020619:Gene	oppD	sccmec_saures_CP020619_l55157:49875-50642	CP020619_SCCmec_00053
PROKKA_CP020619/PROKKA_CP020619:Gene	nikE	sccmec_saures_CP020619_l55157:50635-51270	CP020619_SCCmec_00054
PROKKA_CP020619/PROKKA_CP020619:Gene	copB	sccmec_saures_CP020619_l55157:52230-54353	CP020619_SCCmec_00055
PROKKA_CP020619/PROKKA_CP020619:Gene	CP020619_SCCmec_00056	sccmec_saures_CP020619_l55157:54371-54916	CP020619_SCCmec_00056

FATAL: DiscRep_ALL:MISSING_PROTEIN_ID::56 proteins have invalid IDs.
PROKKA_CP020619/PROKKA_CP020619:sccmec_saures_CP020619_l55157_1 (length 159)
PROKKA_CP020619/PROKKA_CP020619:sccmec_saures_CP020619_l55157_2 (length 418)
PROKKA_CP020619/PROKKA_CP020619:sccmec_saures_CP020619_l55157_3 (length 224)
PROKKA_CP020619/PROKKA_CP020619:sccmec_saures_CP020619_l55157_4 (length 55)
PROKKA_CP020619/PROKKA_CP020619:sccmec_saures_CP020619_l55157_5 (length 76)
PROKKA_CP020619/PROKKA_CP020619:sccmec_saures_CP020619_l55157_6 (length 247)
PROKKA_CP020619/PROKKA_CP020619:sccmec_saures_CP020619_l55157_7 (length 142)
PROKKA_CP020619/PROKKA_CP020619:sccmec_saures_CP020619_l55157_8 (length 668)
PROKKA_CP020619/PROKKA_CP020619:sccmec_saures_CP020619_l55157_9 (length 294)
PROKKA_CP020619/PROKKA_CP020619:sccmec_saures_CP020619_l55157_10 (length 90)
PROKKA_CP020619/PROKKA_CP020619:sccmec_saures_CP020619_l55157_11 (length 507)
PROKKA_CP020619/PROKKA_CP020619:sccmec_saures_CP020619_l55157_12 (length 168)
PROKKA_CP020619/PROKKA_CP020619:sccmec_saures_CP020619_l55157_13 (length 103)
PROKKA_CP020619/PROKKA_CP020619:sccmec_saures_CP020619_l55157_14 (length 116)
PROKKA_CP020619/PROKKA_CP020619:sccmec_saures_CP020619_l55157_15 (length 542)
PROKKA_CP020619/PROKKA_CP020619:sccmec_saures_CP020619_l55157_16 (length 449)
PROKKA_CP020619/PROKKA_CP020619:sccmec_saures_CP020619_l55157_17 (length 595)
PROKKA_CP020619/PROKKA_CP020619:sccmec_saures_CP020619_l55157_18 (length 96)
PROKKA_CP020619/PROKKA_CP020619:sccmec_saures_CP020619_l55157_19 (length 363)
PROKKA_CP020619/PROKKA_CP020619:sccmec_saures_CP020619_l55157_20 (length 496)
PROKKA_CP020619/PROKKA_CP020619:sccmec_saures_CP020619_l55157_21 (length 334)
PROKKA_CP020619/PROKKA_CP020619:sccmec_saures_CP020619_l55157_22 (length 45)
PROKKA_CP020619/PROKKA_CP020619:sccmec_saures_CP020619_l55157_23 (length 123)
PROKKA_CP020619/PROKKA_CP020619:sccmec_saures_CP020619_l55157_24 (length 206)
PROKKA_CP020619/PROKKA_CP020619:sccmec_saures_CP020619_l55157_25 (length 56)
PROKKA_CP020619/PROKKA_CP020619:sccmec_saures_CP020619_l55157_26 (length 321)
PROKKA_CP020619/PROKKA_CP020619:sccmec_saures_CP020619_l55157_27 (length 109)
PROKKA_CP020619/PROKKA_CP020619:sccmec_saures_CP020619_l55157_28 (length 119)
PROKKA_CP020619/PROKKA_CP020619:sccmec_saures_CP020619_l55157_29 (length 269)
PROKKA_CP020619/PROKKA_CP020619:sccmec_saures_CP020619_l55157_30 (length 60)
PROKKA_CP020619/PROKKA_CP020619:sccmec_saures_CP020619_l55157_31 (length 165)
PROKKA_CP020619/PROKKA_CP020619:sccmec_saures_CP020619_l55157_32 (length 375)
PROKKA_CP020619/PROKKA_CP020619:sccmec_saures_CP020619_l55157_33 (length 74)
PROKKA_CP020619/PROKKA_CP020619:sccmec_saures_CP020619_l55157_34 (length 167)
PROKKA_CP020619/PROKKA_CP020619:sccmec_saures_CP020619_l55157_35 (length 103)
PROKKA_CP020619/PROKKA_CP020619:sccmec_saures_CP020619_l55157_36 (length 30)
PROKKA_CP020619/PROKKA_CP020619:sccmec_saures_CP020619_l55157_37 (length 116)
PROKKA_CP020619/PROKKA_CP020619:sccmec_saures_CP020619_l55157_38 (length 283)
PROKKA_CP020619/PROKKA_CP020619:sccmec_saures_CP020619_l55157_39 (length 309)
PROKKA_CP020619/PROKKA_CP020619:sccmec_saures_CP020619_l55157_40 (length 332)
PROKKA_CP020619/PROKKA_CP020619:sccmec_saures_CP020619_l55157_41 (length 229)
PROKKA_CP020619/PROKKA_CP020619:sccmec_saures_CP020619_l55157_42 (length 473)
PROKKA_CP020619/PROKKA_CP020619:sccmec_saures_CP020619_l55157_43 (length 411)
PROKKA_CP020619/PROKKA_CP020619:sccmec_saures_CP020619_l55157_44 (length 148)
PROKKA_CP020619/PROKKA_CP020619:sccmec_saures_CP020619_l55157_45 (length 143)
PROKKA_CP020619/PROKKA_CP020619:sccmec_saures_CP020619_l55157_46 (length 81)
PROKKA_CP020619/PROKKA_CP020619:sccmec_saures_CP020619_l55157_47 (length 271)
PROKKA_CP020619/PROKKA_CP020619:sccmec_saures_CP020619_l55157_48 (length 357)
PROKKA_CP020619/PROKKA_CP020619:sccmec_saures_CP020619_l55157_49 (length 230)
PROKKA_CP020619/PROKKA_CP020619:sccmec_saures_CP020619_l55157_50 (length 517)
PROKKA_CP020619/PROKKA_CP020619:sccmec_saures_CP020619_l55157_51 (length 318)
PROKKA_CP020619/PROKKA_CP020619:sccmec_saures_CP020619_l55157_52 (length 255)
PROKKA_CP020619/PROKKA_CP020619:sccmec_saures_CP020619_l55157_53 (length 255)
PROKKA_CP020619/PROKKA_CP020619:sccmec_saures_CP020619_l55157_54 (length 211)
PROKKA_CP020619/PROKKA_CP020619:sccmec_saures_CP020619_l55157_55 (length 707)
PROKKA_CP020619/PROKKA_CP020619:sccmec_saures_CP020619_l55157_56 (length 181)

DiscRep_ALL:DISC_SOURCE_QUALS_ASNDISC::strain (all present, all unique)
DiscRep_SUB:DISC_SOURCE_QUALS_ASNDISC::1 sources have unique values for strain
DiscRep_ALL:DISC_SOURCE_QUALS_ASNDISC::taxname (all present, all unique)
DiscRep_SUB:DISC_SOURCE_QUALS_ASNDISC::1 sources have unique values for taxname
DiscRep_ALL:DISC_FEATURE_COUNT::gene: 56 present
DiscRep_ALL:DISC_FEATURE_COUNT::CDS: 56 present
DiscRep_ALL:DISC_FEATURE_COUNT::mRNA: 56 present
DiscRep_ALL:DISC_COUNT_NUCLEOTIDES::1 nucleotide Bioseqs are present
PROKKA_CP020619/PROKKA_CP020619:sccmec_saures_CP020619_l55157 (length 55157)

DiscRep_ALL:OVERLAPPING_GENES::14 genes overlap another gene on the same strand.
PROKKA_CP020619/PROKKA_CP020619:Gene	mecR1	sccmec_saures_CP020619_l55157:7625-8509	CP020619_SCCmec_00009
PROKKA_CP020619/PROKKA_CP020619:Gene	CP020619_SCCmec_00010	sccmec_saures_CP020619_l55157:8469-8741	CP020619_SCCmec_00010
PROKKA_CP020619/PROKKA_CP020619:Gene	CP020619_SCCmec_00017	sccmec_saures_CP020619_l55157:c17202-15415	CP020619_SCCmec_00017
PROKKA_CP020619/PROKKA_CP020619:Gene	CP020619_SCCmec_00018	sccmec_saures_CP020619_l55157:c17492-17202	CP020619_SCCmec_00018
PROKKA_CP020619/PROKKA_CP020619:Gene	CP020619_SCCmec_00022	sccmec_saures_CP020619_l55157:22590-22727	CP020619_SCCmec_00022
PROKKA_CP020619/PROKKA_CP020619:Gene	CP020619_SCCmec_00023	sccmec_saures_CP020619_l55157:22724-23095	CP020619_SCCmec_00023
PROKKA_CP020619/PROKKA_CP020619:Gene	CP020619_SCCmec_00036	sccmec_saures_CP020619_l55157:c32874-32782	CP020619_SCCmec_00036
PROKKA_CP020619/PROKKA_CP020619:Gene	CP020619_SCCmec_00037	sccmec_saures_CP020619_l55157:c33217-32867	CP020619_SCCmec_00037
PROKKA_CP020619/PROKKA_CP020619:Gene	cmoB	sccmec_saures_CP020619_l55157:45940-46632	CP020619_SCCmec_00049
PROKKA_CP020619/PROKKA_CP020619:Gene	nikA	sccmec_saures_CP020619_l55157:46629-48182	CP020619_SCCmec_00050
PROKKA_CP020619/PROKKA_CP020619:Gene	nikB	sccmec_saures_CP020619_l55157:48185-49141	CP020619_SCCmec_00051
PROKKA_CP020619/PROKKA_CP020619:Gene	gsiD	sccmec_saures_CP020619_l55157:49141-49908	CP020619_SCCmec_00052
PROKKA_CP020619/PROKKA_CP020619:Gene	oppD	sccmec_saures_CP020619_l55157:49875-50642	CP020619_SCCmec_00053
PROKKA_CP020619/PROKKA_CP020619:Gene	nikE	sccmec_saures_CP020619_l55157:50635-51270	CP020619_SCCmec_00054

DiscRep_ALL:DISC_QUALITY_SCORES::Quality scores are missing on all sequences.

DiscRep_ALL:ONCALLER_COMMENT_PRESENT::1 comment descriptors were found (all same)
PROKKA_CP020619/PROKKA_CP020619:sccmec_saures_CP020619_l55157:Annotated using prokka 1.12 from https://github.com/tseemann/prokka

DiscRep_ALL:SHORT_PROT_SEQUENCES::2 protein sequences are shorter than 50 aa.
PROKKA_CP020619/PROKKA_CP020619:sccmec_saures_CP020619_l55157_22 (length 45)
PROKKA_CP020619/PROKKA_CP020619:sccmec_saures_CP020619_l55157_36 (length 30)

DiscRep_ALL:MISSING_GENOMEASSEMBLY_COMMENTS::1 bioseqs are missing GenomeAssembly structured comments
PROKKA_CP020619/PROKKA_CP020619:sccmec_saures_CP020619_l55157 (length 55157)

DiscRep_ALL:MOLTYPE_NOT_MRNA::1 molecule types are not set as mRNA.
PROKKA_CP020619/PROKKA_CP020619:sccmec_saures_CP020619_l55157 (length 55157)

DiscRep_ALL:TECHNIQUE_NOT_TSA::1 technique are not set as TSA
PROKKA_CP020619/PROKKA_CP020619:sccmec_saures_CP020619_l55157 (length 55157)

DiscRep_ALL:MISSING_STRUCTURED_COMMENT::1 sequences do not include structured comments.
PROKKA_CP020619/PROKKA_CP020619:sccmec_saures_CP020619_l55157 (length 55157)

DiscRep_ALL:MISSING_PROJECT::57 sequences do not include project.
PROKKA_CP020619/PROKKA_CP020619:sccmec_saures_CP020619_l55157 (length 55157)
PROKKA_CP020619/PROKKA_CP020619:sccmec_saures_CP020619_l55157_1 (length 159)
PROKKA_CP020619/PROKKA_CP020619:sccmec_saures_CP020619_l55157_2 (length 418)
PROKKA_CP020619/PROKKA_CP020619:sccmec_saures_CP020619_l55157_3 (length 224)
PROKKA_CP020619/PROKKA_CP020619:sccmec_saures_CP020619_l55157_4 (length 55)
PROKKA_CP020619/PROKKA_CP020619:sccmec_saures_CP020619_l55157_5 (length 76)
PROKKA_CP020619/PROKKA_CP020619:sccmec_saures_CP020619_l55157_6 (length 247)
PROKKA_CP020619/PROKKA_CP020619:sccmec_saures_CP020619_l55157_7 (length 142)
PROKKA_CP020619/PROKKA_CP020619:sccmec_saures_CP020619_l55157_8 (length 668)
PROKKA_CP020619/PROKKA_CP020619:sccmec_saures_CP020619_l55157_9 (length 294)
PROKKA_CP020619/PROKKA_CP020619:sccmec_saures_CP020619_l55157_10 (length 90)
PROKKA_CP020619/PROKKA_CP020619:sccmec_saures_CP020619_l55157_11 (length 507)
PROKKA_CP020619/PROKKA_CP020619:sccmec_saures_CP020619_l55157_12 (length 168)
PROKKA_CP020619/PROKKA_CP020619:sccmec_saures_CP020619_l55157_13 (length 103)
PROKKA_CP020619/PROKKA_CP020619:sccmec_saures_CP020619_l55157_14 (length 116)
PROKKA_CP020619/PROKKA_CP020619:sccmec_saures_CP020619_l55157_15 (length 542)
PROKKA_CP020619/PROKKA_CP020619:sccmec_saures_CP020619_l55157_16 (length 449)
PROKKA_CP020619/PROKKA_CP020619:sccmec_saures_CP020619_l55157_17 (length 595)
PROKKA_CP020619/PROKKA_CP020619:sccmec_saures_CP020619_l55157_18 (length 96)
PROKKA_CP020619/PROKKA_CP020619:sccmec_saures_CP020619_l55157_19 (length 363)
PROKKA_CP020619/PROKKA_CP020619:sccmec_saures_CP020619_l55157_20 (length 496)
PROKKA_CP020619/PROKKA_CP020619:sccmec_saures_CP020619_l55157_21 (length 334)
PROKKA_CP020619/PROKKA_CP020619:sccmec_saures_CP020619_l55157_22 (length 45)
PROKKA_CP020619/PROKKA_CP020619:sccmec_saures_CP020619_l55157_23 (length 123)
PROKKA_CP020619/PROKKA_CP020619:sccmec_saures_CP020619_l55157_24 (length 206)
PROKKA_CP020619/PROKKA_CP020619:sccmec_saures_CP020619_l55157_25 (length 56)
PROKKA_CP020619/PROKKA_CP020619:sccmec_saures_CP020619_l55157_26 (length 321)
PROKKA_CP020619/PROKKA_CP020619:sccmec_saures_CP020619_l55157_27 (length 109)
PROKKA_CP020619/PROKKA_CP020619:sccmec_saures_CP020619_l55157_28 (length 119)
PROKKA_CP020619/PROKKA_CP020619:sccmec_saures_CP020619_l55157_29 (length 269)
PROKKA_CP020619/PROKKA_CP020619:sccmec_saures_CP020619_l55157_30 (length 60)
PROKKA_CP020619/PROKKA_CP020619:sccmec_saures_CP020619_l55157_31 (length 165)
PROKKA_CP020619/PROKKA_CP020619:sccmec_saures_CP020619_l55157_32 (length 375)
PROKKA_CP020619/PROKKA_CP020619:sccmec_saures_CP020619_l55157_33 (length 74)
PROKKA_CP020619/PROKKA_CP020619:sccmec_saures_CP020619_l55157_34 (length 167)
PROKKA_CP020619/PROKKA_CP020619:sccmec_saures_CP020619_l55157_35 (length 103)
PROKKA_CP020619/PROKKA_CP020619:sccmec_saures_CP020619_l55157_36 (length 30)
PROKKA_CP020619/PROKKA_CP020619:sccmec_saures_CP020619_l55157_37 (length 116)
PROKKA_CP020619/PROKKA_CP020619:sccmec_saures_CP020619_l55157_38 (length 283)
PROKKA_CP020619/PROKKA_CP020619:sccmec_saures_CP020619_l55157_39 (length 309)
PROKKA_CP020619/PROKKA_CP020619:sccmec_saures_CP020619_l55157_40 (length 332)
PROKKA_CP020619/PROKKA_CP020619:sccmec_saures_CP020619_l55157_41 (length 229)
PROKKA_CP020619/PROKKA_CP020619:sccmec_saures_CP020619_l55157_42 (length 473)
PROKKA_CP020619/PROKKA_CP020619:sccmec_saures_CP020619_l55157_43 (length 411)
PROKKA_CP020619/PROKKA_CP020619:sccmec_saures_CP020619_l55157_44 (length 148)
PROKKA_CP020619/PROKKA_CP020619:sccmec_saures_CP020619_l55157_45 (length 143)
PROKKA_CP020619/PROKKA_CP020619:sccmec_saures_CP020619_l55157_46 (length 81)
PROKKA_CP020619/PROKKA_CP020619:sccmec_saures_CP020619_l55157_47 (length 271)
PROKKA_CP020619/PROKKA_CP020619:sccmec_saures_CP020619_l55157_48 (length 357)
PROKKA_CP020619/PROKKA_CP020619:sccmec_saures_CP020619_l55157_49 (length 230)
PROKKA_CP020619/PROKKA_CP020619:sccmec_saures_CP020619_l55157_50 (length 517)
PROKKA_CP020619/PROKKA_CP020619:sccmec_saures_CP020619_l55157_51 (length 318)
PROKKA_CP020619/PROKKA_CP020619:sccmec_saures_CP020619_l55157_52 (length 255)
PROKKA_CP020619/PROKKA_CP020619:sccmec_saures_CP020619_l55157_53 (length 255)
PROKKA_CP020619/PROKKA_CP020619:sccmec_saures_CP020619_l55157_54 (length 211)
PROKKA_CP020619/PROKKA_CP020619:sccmec_saures_CP020619_l55157_55 (length 707)
PROKKA_CP020619/PROKKA_CP020619:sccmec_saures_CP020619_l55157_56 (length 181)

DiscRep_ALL:DISC_INCONSISTENT_MOLINFO_TECH::Molinfo Technique Report (some missing, all same)
DiscRep_SUB:DISC_INCONSISTENT_MOLINFO_TECH::technique (all missing)
DiscRep_SUB:DISC_INCONSISTENT_MOLINFO_TECH::1 Molinfos are missing field technique
PROKKA_CP020619/PROKKA_CP020619:sccmec_saures_CP020619_l55157 (length 55157)

