[17:11:29] This is prokka 1.12
[17:11:29] Written by Torsten Seemann <torsten.seemann@gmail.com>
[17:11:29] Homepage is https://github.com/tseemann/prokka
[17:11:29] Local time is Mon May 15 17:11:29 2017
[17:11:29] You are fsepulveda
[17:11:29] Operating system is linux
[17:11:29] You have BioPerl 1.006924
[17:11:29] System has 4 cores.
[17:11:29] Option --cpu asked for 8 cores, but system only has 4
[17:11:29] Will use maximum of 4 cores.
[17:11:29] Annotating as >>> Bacteria <<<
[17:11:29] Creating new output folder: PROKKA_NC_002952
[17:11:29] Running: mkdir -p PROKKA_NC_002952
[17:11:29] Using filename prefix: PROKKA_NC_002952.XXX
[17:11:29] Setting HMMER_NCPU=1
[17:11:29] Writing log to: PROKKA_NC_002952/PROKKA_NC_002952.log
[17:11:29] Command: /home/fsepulveda/Desktop/tesis/sccmec_classification/prokka-1.12/bin/prokka --genus Staphylococcus --prefix PROKKA_NC_002952 --addgenes --addmrna --locustag NC_002952_SCCmec /home/fsepulveda/Documents/parte2/229_sccmec/sccmec_NC_002952.fasta
[17:11:29] Appending to PATH: /home/fsepulveda/Desktop/tesis/sccmec_classification/prokka-1.12/bin/../binaries/linux
[17:11:29] Appending to PATH: /home/fsepulveda/Desktop/tesis/sccmec_classification/prokka-1.12/bin/../binaries/linux/../common
[17:11:29] Appending to PATH: /home/fsepulveda/Desktop/tesis/sccmec_classification/prokka-1.12/bin
[17:11:29] Looking for 'aragorn' - found /home/fsepulveda/Desktop/tesis/sccmec_classification/prokka-1.12/bin/../binaries/linux/aragorn
[17:11:29] Determined aragorn version is 1.2
[17:11:29] Looking for 'blastp' - found /usr/bin/blastp
[17:11:29] Determined blastp version is 2.2
[17:11:29] Looking for 'cmpress' - found /usr/bin/cmpress
[17:11:29] Determined cmpress version is 1.1
[17:11:29] Looking for 'cmscan' - found /usr/bin/cmscan
[17:11:29] Determined cmscan version is 1.1
[17:11:29] Looking for 'egrep' - found /bin/egrep
[17:11:29] Looking for 'find' - found /usr/bin/find
[17:11:29] Looking for 'grep' - found /bin/grep
[17:11:29] Looking for 'hmmpress' - found /usr/bin/hmmpress
[17:11:29] Determined hmmpress version is 3.1
[17:11:29] Looking for 'hmmscan' - found /usr/bin/hmmscan
[17:11:29] Determined hmmscan version is 3.1
[17:11:29] Looking for 'java' - found /usr/bin/java
[17:11:29] Looking for 'less' - found /usr/bin/less
[17:11:29] Looking for 'makeblastdb' - found /usr/bin/makeblastdb
[17:11:29] Determined makeblastdb version is 2.2
[17:11:29] Looking for 'minced' - found /home/fsepulveda/Desktop/tesis/sccmec_classification/prokka-1.12/bin/../binaries/linux/../common/minced
[17:11:29] Determined minced version is 2.0
[17:11:29] Looking for 'parallel' - found /home/fsepulveda/Desktop/tesis/sccmec_classification/prokka-1.12/bin/../binaries/linux/../common/parallel
[17:11:29] Determined parallel version is 20150122
[17:11:29] Looking for 'prodigal' - found /home/fsepulveda/Desktop/tesis/sccmec_classification/prokka-1.12/bin/../binaries/linux/prodigal
[17:11:29] Determined prodigal version is 2.6
[17:11:29] Looking for 'prokka-genbank_to_fasta_db' - found /home/fsepulveda/Desktop/tesis/sccmec_classification/prokka-1.12/bin/prokka-genbank_to_fasta_db
[17:11:29] Looking for 'sed' - found /bin/sed
[17:11:29] Looking for 'tbl2asn' - found /home/fsepulveda/Desktop/tesis/sccmec_classification/prokka-1.12/bin/../binaries/linux/tbl2asn
[17:11:29] Determined tbl2asn version is 25.3
[17:11:29] Using genetic code table 11.
[17:11:29] Loading and checking input file: /home/fsepulveda/Documents/parte2/229_sccmec/sccmec_NC_002952.fasta
[17:11:29] Wrote 1 contigs totalling 59260 bp.
[17:11:29] Predicting tRNAs and tmRNAs
[17:11:29] Running: aragorn -l -gc11  -w PROKKA_NC_002952\/PROKKA_NC_002952\.fna
[17:11:29] Found 0 tRNAs
[17:11:29] Predicting Ribosomal RNAs
[17:11:29] You need either Barrnap or RNAmmer installed to predict rRNAs!
[17:11:29] Skipping ncRNA search, enable with --rfam if desired.
[17:11:29] Total of 0 tRNA + rRNA features
[17:11:29] Searching for CRISPR repeats
[17:11:29] Found 0 CRISPRs
[17:11:29] Predicting coding sequences
[17:11:29] Contigs total 59260 bp, so using meta mode
[17:11:29] Running: prodigal -i PROKKA_NC_002952\/PROKKA_NC_002952\.fna -c -m -g 11 -p meta -f sco -q
[17:11:29] Found 63 CDS
[17:11:29] Connecting features back to sequences
[17:11:29] Not using genus-specific database. Try --usegenus to enable it.
[17:11:29] Annotating CDS, please be patient.
[17:11:29] Will use 4 CPUs for similarity searching.
[17:11:29] There are still 63 unannotated CDS left (started with 63)
[17:11:29] Will use blast to search against /home/fsepulveda/Desktop/tesis/sccmec_classification/prokka-1.12/bin/../db/kingdom/Bacteria/sprot with 4 CPUs
[17:11:29] Running: cat PROKKA_NC_002952\/sprot\.faa | parallel --gnu --plain -j 4 --block 2097 --recstart '>' --pipe blastp -query - -db /home/fsepulveda/Desktop/tesis/sccmec_classification/prokka-1.12/bin/../db/kingdom/Bacteria/sprot -evalue 1e-06 -num_threads 1 -num_descriptions 1 -num_alignments 1 -seg no > PROKKA_NC_002952\/sprot\.blast 2> /dev/null
[17:11:31] Modify product: Uncharacterized methyltransferase YcgJ => putative methyltransferase YcgJ
[17:11:31] Cleaned 1 /product names
[17:11:31] Deleting unwanted file: PROKKA_NC_002952/sprot.faa
[17:11:31] Deleting unwanted file: PROKKA_NC_002952/sprot.blast
[17:11:31] There are still 35 unannotated CDS left (started with 63)
[17:11:31] Will use hmmer3 to search against /home/fsepulveda/Desktop/tesis/sccmec_classification/prokka-1.12/bin/../db/hmm/HAMAP.hmm with 4 CPUs
[17:11:31] Running: cat PROKKA_NC_002952\/HAMAP\.hmm\.faa | parallel --gnu --plain -j 4 --block 870 --recstart '>' --pipe hmmscan --noali --notextw --acc -E 1e-06 --cpu 1 /home/fsepulveda/Desktop/tesis/sccmec_classification/prokka-1.12/bin/../db/hmm/HAMAP.hmm /dev/stdin > PROKKA_NC_002952\/HAMAP\.hmm\.hmmer3 2> /dev/null
[17:11:32] Deleting unwanted file: PROKKA_NC_002952/HAMAP.hmm.faa
[17:11:32] Deleting unwanted file: PROKKA_NC_002952/HAMAP.hmm.hmmer3
[17:11:32] Labelling remaining 35 proteins as 'hypothetical protein'
[17:11:32] Possible /pseudo 'Tyrosine recombinase XerC' at sccmec_saures_NC_002952_l59260 position 26294
[17:11:32] Possible /pseudo 'DNA-invertase hin' at sccmec_saures_NC_002952_l59260 position 31276
[17:11:32] Possible /pseudo 'Potassium-transporting ATPase KdpC subunit' at sccmec_saures_NC_002952_l59260 position 47436
[17:11:32] Found 24 unique /gene codes.
[17:11:32] Fixed 2 duplicate /gene - pspE_1 pspE_2
[17:11:32] Fixed 2 duplicate /gene - xerC_1 xerC_2
[17:11:32] Fixed 2 duplicate /gene - kdpC_1 kdpC_2
[17:11:32] Fixed 2 duplicate /gene - hin_1 hin_2
[17:11:32] Fixed 4 colliding /gene names.
[17:11:32] Adding /locus_tag identifiers
[17:11:32] Assigned 63 locus_tags to CDS and RNA features.
[17:11:32] Writing outputs to PROKKA_NC_002952/
[17:11:32] Generating annotation statistics file
[17:11:32] Generating Genbank and Sequin files
[17:11:32] Running: tbl2asn -V b -a r10k -l paired-ends -M n -N 1 -y 'Annotated using prokka 1.12 from https://github.com/tseemann/prokka' -Z PROKKA_NC_002952\/PROKKA_NC_002952\.err -i PROKKA_NC_002952\/PROKKA_NC_002952\.fsa 2> /dev/null
[17:11:32] Deleting unwanted file: PROKKA_NC_002952/errorsummary.val
[17:11:32] Deleting unwanted file: PROKKA_NC_002952/PROKKA_NC_002952.dr
[17:11:32] Deleting unwanted file: PROKKA_NC_002952/PROKKA_NC_002952.fixedproducts
[17:11:32] Deleting unwanted file: PROKKA_NC_002952/PROKKA_NC_002952.ecn
[17:11:32] Deleting unwanted file: PROKKA_NC_002952/PROKKA_NC_002952.val
[17:11:32] Repairing broken .GBK output that tbl2asn produces...
[17:11:32] Running: sed 's/COORDINATES: profile/COORDINATES:profile/' < PROKKA_NC_002952\/PROKKA_NC_002952\.gbf > PROKKA_NC_002952\/PROKKA_NC_002952\.gbk
[17:11:32] Deleting unwanted file: PROKKA_NC_002952/PROKKA_NC_002952.gbf
[17:11:32] Output files:
[17:11:32] PROKKA_NC_002952/PROKKA_NC_002952.gff
[17:11:32] PROKKA_NC_002952/PROKKA_NC_002952.gbk
[17:11:32] PROKKA_NC_002952/PROKKA_NC_002952.sqn
[17:11:32] PROKKA_NC_002952/PROKKA_NC_002952.fsa
[17:11:32] PROKKA_NC_002952/PROKKA_NC_002952.ffn
[17:11:32] PROKKA_NC_002952/PROKKA_NC_002952.txt
[17:11:32] PROKKA_NC_002952/PROKKA_NC_002952.tbl
[17:11:32] PROKKA_NC_002952/PROKKA_NC_002952.err
[17:11:32] PROKKA_NC_002952/PROKKA_NC_002952.fna
[17:11:32] PROKKA_NC_002952/PROKKA_NC_002952.tsv
[17:11:32] PROKKA_NC_002952/PROKKA_NC_002952.log
[17:11:32] PROKKA_NC_002952/PROKKA_NC_002952.faa
[17:11:32] Annotation finished successfully.
[17:11:32] Walltime used: 0.05 minutes
[17:11:32] If you use this result please cite the Prokka paper:
[17:11:32] Seemann T (2014) Prokka: rapid prokaryotic genome annotation. Bioinformatics. 30(14):2068-9.
[17:11:32] Type 'prokka --citation' for more details.
[17:11:32] Share and enjoy!
