Discrepancy Report Results

Summary
DISC_SOURCE_QUALS_ASNDISC:strain (all present, all unique)
DISC_SOURCE_QUALS_ASNDISC:taxname (all present, all unique)
DISC_FEATURE_COUNT:gene: 26 present
DISC_FEATURE_COUNT:CDS: 26 present
DISC_COUNT_NUCLEOTIDES:1 nucleotide Bioseqs are present
OVERLAPPING_GENES:8 genes overlap another gene on the same strand.
OVERLAPPING_CDS:2 coding regions overlap another coding region with a similar or identical name.
DISC_QUALITY_SCORES:Quality scores are missing on all sequences.
ONCALLER_COMMENT_PRESENT:1 comment descriptors were found (all same)
SHORT_PROT_SEQUENCES:1 protein sequences are shorter than 50 aa.
MISSING_GENOMEASSEMBLY_COMMENTS:1 bioseqs are missing GenomeAssembly structured comments
MOLTYPE_NOT_MRNA:1 molecule types are not set as mRNA.
TECHNIQUE_NOT_TSA:1 technique are not set as TSA
MISSING_STRUCTURED_COMMENT:1 sequences do not include structured comments.
MISSING_PROJECT:27 sequences do not include project.
DISC_INCONSISTENT_MOLINFO_TECH:Molinfo Technique Report (some missing, all same)


Detailed Report

DiscRep_ALL:DISC_SOURCE_QUALS_ASNDISC::strain (all present, all unique)
DiscRep_SUB:DISC_SOURCE_QUALS_ASNDISC::1 sources have unique values for strain
DiscRep_ALL:DISC_SOURCE_QUALS_ASNDISC::taxname (all present, all unique)
DiscRep_SUB:DISC_SOURCE_QUALS_ASNDISC::1 sources have unique values for taxname
DiscRep_ALL:DISC_FEATURE_COUNT::gene: 26 present
DiscRep_ALL:DISC_FEATURE_COUNT::CDS: 26 present
DiscRep_ALL:DISC_COUNT_NUCLEOTIDES::1 nucleotide Bioseqs are present
/home/fsepulveda/Desktop/test_script/output_sequence_AF411935/output_prokka/PROKKA_04172017:10:saureus_1 (length 23293)

DiscRep_ALL:OVERLAPPING_GENES::8 genes overlap another gene on the same strand.
/home/fsepulveda/Desktop/test_script/output_sequence_AF411935/output_prokka/PROKKA_04172017:Gene	saureus_00007	saureus_1:5544-5867	saureus_00007
/home/fsepulveda/Desktop/test_script/output_sequence_AF411935/output_prokka/PROKKA_04172017:Gene	saureus_00008	saureus_1:5867-7648	saureus_00008
/home/fsepulveda/Desktop/test_script/output_sequence_AF411935/output_prokka/PROKKA_04172017:Gene	hin_1	saureus_1:7849-9210	saureus_00009
/home/fsepulveda/Desktop/test_script/output_sequence_AF411935/output_prokka/PROKKA_04172017:Gene	hin_2	saureus_1:9207-10535	saureus_00010
/home/fsepulveda/Desktop/test_script/output_sequence_AF411935/output_prokka/PROKKA_04172017:Gene	saureus_00012	saureus_1:11333-11683	saureus_00012
/home/fsepulveda/Desktop/test_script/output_sequence_AF411935/output_prokka/PROKKA_04172017:Gene	saureus_00013	saureus_1:11670-11768	saureus_00013
/home/fsepulveda/Desktop/test_script/output_sequence_AF411935/output_prokka/PROKKA_04172017:Gene	saureus_00017	saureus_1:c14525-14253	saureus_00017
/home/fsepulveda/Desktop/test_script/output_sequence_AF411935/output_prokka/PROKKA_04172017:Gene	mecR1	saureus_1:c15369-14485	saureus_00018

DiscRep_ALL:OVERLAPPING_CDS::2 coding regions overlap another coding region with a similar or identical name.
DiscRep_SUB:OVERLAPPING_CDS::2 coding regions overlap another coding region with a similar or identical name that do not have the appropriate note text
/home/fsepulveda/Desktop/test_script/output_sequence_AF411935/output_prokka/PROKKA_04172017:CDS	DNA-invertase hin	saureus_1:7849-9210	saureus_00009
/home/fsepulveda/Desktop/test_script/output_sequence_AF411935/output_prokka/PROKKA_04172017:CDS	DNA-invertase hin	saureus_1:9207-10535	saureus_00010

DiscRep_ALL:DISC_QUALITY_SCORES::Quality scores are missing on all sequences.

DiscRep_ALL:ONCALLER_COMMENT_PRESENT::1 comment descriptors were found (all same)
/home/fsepulveda/Desktop/test_script/output_sequence_AF411935/output_prokka/PROKKA_04172017:10:saureus_1:Annotated using prokka 1.12 from https://github.com/tseemann/prokka

DiscRep_ALL:SHORT_PROT_SEQUENCES::1 protein sequences are shorter than 50 aa.
/home/fsepulveda/Desktop/test_script/output_sequence_AF411935/output_prokka/PROKKA_04172017:10:saureus_00013 (length 32)

DiscRep_ALL:MISSING_GENOMEASSEMBLY_COMMENTS::1 bioseqs are missing GenomeAssembly structured comments
/home/fsepulveda/Desktop/test_script/output_sequence_AF411935/output_prokka/PROKKA_04172017:10:saureus_1 (length 23293)

DiscRep_ALL:MOLTYPE_NOT_MRNA::1 molecule types are not set as mRNA.
/home/fsepulveda/Desktop/test_script/output_sequence_AF411935/output_prokka/PROKKA_04172017:10:saureus_1 (length 23293)

DiscRep_ALL:TECHNIQUE_NOT_TSA::1 technique are not set as TSA
/home/fsepulveda/Desktop/test_script/output_sequence_AF411935/output_prokka/PROKKA_04172017:10:saureus_1 (length 23293)

DiscRep_ALL:MISSING_STRUCTURED_COMMENT::1 sequences do not include structured comments.
/home/fsepulveda/Desktop/test_script/output_sequence_AF411935/output_prokka/PROKKA_04172017:10:saureus_1 (length 23293)

DiscRep_ALL:MISSING_PROJECT::27 sequences do not include project.
/home/fsepulveda/Desktop/test_script/output_sequence_AF411935/output_prokka/PROKKA_04172017:10:saureus_1 (length 23293)
/home/fsepulveda/Desktop/test_script/output_sequence_AF411935/output_prokka/PROKKA_04172017:10:saureus_00001 (length 217)
/home/fsepulveda/Desktop/test_script/output_sequence_AF411935/output_prokka/PROKKA_04172017:10:saureus_00002 (length 52)
/home/fsepulveda/Desktop/test_script/output_sequence_AF411935/output_prokka/PROKKA_04172017:10:saureus_00003 (length 154)
/home/fsepulveda/Desktop/test_script/output_sequence_AF411935/output_prokka/PROKKA_04172017:10:saureus_00004 (length 280)
/home/fsepulveda/Desktop/test_script/output_sequence_AF411935/output_prokka/PROKKA_04172017:10:saureus_00005 (length 234)
/home/fsepulveda/Desktop/test_script/output_sequence_AF411935/output_prokka/PROKKA_04172017:10:saureus_00006 (length 489)
/home/fsepulveda/Desktop/test_script/output_sequence_AF411935/output_prokka/PROKKA_04172017:10:saureus_00007 (length 107)
/home/fsepulveda/Desktop/test_script/output_sequence_AF411935/output_prokka/PROKKA_04172017:10:saureus_00008 (length 593)
/home/fsepulveda/Desktop/test_script/output_sequence_AF411935/output_prokka/PROKKA_04172017:10:saureus_00009 (length 453)
/home/fsepulveda/Desktop/test_script/output_sequence_AF411935/output_prokka/PROKKA_04172017:10:saureus_00010 (length 442)
/home/fsepulveda/Desktop/test_script/output_sequence_AF411935/output_prokka/PROKKA_04172017:10:saureus_00011 (length 85)
/home/fsepulveda/Desktop/test_script/output_sequence_AF411935/output_prokka/PROKKA_04172017:10:saureus_00012 (length 116)
/home/fsepulveda/Desktop/test_script/output_sequence_AF411935/output_prokka/PROKKA_04172017:10:saureus_00013 (length 32)
/home/fsepulveda/Desktop/test_script/output_sequence_AF411935/output_prokka/PROKKA_04172017:10:saureus_00014 (length 103)
/home/fsepulveda/Desktop/test_script/output_sequence_AF411935/output_prokka/PROKKA_04172017:10:saureus_00015 (length 168)
/home/fsepulveda/Desktop/test_script/output_sequence_AF411935/output_prokka/PROKKA_04172017:10:saureus_00016 (length 506)
/home/fsepulveda/Desktop/test_script/output_sequence_AF411935/output_prokka/PROKKA_04172017:10:saureus_00017 (length 90)
/home/fsepulveda/Desktop/test_script/output_sequence_AF411935/output_prokka/PROKKA_04172017:10:saureus_00018 (length 294)
/home/fsepulveda/Desktop/test_script/output_sequence_AF411935/output_prokka/PROKKA_04172017:10:saureus_00019 (length 668)
/home/fsepulveda/Desktop/test_script/output_sequence_AF411935/output_prokka/PROKKA_04172017:10:saureus_00020 (length 142)
/home/fsepulveda/Desktop/test_script/output_sequence_AF411935/output_prokka/PROKKA_04172017:10:saureus_00021 (length 247)
/home/fsepulveda/Desktop/test_script/output_sequence_AF411935/output_prokka/PROKKA_04172017:10:saureus_00022 (length 76)
/home/fsepulveda/Desktop/test_script/output_sequence_AF411935/output_prokka/PROKKA_04172017:10:saureus_00023 (length 55)
/home/fsepulveda/Desktop/test_script/output_sequence_AF411935/output_prokka/PROKKA_04172017:10:saureus_00024 (length 224)
/home/fsepulveda/Desktop/test_script/output_sequence_AF411935/output_prokka/PROKKA_04172017:10:saureus_00025 (length 431)
/home/fsepulveda/Desktop/test_script/output_sequence_AF411935/output_prokka/PROKKA_04172017:10:saureus_00026 (length 113)

DiscRep_ALL:DISC_INCONSISTENT_MOLINFO_TECH::Molinfo Technique Report (some missing, all same)
DiscRep_SUB:DISC_INCONSISTENT_MOLINFO_TECH::technique (all missing)
DiscRep_SUB:DISC_INCONSISTENT_MOLINFO_TECH::1 Molinfos are missing field technique
/home/fsepulveda/Desktop/test_script/output_sequence_AF411935/output_prokka/PROKKA_04172017:10:saureus_1 (length 23293)

