[17:13:27] This is prokka 1.12
[17:13:27] Written by Torsten Seemann <torsten.seemann@gmail.com>
[17:13:27] Homepage is https://github.com/tseemann/prokka
[17:13:27] Local time is Mon May 15 17:13:27 2017
[17:13:27] You are fsepulveda
[17:13:27] Operating system is linux
[17:13:27] You have BioPerl 1.006924
[17:13:27] System has 4 cores.
[17:13:27] Option --cpu asked for 8 cores, but system only has 4
[17:13:27] Will use maximum of 4 cores.
[17:13:27] Annotating as >>> Bacteria <<<
[17:13:27] Creating new output folder: PROKKA_NZ_CP007176
[17:13:27] Running: mkdir -p PROKKA_NZ_CP007176
[17:13:27] Using filename prefix: PROKKA_NZ_CP007176.XXX
[17:13:27] Setting HMMER_NCPU=1
[17:13:27] Writing log to: PROKKA_NZ_CP007176/PROKKA_NZ_CP007176.log
[17:13:27] Command: /home/fsepulveda/Desktop/tesis/sccmec_classification/prokka-1.12/bin/prokka --genus Staphylococcus --prefix PROKKA_NZ_CP007176 --addgenes --addmrna --locustag NZ_CP007176_SCCmec /home/fsepulveda/Documents/parte2/229_sccmec/sccmec_NZ_CP007176.fasta
[17:13:27] Appending to PATH: /home/fsepulveda/Desktop/tesis/sccmec_classification/prokka-1.12/bin/../binaries/linux
[17:13:27] Appending to PATH: /home/fsepulveda/Desktop/tesis/sccmec_classification/prokka-1.12/bin/../binaries/linux/../common
[17:13:27] Appending to PATH: /home/fsepulveda/Desktop/tesis/sccmec_classification/prokka-1.12/bin
[17:13:27] Looking for 'aragorn' - found /home/fsepulveda/Desktop/tesis/sccmec_classification/prokka-1.12/bin/../binaries/linux/aragorn
[17:13:27] Determined aragorn version is 1.2
[17:13:27] Looking for 'blastp' - found /usr/bin/blastp
[17:13:27] Determined blastp version is 2.2
[17:13:27] Looking for 'cmpress' - found /usr/bin/cmpress
[17:13:27] Determined cmpress version is 1.1
[17:13:27] Looking for 'cmscan' - found /usr/bin/cmscan
[17:13:27] Determined cmscan version is 1.1
[17:13:27] Looking for 'egrep' - found /bin/egrep
[17:13:27] Looking for 'find' - found /usr/bin/find
[17:13:27] Looking for 'grep' - found /bin/grep
[17:13:27] Looking for 'hmmpress' - found /usr/bin/hmmpress
[17:13:27] Determined hmmpress version is 3.1
[17:13:27] Looking for 'hmmscan' - found /usr/bin/hmmscan
[17:13:27] Determined hmmscan version is 3.1
[17:13:27] Looking for 'java' - found /usr/bin/java
[17:13:27] Looking for 'less' - found /usr/bin/less
[17:13:27] Looking for 'makeblastdb' - found /usr/bin/makeblastdb
[17:13:27] Determined makeblastdb version is 2.2
[17:13:27] Looking for 'minced' - found /home/fsepulveda/Desktop/tesis/sccmec_classification/prokka-1.12/bin/../binaries/linux/../common/minced
[17:13:27] Determined minced version is 2.0
[17:13:27] Looking for 'parallel' - found /home/fsepulveda/Desktop/tesis/sccmec_classification/prokka-1.12/bin/../binaries/linux/../common/parallel
[17:13:27] Determined parallel version is 20150122
[17:13:27] Looking for 'prodigal' - found /home/fsepulveda/Desktop/tesis/sccmec_classification/prokka-1.12/bin/../binaries/linux/prodigal
[17:13:27] Determined prodigal version is 2.6
[17:13:27] Looking for 'prokka-genbank_to_fasta_db' - found /home/fsepulveda/Desktop/tesis/sccmec_classification/prokka-1.12/bin/prokka-genbank_to_fasta_db
[17:13:27] Looking for 'sed' - found /bin/sed
[17:13:27] Looking for 'tbl2asn' - found /home/fsepulveda/Desktop/tesis/sccmec_classification/prokka-1.12/bin/../binaries/linux/tbl2asn
[17:13:27] Determined tbl2asn version is 25.3
[17:13:27] Using genetic code table 11.
[17:13:27] Loading and checking input file: /home/fsepulveda/Documents/parte2/229_sccmec/sccmec_NZ_CP007176.fasta
[17:13:27] Wrote 1 contigs totalling 55101 bp.
[17:13:27] Predicting tRNAs and tmRNAs
[17:13:27] Running: aragorn -l -gc11  -w PROKKA_NZ_CP007176\/PROKKA_NZ_CP007176\.fna
[17:13:27] Found 0 tRNAs
[17:13:27] Predicting Ribosomal RNAs
[17:13:27] You need either Barrnap or RNAmmer installed to predict rRNAs!
[17:13:27] Skipping ncRNA search, enable with --rfam if desired.
[17:13:27] Total of 0 tRNA + rRNA features
[17:13:27] Searching for CRISPR repeats
[17:13:28] Found 0 CRISPRs
[17:13:28] Predicting coding sequences
[17:13:28] Contigs total 55101 bp, so using meta mode
[17:13:28] Running: prodigal -i PROKKA_NZ_CP007176\/PROKKA_NZ_CP007176\.fna -c -m -g 11 -p meta -f sco -q
[17:13:28] Found 56 CDS
[17:13:28] Connecting features back to sequences
[17:13:28] Not using genus-specific database. Try --usegenus to enable it.
[17:13:28] Annotating CDS, please be patient.
[17:13:28] Will use 4 CPUs for similarity searching.
[17:13:28] There are still 56 unannotated CDS left (started with 56)
[17:13:28] Will use blast to search against /home/fsepulveda/Desktop/tesis/sccmec_classification/prokka-1.12/bin/../db/kingdom/Bacteria/sprot with 4 CPUs
[17:13:28] Running: cat PROKKA_NZ_CP007176\/sprot\.faa | parallel --gnu --plain -j 4 --block 1812 --recstart '>' --pipe blastp -query - -db /home/fsepulveda/Desktop/tesis/sccmec_classification/prokka-1.12/bin/../db/kingdom/Bacteria/sprot -evalue 1e-06 -num_threads 1 -num_descriptions 1 -num_alignments 1 -seg no > PROKKA_NZ_CP007176\/sprot\.blast 2> /dev/null
[17:13:29] Deleting unwanted file: PROKKA_NZ_CP007176/sprot.faa
[17:13:29] Deleting unwanted file: PROKKA_NZ_CP007176/sprot.blast
[17:13:29] There are still 33 unannotated CDS left (started with 56)
[17:13:29] Will use hmmer3 to search against /home/fsepulveda/Desktop/tesis/sccmec_classification/prokka-1.12/bin/../db/hmm/HAMAP.hmm with 4 CPUs
[17:13:29] Running: cat PROKKA_NZ_CP007176\/HAMAP\.hmm\.faa | parallel --gnu --plain -j 4 --block 817 --recstart '>' --pipe hmmscan --noali --notextw --acc -E 1e-06 --cpu 1 /home/fsepulveda/Desktop/tesis/sccmec_classification/prokka-1.12/bin/../db/hmm/HAMAP.hmm /dev/stdin > PROKKA_NZ_CP007176\/HAMAP\.hmm\.hmmer3 2> /dev/null
[17:13:30] Deleting unwanted file: PROKKA_NZ_CP007176/HAMAP.hmm.faa
[17:13:30] Deleting unwanted file: PROKKA_NZ_CP007176/HAMAP.hmm.hmmer3
[17:13:30] Labelling remaining 32 proteins as 'hypothetical protein'
[17:13:30] Possible /pseudo 'DNA-invertase hin' at sccmec_saures_NZ_CP007176_l55101 position 13831
[17:13:30] Found 22 unique /gene codes.
[17:13:30] Fixed 2 duplicate /gene - hin_1 hin_2
[17:13:30] Fixed 1 colliding /gene names.
[17:13:30] Adding /locus_tag identifiers
[17:13:30] Assigned 56 locus_tags to CDS and RNA features.
[17:13:30] Writing outputs to PROKKA_NZ_CP007176/
[17:13:30] Generating annotation statistics file
[17:13:30] Generating Genbank and Sequin files
[17:13:30] Running: tbl2asn -V b -a r10k -l paired-ends -M n -N 1 -y 'Annotated using prokka 1.12 from https://github.com/tseemann/prokka' -Z PROKKA_NZ_CP007176\/PROKKA_NZ_CP007176\.err -i PROKKA_NZ_CP007176\/PROKKA_NZ_CP007176\.fsa 2> /dev/null
[17:13:31] Deleting unwanted file: PROKKA_NZ_CP007176/errorsummary.val
[17:13:31] Deleting unwanted file: PROKKA_NZ_CP007176/PROKKA_NZ_CP007176.dr
[17:13:31] Deleting unwanted file: PROKKA_NZ_CP007176/PROKKA_NZ_CP007176.fixedproducts
[17:13:31] Deleting unwanted file: PROKKA_NZ_CP007176/PROKKA_NZ_CP007176.ecn
[17:13:31] Deleting unwanted file: PROKKA_NZ_CP007176/PROKKA_NZ_CP007176.val
[17:13:31] Repairing broken .GBK output that tbl2asn produces...
[17:13:31] Running: sed 's/COORDINATES: profile/COORDINATES:profile/' < PROKKA_NZ_CP007176\/PROKKA_NZ_CP007176\.gbf > PROKKA_NZ_CP007176\/PROKKA_NZ_CP007176\.gbk
[17:13:31] Deleting unwanted file: PROKKA_NZ_CP007176/PROKKA_NZ_CP007176.gbf
[17:13:31] Output files:
[17:13:31] PROKKA_NZ_CP007176/PROKKA_NZ_CP007176.ffn
[17:13:31] PROKKA_NZ_CP007176/PROKKA_NZ_CP007176.tbl
[17:13:31] PROKKA_NZ_CP007176/PROKKA_NZ_CP007176.sqn
[17:13:31] PROKKA_NZ_CP007176/PROKKA_NZ_CP007176.gbk
[17:13:31] PROKKA_NZ_CP007176/PROKKA_NZ_CP007176.gff
[17:13:31] PROKKA_NZ_CP007176/PROKKA_NZ_CP007176.faa
[17:13:31] PROKKA_NZ_CP007176/PROKKA_NZ_CP007176.fna
[17:13:31] PROKKA_NZ_CP007176/PROKKA_NZ_CP007176.tsv
[17:13:31] PROKKA_NZ_CP007176/PROKKA_NZ_CP007176.err
[17:13:31] PROKKA_NZ_CP007176/PROKKA_NZ_CP007176.fsa
[17:13:31] PROKKA_NZ_CP007176/PROKKA_NZ_CP007176.txt
[17:13:31] PROKKA_NZ_CP007176/PROKKA_NZ_CP007176.log
[17:13:31] Annotation finished successfully.
[17:13:31] Walltime used: 0.07 minutes
[17:13:31] If you use this result please cite the Prokka paper:
[17:13:31] Seemann T (2014) Prokka: rapid prokaryotic genome annotation. Bioinformatics. 30(14):2068-9.
[17:13:31] Type 'prokka --citation' for more details.
[17:13:31] Thank you, come again.
