Discrepancy Report Results

Summary
FATAL: BAD_LOCUS_TAG_FORMAT:56 locus tags are incorrectly formatted.
FATAL: MISSING_PROTEIN_ID:56 proteins have invalid IDs.
DISC_SOURCE_QUALS_ASNDISC:strain (all present, all unique)
DISC_SOURCE_QUALS_ASNDISC:taxname (all present, all unique)
DISC_FEATURE_COUNT:gene: 56 present
DISC_FEATURE_COUNT:CDS: 56 present
DISC_FEATURE_COUNT:mRNA: 56 present
DISC_COUNT_NUCLEOTIDES:1 nucleotide Bioseqs are present
OVERLAPPING_GENES:14 genes overlap another gene on the same strand.
DISC_QUALITY_SCORES:Quality scores are missing on all sequences.
ONCALLER_COMMENT_PRESENT:1 comment descriptors were found (all same)
SHORT_PROT_SEQUENCES:2 protein sequences are shorter than 50 aa.
MISSING_GENOMEASSEMBLY_COMMENTS:1 bioseqs are missing GenomeAssembly structured comments
MOLTYPE_NOT_MRNA:1 molecule types are not set as mRNA.
TECHNIQUE_NOT_TSA:1 technique are not set as TSA
MISSING_STRUCTURED_COMMENT:1 sequences do not include structured comments.
MISSING_PROJECT:57 sequences do not include project.
DISC_INCONSISTENT_MOLINFO_TECH:Molinfo Technique Report (some missing, all same)


Detailed Report

FATAL: DiscRep_ALL:BAD_LOCUS_TAG_FORMAT::56 locus tags are incorrectly formatted.
PROKKA_NC_007793/PROKKA_NC_007793:Gene	rlmH	sccmec_saures_NC_007793_l55211:1-480	NC_007793_SCCmec_00001
PROKKA_NC_007793/PROKKA_NC_007793:Gene	NC_007793_SCCmec_00002	sccmec_saures_NC_007793_l55211:802-2058	NC_007793_SCCmec_00002
PROKKA_NC_007793/PROKKA_NC_007793:Gene	NC_007793_SCCmec_00003	sccmec_saures_NC_007793_l55211:c2840-2166	NC_007793_SCCmec_00003
PROKKA_NC_007793/PROKKA_NC_007793:Gene	NC_007793_SCCmec_00004	sccmec_saures_NC_007793_l55211:3098-3265	NC_007793_SCCmec_00004
PROKKA_NC_007793/PROKKA_NC_007793:Gene	NC_007793_SCCmec_00005	sccmec_saures_NC_007793_l55211:3363-3593	NC_007793_SCCmec_00005
PROKKA_NC_007793/PROKKA_NC_007793:Gene	ugpQ	sccmec_saures_NC_007793_l55211:4102-4845	NC_007793_SCCmec_00006
PROKKA_NC_007793/PROKKA_NC_007793:Gene	paaZ	sccmec_saures_NC_007793_l55211:4942-5370	NC_007793_SCCmec_00007
PROKKA_NC_007793/PROKKA_NC_007793:Gene	pbp	sccmec_saures_NC_007793_l55211:c7422-5416	NC_007793_SCCmec_00008
PROKKA_NC_007793/PROKKA_NC_007793:Gene	mecR1	sccmec_saures_NC_007793_l55211:7522-8508	NC_007793_SCCmec_00009
PROKKA_NC_007793/PROKKA_NC_007793:Gene	NC_007793_SCCmec_00010	sccmec_saures_NC_007793_l55211:8468-8740	NC_007793_SCCmec_00010
PROKKA_NC_007793/PROKKA_NC_007793:Gene	NC_007793_SCCmec_00011	sccmec_saures_NC_007793_l55211:c10254-8731	NC_007793_SCCmec_00011
PROKKA_NC_007793/PROKKA_NC_007793:Gene	NC_007793_SCCmec_00012	sccmec_saures_NC_007793_l55211:c10896-10390	NC_007793_SCCmec_00012
PROKKA_NC_007793/PROKKA_NC_007793:Gene	NC_007793_SCCmec_00013	sccmec_saures_NC_007793_l55211:c11222-10911	NC_007793_SCCmec_00013
PROKKA_NC_007793/PROKKA_NC_007793:Gene	NC_007793_SCCmec_00014	sccmec_saures_NC_007793_l55211:c11659-11309	NC_007793_SCCmec_00014
PROKKA_NC_007793/PROKKA_NC_007793:Gene	hin_1	sccmec_saures_NC_007793_l55211:c13809-12181	NC_007793_SCCmec_00015
PROKKA_NC_007793/PROKKA_NC_007793:Gene	hin_2	sccmec_saures_NC_007793_l55211:c15180-13831	NC_007793_SCCmec_00016
PROKKA_NC_007793/PROKKA_NC_007793:Gene	NC_007793_SCCmec_00017	sccmec_saures_NC_007793_l55211:c17201-15414	NC_007793_SCCmec_00017
PROKKA_NC_007793/PROKKA_NC_007793:Gene	NC_007793_SCCmec_00018	sccmec_saures_NC_007793_l55211:c17491-17201	NC_007793_SCCmec_00018
PROKKA_NC_007793/PROKKA_NC_007793:Gene	NC_007793_SCCmec_00019	sccmec_saures_NC_007793_l55211:17588-18679	NC_007793_SCCmec_00019
PROKKA_NC_007793/PROKKA_NC_007793:Gene	NC_007793_SCCmec_00020	sccmec_saures_NC_007793_l55211:19407-20897	NC_007793_SCCmec_00020
PROKKA_NC_007793/PROKKA_NC_007793:Gene	gloC	sccmec_saures_NC_007793_l55211:c22525-21521	NC_007793_SCCmec_00021
PROKKA_NC_007793/PROKKA_NC_007793:Gene	NC_007793_SCCmec_00022	sccmec_saures_NC_007793_l55211:22644-22781	NC_007793_SCCmec_00022
PROKKA_NC_007793/PROKKA_NC_007793:Gene	NC_007793_SCCmec_00023	sccmec_saures_NC_007793_l55211:22778-23149	NC_007793_SCCmec_00023
PROKKA_NC_007793/PROKKA_NC_007793:Gene	NC_007793_SCCmec_00024	sccmec_saures_NC_007793_l55211:23278-23898	NC_007793_SCCmec_00024
PROKKA_NC_007793/PROKKA_NC_007793:Gene	NC_007793_SCCmec_00025	sccmec_saures_NC_007793_l55211:c24985-24815	NC_007793_SCCmec_00025
PROKKA_NC_007793/PROKKA_NC_007793:Gene	NC_007793_SCCmec_00026	sccmec_saures_NC_007793_l55211:25387-26352	NC_007793_SCCmec_00026
PROKKA_NC_007793/PROKKA_NC_007793:Gene	NC_007793_SCCmec_00027	sccmec_saures_NC_007793_l55211:26732-27061	NC_007793_SCCmec_00027
PROKKA_NC_007793/PROKKA_NC_007793:Gene	NC_007793_SCCmec_00028	sccmec_saures_NC_007793_l55211:c27497-27138	NC_007793_SCCmec_00028
PROKKA_NC_007793/PROKKA_NC_007793:Gene	NC_007793_SCCmec_00029	sccmec_saures_NC_007793_l55211:c28877-28068	NC_007793_SCCmec_00029
PROKKA_NC_007793/PROKKA_NC_007793:Gene	NC_007793_SCCmec_00030	sccmec_saures_NC_007793_l55211:28896-29078	NC_007793_SCCmec_00030
PROKKA_NC_007793/PROKKA_NC_007793:Gene	speG	sccmec_saures_NC_007793_l55211:c29886-29389	NC_007793_SCCmec_00031
PROKKA_NC_007793/PROKKA_NC_007793:Gene	adhD	sccmec_saures_NC_007793_l55211:30384-31511	NC_007793_SCCmec_00032
PROKKA_NC_007793/PROKKA_NC_007793:Gene	NC_007793_SCCmec_00033	sccmec_saures_NC_007793_l55211:c31990-31766	NC_007793_SCCmec_00033
PROKKA_NC_007793/PROKKA_NC_007793:Gene	NC_007793_SCCmec_00034	sccmec_saures_NC_007793_l55211:c32507-32004	NC_007793_SCCmec_00034
PROKKA_NC_007793/PROKKA_NC_007793:Gene	NC_007793_SCCmec_00035	sccmec_saures_NC_007793_l55211:c32834-32523	NC_007793_SCCmec_00035
PROKKA_NC_007793/PROKKA_NC_007793:Gene	NC_007793_SCCmec_00036	sccmec_saures_NC_007793_l55211:c32928-32836	NC_007793_SCCmec_00036
PROKKA_NC_007793/PROKKA_NC_007793:Gene	NC_007793_SCCmec_00037	sccmec_saures_NC_007793_l55211:c33271-32921	NC_007793_SCCmec_00037
PROKKA_NC_007793/PROKKA_NC_007793:Gene	NC_007793_SCCmec_00038	sccmec_saures_NC_007793_l55211:34228-35079	NC_007793_SCCmec_00038
PROKKA_NC_007793/PROKKA_NC_007793:Gene	arcC1	sccmec_saures_NC_007793_l55211:c36108-35179	NC_007793_SCCmec_00039
PROKKA_NC_007793/PROKKA_NC_007793:Gene	argF	sccmec_saures_NC_007793_l55211:c37126-36128	NC_007793_SCCmec_00040
PROKKA_NC_007793/PROKKA_NC_007793:Gene	arcR	sccmec_saures_NC_007793_l55211:c37853-37164	NC_007793_SCCmec_00041
PROKKA_NC_007793/PROKKA_NC_007793:Gene	arcD	sccmec_saures_NC_007793_l55211:c39316-37895	NC_007793_SCCmec_00042
PROKKA_NC_007793/PROKKA_NC_007793:Gene	arcA	sccmec_saures_NC_007793_l55211:c40637-39402	NC_007793_SCCmec_00043
PROKKA_NC_007793/PROKKA_NC_007793:Gene	argR	sccmec_saures_NC_007793_l55211:c41352-40906	NC_007793_SCCmec_00044
PROKKA_NC_007793/PROKKA_NC_007793:Gene	NC_007793_SCCmec_00045	sccmec_saures_NC_007793_l55211:41854-42285	NC_007793_SCCmec_00045
PROKKA_NC_007793/PROKKA_NC_007793:Gene	NC_007793_SCCmec_00046	sccmec_saures_NC_007793_l55211:42558-42803	NC_007793_SCCmec_00046
PROKKA_NC_007793/PROKKA_NC_007793:Gene	NC_007793_SCCmec_00047	sccmec_saures_NC_007793_l55211:43419-44234	NC_007793_SCCmec_00047
PROKKA_NC_007793/PROKKA_NC_007793:Gene	NC_007793_SCCmec_00048	sccmec_saures_NC_007793_l55211:44661-45734	NC_007793_SCCmec_00048
PROKKA_NC_007793/PROKKA_NC_007793:Gene	cmoB	sccmec_saures_NC_007793_l55211:45994-46686	NC_007793_SCCmec_00049
PROKKA_NC_007793/PROKKA_NC_007793:Gene	nikA	sccmec_saures_NC_007793_l55211:46683-48236	NC_007793_SCCmec_00050
PROKKA_NC_007793/PROKKA_NC_007793:Gene	nikB	sccmec_saures_NC_007793_l55211:48239-49195	NC_007793_SCCmec_00051
PROKKA_NC_007793/PROKKA_NC_007793:Gene	gsiD	sccmec_saures_NC_007793_l55211:49195-49962	NC_007793_SCCmec_00052
PROKKA_NC_007793/PROKKA_NC_007793:Gene	oppD	sccmec_saures_NC_007793_l55211:49929-50696	NC_007793_SCCmec_00053
PROKKA_NC_007793/PROKKA_NC_007793:Gene	nikE	sccmec_saures_NC_007793_l55211:50689-51324	NC_007793_SCCmec_00054
PROKKA_NC_007793/PROKKA_NC_007793:Gene	copB	sccmec_saures_NC_007793_l55211:52284-54407	NC_007793_SCCmec_00055
PROKKA_NC_007793/PROKKA_NC_007793:Gene	NC_007793_SCCmec_00056	sccmec_saures_NC_007793_l55211:54425-54970	NC_007793_SCCmec_00056

FATAL: DiscRep_ALL:MISSING_PROTEIN_ID::56 proteins have invalid IDs.
PROKKA_NC_007793/PROKKA_NC_007793:sccmec_saures_NC_007793_l55211_1 (length 159)
PROKKA_NC_007793/PROKKA_NC_007793:sccmec_saures_NC_007793_l55211_2 (length 418)
PROKKA_NC_007793/PROKKA_NC_007793:sccmec_saures_NC_007793_l55211_3 (length 224)
PROKKA_NC_007793/PROKKA_NC_007793:sccmec_saures_NC_007793_l55211_4 (length 55)
PROKKA_NC_007793/PROKKA_NC_007793:sccmec_saures_NC_007793_l55211_5 (length 76)
PROKKA_NC_007793/PROKKA_NC_007793:sccmec_saures_NC_007793_l55211_6 (length 247)
PROKKA_NC_007793/PROKKA_NC_007793:sccmec_saures_NC_007793_l55211_7 (length 142)
PROKKA_NC_007793/PROKKA_NC_007793:sccmec_saures_NC_007793_l55211_8 (length 668)
PROKKA_NC_007793/PROKKA_NC_007793:sccmec_saures_NC_007793_l55211_9 (length 328)
PROKKA_NC_007793/PROKKA_NC_007793:sccmec_saures_NC_007793_l55211_10 (length 90)
PROKKA_NC_007793/PROKKA_NC_007793:sccmec_saures_NC_007793_l55211_11 (length 507)
PROKKA_NC_007793/PROKKA_NC_007793:sccmec_saures_NC_007793_l55211_12 (length 168)
PROKKA_NC_007793/PROKKA_NC_007793:sccmec_saures_NC_007793_l55211_13 (length 103)
PROKKA_NC_007793/PROKKA_NC_007793:sccmec_saures_NC_007793_l55211_14 (length 116)
PROKKA_NC_007793/PROKKA_NC_007793:sccmec_saures_NC_007793_l55211_15 (length 542)
PROKKA_NC_007793/PROKKA_NC_007793:sccmec_saures_NC_007793_l55211_16 (length 449)
PROKKA_NC_007793/PROKKA_NC_007793:sccmec_saures_NC_007793_l55211_17 (length 595)
PROKKA_NC_007793/PROKKA_NC_007793:sccmec_saures_NC_007793_l55211_18 (length 96)
PROKKA_NC_007793/PROKKA_NC_007793:sccmec_saures_NC_007793_l55211_19 (length 363)
PROKKA_NC_007793/PROKKA_NC_007793:sccmec_saures_NC_007793_l55211_20 (length 496)
PROKKA_NC_007793/PROKKA_NC_007793:sccmec_saures_NC_007793_l55211_21 (length 334)
PROKKA_NC_007793/PROKKA_NC_007793:sccmec_saures_NC_007793_l55211_22 (length 45)
PROKKA_NC_007793/PROKKA_NC_007793:sccmec_saures_NC_007793_l55211_23 (length 123)
PROKKA_NC_007793/PROKKA_NC_007793:sccmec_saures_NC_007793_l55211_24 (length 206)
PROKKA_NC_007793/PROKKA_NC_007793:sccmec_saures_NC_007793_l55211_25 (length 56)
PROKKA_NC_007793/PROKKA_NC_007793:sccmec_saures_NC_007793_l55211_26 (length 321)
PROKKA_NC_007793/PROKKA_NC_007793:sccmec_saures_NC_007793_l55211_27 (length 109)
PROKKA_NC_007793/PROKKA_NC_007793:sccmec_saures_NC_007793_l55211_28 (length 119)
PROKKA_NC_007793/PROKKA_NC_007793:sccmec_saures_NC_007793_l55211_29 (length 269)
PROKKA_NC_007793/PROKKA_NC_007793:sccmec_saures_NC_007793_l55211_30 (length 60)
PROKKA_NC_007793/PROKKA_NC_007793:sccmec_saures_NC_007793_l55211_31 (length 165)
PROKKA_NC_007793/PROKKA_NC_007793:sccmec_saures_NC_007793_l55211_32 (length 375)
PROKKA_NC_007793/PROKKA_NC_007793:sccmec_saures_NC_007793_l55211_33 (length 74)
PROKKA_NC_007793/PROKKA_NC_007793:sccmec_saures_NC_007793_l55211_34 (length 167)
PROKKA_NC_007793/PROKKA_NC_007793:sccmec_saures_NC_007793_l55211_35 (length 103)
PROKKA_NC_007793/PROKKA_NC_007793:sccmec_saures_NC_007793_l55211_36 (length 30)
PROKKA_NC_007793/PROKKA_NC_007793:sccmec_saures_NC_007793_l55211_37 (length 116)
PROKKA_NC_007793/PROKKA_NC_007793:sccmec_saures_NC_007793_l55211_38 (length 283)
PROKKA_NC_007793/PROKKA_NC_007793:sccmec_saures_NC_007793_l55211_39 (length 309)
PROKKA_NC_007793/PROKKA_NC_007793:sccmec_saures_NC_007793_l55211_40 (length 332)
PROKKA_NC_007793/PROKKA_NC_007793:sccmec_saures_NC_007793_l55211_41 (length 229)
PROKKA_NC_007793/PROKKA_NC_007793:sccmec_saures_NC_007793_l55211_42 (length 473)
PROKKA_NC_007793/PROKKA_NC_007793:sccmec_saures_NC_007793_l55211_43 (length 411)
PROKKA_NC_007793/PROKKA_NC_007793:sccmec_saures_NC_007793_l55211_44 (length 148)
PROKKA_NC_007793/PROKKA_NC_007793:sccmec_saures_NC_007793_l55211_45 (length 143)
PROKKA_NC_007793/PROKKA_NC_007793:sccmec_saures_NC_007793_l55211_46 (length 81)
PROKKA_NC_007793/PROKKA_NC_007793:sccmec_saures_NC_007793_l55211_47 (length 271)
PROKKA_NC_007793/PROKKA_NC_007793:sccmec_saures_NC_007793_l55211_48 (length 357)
PROKKA_NC_007793/PROKKA_NC_007793:sccmec_saures_NC_007793_l55211_49 (length 230)
PROKKA_NC_007793/PROKKA_NC_007793:sccmec_saures_NC_007793_l55211_50 (length 517)
PROKKA_NC_007793/PROKKA_NC_007793:sccmec_saures_NC_007793_l55211_51 (length 318)
PROKKA_NC_007793/PROKKA_NC_007793:sccmec_saures_NC_007793_l55211_52 (length 255)
PROKKA_NC_007793/PROKKA_NC_007793:sccmec_saures_NC_007793_l55211_53 (length 255)
PROKKA_NC_007793/PROKKA_NC_007793:sccmec_saures_NC_007793_l55211_54 (length 211)
PROKKA_NC_007793/PROKKA_NC_007793:sccmec_saures_NC_007793_l55211_55 (length 707)
PROKKA_NC_007793/PROKKA_NC_007793:sccmec_saures_NC_007793_l55211_56 (length 181)

DiscRep_ALL:DISC_SOURCE_QUALS_ASNDISC::strain (all present, all unique)
DiscRep_SUB:DISC_SOURCE_QUALS_ASNDISC::1 sources have unique values for strain
DiscRep_ALL:DISC_SOURCE_QUALS_ASNDISC::taxname (all present, all unique)
DiscRep_SUB:DISC_SOURCE_QUALS_ASNDISC::1 sources have unique values for taxname
DiscRep_ALL:DISC_FEATURE_COUNT::gene: 56 present
DiscRep_ALL:DISC_FEATURE_COUNT::CDS: 56 present
DiscRep_ALL:DISC_FEATURE_COUNT::mRNA: 56 present
DiscRep_ALL:DISC_COUNT_NUCLEOTIDES::1 nucleotide Bioseqs are present
PROKKA_NC_007793/PROKKA_NC_007793:sccmec_saures_NC_007793_l55211 (length 55211)

DiscRep_ALL:OVERLAPPING_GENES::14 genes overlap another gene on the same strand.
PROKKA_NC_007793/PROKKA_NC_007793:Gene	mecR1	sccmec_saures_NC_007793_l55211:7522-8508	NC_007793_SCCmec_00009
PROKKA_NC_007793/PROKKA_NC_007793:Gene	NC_007793_SCCmec_00010	sccmec_saures_NC_007793_l55211:8468-8740	NC_007793_SCCmec_00010
PROKKA_NC_007793/PROKKA_NC_007793:Gene	NC_007793_SCCmec_00017	sccmec_saures_NC_007793_l55211:c17201-15414	NC_007793_SCCmec_00017
PROKKA_NC_007793/PROKKA_NC_007793:Gene	NC_007793_SCCmec_00018	sccmec_saures_NC_007793_l55211:c17491-17201	NC_007793_SCCmec_00018
PROKKA_NC_007793/PROKKA_NC_007793:Gene	NC_007793_SCCmec_00022	sccmec_saures_NC_007793_l55211:22644-22781	NC_007793_SCCmec_00022
PROKKA_NC_007793/PROKKA_NC_007793:Gene	NC_007793_SCCmec_00023	sccmec_saures_NC_007793_l55211:22778-23149	NC_007793_SCCmec_00023
PROKKA_NC_007793/PROKKA_NC_007793:Gene	NC_007793_SCCmec_00036	sccmec_saures_NC_007793_l55211:c32928-32836	NC_007793_SCCmec_00036
PROKKA_NC_007793/PROKKA_NC_007793:Gene	NC_007793_SCCmec_00037	sccmec_saures_NC_007793_l55211:c33271-32921	NC_007793_SCCmec_00037
PROKKA_NC_007793/PROKKA_NC_007793:Gene	cmoB	sccmec_saures_NC_007793_l55211:45994-46686	NC_007793_SCCmec_00049
PROKKA_NC_007793/PROKKA_NC_007793:Gene	nikA	sccmec_saures_NC_007793_l55211:46683-48236	NC_007793_SCCmec_00050
PROKKA_NC_007793/PROKKA_NC_007793:Gene	nikB	sccmec_saures_NC_007793_l55211:48239-49195	NC_007793_SCCmec_00051
PROKKA_NC_007793/PROKKA_NC_007793:Gene	gsiD	sccmec_saures_NC_007793_l55211:49195-49962	NC_007793_SCCmec_00052
PROKKA_NC_007793/PROKKA_NC_007793:Gene	oppD	sccmec_saures_NC_007793_l55211:49929-50696	NC_007793_SCCmec_00053
PROKKA_NC_007793/PROKKA_NC_007793:Gene	nikE	sccmec_saures_NC_007793_l55211:50689-51324	NC_007793_SCCmec_00054

DiscRep_ALL:DISC_QUALITY_SCORES::Quality scores are missing on all sequences.

DiscRep_ALL:ONCALLER_COMMENT_PRESENT::1 comment descriptors were found (all same)
PROKKA_NC_007793/PROKKA_NC_007793:sccmec_saures_NC_007793_l55211:Annotated using prokka 1.12 from https://github.com/tseemann/prokka

DiscRep_ALL:SHORT_PROT_SEQUENCES::2 protein sequences are shorter than 50 aa.
PROKKA_NC_007793/PROKKA_NC_007793:sccmec_saures_NC_007793_l55211_22 (length 45)
PROKKA_NC_007793/PROKKA_NC_007793:sccmec_saures_NC_007793_l55211_36 (length 30)

DiscRep_ALL:MISSING_GENOMEASSEMBLY_COMMENTS::1 bioseqs are missing GenomeAssembly structured comments
PROKKA_NC_007793/PROKKA_NC_007793:sccmec_saures_NC_007793_l55211 (length 55211)

DiscRep_ALL:MOLTYPE_NOT_MRNA::1 molecule types are not set as mRNA.
PROKKA_NC_007793/PROKKA_NC_007793:sccmec_saures_NC_007793_l55211 (length 55211)

DiscRep_ALL:TECHNIQUE_NOT_TSA::1 technique are not set as TSA
PROKKA_NC_007793/PROKKA_NC_007793:sccmec_saures_NC_007793_l55211 (length 55211)

DiscRep_ALL:MISSING_STRUCTURED_COMMENT::1 sequences do not include structured comments.
PROKKA_NC_007793/PROKKA_NC_007793:sccmec_saures_NC_007793_l55211 (length 55211)

DiscRep_ALL:MISSING_PROJECT::57 sequences do not include project.
PROKKA_NC_007793/PROKKA_NC_007793:sccmec_saures_NC_007793_l55211 (length 55211)
PROKKA_NC_007793/PROKKA_NC_007793:sccmec_saures_NC_007793_l55211_1 (length 159)
PROKKA_NC_007793/PROKKA_NC_007793:sccmec_saures_NC_007793_l55211_2 (length 418)
PROKKA_NC_007793/PROKKA_NC_007793:sccmec_saures_NC_007793_l55211_3 (length 224)
PROKKA_NC_007793/PROKKA_NC_007793:sccmec_saures_NC_007793_l55211_4 (length 55)
PROKKA_NC_007793/PROKKA_NC_007793:sccmec_saures_NC_007793_l55211_5 (length 76)
PROKKA_NC_007793/PROKKA_NC_007793:sccmec_saures_NC_007793_l55211_6 (length 247)
PROKKA_NC_007793/PROKKA_NC_007793:sccmec_saures_NC_007793_l55211_7 (length 142)
PROKKA_NC_007793/PROKKA_NC_007793:sccmec_saures_NC_007793_l55211_8 (length 668)
PROKKA_NC_007793/PROKKA_NC_007793:sccmec_saures_NC_007793_l55211_9 (length 328)
PROKKA_NC_007793/PROKKA_NC_007793:sccmec_saures_NC_007793_l55211_10 (length 90)
PROKKA_NC_007793/PROKKA_NC_007793:sccmec_saures_NC_007793_l55211_11 (length 507)
PROKKA_NC_007793/PROKKA_NC_007793:sccmec_saures_NC_007793_l55211_12 (length 168)
PROKKA_NC_007793/PROKKA_NC_007793:sccmec_saures_NC_007793_l55211_13 (length 103)
PROKKA_NC_007793/PROKKA_NC_007793:sccmec_saures_NC_007793_l55211_14 (length 116)
PROKKA_NC_007793/PROKKA_NC_007793:sccmec_saures_NC_007793_l55211_15 (length 542)
PROKKA_NC_007793/PROKKA_NC_007793:sccmec_saures_NC_007793_l55211_16 (length 449)
PROKKA_NC_007793/PROKKA_NC_007793:sccmec_saures_NC_007793_l55211_17 (length 595)
PROKKA_NC_007793/PROKKA_NC_007793:sccmec_saures_NC_007793_l55211_18 (length 96)
PROKKA_NC_007793/PROKKA_NC_007793:sccmec_saures_NC_007793_l55211_19 (length 363)
PROKKA_NC_007793/PROKKA_NC_007793:sccmec_saures_NC_007793_l55211_20 (length 496)
PROKKA_NC_007793/PROKKA_NC_007793:sccmec_saures_NC_007793_l55211_21 (length 334)
PROKKA_NC_007793/PROKKA_NC_007793:sccmec_saures_NC_007793_l55211_22 (length 45)
PROKKA_NC_007793/PROKKA_NC_007793:sccmec_saures_NC_007793_l55211_23 (length 123)
PROKKA_NC_007793/PROKKA_NC_007793:sccmec_saures_NC_007793_l55211_24 (length 206)
PROKKA_NC_007793/PROKKA_NC_007793:sccmec_saures_NC_007793_l55211_25 (length 56)
PROKKA_NC_007793/PROKKA_NC_007793:sccmec_saures_NC_007793_l55211_26 (length 321)
PROKKA_NC_007793/PROKKA_NC_007793:sccmec_saures_NC_007793_l55211_27 (length 109)
PROKKA_NC_007793/PROKKA_NC_007793:sccmec_saures_NC_007793_l55211_28 (length 119)
PROKKA_NC_007793/PROKKA_NC_007793:sccmec_saures_NC_007793_l55211_29 (length 269)
PROKKA_NC_007793/PROKKA_NC_007793:sccmec_saures_NC_007793_l55211_30 (length 60)
PROKKA_NC_007793/PROKKA_NC_007793:sccmec_saures_NC_007793_l55211_31 (length 165)
PROKKA_NC_007793/PROKKA_NC_007793:sccmec_saures_NC_007793_l55211_32 (length 375)
PROKKA_NC_007793/PROKKA_NC_007793:sccmec_saures_NC_007793_l55211_33 (length 74)
PROKKA_NC_007793/PROKKA_NC_007793:sccmec_saures_NC_007793_l55211_34 (length 167)
PROKKA_NC_007793/PROKKA_NC_007793:sccmec_saures_NC_007793_l55211_35 (length 103)
PROKKA_NC_007793/PROKKA_NC_007793:sccmec_saures_NC_007793_l55211_36 (length 30)
PROKKA_NC_007793/PROKKA_NC_007793:sccmec_saures_NC_007793_l55211_37 (length 116)
PROKKA_NC_007793/PROKKA_NC_007793:sccmec_saures_NC_007793_l55211_38 (length 283)
PROKKA_NC_007793/PROKKA_NC_007793:sccmec_saures_NC_007793_l55211_39 (length 309)
PROKKA_NC_007793/PROKKA_NC_007793:sccmec_saures_NC_007793_l55211_40 (length 332)
PROKKA_NC_007793/PROKKA_NC_007793:sccmec_saures_NC_007793_l55211_41 (length 229)
PROKKA_NC_007793/PROKKA_NC_007793:sccmec_saures_NC_007793_l55211_42 (length 473)
PROKKA_NC_007793/PROKKA_NC_007793:sccmec_saures_NC_007793_l55211_43 (length 411)
PROKKA_NC_007793/PROKKA_NC_007793:sccmec_saures_NC_007793_l55211_44 (length 148)
PROKKA_NC_007793/PROKKA_NC_007793:sccmec_saures_NC_007793_l55211_45 (length 143)
PROKKA_NC_007793/PROKKA_NC_007793:sccmec_saures_NC_007793_l55211_46 (length 81)
PROKKA_NC_007793/PROKKA_NC_007793:sccmec_saures_NC_007793_l55211_47 (length 271)
PROKKA_NC_007793/PROKKA_NC_007793:sccmec_saures_NC_007793_l55211_48 (length 357)
PROKKA_NC_007793/PROKKA_NC_007793:sccmec_saures_NC_007793_l55211_49 (length 230)
PROKKA_NC_007793/PROKKA_NC_007793:sccmec_saures_NC_007793_l55211_50 (length 517)
PROKKA_NC_007793/PROKKA_NC_007793:sccmec_saures_NC_007793_l55211_51 (length 318)
PROKKA_NC_007793/PROKKA_NC_007793:sccmec_saures_NC_007793_l55211_52 (length 255)
PROKKA_NC_007793/PROKKA_NC_007793:sccmec_saures_NC_007793_l55211_53 (length 255)
PROKKA_NC_007793/PROKKA_NC_007793:sccmec_saures_NC_007793_l55211_54 (length 211)
PROKKA_NC_007793/PROKKA_NC_007793:sccmec_saures_NC_007793_l55211_55 (length 707)
PROKKA_NC_007793/PROKKA_NC_007793:sccmec_saures_NC_007793_l55211_56 (length 181)

DiscRep_ALL:DISC_INCONSISTENT_MOLINFO_TECH::Molinfo Technique Report (some missing, all same)
DiscRep_SUB:DISC_INCONSISTENT_MOLINFO_TECH::technique (all missing)
DiscRep_SUB:DISC_INCONSISTENT_MOLINFO_TECH::1 Molinfos are missing field technique
PROKKA_NC_007793/PROKKA_NC_007793:sccmec_saures_NC_007793_l55211 (length 55211)

