[17:17:00] This is prokka 1.12
[17:17:00] Written by Torsten Seemann <torsten.seemann@gmail.com>
[17:17:00] Homepage is https://github.com/tseemann/prokka
[17:17:00] Local time is Mon May 15 17:17:00 2017
[17:17:00] You are fsepulveda
[17:17:00] Operating system is linux
[17:17:00] You have BioPerl 1.006924
[17:17:00] System has 4 cores.
[17:17:00] Option --cpu asked for 8 cores, but system only has 4
[17:17:00] Will use maximum of 4 cores.
[17:17:00] Annotating as >>> Bacteria <<<
[17:17:00] Creating new output folder: PROKKA_NZ_CP018766
[17:17:00] Running: mkdir -p PROKKA_NZ_CP018766
[17:17:00] Using filename prefix: PROKKA_NZ_CP018766.XXX
[17:17:00] Setting HMMER_NCPU=1
[17:17:00] Writing log to: PROKKA_NZ_CP018766/PROKKA_NZ_CP018766.log
[17:17:00] Command: /home/fsepulveda/Desktop/tesis/sccmec_classification/prokka-1.12/bin/prokka --genus Staphylococcus --prefix PROKKA_NZ_CP018766 --addgenes --addmrna --locustag NZ_CP018766_SCCmec /home/fsepulveda/Documents/parte2/229_sccmec/sccmec_NZ_CP018766.fasta
[17:17:00] Appending to PATH: /home/fsepulveda/Desktop/tesis/sccmec_classification/prokka-1.12/bin/../binaries/linux
[17:17:00] Appending to PATH: /home/fsepulveda/Desktop/tesis/sccmec_classification/prokka-1.12/bin/../binaries/linux/../common
[17:17:00] Appending to PATH: /home/fsepulveda/Desktop/tesis/sccmec_classification/prokka-1.12/bin
[17:17:00] Looking for 'aragorn' - found /home/fsepulveda/Desktop/tesis/sccmec_classification/prokka-1.12/bin/../binaries/linux/aragorn
[17:17:00] Determined aragorn version is 1.2
[17:17:00] Looking for 'blastp' - found /usr/bin/blastp
[17:17:00] Determined blastp version is 2.2
[17:17:00] Looking for 'cmpress' - found /usr/bin/cmpress
[17:17:00] Determined cmpress version is 1.1
[17:17:00] Looking for 'cmscan' - found /usr/bin/cmscan
[17:17:00] Determined cmscan version is 1.1
[17:17:00] Looking for 'egrep' - found /bin/egrep
[17:17:00] Looking for 'find' - found /usr/bin/find
[17:17:00] Looking for 'grep' - found /bin/grep
[17:17:00] Looking for 'hmmpress' - found /usr/bin/hmmpress
[17:17:00] Determined hmmpress version is 3.1
[17:17:00] Looking for 'hmmscan' - found /usr/bin/hmmscan
[17:17:00] Determined hmmscan version is 3.1
[17:17:00] Looking for 'java' - found /usr/bin/java
[17:17:00] Looking for 'less' - found /usr/bin/less
[17:17:00] Looking for 'makeblastdb' - found /usr/bin/makeblastdb
[17:17:00] Determined makeblastdb version is 2.2
[17:17:00] Looking for 'minced' - found /home/fsepulveda/Desktop/tesis/sccmec_classification/prokka-1.12/bin/../binaries/linux/../common/minced
[17:17:01] Determined minced version is 2.0
[17:17:01] Looking for 'parallel' - found /home/fsepulveda/Desktop/tesis/sccmec_classification/prokka-1.12/bin/../binaries/linux/../common/parallel
[17:17:01] Determined parallel version is 20150122
[17:17:01] Looking for 'prodigal' - found /home/fsepulveda/Desktop/tesis/sccmec_classification/prokka-1.12/bin/../binaries/linux/prodigal
[17:17:01] Determined prodigal version is 2.6
[17:17:01] Looking for 'prokka-genbank_to_fasta_db' - found /home/fsepulveda/Desktop/tesis/sccmec_classification/prokka-1.12/bin/prokka-genbank_to_fasta_db
[17:17:01] Looking for 'sed' - found /bin/sed
[17:17:01] Looking for 'tbl2asn' - found /home/fsepulveda/Desktop/tesis/sccmec_classification/prokka-1.12/bin/../binaries/linux/tbl2asn
[17:17:01] Determined tbl2asn version is 25.3
[17:17:01] Using genetic code table 11.
[17:17:01] Loading and checking input file: /home/fsepulveda/Documents/parte2/229_sccmec/sccmec_NZ_CP018766.fasta
[17:17:01] Wrote 1 contigs totalling 86321 bp.
[17:17:01] Predicting tRNAs and tmRNAs
[17:17:01] Running: aragorn -l -gc11  -w PROKKA_NZ_CP018766\/PROKKA_NZ_CP018766\.fna
[17:17:01] Found 0 tRNAs
[17:17:01] Predicting Ribosomal RNAs
[17:17:01] You need either Barrnap or RNAmmer installed to predict rRNAs!
[17:17:01] Skipping ncRNA search, enable with --rfam if desired.
[17:17:01] Total of 0 tRNA + rRNA features
[17:17:01] Searching for CRISPR repeats
[17:17:01] Found 0 CRISPRs
[17:17:01] Predicting coding sequences
[17:17:01] Contigs total 86321 bp, so using meta mode
[17:17:01] Running: prodigal -i PROKKA_NZ_CP018766\/PROKKA_NZ_CP018766\.fna -c -m -g 11 -p meta -f sco -q
[17:17:01] Found 83 CDS
[17:17:01] Connecting features back to sequences
[17:17:01] Not using genus-specific database. Try --usegenus to enable it.
[17:17:01] Annotating CDS, please be patient.
[17:17:01] Will use 4 CPUs for similarity searching.
[17:17:01] There are still 83 unannotated CDS left (started with 83)
[17:17:01] Will use blast to search against /home/fsepulveda/Desktop/tesis/sccmec_classification/prokka-1.12/bin/../db/kingdom/Bacteria/sprot with 4 CPUs
[17:17:01] Running: cat PROKKA_NZ_CP018766\/sprot\.faa | parallel --gnu --plain -j 4 --block 2960 --recstart '>' --pipe blastp -query - -db /home/fsepulveda/Desktop/tesis/sccmec_classification/prokka-1.12/bin/../db/kingdom/Bacteria/sprot -evalue 1e-06 -num_threads 1 -num_descriptions 1 -num_alignments 1 -seg no > PROKKA_NZ_CP018766\/sprot\.blast 2> /dev/null
[17:17:04] Modify product: Uncharacterized methyltransferase YcgJ => putative methyltransferase YcgJ
[17:17:04] Cleaned 1 /product names
[17:17:04] Deleting unwanted file: PROKKA_NZ_CP018766/sprot.faa
[17:17:04] Deleting unwanted file: PROKKA_NZ_CP018766/sprot.blast
[17:17:04] There are still 45 unannotated CDS left (started with 83)
[17:17:04] Will use hmmer3 to search against /home/fsepulveda/Desktop/tesis/sccmec_classification/prokka-1.12/bin/../db/hmm/HAMAP.hmm with 4 CPUs
[17:17:04] Running: cat PROKKA_NZ_CP018766\/HAMAP\.hmm\.faa | parallel --gnu --plain -j 4 --block 1039 --recstart '>' --pipe hmmscan --noali --notextw --acc -E 1e-06 --cpu 1 /home/fsepulveda/Desktop/tesis/sccmec_classification/prokka-1.12/bin/../db/hmm/HAMAP.hmm /dev/stdin > PROKKA_NZ_CP018766\/HAMAP\.hmm\.hmmer3 2> /dev/null
[17:17:05] Deleting unwanted file: PROKKA_NZ_CP018766/HAMAP.hmm.faa
[17:17:05] Deleting unwanted file: PROKKA_NZ_CP018766/HAMAP.hmm.hmmer3
[17:17:05] Labelling remaining 44 proteins as 'hypothetical protein'
[17:17:05] Possible /pseudo 'UDP-N-acetylmuramoyl-tripeptide--D-alanyl-D-alanine ligase' at sccmec_saures_NZ_CP018766_l86321 position 38595
[17:17:05] Possible /pseudo 'Tyrosine recombinase XerC' at sccmec_saures_NZ_CP018766_l86321 position 59230
[17:17:05] Possible /pseudo 'DNA-invertase hin' at sccmec_saures_NZ_CP018766_l86321 position 64212
[17:17:05] Found 34 unique /gene codes.
[17:17:05] Fixed 3 duplicate /gene - hin_1 hin_2 hin_3
[17:17:05] Fixed 2 duplicate /gene - xerC_1 xerC_2
[17:17:05] Fixed 2 duplicate /gene - murF_1 murF_2
[17:17:05] Fixed 2 duplicate /gene - pspE_1 pspE_2
[17:17:05] Fixed 4 colliding /gene names.
[17:17:05] Adding /locus_tag identifiers
[17:17:05] Assigned 83 locus_tags to CDS and RNA features.
[17:17:05] Writing outputs to PROKKA_NZ_CP018766/
[17:17:05] Generating annotation statistics file
[17:17:05] Generating Genbank and Sequin files
[17:17:05] Running: tbl2asn -V b -a r10k -l paired-ends -M n -N 1 -y 'Annotated using prokka 1.12 from https://github.com/tseemann/prokka' -Z PROKKA_NZ_CP018766\/PROKKA_NZ_CP018766\.err -i PROKKA_NZ_CP018766\/PROKKA_NZ_CP018766\.fsa 2> /dev/null
[17:17:05] Deleting unwanted file: PROKKA_NZ_CP018766/errorsummary.val
[17:17:05] Deleting unwanted file: PROKKA_NZ_CP018766/PROKKA_NZ_CP018766.dr
[17:17:05] Deleting unwanted file: PROKKA_NZ_CP018766/PROKKA_NZ_CP018766.fixedproducts
[17:17:05] Deleting unwanted file: PROKKA_NZ_CP018766/PROKKA_NZ_CP018766.ecn
[17:17:05] Deleting unwanted file: PROKKA_NZ_CP018766/PROKKA_NZ_CP018766.val
[17:17:05] Repairing broken .GBK output that tbl2asn produces...
[17:17:05] Running: sed 's/COORDINATES: profile/COORDINATES:profile/' < PROKKA_NZ_CP018766\/PROKKA_NZ_CP018766\.gbf > PROKKA_NZ_CP018766\/PROKKA_NZ_CP018766\.gbk
[17:17:05] Deleting unwanted file: PROKKA_NZ_CP018766/PROKKA_NZ_CP018766.gbf
[17:17:05] Output files:
[17:17:05] PROKKA_NZ_CP018766/PROKKA_NZ_CP018766.ffn
[17:17:05] PROKKA_NZ_CP018766/PROKKA_NZ_CP018766.fsa
[17:17:05] PROKKA_NZ_CP018766/PROKKA_NZ_CP018766.fna
[17:17:05] PROKKA_NZ_CP018766/PROKKA_NZ_CP018766.gbk
[17:17:05] PROKKA_NZ_CP018766/PROKKA_NZ_CP018766.tsv
[17:17:05] PROKKA_NZ_CP018766/PROKKA_NZ_CP018766.sqn
[17:17:05] PROKKA_NZ_CP018766/PROKKA_NZ_CP018766.txt
[17:17:05] PROKKA_NZ_CP018766/PROKKA_NZ_CP018766.tbl
[17:17:05] PROKKA_NZ_CP018766/PROKKA_NZ_CP018766.log
[17:17:05] PROKKA_NZ_CP018766/PROKKA_NZ_CP018766.err
[17:17:05] PROKKA_NZ_CP018766/PROKKA_NZ_CP018766.faa
[17:17:05] PROKKA_NZ_CP018766/PROKKA_NZ_CP018766.gff
[17:17:05] Annotation finished successfully.
[17:17:05] Walltime used: 0.08 minutes
[17:17:05] If you use this result please cite the Prokka paper:
[17:17:05] Seemann T (2014) Prokka: rapid prokaryotic genome annotation. Bioinformatics. 30(14):2068-9.
[17:17:05] Type 'prokka --citation' for more details.
[17:17:05] Share and enjoy!
