Discrepancy Report Results

Summary
FATAL: BAD_LOCUS_TAG_FORMAT:76 locus tags are incorrectly formatted.
FATAL: MISSING_PROTEIN_ID:76 proteins have invalid IDs.
DISC_SOURCE_QUALS_ASNDISC:strain (all present, all unique)
DISC_SOURCE_QUALS_ASNDISC:taxname (all present, all unique)
DISC_FEATURE_COUNT:gene: 76 present
DISC_FEATURE_COUNT:CDS: 76 present
DISC_FEATURE_COUNT:mRNA: 76 present
DISC_COUNT_NUCLEOTIDES:1 nucleotide Bioseqs are present
OVERLAPPING_GENES:17 genes overlap another gene on the same strand.
OVERLAPPING_CDS:2 coding regions overlap another coding region with a similar or identical name.
DISC_QUALITY_SCORES:Quality scores are missing on all sequences.
ONCALLER_COMMENT_PRESENT:1 comment descriptors were found (all same)
SHORT_PROT_SEQUENCES:2 protein sequences are shorter than 50 aa.
MISSING_GENOMEASSEMBLY_COMMENTS:1 bioseqs are missing GenomeAssembly structured comments
MOLTYPE_NOT_MRNA:1 molecule types are not set as mRNA.
TECHNIQUE_NOT_TSA:1 technique are not set as TSA
MISSING_STRUCTURED_COMMENT:1 sequences do not include structured comments.
MISSING_PROJECT:77 sequences do not include project.
DISC_INCONSISTENT_MOLINFO_TECH:Molinfo Technique Report (some missing, all same)


Detailed Report

FATAL: DiscRep_ALL:BAD_LOCUS_TAG_FORMAT::76 locus tags are incorrectly formatted.
PROKKA_NC_022604/PROKKA_NC_022604:Gene	rlmH	sccmec_saures_NC_022604_l67292:1-480	NC_022604_SCCmec_00001
PROKKA_NC_022604/PROKKA_NC_022604:Gene	NC_022604_SCCmec_00002	sccmec_saures_NC_022604_l67292:522-677	NC_022604_SCCmec_00002
PROKKA_NC_022604/PROKKA_NC_022604:Gene	NC_022604_SCCmec_00003	sccmec_saures_NC_022604_l67292:726-1031	NC_022604_SCCmec_00003
PROKKA_NC_022604/PROKKA_NC_022604:Gene	NC_022604_SCCmec_00004	sccmec_saures_NC_022604_l67292:1230-2093	NC_022604_SCCmec_00004
PROKKA_NC_022604/PROKKA_NC_022604:Gene	NC_022604_SCCmec_00005	sccmec_saures_NC_022604_l67292:2177-3676	NC_022604_SCCmec_00005
PROKKA_NC_022604/PROKKA_NC_022604:Gene	NC_022604_SCCmec_00006	sccmec_saures_NC_022604_l67292:3902-5002	NC_022604_SCCmec_00006
PROKKA_NC_022604/PROKKA_NC_022604:Gene	NC_022604_SCCmec_00007	sccmec_saures_NC_022604_l67292:4995-5366	NC_022604_SCCmec_00007
PROKKA_NC_022604/PROKKA_NC_022604:Gene	NC_022604_SCCmec_00008	sccmec_saures_NC_022604_l67292:5363-7006	NC_022604_SCCmec_00008
PROKKA_NC_022604/PROKKA_NC_022604:Gene	hin_1	sccmec_saures_NC_022604_l67292:7231-8916	NC_022604_SCCmec_00009
PROKKA_NC_022604/PROKKA_NC_022604:Gene	NC_022604_SCCmec_00010	sccmec_saures_NC_022604_l67292:8964-9449	NC_022604_SCCmec_00010
PROKKA_NC_022604/PROKKA_NC_022604:Gene	NC_022604_SCCmec_00011	sccmec_saures_NC_022604_l67292:9707-10081	NC_022604_SCCmec_00011
PROKKA_NC_022604/PROKKA_NC_022604:Gene	NC_022604_SCCmec_00012	sccmec_saures_NC_022604_l67292:10160-10486	NC_022604_SCCmec_00012
PROKKA_NC_022604/PROKKA_NC_022604:Gene	NC_022604_SCCmec_00013	sccmec_saures_NC_022604_l67292:10502-11008	NC_022604_SCCmec_00013
PROKKA_NC_022604/PROKKA_NC_022604:Gene	NC_022604_SCCmec_00014	sccmec_saures_NC_022604_l67292:11029-11346	NC_022604_SCCmec_00014
PROKKA_NC_022604/PROKKA_NC_022604:Gene	xerC_1	sccmec_saures_NC_022604_l67292:11465-12550	NC_022604_SCCmec_00015
PROKKA_NC_022604/PROKKA_NC_022604:Gene	xerC_2	sccmec_saures_NC_022604_l67292:12547-14094	NC_022604_SCCmec_00016
PROKKA_NC_022604/PROKKA_NC_022604:Gene	NC_022604_SCCmec_00017	sccmec_saures_NC_022604_l67292:14122-14439	NC_022604_SCCmec_00017
PROKKA_NC_022604/PROKKA_NC_022604:Gene	NC_022604_SCCmec_00018	sccmec_saures_NC_022604_l67292:14446-14823	NC_022604_SCCmec_00018
PROKKA_NC_022604/PROKKA_NC_022604:Gene	ant1	sccmec_saures_NC_022604_l67292:14974-15756	NC_022604_SCCmec_00019
PROKKA_NC_022604/PROKKA_NC_022604:Gene	ermA1	sccmec_saures_NC_022604_l67292:c16613-15882	NC_022604_SCCmec_00020
PROKKA_NC_022604/PROKKA_NC_022604:Gene	ycgJ	sccmec_saures_NC_022604_l67292:17122-17784	NC_022604_SCCmec_00021
PROKKA_NC_022604/PROKKA_NC_022604:Gene	NC_022604_SCCmec_00022	sccmec_saures_NC_022604_l67292:18332-19204	NC_022604_SCCmec_00022
PROKKA_NC_022604/PROKKA_NC_022604:Gene	NC_022604_SCCmec_00023	sccmec_saures_NC_022604_l67292:19243-19551	NC_022604_SCCmec_00023
PROKKA_NC_022604/PROKKA_NC_022604:Gene	NC_022604_SCCmec_00024	sccmec_saures_NC_022604_l67292:19567-20055	NC_022604_SCCmec_00024
PROKKA_NC_022604/PROKKA_NC_022604:Gene	NC_022604_SCCmec_00025	sccmec_saures_NC_022604_l67292:20190-20717	NC_022604_SCCmec_00025
PROKKA_NC_022604/PROKKA_NC_022604:Gene	NC_022604_SCCmec_00026	sccmec_saures_NC_022604_l67292:20780-21196	NC_022604_SCCmec_00026
PROKKA_NC_022604/PROKKA_NC_022604:Gene	NC_022604_SCCmec_00027	sccmec_saures_NC_022604_l67292:21663-21884	NC_022604_SCCmec_00027
PROKKA_NC_022604/PROKKA_NC_022604:Gene	NC_022604_SCCmec_00028	sccmec_saures_NC_022604_l67292:22036-22602	NC_022604_SCCmec_00028
PROKKA_NC_022604/PROKKA_NC_022604:Gene	hsdR	sccmec_saures_NC_022604_l67292:c24871-22682	NC_022604_SCCmec_00029
PROKKA_NC_022604/PROKKA_NC_022604:Gene	NC_022604_SCCmec_00030	sccmec_saures_NC_022604_l67292:c25631-24957	NC_022604_SCCmec_00030
PROKKA_NC_022604/PROKKA_NC_022604:Gene	garB	sccmec_saures_NC_022604_l67292:25899-27260	NC_022604_SCCmec_00031
PROKKA_NC_022604/PROKKA_NC_022604:Gene	merR1	sccmec_saures_NC_022604_l67292:27560-27967	NC_022604_SCCmec_00032
PROKKA_NC_022604/PROKKA_NC_022604:Gene	stoA	sccmec_saures_NC_022604_l67292:27984-28469	NC_022604_SCCmec_00033
PROKKA_NC_022604/PROKKA_NC_022604:Gene	NC_022604_SCCmec_00034	sccmec_saures_NC_022604_l67292:28466-29146	NC_022604_SCCmec_00034
PROKKA_NC_022604/PROKKA_NC_022604:Gene	NC_022604_SCCmec_00035	sccmec_saures_NC_022604_l67292:29234-29620	NC_022604_SCCmec_00035
PROKKA_NC_022604/PROKKA_NC_022604:Gene	merA	sccmec_saures_NC_022604_l67292:29678-31321	NC_022604_SCCmec_00036
PROKKA_NC_022604/PROKKA_NC_022604:Gene	merB	sccmec_saures_NC_022604_l67292:31403-32053	NC_022604_SCCmec_00037
PROKKA_NC_022604/PROKKA_NC_022604:Gene	NC_022604_SCCmec_00038	sccmec_saures_NC_022604_l67292:c32796-32248	NC_022604_SCCmec_00038
PROKKA_NC_022604/PROKKA_NC_022604:Gene	NC_022604_SCCmec_00039	sccmec_saures_NC_022604_l67292:c33556-32882	NC_022604_SCCmec_00039
PROKKA_NC_022604/PROKKA_NC_022604:Gene	hsrA	sccmec_saures_NC_022604_l67292:33843-34640	NC_022604_SCCmec_00040
PROKKA_NC_022604/PROKKA_NC_022604:Gene	NC_022604_SCCmec_00041	sccmec_saures_NC_022604_l67292:34597-35133	NC_022604_SCCmec_00041
PROKKA_NC_022604/PROKKA_NC_022604:Gene	pre	sccmec_saures_NC_022604_l67292:35322-36563	NC_022604_SCCmec_00042
PROKKA_NC_022604/PROKKA_NC_022604:Gene	NC_022604_SCCmec_00043	sccmec_saures_NC_022604_l67292:36749-36850	NC_022604_SCCmec_00043
PROKKA_NC_022604/PROKKA_NC_022604:Gene	repN	sccmec_saures_NC_022604_l67292:37241-38044	NC_022604_SCCmec_00044
PROKKA_NC_022604/PROKKA_NC_022604:Gene	NC_022604_SCCmec_00045	sccmec_saures_NC_022604_l67292:c38799-38452	NC_022604_SCCmec_00045
PROKKA_NC_022604/PROKKA_NC_022604:Gene	NC_022604_SCCmec_00046	sccmec_saures_NC_022604_l67292:39057-39224	NC_022604_SCCmec_00046
PROKKA_NC_022604/PROKKA_NC_022604:Gene	NC_022604_SCCmec_00047	sccmec_saures_NC_022604_l67292:39322-39531	NC_022604_SCCmec_00047
PROKKA_NC_022604/PROKKA_NC_022604:Gene	ugpQ	sccmec_saures_NC_022604_l67292:40301-41044	NC_022604_SCCmec_00048
PROKKA_NC_022604/PROKKA_NC_022604:Gene	paaZ	sccmec_saures_NC_022604_l67292:41141-41569	NC_022604_SCCmec_00049
PROKKA_NC_022604/PROKKA_NC_022604:Gene	pbp	sccmec_saures_NC_022604_l67292:c43621-41615	NC_022604_SCCmec_00050
PROKKA_NC_022604/PROKKA_NC_022604:Gene	mecR1	sccmec_saures_NC_022604_l67292:43823-45478	NC_022604_SCCmec_00051
PROKKA_NC_022604/PROKKA_NC_022604:Gene	mecI	sccmec_saures_NC_022604_l67292:45478-45681	NC_022604_SCCmec_00052
PROKKA_NC_022604/PROKKA_NC_022604:Gene	nagC	sccmec_saures_NC_022604_l67292:46322-47470	NC_022604_SCCmec_00053
PROKKA_NC_022604/PROKKA_NC_022604:Gene	pspE_1	sccmec_saures_NC_022604_l67292:c47889-47584	NC_022604_SCCmec_00054
PROKKA_NC_022604/PROKKA_NC_022604:Gene	gloC	sccmec_saures_NC_022604_l67292:c48918-47980	NC_022604_SCCmec_00055
PROKKA_NC_022604/PROKKA_NC_022604:Gene	pspE_2	sccmec_saures_NC_022604_l67292:c50014-48950	NC_022604_SCCmec_00056
PROKKA_NC_022604/PROKKA_NC_022604:Gene	csoR	sccmec_saures_NC_022604_l67292:50150-50410	NC_022604_SCCmec_00057
PROKKA_NC_022604/PROKKA_NC_022604:Gene	NC_022604_SCCmec_00058	sccmec_saures_NC_022604_l67292:50425-51054	NC_022604_SCCmec_00058
PROKKA_NC_022604/PROKKA_NC_022604:Gene	NC_022604_SCCmec_00059	sccmec_saures_NC_022604_l67292:c51858-51322	NC_022604_SCCmec_00059
PROKKA_NC_022604/PROKKA_NC_022604:Gene	NC_022604_SCCmec_00060	sccmec_saures_NC_022604_l67292:c52013-51870	NC_022604_SCCmec_00060
PROKKA_NC_022604/PROKKA_NC_022604:Gene	cadA	sccmec_saures_NC_022604_l67292:c54435-52021	NC_022604_SCCmec_00061
PROKKA_NC_022604/PROKKA_NC_022604:Gene	cadC	sccmec_saures_NC_022604_l67292:c54793-54428	NC_022604_SCCmec_00062
PROKKA_NC_022604/PROKKA_NC_022604:Gene	NC_022604_SCCmec_00063	sccmec_saures_NC_022604_l67292:c55356-54979	NC_022604_SCCmec_00063
PROKKA_NC_022604/PROKKA_NC_022604:Gene	xerC_3	sccmec_saures_NC_022604_l67292:c57255-55363	NC_022604_SCCmec_00064
PROKKA_NC_022604/PROKKA_NC_022604:Gene	NC_022604_SCCmec_00065	sccmec_saures_NC_022604_l67292:c57773-57450	NC_022604_SCCmec_00065
PROKKA_NC_022604/PROKKA_NC_022604:Gene	NC_022604_SCCmec_00066	sccmec_saures_NC_022604_l67292:c57972-57766	NC_022604_SCCmec_00066
PROKKA_NC_022604/PROKKA_NC_022604:Gene	NC_022604_SCCmec_00067	sccmec_saures_NC_022604_l67292:c58495-57974	NC_022604_SCCmec_00067
PROKKA_NC_022604/PROKKA_NC_022604:Gene	NC_022604_SCCmec_00068	sccmec_saures_NC_022604_l67292:c58909-58514	NC_022604_SCCmec_00068
PROKKA_NC_022604/PROKKA_NC_022604:Gene	NC_022604_SCCmec_00069	sccmec_saures_NC_022604_l67292:c59260-58910	NC_022604_SCCmec_00069
PROKKA_NC_022604/PROKKA_NC_022604:Gene	hin_2	sccmec_saures_NC_022604_l67292:c61359-59731	NC_022604_SCCmec_00070
PROKKA_NC_022604/PROKKA_NC_022604:Gene	tnpR	sccmec_saures_NC_022604_l67292:c62726-61380	NC_022604_SCCmec_00071
PROKKA_NC_022604/PROKKA_NC_022604:Gene	NC_022604_SCCmec_00072	sccmec_saures_NC_022604_l67292:c63257-62919	NC_022604_SCCmec_00072
PROKKA_NC_022604/PROKKA_NC_022604:Gene	NC_022604_SCCmec_00073	sccmec_saures_NC_022604_l67292:c65071-63284	NC_022604_SCCmec_00073
PROKKA_NC_022604/PROKKA_NC_022604:Gene	NC_022604_SCCmec_00074	sccmec_saures_NC_022604_l67292:c65358-65071	NC_022604_SCCmec_00074
PROKKA_NC_022604/PROKKA_NC_022604:Gene	NC_022604_SCCmec_00075	sccmec_saures_NC_022604_l67292:65492-66541	NC_022604_SCCmec_00075
PROKKA_NC_022604/PROKKA_NC_022604:Gene	NC_022604_SCCmec_00076	sccmec_saures_NC_022604_l67292:66594-67166	NC_022604_SCCmec_00076

FATAL: DiscRep_ALL:MISSING_PROTEIN_ID::76 proteins have invalid IDs.
PROKKA_NC_022604/PROKKA_NC_022604:sccmec_saures_NC_022604_l67292_1 (length 159)
PROKKA_NC_022604/PROKKA_NC_022604:sccmec_saures_NC_022604_l67292_2 (length 51)
PROKKA_NC_022604/PROKKA_NC_022604:sccmec_saures_NC_022604_l67292_3 (length 101)
PROKKA_NC_022604/PROKKA_NC_022604:sccmec_saures_NC_022604_l67292_4 (length 287)
PROKKA_NC_022604/PROKKA_NC_022604:sccmec_saures_NC_022604_l67292_5 (length 499)
PROKKA_NC_022604/PROKKA_NC_022604:sccmec_saures_NC_022604_l67292_6 (length 366)
PROKKA_NC_022604/PROKKA_NC_022604:sccmec_saures_NC_022604_l67292_7 (length 123)
PROKKA_NC_022604/PROKKA_NC_022604:sccmec_saures_NC_022604_l67292_8 (length 547)
PROKKA_NC_022604/PROKKA_NC_022604:sccmec_saures_NC_022604_l67292_9 (length 561)
PROKKA_NC_022604/PROKKA_NC_022604:sccmec_saures_NC_022604_l67292_10 (length 161)
PROKKA_NC_022604/PROKKA_NC_022604:sccmec_saures_NC_022604_l67292_11 (length 124)
PROKKA_NC_022604/PROKKA_NC_022604:sccmec_saures_NC_022604_l67292_12 (length 108)
PROKKA_NC_022604/PROKKA_NC_022604:sccmec_saures_NC_022604_l67292_13 (length 168)
PROKKA_NC_022604/PROKKA_NC_022604:sccmec_saures_NC_022604_l67292_14 (length 105)
PROKKA_NC_022604/PROKKA_NC_022604:sccmec_saures_NC_022604_l67292_15 (length 361)
PROKKA_NC_022604/PROKKA_NC_022604:sccmec_saures_NC_022604_l67292_16 (length 515)
PROKKA_NC_022604/PROKKA_NC_022604:sccmec_saures_NC_022604_l67292_17 (length 105)
PROKKA_NC_022604/PROKKA_NC_022604:sccmec_saures_NC_022604_l67292_18 (length 125)
PROKKA_NC_022604/PROKKA_NC_022604:sccmec_saures_NC_022604_l67292_19 (length 260)
PROKKA_NC_022604/PROKKA_NC_022604:sccmec_saures_NC_022604_l67292_20 (length 243)
PROKKA_NC_022604/PROKKA_NC_022604:sccmec_saures_NC_022604_l67292_21 (length 220)
PROKKA_NC_022604/PROKKA_NC_022604:sccmec_saures_NC_022604_l67292_22 (length 290)
PROKKA_NC_022604/PROKKA_NC_022604:sccmec_saures_NC_022604_l67292_23 (length 102)
PROKKA_NC_022604/PROKKA_NC_022604:sccmec_saures_NC_022604_l67292_24 (length 162)
PROKKA_NC_022604/PROKKA_NC_022604:sccmec_saures_NC_022604_l67292_25 (length 175)
PROKKA_NC_022604/PROKKA_NC_022604:sccmec_saures_NC_022604_l67292_26 (length 138)
PROKKA_NC_022604/PROKKA_NC_022604:sccmec_saures_NC_022604_l67292_27 (length 73)
PROKKA_NC_022604/PROKKA_NC_022604:sccmec_saures_NC_022604_l67292_28 (length 188)
PROKKA_NC_022604/PROKKA_NC_022604:sccmec_saures_NC_022604_l67292_29 (length 729)
PROKKA_NC_022604/PROKKA_NC_022604:sccmec_saures_NC_022604_l67292_30 (length 224)
PROKKA_NC_022604/PROKKA_NC_022604:sccmec_saures_NC_022604_l67292_31 (length 453)
PROKKA_NC_022604/PROKKA_NC_022604:sccmec_saures_NC_022604_l67292_32 (length 135)
PROKKA_NC_022604/PROKKA_NC_022604:sccmec_saures_NC_022604_l67292_33 (length 161)
PROKKA_NC_022604/PROKKA_NC_022604:sccmec_saures_NC_022604_l67292_34 (length 226)
PROKKA_NC_022604/PROKKA_NC_022604:sccmec_saures_NC_022604_l67292_35 (length 128)
PROKKA_NC_022604/PROKKA_NC_022604:sccmec_saures_NC_022604_l67292_36 (length 547)
PROKKA_NC_022604/PROKKA_NC_022604:sccmec_saures_NC_022604_l67292_37 (length 216)
PROKKA_NC_022604/PROKKA_NC_022604:sccmec_saures_NC_022604_l67292_38 (length 182)
PROKKA_NC_022604/PROKKA_NC_022604:sccmec_saures_NC_022604_l67292_39 (length 224)
PROKKA_NC_022604/PROKKA_NC_022604:sccmec_saures_NC_022604_l67292_40 (length 265)
PROKKA_NC_022604/PROKKA_NC_022604:sccmec_saures_NC_022604_l67292_41 (length 178)
PROKKA_NC_022604/PROKKA_NC_022604:sccmec_saures_NC_022604_l67292_42 (length 413)
PROKKA_NC_022604/PROKKA_NC_022604:sccmec_saures_NC_022604_l67292_43 (length 33)
PROKKA_NC_022604/PROKKA_NC_022604:sccmec_saures_NC_022604_l67292_44 (length 267)
PROKKA_NC_022604/PROKKA_NC_022604:sccmec_saures_NC_022604_l67292_45 (length 115)
PROKKA_NC_022604/PROKKA_NC_022604:sccmec_saures_NC_022604_l67292_46 (length 55)
PROKKA_NC_022604/PROKKA_NC_022604:sccmec_saures_NC_022604_l67292_47 (length 69)
PROKKA_NC_022604/PROKKA_NC_022604:sccmec_saures_NC_022604_l67292_48 (length 247)
PROKKA_NC_022604/PROKKA_NC_022604:sccmec_saures_NC_022604_l67292_49 (length 142)
PROKKA_NC_022604/PROKKA_NC_022604:sccmec_saures_NC_022604_l67292_50 (length 668)
PROKKA_NC_022604/PROKKA_NC_022604:sccmec_saures_NC_022604_l67292_51 (length 551)
PROKKA_NC_022604/PROKKA_NC_022604:sccmec_saures_NC_022604_l67292_52 (length 67)
PROKKA_NC_022604/PROKKA_NC_022604:sccmec_saures_NC_022604_l67292_53 (length 382)
PROKKA_NC_022604/PROKKA_NC_022604:sccmec_saures_NC_022604_l67292_54 (length 101)
PROKKA_NC_022604/PROKKA_NC_022604:sccmec_saures_NC_022604_l67292_55 (length 312)
PROKKA_NC_022604/PROKKA_NC_022604:sccmec_saures_NC_022604_l67292_56 (length 354)
PROKKA_NC_022604/PROKKA_NC_022604:sccmec_saures_NC_022604_l67292_57 (length 86)
PROKKA_NC_022604/PROKKA_NC_022604:sccmec_saures_NC_022604_l67292_58 (length 209)
PROKKA_NC_022604/PROKKA_NC_022604:sccmec_saures_NC_022604_l67292_59 (length 178)
PROKKA_NC_022604/PROKKA_NC_022604:sccmec_saures_NC_022604_l67292_60 (length 47)
PROKKA_NC_022604/PROKKA_NC_022604:sccmec_saures_NC_022604_l67292_61 (length 804)
PROKKA_NC_022604/PROKKA_NC_022604:sccmec_saures_NC_022604_l67292_62 (length 121)
PROKKA_NC_022604/PROKKA_NC_022604:sccmec_saures_NC_022604_l67292_63 (length 125)
PROKKA_NC_022604/PROKKA_NC_022604:sccmec_saures_NC_022604_l67292_64 (length 630)
PROKKA_NC_022604/PROKKA_NC_022604:sccmec_saures_NC_022604_l67292_65 (length 107)
PROKKA_NC_022604/PROKKA_NC_022604:sccmec_saures_NC_022604_l67292_66 (length 68)
PROKKA_NC_022604/PROKKA_NC_022604:sccmec_saures_NC_022604_l67292_67 (length 173)
PROKKA_NC_022604/PROKKA_NC_022604:sccmec_saures_NC_022604_l67292_68 (length 131)
PROKKA_NC_022604/PROKKA_NC_022604:sccmec_saures_NC_022604_l67292_69 (length 116)
PROKKA_NC_022604/PROKKA_NC_022604:sccmec_saures_NC_022604_l67292_70 (length 542)
PROKKA_NC_022604/PROKKA_NC_022604:sccmec_saures_NC_022604_l67292_71 (length 448)
PROKKA_NC_022604/PROKKA_NC_022604:sccmec_saures_NC_022604_l67292_72 (length 112)
PROKKA_NC_022604/PROKKA_NC_022604:sccmec_saures_NC_022604_l67292_73 (length 595)
PROKKA_NC_022604/PROKKA_NC_022604:sccmec_saures_NC_022604_l67292_74 (length 95)
PROKKA_NC_022604/PROKKA_NC_022604:sccmec_saures_NC_022604_l67292_75 (length 349)
PROKKA_NC_022604/PROKKA_NC_022604:sccmec_saures_NC_022604_l67292_76 (length 190)

DiscRep_ALL:DISC_SOURCE_QUALS_ASNDISC::strain (all present, all unique)
DiscRep_SUB:DISC_SOURCE_QUALS_ASNDISC::1 sources have unique values for strain
DiscRep_ALL:DISC_SOURCE_QUALS_ASNDISC::taxname (all present, all unique)
DiscRep_SUB:DISC_SOURCE_QUALS_ASNDISC::1 sources have unique values for taxname
DiscRep_ALL:DISC_FEATURE_COUNT::gene: 76 present
DiscRep_ALL:DISC_FEATURE_COUNT::CDS: 76 present
DiscRep_ALL:DISC_FEATURE_COUNT::mRNA: 76 present
DiscRep_ALL:DISC_COUNT_NUCLEOTIDES::1 nucleotide Bioseqs are present
PROKKA_NC_022604/PROKKA_NC_022604:sccmec_saures_NC_022604_l67292 (length 67292)

DiscRep_ALL:OVERLAPPING_GENES::17 genes overlap another gene on the same strand.
PROKKA_NC_022604/PROKKA_NC_022604:Gene	NC_022604_SCCmec_00006	sccmec_saures_NC_022604_l67292:3902-5002	NC_022604_SCCmec_00006
PROKKA_NC_022604/PROKKA_NC_022604:Gene	NC_022604_SCCmec_00007	sccmec_saures_NC_022604_l67292:4995-5366	NC_022604_SCCmec_00007
PROKKA_NC_022604/PROKKA_NC_022604:Gene	NC_022604_SCCmec_00008	sccmec_saures_NC_022604_l67292:5363-7006	NC_022604_SCCmec_00008
PROKKA_NC_022604/PROKKA_NC_022604:Gene	xerC_1	sccmec_saures_NC_022604_l67292:11465-12550	NC_022604_SCCmec_00015
PROKKA_NC_022604/PROKKA_NC_022604:Gene	xerC_2	sccmec_saures_NC_022604_l67292:12547-14094	NC_022604_SCCmec_00016
PROKKA_NC_022604/PROKKA_NC_022604:Gene	stoA	sccmec_saures_NC_022604_l67292:27984-28469	NC_022604_SCCmec_00033
PROKKA_NC_022604/PROKKA_NC_022604:Gene	NC_022604_SCCmec_00034	sccmec_saures_NC_022604_l67292:28466-29146	NC_022604_SCCmec_00034
PROKKA_NC_022604/PROKKA_NC_022604:Gene	hsrA	sccmec_saures_NC_022604_l67292:33843-34640	NC_022604_SCCmec_00040
PROKKA_NC_022604/PROKKA_NC_022604:Gene	NC_022604_SCCmec_00041	sccmec_saures_NC_022604_l67292:34597-35133	NC_022604_SCCmec_00041
PROKKA_NC_022604/PROKKA_NC_022604:Gene	mecR1	sccmec_saures_NC_022604_l67292:43823-45478	NC_022604_SCCmec_00051
PROKKA_NC_022604/PROKKA_NC_022604:Gene	mecI	sccmec_saures_NC_022604_l67292:45478-45681	NC_022604_SCCmec_00052
PROKKA_NC_022604/PROKKA_NC_022604:Gene	cadA	sccmec_saures_NC_022604_l67292:c54435-52021	NC_022604_SCCmec_00061
PROKKA_NC_022604/PROKKA_NC_022604:Gene	cadC	sccmec_saures_NC_022604_l67292:c54793-54428	NC_022604_SCCmec_00062
PROKKA_NC_022604/PROKKA_NC_022604:Gene	NC_022604_SCCmec_00065	sccmec_saures_NC_022604_l67292:c57773-57450	NC_022604_SCCmec_00065
PROKKA_NC_022604/PROKKA_NC_022604:Gene	NC_022604_SCCmec_00066	sccmec_saures_NC_022604_l67292:c57972-57766	NC_022604_SCCmec_00066
PROKKA_NC_022604/PROKKA_NC_022604:Gene	NC_022604_SCCmec_00073	sccmec_saures_NC_022604_l67292:c65071-63284	NC_022604_SCCmec_00073
PROKKA_NC_022604/PROKKA_NC_022604:Gene	NC_022604_SCCmec_00074	sccmec_saures_NC_022604_l67292:c65358-65071	NC_022604_SCCmec_00074

DiscRep_ALL:OVERLAPPING_CDS::2 coding regions overlap another coding region with a similar or identical name.
DiscRep_SUB:OVERLAPPING_CDS::2 coding regions overlap another coding region with a similar or identical name that do not have the appropriate note text
PROKKA_NC_022604/PROKKA_NC_022604:CDS	Tyrosine recombinase XerC	sccmec_saures_NC_022604_l67292:11465-12550	NC_022604_SCCmec_00015
PROKKA_NC_022604/PROKKA_NC_022604:CDS	Tyrosine recombinase XerC	sccmec_saures_NC_022604_l67292:12547-14094	NC_022604_SCCmec_00016

DiscRep_ALL:DISC_QUALITY_SCORES::Quality scores are missing on all sequences.

DiscRep_ALL:ONCALLER_COMMENT_PRESENT::1 comment descriptors were found (all same)
PROKKA_NC_022604/PROKKA_NC_022604:sccmec_saures_NC_022604_l67292:Annotated using prokka 1.12 from https://github.com/tseemann/prokka

DiscRep_ALL:SHORT_PROT_SEQUENCES::2 protein sequences are shorter than 50 aa.
PROKKA_NC_022604/PROKKA_NC_022604:sccmec_saures_NC_022604_l67292_43 (length 33)
PROKKA_NC_022604/PROKKA_NC_022604:sccmec_saures_NC_022604_l67292_60 (length 47)

DiscRep_ALL:MISSING_GENOMEASSEMBLY_COMMENTS::1 bioseqs are missing GenomeAssembly structured comments
PROKKA_NC_022604/PROKKA_NC_022604:sccmec_saures_NC_022604_l67292 (length 67292)

DiscRep_ALL:MOLTYPE_NOT_MRNA::1 molecule types are not set as mRNA.
PROKKA_NC_022604/PROKKA_NC_022604:sccmec_saures_NC_022604_l67292 (length 67292)

DiscRep_ALL:TECHNIQUE_NOT_TSA::1 technique are not set as TSA
PROKKA_NC_022604/PROKKA_NC_022604:sccmec_saures_NC_022604_l67292 (length 67292)

DiscRep_ALL:MISSING_STRUCTURED_COMMENT::1 sequences do not include structured comments.
PROKKA_NC_022604/PROKKA_NC_022604:sccmec_saures_NC_022604_l67292 (length 67292)

DiscRep_ALL:MISSING_PROJECT::77 sequences do not include project.
PROKKA_NC_022604/PROKKA_NC_022604:sccmec_saures_NC_022604_l67292 (length 67292)
PROKKA_NC_022604/PROKKA_NC_022604:sccmec_saures_NC_022604_l67292_1 (length 159)
PROKKA_NC_022604/PROKKA_NC_022604:sccmec_saures_NC_022604_l67292_2 (length 51)
PROKKA_NC_022604/PROKKA_NC_022604:sccmec_saures_NC_022604_l67292_3 (length 101)
PROKKA_NC_022604/PROKKA_NC_022604:sccmec_saures_NC_022604_l67292_4 (length 287)
PROKKA_NC_022604/PROKKA_NC_022604:sccmec_saures_NC_022604_l67292_5 (length 499)
PROKKA_NC_022604/PROKKA_NC_022604:sccmec_saures_NC_022604_l67292_6 (length 366)
PROKKA_NC_022604/PROKKA_NC_022604:sccmec_saures_NC_022604_l67292_7 (length 123)
PROKKA_NC_022604/PROKKA_NC_022604:sccmec_saures_NC_022604_l67292_8 (length 547)
PROKKA_NC_022604/PROKKA_NC_022604:sccmec_saures_NC_022604_l67292_9 (length 561)
PROKKA_NC_022604/PROKKA_NC_022604:sccmec_saures_NC_022604_l67292_10 (length 161)
PROKKA_NC_022604/PROKKA_NC_022604:sccmec_saures_NC_022604_l67292_11 (length 124)
PROKKA_NC_022604/PROKKA_NC_022604:sccmec_saures_NC_022604_l67292_12 (length 108)
PROKKA_NC_022604/PROKKA_NC_022604:sccmec_saures_NC_022604_l67292_13 (length 168)
PROKKA_NC_022604/PROKKA_NC_022604:sccmec_saures_NC_022604_l67292_14 (length 105)
PROKKA_NC_022604/PROKKA_NC_022604:sccmec_saures_NC_022604_l67292_15 (length 361)
PROKKA_NC_022604/PROKKA_NC_022604:sccmec_saures_NC_022604_l67292_16 (length 515)
PROKKA_NC_022604/PROKKA_NC_022604:sccmec_saures_NC_022604_l67292_17 (length 105)
PROKKA_NC_022604/PROKKA_NC_022604:sccmec_saures_NC_022604_l67292_18 (length 125)
PROKKA_NC_022604/PROKKA_NC_022604:sccmec_saures_NC_022604_l67292_19 (length 260)
PROKKA_NC_022604/PROKKA_NC_022604:sccmec_saures_NC_022604_l67292_20 (length 243)
PROKKA_NC_022604/PROKKA_NC_022604:sccmec_saures_NC_022604_l67292_21 (length 220)
PROKKA_NC_022604/PROKKA_NC_022604:sccmec_saures_NC_022604_l67292_22 (length 290)
PROKKA_NC_022604/PROKKA_NC_022604:sccmec_saures_NC_022604_l67292_23 (length 102)
PROKKA_NC_022604/PROKKA_NC_022604:sccmec_saures_NC_022604_l67292_24 (length 162)
PROKKA_NC_022604/PROKKA_NC_022604:sccmec_saures_NC_022604_l67292_25 (length 175)
PROKKA_NC_022604/PROKKA_NC_022604:sccmec_saures_NC_022604_l67292_26 (length 138)
PROKKA_NC_022604/PROKKA_NC_022604:sccmec_saures_NC_022604_l67292_27 (length 73)
PROKKA_NC_022604/PROKKA_NC_022604:sccmec_saures_NC_022604_l67292_28 (length 188)
PROKKA_NC_022604/PROKKA_NC_022604:sccmec_saures_NC_022604_l67292_29 (length 729)
PROKKA_NC_022604/PROKKA_NC_022604:sccmec_saures_NC_022604_l67292_30 (length 224)
PROKKA_NC_022604/PROKKA_NC_022604:sccmec_saures_NC_022604_l67292_31 (length 453)
PROKKA_NC_022604/PROKKA_NC_022604:sccmec_saures_NC_022604_l67292_32 (length 135)
PROKKA_NC_022604/PROKKA_NC_022604:sccmec_saures_NC_022604_l67292_33 (length 161)
PROKKA_NC_022604/PROKKA_NC_022604:sccmec_saures_NC_022604_l67292_34 (length 226)
PROKKA_NC_022604/PROKKA_NC_022604:sccmec_saures_NC_022604_l67292_35 (length 128)
PROKKA_NC_022604/PROKKA_NC_022604:sccmec_saures_NC_022604_l67292_36 (length 547)
PROKKA_NC_022604/PROKKA_NC_022604:sccmec_saures_NC_022604_l67292_37 (length 216)
PROKKA_NC_022604/PROKKA_NC_022604:sccmec_saures_NC_022604_l67292_38 (length 182)
PROKKA_NC_022604/PROKKA_NC_022604:sccmec_saures_NC_022604_l67292_39 (length 224)
PROKKA_NC_022604/PROKKA_NC_022604:sccmec_saures_NC_022604_l67292_40 (length 265)
PROKKA_NC_022604/PROKKA_NC_022604:sccmec_saures_NC_022604_l67292_41 (length 178)
PROKKA_NC_022604/PROKKA_NC_022604:sccmec_saures_NC_022604_l67292_42 (length 413)
PROKKA_NC_022604/PROKKA_NC_022604:sccmec_saures_NC_022604_l67292_43 (length 33)
PROKKA_NC_022604/PROKKA_NC_022604:sccmec_saures_NC_022604_l67292_44 (length 267)
PROKKA_NC_022604/PROKKA_NC_022604:sccmec_saures_NC_022604_l67292_45 (length 115)
PROKKA_NC_022604/PROKKA_NC_022604:sccmec_saures_NC_022604_l67292_46 (length 55)
PROKKA_NC_022604/PROKKA_NC_022604:sccmec_saures_NC_022604_l67292_47 (length 69)
PROKKA_NC_022604/PROKKA_NC_022604:sccmec_saures_NC_022604_l67292_48 (length 247)
PROKKA_NC_022604/PROKKA_NC_022604:sccmec_saures_NC_022604_l67292_49 (length 142)
PROKKA_NC_022604/PROKKA_NC_022604:sccmec_saures_NC_022604_l67292_50 (length 668)
PROKKA_NC_022604/PROKKA_NC_022604:sccmec_saures_NC_022604_l67292_51 (length 551)
PROKKA_NC_022604/PROKKA_NC_022604:sccmec_saures_NC_022604_l67292_52 (length 67)
PROKKA_NC_022604/PROKKA_NC_022604:sccmec_saures_NC_022604_l67292_53 (length 382)
PROKKA_NC_022604/PROKKA_NC_022604:sccmec_saures_NC_022604_l67292_54 (length 101)
PROKKA_NC_022604/PROKKA_NC_022604:sccmec_saures_NC_022604_l67292_55 (length 312)
PROKKA_NC_022604/PROKKA_NC_022604:sccmec_saures_NC_022604_l67292_56 (length 354)
PROKKA_NC_022604/PROKKA_NC_022604:sccmec_saures_NC_022604_l67292_57 (length 86)
PROKKA_NC_022604/PROKKA_NC_022604:sccmec_saures_NC_022604_l67292_58 (length 209)
PROKKA_NC_022604/PROKKA_NC_022604:sccmec_saures_NC_022604_l67292_59 (length 178)
PROKKA_NC_022604/PROKKA_NC_022604:sccmec_saures_NC_022604_l67292_60 (length 47)
PROKKA_NC_022604/PROKKA_NC_022604:sccmec_saures_NC_022604_l67292_61 (length 804)
PROKKA_NC_022604/PROKKA_NC_022604:sccmec_saures_NC_022604_l67292_62 (length 121)
PROKKA_NC_022604/PROKKA_NC_022604:sccmec_saures_NC_022604_l67292_63 (length 125)
PROKKA_NC_022604/PROKKA_NC_022604:sccmec_saures_NC_022604_l67292_64 (length 630)
PROKKA_NC_022604/PROKKA_NC_022604:sccmec_saures_NC_022604_l67292_65 (length 107)
PROKKA_NC_022604/PROKKA_NC_022604:sccmec_saures_NC_022604_l67292_66 (length 68)
PROKKA_NC_022604/PROKKA_NC_022604:sccmec_saures_NC_022604_l67292_67 (length 173)
PROKKA_NC_022604/PROKKA_NC_022604:sccmec_saures_NC_022604_l67292_68 (length 131)
PROKKA_NC_022604/PROKKA_NC_022604:sccmec_saures_NC_022604_l67292_69 (length 116)
PROKKA_NC_022604/PROKKA_NC_022604:sccmec_saures_NC_022604_l67292_70 (length 542)
PROKKA_NC_022604/PROKKA_NC_022604:sccmec_saures_NC_022604_l67292_71 (length 448)
PROKKA_NC_022604/PROKKA_NC_022604:sccmec_saures_NC_022604_l67292_72 (length 112)
PROKKA_NC_022604/PROKKA_NC_022604:sccmec_saures_NC_022604_l67292_73 (length 595)
PROKKA_NC_022604/PROKKA_NC_022604:sccmec_saures_NC_022604_l67292_74 (length 95)
PROKKA_NC_022604/PROKKA_NC_022604:sccmec_saures_NC_022604_l67292_75 (length 349)
PROKKA_NC_022604/PROKKA_NC_022604:sccmec_saures_NC_022604_l67292_76 (length 190)

DiscRep_ALL:DISC_INCONSISTENT_MOLINFO_TECH::Molinfo Technique Report (some missing, all same)
DiscRep_SUB:DISC_INCONSISTENT_MOLINFO_TECH::technique (all missing)
DiscRep_SUB:DISC_INCONSISTENT_MOLINFO_TECH::1 Molinfos are missing field technique
PROKKA_NC_022604/PROKKA_NC_022604:sccmec_saures_NC_022604_l67292 (length 67292)

