[00:26:18] This is prokka 1.12
[00:26:18] Written by Torsten Seemann <torsten.seemann@gmail.com>
[00:26:18] Homepage is https://github.com/tseemann/prokka
[00:26:18] Local time is Tue Apr 25 00:26:18 2017
[00:26:18] You are fsepulveda
[00:26:18] Operating system is linux
[00:26:18] You have BioPerl 1.006924
[00:26:18] System has 4 cores.
[00:26:18] Option --cpu asked for 8 cores, but system only has 4
[00:26:18] Will use maximum of 4 cores.
[00:26:18] Annotating as >>> Bacteria <<<
[00:26:18] Enabling options to ensure Genbank/ENA/DDJB submission compliance.
[00:26:18] Creating new output folder: /home/fsepulveda/Desktop/test_script/output_NZ_CP007176/output_prokka
[00:26:18] Running: mkdir -p \/home\/fsepulveda\/Desktop\/test_script\/output_NZ_CP007176\/output_prokka
[00:26:18] Using filename prefix: PROKKA_04252017.XXX
[00:26:18] Setting HMMER_NCPU=1
[00:26:18] Writing log to: /home/fsepulveda/Desktop/test_script/output_NZ_CP007176/output_prokka/PROKKA_04252017.log
[00:26:18] Command: /home/fsepulveda/Desktop/tesis/sccmec_classification/prokka-1.12/bin/prokka --kingdom Bacteria --outdir /home/fsepulveda/Desktop/test_script/output_NZ_CP007176/output_prokka --quiet --genus Staphylococcus --locustag saureus --centre 10 --compliant /home/fsepulveda/Desktop/test_script/input/NZ_CP007176.fasta
[00:26:18] Appending to PATH: /home/fsepulveda/Desktop/tesis/sccmec_classification/prokka-1.12/bin/../binaries/linux
[00:26:18] Appending to PATH: /home/fsepulveda/Desktop/tesis/sccmec_classification/prokka-1.12/bin/../binaries/linux/../common
[00:26:18] Appending to PATH: /home/fsepulveda/Desktop/tesis/sccmec_classification/prokka-1.12/bin
[00:26:18] Looking for 'aragorn' - found /home/fsepulveda/Desktop/tesis/sccmec_classification/prokka-1.12/bin/../binaries/linux/aragorn
[00:26:18] Determined aragorn version is 1.2
[00:26:18] Looking for 'blastp' - found /usr/bin/blastp
[00:26:18] Determined blastp version is 2.2
[00:26:18] Looking for 'cmpress' - found /usr/bin/cmpress
[00:26:18] Determined cmpress version is 1.1
[00:26:18] Looking for 'cmscan' - found /usr/bin/cmscan
[00:26:18] Determined cmscan version is 1.1
[00:26:18] Looking for 'egrep' - found /bin/egrep
[00:26:18] Looking for 'find' - found /usr/bin/find
[00:26:18] Looking for 'grep' - found /bin/grep
[00:26:18] Looking for 'hmmpress' - found /usr/bin/hmmpress
[00:26:18] Determined hmmpress version is 3.1
[00:26:18] Looking for 'hmmscan' - found /usr/bin/hmmscan
[00:26:18] Determined hmmscan version is 3.1
[00:26:18] Looking for 'java' - found /usr/bin/java
[00:26:18] Looking for 'less' - found /usr/bin/less
[00:26:18] Looking for 'makeblastdb' - found /usr/bin/makeblastdb
[00:26:18] Determined makeblastdb version is 2.2
[00:26:18] Looking for 'minced' - found /home/fsepulveda/Desktop/tesis/sccmec_classification/prokka-1.12/bin/../binaries/linux/../common/minced
[00:26:18] Determined minced version is 2.0
[00:26:18] Looking for 'parallel' - found /home/fsepulveda/Desktop/tesis/sccmec_classification/prokka-1.12/bin/../binaries/linux/../common/parallel
[00:26:18] Determined parallel version is 20150122
[00:26:18] Looking for 'prodigal' - found /home/fsepulveda/Desktop/tesis/sccmec_classification/prokka-1.12/bin/../binaries/linux/prodigal
[00:26:18] Determined prodigal version is 2.6
[00:26:18] Looking for 'prokka-genbank_to_fasta_db' - found /home/fsepulveda/Desktop/tesis/sccmec_classification/prokka-1.12/bin/prokka-genbank_to_fasta_db
[00:26:18] Looking for 'sed' - found /bin/sed
[00:26:18] Looking for 'tbl2asn' - found /home/fsepulveda/Desktop/tesis/sccmec_classification/prokka-1.12/bin/../binaries/linux/tbl2asn
[00:26:18] Determined tbl2asn version is 25.3
[00:26:18] Using genetic code table 11.
[00:26:18] Loading and checking input file: /home/fsepulveda/Desktop/test_script/input/NZ_CP007176.fasta
[00:26:18] Wrote 1 contigs totalling 2921008 bp.
[00:26:18] Predicting tRNAs and tmRNAs
[00:26:18] Running: aragorn -l -gc11  -w \/home\/fsepulveda\/Desktop\/test_script\/output_NZ_CP007176\/output_prokka\/PROKKA_04252017\.fna
[00:26:19] 1 tRNA-Glu [24178,24252] 34 (ttc)
[00:26:19] 2 tRNA-Asp [24260,24332] 34 (gtc)
[00:26:19] 3 tRNA-Ser [504360,504452] 37 (tga)
[00:26:19] 4 tRNA-Val [557031,557106] 34 (tac)
[00:26:19] 5 tRNA-Thr [557123,557198] 34 (tgt)
[00:26:19] 6 tRNA-Lys [557204,557278] 35 (ttt)
[00:26:19] 7 tRNA-Gly [557311,557385] 33 (gcc)
[00:26:19] 8 tRNA-Leu [557393,557481] 35 (taa)
[00:26:19] 9 tRNA-Arg [557487,557563] 35 (acg)
[00:26:19] 10 tRNA-Pro [557584,557657] 35 (tgg)
[00:26:19] 11 tRNA-Ala [557681,557756] 34 (tgc)
[00:26:19] 12 tRNA-Ile [559525,559601] 35 (gat)
[00:26:19] 13 tRNA-Arg c[858147,858219] 34 (ccg)
[00:26:19] 14 tmRNA [874291,874649] 94,129 GKSNNNFAVAA*
[00:26:19] 15 tRNA-Ser c[1038476,1038566] 37 (gct)
[00:26:19] 16 tRNA-Asn c[1038568,1038642] 33 (gtt)
[00:26:19] 17 tRNA-Arg c[1187676,1187751] 36 (tct)
[00:26:19] 18 tRNA-Ser c[1967135,1967223] 36 (gga)
[00:26:19] 19 tRNA-Glu c[1967277,1967350] 35 (ttc)
[00:26:19] 20 tRNA-Asn c[1967351,1967425] 33 (gtt)
[00:26:19] 21 tRNA-Gly c[1967440,1967513] 33 (tcc)
[00:26:19] 22 tRNA-His c[1967529,1967604] 34 (gtg)
[00:26:19] 23 tRNA-Phe c[1967618,1967690] 34 (gaa)
[00:26:19] 24 tRNA-Asp c[1967707,1967782] 34 (gtc)
[00:26:19] 25 tRNA-Met c[1967804,1967877] 35 (cat)
[00:26:19] 26 tRNA-Leu c[2001606,2001689] 35 (caa)
[00:26:19] 27 tRNA-Gly c[2001728,2001802] 34 (tcc)
[00:26:19] 28 tRNA-Gly c[2001816,2001890] 34 (tcc)
[00:26:19] 29 tRNA-Gly c[2001906,2001980] 34 (tcc)
[00:26:19] 30 tRNA-Cys c[2001988,2002061] 33 (gca)
[00:26:19] 31 tRNA-Gln c[2002067,2002138] 33 (ttg)
[00:26:19] 32 tRNA-His c[2002149,2002222] 34 (gtg)
[00:26:19] 33 tRNA-Trp c[2002225,2002298] 33 (cca)
[00:26:19] 34 tRNA-Tyr c[2002313,2002395] 36 (gta)
[00:26:19] 35 tRNA-Thr c[2002400,2002475] 34 (tgt)
[00:26:19] 36 tRNA-Phe c[2002482,2002556] 35 (gaa)
[00:26:19] 37 tRNA-Asp c[2002574,2002649] 34 (gtc)
[00:26:19] 38 tRNA-Met c[2002658,2002733] 36 (cat)
[00:26:19] 39 tRNA-Ser c[2002747,2002839] 37 (tga)
[00:26:19] 40 tRNA-Asp c[2002878,2002953] 34 (gtc)
[00:26:19] 41 tRNA-Ser c[2002963,2003054] 38 (tga)
[00:26:19] 42 tRNA-Met c[2003063,2003136] 35 (cat)
[00:26:19] 43 tRNA-Met c[2003164,2003238] 35 (cat)
[00:26:19] 44 tRNA-Ala c[2003260,2003335] 34 (tgc)
[00:26:19] 45 tRNA-Pro c[2003353,2003426] 35 (tgg)
[00:26:19] 46 tRNA-Arg c[2003435,2003510] 36 (acg)
[00:26:19] 47 tRNA-Leu c[2003528,2003616] 35 (taa)
[00:26:19] 48 tRNA-Gly c[2003627,2003701] 33 (gcc)
[00:26:19] 49 tRNA-Leu c[2003704,2003787] 36 (tag)
[00:26:19] 50 tRNA-Lys c[2003790,2003865] 34 (ttt)
[00:26:19] 51 tRNA-Thr c[2003871,2003946] 34 (tgt)
[00:26:19] 52 tRNA-Val c[2003963,2004038] 34 (tac)
[00:26:19] 53 tRNA-Ala c[2007373,2007448] 34 (tgc)
[00:26:19] 54 tRNA-Ile c[2007467,2007543] 35 (gat)
[00:26:19] 55 tRNA-Gly c[2230310,2230383] 33 (tcc)
[00:26:19] 56 tRNA-Leu c[2230406,2230488] 34 (gag)
[00:26:19] 57 tRNA-Lys c[2341021,2341094] 34 (ttt)
[00:26:19] 58 tRNA-Gln c[2341098,2341172] 33 (ttg)
[00:26:19] 59 tRNA-Tyr c[2341182,2341265] 35 (gta)
[00:26:19] 60 tRNA-Val c[2341295,2341370] 34 (tac)
[00:26:19] 61 tRNA-Glu c[2341377,2341450] 35 (ttc)
[00:26:19] 62 tRNA-Asn c[2341451,2341525] 33 (gtt)
[00:26:19] 63 tRNA-Gln c[2442481,2442573] 40 (ttg)
[00:26:19] Found 63 tRNAs
[00:26:19] Predicting Ribosomal RNAs
[00:26:19] You need either Barrnap or RNAmmer installed to predict rRNAs!
[00:26:19] Skipping ncRNA search, enable with --rfam if desired.
[00:26:19] Total of 62 tRNA + rRNA features
[00:26:19] Searching for CRISPR repeats
[00:26:19] CRISPR1 gnl|10|saureus_1 2437849 with 4 spacers
[00:26:19] Found 1 CRISPRs
[00:26:19] Predicting coding sequences
[00:26:19] Contigs total 2921008 bp, so using single mode
[00:26:19] Running: prodigal -i \/home\/fsepulveda\/Desktop\/test_script\/output_NZ_CP007176\/output_prokka\/PROKKA_04252017\.fna -c -m -g 11 -p single -f sco -q
[00:26:25] Excluding CDS which overlaps existing RNA (tRNA) at gnl|10|saureus_1:2442335..2442829 on + strand
[00:26:26] Found 2716 CDS
[00:26:26] Connecting features back to sequences
[00:26:26] Not using genus-specific database. Try --usegenus to enable it.
[00:26:26] Annotating CDS, please be patient.
[00:26:26] Will use 4 CPUs for similarity searching.
[00:26:28] There are still 2716 unannotated CDS left (started with 2716)
[00:26:28] Will use blast to search against /home/fsepulveda/Desktop/tesis/sccmec_classification/prokka-1.12/bin/../db/kingdom/Bacteria/sprot with 4 CPUs
[00:26:28] Running: cat \/home\/fsepulveda\/Desktop\/test_script\/output_NZ_CP007176\/output_prokka\/sprot\.faa | parallel --gnu --plain -j 4 --block 103522 --recstart '>' --pipe blastp -query - -db /home/fsepulveda/Desktop/tesis/sccmec_classification/prokka-1.12/bin/../db/kingdom/Bacteria/sprot -evalue 1e-06 -num_threads 1 -num_descriptions 1 -num_alignments 1 -seg no > \/home\/fsepulveda\/Desktop\/test_script\/output_NZ_CP007176\/output_prokka\/sprot\.blast 2> /dev/null
[00:27:26] Modify product: Probable tRNA-dihydrouridine synthase => putative tRNA-dihydrouridine synthase
[00:27:26] Modify product: Probable tRNA-dihydrouridine synthase => putative tRNA-dihydrouridine synthase
[00:27:26] Modify product: Uncharacterized lipoprotein SAOUHSC_00052 => putative lipoprotein
[00:27:26] Modify product: Uncharacterized lipoprotein SAOUHSC_00053 => putative lipoprotein
[00:27:26] Modify product: Uncharacterized lipoprotein SAOUHSC_00053 => putative lipoprotein
[00:27:26] Modify product: Uncharacterized lipoprotein SAOUHSC_00053 => putative lipoprotein
[00:27:26] Modify product: Uncharacterized lipoprotein SAOUHSC_00053 => putative lipoprotein
[00:27:26] Modify product: Uncharacterized hydrolase YxeP => putative hydrolase YxeP
[00:27:26] Modify product: Probable amino-acid metabolite efflux pump => putative amino-acid metabolite efflux pump
[00:27:26] Modify product: Probable siderophore transport system permease protein YfhA => putative siderophore transport system permease protein YfhA
[00:27:26] Modify product: Probable siderophore transport system permease protein YfiZ => putative siderophore transport system permease protein YfiZ
[00:27:26] Modify product: Probable siderophore-binding lipoprotein YfiY => putative siderophore-binding lipoprotein YfiY
[00:27:26] Modify product: Probable siderophore biosynthesis protein SbnA => putative siderophore biosynthesis protein SbnA
[00:27:26] Modify product: Uncharacterized sugar transferase EpsL => putative sugar transferase EpsL
[00:27:26] Modify product: PTS system EIIBC component SA0186 => PTS system EIIBC component
[00:27:26] Modify product: Uncharacterized HTH-type transcriptional regulator YbbH => putative HTH-type transcriptional regulator YbbH
[00:27:26] Modify product: Uncharacterized lipoprotein SAOUHSC_00053 => putative lipoprotein
[00:27:26] Modify product: Uncharacterized response regulatory protein SACOL0201 => putative response regulatory protein
[00:27:26] Modify product: Uncharacterized sensor-like histidine kinase SACOL0202 => putative sensor-like histidine kinase
[00:27:26] Modify product: Probable 3-hydroxyacyl-CoA dehydrogenase => putative 3-hydroxyacyl-CoA dehydrogenase
[00:27:26] Modify product: Uncharacterized glycosyltransferase EpsJ => putative glycosyltransferase EpsJ
[00:27:26] Modify product: Uncharacterized HTH-type transcriptional regulator YydK => putative HTH-type transcriptional regulator YydK
[00:27:26] Modify product: Probable glucose uptake protein GlcU => putative glucose uptake protein GlcU
[00:27:26] Modify product: Uncharacterized ABC transporter ATP-binding protein YxlF => putative ABC transporter ATP-binding protein YxlF
[00:27:26] Modify product: Probable antitoxin YezG => putative antitoxin YezG
[00:27:26] Modify product: Probable antitoxin YezG => putative antitoxin YezG
[00:27:26] Modify product: Probable antitoxin YezG => putative antitoxin YezG
[00:27:26] Modify product: Probable antitoxin YezG => putative antitoxin YezG
[00:27:26] Modify product: Probable antitoxin YezG => putative antitoxin YezG
[00:27:26] Modify product: Probable antitoxin YezG => putative antitoxin YezG
[00:27:26] Modify product: Probable antitoxin YezG => putative antitoxin YezG
[00:27:26] Modify product: Probable antitoxin YezG => putative antitoxin YezG
[00:27:26] Modify product: Probable antitoxin YezG => putative antitoxin YezG
[00:27:26] Modify product: Probable antitoxin YezG => putative antitoxin YezG
[00:27:26] Modify product: Probable formate transporter 1 => putative formate transporter 1
[00:27:26] Modify product: Uncharacterized ABC transporter permease Rv0072 => putative ABC transporter permease
[00:27:26] Modify product: Uncharacterized HTH-type transcriptional regulator YbbH => putative HTH-type transcriptional regulator YbbH
[00:27:26] Modify product: Uncharacterized oxidoreductase SpyM50865 => putative oxidoreductase
[00:27:26] Modify product: Probable licABCH operon regulator => putative licABCH operon regulator
[00:27:26] Modify product: NAD(P)H-dependent FAD/FMN reductase GTNG_3158 => NAD(P)H-dependent FAD/FMN reductase
[00:27:26] Modify product: Probable iron uptake system component EfeM => putative iron uptake system component EfeM
[00:27:26] Modify product: Probable deferrochelatase/peroxidase EfeN => putative deferrochelatase/peroxidase EfeN
[00:27:26] Modify product: Probable acetyl-CoA acyltransferase => putative acetyl-CoA acyltransferase
[00:27:26] Modify product: Uncharacterized MscS family protein YkuT => putative MscS family protein YkuT
[00:27:26] Modify product: Uncharacterized lipoprotein SA0397 => putative lipoprotein
[00:27:26] Modify product: Uncharacterized lipoprotein SA0397 => putative lipoprotein
[00:27:26] Modify product: Uncharacterized lipoprotein SA0397 => putative lipoprotein
[00:27:26] Modify product: Uncharacterized lipoprotein SA0397 => putative lipoprotein
[00:27:26] Modify product: Uncharacterized lipoprotein SA0397 => putative lipoprotein
[00:27:26] Modify product: Uncharacterized lipoprotein SAOUHSC_00053 => putative lipoprotein
[00:27:26] Modify product: Uncharacterized lipoprotein SAOUHSC_00052 => putative lipoprotein
[00:27:26] Modify product: Uncharacterized lipoprotein SA0397 => putative lipoprotein
[00:27:26] Modify product: Uncharacterized lipoprotein SAOUHSC_00053 => putative lipoprotein
[00:27:26] Modify product: Uncharacterized lipoprotein SA0397 => putative lipoprotein
[00:27:26] Modify product: Probable D-methionine-binding lipoprotein MetQ => putative D-methionine-binding lipoprotein MetQ
[00:27:26] Modify product: Nucleoid-associated protein SA0437 => Nucleoid-associated protein
[00:27:27] Modify product: Uncharacterized PIN and TRAM-domain containing protein YacL => putative PIN and TRAM-domain containing protein YacL
[00:27:27] Modify product: Ribosome-associated protein L7Ae-like => Ribosome-associated protein L7Ae-like protein
[00:27:27] Modify product: Uncharacterized hydrolase YxeP => putative hydrolase YxeP
[00:27:27] Modify product: Uncharacterized epimerase/dehydratase SA0511 => putative epimerase/dehydratase
[00:27:27] Modify product: Probable branched-chain-amino-acid aminotransferase => putative branched-chain-amino-acid aminotransferase
[00:27:27] Modify product: Probable N-acetyl-alpha-D-glucosaminyl L-malate deacetylase 2 => putative N-acetyl-alpha-D-glucosaminyl L-malate deacetylase 2
[00:27:27] Modify product: Uncharacterized acyl--CoA ligase YhfT => putative acyl--CoA ligase YhfT
[00:27:27] Modify product: Uncharacterized amino acid permease YhdG => putative amino acid permease YhdG
[00:27:27] Modify product: Putative heme-dependent peroxidase SA0544 => Putative heme-dependent peroxidase
[00:27:27] Modify product: Probable pyridine nucleotide-disulfide oxidoreductase RclA => putative pyridine nucleotide-disulfide oxidoreductase RclA
[00:27:27] Modify product: Ribonuclease BC_0920 => Ribonuclease
[00:27:27] Modify product: Uncharacterized beta-barrel protein YwiB => putative beta-barrel protein YwiB
[00:27:27] Modify product: Probable ABC transporter permease protein HI_1471 => putative ABC transporter permease protein
[00:27:27] Modify product: N-acetylmuramoyl-L-alanine amidase domain-containing protein SAOUHSC_02979 => N-acetylmuramoyl-L-alanine amidase domain-containing protein
[00:27:27] Modify product: Probable peptidoglycan glycosyltransferase FtsW => putative peptidoglycan glycosyltransferase FtsW
[00:27:27] Modify product: Probable glycerophosphodiester phosphodiesterase 1 => putative glycerophosphodiester phosphodiesterase 1
[00:27:27] Modify product: Probable heme-iron transport system permease protein IsdF => putative heme-iron transport system permease protein IsdF
[00:27:27] Modify product: Putative metallophosphoesterase MG207 homolog => Putative metallophosphoesterase MG207 
[00:27:27] Modify product: Uncharacterized N-acetyltransferase SA1019 => putative N-acetyltransferase
[00:27:27] Modify product: Probable dual-specificity RNA methyltransferase RlmN => putative dual-specificity RNA methyltransferase RlmN
[00:27:27] Modify product: Probable cell wall hydrolase LytN => putative cell wall hydrolase LytN
[00:27:27] Modify product: Putative zinc metalloprotease SA1105 => Putative zinc metalloprotease
[00:27:27] Modify product: Probable ribosomal protein YlxQ => putative ribosomal protein YlxQ
[00:27:27] Modify product: Probable transcriptional regulator PhnF => putative transcriptional regulator PhnF
[00:27:27] Modify product: Uncharacterized zinc protease Rv2782c => putative zinc protease
[00:27:27] Modify product: Glutathione peroxidase homolog BsaA => Glutathione peroxidase  BsaA
[00:27:27] Modify product: Putative phosphatase M6_Spy0533 => Putative phosphatase
[00:27:27] Modify product: Putative esterase aq_1494 => Putative esterase
[00:27:27] Modify product: Probable tautomerase SA1195.1 => putative tautomerase.1
[00:27:27] Modify product: Uncharacterized ABC transporter ATP-binding protein YbiT => putative ABC transporter ATP-binding protein YbiT
[00:27:27] Modify product: Uncharacterized hydrolase YxeP => putative hydrolase YxeP
[00:27:27] Modify product: TelA-like protein SA1238 => TelA-like protein
[00:27:27] Modify product: Probable transcriptional regulatory protein SA0624 => putative transcriptional regulatory protein
[00:27:27] Modify product: Putative multidrug export ATP-binding/permease protein SA1683 => Putative multidrug export ATP-binding/permease protein
[00:27:27] Modify product: Uncharacterized oxidoreductase MSMEG_2408/MSMEI_2347 => putative oxidoreductase/MSMEI_2347
[00:27:27] Modify product: Putative lipid kinase SA0681 => Putative lipid kinase
[00:27:27] Modify product: Putative lipid kinase SA0681 => Putative lipid kinase
[00:27:27] Modify product: Probable siderophore transport system ATP-binding protein YusV => putative siderophore transport system ATP-binding protein YusV
[00:27:27] Modify product: Uncharacterized ABC transporter solute-binding protein YclQ => putative ABC transporter solute-binding protein YclQ
[00:27:27] Modify product: Probable undecaprenyl-phosphate N-acetylglucosaminyl 1-phosphate transferase => putative undecaprenyl-phosphate N-acetylglucosaminyl 1-phosphate transferase
[00:27:27] Modify product: DegV domain-containing protein SA0704 => DegV domain-containing protein
[00:27:27] Modify product: Nucleotide-binding protein SA0720 => Nucleotide-binding protein
[00:27:27] Modify product: Epimerase family protein SA0724 => Epimerase family protein
[00:27:27] Modify product: Probable protein-export membrane protein SecG => putative protein-export membrane protein SecG
[00:27:27] Modify product: Organic hydroperoxide resistance protein-like => Organic hydroperoxide resistance protein-like protein
[00:27:27] Modify product: Probable cysteine desulfurase => putative cysteine desulfurase
[00:27:27] Modify product: Putative monooxygenase Rv1533 => Putative monooxygenase
[00:27:27] Modify product: NADH dehydrogenase-like protein SA0802 => NADH dehydrogenase-like protein
[00:27:27] Modify product: Putative esterase PA1618 => Putative esterase
[00:27:27] Modify product: Uncharacterized oxidoreductase SpyM50865 => putative oxidoreductase
[00:27:27] Modify product: Putative phosphoesterase SA0873 => Putative phosphoesterase
[00:27:27] Modify product: Probable glycolipid permease LtaA => putative glycolipid permease LtaA
[00:27:27] Modify product: Serine protease HtrA-like => Serine protease HtrA-like protein
[00:27:27] Modify product: Uncharacterized ABC transporter ATP-binding protein Rv0986 => putative ABC transporter ATP-binding protein
[00:27:27] Modify product: Acetyltransferase SACOL1063 => Acetyltransferase
[00:27:27] Modify product: Probable quinol oxidase subunit 1 => putative quinol oxidase subunit 1
[00:27:27] Modify product: Probable quinol oxidase subunit 2 => putative quinol oxidase subunit 2
[00:27:27] Modify product: Bifunctional protein FolD => Bifunctional protein FolD protein
[00:27:27] Modify product: Probable CtpA-like serine protease => putative CtpA-like serine protease
[00:27:27] Modify product: DegV domain-containing protein MW1315 => DegV domain-containing protein
[00:27:27] Modify product: Probable ATP-dependent helicase DinG homolog => putative ATP-dependent helicase DinG 
[00:27:27] Modify product: Probable L-asparaginase => putative L-asparaginase
[00:27:27] Modify product: Probable cell wall hydrolase LytN => putative cell wall hydrolase LytN
[00:27:27] Modify product: Uncharacterized oxidoreductase SA2266 => putative oxidoreductase
[00:27:27] Modify product: N utilization substance protein B homolog => N utilization substance protein B 
[00:27:27] Modify product: Probable adenylyltransferase/sulfurtransferase MoeZ => putative adenylyltransferase/sulfurtransferase MoeZ
[00:27:27] Modify product: Probable glycine dehydrogenase (decarboxylating) subunit 2 => putative glycine dehydrogenase (decarboxylating) subunit 2
[00:27:27] Modify product: Probable glycine dehydrogenase (decarboxylating) subunit 1 => putative glycine dehydrogenase (decarboxylating) subunit 1
[00:27:27] Modify product: Probable metallo-hydrolase M6_Spy0554 => putative metallo-hydrolase
[00:27:28] Modify product: Probable endonuclease 4 => putative endonuclease 4
[00:27:28] Modify product: GTP cyclohydrolase 1 type 2 homolog => GTP cyclohydrolase 1 type 2 
[00:27:28] Modify product: Probable nicotinate-nucleotide adenylyltransferase => putative nicotinate-nucleotide adenylyltransferase
[00:27:28] Modify product: Uncharacterized protease YdcP => putative protease YdcP
[00:27:28] Modify product: Uncharacterized protease YdcP => putative protease YdcP
[00:27:28] Modify product: Putative O-methyltransferase MSMEG_5073/MSMEI_4947 => Putative O-methyltransferase/MSMEI_4947
[00:27:28] Modify product: Uncharacterized AAA domain-containing protein Rv2559c => putative AAA domain-containing protein
[00:27:28] Modify product: Probable GTP-binding protein EngB => putative GTP-binding protein EngB
[00:27:28] Modify product: Uncharacterized peptidase SA1530 => putative peptidase
[00:27:28] Modify product: Putative universal stress protein SA1532 => Putative universal stress protein
[00:27:28] Modify product: Probable thiol peroxidase => putative thiol peroxidase
[00:27:28] Modify product: Probable tRNA sulfurtransferase => putative tRNA sulfurtransferase
[00:27:28] Modify product: Probable quorum-quenching lactonase YtnP => putative quorum-quenching lactonase YtnP
[00:27:28] Modify product: Putative dipeptidase SACOL1801 => Putative dipeptidase
[00:27:28] Modify product: Uncharacterized ABC transporter ATP-binding protein YxlF => putative ABC transporter ATP-binding protein YxlF
[00:27:28] Modify product: Uncharacterized metallophosphoesterase YhaO => putative metallophosphoesterase YhaO
[00:27:28] Modify product: Putative multidrug export ATP-binding/permease protein SA1683 => Putative multidrug export ATP-binding/permease protein
[00:27:28] Modify product: Probable cell wall hydrolase LytN => putative cell wall hydrolase LytN
[00:27:28] Modify product: Uncharacterized acyl-CoA thioester hydrolase HI_0827 => putative acyl-CoA thioester hydrolase
[00:27:28] Modify product: Probable manganese-dependent inorganic pyrophosphatase => putative manganese-dependent inorganic pyrophosphatase
[00:27:28] Modify product: Uncharacterized ABC transporter ATP-binding protein YxlF => putative ABC transporter ATP-binding protein YxlF
[00:27:28] Modify product: Probable cell wall hydrolase LytN => putative cell wall hydrolase LytN
[00:27:28] Modify product: Uncharacterized leukocidin-like protein 1 => putative leukocidin-like protein 1
[00:27:28] Modify product: Uncharacterized leukocidin-like protein 2 => putative leukocidin-like protein 2
[00:27:28] Modify product: Probable succinyl-diaminopimelate desuccinylase => putative succinyl-diaminopimelate desuccinylase
[00:27:28] Modify product: Uncharacterized ABC transporter ATP-binding protein YheS => putative ABC transporter ATP-binding protein YheS
[00:27:28] Modify product: Probable transglycosylase SceD => putative transglycosylase SceD
[00:27:28] Modify product: Putative aldehyde dehydrogenase SAV2122 => Putative aldehyde dehydrogenase
[00:27:28] Modify product: Probable DNA-directed RNA polymerase subunit delta => putative DNA-directed RNA polymerase subunit delta
[00:27:28] Modify product: Probable mannose-6-phosphate isomerase GmuF => putative mannose-6-phosphate isomerase GmuF
[00:27:28] Modify product: Uncharacterized sugar epimerase YhfK => putative sugar epimerase YhfK
[00:27:28] Modify product: Uncharacterized ABC transporter ATP-binding protein YlmA => putative ABC transporter ATP-binding protein YlmA
[00:27:28] Modify product: Probable multidrug resistance protein EmrY => putative multidrug resistance protein EmrY
[00:27:28] Modify product: Probable uridylyltransferase SA1974 => putative uridylyltransferase
[00:27:28] Modify product: Probable siderophore transport system permease protein YfiZ => putative siderophore transport system permease protein YfiZ
[00:27:28] Modify product: Zinc-type alcohol dehydrogenase-like protein SA1988 => Zinc-type alcohol dehydrogenase-like protein
[00:27:28] Modify product: Uncharacterized oxidoreductase MSMEG_2408/MSMEI_2347 => putative oxidoreductase/MSMEI_2347
[00:27:28] Modify product: Uncharacterized hydrolase SA2005 => putative hydrolase
[00:27:28] Modify product: Probable glucose uptake protein GlcU => putative glucose uptake protein GlcU
[00:27:28] Modify product: Uncharacterized HTH-type transcriptional regulator SAR2349 => putative HTH-type transcriptional regulator
[00:27:28] Modify product: Probable molybdenum cofactor guanylyltransferase => putative molybdenum cofactor guanylyltransferase
[00:27:28] Modify product: Urea transporter DVU1160 => Urea transporter
[00:27:28] Modify product: Putative 2-hydroxyacid dehydrogenase SA2098 => Putative 2-hydroxyacid dehydrogenase
[00:27:28] Modify product: Putative formate dehydrogenase SA2102 => Putative formate dehydrogenase
[00:27:28] Modify product: Uncharacterized HTH-type transcriptional regulator YbbH => putative HTH-type transcriptional regulator YbbH
[00:27:28] Modify product: Probable transport protein YifK => putative transport protein YifK
[00:27:28] Modify product: Phosphorylated carbohydrates phosphatase TM_1254 => Phosphorylated carbohydrates phosphatase
[00:27:28] Modify product: Uncharacterized oxidoreductase YghA => putative oxidoreductase YghA
[00:27:28] Modify product: Uncharacterized hydrolase YxeP => putative hydrolase YxeP
[00:27:28] Modify product: Probable multidrug resistance protein EmrK => putative multidrug resistance protein EmrK
[00:27:28] Modify product: Uncharacterized ABC transporter permease Rv0072 => putative ABC transporter permease
[00:27:28] Modify product: Uncharacterized HTH-type transcriptional regulator SACOL2360 => putative HTH-type transcriptional regulator
[00:27:28] Modify product: Probable malate:quinone oxidoreductase 1 => putative malate:quinone oxidoreductase 1
[00:27:28] Modify product: Uncharacterized lipoprotein SA2158 => putative lipoprotein
[00:27:28] Modify product: Probable nitrate transporter NarT => putative nitrate transporter NarT
[00:27:28] Modify product: Probable nitrate reductase molybdenum cofactor assembly chaperone NarW => putative nitrate reductase molybdenum cofactor assembly chaperone NarW
[00:27:28] Modify product: Uncharacterized N-acetyltransferase YtmI => putative N-acetyltransferase YtmI
[00:27:28] Modify product: Probable amino-acid ABC transporter-binding protein HI_1080 => putative amino-acid ABC transporter-binding protein
[00:27:28] Modify product: Uncharacterized ABC transporter ATP-binding protein TM_0288 => putative ABC transporter ATP-binding protein
[00:27:28] Modify product: Probable iron export permease protein FetB => putative iron export permease protein FetB
[00:27:28] Modify product: Probable iron export ATP-binding protein FetA => putative iron export ATP-binding protein FetA
[00:27:28] Modify product: Uncharacterized lipoprotein YehR => putative lipoprotein YehR
[00:27:28] Modify product: Uncharacterized oxidoreductase SA2266 => putative oxidoreductase
[00:27:28] Modify product: Uncharacterized lipoprotein SA2273 => putative lipoprotein
[00:27:28] Modify product: Uncharacterized lipoprotein SA2273 => putative lipoprotein
[00:27:28] Modify product: Uncharacterized lipoprotein SA2273 => putative lipoprotein
[00:27:28] Modify product: Uncharacterized lipoprotein SA2273 => putative lipoprotein
[00:27:29] Modify product: Putative surface protein SA2285 => Putative surface protein
[00:27:29] Modify product: Probable sulfoacetate transporter SauU => putative sulfoacetate transporter SauU
[00:27:29] Modify product: Uncharacterized membrane protein Rv0364 => putative membrane protein
[00:27:29] Modify product: Uncharacterized ABC transporter ATP-binding protein YxlF => putative ABC transporter ATP-binding protein YxlF
[00:27:29] Modify product: Putative NAD(P)H nitroreductase SA2311 => Putative NAD(P)H nitroreductase
[00:27:29] Modify product: Probable peptide export ATP-binding protein YydI => putative peptide export ATP-binding protein YydI
[00:27:29] Modify product: Probable peptide export permease protein YydJ => putative peptide export permease protein YydJ
[00:27:29] Modify product: Uncharacterized inner membrane transporter YicL => putative inner membrane transporter YicL
[00:27:29] Modify product: Putative esterase aq_1494 => Putative esterase
[00:27:29] Modify product: Putative acetyltransferase SACOL2570 => Putative acetyltransferase
[00:27:29] Modify product: Probable transglycosylase IsaA => putative transglycosylase IsaA
[00:27:29] Modify product: Uncharacterized hydrolase SA2367 => putative hydrolase
[00:27:29] Modify product: Uncharacterized amino acid permease YhdG => putative amino acid permease YhdG
[00:27:29] Modify product: Probable malate:quinone oxidoreductase 2 => putative malate:quinone oxidoreductase 2
[00:27:29] Modify product: Glutathione peroxidase homolog BsaA => Glutathione peroxidase  BsaA
[00:27:29] Modify product: N-acetylmuramoyl-L-alanine amidase domain-containing protein SAOUHSC_02979 => N-acetylmuramoyl-L-alanine amidase domain-containing protein
[00:27:29] Modify product: Probable poly-beta-1,6-N-acetyl-D-glucosamine export protein => putative poly-beta-1,6-N-acetyl-D-glucosamine export protein
[00:27:29] Cleaned 209 /product names
[00:27:29] Deleting unwanted file: /home/fsepulveda/Desktop/test_script/output_NZ_CP007176/output_prokka/sprot.faa
[00:27:29] Deleting unwanted file: /home/fsepulveda/Desktop/test_script/output_NZ_CP007176/output_prokka/sprot.blast
[00:27:29] There are still 939 unannotated CDS left (started with 2716)
[00:27:29] Will use hmmer3 to search against /home/fsepulveda/Desktop/tesis/sccmec_classification/prokka-1.12/bin/../db/hmm/HAMAP.hmm with 4 CPUs
[00:27:29] Running: cat \/home\/fsepulveda\/Desktop\/test_script\/output_NZ_CP007176\/output_prokka\/HAMAP\.hmm\.faa | parallel --gnu --plain -j 4 --block 24166 --recstart '>' --pipe hmmscan --noali --notextw --acc -E 1e-06 --cpu 1 /home/fsepulveda/Desktop/tesis/sccmec_classification/prokka-1.12/bin/../db/hmm/HAMAP.hmm /dev/stdin > \/home\/fsepulveda\/Desktop\/test_script\/output_NZ_CP007176\/output_prokka\/HAMAP\.hmm\.hmmer3 2> /dev/null
[00:27:47] Modify product: Protein SprT-like => Protein SprT-like protein
[00:27:47] Cleaned 1 /product names
[00:27:47] Deleting unwanted file: /home/fsepulveda/Desktop/test_script/output_NZ_CP007176/output_prokka/HAMAP.hmm.faa
[00:27:47] Deleting unwanted file: /home/fsepulveda/Desktop/test_script/output_NZ_CP007176/output_prokka/HAMAP.hmm.hmmer3
[00:27:47] Labelling remaining 883 proteins as 'hypothetical protein'
[00:27:47] Possible /pseudo 'DNA-invertase hin' at gnl|10|saureus_1 position 47542
[00:27:47] Possible /pseudo 'putative lipoprotein' at gnl|10|saureus_1 position 110879
[00:27:47] Possible /pseudo 'putative lipoprotein' at gnl|10|saureus_1 position 111701
[00:27:47] Possible /pseudo 'putative lipoprotein' at gnl|10|saureus_1 position 112568
[00:27:47] Possible /pseudo 'putative lipoprotein' at gnl|10|saureus_1 position 113405
[00:27:47] Possible /pseudo 'Phosphate-import permease protein PhnE' at gnl|10|saureus_1 position 162747
[00:27:47] Possible /pseudo 'Replication initiation protein' at gnl|10|saureus_1 position 169981
[00:27:47] Possible /pseudo 'UDP-N-acetyl-alpha-D-glucosamine C6 dehydratase' at gnl|10|saureus_1 position 178000
[00:27:47] Possible /pseudo 'Glucose--fructose oxidoreductase' at gnl|10|saureus_1 position 252541
[00:27:47] Possible /pseudo 'putative antitoxin YezG' at gnl|10|saureus_1 position 347866
[00:27:47] Possible /pseudo 'putative antitoxin YezG' at gnl|10|saureus_1 position 348883
[00:27:47] Possible /pseudo 'putative antitoxin YezG' at gnl|10|saureus_1 position 351365
[00:27:47] Possible /pseudo 'putative antitoxin YezG' at gnl|10|saureus_1 position 351876
[00:27:47] Possible /pseudo 'putative antitoxin YezG' at gnl|10|saureus_1 position 352387
[00:27:47] Possible /pseudo 'putative antitoxin YezG' at gnl|10|saureus_1 position 352898
[00:27:47] Possible /pseudo 'putative lipoprotein' at gnl|10|saureus_1 position 465138
[00:27:47] Possible /pseudo 'putative lipoprotein' at gnl|10|saureus_1 position 465957
[00:27:47] Possible /pseudo 'putative lipoprotein' at gnl|10|saureus_1 position 466810
[00:27:47] Possible /pseudo 'putative lipoprotein' at gnl|10|saureus_1 position 467632
[00:27:47] Possible /pseudo 'putative lipoprotein' at gnl|10|saureus_1 position 468434
[00:27:47] Possible /pseudo 'putative lipoprotein' at gnl|10|saureus_1 position 469295
[00:27:47] Possible /pseudo 'putative lipoprotein' at gnl|10|saureus_1 position 470247
[00:27:47] Possible /pseudo 'putative lipoprotein' at gnl|10|saureus_1 position 471081
[00:27:47] Possible /pseudo 'putative lipoprotein' at gnl|10|saureus_1 position 472046
[00:27:47] Possible /pseudo 'Poly(glycerol-phosphate) alpha-glucosyltransferase' at gnl|10|saureus_1 position 630610
[00:27:47] Possible /pseudo 'Putative lipid kinase' at gnl|10|saureus_1 position 808722
[00:27:47] Possible /pseudo 'Enterotoxin type A' at gnl|10|saureus_1 position 903888
[00:27:47] Possible /pseudo 'Signal peptidase IB' at gnl|10|saureus_1 position 967491
[00:27:47] Possible /pseudo 'Antibacterial protein 3' at gnl|10|saureus_1 position 1188305
[00:27:47] Possible /pseudo 'putative protease YdcP' at gnl|10|saureus_1 position 1725485
[00:27:47] Possible /pseudo 'Putative fluoride ion transporter CrcB' at gnl|10|saureus_1 position 1915879
[00:27:47] Possible /pseudo '65 kDa membrane protein' at gnl|10|saureus_1 position 2131760
[00:27:47] Possible /pseudo 'Extracellular matrix-binding protein ebh' at gnl|10|saureus_1 position 2331556
[00:27:47] Possible /pseudo 'putative lipoprotein' at gnl|10|saureus_1 position 2661423
[00:27:47] Possible /pseudo 'putative lipoprotein' at gnl|10|saureus_1 position 2661981
[00:27:47] Possible /pseudo 'Fibronectin-binding protein A' at gnl|10|saureus_1 position 2680980
[00:27:47] Found 1441 unique /gene codes.
[00:27:47] Fixed 2 duplicate /gene - gloC_1 gloC_2
[00:27:47] Fixed 2 duplicate /gene - argF_1 argF_2
[00:27:47] Fixed 2 duplicate /gene - nagB_1 nagB_2
[00:27:47] Fixed 3 duplicate /gene - treR_1 treR_2 treR_3
[00:27:47] Fixed 2 duplicate /gene - czcD_1 czcD_2
[00:27:47] Fixed 2 duplicate /gene - yugI_1 yugI_2
[00:27:47] Fixed 2 duplicate /gene - oppF_1 oppF_2
[00:27:47] Fixed 2 duplicate /gene - pheT_1 pheT_2
[00:27:47] Fixed 4 duplicate /gene - ssaA2_1 ssaA2_2 ssaA2_3 ssaA2_4
[00:27:47] Fixed 2 duplicate /gene - yfiZ_1 yfiZ_2
[00:27:47] Fixed 4 duplicate /gene - yxeP_1 yxeP_2 yxeP_3 yxeP_4
[00:27:47] Fixed 2 duplicate /gene - speC_1 speC_2
[00:27:47] Fixed 2 duplicate /gene - oatA_1 oatA_2
[00:27:47] Fixed 2 duplicate /gene - nth_1 nth_2
[00:27:47] Fixed 2 duplicate /gene - catE_1 catE_2
[00:27:47] Fixed 2 duplicate /gene - metP_1 metP_2
[00:27:47] Fixed 2 duplicate /gene - mntH_1 mntH_2
[00:27:47] Fixed 2 duplicate /gene - bceA_1 bceA_2
[00:27:47] Fixed 2 duplicate /gene - rsmH_1 rsmH_2
[00:27:47] Fixed 2 duplicate /gene - carA_1 carA_2
[00:27:47] Fixed 2 duplicate /gene - lukDv_1 lukDv_2
[00:27:47] Fixed 2 duplicate /gene - bltD_1 bltD_2
[00:27:47] Fixed 2 duplicate /gene - tagH_1 tagH_2
[00:27:47] Fixed 3 duplicate /gene - iucC_1 iucC_2 iucC_3
[00:27:47] Fixed 2 duplicate /gene - limB_1 limB_2
[00:27:47] Fixed 2 duplicate /gene - ldhD_1 ldhD_2
[00:27:47] Fixed 2 duplicate /gene - murJ_1 murJ_2
[00:27:47] Fixed 3 duplicate /gene - brnQ_1 brnQ_2 brnQ_3
[00:27:47] Fixed 2 duplicate /gene - mnaA_1 mnaA_2
[00:27:47] Fixed 2 duplicate /gene - hlb_1 hlb_2
[00:27:47] Fixed 2 duplicate /gene - arcC1_1 arcC1_2
[00:27:47] Fixed 2 duplicate /gene - graR_1 graR_2
[00:27:47] Fixed 2 duplicate /gene - arcA_1 arcA_2
[00:27:47] Fixed 2 duplicate /gene - cls_1 cls_2
[00:27:47] Fixed 2 duplicate /gene - mepM_1 mepM_2
[00:27:47] Fixed 2 duplicate /gene - gsiC_1 gsiC_2
[00:27:47] Fixed 2 duplicate /gene - yfkN_1 yfkN_2
[00:27:47] Fixed 2 duplicate /gene - yhdG_1 yhdG_2
[00:27:47] Fixed 2 duplicate /gene - cfiB_1 cfiB_2
[00:27:47] Fixed 2 duplicate /gene - hsdM_1 hsdM_2
[00:27:47] Fixed 2 duplicate /gene - ricR_1 ricR_2
[00:27:47] Fixed 2 duplicate /gene - bsaA_1 bsaA_2
[00:27:47] Fixed 10 duplicate /gene - yezG_1 yezG_2 yezG_3 yezG_4 yezG_5 yezG_6 yezG_7 yezG_8 yezG_9 yezG_10
[00:27:47] Fixed 2 duplicate /gene - crcB_1 crcB_2
[00:27:47] Fixed 2 duplicate /gene - fhuD_1 fhuD_2
[00:27:47] Fixed 2 duplicate /gene - fib_1 fib_2
[00:27:47] Fixed 2 duplicate /gene - kipA_1 kipA_2
[00:27:47] Fixed 2 duplicate /gene - mutS_1 mutS_2
[00:27:47] Fixed 3 duplicate /gene - mhqA_1 mhqA_2 mhqA_3
[00:27:47] Fixed 2 duplicate /gene - lytM_1 lytM_2
[00:27:47] Fixed 2 duplicate /gene - garK_1 garK_2
[00:27:47] Fixed 2 duplicate /gene - gatC_1 gatC_2
[00:27:47] Fixed 2 duplicate /gene - nupC_1 nupC_2
[00:27:47] Fixed 2 duplicate /gene - murF_1 murF_2
[00:27:47] Fixed 2 duplicate /gene - cynR_1 cynR_2
[00:27:47] Fixed 2 duplicate /gene - ydcP_1 ydcP_2
[00:27:47] Fixed 2 duplicate /gene - pdhC_1 pdhC_2
[00:27:47] Fixed 2 duplicate /gene - lysP_1 lysP_2
[00:27:47] Fixed 3 duplicate /gene - yciC_1 yciC_2 yciC_3
[00:27:47] Fixed 2 duplicate /gene - pitA_1 pitA_2
[00:27:47] Fixed 2 duplicate /gene - rnmV_1 rnmV_2
[00:27:47] Fixed 4 duplicate /gene - glpE_1 glpE_2 glpE_3 glpE_4
[00:27:47] Fixed 2 duplicate /gene - spsB_1 spsB_2
[00:27:47] Fixed 2 duplicate /gene - rpmG2_1 rpmG2_2
[00:27:47] Fixed 2 duplicate /gene - tcyC_1 tcyC_2
[00:27:47] Fixed 2 duplicate /gene - bcr_1 bcr_2
[00:27:47] Fixed 3 duplicate /gene - hin_1 hin_2 hin_3
[00:27:47] Fixed 2 duplicate /gene - yhdN_1 yhdN_2
[00:27:47] Fixed 7 duplicate /gene - lpl2_1 lpl2_2 lpl2_3 lpl2_4 lpl2_5 lpl2_6 lpl2_7
[00:27:47] Fixed 2 duplicate /gene - glpQ_1 glpQ_2
[00:27:47] Fixed 2 duplicate /gene - ysdC_1 ysdC_2
[00:27:47] Fixed 2 duplicate /gene - dus_1 dus_2
[00:27:47] Fixed 3 duplicate /gene - ptsG_1 ptsG_2 ptsG_3
[00:27:47] Fixed 2 duplicate /gene - cspA_1 cspA_2
[00:27:47] Fixed 2 duplicate /gene - ykoC_1 ykoC_2
[00:27:47] Fixed 2 duplicate /gene - fecD_1 fecD_2
[00:27:47] Fixed 3 duplicate /gene - scn_1 scn_2 scn_3
[00:27:47] Fixed 3 duplicate /gene - der_1 der_2 der_3
[00:27:47] Fixed 2 duplicate /gene - ghrB_1 ghrB_2
[00:27:47] Fixed 3 duplicate /gene - tagE_1 tagE_2 tagE_3
[00:27:47] Fixed 5 duplicate /gene - norB_1 norB_2 norB_3 norB_4 norB_5
[00:27:47] Fixed 2 duplicate /gene - trpG_1 trpG_2
[00:27:47] Fixed 2 duplicate /gene - gfo_1 gfo_2
[00:27:47] Fixed 2 duplicate /gene - kipI_1 kipI_2
[00:27:47] Fixed 2 duplicate /gene - pepF1_1 pepF1_2
[00:27:47] Fixed 2 duplicate /gene - lipA_1 lipA_2
[00:27:47] Fixed 2 duplicate /gene - alr1_1 alr1_2
[00:27:47] Fixed 2 duplicate /gene - recQ_1 recQ_2
[00:27:47] Fixed 2 duplicate /gene - ssaA_1 ssaA_2
[00:27:47] Fixed 2 duplicate /gene - nikE_1 nikE_2
[00:27:47] Fixed 2 duplicate /gene - est_1 est_2
[00:27:47] Fixed 2 duplicate /gene - nhaK_1 nhaK_2
[00:27:47] Fixed 2 duplicate /gene - clpB_1 clpB_2
[00:27:47] Fixed 2 duplicate /gene - fnbA_1 fnbA_2
[00:27:47] Fixed 2 duplicate /gene - xerC_1 xerC_2
[00:27:47] Fixed 2 duplicate /gene - arcR_1 arcR_2
[00:27:47] Fixed 2 duplicate /gene - tadA_1 tadA_2
[00:27:47] Fixed 2 duplicate /gene - thrB_1 thrB_2
[00:27:47] Fixed 2 duplicate /gene - ywqE_1 ywqE_2
[00:27:47] Fixed 2 duplicate /gene - tetA_1 tetA_2
[00:27:47] Fixed 3 duplicate /gene - lexA_1 lexA_2 lexA_3
[00:27:47] Fixed 3 duplicate /gene - entA_1 entA_2 entA_3
[00:27:47] Fixed 2 duplicate /gene - clpP_1 clpP_2
[00:27:47] Fixed 2 duplicate /gene - natA_1 natA_2
[00:27:47] Fixed 4 duplicate /gene - ssbA_1 ssbA_2 ssbA_3 ssbA_4
[00:27:47] Fixed 3 duplicate /gene - bceB_1 bceB_2 bceB_3
[00:27:47] Fixed 3 duplicate /gene - argR_1 argR_2 argR_3
[00:27:47] Fixed 2 duplicate /gene - arcD_1 arcD_2
[00:27:47] Fixed 2 duplicate /gene - polC_1 polC_2
[00:27:47] Fixed 2 duplicate /gene - leuA_1 leuA_2
[00:27:47] Fixed 2 duplicate /gene - lctP_1 lctP_2
[00:27:47] Fixed 2 duplicate /gene - secA_1 secA_2
[00:27:47] Fixed 2 duplicate /gene - gltB_1 gltB_2
[00:27:47] Fixed 4 duplicate /gene - yxlF_1 yxlF_2 yxlF_3 yxlF_4
[00:27:47] Fixed 2 duplicate /gene - mleN_1 mleN_2
[00:27:47] Fixed 2 duplicate /gene - manR_1 manR_2
[00:27:47] Fixed 2 duplicate /gene - aldC_1 aldC_2
[00:27:47] Fixed 2 duplicate /gene - cap8A_1 cap8A_2
[00:27:47] Fixed 2 duplicate /gene - ywpJ_1 ywpJ_2
[00:27:47] Fixed 2 duplicate /gene - ugpQ_1 ugpQ_2
[00:27:47] Fixed 2 duplicate /gene - pepT_1 pepT_2
[00:27:47] Fixed 4 duplicate /gene - atl_1 atl_2 atl_3 atl_4
[00:27:47] Fixed 2 duplicate /gene - melR_1 melR_2
[00:27:47] Fixed 2 duplicate /gene - iucA_1 iucA_2
[00:27:47] Fixed 2 duplicate /gene - tarF_1 tarF_2
[00:27:47] Fixed 2 duplicate /gene - nikA_1 nikA_2
[00:27:47] Fixed 2 duplicate /gene - gpmA_1 gpmA_2
[00:27:47] Fixed 2 duplicate /gene - hlgC_1 hlgC_2
[00:27:47] Fixed 2 duplicate /gene - znuC_1 znuC_2
[00:27:47] Fixed 2 duplicate /gene - glcU_1 glcU_2
[00:27:47] Fixed 3 duplicate /gene - nikB_1 nikB_2 nikB_3
[00:27:47] Fixed 2 duplicate /gene - polA_1 polA_2
[00:27:47] Fixed 2 duplicate /gene - rimI_1 rimI_2
[00:27:47] Fixed 2 duplicate /gene - pepA_1 pepA_2
[00:27:47] Fixed 2 duplicate /gene - pbpX_1 pbpX_2
[00:27:47] Fixed 2 duplicate /gene - ywqN_1 ywqN_2
[00:27:47] Fixed 2 duplicate /gene - patA_1 patA_2
[00:27:47] Fixed 2 duplicate /gene - hisC_1 hisC_2
[00:27:47] Fixed 2 duplicate /gene - rocD2_1 rocD2_2
[00:27:47] Fixed 2 duplicate /gene - metQ_1 metQ_2
[00:27:47] Fixed 2 duplicate /gene - sle1_1 sle1_2
[00:27:47] Fixed 5 duplicate /gene - oppD_1 oppD_2 oppD_3 oppD_4 oppD_5
[00:27:47] Fixed 2 duplicate /gene - mggB_1 mggB_2
[00:27:47] Fixed 2 duplicate /gene - Int-Tn_1 Int-Tn_2
[00:27:47] Fixed 3 duplicate /gene - rluD_1 rluD_2 rluD_3
[00:27:47] Fixed 4 duplicate /gene - gsiD_1 gsiD_2 gsiD_3 gsiD_4
[00:27:47] Fixed 2 duplicate /gene - hrtA_1 hrtA_2
[00:27:47] Fixed 2 duplicate /gene - feoB_1 feoB_2
[00:27:47] Fixed 2 duplicate /gene - suhB_1 suhB_2
[00:27:47] Fixed 4 duplicate /gene - ebh_1 ebh_2 ebh_3 ebh_4
[00:27:47] Fixed 3 duplicate /gene - opuD_1 opuD_2 opuD_3
[00:27:47] Fixed 3 duplicate /gene - femA_1 femA_2 femA_3
[00:27:47] Fixed 3 duplicate /gene - gph_1 gph_2 gph_3
[00:27:47] Fixed 3 duplicate /gene - xerD_1 xerD_2 xerD_3
[00:27:47] Fixed 2 duplicate /gene - feuC_1 feuC_2
[00:27:47] Fixed 2 duplicate /gene - lytR_1 lytR_2
[00:27:47] Fixed 2 duplicate /gene - phnE_1 phnE_2
[00:27:47] Fixed 2 duplicate /gene - gatB_1 gatB_2
[00:27:47] Fixed 2 duplicate /gene - yfmC_1 yfmC_2
[00:27:47] Fixed 2 duplicate /gene - yitU_1 yitU_2
[00:27:47] Fixed 3 duplicate /gene - slyA_1 slyA_2 slyA_3
[00:27:47] Fixed 2 duplicate /gene - cycA_1 cycA_2
[00:27:47] Fixed 2 duplicate /gene - sufB_1 sufB_2
[00:27:47] Fixed 2 duplicate /gene - iscS_1 iscS_2
[00:27:47] Fixed 2 duplicate /gene - gloB_1 gloB_2
[00:27:47] Fixed 2 duplicate /gene - acsA_1 acsA_2
[00:27:47] Fixed 2 duplicate /gene - graS_1 graS_2
[00:27:47] Fixed 2 duplicate /gene - accB_1 accB_2
[00:27:47] Fixed 2 duplicate /gene - trxA_1 trxA_2
[00:27:47] Fixed 2 duplicate /gene - bioB_1 bioB_2
[00:27:47] Fixed 2 duplicate /gene - treP_1 treP_2
[00:27:47] Fixed 2 duplicate /gene - ktrB_1 ktrB_2
[00:27:47] Fixed 3 duplicate /gene - smc_1 smc_2 smc_3
[00:27:47] Fixed 4 duplicate /gene - lytN_1 lytN_2 lytN_3 lytN_4
[00:27:47] Fixed 2 duplicate /gene - dnaX_1 dnaX_2
[00:27:47] Fixed 2 duplicate /gene - mnhD1_1 mnhD1_2
[00:27:47] Fixed 2 duplicate /gene - rpsA_1 rpsA_2
[00:27:47] Fixed 2 duplicate /gene - ykoD_1 ykoD_2
[00:27:47] Fixed 2 duplicate /gene - queE_1 queE_2
[00:27:47] Fixed 2 duplicate /gene - ywqD_1 ywqD_2
[00:27:47] Fixed 2 duplicate /gene - ftsK_1 ftsK_2
[00:27:47] Fixed 2 duplicate /gene - lacC_1 lacC_2
[00:27:47] Fixed 2 duplicate /gene - arcB_1 arcB_2
[00:27:47] Fixed 3 duplicate /gene - ybbH_1 ybbH_2 ybbH_3
[00:27:47] Fixed 2 duplicate /gene - gatA_1 gatA_2
[00:27:47] Fixed 2 duplicate /gene - pglF_1 pglF_2
[00:27:47] Fixed 186 colliding /gene names.
[00:27:47] Adding /locus_tag identifiers
[00:27:48] Assigned 2779 locus_tags to CDS and RNA features.
[00:27:48] Writing outputs to /home/fsepulveda/Desktop/test_script/output_NZ_CP007176/output_prokka/
[00:27:52] Generating annotation statistics file
[00:27:52] Generating Genbank and Sequin files
[00:27:52] Running: tbl2asn -V b -a r10k -l paired-ends -M n -N 1 -y 'Annotated using prokka 1.12 from https://github.com/tseemann/prokka' -Z \/home\/fsepulveda\/Desktop\/test_script\/output_NZ_CP007176\/output_prokka\/PROKKA_04252017\.err -i \/home\/fsepulveda\/Desktop\/test_script\/output_NZ_CP007176\/output_prokka\/PROKKA_04252017\.fsa 2> /dev/null
[00:27:59] Deleting unwanted file: /home/fsepulveda/Desktop/test_script/output_NZ_CP007176/output_prokka/errorsummary.val
[00:27:59] Deleting unwanted file: /home/fsepulveda/Desktop/test_script/output_NZ_CP007176/output_prokka/PROKKA_04252017.dr
[00:27:59] Deleting unwanted file: /home/fsepulveda/Desktop/test_script/output_NZ_CP007176/output_prokka/PROKKA_04252017.fixedproducts
[00:27:59] Deleting unwanted file: /home/fsepulveda/Desktop/test_script/output_NZ_CP007176/output_prokka/PROKKA_04252017.ecn
[00:27:59] Deleting unwanted file: /home/fsepulveda/Desktop/test_script/output_NZ_CP007176/output_prokka/PROKKA_04252017.val
[00:27:59] Repairing broken .GBK output that tbl2asn produces...
[00:27:59] Running: sed 's/COORDINATES: profile/COORDINATES:profile/' < \/home\/fsepulveda\/Desktop\/test_script\/output_NZ_CP007176\/output_prokka\/PROKKA_04252017\.gbf > \/home\/fsepulveda\/Desktop\/test_script\/output_NZ_CP007176\/output_prokka\/PROKKA_04252017\.gbk
[00:27:59] Deleting unwanted file: /home/fsepulveda/Desktop/test_script/output_NZ_CP007176/output_prokka/PROKKA_04252017.gbf
[00:27:59] Output files:
[00:27:59] /home/fsepulveda/Desktop/test_script/output_NZ_CP007176/output_prokka/PROKKA_04252017.sqn
[00:27:59] /home/fsepulveda/Desktop/test_script/output_NZ_CP007176/output_prokka/PROKKA_04252017.gbk
[00:27:59] /home/fsepulveda/Desktop/test_script/output_NZ_CP007176/output_prokka/PROKKA_04252017.ffn
[00:27:59] /home/fsepulveda/Desktop/test_script/output_NZ_CP007176/output_prokka/PROKKA_04252017.gff
[00:27:59] /home/fsepulveda/Desktop/test_script/output_NZ_CP007176/output_prokka/PROKKA_04252017.fna
[00:27:59] /home/fsepulveda/Desktop/test_script/output_NZ_CP007176/output_prokka/PROKKA_04252017.faa
[00:27:59] /home/fsepulveda/Desktop/test_script/output_NZ_CP007176/output_prokka/PROKKA_04252017.tbl
[00:27:59] /home/fsepulveda/Desktop/test_script/output_NZ_CP007176/output_prokka/PROKKA_04252017.err
[00:27:59] /home/fsepulveda/Desktop/test_script/output_NZ_CP007176/output_prokka/PROKKA_04252017.tsv
[00:27:59] /home/fsepulveda/Desktop/test_script/output_NZ_CP007176/output_prokka/PROKKA_04252017.txt
[00:27:59] /home/fsepulveda/Desktop/test_script/output_NZ_CP007176/output_prokka/PROKKA_04252017.log
[00:27:59] /home/fsepulveda/Desktop/test_script/output_NZ_CP007176/output_prokka/PROKKA_04252017.fsa
[00:27:59] Annotation finished successfully.
[00:27:59] Walltime used: 1.68 minutes
[00:27:59] If you use this result please cite the Prokka paper:
[00:27:59] Seemann T (2014) Prokka: rapid prokaryotic genome annotation. Bioinformatics. 30(14):2068-9.
[00:27:59] Type 'prokka --citation' for more details.
[00:27:59] Share and enjoy!
