Discrepancy Report Results

Summary
FATAL: BAD_LOCUS_TAG_FORMAT:49 locus tags are incorrectly formatted.
DISC_SOURCE_QUALS_ASNDISC:strain (all present, all unique)
DISC_SOURCE_QUALS_ASNDISC:taxname (all present, all unique)
DISC_FEATURE_COUNT:gene: 49 present
DISC_FEATURE_COUNT:CDS: 49 present
DISC_COUNT_NUCLEOTIDES:1 nucleotide Bioseqs are present
OVERLAPPING_GENES:10 genes overlap another gene on the same strand.
SUSPECT_PRODUCT_NAMES:2 product_names contain suspect phrase or characters
	May contain database identifier more appropriate in note; remove from product name
		1 features Three or more numbers together
		1 features Contains underscore
DISC_QUALITY_SCORES:Quality scores are missing on all sequences.
ONCALLER_COMMENT_PRESENT:1 comment descriptors were found (all same)
SHORT_PROT_SEQUENCES:3 protein sequences are shorter than 50 aa.
MISSING_GENOMEASSEMBLY_COMMENTS:1 bioseqs are missing GenomeAssembly structured comments
MOLTYPE_NOT_MRNA:1 molecule types are not set as mRNA.
TECHNIQUE_NOT_TSA:1 technique are not set as TSA
MISSING_STRUCTURED_COMMENT:1 sequences do not include structured comments.
MISSING_PROJECT:50 sequences do not include project.
DISC_INCONSISTENT_MOLINFO_TECH:Molinfo Technique Report (some missing, all same)


Detailed Report

FATAL: DiscRep_ALL:BAD_LOCUS_TAG_FORMAT::49 locus tags are incorrectly formatted.
SCCmec_AB505628_Type-IX/SCCmec_AB505628_Type-IX:Gene	rlmH	SCCmec_AB505628_Type-IX_1:1-480	SCCmec_AB505628_Type-IX_00001
SCCmec_AB505628_Type-IX/SCCmec_AB505628_Type-IX:Gene	SCCmec_AB505628_Type-IX_00002	SCCmec_AB505628_Type-IX_1:830-1741	SCCmec_AB505628_Type-IX_00002
SCCmec_AB505628_Type-IX/SCCmec_AB505628_Type-IX:Gene	taqIM	SCCmec_AB505628_Type-IX_1:1831-5445	SCCmec_AB505628_Type-IX_00003
SCCmec_AB505628_Type-IX/SCCmec_AB505628_Type-IX:Gene	SCCmec_AB505628_Type-IX_00004	SCCmec_AB505628_Type-IX_1:c6255-5566	SCCmec_AB505628_Type-IX_00004
SCCmec_AB505628_Type-IX/SCCmec_AB505628_Type-IX:Gene	SCCmec_AB505628_Type-IX_00005	SCCmec_AB505628_Type-IX_1:c6959-6456	SCCmec_AB505628_Type-IX_00005
SCCmec_AB505628_Type-IX/SCCmec_AB505628_Type-IX:Gene	SCCmec_AB505628_Type-IX_00006	SCCmec_AB505628_Type-IX_1:c7291-6980	SCCmec_AB505628_Type-IX_00006
SCCmec_AB505628_Type-IX/SCCmec_AB505628_Type-IX:Gene	SCCmec_AB505628_Type-IX_00007	SCCmec_AB505628_Type-IX_1:c7383-7294	SCCmec_AB505628_Type-IX_00007
SCCmec_AB505628_Type-IX/SCCmec_AB505628_Type-IX:Gene	SCCmec_AB505628_Type-IX_00008	SCCmec_AB505628_Type-IX_1:c7726-7376	SCCmec_AB505628_Type-IX_00008
SCCmec_AB505628_Type-IX/SCCmec_AB505628_Type-IX:Gene	fabG3	SCCmec_AB505628_Type-IX_1:c9066-8296	SCCmec_AB505628_Type-IX_00009
SCCmec_AB505628_Type-IX/SCCmec_AB505628_Type-IX:Gene	hin	SCCmec_AB505628_Type-IX_1:c10743-9118	SCCmec_AB505628_Type-IX_00010
SCCmec_AB505628_Type-IX/SCCmec_AB505628_Type-IX:Gene	tnpR	SCCmec_AB505628_Type-IX_1:c12114-10765	SCCmec_AB505628_Type-IX_00011
SCCmec_AB505628_Type-IX/SCCmec_AB505628_Type-IX:Gene	SCCmec_AB505628_Type-IX_00012	SCCmec_AB505628_Type-IX_1:c12583-12305	SCCmec_AB505628_Type-IX_00012
SCCmec_AB505628_Type-IX/SCCmec_AB505628_Type-IX:Gene	SCCmec_AB505628_Type-IX_00013	SCCmec_AB505628_Type-IX_1:c13780-12653	SCCmec_AB505628_Type-IX_00013
SCCmec_AB505628_Type-IX/SCCmec_AB505628_Type-IX:Gene	SCCmec_AB505628_Type-IX_00014	SCCmec_AB505628_Type-IX_1:c14453-13803	SCCmec_AB505628_Type-IX_00014
SCCmec_AB505628_Type-IX/SCCmec_AB505628_Type-IX:Gene	SCCmec_AB505628_Type-IX_00015	SCCmec_AB505628_Type-IX_1:c15965-14580	SCCmec_AB505628_Type-IX_00015
SCCmec_AB505628_Type-IX/SCCmec_AB505628_Type-IX:Gene	SCCmec_AB505628_Type-IX_00016	SCCmec_AB505628_Type-IX_1:16203-17387	SCCmec_AB505628_Type-IX_00016
SCCmec_AB505628_Type-IX/SCCmec_AB505628_Type-IX:Gene	SCCmec_AB505628_Type-IX_00017	SCCmec_AB505628_Type-IX_1:17751-18668	SCCmec_AB505628_Type-IX_00017
SCCmec_AB505628_Type-IX/SCCmec_AB505628_Type-IX:Gene	SCCmec_AB505628_Type-IX_00018	SCCmec_AB505628_Type-IX_1:c19257-19069	SCCmec_AB505628_Type-IX_00018
SCCmec_AB505628_Type-IX/SCCmec_AB505628_Type-IX:Gene	SCCmec_AB505628_Type-IX_00019	SCCmec_AB505628_Type-IX_1:19414-19713	SCCmec_AB505628_Type-IX_00019
SCCmec_AB505628_Type-IX/SCCmec_AB505628_Type-IX:Gene	SCCmec_AB505628_Type-IX_00020	SCCmec_AB505628_Type-IX_1:c19968-19840	SCCmec_AB505628_Type-IX_00020
SCCmec_AB505628_Type-IX/SCCmec_AB505628_Type-IX:Gene	SCCmec_AB505628_Type-IX_00021	SCCmec_AB505628_Type-IX_1:c20564-19947	SCCmec_AB505628_Type-IX_00021
SCCmec_AB505628_Type-IX/SCCmec_AB505628_Type-IX:Gene	SCCmec_AB505628_Type-IX_00022	SCCmec_AB505628_Type-IX_1:20822-20989	SCCmec_AB505628_Type-IX_00022
SCCmec_AB505628_Type-IX/SCCmec_AB505628_Type-IX:Gene	SCCmec_AB505628_Type-IX_00023	SCCmec_AB505628_Type-IX_1:21087-21317	SCCmec_AB505628_Type-IX_00023
SCCmec_AB505628_Type-IX/SCCmec_AB505628_Type-IX:Gene	ugpQ	SCCmec_AB505628_Type-IX_1:21906-22649	SCCmec_AB505628_Type-IX_00024
SCCmec_AB505628_Type-IX/SCCmec_AB505628_Type-IX:Gene	paaZ	SCCmec_AB505628_Type-IX_1:22746-23174	SCCmec_AB505628_Type-IX_00025
SCCmec_AB505628_Type-IX/SCCmec_AB505628_Type-IX:Gene	pbp	SCCmec_AB505628_Type-IX_1:c25226-23220	SCCmec_AB505628_Type-IX_00026
SCCmec_AB505628_Type-IX/SCCmec_AB505628_Type-IX:Gene	SCCmec_AB505628_Type-IX_00027	SCCmec_AB505628_Type-IX_1:25474-26148	SCCmec_AB505628_Type-IX_00027
SCCmec_AB505628_Type-IX/SCCmec_AB505628_Type-IX:Gene	SCCmec_AB505628_Type-IX_00028	SCCmec_AB505628_Type-IX_1:c27004-26657	SCCmec_AB505628_Type-IX_00028
SCCmec_AB505628_Type-IX/SCCmec_AB505628_Type-IX:Gene	hchA	SCCmec_AB505628_Type-IX_1:27082-27765	SCCmec_AB505628_Type-IX_00029
SCCmec_AB505628_Type-IX/SCCmec_AB505628_Type-IX:Gene	yhfK	SCCmec_AB505628_Type-IX_1:27787-28452	SCCmec_AB505628_Type-IX_00030
SCCmec_AB505628_Type-IX/SCCmec_AB505628_Type-IX:Gene	yfmJ	SCCmec_AB505628_Type-IX_1:28456-29460	SCCmec_AB505628_Type-IX_00031
SCCmec_AB505628_Type-IX/SCCmec_AB505628_Type-IX:Gene	SCCmec_AB505628_Type-IX_00032	SCCmec_AB505628_Type-IX_1:29469-29834	SCCmec_AB505628_Type-IX_00032
SCCmec_AB505628_Type-IX/SCCmec_AB505628_Type-IX:Gene	SCCmec_AB505628_Type-IX_00033	SCCmec_AB505628_Type-IX_1:30370-30987	SCCmec_AB505628_Type-IX_00033
SCCmec_AB505628_Type-IX/SCCmec_AB505628_Type-IX:Gene	cadC	SCCmec_AB505628_Type-IX_1:31006-31347	SCCmec_AB505628_Type-IX_00034
SCCmec_AB505628_Type-IX/SCCmec_AB505628_Type-IX:Gene	arsC_1	SCCmec_AB505628_Type-IX_1:c31768-31367	SCCmec_AB505628_Type-IX_00035
SCCmec_AB505628_Type-IX/SCCmec_AB505628_Type-IX:Gene	arsB_1	SCCmec_AB505628_Type-IX_1:c33075-31786	SCCmec_AB505628_Type-IX_00036
SCCmec_AB505628_Type-IX/SCCmec_AB505628_Type-IX:Gene	sdpR_1	SCCmec_AB505628_Type-IX_1:c33392-33075	SCCmec_AB505628_Type-IX_00037
SCCmec_AB505628_Type-IX/SCCmec_AB505628_Type-IX:Gene	copB	SCCmec_AB505628_Type-IX_1:33645-35708	SCCmec_AB505628_Type-IX_00038
SCCmec_AB505628_Type-IX/SCCmec_AB505628_Type-IX:Gene	mco	SCCmec_AB505628_Type-IX_1:35723-37156	SCCmec_AB505628_Type-IX_00039
SCCmec_AB505628_Type-IX/SCCmec_AB505628_Type-IX:Gene	SCCmec_AB505628_Type-IX_00040	SCCmec_AB505628_Type-IX_1:37176-37658	SCCmec_AB505628_Type-IX_00040
SCCmec_AB505628_Type-IX/SCCmec_AB505628_Type-IX:Gene	arsC_2	SCCmec_AB505628_Type-IX_1:c38259-37864	SCCmec_AB505628_Type-IX_00041
SCCmec_AB505628_Type-IX/SCCmec_AB505628_Type-IX:Gene	arsB_2	SCCmec_AB505628_Type-IX_1:c39570-38278	SCCmec_AB505628_Type-IX_00042
SCCmec_AB505628_Type-IX/SCCmec_AB505628_Type-IX:Gene	sdpR_2	SCCmec_AB505628_Type-IX_1:c39884-39570	SCCmec_AB505628_Type-IX_00043
SCCmec_AB505628_Type-IX/SCCmec_AB505628_Type-IX:Gene	arsA	SCCmec_AB505628_Type-IX_1:c41769-40024	SCCmec_AB505628_Type-IX_00044
SCCmec_AB505628_Type-IX/SCCmec_AB505628_Type-IX:Gene	arsD	SCCmec_AB505628_Type-IX_1:c42082-41735	SCCmec_AB505628_Type-IX_00045
SCCmec_AB505628_Type-IX/SCCmec_AB505628_Type-IX:Gene	SCCmec_AB505628_Type-IX_00046	SCCmec_AB505628_Type-IX_1:42289-42489	SCCmec_AB505628_Type-IX_00046
SCCmec_AB505628_Type-IX/SCCmec_AB505628_Type-IX:Gene	arsR	SCCmec_AB505628_Type-IX_1:42522-42842	SCCmec_AB505628_Type-IX_00047
SCCmec_AB505628_Type-IX/SCCmec_AB505628_Type-IX:Gene	SCCmec_AB505628_Type-IX_00048	SCCmec_AB505628_Type-IX_1:42930-43814	SCCmec_AB505628_Type-IX_00048
SCCmec_AB505628_Type-IX/SCCmec_AB505628_Type-IX:Gene	SCCmec_AB505628_Type-IX_00049	SCCmec_AB505628_Type-IX_1:43828-43956	SCCmec_AB505628_Type-IX_00049

DiscRep_ALL:DISC_SOURCE_QUALS_ASNDISC::strain (all present, all unique)
DiscRep_SUB:DISC_SOURCE_QUALS_ASNDISC::1 sources have unique values for strain
DiscRep_ALL:DISC_SOURCE_QUALS_ASNDISC::taxname (all present, all unique)
DiscRep_SUB:DISC_SOURCE_QUALS_ASNDISC::1 sources have unique values for taxname
DiscRep_ALL:DISC_FEATURE_COUNT::gene: 49 present
DiscRep_ALL:DISC_FEATURE_COUNT::CDS: 49 present
DiscRep_ALL:DISC_COUNT_NUCLEOTIDES::1 nucleotide Bioseqs are present
SCCmec_AB505628_Type-IX/SCCmec_AB505628_Type-IX:10:SCCmec_AB505628_Type-IX_1 (length 44173)

DiscRep_ALL:OVERLAPPING_GENES::10 genes overlap another gene on the same strand.
SCCmec_AB505628_Type-IX/SCCmec_AB505628_Type-IX:Gene	SCCmec_AB505628_Type-IX_00007	SCCmec_AB505628_Type-IX_1:c7383-7294	SCCmec_AB505628_Type-IX_00007
SCCmec_AB505628_Type-IX/SCCmec_AB505628_Type-IX:Gene	SCCmec_AB505628_Type-IX_00008	SCCmec_AB505628_Type-IX_1:c7726-7376	SCCmec_AB505628_Type-IX_00008
SCCmec_AB505628_Type-IX/SCCmec_AB505628_Type-IX:Gene	SCCmec_AB505628_Type-IX_00020	SCCmec_AB505628_Type-IX_1:c19968-19840	SCCmec_AB505628_Type-IX_00020
SCCmec_AB505628_Type-IX/SCCmec_AB505628_Type-IX:Gene	SCCmec_AB505628_Type-IX_00021	SCCmec_AB505628_Type-IX_1:c20564-19947	SCCmec_AB505628_Type-IX_00021
SCCmec_AB505628_Type-IX/SCCmec_AB505628_Type-IX:Gene	arsB_1	SCCmec_AB505628_Type-IX_1:c33075-31786	SCCmec_AB505628_Type-IX_00036
SCCmec_AB505628_Type-IX/SCCmec_AB505628_Type-IX:Gene	sdpR_1	SCCmec_AB505628_Type-IX_1:c33392-33075	SCCmec_AB505628_Type-IX_00037
SCCmec_AB505628_Type-IX/SCCmec_AB505628_Type-IX:Gene	arsB_2	SCCmec_AB505628_Type-IX_1:c39570-38278	SCCmec_AB505628_Type-IX_00042
SCCmec_AB505628_Type-IX/SCCmec_AB505628_Type-IX:Gene	sdpR_2	SCCmec_AB505628_Type-IX_1:c39884-39570	SCCmec_AB505628_Type-IX_00043
SCCmec_AB505628_Type-IX/SCCmec_AB505628_Type-IX:Gene	arsA	SCCmec_AB505628_Type-IX_1:c41769-40024	SCCmec_AB505628_Type-IX_00044
SCCmec_AB505628_Type-IX/SCCmec_AB505628_Type-IX:Gene	arsD	SCCmec_AB505628_Type-IX_1:c42082-41735	SCCmec_AB505628_Type-IX_00045

DiscRep_ALL:SUSPECT_PRODUCT_NAMES::2 product_names contain suspect phrase or characters
DiscRep_SUB:SUSPECT_PRODUCT_NAMES::May contain database identifier more appropriate in note; remove from product name
DiscRep_SUB:SUSPECT_PRODUCT_NAMES::1 features Three or more numbers together
SCCmec_AB505628_Type-IX/SCCmec_AB505628_Type-IX:CDS	Putative two-component membrane permease complex subunit SMU_747c	SCCmec_AB505628_Type-IX_1:42930-43814	SCCmec_AB505628_Type-IX_00048

DiscRep_SUB:SUSPECT_PRODUCT_NAMES::1 features Contains underscore
SCCmec_AB505628_Type-IX/SCCmec_AB505628_Type-IX:CDS	Putative two-component membrane permease complex subunit SMU_747c	SCCmec_AB505628_Type-IX_1:42930-43814	SCCmec_AB505628_Type-IX_00048

DiscRep_ALL:DISC_QUALITY_SCORES::Quality scores are missing on all sequences.

DiscRep_ALL:ONCALLER_COMMENT_PRESENT::1 comment descriptors were found (all same)
SCCmec_AB505628_Type-IX/SCCmec_AB505628_Type-IX:10:SCCmec_AB505628_Type-IX_1:Annotated using prokka 1.12 from https://github.com/tseemann/prokka

DiscRep_ALL:SHORT_PROT_SEQUENCES::3 protein sequences are shorter than 50 aa.
SCCmec_AB505628_Type-IX/SCCmec_AB505628_Type-IX:10:SCCmec_AB505628_Type-IX_00007 (length 29)
SCCmec_AB505628_Type-IX/SCCmec_AB505628_Type-IX:10:SCCmec_AB505628_Type-IX_00020 (length 42)
SCCmec_AB505628_Type-IX/SCCmec_AB505628_Type-IX:10:SCCmec_AB505628_Type-IX_00049 (length 42)

DiscRep_ALL:MISSING_GENOMEASSEMBLY_COMMENTS::1 bioseqs are missing GenomeAssembly structured comments
SCCmec_AB505628_Type-IX/SCCmec_AB505628_Type-IX:10:SCCmec_AB505628_Type-IX_1 (length 44173)

DiscRep_ALL:MOLTYPE_NOT_MRNA::1 molecule types are not set as mRNA.
SCCmec_AB505628_Type-IX/SCCmec_AB505628_Type-IX:10:SCCmec_AB505628_Type-IX_1 (length 44173)

DiscRep_ALL:TECHNIQUE_NOT_TSA::1 technique are not set as TSA
SCCmec_AB505628_Type-IX/SCCmec_AB505628_Type-IX:10:SCCmec_AB505628_Type-IX_1 (length 44173)

DiscRep_ALL:MISSING_STRUCTURED_COMMENT::1 sequences do not include structured comments.
SCCmec_AB505628_Type-IX/SCCmec_AB505628_Type-IX:10:SCCmec_AB505628_Type-IX_1 (length 44173)

DiscRep_ALL:MISSING_PROJECT::50 sequences do not include project.
SCCmec_AB505628_Type-IX/SCCmec_AB505628_Type-IX:10:SCCmec_AB505628_Type-IX_1 (length 44173)
SCCmec_AB505628_Type-IX/SCCmec_AB505628_Type-IX:10:SCCmec_AB505628_Type-IX_00001 (length 159)
SCCmec_AB505628_Type-IX/SCCmec_AB505628_Type-IX:10:SCCmec_AB505628_Type-IX_00002 (length 303)
SCCmec_AB505628_Type-IX/SCCmec_AB505628_Type-IX:10:SCCmec_AB505628_Type-IX_00003 (length 1204)
SCCmec_AB505628_Type-IX/SCCmec_AB505628_Type-IX:10:SCCmec_AB505628_Type-IX_00004 (length 229)
SCCmec_AB505628_Type-IX/SCCmec_AB505628_Type-IX:10:SCCmec_AB505628_Type-IX_00005 (length 167)
SCCmec_AB505628_Type-IX/SCCmec_AB505628_Type-IX:10:SCCmec_AB505628_Type-IX_00006 (length 103)
SCCmec_AB505628_Type-IX/SCCmec_AB505628_Type-IX:10:SCCmec_AB505628_Type-IX_00007 (length 29)
SCCmec_AB505628_Type-IX/SCCmec_AB505628_Type-IX:10:SCCmec_AB505628_Type-IX_00008 (length 116)
SCCmec_AB505628_Type-IX/SCCmec_AB505628_Type-IX:10:SCCmec_AB505628_Type-IX_00009 (length 256)
SCCmec_AB505628_Type-IX/SCCmec_AB505628_Type-IX:10:SCCmec_AB505628_Type-IX_00010 (length 541)
SCCmec_AB505628_Type-IX/SCCmec_AB505628_Type-IX:10:SCCmec_AB505628_Type-IX_00011 (length 449)
SCCmec_AB505628_Type-IX/SCCmec_AB505628_Type-IX:10:SCCmec_AB505628_Type-IX_00012 (length 92)
SCCmec_AB505628_Type-IX/SCCmec_AB505628_Type-IX:10:SCCmec_AB505628_Type-IX_00013 (length 375)
SCCmec_AB505628_Type-IX/SCCmec_AB505628_Type-IX:10:SCCmec_AB505628_Type-IX_00014 (length 216)
SCCmec_AB505628_Type-IX/SCCmec_AB505628_Type-IX:10:SCCmec_AB505628_Type-IX_00015 (length 461)
SCCmec_AB505628_Type-IX/SCCmec_AB505628_Type-IX:10:SCCmec_AB505628_Type-IX_00016 (length 394)
SCCmec_AB505628_Type-IX/SCCmec_AB505628_Type-IX:10:SCCmec_AB505628_Type-IX_00017 (length 305)
SCCmec_AB505628_Type-IX/SCCmec_AB505628_Type-IX:10:SCCmec_AB505628_Type-IX_00018 (length 62)
SCCmec_AB505628_Type-IX/SCCmec_AB505628_Type-IX:10:SCCmec_AB505628_Type-IX_00019 (length 99)
SCCmec_AB505628_Type-IX/SCCmec_AB505628_Type-IX:10:SCCmec_AB505628_Type-IX_00020 (length 42)
SCCmec_AB505628_Type-IX/SCCmec_AB505628_Type-IX:10:SCCmec_AB505628_Type-IX_00021 (length 205)
SCCmec_AB505628_Type-IX/SCCmec_AB505628_Type-IX:10:SCCmec_AB505628_Type-IX_00022 (length 55)
SCCmec_AB505628_Type-IX/SCCmec_AB505628_Type-IX:10:SCCmec_AB505628_Type-IX_00023 (length 76)
SCCmec_AB505628_Type-IX/SCCmec_AB505628_Type-IX:10:SCCmec_AB505628_Type-IX_00024 (length 247)
SCCmec_AB505628_Type-IX/SCCmec_AB505628_Type-IX:10:SCCmec_AB505628_Type-IX_00025 (length 142)
SCCmec_AB505628_Type-IX/SCCmec_AB505628_Type-IX:10:SCCmec_AB505628_Type-IX_00026 (length 668)
SCCmec_AB505628_Type-IX/SCCmec_AB505628_Type-IX:10:SCCmec_AB505628_Type-IX_00027 (length 224)
SCCmec_AB505628_Type-IX/SCCmec_AB505628_Type-IX:10:SCCmec_AB505628_Type-IX_00028 (length 115)
SCCmec_AB505628_Type-IX/SCCmec_AB505628_Type-IX:10:SCCmec_AB505628_Type-IX_00029 (length 227)
SCCmec_AB505628_Type-IX/SCCmec_AB505628_Type-IX:10:SCCmec_AB505628_Type-IX_00030 (length 221)
SCCmec_AB505628_Type-IX/SCCmec_AB505628_Type-IX:10:SCCmec_AB505628_Type-IX_00031 (length 334)
SCCmec_AB505628_Type-IX/SCCmec_AB505628_Type-IX:10:SCCmec_AB505628_Type-IX_00032 (length 121)
SCCmec_AB505628_Type-IX/SCCmec_AB505628_Type-IX:10:SCCmec_AB505628_Type-IX_00033 (length 205)
SCCmec_AB505628_Type-IX/SCCmec_AB505628_Type-IX:10:SCCmec_AB505628_Type-IX_00034 (length 113)
SCCmec_AB505628_Type-IX/SCCmec_AB505628_Type-IX:10:SCCmec_AB505628_Type-IX_00035 (length 133)
SCCmec_AB505628_Type-IX/SCCmec_AB505628_Type-IX:10:SCCmec_AB505628_Type-IX_00036 (length 429)
SCCmec_AB505628_Type-IX/SCCmec_AB505628_Type-IX:10:SCCmec_AB505628_Type-IX_00037 (length 105)
SCCmec_AB505628_Type-IX/SCCmec_AB505628_Type-IX:10:SCCmec_AB505628_Type-IX_00038 (length 687)
SCCmec_AB505628_Type-IX/SCCmec_AB505628_Type-IX:10:SCCmec_AB505628_Type-IX_00039 (length 477)
SCCmec_AB505628_Type-IX/SCCmec_AB505628_Type-IX:10:SCCmec_AB505628_Type-IX_00040 (length 160)
SCCmec_AB505628_Type-IX/SCCmec_AB505628_Type-IX:10:SCCmec_AB505628_Type-IX_00041 (length 131)
SCCmec_AB505628_Type-IX/SCCmec_AB505628_Type-IX:10:SCCmec_AB505628_Type-IX_00042 (length 430)
SCCmec_AB505628_Type-IX/SCCmec_AB505628_Type-IX:10:SCCmec_AB505628_Type-IX_00043 (length 104)
SCCmec_AB505628_Type-IX/SCCmec_AB505628_Type-IX:10:SCCmec_AB505628_Type-IX_00044 (length 581)
SCCmec_AB505628_Type-IX/SCCmec_AB505628_Type-IX:10:SCCmec_AB505628_Type-IX_00045 (length 115)
SCCmec_AB505628_Type-IX/SCCmec_AB505628_Type-IX:10:SCCmec_AB505628_Type-IX_00046 (length 66)
SCCmec_AB505628_Type-IX/SCCmec_AB505628_Type-IX:10:SCCmec_AB505628_Type-IX_00047 (length 106)
SCCmec_AB505628_Type-IX/SCCmec_AB505628_Type-IX:10:SCCmec_AB505628_Type-IX_00048 (length 294)
SCCmec_AB505628_Type-IX/SCCmec_AB505628_Type-IX:10:SCCmec_AB505628_Type-IX_00049 (length 42)

DiscRep_ALL:DISC_INCONSISTENT_MOLINFO_TECH::Molinfo Technique Report (some missing, all same)
DiscRep_SUB:DISC_INCONSISTENT_MOLINFO_TECH::technique (all missing)
DiscRep_SUB:DISC_INCONSISTENT_MOLINFO_TECH::1 Molinfos are missing field technique
SCCmec_AB505628_Type-IX/SCCmec_AB505628_Type-IX:10:SCCmec_AB505628_Type-IX_1 (length 44173)

