[17:04:13] This is prokka 1.12
[17:04:13] Written by Torsten Seemann <torsten.seemann@gmail.com>
[17:04:13] Homepage is https://github.com/tseemann/prokka
[17:04:13] Local time is Mon May 15 17:04:13 2017
[17:04:13] You are fsepulveda
[17:04:13] Operating system is linux
[17:04:13] You have BioPerl 1.006924
[17:04:13] System has 4 cores.
[17:04:13] Option --cpu asked for 8 cores, but system only has 4
[17:04:13] Will use maximum of 4 cores.
[17:04:13] Annotating as >>> Bacteria <<<
[17:04:13] Creating new output folder: PROKKA_AF411935
[17:04:13] Running: mkdir -p PROKKA_AF411935
[17:04:13] Using filename prefix: PROKKA_AF411935.XXX
[17:04:13] Setting HMMER_NCPU=1
[17:04:13] Writing log to: PROKKA_AF411935/PROKKA_AF411935.log
[17:04:13] Command: /home/fsepulveda/Desktop/tesis/sccmec_classification/prokka-1.12/bin/prokka --genus Staphylococcus --prefix PROKKA_AF411935 --addgenes --addmrna --locustag AF411935_SCCmec /home/fsepulveda/Documents/parte2/229_sccmec/sccmec_AF411935.fasta
[17:04:13] Appending to PATH: /home/fsepulveda/Desktop/tesis/sccmec_classification/prokka-1.12/bin/../binaries/linux
[17:04:13] Appending to PATH: /home/fsepulveda/Desktop/tesis/sccmec_classification/prokka-1.12/bin/../binaries/linux/../common
[17:04:13] Appending to PATH: /home/fsepulveda/Desktop/tesis/sccmec_classification/prokka-1.12/bin
[17:04:13] Looking for 'aragorn' - found /home/fsepulveda/Desktop/tesis/sccmec_classification/prokka-1.12/bin/../binaries/linux/aragorn
[17:04:13] Determined aragorn version is 1.2
[17:04:13] Looking for 'blastp' - found /usr/bin/blastp
[17:04:13] Determined blastp version is 2.2
[17:04:13] Looking for 'cmpress' - found /usr/bin/cmpress
[17:04:13] Determined cmpress version is 1.1
[17:04:13] Looking for 'cmscan' - found /usr/bin/cmscan
[17:04:13] Determined cmscan version is 1.1
[17:04:13] Looking for 'egrep' - found /bin/egrep
[17:04:13] Looking for 'find' - found /usr/bin/find
[17:04:13] Looking for 'grep' - found /bin/grep
[17:04:13] Looking for 'hmmpress' - found /usr/bin/hmmpress
[17:04:13] Determined hmmpress version is 3.1
[17:04:13] Looking for 'hmmscan' - found /usr/bin/hmmscan
[17:04:13] Determined hmmscan version is 3.1
[17:04:13] Looking for 'java' - found /usr/bin/java
[17:04:13] Looking for 'less' - found /usr/bin/less
[17:04:13] Looking for 'makeblastdb' - found /usr/bin/makeblastdb
[17:04:13] Determined makeblastdb version is 2.2
[17:04:13] Looking for 'minced' - found /home/fsepulveda/Desktop/tesis/sccmec_classification/prokka-1.12/bin/../binaries/linux/../common/minced
[17:04:13] Determined minced version is 2.0
[17:04:13] Looking for 'parallel' - found /home/fsepulveda/Desktop/tesis/sccmec_classification/prokka-1.12/bin/../binaries/linux/../common/parallel
[17:04:13] Determined parallel version is 20150122
[17:04:13] Looking for 'prodigal' - found /home/fsepulveda/Desktop/tesis/sccmec_classification/prokka-1.12/bin/../binaries/linux/prodigal
[17:04:13] Determined prodigal version is 2.6
[17:04:13] Looking for 'prokka-genbank_to_fasta_db' - found /home/fsepulveda/Desktop/tesis/sccmec_classification/prokka-1.12/bin/prokka-genbank_to_fasta_db
[17:04:13] Looking for 'sed' - found /bin/sed
[17:04:13] Looking for 'tbl2asn' - found /home/fsepulveda/Desktop/tesis/sccmec_classification/prokka-1.12/bin/../binaries/linux/tbl2asn
[17:04:13] Determined tbl2asn version is 25.3
[17:04:13] Using genetic code table 11.
[17:04:13] Loading and checking input file: /home/fsepulveda/Documents/parte2/229_sccmec/sccmec_AF411935.fasta
[17:04:13] Wrote 1 contigs totalling 23153 bp.
[17:04:13] Predicting tRNAs and tmRNAs
[17:04:13] Running: aragorn -l -gc11  -w PROKKA_AF411935\/PROKKA_AF411935\.fna
[17:04:13] Found 0 tRNAs
[17:04:13] Predicting Ribosomal RNAs
[17:04:13] You need either Barrnap or RNAmmer installed to predict rRNAs!
[17:04:13] Skipping ncRNA search, enable with --rfam if desired.
[17:04:13] Total of 0 tRNA + rRNA features
[17:04:13] Searching for CRISPR repeats
[17:04:14] Found 0 CRISPRs
[17:04:14] Predicting coding sequences
[17:04:14] Contigs total 23153 bp, so using meta mode
[17:04:14] Running: prodigal -i PROKKA_AF411935\/PROKKA_AF411935\.fna -c -m -g 11 -p meta -f sco -q
[17:04:14] Found 25 CDS
[17:04:14] Connecting features back to sequences
[17:04:14] Not using genus-specific database. Try --usegenus to enable it.
[17:04:14] Annotating CDS, please be patient.
[17:04:14] Will use 4 CPUs for similarity searching.
[17:04:14] There are still 25 unannotated CDS left (started with 25)
[17:04:14] Will use blast to search against /home/fsepulveda/Desktop/tesis/sccmec_classification/prokka-1.12/bin/../db/kingdom/Bacteria/sprot with 4 CPUs
[17:04:14] Running: cat PROKKA_AF411935\/sprot\.faa | parallel --gnu --plain -j 4 --block 804 --recstart '>' --pipe blastp -query - -db /home/fsepulveda/Desktop/tesis/sccmec_classification/prokka-1.12/bin/../db/kingdom/Bacteria/sprot -evalue 1e-06 -num_threads 1 -num_descriptions 1 -num_alignments 1 -seg no > PROKKA_AF411935\/sprot\.blast 2> /dev/null
[17:04:15] Deleting unwanted file: PROKKA_AF411935/sprot.faa
[17:04:15] Deleting unwanted file: PROKKA_AF411935/sprot.blast
[17:04:15] There are still 18 unannotated CDS left (started with 25)
[17:04:15] Will use hmmer3 to search against /home/fsepulveda/Desktop/tesis/sccmec_classification/prokka-1.12/bin/../db/hmm/HAMAP.hmm with 4 CPUs
[17:04:15] Running: cat PROKKA_AF411935\/HAMAP\.hmm\.faa | parallel --gnu --plain -j 4 --block 505 --recstart '>' --pipe hmmscan --noali --notextw --acc -E 1e-06 --cpu 1 /home/fsepulveda/Desktop/tesis/sccmec_classification/prokka-1.12/bin/../db/hmm/HAMAP.hmm /dev/stdin > PROKKA_AF411935\/HAMAP\.hmm\.hmmer3 2> /dev/null
[17:04:15] Deleting unwanted file: PROKKA_AF411935/HAMAP.hmm.faa
[17:04:15] Deleting unwanted file: PROKKA_AF411935/HAMAP.hmm.hmmer3
[17:04:15] Labelling remaining 18 proteins as 'hypothetical protein'
[17:04:15] Possible /pseudo 'DNA-invertase hin' at sccmec_AF411935_l23153 position 14022
[17:04:15] Found 6 unique /gene codes.
[17:04:15] Fixed 2 duplicate /gene - hin_1 hin_2
[17:04:15] Fixed 1 colliding /gene names.
[17:04:15] Adding /locus_tag identifiers
[17:04:15] Assigned 25 locus_tags to CDS and RNA features.
[17:04:15] Writing outputs to PROKKA_AF411935/
[17:04:15] Generating annotation statistics file
[17:04:15] Generating Genbank and Sequin files
[17:04:15] Running: tbl2asn -V b -a r10k -l paired-ends -M n -N 1 -y 'Annotated using prokka 1.12 from https://github.com/tseemann/prokka' -Z PROKKA_AF411935\/PROKKA_AF411935\.err -i PROKKA_AF411935\/PROKKA_AF411935\.fsa 2> /dev/null
[17:04:16] Deleting unwanted file: PROKKA_AF411935/errorsummary.val
[17:04:16] Deleting unwanted file: PROKKA_AF411935/PROKKA_AF411935.dr
[17:04:16] Deleting unwanted file: PROKKA_AF411935/PROKKA_AF411935.fixedproducts
[17:04:16] Deleting unwanted file: PROKKA_AF411935/PROKKA_AF411935.ecn
[17:04:16] Deleting unwanted file: PROKKA_AF411935/PROKKA_AF411935.val
[17:04:16] Repairing broken .GBK output that tbl2asn produces...
[17:04:16] Running: sed 's/COORDINATES: profile/COORDINATES:profile/' < PROKKA_AF411935\/PROKKA_AF411935\.gbf > PROKKA_AF411935\/PROKKA_AF411935\.gbk
[17:04:16] Deleting unwanted file: PROKKA_AF411935/PROKKA_AF411935.gbf
[17:04:16] Output files:
[17:04:16] PROKKA_AF411935/PROKKA_AF411935.sqn
[17:04:16] PROKKA_AF411935/PROKKA_AF411935.txt
[17:04:16] PROKKA_AF411935/PROKKA_AF411935.ffn
[17:04:16] PROKKA_AF411935/PROKKA_AF411935.tbl
[17:04:16] PROKKA_AF411935/PROKKA_AF411935.err
[17:04:16] PROKKA_AF411935/PROKKA_AF411935.fna
[17:04:16] PROKKA_AF411935/PROKKA_AF411935.tsv
[17:04:16] PROKKA_AF411935/PROKKA_AF411935.gbk
[17:04:16] PROKKA_AF411935/PROKKA_AF411935.gff
[17:04:16] PROKKA_AF411935/PROKKA_AF411935.fsa
[17:04:16] PROKKA_AF411935/PROKKA_AF411935.log
[17:04:16] PROKKA_AF411935/PROKKA_AF411935.faa
[17:04:16] Annotation finished successfully.
[17:04:16] Walltime used: 0.05 minutes
[17:04:16] If you use this result please cite the Prokka paper:
[17:04:16] Seemann T (2014) Prokka: rapid prokaryotic genome annotation. Bioinformatics. 30(14):2068-9.
[17:04:16] Type 'prokka --citation' for more details.
[17:04:16] Share and enjoy!
