[17:08:17] This is prokka 1.12
[17:08:17] Written by Torsten Seemann <torsten.seemann@gmail.com>
[17:08:17] Homepage is https://github.com/tseemann/prokka
[17:08:17] Local time is Mon May 15 17:08:17 2017
[17:08:17] You are fsepulveda
[17:08:17] Operating system is linux
[17:08:17] You have BioPerl 1.006924
[17:08:17] System has 4 cores.
[17:08:17] Option --cpu asked for 8 cores, but system only has 4
[17:08:17] Will use maximum of 4 cores.
[17:08:17] Annotating as >>> Bacteria <<<
[17:08:17] Creating new output folder: PROKKA_CP013957
[17:08:17] Running: mkdir -p PROKKA_CP013957
[17:08:17] Using filename prefix: PROKKA_CP013957.XXX
[17:08:17] Setting HMMER_NCPU=1
[17:08:17] Writing log to: PROKKA_CP013957/PROKKA_CP013957.log
[17:08:17] Command: /home/fsepulveda/Desktop/tesis/sccmec_classification/prokka-1.12/bin/prokka --genus Staphylococcus --prefix PROKKA_CP013957 --addgenes --addmrna --locustag CP013957_SCCmec /home/fsepulveda/Documents/parte2/229_sccmec/sccmec_CP013957.fasta
[17:08:17] Appending to PATH: /home/fsepulveda/Desktop/tesis/sccmec_classification/prokka-1.12/bin/../binaries/linux
[17:08:17] Appending to PATH: /home/fsepulveda/Desktop/tesis/sccmec_classification/prokka-1.12/bin/../binaries/linux/../common
[17:08:17] Appending to PATH: /home/fsepulveda/Desktop/tesis/sccmec_classification/prokka-1.12/bin
[17:08:17] Looking for 'aragorn' - found /home/fsepulveda/Desktop/tesis/sccmec_classification/prokka-1.12/bin/../binaries/linux/aragorn
[17:08:17] Determined aragorn version is 1.2
[17:08:17] Looking for 'blastp' - found /usr/bin/blastp
[17:08:17] Determined blastp version is 2.2
[17:08:17] Looking for 'cmpress' - found /usr/bin/cmpress
[17:08:17] Determined cmpress version is 1.1
[17:08:17] Looking for 'cmscan' - found /usr/bin/cmscan
[17:08:17] Determined cmscan version is 1.1
[17:08:17] Looking for 'egrep' - found /bin/egrep
[17:08:17] Looking for 'find' - found /usr/bin/find
[17:08:17] Looking for 'grep' - found /bin/grep
[17:08:17] Looking for 'hmmpress' - found /usr/bin/hmmpress
[17:08:17] Determined hmmpress version is 3.1
[17:08:17] Looking for 'hmmscan' - found /usr/bin/hmmscan
[17:08:17] Determined hmmscan version is 3.1
[17:08:17] Looking for 'java' - found /usr/bin/java
[17:08:17] Looking for 'less' - found /usr/bin/less
[17:08:17] Looking for 'makeblastdb' - found /usr/bin/makeblastdb
[17:08:17] Determined makeblastdb version is 2.2
[17:08:17] Looking for 'minced' - found /home/fsepulveda/Desktop/tesis/sccmec_classification/prokka-1.12/bin/../binaries/linux/../common/minced
[17:08:18] Determined minced version is 2.0
[17:08:18] Looking for 'parallel' - found /home/fsepulveda/Desktop/tesis/sccmec_classification/prokka-1.12/bin/../binaries/linux/../common/parallel
[17:08:18] Determined parallel version is 20150122
[17:08:18] Looking for 'prodigal' - found /home/fsepulveda/Desktop/tesis/sccmec_classification/prokka-1.12/bin/../binaries/linux/prodigal
[17:08:18] Determined prodigal version is 2.6
[17:08:18] Looking for 'prokka-genbank_to_fasta_db' - found /home/fsepulveda/Desktop/tesis/sccmec_classification/prokka-1.12/bin/prokka-genbank_to_fasta_db
[17:08:18] Looking for 'sed' - found /bin/sed
[17:08:18] Looking for 'tbl2asn' - found /home/fsepulveda/Desktop/tesis/sccmec_classification/prokka-1.12/bin/../binaries/linux/tbl2asn
[17:08:18] Determined tbl2asn version is 25.3
[17:08:18] Using genetic code table 11.
[17:08:18] Loading and checking input file: /home/fsepulveda/Documents/parte2/229_sccmec/sccmec_CP013957.fasta
[17:08:18] Wrote 1 contigs totalling 67164 bp.
[17:08:18] Predicting tRNAs and tmRNAs
[17:08:18] Running: aragorn -l -gc11  -w PROKKA_CP013957\/PROKKA_CP013957\.fna
[17:08:18] Found 0 tRNAs
[17:08:18] Predicting Ribosomal RNAs
[17:08:18] You need either Barrnap or RNAmmer installed to predict rRNAs!
[17:08:18] Skipping ncRNA search, enable with --rfam if desired.
[17:08:18] Total of 0 tRNA + rRNA features
[17:08:18] Searching for CRISPR repeats
[17:08:18] Found 0 CRISPRs
[17:08:18] Predicting coding sequences
[17:08:18] Contigs total 67164 bp, so using meta mode
[17:08:18] Running: prodigal -i PROKKA_CP013957\/PROKKA_CP013957\.fna -c -m -g 11 -p meta -f sco -q
[17:08:18] Found 76 CDS
[17:08:18] Connecting features back to sequences
[17:08:18] Not using genus-specific database. Try --usegenus to enable it.
[17:08:18] Annotating CDS, please be patient.
[17:08:18] Will use 4 CPUs for similarity searching.
[17:08:18] There are still 76 unannotated CDS left (started with 76)
[17:08:18] Will use blast to search against /home/fsepulveda/Desktop/tesis/sccmec_classification/prokka-1.12/bin/../db/kingdom/Bacteria/sprot with 4 CPUs
[17:08:18] Running: cat PROKKA_CP013957\/sprot\.faa | parallel --gnu --plain -j 4 --block 2406 --recstart '>' --pipe blastp -query - -db /home/fsepulveda/Desktop/tesis/sccmec_classification/prokka-1.12/bin/../db/kingdom/Bacteria/sprot -evalue 1e-06 -num_threads 1 -num_descriptions 1 -num_alignments 1 -seg no > PROKKA_CP013957\/sprot\.blast 2> /dev/null
[17:08:20] Modify product: Uncharacterized methyltransferase YcgJ => putative methyltransferase YcgJ
[17:08:20] Modify product: Probable transport protein HsrA => putative transport protein HsrA
[17:08:20] Modify product: Probable cadmium-transporting ATPase => putative cadmium-transporting ATPase
[17:08:20] Modify product: Probable cadmium-transporting ATPase => putative cadmium-transporting ATPase
[17:08:20] Cleaned 4 /product names
[17:08:20] Deleting unwanted file: PROKKA_CP013957/sprot.faa
[17:08:20] Deleting unwanted file: PROKKA_CP013957/sprot.blast
[17:08:20] There are still 44 unannotated CDS left (started with 76)
[17:08:20] Will use hmmer3 to search against /home/fsepulveda/Desktop/tesis/sccmec_classification/prokka-1.12/bin/../db/hmm/HAMAP.hmm with 4 CPUs
[17:08:20] Running: cat PROKKA_CP013957\/HAMAP\.hmm\.faa | parallel --gnu --plain -j 4 --block 1022 --recstart '>' --pipe hmmscan --noali --notextw --acc -E 1e-06 --cpu 1 /home/fsepulveda/Desktop/tesis/sccmec_classification/prokka-1.12/bin/../db/hmm/HAMAP.hmm /dev/stdin > PROKKA_CP013957\/HAMAP\.hmm\.hmmer3 2> /dev/null
[17:08:21] Deleting unwanted file: PROKKA_CP013957/HAMAP.hmm.faa
[17:08:21] Deleting unwanted file: PROKKA_CP013957/HAMAP.hmm.hmmer3
[17:08:21] Labelling remaining 44 proteins as 'hypothetical protein'
[17:08:21] Possible /pseudo 'Tyrosine recombinase XerC' at sccmec_saures_CP013957_l67164 position 12544
[17:08:21] Possible /pseudo 'putative cadmium-transporting ATPase' at sccmec_saures_CP013957_l67164 position 53688
[17:08:21] Found 27 unique /gene codes.
[17:08:21] Fixed 2 duplicate /gene - cadA_1 cadA_2
[17:08:21] Fixed 2 duplicate /gene - hin_1 hin_2
[17:08:21] Fixed 3 duplicate /gene - xerC_1 xerC_2 xerC_3
[17:08:21] Fixed 2 duplicate /gene - pspE_1 pspE_2
[17:08:21] Fixed 4 colliding /gene names.
[17:08:21] Adding /locus_tag identifiers
[17:08:21] Assigned 76 locus_tags to CDS and RNA features.
[17:08:21] Writing outputs to PROKKA_CP013957/
[17:08:21] Generating annotation statistics file
[17:08:21] Generating Genbank and Sequin files
[17:08:21] Running: tbl2asn -V b -a r10k -l paired-ends -M n -N 1 -y 'Annotated using prokka 1.12 from https://github.com/tseemann/prokka' -Z PROKKA_CP013957\/PROKKA_CP013957\.err -i PROKKA_CP013957\/PROKKA_CP013957\.fsa 2> /dev/null
[17:08:22] Deleting unwanted file: PROKKA_CP013957/errorsummary.val
[17:08:22] Deleting unwanted file: PROKKA_CP013957/PROKKA_CP013957.dr
[17:08:22] Deleting unwanted file: PROKKA_CP013957/PROKKA_CP013957.fixedproducts
[17:08:22] Deleting unwanted file: PROKKA_CP013957/PROKKA_CP013957.ecn
[17:08:22] Deleting unwanted file: PROKKA_CP013957/PROKKA_CP013957.val
[17:08:22] Repairing broken .GBK output that tbl2asn produces...
[17:08:22] Running: sed 's/COORDINATES: profile/COORDINATES:profile/' < PROKKA_CP013957\/PROKKA_CP013957\.gbf > PROKKA_CP013957\/PROKKA_CP013957\.gbk
[17:08:22] Deleting unwanted file: PROKKA_CP013957/PROKKA_CP013957.gbf
[17:08:22] Output files:
[17:08:22] PROKKA_CP013957/PROKKA_CP013957.log
[17:08:22] PROKKA_CP013957/PROKKA_CP013957.fsa
[17:08:22] PROKKA_CP013957/PROKKA_CP013957.tsv
[17:08:22] PROKKA_CP013957/PROKKA_CP013957.txt
[17:08:22] PROKKA_CP013957/PROKKA_CP013957.err
[17:08:22] PROKKA_CP013957/PROKKA_CP013957.ffn
[17:08:22] PROKKA_CP013957/PROKKA_CP013957.tbl
[17:08:22] PROKKA_CP013957/PROKKA_CP013957.gbk
[17:08:22] PROKKA_CP013957/PROKKA_CP013957.fna
[17:08:22] PROKKA_CP013957/PROKKA_CP013957.faa
[17:08:22] PROKKA_CP013957/PROKKA_CP013957.gff
[17:08:22] PROKKA_CP013957/PROKKA_CP013957.sqn
[17:08:22] Annotation finished successfully.
[17:08:22] Walltime used: 0.08 minutes
[17:08:22] If you use this result please cite the Prokka paper:
[17:08:22] Seemann T (2014) Prokka: rapid prokaryotic genome annotation. Bioinformatics. 30(14):2068-9.
[17:08:22] Type 'prokka --citation' for more details.
[17:08:22] Share and enjoy!
