Discrepancy Report Results

Summary
FATAL: BAD_LOCUS_TAG_FORMAT:76 locus tags are incorrectly formatted.
FATAL: MISSING_PROTEIN_ID:76 proteins have invalid IDs.
DISC_SOURCE_QUALS_ASNDISC:strain (all present, all unique)
DISC_SOURCE_QUALS_ASNDISC:taxname (all present, all unique)
DISC_FEATURE_COUNT:gene: 76 present
DISC_FEATURE_COUNT:CDS: 76 present
DISC_FEATURE_COUNT:mRNA: 76 present
DISC_COUNT_NUCLEOTIDES:1 nucleotide Bioseqs are present
OVERLAPPING_GENES:15 genes overlap another gene on the same strand.
OVERLAPPING_CDS:2 coding regions overlap another coding region with a similar or identical name.
DISC_QUALITY_SCORES:Quality scores are missing on all sequences.
ONCALLER_COMMENT_PRESENT:1 comment descriptors were found (all same)
SHORT_PROT_SEQUENCES:1 protein sequences are shorter than 50 aa.
MISSING_GENOMEASSEMBLY_COMMENTS:1 bioseqs are missing GenomeAssembly structured comments
MOLTYPE_NOT_MRNA:1 molecule types are not set as mRNA.
TECHNIQUE_NOT_TSA:1 technique are not set as TSA
MISSING_STRUCTURED_COMMENT:1 sequences do not include structured comments.
MISSING_PROJECT:77 sequences do not include project.
DISC_INCONSISTENT_MOLINFO_TECH:Molinfo Technique Report (some missing, all same)


Detailed Report

FATAL: DiscRep_ALL:BAD_LOCUS_TAG_FORMAT::76 locus tags are incorrectly formatted.
PROKKA_CP013957/PROKKA_CP013957:Gene	rlmH	sccmec_saures_CP013957_l67164:1-480	CP013957_SCCmec_00001
PROKKA_CP013957/PROKKA_CP013957:Gene	CP013957_SCCmec_00002	sccmec_saures_CP013957_l67164:522-677	CP013957_SCCmec_00002
PROKKA_CP013957/PROKKA_CP013957:Gene	CP013957_SCCmec_00003	sccmec_saures_CP013957_l67164:726-1031	CP013957_SCCmec_00003
PROKKA_CP013957/PROKKA_CP013957:Gene	CP013957_SCCmec_00004	sccmec_saures_CP013957_l67164:1229-2092	CP013957_SCCmec_00004
PROKKA_CP013957/PROKKA_CP013957:Gene	CP013957_SCCmec_00005	sccmec_saures_CP013957_l67164:2176-3687	CP013957_SCCmec_00005
PROKKA_CP013957/PROKKA_CP013957:Gene	CP013957_SCCmec_00006	sccmec_saures_CP013957_l67164:3901-5001	CP013957_SCCmec_00006
PROKKA_CP013957/PROKKA_CP013957:Gene	CP013957_SCCmec_00007	sccmec_saures_CP013957_l67164:4994-5365	CP013957_SCCmec_00007
PROKKA_CP013957/PROKKA_CP013957:Gene	CP013957_SCCmec_00008	sccmec_saures_CP013957_l67164:5362-7005	CP013957_SCCmec_00008
PROKKA_CP013957/PROKKA_CP013957:Gene	hin_1	sccmec_saures_CP013957_l67164:7230-8915	CP013957_SCCmec_00009
PROKKA_CP013957/PROKKA_CP013957:Gene	CP013957_SCCmec_00010	sccmec_saures_CP013957_l67164:8963-9448	CP013957_SCCmec_00010
PROKKA_CP013957/PROKKA_CP013957:Gene	CP013957_SCCmec_00011	sccmec_saures_CP013957_l67164:9704-10078	CP013957_SCCmec_00011
PROKKA_CP013957/PROKKA_CP013957:Gene	CP013957_SCCmec_00012	sccmec_saures_CP013957_l67164:10157-10483	CP013957_SCCmec_00012
PROKKA_CP013957/PROKKA_CP013957:Gene	CP013957_SCCmec_00013	sccmec_saures_CP013957_l67164:10499-11005	CP013957_SCCmec_00013
PROKKA_CP013957/PROKKA_CP013957:Gene	CP013957_SCCmec_00014	sccmec_saures_CP013957_l67164:11026-11343	CP013957_SCCmec_00014
PROKKA_CP013957/PROKKA_CP013957:Gene	xerC_1	sccmec_saures_CP013957_l67164:11462-12547	CP013957_SCCmec_00015
PROKKA_CP013957/PROKKA_CP013957:Gene	xerC_2	sccmec_saures_CP013957_l67164:12544-14091	CP013957_SCCmec_00016
PROKKA_CP013957/PROKKA_CP013957:Gene	CP013957_SCCmec_00017	sccmec_saures_CP013957_l67164:14119-14436	CP013957_SCCmec_00017
PROKKA_CP013957/PROKKA_CP013957:Gene	CP013957_SCCmec_00018	sccmec_saures_CP013957_l67164:14443-14820	CP013957_SCCmec_00018
PROKKA_CP013957/PROKKA_CP013957:Gene	ant1	sccmec_saures_CP013957_l67164:14971-15753	CP013957_SCCmec_00019
PROKKA_CP013957/PROKKA_CP013957:Gene	ermA1	sccmec_saures_CP013957_l67164:c16610-15879	CP013957_SCCmec_00020
PROKKA_CP013957/PROKKA_CP013957:Gene	ycgJ	sccmec_saures_CP013957_l67164:17119-17781	CP013957_SCCmec_00021
PROKKA_CP013957/PROKKA_CP013957:Gene	CP013957_SCCmec_00022	sccmec_saures_CP013957_l67164:18329-19201	CP013957_SCCmec_00022
PROKKA_CP013957/PROKKA_CP013957:Gene	CP013957_SCCmec_00023	sccmec_saures_CP013957_l67164:19240-19548	CP013957_SCCmec_00023
PROKKA_CP013957/PROKKA_CP013957:Gene	CP013957_SCCmec_00024	sccmec_saures_CP013957_l67164:19564-20052	CP013957_SCCmec_00024
PROKKA_CP013957/PROKKA_CP013957:Gene	CP013957_SCCmec_00025	sccmec_saures_CP013957_l67164:20187-20714	CP013957_SCCmec_00025
PROKKA_CP013957/PROKKA_CP013957:Gene	CP013957_SCCmec_00026	sccmec_saures_CP013957_l67164:20777-21193	CP013957_SCCmec_00026
PROKKA_CP013957/PROKKA_CP013957:Gene	CP013957_SCCmec_00027	sccmec_saures_CP013957_l67164:21660-21881	CP013957_SCCmec_00027
PROKKA_CP013957/PROKKA_CP013957:Gene	CP013957_SCCmec_00028	sccmec_saures_CP013957_l67164:22031-22597	CP013957_SCCmec_00028
PROKKA_CP013957/PROKKA_CP013957:Gene	hsdR	sccmec_saures_CP013957_l67164:c24866-22677	CP013957_SCCmec_00029
PROKKA_CP013957/PROKKA_CP013957:Gene	CP013957_SCCmec_00030	sccmec_saures_CP013957_l67164:c25626-24952	CP013957_SCCmec_00030
PROKKA_CP013957/PROKKA_CP013957:Gene	garB	sccmec_saures_CP013957_l67164:25894-27255	CP013957_SCCmec_00031
PROKKA_CP013957/PROKKA_CP013957:Gene	merR1	sccmec_saures_CP013957_l67164:27555-27962	CP013957_SCCmec_00032
PROKKA_CP013957/PROKKA_CP013957:Gene	stoA	sccmec_saures_CP013957_l67164:27979-28332	CP013957_SCCmec_00033
PROKKA_CP013957/PROKKA_CP013957:Gene	CP013957_SCCmec_00034	sccmec_saures_CP013957_l67164:28329-29009	CP013957_SCCmec_00034
PROKKA_CP013957/PROKKA_CP013957:Gene	CP013957_SCCmec_00035	sccmec_saures_CP013957_l67164:29147-29482	CP013957_SCCmec_00035
PROKKA_CP013957/PROKKA_CP013957:Gene	merA	sccmec_saures_CP013957_l67164:29540-31183	CP013957_SCCmec_00036
PROKKA_CP013957/PROKKA_CP013957:Gene	merB	sccmec_saures_CP013957_l67164:31265-31915	CP013957_SCCmec_00037
PROKKA_CP013957/PROKKA_CP013957:Gene	CP013957_SCCmec_00038	sccmec_saures_CP013957_l67164:c32658-32110	CP013957_SCCmec_00038
PROKKA_CP013957/PROKKA_CP013957:Gene	CP013957_SCCmec_00039	sccmec_saures_CP013957_l67164:c33418-32744	CP013957_SCCmec_00039
PROKKA_CP013957/PROKKA_CP013957:Gene	hsrA	sccmec_saures_CP013957_l67164:33706-34995	CP013957_SCCmec_00040
PROKKA_CP013957/PROKKA_CP013957:Gene	pre	sccmec_saures_CP013957_l67164:35184-36425	CP013957_SCCmec_00041
PROKKA_CP013957/PROKKA_CP013957:Gene	CP013957_SCCmec_00042	sccmec_saures_CP013957_l67164:36611-36712	CP013957_SCCmec_00042
PROKKA_CP013957/PROKKA_CP013957:Gene	repN	sccmec_saures_CP013957_l67164:37103-37906	CP013957_SCCmec_00043
PROKKA_CP013957/PROKKA_CP013957:Gene	CP013957_SCCmec_00044	sccmec_saures_CP013957_l67164:c38669-37995	CP013957_SCCmec_00044
PROKKA_CP013957/PROKKA_CP013957:Gene	CP013957_SCCmec_00045	sccmec_saures_CP013957_l67164:38927-39094	CP013957_SCCmec_00045
PROKKA_CP013957/PROKKA_CP013957:Gene	CP013957_SCCmec_00046	sccmec_saures_CP013957_l67164:39192-39401	CP013957_SCCmec_00046
PROKKA_CP013957/PROKKA_CP013957:Gene	ugpQ	sccmec_saures_CP013957_l67164:40171-40914	CP013957_SCCmec_00047
PROKKA_CP013957/PROKKA_CP013957:Gene	paaZ	sccmec_saures_CP013957_l67164:41011-41439	CP013957_SCCmec_00048
PROKKA_CP013957/PROKKA_CP013957:Gene	pbp	sccmec_saures_CP013957_l67164:c43491-41485	CP013957_SCCmec_00049
PROKKA_CP013957/PROKKA_CP013957:Gene	mecR1	sccmec_saures_CP013957_l67164:43693-45348	CP013957_SCCmec_00050
PROKKA_CP013957/PROKKA_CP013957:Gene	mecI	sccmec_saures_CP013957_l67164:45348-45551	CP013957_SCCmec_00051
PROKKA_CP013957/PROKKA_CP013957:Gene	nagC	sccmec_saures_CP013957_l67164:46192-47340	CP013957_SCCmec_00052
PROKKA_CP013957/PROKKA_CP013957:Gene	pspE_1	sccmec_saures_CP013957_l67164:c47759-47454	CP013957_SCCmec_00053
PROKKA_CP013957/PROKKA_CP013957:Gene	gloC	sccmec_saures_CP013957_l67164:c48788-47850	CP013957_SCCmec_00054
PROKKA_CP013957/PROKKA_CP013957:Gene	pspE_2	sccmec_saures_CP013957_l67164:c49884-48820	CP013957_SCCmec_00055
PROKKA_CP013957/PROKKA_CP013957:Gene	csoR	sccmec_saures_CP013957_l67164:50020-50280	CP013957_SCCmec_00056
PROKKA_CP013957/PROKKA_CP013957:Gene	CP013957_SCCmec_00057	sccmec_saures_CP013957_l67164:50295-50924	CP013957_SCCmec_00057
PROKKA_CP013957/PROKKA_CP013957:Gene	CP013957_SCCmec_00058	sccmec_saures_CP013957_l67164:c51878-51192	CP013957_SCCmec_00058
PROKKA_CP013957/PROKKA_CP013957:Gene	cadA_1	sccmec_saures_CP013957_l67164:c53674-51890	CP013957_SCCmec_00059
PROKKA_CP013957/PROKKA_CP013957:Gene	cadA_2	sccmec_saures_CP013957_l67164:c54305-53688	CP013957_SCCmec_00060
PROKKA_CP013957/PROKKA_CP013957:Gene	cadC	sccmec_saures_CP013957_l67164:c54663-54298	CP013957_SCCmec_00061
PROKKA_CP013957/PROKKA_CP013957:Gene	CP013957_SCCmec_00062	sccmec_saures_CP013957_l67164:c55226-54849	CP013957_SCCmec_00062
PROKKA_CP013957/PROKKA_CP013957:Gene	xerC_3	sccmec_saures_CP013957_l67164:c56621-55233	CP013957_SCCmec_00063
PROKKA_CP013957/PROKKA_CP013957:Gene	CP013957_SCCmec_00064	sccmec_saures_CP013957_l67164:c57126-56653	CP013957_SCCmec_00064
PROKKA_CP013957/PROKKA_CP013957:Gene	CP013957_SCCmec_00065	sccmec_saures_CP013957_l67164:c57644-57321	CP013957_SCCmec_00065
PROKKA_CP013957/PROKKA_CP013957:Gene	CP013957_SCCmec_00066	sccmec_saures_CP013957_l67164:c57843-57637	CP013957_SCCmec_00066
PROKKA_CP013957/PROKKA_CP013957:Gene	CP013957_SCCmec_00067	sccmec_saures_CP013957_l67164:c58366-57845	CP013957_SCCmec_00067
PROKKA_CP013957/PROKKA_CP013957:Gene	CP013957_SCCmec_00068	sccmec_saures_CP013957_l67164:c58780-58385	CP013957_SCCmec_00068
PROKKA_CP013957/PROKKA_CP013957:Gene	CP013957_SCCmec_00069	sccmec_saures_CP013957_l67164:c59131-58781	CP013957_SCCmec_00069
PROKKA_CP013957/PROKKA_CP013957:Gene	hin_2	sccmec_saures_CP013957_l67164:c61230-59602	CP013957_SCCmec_00070
PROKKA_CP013957/PROKKA_CP013957:Gene	tnpR	sccmec_saures_CP013957_l67164:c62597-61251	CP013957_SCCmec_00071
PROKKA_CP013957/PROKKA_CP013957:Gene	CP013957_SCCmec_00072	sccmec_saures_CP013957_l67164:c63128-62790	CP013957_SCCmec_00072
PROKKA_CP013957/PROKKA_CP013957:Gene	CP013957_SCCmec_00073	sccmec_saures_CP013957_l67164:c64942-63155	CP013957_SCCmec_00073
PROKKA_CP013957/PROKKA_CP013957:Gene	CP013957_SCCmec_00074	sccmec_saures_CP013957_l67164:c65229-64942	CP013957_SCCmec_00074
PROKKA_CP013957/PROKKA_CP013957:Gene	CP013957_SCCmec_00075	sccmec_saures_CP013957_l67164:65363-66412	CP013957_SCCmec_00075
PROKKA_CP013957/PROKKA_CP013957:Gene	CP013957_SCCmec_00076	sccmec_saures_CP013957_l67164:66465-66932	CP013957_SCCmec_00076

FATAL: DiscRep_ALL:MISSING_PROTEIN_ID::76 proteins have invalid IDs.
PROKKA_CP013957/PROKKA_CP013957:sccmec_saures_CP013957_l67164_1 (length 159)
PROKKA_CP013957/PROKKA_CP013957:sccmec_saures_CP013957_l67164_2 (length 51)
PROKKA_CP013957/PROKKA_CP013957:sccmec_saures_CP013957_l67164_3 (length 101)
PROKKA_CP013957/PROKKA_CP013957:sccmec_saures_CP013957_l67164_4 (length 287)
PROKKA_CP013957/PROKKA_CP013957:sccmec_saures_CP013957_l67164_5 (length 503)
PROKKA_CP013957/PROKKA_CP013957:sccmec_saures_CP013957_l67164_6 (length 366)
PROKKA_CP013957/PROKKA_CP013957:sccmec_saures_CP013957_l67164_7 (length 123)
PROKKA_CP013957/PROKKA_CP013957:sccmec_saures_CP013957_l67164_8 (length 547)
PROKKA_CP013957/PROKKA_CP013957:sccmec_saures_CP013957_l67164_9 (length 561)
PROKKA_CP013957/PROKKA_CP013957:sccmec_saures_CP013957_l67164_10 (length 161)
PROKKA_CP013957/PROKKA_CP013957:sccmec_saures_CP013957_l67164_11 (length 124)
PROKKA_CP013957/PROKKA_CP013957:sccmec_saures_CP013957_l67164_12 (length 108)
PROKKA_CP013957/PROKKA_CP013957:sccmec_saures_CP013957_l67164_13 (length 168)
PROKKA_CP013957/PROKKA_CP013957:sccmec_saures_CP013957_l67164_14 (length 105)
PROKKA_CP013957/PROKKA_CP013957:sccmec_saures_CP013957_l67164_15 (length 361)
PROKKA_CP013957/PROKKA_CP013957:sccmec_saures_CP013957_l67164_16 (length 515)
PROKKA_CP013957/PROKKA_CP013957:sccmec_saures_CP013957_l67164_17 (length 105)
PROKKA_CP013957/PROKKA_CP013957:sccmec_saures_CP013957_l67164_18 (length 125)
PROKKA_CP013957/PROKKA_CP013957:sccmec_saures_CP013957_l67164_19 (length 260)
PROKKA_CP013957/PROKKA_CP013957:sccmec_saures_CP013957_l67164_20 (length 243)
PROKKA_CP013957/PROKKA_CP013957:sccmec_saures_CP013957_l67164_21 (length 220)
PROKKA_CP013957/PROKKA_CP013957:sccmec_saures_CP013957_l67164_22 (length 290)
PROKKA_CP013957/PROKKA_CP013957:sccmec_saures_CP013957_l67164_23 (length 102)
PROKKA_CP013957/PROKKA_CP013957:sccmec_saures_CP013957_l67164_24 (length 162)
PROKKA_CP013957/PROKKA_CP013957:sccmec_saures_CP013957_l67164_25 (length 175)
PROKKA_CP013957/PROKKA_CP013957:sccmec_saures_CP013957_l67164_26 (length 138)
PROKKA_CP013957/PROKKA_CP013957:sccmec_saures_CP013957_l67164_27 (length 73)
PROKKA_CP013957/PROKKA_CP013957:sccmec_saures_CP013957_l67164_28 (length 188)
PROKKA_CP013957/PROKKA_CP013957:sccmec_saures_CP013957_l67164_29 (length 729)
PROKKA_CP013957/PROKKA_CP013957:sccmec_saures_CP013957_l67164_30 (length 224)
PROKKA_CP013957/PROKKA_CP013957:sccmec_saures_CP013957_l67164_31 (length 453)
PROKKA_CP013957/PROKKA_CP013957:sccmec_saures_CP013957_l67164_32 (length 135)
PROKKA_CP013957/PROKKA_CP013957:sccmec_saures_CP013957_l67164_33 (length 117)
PROKKA_CP013957/PROKKA_CP013957:sccmec_saures_CP013957_l67164_34 (length 226)
PROKKA_CP013957/PROKKA_CP013957:sccmec_saures_CP013957_l67164_35 (length 111)
PROKKA_CP013957/PROKKA_CP013957:sccmec_saures_CP013957_l67164_36 (length 547)
PROKKA_CP013957/PROKKA_CP013957:sccmec_saures_CP013957_l67164_37 (length 216)
PROKKA_CP013957/PROKKA_CP013957:sccmec_saures_CP013957_l67164_38 (length 182)
PROKKA_CP013957/PROKKA_CP013957:sccmec_saures_CP013957_l67164_39 (length 224)
PROKKA_CP013957/PROKKA_CP013957:sccmec_saures_CP013957_l67164_40 (length 429)
PROKKA_CP013957/PROKKA_CP013957:sccmec_saures_CP013957_l67164_41 (length 413)
PROKKA_CP013957/PROKKA_CP013957:sccmec_saures_CP013957_l67164_42 (length 33)
PROKKA_CP013957/PROKKA_CP013957:sccmec_saures_CP013957_l67164_43 (length 267)
PROKKA_CP013957/PROKKA_CP013957:sccmec_saures_CP013957_l67164_44 (length 224)
PROKKA_CP013957/PROKKA_CP013957:sccmec_saures_CP013957_l67164_45 (length 55)
PROKKA_CP013957/PROKKA_CP013957:sccmec_saures_CP013957_l67164_46 (length 69)
PROKKA_CP013957/PROKKA_CP013957:sccmec_saures_CP013957_l67164_47 (length 247)
PROKKA_CP013957/PROKKA_CP013957:sccmec_saures_CP013957_l67164_48 (length 142)
PROKKA_CP013957/PROKKA_CP013957:sccmec_saures_CP013957_l67164_49 (length 668)
PROKKA_CP013957/PROKKA_CP013957:sccmec_saures_CP013957_l67164_50 (length 551)
PROKKA_CP013957/PROKKA_CP013957:sccmec_saures_CP013957_l67164_51 (length 67)
PROKKA_CP013957/PROKKA_CP013957:sccmec_saures_CP013957_l67164_52 (length 382)
PROKKA_CP013957/PROKKA_CP013957:sccmec_saures_CP013957_l67164_53 (length 101)
PROKKA_CP013957/PROKKA_CP013957:sccmec_saures_CP013957_l67164_54 (length 312)
PROKKA_CP013957/PROKKA_CP013957:sccmec_saures_CP013957_l67164_55 (length 354)
PROKKA_CP013957/PROKKA_CP013957:sccmec_saures_CP013957_l67164_56 (length 86)
PROKKA_CP013957/PROKKA_CP013957:sccmec_saures_CP013957_l67164_57 (length 209)
PROKKA_CP013957/PROKKA_CP013957:sccmec_saures_CP013957_l67164_58 (length 228)
PROKKA_CP013957/PROKKA_CP013957:sccmec_saures_CP013957_l67164_59 (length 594)
PROKKA_CP013957/PROKKA_CP013957:sccmec_saures_CP013957_l67164_60 (length 205)
PROKKA_CP013957/PROKKA_CP013957:sccmec_saures_CP013957_l67164_61 (length 121)
PROKKA_CP013957/PROKKA_CP013957:sccmec_saures_CP013957_l67164_62 (length 125)
PROKKA_CP013957/PROKKA_CP013957:sccmec_saures_CP013957_l67164_63 (length 462)
PROKKA_CP013957/PROKKA_CP013957:sccmec_saures_CP013957_l67164_64 (length 157)
PROKKA_CP013957/PROKKA_CP013957:sccmec_saures_CP013957_l67164_65 (length 107)
PROKKA_CP013957/PROKKA_CP013957:sccmec_saures_CP013957_l67164_66 (length 68)
PROKKA_CP013957/PROKKA_CP013957:sccmec_saures_CP013957_l67164_67 (length 173)
PROKKA_CP013957/PROKKA_CP013957:sccmec_saures_CP013957_l67164_68 (length 131)
PROKKA_CP013957/PROKKA_CP013957:sccmec_saures_CP013957_l67164_69 (length 116)
PROKKA_CP013957/PROKKA_CP013957:sccmec_saures_CP013957_l67164_70 (length 542)
PROKKA_CP013957/PROKKA_CP013957:sccmec_saures_CP013957_l67164_71 (length 448)
PROKKA_CP013957/PROKKA_CP013957:sccmec_saures_CP013957_l67164_72 (length 112)
PROKKA_CP013957/PROKKA_CP013957:sccmec_saures_CP013957_l67164_73 (length 595)
PROKKA_CP013957/PROKKA_CP013957:sccmec_saures_CP013957_l67164_74 (length 95)
PROKKA_CP013957/PROKKA_CP013957:sccmec_saures_CP013957_l67164_75 (length 349)
PROKKA_CP013957/PROKKA_CP013957:sccmec_saures_CP013957_l67164_76 (length 155)

DiscRep_ALL:DISC_SOURCE_QUALS_ASNDISC::strain (all present, all unique)
DiscRep_SUB:DISC_SOURCE_QUALS_ASNDISC::1 sources have unique values for strain
DiscRep_ALL:DISC_SOURCE_QUALS_ASNDISC::taxname (all present, all unique)
DiscRep_SUB:DISC_SOURCE_QUALS_ASNDISC::1 sources have unique values for taxname
DiscRep_ALL:DISC_FEATURE_COUNT::gene: 76 present
DiscRep_ALL:DISC_FEATURE_COUNT::CDS: 76 present
DiscRep_ALL:DISC_FEATURE_COUNT::mRNA: 76 present
DiscRep_ALL:DISC_COUNT_NUCLEOTIDES::1 nucleotide Bioseqs are present
PROKKA_CP013957/PROKKA_CP013957:sccmec_saures_CP013957_l67164 (length 67164)

DiscRep_ALL:OVERLAPPING_GENES::15 genes overlap another gene on the same strand.
PROKKA_CP013957/PROKKA_CP013957:Gene	CP013957_SCCmec_00006	sccmec_saures_CP013957_l67164:3901-5001	CP013957_SCCmec_00006
PROKKA_CP013957/PROKKA_CP013957:Gene	CP013957_SCCmec_00007	sccmec_saures_CP013957_l67164:4994-5365	CP013957_SCCmec_00007
PROKKA_CP013957/PROKKA_CP013957:Gene	CP013957_SCCmec_00008	sccmec_saures_CP013957_l67164:5362-7005	CP013957_SCCmec_00008
PROKKA_CP013957/PROKKA_CP013957:Gene	xerC_1	sccmec_saures_CP013957_l67164:11462-12547	CP013957_SCCmec_00015
PROKKA_CP013957/PROKKA_CP013957:Gene	xerC_2	sccmec_saures_CP013957_l67164:12544-14091	CP013957_SCCmec_00016
PROKKA_CP013957/PROKKA_CP013957:Gene	stoA	sccmec_saures_CP013957_l67164:27979-28332	CP013957_SCCmec_00033
PROKKA_CP013957/PROKKA_CP013957:Gene	CP013957_SCCmec_00034	sccmec_saures_CP013957_l67164:28329-29009	CP013957_SCCmec_00034
PROKKA_CP013957/PROKKA_CP013957:Gene	mecR1	sccmec_saures_CP013957_l67164:43693-45348	CP013957_SCCmec_00050
PROKKA_CP013957/PROKKA_CP013957:Gene	mecI	sccmec_saures_CP013957_l67164:45348-45551	CP013957_SCCmec_00051
PROKKA_CP013957/PROKKA_CP013957:Gene	cadA_2	sccmec_saures_CP013957_l67164:c54305-53688	CP013957_SCCmec_00060
PROKKA_CP013957/PROKKA_CP013957:Gene	cadC	sccmec_saures_CP013957_l67164:c54663-54298	CP013957_SCCmec_00061
PROKKA_CP013957/PROKKA_CP013957:Gene	CP013957_SCCmec_00065	sccmec_saures_CP013957_l67164:c57644-57321	CP013957_SCCmec_00065
PROKKA_CP013957/PROKKA_CP013957:Gene	CP013957_SCCmec_00066	sccmec_saures_CP013957_l67164:c57843-57637	CP013957_SCCmec_00066
PROKKA_CP013957/PROKKA_CP013957:Gene	CP013957_SCCmec_00073	sccmec_saures_CP013957_l67164:c64942-63155	CP013957_SCCmec_00073
PROKKA_CP013957/PROKKA_CP013957:Gene	CP013957_SCCmec_00074	sccmec_saures_CP013957_l67164:c65229-64942	CP013957_SCCmec_00074

DiscRep_ALL:OVERLAPPING_CDS::2 coding regions overlap another coding region with a similar or identical name.
DiscRep_SUB:OVERLAPPING_CDS::2 coding regions overlap another coding region with a similar or identical name that do not have the appropriate note text
PROKKA_CP013957/PROKKA_CP013957:CDS	Tyrosine recombinase XerC	sccmec_saures_CP013957_l67164:11462-12547	CP013957_SCCmec_00015
PROKKA_CP013957/PROKKA_CP013957:CDS	Tyrosine recombinase XerC	sccmec_saures_CP013957_l67164:12544-14091	CP013957_SCCmec_00016

DiscRep_ALL:DISC_QUALITY_SCORES::Quality scores are missing on all sequences.

DiscRep_ALL:ONCALLER_COMMENT_PRESENT::1 comment descriptors were found (all same)
PROKKA_CP013957/PROKKA_CP013957:sccmec_saures_CP013957_l67164:Annotated using prokka 1.12 from https://github.com/tseemann/prokka

DiscRep_ALL:SHORT_PROT_SEQUENCES::1 protein sequences are shorter than 50 aa.
PROKKA_CP013957/PROKKA_CP013957:sccmec_saures_CP013957_l67164_42 (length 33)

DiscRep_ALL:MISSING_GENOMEASSEMBLY_COMMENTS::1 bioseqs are missing GenomeAssembly structured comments
PROKKA_CP013957/PROKKA_CP013957:sccmec_saures_CP013957_l67164 (length 67164)

DiscRep_ALL:MOLTYPE_NOT_MRNA::1 molecule types are not set as mRNA.
PROKKA_CP013957/PROKKA_CP013957:sccmec_saures_CP013957_l67164 (length 67164)

DiscRep_ALL:TECHNIQUE_NOT_TSA::1 technique are not set as TSA
PROKKA_CP013957/PROKKA_CP013957:sccmec_saures_CP013957_l67164 (length 67164)

DiscRep_ALL:MISSING_STRUCTURED_COMMENT::1 sequences do not include structured comments.
PROKKA_CP013957/PROKKA_CP013957:sccmec_saures_CP013957_l67164 (length 67164)

DiscRep_ALL:MISSING_PROJECT::77 sequences do not include project.
PROKKA_CP013957/PROKKA_CP013957:sccmec_saures_CP013957_l67164 (length 67164)
PROKKA_CP013957/PROKKA_CP013957:sccmec_saures_CP013957_l67164_1 (length 159)
PROKKA_CP013957/PROKKA_CP013957:sccmec_saures_CP013957_l67164_2 (length 51)
PROKKA_CP013957/PROKKA_CP013957:sccmec_saures_CP013957_l67164_3 (length 101)
PROKKA_CP013957/PROKKA_CP013957:sccmec_saures_CP013957_l67164_4 (length 287)
PROKKA_CP013957/PROKKA_CP013957:sccmec_saures_CP013957_l67164_5 (length 503)
PROKKA_CP013957/PROKKA_CP013957:sccmec_saures_CP013957_l67164_6 (length 366)
PROKKA_CP013957/PROKKA_CP013957:sccmec_saures_CP013957_l67164_7 (length 123)
PROKKA_CP013957/PROKKA_CP013957:sccmec_saures_CP013957_l67164_8 (length 547)
PROKKA_CP013957/PROKKA_CP013957:sccmec_saures_CP013957_l67164_9 (length 561)
PROKKA_CP013957/PROKKA_CP013957:sccmec_saures_CP013957_l67164_10 (length 161)
PROKKA_CP013957/PROKKA_CP013957:sccmec_saures_CP013957_l67164_11 (length 124)
PROKKA_CP013957/PROKKA_CP013957:sccmec_saures_CP013957_l67164_12 (length 108)
PROKKA_CP013957/PROKKA_CP013957:sccmec_saures_CP013957_l67164_13 (length 168)
PROKKA_CP013957/PROKKA_CP013957:sccmec_saures_CP013957_l67164_14 (length 105)
PROKKA_CP013957/PROKKA_CP013957:sccmec_saures_CP013957_l67164_15 (length 361)
PROKKA_CP013957/PROKKA_CP013957:sccmec_saures_CP013957_l67164_16 (length 515)
PROKKA_CP013957/PROKKA_CP013957:sccmec_saures_CP013957_l67164_17 (length 105)
PROKKA_CP013957/PROKKA_CP013957:sccmec_saures_CP013957_l67164_18 (length 125)
PROKKA_CP013957/PROKKA_CP013957:sccmec_saures_CP013957_l67164_19 (length 260)
PROKKA_CP013957/PROKKA_CP013957:sccmec_saures_CP013957_l67164_20 (length 243)
PROKKA_CP013957/PROKKA_CP013957:sccmec_saures_CP013957_l67164_21 (length 220)
PROKKA_CP013957/PROKKA_CP013957:sccmec_saures_CP013957_l67164_22 (length 290)
PROKKA_CP013957/PROKKA_CP013957:sccmec_saures_CP013957_l67164_23 (length 102)
PROKKA_CP013957/PROKKA_CP013957:sccmec_saures_CP013957_l67164_24 (length 162)
PROKKA_CP013957/PROKKA_CP013957:sccmec_saures_CP013957_l67164_25 (length 175)
PROKKA_CP013957/PROKKA_CP013957:sccmec_saures_CP013957_l67164_26 (length 138)
PROKKA_CP013957/PROKKA_CP013957:sccmec_saures_CP013957_l67164_27 (length 73)
PROKKA_CP013957/PROKKA_CP013957:sccmec_saures_CP013957_l67164_28 (length 188)
PROKKA_CP013957/PROKKA_CP013957:sccmec_saures_CP013957_l67164_29 (length 729)
PROKKA_CP013957/PROKKA_CP013957:sccmec_saures_CP013957_l67164_30 (length 224)
PROKKA_CP013957/PROKKA_CP013957:sccmec_saures_CP013957_l67164_31 (length 453)
PROKKA_CP013957/PROKKA_CP013957:sccmec_saures_CP013957_l67164_32 (length 135)
PROKKA_CP013957/PROKKA_CP013957:sccmec_saures_CP013957_l67164_33 (length 117)
PROKKA_CP013957/PROKKA_CP013957:sccmec_saures_CP013957_l67164_34 (length 226)
PROKKA_CP013957/PROKKA_CP013957:sccmec_saures_CP013957_l67164_35 (length 111)
PROKKA_CP013957/PROKKA_CP013957:sccmec_saures_CP013957_l67164_36 (length 547)
PROKKA_CP013957/PROKKA_CP013957:sccmec_saures_CP013957_l67164_37 (length 216)
PROKKA_CP013957/PROKKA_CP013957:sccmec_saures_CP013957_l67164_38 (length 182)
PROKKA_CP013957/PROKKA_CP013957:sccmec_saures_CP013957_l67164_39 (length 224)
PROKKA_CP013957/PROKKA_CP013957:sccmec_saures_CP013957_l67164_40 (length 429)
PROKKA_CP013957/PROKKA_CP013957:sccmec_saures_CP013957_l67164_41 (length 413)
PROKKA_CP013957/PROKKA_CP013957:sccmec_saures_CP013957_l67164_42 (length 33)
PROKKA_CP013957/PROKKA_CP013957:sccmec_saures_CP013957_l67164_43 (length 267)
PROKKA_CP013957/PROKKA_CP013957:sccmec_saures_CP013957_l67164_44 (length 224)
PROKKA_CP013957/PROKKA_CP013957:sccmec_saures_CP013957_l67164_45 (length 55)
PROKKA_CP013957/PROKKA_CP013957:sccmec_saures_CP013957_l67164_46 (length 69)
PROKKA_CP013957/PROKKA_CP013957:sccmec_saures_CP013957_l67164_47 (length 247)
PROKKA_CP013957/PROKKA_CP013957:sccmec_saures_CP013957_l67164_48 (length 142)
PROKKA_CP013957/PROKKA_CP013957:sccmec_saures_CP013957_l67164_49 (length 668)
PROKKA_CP013957/PROKKA_CP013957:sccmec_saures_CP013957_l67164_50 (length 551)
PROKKA_CP013957/PROKKA_CP013957:sccmec_saures_CP013957_l67164_51 (length 67)
PROKKA_CP013957/PROKKA_CP013957:sccmec_saures_CP013957_l67164_52 (length 382)
PROKKA_CP013957/PROKKA_CP013957:sccmec_saures_CP013957_l67164_53 (length 101)
PROKKA_CP013957/PROKKA_CP013957:sccmec_saures_CP013957_l67164_54 (length 312)
PROKKA_CP013957/PROKKA_CP013957:sccmec_saures_CP013957_l67164_55 (length 354)
PROKKA_CP013957/PROKKA_CP013957:sccmec_saures_CP013957_l67164_56 (length 86)
PROKKA_CP013957/PROKKA_CP013957:sccmec_saures_CP013957_l67164_57 (length 209)
PROKKA_CP013957/PROKKA_CP013957:sccmec_saures_CP013957_l67164_58 (length 228)
PROKKA_CP013957/PROKKA_CP013957:sccmec_saures_CP013957_l67164_59 (length 594)
PROKKA_CP013957/PROKKA_CP013957:sccmec_saures_CP013957_l67164_60 (length 205)
PROKKA_CP013957/PROKKA_CP013957:sccmec_saures_CP013957_l67164_61 (length 121)
PROKKA_CP013957/PROKKA_CP013957:sccmec_saures_CP013957_l67164_62 (length 125)
PROKKA_CP013957/PROKKA_CP013957:sccmec_saures_CP013957_l67164_63 (length 462)
PROKKA_CP013957/PROKKA_CP013957:sccmec_saures_CP013957_l67164_64 (length 157)
PROKKA_CP013957/PROKKA_CP013957:sccmec_saures_CP013957_l67164_65 (length 107)
PROKKA_CP013957/PROKKA_CP013957:sccmec_saures_CP013957_l67164_66 (length 68)
PROKKA_CP013957/PROKKA_CP013957:sccmec_saures_CP013957_l67164_67 (length 173)
PROKKA_CP013957/PROKKA_CP013957:sccmec_saures_CP013957_l67164_68 (length 131)
PROKKA_CP013957/PROKKA_CP013957:sccmec_saures_CP013957_l67164_69 (length 116)
PROKKA_CP013957/PROKKA_CP013957:sccmec_saures_CP013957_l67164_70 (length 542)
PROKKA_CP013957/PROKKA_CP013957:sccmec_saures_CP013957_l67164_71 (length 448)
PROKKA_CP013957/PROKKA_CP013957:sccmec_saures_CP013957_l67164_72 (length 112)
PROKKA_CP013957/PROKKA_CP013957:sccmec_saures_CP013957_l67164_73 (length 595)
PROKKA_CP013957/PROKKA_CP013957:sccmec_saures_CP013957_l67164_74 (length 95)
PROKKA_CP013957/PROKKA_CP013957:sccmec_saures_CP013957_l67164_75 (length 349)
PROKKA_CP013957/PROKKA_CP013957:sccmec_saures_CP013957_l67164_76 (length 155)

DiscRep_ALL:DISC_INCONSISTENT_MOLINFO_TECH::Molinfo Technique Report (some missing, all same)
DiscRep_SUB:DISC_INCONSISTENT_MOLINFO_TECH::technique (all missing)
DiscRep_SUB:DISC_INCONSISTENT_MOLINFO_TECH::1 Molinfos are missing field technique
PROKKA_CP013957/PROKKA_CP013957:sccmec_saures_CP013957_l67164 (length 67164)

