[17:08:07] This is prokka 1.12
[17:08:07] Written by Torsten Seemann <torsten.seemann@gmail.com>
[17:08:07] Homepage is https://github.com/tseemann/prokka
[17:08:07] Local time is Mon May 15 17:08:07 2017
[17:08:07] You are fsepulveda
[17:08:07] Operating system is linux
[17:08:07] You have BioPerl 1.006924
[17:08:07] System has 4 cores.
[17:08:07] Option --cpu asked for 8 cores, but system only has 4
[17:08:07] Will use maximum of 4 cores.
[17:08:07] Annotating as >>> Bacteria <<<
[17:08:07] Creating new output folder: PROKKA_CP013621
[17:08:07] Running: mkdir -p PROKKA_CP013621
[17:08:07] Using filename prefix: PROKKA_CP013621.XXX
[17:08:07] Setting HMMER_NCPU=1
[17:08:07] Writing log to: PROKKA_CP013621/PROKKA_CP013621.log
[17:08:07] Command: /home/fsepulveda/Desktop/tesis/sccmec_classification/prokka-1.12/bin/prokka --genus Staphylococcus --prefix PROKKA_CP013621 --addgenes --addmrna --locustag CP013621_SCCmec /home/fsepulveda/Documents/parte2/229_sccmec/sccmec_CP013621.fasta
[17:08:07] Appending to PATH: /home/fsepulveda/Desktop/tesis/sccmec_classification/prokka-1.12/bin/../binaries/linux
[17:08:07] Appending to PATH: /home/fsepulveda/Desktop/tesis/sccmec_classification/prokka-1.12/bin/../binaries/linux/../common
[17:08:07] Appending to PATH: /home/fsepulveda/Desktop/tesis/sccmec_classification/prokka-1.12/bin
[17:08:07] Looking for 'aragorn' - found /home/fsepulveda/Desktop/tesis/sccmec_classification/prokka-1.12/bin/../binaries/linux/aragorn
[17:08:07] Determined aragorn version is 1.2
[17:08:07] Looking for 'blastp' - found /usr/bin/blastp
[17:08:07] Determined blastp version is 2.2
[17:08:07] Looking for 'cmpress' - found /usr/bin/cmpress
[17:08:07] Determined cmpress version is 1.1
[17:08:07] Looking for 'cmscan' - found /usr/bin/cmscan
[17:08:07] Determined cmscan version is 1.1
[17:08:07] Looking for 'egrep' - found /bin/egrep
[17:08:07] Looking for 'find' - found /usr/bin/find
[17:08:07] Looking for 'grep' - found /bin/grep
[17:08:07] Looking for 'hmmpress' - found /usr/bin/hmmpress
[17:08:07] Determined hmmpress version is 3.1
[17:08:07] Looking for 'hmmscan' - found /usr/bin/hmmscan
[17:08:07] Determined hmmscan version is 3.1
[17:08:07] Looking for 'java' - found /usr/bin/java
[17:08:07] Looking for 'less' - found /usr/bin/less
[17:08:07] Looking for 'makeblastdb' - found /usr/bin/makeblastdb
[17:08:07] Determined makeblastdb version is 2.2
[17:08:07] Looking for 'minced' - found /home/fsepulveda/Desktop/tesis/sccmec_classification/prokka-1.12/bin/../binaries/linux/../common/minced
[17:08:07] Determined minced version is 2.0
[17:08:07] Looking for 'parallel' - found /home/fsepulveda/Desktop/tesis/sccmec_classification/prokka-1.12/bin/../binaries/linux/../common/parallel
[17:08:07] Determined parallel version is 20150122
[17:08:07] Looking for 'prodigal' - found /home/fsepulveda/Desktop/tesis/sccmec_classification/prokka-1.12/bin/../binaries/linux/prodigal
[17:08:07] Determined prodigal version is 2.6
[17:08:07] Looking for 'prokka-genbank_to_fasta_db' - found /home/fsepulveda/Desktop/tesis/sccmec_classification/prokka-1.12/bin/prokka-genbank_to_fasta_db
[17:08:07] Looking for 'sed' - found /bin/sed
[17:08:07] Looking for 'tbl2asn' - found /home/fsepulveda/Desktop/tesis/sccmec_classification/prokka-1.12/bin/../binaries/linux/tbl2asn
[17:08:07] Determined tbl2asn version is 25.3
[17:08:07] Using genetic code table 11.
[17:08:07] Loading and checking input file: /home/fsepulveda/Documents/parte2/229_sccmec/sccmec_CP013621.fasta
[17:08:07] Wrote 1 contigs totalling 36774 bp.
[17:08:07] Predicting tRNAs and tmRNAs
[17:08:07] Running: aragorn -l -gc11  -w PROKKA_CP013621\/PROKKA_CP013621\.fna
[17:08:07] Found 0 tRNAs
[17:08:07] Predicting Ribosomal RNAs
[17:08:07] You need either Barrnap or RNAmmer installed to predict rRNAs!
[17:08:07] Skipping ncRNA search, enable with --rfam if desired.
[17:08:07] Total of 0 tRNA + rRNA features
[17:08:07] Searching for CRISPR repeats
[17:08:08] Found 0 CRISPRs
[17:08:08] Predicting coding sequences
[17:08:08] Contigs total 36774 bp, so using meta mode
[17:08:08] Running: prodigal -i PROKKA_CP013621\/PROKKA_CP013621\.fna -c -m -g 11 -p meta -f sco -q
[17:08:08] Found 37 CDS
[17:08:08] Connecting features back to sequences
[17:08:08] Not using genus-specific database. Try --usegenus to enable it.
[17:08:08] Annotating CDS, please be patient.
[17:08:08] Will use 4 CPUs for similarity searching.
[17:08:08] There are still 37 unannotated CDS left (started with 37)
[17:08:08] Will use blast to search against /home/fsepulveda/Desktop/tesis/sccmec_classification/prokka-1.12/bin/../db/kingdom/Bacteria/sprot with 4 CPUs
[17:08:08] Running: cat PROKKA_CP013621\/sprot\.faa | parallel --gnu --plain -j 4 --block 1359 --recstart '>' --pipe blastp -query - -db /home/fsepulveda/Desktop/tesis/sccmec_classification/prokka-1.12/bin/../db/kingdom/Bacteria/sprot -evalue 1e-06 -num_threads 1 -num_descriptions 1 -num_alignments 1 -seg no > PROKKA_CP013621\/sprot\.blast 2> /dev/null
[17:08:09] Deleting unwanted file: PROKKA_CP013621/sprot.faa
[17:08:09] Deleting unwanted file: PROKKA_CP013621/sprot.blast
[17:08:09] There are still 26 unannotated CDS left (started with 37)
[17:08:09] Will use hmmer3 to search against /home/fsepulveda/Desktop/tesis/sccmec_classification/prokka-1.12/bin/../db/hmm/HAMAP.hmm with 4 CPUs
[17:08:09] Running: cat PROKKA_CP013621\/HAMAP\.hmm\.faa | parallel --gnu --plain -j 4 --block 771 --recstart '>' --pipe hmmscan --noali --notextw --acc -E 1e-06 --cpu 1 /home/fsepulveda/Desktop/tesis/sccmec_classification/prokka-1.12/bin/../db/hmm/HAMAP.hmm /dev/stdin > PROKKA_CP013621\/HAMAP\.hmm\.hmmer3 2> /dev/null
[17:08:10] Deleting unwanted file: PROKKA_CP013621/HAMAP.hmm.faa
[17:08:10] Deleting unwanted file: PROKKA_CP013621/HAMAP.hmm.hmmer3
[17:08:10] Labelling remaining 26 proteins as 'hypothetical protein'
[17:08:10] Found 11 unique /gene codes.
[17:08:10] Fixed 0 colliding /gene names.
[17:08:10] Adding /locus_tag identifiers
[17:08:10] Assigned 37 locus_tags to CDS and RNA features.
[17:08:10] Writing outputs to PROKKA_CP013621/
[17:08:10] Generating annotation statistics file
[17:08:10] Generating Genbank and Sequin files
[17:08:10] Running: tbl2asn -V b -a r10k -l paired-ends -M n -N 1 -y 'Annotated using prokka 1.12 from https://github.com/tseemann/prokka' -Z PROKKA_CP013621\/PROKKA_CP013621\.err -i PROKKA_CP013621\/PROKKA_CP013621\.fsa 2> /dev/null
[17:08:10] Deleting unwanted file: PROKKA_CP013621/errorsummary.val
[17:08:10] Deleting unwanted file: PROKKA_CP013621/PROKKA_CP013621.dr
[17:08:10] Deleting unwanted file: PROKKA_CP013621/PROKKA_CP013621.fixedproducts
[17:08:10] Deleting unwanted file: PROKKA_CP013621/PROKKA_CP013621.ecn
[17:08:10] Deleting unwanted file: PROKKA_CP013621/PROKKA_CP013621.val
[17:08:10] Repairing broken .GBK output that tbl2asn produces...
[17:08:10] Running: sed 's/COORDINATES: profile/COORDINATES:profile/' < PROKKA_CP013621\/PROKKA_CP013621\.gbf > PROKKA_CP013621\/PROKKA_CP013621\.gbk
[17:08:10] Deleting unwanted file: PROKKA_CP013621/PROKKA_CP013621.gbf
[17:08:10] Output files:
[17:08:10] PROKKA_CP013621/PROKKA_CP013621.gff
[17:08:10] PROKKA_CP013621/PROKKA_CP013621.fsa
[17:08:10] PROKKA_CP013621/PROKKA_CP013621.tbl
[17:08:10] PROKKA_CP013621/PROKKA_CP013621.ffn
[17:08:10] PROKKA_CP013621/PROKKA_CP013621.log
[17:08:10] PROKKA_CP013621/PROKKA_CP013621.err
[17:08:10] PROKKA_CP013621/PROKKA_CP013621.gbk
[17:08:10] PROKKA_CP013621/PROKKA_CP013621.faa
[17:08:10] PROKKA_CP013621/PROKKA_CP013621.tsv
[17:08:10] PROKKA_CP013621/PROKKA_CP013621.txt
[17:08:10] PROKKA_CP013621/PROKKA_CP013621.sqn
[17:08:10] PROKKA_CP013621/PROKKA_CP013621.fna
[17:08:10] Annotation finished successfully.
[17:08:10] Walltime used: 0.05 minutes
[17:08:10] If you use this result please cite the Prokka paper:
[17:08:10] Seemann T (2014) Prokka: rapid prokaryotic genome annotation. Bioinformatics. 30(14):2068-9.
[17:08:10] Type 'prokka --citation' for more details.
[17:08:10] Share and enjoy!
