Discrepancy Report Results

Summary
FATAL: BAD_LOCUS_TAG_FORMAT:37 locus tags are incorrectly formatted.
FATAL: MISSING_PROTEIN_ID:37 proteins have invalid IDs.
DISC_SOURCE_QUALS_ASNDISC:strain (all present, all unique)
DISC_SOURCE_QUALS_ASNDISC:taxname (all present, all unique)
DISC_FEATURE_COUNT:gene: 37 present
DISC_FEATURE_COUNT:CDS: 37 present
DISC_FEATURE_COUNT:mRNA: 37 present
DISC_COUNT_NUCLEOTIDES:1 nucleotide Bioseqs are present
OVERLAPPING_GENES:10 genes overlap another gene on the same strand.
DISC_QUALITY_SCORES:Quality scores are missing on all sequences.
ONCALLER_COMMENT_PRESENT:1 comment descriptors were found (all same)
SHORT_PROT_SEQUENCES:1 protein sequences are shorter than 50 aa.
MISSING_GENOMEASSEMBLY_COMMENTS:1 bioseqs are missing GenomeAssembly structured comments
MOLTYPE_NOT_MRNA:1 molecule types are not set as mRNA.
TECHNIQUE_NOT_TSA:1 technique are not set as TSA
MISSING_STRUCTURED_COMMENT:1 sequences do not include structured comments.
MISSING_PROJECT:38 sequences do not include project.
DISC_INCONSISTENT_MOLINFO_TECH:Molinfo Technique Report (some missing, all same)


Detailed Report

FATAL: DiscRep_ALL:BAD_LOCUS_TAG_FORMAT::37 locus tags are incorrectly formatted.
PROKKA_CP013621/PROKKA_CP013621:Gene	rlmH	sccmec_saures_CP013621_l36774:1-480	CP013621_SCCmec_00001
PROKKA_CP013621/PROKKA_CP013621:Gene	CP013621_SCCmec_00002	sccmec_saures_CP013621_l36774:546-1322	CP013621_SCCmec_00002
PROKKA_CP013621/PROKKA_CP013621:Gene	CP013621_SCCmec_00003	sccmec_saures_CP013621_l36774:1694-2077	CP013621_SCCmec_00003
PROKKA_CP013621/PROKKA_CP013621:Gene	CP013621_SCCmec_00004	sccmec_saures_CP013621_l36774:2089-2721	CP013621_SCCmec_00004
PROKKA_CP013621/PROKKA_CP013621:Gene	arsC	sccmec_saures_CP013621_l36774:c3251-2916	CP013621_SCCmec_00005
PROKKA_CP013621/PROKKA_CP013621:Gene	arsB	sccmec_saures_CP013621_l36774:c4554-3265	CP013621_SCCmec_00006
PROKKA_CP013621/PROKKA_CP013621:Gene	sdpR	sccmec_saures_CP013621_l36774:c4871-4554	CP013621_SCCmec_00007
PROKKA_CP013621/PROKKA_CP013621:Gene	CP013621_SCCmec_00008	sccmec_saures_CP013621_l36774:5001-5675	CP013621_SCCmec_00008
PROKKA_CP013621/PROKKA_CP013621:Gene	pbp	sccmec_saures_CP013621_l36774:5851-7857	CP013621_SCCmec_00009
PROKKA_CP013621/PROKKA_CP013621:Gene	paaZ	sccmec_saures_CP013621_l36774:c8331-7903	CP013621_SCCmec_00010
PROKKA_CP013621/PROKKA_CP013621:Gene	ugpQ	sccmec_saures_CP013621_l36774:c9171-8428	CP013621_SCCmec_00011
PROKKA_CP013621/PROKKA_CP013621:Gene	CP013621_SCCmec_00012	sccmec_saures_CP013621_l36774:c9990-9760	CP013621_SCCmec_00012
PROKKA_CP013621/PROKKA_CP013621:Gene	CP013621_SCCmec_00013	sccmec_saures_CP013621_l36774:c10255-10088	CP013621_SCCmec_00013
PROKKA_CP013621/PROKKA_CP013621:Gene	CP013621_SCCmec_00014	sccmec_saures_CP013621_l36774:10513-11187	CP013621_SCCmec_00014
PROKKA_CP013621/PROKKA_CP013621:Gene	copB	sccmec_saures_CP013621_l36774:11450-13510	CP013621_SCCmec_00015
PROKKA_CP013621/PROKKA_CP013621:Gene	CP013621_SCCmec_00016	sccmec_saures_CP013621_l36774:13528-14073	CP013621_SCCmec_00016
PROKKA_CP013621/PROKKA_CP013621:Gene	CP013621_SCCmec_00017	sccmec_saures_CP013621_l36774:c16123-14393	CP013621_SCCmec_00017
PROKKA_CP013621/PROKKA_CP013621:Gene	CP013621_SCCmec_00018	sccmec_saures_CP013621_l36774:c18011-16107	CP013621_SCCmec_00018
PROKKA_CP013621/PROKKA_CP013621:Gene	CP013621_SCCmec_00019	sccmec_saures_CP013621_l36774:c18933-18016	CP013621_SCCmec_00019
PROKKA_CP013621/PROKKA_CP013621:Gene	CP013621_SCCmec_00020	sccmec_saures_CP013621_l36774:19185-20510	CP013621_SCCmec_00020
PROKKA_CP013621/PROKKA_CP013621:Gene	CP013621_SCCmec_00021	sccmec_saures_CP013621_l36774:20721-21821	CP013621_SCCmec_00021
PROKKA_CP013621/PROKKA_CP013621:Gene	CP013621_SCCmec_00022	sccmec_saures_CP013621_l36774:21814-22182	CP013621_SCCmec_00022
PROKKA_CP013621/PROKKA_CP013621:Gene	CP013621_SCCmec_00023	sccmec_saures_CP013621_l36774:22182-23801	CP013621_SCCmec_00023
PROKKA_CP013621/PROKKA_CP013621:Gene	hin	sccmec_saures_CP013621_l36774:24029-25705	CP013621_SCCmec_00024
PROKKA_CP013621/PROKKA_CP013621:Gene	CP013621_SCCmec_00025	sccmec_saures_CP013621_l36774:25813-25968	CP013621_SCCmec_00025
PROKKA_CP013621/PROKKA_CP013621:Gene	CP013621_SCCmec_00026	sccmec_saures_CP013621_l36774:26382-26942	CP013621_SCCmec_00026
PROKKA_CP013621/PROKKA_CP013621:Gene	CP013621_SCCmec_00027	sccmec_saures_CP013621_l36774:27129-27389	CP013621_SCCmec_00027
PROKKA_CP013621/PROKKA_CP013621:Gene	CP013621_SCCmec_00028	sccmec_saures_CP013621_l36774:27478-27816	CP013621_SCCmec_00028
PROKKA_CP013621/PROKKA_CP013621:Gene	CP013621_SCCmec_00029	sccmec_saures_CP013621_l36774:27819-27908	CP013621_SCCmec_00029
PROKKA_CP013621/PROKKA_CP013621:Gene	CP013621_SCCmec_00030	sccmec_saures_CP013621_l36774:27910-28221	CP013621_SCCmec_00030
PROKKA_CP013621/PROKKA_CP013621:Gene	CP013621_SCCmec_00031	sccmec_saures_CP013621_l36774:28236-28739	CP013621_SCCmec_00031
PROKKA_CP013621/PROKKA_CP013621:Gene	CP013621_SCCmec_00032	sccmec_saures_CP013621_l36774:28753-28974	CP013621_SCCmec_00032
PROKKA_CP013621/PROKKA_CP013621:Gene	CP013621_SCCmec_00033	sccmec_saures_CP013621_l36774:29125-29691	CP013621_SCCmec_00033
PROKKA_CP013621/PROKKA_CP013621:Gene	hsdR	sccmec_saures_CP013621_l36774:c32887-29768	CP013621_SCCmec_00034
PROKKA_CP013621/PROKKA_CP013621:Gene	CP013621_SCCmec_00035	sccmec_saures_CP013621_l36774:c34148-32871	CP013621_SCCmec_00035
PROKKA_CP013621/PROKKA_CP013621:Gene	hsdM	sccmec_saures_CP013621_l36774:c35652-34138	CP013621_SCCmec_00036
PROKKA_CP013621/PROKKA_CP013621:Gene	CP013621_SCCmec_00037	sccmec_saures_CP013621_l36774:35830-36702	CP013621_SCCmec_00037

FATAL: DiscRep_ALL:MISSING_PROTEIN_ID::37 proteins have invalid IDs.
PROKKA_CP013621/PROKKA_CP013621:sccmec_saures_CP013621_l36774_1 (length 159)
PROKKA_CP013621/PROKKA_CP013621:sccmec_saures_CP013621_l36774_2 (length 258)
PROKKA_CP013621/PROKKA_CP013621:sccmec_saures_CP013621_l36774_3 (length 127)
PROKKA_CP013621/PROKKA_CP013621:sccmec_saures_CP013621_l36774_4 (length 210)
PROKKA_CP013621/PROKKA_CP013621:sccmec_saures_CP013621_l36774_5 (length 111)
PROKKA_CP013621/PROKKA_CP013621:sccmec_saures_CP013621_l36774_6 (length 429)
PROKKA_CP013621/PROKKA_CP013621:sccmec_saures_CP013621_l36774_7 (length 105)
PROKKA_CP013621/PROKKA_CP013621:sccmec_saures_CP013621_l36774_8 (length 224)
PROKKA_CP013621/PROKKA_CP013621:sccmec_saures_CP013621_l36774_9 (length 668)
PROKKA_CP013621/PROKKA_CP013621:sccmec_saures_CP013621_l36774_10 (length 142)
PROKKA_CP013621/PROKKA_CP013621:sccmec_saures_CP013621_l36774_11 (length 247)
PROKKA_CP013621/PROKKA_CP013621:sccmec_saures_CP013621_l36774_12 (length 76)
PROKKA_CP013621/PROKKA_CP013621:sccmec_saures_CP013621_l36774_13 (length 55)
PROKKA_CP013621/PROKKA_CP013621:sccmec_saures_CP013621_l36774_14 (length 224)
PROKKA_CP013621/PROKKA_CP013621:sccmec_saures_CP013621_l36774_15 (length 686)
PROKKA_CP013621/PROKKA_CP013621:sccmec_saures_CP013621_l36774_16 (length 181)
PROKKA_CP013621/PROKKA_CP013621:sccmec_saures_CP013621_l36774_17 (length 576)
PROKKA_CP013621/PROKKA_CP013621:sccmec_saures_CP013621_l36774_18 (length 634)
PROKKA_CP013621/PROKKA_CP013621:sccmec_saures_CP013621_l36774_19 (length 305)
PROKKA_CP013621/PROKKA_CP013621:sccmec_saures_CP013621_l36774_20 (length 441)
PROKKA_CP013621/PROKKA_CP013621:sccmec_saures_CP013621_l36774_21 (length 366)
PROKKA_CP013621/PROKKA_CP013621:sccmec_saures_CP013621_l36774_22 (length 122)
PROKKA_CP013621/PROKKA_CP013621:sccmec_saures_CP013621_l36774_23 (length 539)
PROKKA_CP013621/PROKKA_CP013621:sccmec_saures_CP013621_l36774_24 (length 558)
PROKKA_CP013621/PROKKA_CP013621:sccmec_saures_CP013621_l36774_25 (length 51)
PROKKA_CP013621/PROKKA_CP013621:sccmec_saures_CP013621_l36774_26 (length 186)
PROKKA_CP013621/PROKKA_CP013621:sccmec_saures_CP013621_l36774_27 (length 86)
PROKKA_CP013621/PROKKA_CP013621:sccmec_saures_CP013621_l36774_28 (length 112)
PROKKA_CP013621/PROKKA_CP013621:sccmec_saures_CP013621_l36774_29 (length 29)
PROKKA_CP013621/PROKKA_CP013621:sccmec_saures_CP013621_l36774_30 (length 103)
PROKKA_CP013621/PROKKA_CP013621:sccmec_saures_CP013621_l36774_31 (length 167)
PROKKA_CP013621/PROKKA_CP013621:sccmec_saures_CP013621_l36774_32 (length 73)
PROKKA_CP013621/PROKKA_CP013621:sccmec_saures_CP013621_l36774_33 (length 188)
PROKKA_CP013621/PROKKA_CP013621:sccmec_saures_CP013621_l36774_34 (length 1039)
PROKKA_CP013621/PROKKA_CP013621:sccmec_saures_CP013621_l36774_35 (length 425)
PROKKA_CP013621/PROKKA_CP013621:sccmec_saures_CP013621_l36774_36 (length 504)
PROKKA_CP013621/PROKKA_CP013621:sccmec_saures_CP013621_l36774_37 (length 290)

DiscRep_ALL:DISC_SOURCE_QUALS_ASNDISC::strain (all present, all unique)
DiscRep_SUB:DISC_SOURCE_QUALS_ASNDISC::1 sources have unique values for strain
DiscRep_ALL:DISC_SOURCE_QUALS_ASNDISC::taxname (all present, all unique)
DiscRep_SUB:DISC_SOURCE_QUALS_ASNDISC::1 sources have unique values for taxname
DiscRep_ALL:DISC_FEATURE_COUNT::gene: 37 present
DiscRep_ALL:DISC_FEATURE_COUNT::CDS: 37 present
DiscRep_ALL:DISC_FEATURE_COUNT::mRNA: 37 present
DiscRep_ALL:DISC_COUNT_NUCLEOTIDES::1 nucleotide Bioseqs are present
PROKKA_CP013621/PROKKA_CP013621:sccmec_saures_CP013621_l36774 (length 36774)

DiscRep_ALL:OVERLAPPING_GENES::10 genes overlap another gene on the same strand.
PROKKA_CP013621/PROKKA_CP013621:Gene	arsB	sccmec_saures_CP013621_l36774:c4554-3265	CP013621_SCCmec_00006
PROKKA_CP013621/PROKKA_CP013621:Gene	sdpR	sccmec_saures_CP013621_l36774:c4871-4554	CP013621_SCCmec_00007
PROKKA_CP013621/PROKKA_CP013621:Gene	CP013621_SCCmec_00017	sccmec_saures_CP013621_l36774:c16123-14393	CP013621_SCCmec_00017
PROKKA_CP013621/PROKKA_CP013621:Gene	CP013621_SCCmec_00018	sccmec_saures_CP013621_l36774:c18011-16107	CP013621_SCCmec_00018
PROKKA_CP013621/PROKKA_CP013621:Gene	CP013621_SCCmec_00021	sccmec_saures_CP013621_l36774:20721-21821	CP013621_SCCmec_00021
PROKKA_CP013621/PROKKA_CP013621:Gene	CP013621_SCCmec_00022	sccmec_saures_CP013621_l36774:21814-22182	CP013621_SCCmec_00022
PROKKA_CP013621/PROKKA_CP013621:Gene	CP013621_SCCmec_00023	sccmec_saures_CP013621_l36774:22182-23801	CP013621_SCCmec_00023
PROKKA_CP013621/PROKKA_CP013621:Gene	hsdR	sccmec_saures_CP013621_l36774:c32887-29768	CP013621_SCCmec_00034
PROKKA_CP013621/PROKKA_CP013621:Gene	CP013621_SCCmec_00035	sccmec_saures_CP013621_l36774:c34148-32871	CP013621_SCCmec_00035
PROKKA_CP013621/PROKKA_CP013621:Gene	hsdM	sccmec_saures_CP013621_l36774:c35652-34138	CP013621_SCCmec_00036

DiscRep_ALL:DISC_QUALITY_SCORES::Quality scores are missing on all sequences.

DiscRep_ALL:ONCALLER_COMMENT_PRESENT::1 comment descriptors were found (all same)
PROKKA_CP013621/PROKKA_CP013621:sccmec_saures_CP013621_l36774:Annotated using prokka 1.12 from https://github.com/tseemann/prokka

DiscRep_ALL:SHORT_PROT_SEQUENCES::1 protein sequences are shorter than 50 aa.
PROKKA_CP013621/PROKKA_CP013621:sccmec_saures_CP013621_l36774_29 (length 29)

DiscRep_ALL:MISSING_GENOMEASSEMBLY_COMMENTS::1 bioseqs are missing GenomeAssembly structured comments
PROKKA_CP013621/PROKKA_CP013621:sccmec_saures_CP013621_l36774 (length 36774)

DiscRep_ALL:MOLTYPE_NOT_MRNA::1 molecule types are not set as mRNA.
PROKKA_CP013621/PROKKA_CP013621:sccmec_saures_CP013621_l36774 (length 36774)

DiscRep_ALL:TECHNIQUE_NOT_TSA::1 technique are not set as TSA
PROKKA_CP013621/PROKKA_CP013621:sccmec_saures_CP013621_l36774 (length 36774)

DiscRep_ALL:MISSING_STRUCTURED_COMMENT::1 sequences do not include structured comments.
PROKKA_CP013621/PROKKA_CP013621:sccmec_saures_CP013621_l36774 (length 36774)

DiscRep_ALL:MISSING_PROJECT::38 sequences do not include project.
PROKKA_CP013621/PROKKA_CP013621:sccmec_saures_CP013621_l36774 (length 36774)
PROKKA_CP013621/PROKKA_CP013621:sccmec_saures_CP013621_l36774_1 (length 159)
PROKKA_CP013621/PROKKA_CP013621:sccmec_saures_CP013621_l36774_2 (length 258)
PROKKA_CP013621/PROKKA_CP013621:sccmec_saures_CP013621_l36774_3 (length 127)
PROKKA_CP013621/PROKKA_CP013621:sccmec_saures_CP013621_l36774_4 (length 210)
PROKKA_CP013621/PROKKA_CP013621:sccmec_saures_CP013621_l36774_5 (length 111)
PROKKA_CP013621/PROKKA_CP013621:sccmec_saures_CP013621_l36774_6 (length 429)
PROKKA_CP013621/PROKKA_CP013621:sccmec_saures_CP013621_l36774_7 (length 105)
PROKKA_CP013621/PROKKA_CP013621:sccmec_saures_CP013621_l36774_8 (length 224)
PROKKA_CP013621/PROKKA_CP013621:sccmec_saures_CP013621_l36774_9 (length 668)
PROKKA_CP013621/PROKKA_CP013621:sccmec_saures_CP013621_l36774_10 (length 142)
PROKKA_CP013621/PROKKA_CP013621:sccmec_saures_CP013621_l36774_11 (length 247)
PROKKA_CP013621/PROKKA_CP013621:sccmec_saures_CP013621_l36774_12 (length 76)
PROKKA_CP013621/PROKKA_CP013621:sccmec_saures_CP013621_l36774_13 (length 55)
PROKKA_CP013621/PROKKA_CP013621:sccmec_saures_CP013621_l36774_14 (length 224)
PROKKA_CP013621/PROKKA_CP013621:sccmec_saures_CP013621_l36774_15 (length 686)
PROKKA_CP013621/PROKKA_CP013621:sccmec_saures_CP013621_l36774_16 (length 181)
PROKKA_CP013621/PROKKA_CP013621:sccmec_saures_CP013621_l36774_17 (length 576)
PROKKA_CP013621/PROKKA_CP013621:sccmec_saures_CP013621_l36774_18 (length 634)
PROKKA_CP013621/PROKKA_CP013621:sccmec_saures_CP013621_l36774_19 (length 305)
PROKKA_CP013621/PROKKA_CP013621:sccmec_saures_CP013621_l36774_20 (length 441)
PROKKA_CP013621/PROKKA_CP013621:sccmec_saures_CP013621_l36774_21 (length 366)
PROKKA_CP013621/PROKKA_CP013621:sccmec_saures_CP013621_l36774_22 (length 122)
PROKKA_CP013621/PROKKA_CP013621:sccmec_saures_CP013621_l36774_23 (length 539)
PROKKA_CP013621/PROKKA_CP013621:sccmec_saures_CP013621_l36774_24 (length 558)
PROKKA_CP013621/PROKKA_CP013621:sccmec_saures_CP013621_l36774_25 (length 51)
PROKKA_CP013621/PROKKA_CP013621:sccmec_saures_CP013621_l36774_26 (length 186)
PROKKA_CP013621/PROKKA_CP013621:sccmec_saures_CP013621_l36774_27 (length 86)
PROKKA_CP013621/PROKKA_CP013621:sccmec_saures_CP013621_l36774_28 (length 112)
PROKKA_CP013621/PROKKA_CP013621:sccmec_saures_CP013621_l36774_29 (length 29)
PROKKA_CP013621/PROKKA_CP013621:sccmec_saures_CP013621_l36774_30 (length 103)
PROKKA_CP013621/PROKKA_CP013621:sccmec_saures_CP013621_l36774_31 (length 167)
PROKKA_CP013621/PROKKA_CP013621:sccmec_saures_CP013621_l36774_32 (length 73)
PROKKA_CP013621/PROKKA_CP013621:sccmec_saures_CP013621_l36774_33 (length 188)
PROKKA_CP013621/PROKKA_CP013621:sccmec_saures_CP013621_l36774_34 (length 1039)
PROKKA_CP013621/PROKKA_CP013621:sccmec_saures_CP013621_l36774_35 (length 425)
PROKKA_CP013621/PROKKA_CP013621:sccmec_saures_CP013621_l36774_36 (length 504)
PROKKA_CP013621/PROKKA_CP013621:sccmec_saures_CP013621_l36774_37 (length 290)

DiscRep_ALL:DISC_INCONSISTENT_MOLINFO_TECH::Molinfo Technique Report (some missing, all same)
DiscRep_SUB:DISC_INCONSISTENT_MOLINFO_TECH::technique (all missing)
DiscRep_SUB:DISC_INCONSISTENT_MOLINFO_TECH::1 Molinfos are missing field technique
PROKKA_CP013621/PROKKA_CP013621:sccmec_saures_CP013621_l36774 (length 36774)

