Discrepancy Report Results

Summary
FATAL: BAD_LOCUS_TAG_FORMAT:22 locus tags are incorrectly formatted.
FATAL: MISSING_PROTEIN_ID:22 proteins have invalid IDs.
DISC_SOURCE_QUALS_ASNDISC:strain (all present, all unique)
DISC_SOURCE_QUALS_ASNDISC:taxname (all present, all unique)
DISC_FEATURE_COUNT:gene: 22 present
DISC_FEATURE_COUNT:CDS: 22 present
DISC_FEATURE_COUNT:mRNA: 22 present
DISC_COUNT_NUCLEOTIDES:1 nucleotide Bioseqs are present
OVERLAPPING_GENES:4 genes overlap another gene on the same strand.
DISC_QUALITY_SCORES:Quality scores are missing on all sequences.
ONCALLER_COMMENT_PRESENT:1 comment descriptors were found (all same)
MISSING_GENOMEASSEMBLY_COMMENTS:1 bioseqs are missing GenomeAssembly structured comments
MOLTYPE_NOT_MRNA:1 molecule types are not set as mRNA.
TECHNIQUE_NOT_TSA:1 technique are not set as TSA
MISSING_STRUCTURED_COMMENT:1 sequences do not include structured comments.
MISSING_PROJECT:23 sequences do not include project.
DISC_INCONSISTENT_MOLINFO_TECH:Molinfo Technique Report (some missing, all same)


Detailed Report

FATAL: DiscRep_ALL:BAD_LOCUS_TAG_FORMAT::22 locus tags are incorrectly formatted.
PROKKA_AP017377/PROKKA_AP017377:Gene	rlmH	sccmec_saures_AP017377_l21900:1-480	AP017377_SCCmec_00001
PROKKA_AP017377/PROKKA_AP017377:Gene	AP017377_SCCmec_00002	sccmec_saures_AP017377_l21900:763-2058	AP017377_SCCmec_00002
PROKKA_AP017377/PROKKA_AP017377:Gene	AP017377_SCCmec_00003	sccmec_saures_AP017377_l21900:2473-2712	AP017377_SCCmec_00003
PROKKA_AP017377/PROKKA_AP017377:Gene	AP017377_SCCmec_00004	sccmec_saures_AP017377_l21900:c3418-2744	AP017377_SCCmec_00004
PROKKA_AP017377/PROKKA_AP017377:Gene	AP017377_SCCmec_00005	sccmec_saures_AP017377_l21900:3676-3843	AP017377_SCCmec_00005
PROKKA_AP017377/PROKKA_AP017377:Gene	AP017377_SCCmec_00006	sccmec_saures_AP017377_l21900:3941-4171	AP017377_SCCmec_00006
PROKKA_AP017377/PROKKA_AP017377:Gene	ugpQ	sccmec_saures_AP017377_l21900:4720-5463	AP017377_SCCmec_00007
PROKKA_AP017377/PROKKA_AP017377:Gene	paaZ	sccmec_saures_AP017377_l21900:5560-5988	AP017377_SCCmec_00008
PROKKA_AP017377/PROKKA_AP017377:Gene	pbp	sccmec_saures_AP017377_l21900:c8040-6034	AP017377_SCCmec_00009
PROKKA_AP017377/PROKKA_AP017377:Gene	mecR1	sccmec_saures_AP017377_l21900:8242-9126	AP017377_SCCmec_00010
PROKKA_AP017377/PROKKA_AP017377:Gene	AP017377_SCCmec_00011	sccmec_saures_AP017377_l21900:9086-9358	AP017377_SCCmec_00011
PROKKA_AP017377/PROKKA_AP017377:Gene	AP017377_SCCmec_00012	sccmec_saures_AP017377_l21900:c10868-9258	AP017377_SCCmec_00012
PROKKA_AP017377/PROKKA_AP017377:Gene	AP017377_SCCmec_00013	sccmec_saures_AP017377_l21900:c11516-11007	AP017377_SCCmec_00013
PROKKA_AP017377/PROKKA_AP017377:Gene	AP017377_SCCmec_00014	sccmec_saures_AP017377_l21900:c11839-11528	AP017377_SCCmec_00014
PROKKA_AP017377/PROKKA_AP017377:Gene	AP017377_SCCmec_00015	sccmec_saures_AP017377_l21900:c12276-11926	AP017377_SCCmec_00015
PROKKA_AP017377/PROKKA_AP017377:Gene	hin_1	sccmec_saures_AP017377_l21900:c14426-12798	AP017377_SCCmec_00016
PROKKA_AP017377/PROKKA_AP017377:Gene	hin_2	sccmec_saures_AP017377_l21900:c15815-14448	AP017377_SCCmec_00017
PROKKA_AP017377/PROKKA_AP017377:Gene	AP017377_SCCmec_00018	sccmec_saures_AP017377_l21900:c17824-16031	AP017377_SCCmec_00018
PROKKA_AP017377/PROKKA_AP017377:Gene	AP017377_SCCmec_00019	sccmec_saures_AP017377_l21900:c18120-17824	AP017377_SCCmec_00019
PROKKA_AP017377/PROKKA_AP017377:Gene	AP017377_SCCmec_00020	sccmec_saures_AP017377_l21900:c19359-18313	AP017377_SCCmec_00020
PROKKA_AP017377/PROKKA_AP017377:Gene	AP017377_SCCmec_00021	sccmec_saures_AP017377_l21900:19814-20968	AP017377_SCCmec_00021
PROKKA_AP017377/PROKKA_AP017377:Gene	AP017377_SCCmec_00022	sccmec_saures_AP017377_l21900:20998-21798	AP017377_SCCmec_00022

FATAL: DiscRep_ALL:MISSING_PROTEIN_ID::22 proteins have invalid IDs.
PROKKA_AP017377/PROKKA_AP017377:sccmec_saures_AP017377_l21900_1 (length 159)
PROKKA_AP017377/PROKKA_AP017377:sccmec_saures_AP017377_l21900_2 (length 431)
PROKKA_AP017377/PROKKA_AP017377:sccmec_saures_AP017377_l21900_3 (length 79)
PROKKA_AP017377/PROKKA_AP017377:sccmec_saures_AP017377_l21900_4 (length 224)
PROKKA_AP017377/PROKKA_AP017377:sccmec_saures_AP017377_l21900_5 (length 55)
PROKKA_AP017377/PROKKA_AP017377:sccmec_saures_AP017377_l21900_6 (length 76)
PROKKA_AP017377/PROKKA_AP017377:sccmec_saures_AP017377_l21900_7 (length 247)
PROKKA_AP017377/PROKKA_AP017377:sccmec_saures_AP017377_l21900_8 (length 142)
PROKKA_AP017377/PROKKA_AP017377:sccmec_saures_AP017377_l21900_9 (length 668)
PROKKA_AP017377/PROKKA_AP017377:sccmec_saures_AP017377_l21900_10 (length 294)
PROKKA_AP017377/PROKKA_AP017377:sccmec_saures_AP017377_l21900_11 (length 90)
PROKKA_AP017377/PROKKA_AP017377:sccmec_saures_AP017377_l21900_12 (length 536)
PROKKA_AP017377/PROKKA_AP017377:sccmec_saures_AP017377_l21900_13 (length 169)
PROKKA_AP017377/PROKKA_AP017377:sccmec_saures_AP017377_l21900_14 (length 103)
PROKKA_AP017377/PROKKA_AP017377:sccmec_saures_AP017377_l21900_15 (length 116)
PROKKA_AP017377/PROKKA_AP017377:sccmec_saures_AP017377_l21900_16 (length 542)
PROKKA_AP017377/PROKKA_AP017377:sccmec_saures_AP017377_l21900_17 (length 455)
PROKKA_AP017377/PROKKA_AP017377:sccmec_saures_AP017377_l21900_18 (length 597)
PROKKA_AP017377/PROKKA_AP017377:sccmec_saures_AP017377_l21900_19 (length 98)
PROKKA_AP017377/PROKKA_AP017377:sccmec_saures_AP017377_l21900_20 (length 348)
PROKKA_AP017377/PROKKA_AP017377:sccmec_saures_AP017377_l21900_21 (length 384)
PROKKA_AP017377/PROKKA_AP017377:sccmec_saures_AP017377_l21900_22 (length 266)

DiscRep_ALL:DISC_SOURCE_QUALS_ASNDISC::strain (all present, all unique)
DiscRep_SUB:DISC_SOURCE_QUALS_ASNDISC::1 sources have unique values for strain
DiscRep_ALL:DISC_SOURCE_QUALS_ASNDISC::taxname (all present, all unique)
DiscRep_SUB:DISC_SOURCE_QUALS_ASNDISC::1 sources have unique values for taxname
DiscRep_ALL:DISC_FEATURE_COUNT::gene: 22 present
DiscRep_ALL:DISC_FEATURE_COUNT::CDS: 22 present
DiscRep_ALL:DISC_FEATURE_COUNT::mRNA: 22 present
DiscRep_ALL:DISC_COUNT_NUCLEOTIDES::1 nucleotide Bioseqs are present
PROKKA_AP017377/PROKKA_AP017377:sccmec_saures_AP017377_l21900 (length 21900)

DiscRep_ALL:OVERLAPPING_GENES::4 genes overlap another gene on the same strand.
PROKKA_AP017377/PROKKA_AP017377:Gene	mecR1	sccmec_saures_AP017377_l21900:8242-9126	AP017377_SCCmec_00010
PROKKA_AP017377/PROKKA_AP017377:Gene	AP017377_SCCmec_00011	sccmec_saures_AP017377_l21900:9086-9358	AP017377_SCCmec_00011
PROKKA_AP017377/PROKKA_AP017377:Gene	AP017377_SCCmec_00018	sccmec_saures_AP017377_l21900:c17824-16031	AP017377_SCCmec_00018
PROKKA_AP017377/PROKKA_AP017377:Gene	AP017377_SCCmec_00019	sccmec_saures_AP017377_l21900:c18120-17824	AP017377_SCCmec_00019

DiscRep_ALL:DISC_QUALITY_SCORES::Quality scores are missing on all sequences.

DiscRep_ALL:ONCALLER_COMMENT_PRESENT::1 comment descriptors were found (all same)
PROKKA_AP017377/PROKKA_AP017377:sccmec_saures_AP017377_l21900:Annotated using prokka 1.12 from https://github.com/tseemann/prokka

DiscRep_ALL:MISSING_GENOMEASSEMBLY_COMMENTS::1 bioseqs are missing GenomeAssembly structured comments
PROKKA_AP017377/PROKKA_AP017377:sccmec_saures_AP017377_l21900 (length 21900)

DiscRep_ALL:MOLTYPE_NOT_MRNA::1 molecule types are not set as mRNA.
PROKKA_AP017377/PROKKA_AP017377:sccmec_saures_AP017377_l21900 (length 21900)

DiscRep_ALL:TECHNIQUE_NOT_TSA::1 technique are not set as TSA
PROKKA_AP017377/PROKKA_AP017377:sccmec_saures_AP017377_l21900 (length 21900)

DiscRep_ALL:MISSING_STRUCTURED_COMMENT::1 sequences do not include structured comments.
PROKKA_AP017377/PROKKA_AP017377:sccmec_saures_AP017377_l21900 (length 21900)

DiscRep_ALL:MISSING_PROJECT::23 sequences do not include project.
PROKKA_AP017377/PROKKA_AP017377:sccmec_saures_AP017377_l21900 (length 21900)
PROKKA_AP017377/PROKKA_AP017377:sccmec_saures_AP017377_l21900_1 (length 159)
PROKKA_AP017377/PROKKA_AP017377:sccmec_saures_AP017377_l21900_2 (length 431)
PROKKA_AP017377/PROKKA_AP017377:sccmec_saures_AP017377_l21900_3 (length 79)
PROKKA_AP017377/PROKKA_AP017377:sccmec_saures_AP017377_l21900_4 (length 224)
PROKKA_AP017377/PROKKA_AP017377:sccmec_saures_AP017377_l21900_5 (length 55)
PROKKA_AP017377/PROKKA_AP017377:sccmec_saures_AP017377_l21900_6 (length 76)
PROKKA_AP017377/PROKKA_AP017377:sccmec_saures_AP017377_l21900_7 (length 247)
PROKKA_AP017377/PROKKA_AP017377:sccmec_saures_AP017377_l21900_8 (length 142)
PROKKA_AP017377/PROKKA_AP017377:sccmec_saures_AP017377_l21900_9 (length 668)
PROKKA_AP017377/PROKKA_AP017377:sccmec_saures_AP017377_l21900_10 (length 294)
PROKKA_AP017377/PROKKA_AP017377:sccmec_saures_AP017377_l21900_11 (length 90)
PROKKA_AP017377/PROKKA_AP017377:sccmec_saures_AP017377_l21900_12 (length 536)
PROKKA_AP017377/PROKKA_AP017377:sccmec_saures_AP017377_l21900_13 (length 169)
PROKKA_AP017377/PROKKA_AP017377:sccmec_saures_AP017377_l21900_14 (length 103)
PROKKA_AP017377/PROKKA_AP017377:sccmec_saures_AP017377_l21900_15 (length 116)
PROKKA_AP017377/PROKKA_AP017377:sccmec_saures_AP017377_l21900_16 (length 542)
PROKKA_AP017377/PROKKA_AP017377:sccmec_saures_AP017377_l21900_17 (length 455)
PROKKA_AP017377/PROKKA_AP017377:sccmec_saures_AP017377_l21900_18 (length 597)
PROKKA_AP017377/PROKKA_AP017377:sccmec_saures_AP017377_l21900_19 (length 98)
PROKKA_AP017377/PROKKA_AP017377:sccmec_saures_AP017377_l21900_20 (length 348)
PROKKA_AP017377/PROKKA_AP017377:sccmec_saures_AP017377_l21900_21 (length 384)
PROKKA_AP017377/PROKKA_AP017377:sccmec_saures_AP017377_l21900_22 (length 266)

DiscRep_ALL:DISC_INCONSISTENT_MOLINFO_TECH::Molinfo Technique Report (some missing, all same)
DiscRep_SUB:DISC_INCONSISTENT_MOLINFO_TECH::technique (all missing)
DiscRep_SUB:DISC_INCONSISTENT_MOLINFO_TECH::1 Molinfos are missing field technique
PROKKA_AP017377/PROKKA_AP017377:sccmec_saures_AP017377_l21900 (length 21900)

