Discrepancy Report Results

Summary
FATAL: BAD_LOCUS_TAG_FORMAT:29 locus tags are incorrectly formatted.
FATAL: MISSING_PROTEIN_ID:29 proteins have invalid IDs.
DISC_SOURCE_QUALS_ASNDISC:strain (all present, all unique)
DISC_SOURCE_QUALS_ASNDISC:taxname (all present, all unique)
DISC_FEATURE_COUNT:gene: 29 present
DISC_FEATURE_COUNT:CDS: 29 present
DISC_FEATURE_COUNT:mRNA: 29 present
DISC_COUNT_NUCLEOTIDES:1 nucleotide Bioseqs are present
OVERLAPPING_GENES:6 genes overlap another gene on the same strand.
DISC_QUALITY_SCORES:Quality scores are missing on all sequences.
ONCALLER_COMMENT_PRESENT:1 comment descriptors were found (all same)
SHORT_PROT_SEQUENCES:1 protein sequences are shorter than 50 aa.
MISSING_GENOMEASSEMBLY_COMMENTS:1 bioseqs are missing GenomeAssembly structured comments
MOLTYPE_NOT_MRNA:1 molecule types are not set as mRNA.
TECHNIQUE_NOT_TSA:1 technique are not set as TSA
MISSING_STRUCTURED_COMMENT:1 sequences do not include structured comments.
MISSING_PROJECT:30 sequences do not include project.
DISC_INCONSISTENT_MOLINFO_TECH:Molinfo Technique Report (some missing, all same)


Detailed Report

FATAL: DiscRep_ALL:BAD_LOCUS_TAG_FORMAT::29 locus tags are incorrectly formatted.
PROKKA_NZ_AP014652/PROKKA_NZ_AP014652:Gene	rlmH	sccmec_saures_NZ_AP014652_l26599:1-480	NZ_AP014652_SCCmec_00001
PROKKA_NZ_AP014652/PROKKA_NZ_AP014652:Gene	NZ_AP014652_SCCmec_00002	sccmec_saures_NZ_AP014652_l26599:763-2058	NZ_AP014652_SCCmec_00002
PROKKA_NZ_AP014652/PROKKA_NZ_AP014652:Gene	NZ_AP014652_SCCmec_00003	sccmec_saures_NZ_AP014652_l26599:2473-2712	NZ_AP014652_SCCmec_00003
PROKKA_NZ_AP014652/PROKKA_NZ_AP014652:Gene	NZ_AP014652_SCCmec_00004	sccmec_saures_NZ_AP014652_l26599:c3418-2744	NZ_AP014652_SCCmec_00004
PROKKA_NZ_AP014652/PROKKA_NZ_AP014652:Gene	NZ_AP014652_SCCmec_00005	sccmec_saures_NZ_AP014652_l26599:c3706-3509	NZ_AP014652_SCCmec_00005
PROKKA_NZ_AP014652/PROKKA_NZ_AP014652:Gene	NZ_AP014652_SCCmec_00006	sccmec_saures_NZ_AP014652_l26599:c4513-3719	NZ_AP014652_SCCmec_00006
PROKKA_NZ_AP014652/PROKKA_NZ_AP014652:Gene	NZ_AP014652_SCCmec_00007	sccmec_saures_NZ_AP014652_l26599:4667-4756	NZ_AP014652_SCCmec_00007
PROKKA_NZ_AP014652/PROKKA_NZ_AP014652:Gene	pre	sccmec_saures_NZ_AP014652_l26599:c6000-4738	NZ_AP014652_SCCmec_00008
PROKKA_NZ_AP014652/PROKKA_NZ_AP014652:Gene	ble	sccmec_saures_NZ_AP014652_l26599:c6905-6507	NZ_AP014652_SCCmec_00009
PROKKA_NZ_AP014652/PROKKA_NZ_AP014652:Gene	knt	sccmec_saures_NZ_AP014652_l26599:c7898-7128	NZ_AP014652_SCCmec_00010
PROKKA_NZ_AP014652/PROKKA_NZ_AP014652:Gene	NZ_AP014652_SCCmec_00011	sccmec_saures_NZ_AP014652_l26599:c8606-8091	NZ_AP014652_SCCmec_00011
PROKKA_NZ_AP014652/PROKKA_NZ_AP014652:Gene	NZ_AP014652_SCCmec_00012	sccmec_saures_NZ_AP014652_l26599:c8766-8557	NZ_AP014652_SCCmec_00012
PROKKA_NZ_AP014652/PROKKA_NZ_AP014652:Gene	NZ_AP014652_SCCmec_00013	sccmec_saures_NZ_AP014652_l26599:8810-9127	NZ_AP014652_SCCmec_00013
PROKKA_NZ_AP014652/PROKKA_NZ_AP014652:Gene	pbp	sccmec_saures_NZ_AP014652_l26599:c11179-9173	NZ_AP014652_SCCmec_00014
PROKKA_NZ_AP014652/PROKKA_NZ_AP014652:Gene	mecR1	sccmec_saures_NZ_AP014652_l26599:11381-12265	NZ_AP014652_SCCmec_00015
PROKKA_NZ_AP014652/PROKKA_NZ_AP014652:Gene	NZ_AP014652_SCCmec_00016	sccmec_saures_NZ_AP014652_l26599:12225-12497	NZ_AP014652_SCCmec_00016
PROKKA_NZ_AP014652/PROKKA_NZ_AP014652:Gene	NZ_AP014652_SCCmec_00017	sccmec_saures_NZ_AP014652_l26599:12890-13963	NZ_AP014652_SCCmec_00017
PROKKA_NZ_AP014652/PROKKA_NZ_AP014652:Gene	NZ_AP014652_SCCmec_00018	sccmec_saures_NZ_AP014652_l26599:c15568-14060	NZ_AP014652_SCCmec_00018
PROKKA_NZ_AP014652/PROKKA_NZ_AP014652:Gene	NZ_AP014652_SCCmec_00019	sccmec_saures_NZ_AP014652_l26599:c16216-15707	NZ_AP014652_SCCmec_00019
PROKKA_NZ_AP014652/PROKKA_NZ_AP014652:Gene	NZ_AP014652_SCCmec_00020	sccmec_saures_NZ_AP014652_l26599:c16539-16228	NZ_AP014652_SCCmec_00020
PROKKA_NZ_AP014652/PROKKA_NZ_AP014652:Gene	NZ_AP014652_SCCmec_00021	sccmec_saures_NZ_AP014652_l26599:c16976-16626	NZ_AP014652_SCCmec_00021
PROKKA_NZ_AP014652/PROKKA_NZ_AP014652:Gene	hin_1	sccmec_saures_NZ_AP014652_l26599:c19126-17498	NZ_AP014652_SCCmec_00022
PROKKA_NZ_AP014652/PROKKA_NZ_AP014652:Gene	hin_2	sccmec_saures_NZ_AP014652_l26599:c20515-19148	NZ_AP014652_SCCmec_00023
PROKKA_NZ_AP014652/PROKKA_NZ_AP014652:Gene	NZ_AP014652_SCCmec_00024	sccmec_saures_NZ_AP014652_l26599:c22524-20731	NZ_AP014652_SCCmec_00024
PROKKA_NZ_AP014652/PROKKA_NZ_AP014652:Gene	NZ_AP014652_SCCmec_00025	sccmec_saures_NZ_AP014652_l26599:c22820-22524	NZ_AP014652_SCCmec_00025
PROKKA_NZ_AP014652/PROKKA_NZ_AP014652:Gene	NZ_AP014652_SCCmec_00026	sccmec_saures_NZ_AP014652_l26599:c24059-23013	NZ_AP014652_SCCmec_00026
PROKKA_NZ_AP014652/PROKKA_NZ_AP014652:Gene	NZ_AP014652_SCCmec_00027	sccmec_saures_NZ_AP014652_l26599:24514-24963	NZ_AP014652_SCCmec_00027
PROKKA_NZ_AP014652/PROKKA_NZ_AP014652:Gene	NZ_AP014652_SCCmec_00028	sccmec_saures_NZ_AP014652_l26599:25005-25667	NZ_AP014652_SCCmec_00028
PROKKA_NZ_AP014652/PROKKA_NZ_AP014652:Gene	NZ_AP014652_SCCmec_00029	sccmec_saures_NZ_AP014652_l26599:25697-26497	NZ_AP014652_SCCmec_00029

FATAL: DiscRep_ALL:MISSING_PROTEIN_ID::29 proteins have invalid IDs.
PROKKA_NZ_AP014652/PROKKA_NZ_AP014652:sccmec_saures_NZ_AP014652_l26599_1 (length 159)
PROKKA_NZ_AP014652/PROKKA_NZ_AP014652:sccmec_saures_NZ_AP014652_l26599_2 (length 431)
PROKKA_NZ_AP014652/PROKKA_NZ_AP014652:sccmec_saures_NZ_AP014652_l26599_3 (length 79)
PROKKA_NZ_AP014652/PROKKA_NZ_AP014652:sccmec_saures_NZ_AP014652_l26599_4 (length 224)
PROKKA_NZ_AP014652/PROKKA_NZ_AP014652:sccmec_saures_NZ_AP014652_l26599_5 (length 65)
PROKKA_NZ_AP014652/PROKKA_NZ_AP014652:sccmec_saures_NZ_AP014652_l26599_6 (length 264)
PROKKA_NZ_AP014652/PROKKA_NZ_AP014652:sccmec_saures_NZ_AP014652_l26599_7 (length 29)
PROKKA_NZ_AP014652/PROKKA_NZ_AP014652:sccmec_saures_NZ_AP014652_l26599_8 (length 420)
PROKKA_NZ_AP014652/PROKKA_NZ_AP014652:sccmec_saures_NZ_AP014652_l26599_9 (length 132)
PROKKA_NZ_AP014652/PROKKA_NZ_AP014652:sccmec_saures_NZ_AP014652_l26599_10 (length 256)
PROKKA_NZ_AP014652/PROKKA_NZ_AP014652:sccmec_saures_NZ_AP014652_l26599_11 (length 171)
PROKKA_NZ_AP014652/PROKKA_NZ_AP014652:sccmec_saures_NZ_AP014652_l26599_12 (length 69)
PROKKA_NZ_AP014652/PROKKA_NZ_AP014652:sccmec_saures_NZ_AP014652_l26599_13 (length 105)
PROKKA_NZ_AP014652/PROKKA_NZ_AP014652:sccmec_saures_NZ_AP014652_l26599_14 (length 668)
PROKKA_NZ_AP014652/PROKKA_NZ_AP014652:sccmec_saures_NZ_AP014652_l26599_15 (length 294)
PROKKA_NZ_AP014652/PROKKA_NZ_AP014652:sccmec_saures_NZ_AP014652_l26599_16 (length 90)
PROKKA_NZ_AP014652/PROKKA_NZ_AP014652:sccmec_saures_NZ_AP014652_l26599_17 (length 357)
PROKKA_NZ_AP014652/PROKKA_NZ_AP014652:sccmec_saures_NZ_AP014652_l26599_18 (length 502)
PROKKA_NZ_AP014652/PROKKA_NZ_AP014652:sccmec_saures_NZ_AP014652_l26599_19 (length 169)
PROKKA_NZ_AP014652/PROKKA_NZ_AP014652:sccmec_saures_NZ_AP014652_l26599_20 (length 103)
PROKKA_NZ_AP014652/PROKKA_NZ_AP014652:sccmec_saures_NZ_AP014652_l26599_21 (length 116)
PROKKA_NZ_AP014652/PROKKA_NZ_AP014652:sccmec_saures_NZ_AP014652_l26599_22 (length 542)
PROKKA_NZ_AP014652/PROKKA_NZ_AP014652:sccmec_saures_NZ_AP014652_l26599_23 (length 455)
PROKKA_NZ_AP014652/PROKKA_NZ_AP014652:sccmec_saures_NZ_AP014652_l26599_24 (length 597)
PROKKA_NZ_AP014652/PROKKA_NZ_AP014652:sccmec_saures_NZ_AP014652_l26599_25 (length 98)
PROKKA_NZ_AP014652/PROKKA_NZ_AP014652:sccmec_saures_NZ_AP014652_l26599_26 (length 348)
PROKKA_NZ_AP014652/PROKKA_NZ_AP014652:sccmec_saures_NZ_AP014652_l26599_27 (length 149)
PROKKA_NZ_AP014652/PROKKA_NZ_AP014652:sccmec_saures_NZ_AP014652_l26599_28 (length 220)
PROKKA_NZ_AP014652/PROKKA_NZ_AP014652:sccmec_saures_NZ_AP014652_l26599_29 (length 266)

DiscRep_ALL:DISC_SOURCE_QUALS_ASNDISC::strain (all present, all unique)
DiscRep_SUB:DISC_SOURCE_QUALS_ASNDISC::1 sources have unique values for strain
DiscRep_ALL:DISC_SOURCE_QUALS_ASNDISC::taxname (all present, all unique)
DiscRep_SUB:DISC_SOURCE_QUALS_ASNDISC::1 sources have unique values for taxname
DiscRep_ALL:DISC_FEATURE_COUNT::gene: 29 present
DiscRep_ALL:DISC_FEATURE_COUNT::CDS: 29 present
DiscRep_ALL:DISC_FEATURE_COUNT::mRNA: 29 present
DiscRep_ALL:DISC_COUNT_NUCLEOTIDES::1 nucleotide Bioseqs are present
PROKKA_NZ_AP014652/PROKKA_NZ_AP014652:sccmec_saures_NZ_AP014652_l26599 (length 26599)

DiscRep_ALL:OVERLAPPING_GENES::6 genes overlap another gene on the same strand.
PROKKA_NZ_AP014652/PROKKA_NZ_AP014652:Gene	NZ_AP014652_SCCmec_00011	sccmec_saures_NZ_AP014652_l26599:c8606-8091	NZ_AP014652_SCCmec_00011
PROKKA_NZ_AP014652/PROKKA_NZ_AP014652:Gene	NZ_AP014652_SCCmec_00012	sccmec_saures_NZ_AP014652_l26599:c8766-8557	NZ_AP014652_SCCmec_00012
PROKKA_NZ_AP014652/PROKKA_NZ_AP014652:Gene	mecR1	sccmec_saures_NZ_AP014652_l26599:11381-12265	NZ_AP014652_SCCmec_00015
PROKKA_NZ_AP014652/PROKKA_NZ_AP014652:Gene	NZ_AP014652_SCCmec_00016	sccmec_saures_NZ_AP014652_l26599:12225-12497	NZ_AP014652_SCCmec_00016
PROKKA_NZ_AP014652/PROKKA_NZ_AP014652:Gene	NZ_AP014652_SCCmec_00024	sccmec_saures_NZ_AP014652_l26599:c22524-20731	NZ_AP014652_SCCmec_00024
PROKKA_NZ_AP014652/PROKKA_NZ_AP014652:Gene	NZ_AP014652_SCCmec_00025	sccmec_saures_NZ_AP014652_l26599:c22820-22524	NZ_AP014652_SCCmec_00025

DiscRep_ALL:DISC_QUALITY_SCORES::Quality scores are missing on all sequences.

DiscRep_ALL:ONCALLER_COMMENT_PRESENT::1 comment descriptors were found (all same)
PROKKA_NZ_AP014652/PROKKA_NZ_AP014652:sccmec_saures_NZ_AP014652_l26599:Annotated using prokka 1.12 from https://github.com/tseemann/prokka

DiscRep_ALL:SHORT_PROT_SEQUENCES::1 protein sequences are shorter than 50 aa.
PROKKA_NZ_AP014652/PROKKA_NZ_AP014652:sccmec_saures_NZ_AP014652_l26599_7 (length 29)

DiscRep_ALL:MISSING_GENOMEASSEMBLY_COMMENTS::1 bioseqs are missing GenomeAssembly structured comments
PROKKA_NZ_AP014652/PROKKA_NZ_AP014652:sccmec_saures_NZ_AP014652_l26599 (length 26599)

DiscRep_ALL:MOLTYPE_NOT_MRNA::1 molecule types are not set as mRNA.
PROKKA_NZ_AP014652/PROKKA_NZ_AP014652:sccmec_saures_NZ_AP014652_l26599 (length 26599)

DiscRep_ALL:TECHNIQUE_NOT_TSA::1 technique are not set as TSA
PROKKA_NZ_AP014652/PROKKA_NZ_AP014652:sccmec_saures_NZ_AP014652_l26599 (length 26599)

DiscRep_ALL:MISSING_STRUCTURED_COMMENT::1 sequences do not include structured comments.
PROKKA_NZ_AP014652/PROKKA_NZ_AP014652:sccmec_saures_NZ_AP014652_l26599 (length 26599)

DiscRep_ALL:MISSING_PROJECT::30 sequences do not include project.
PROKKA_NZ_AP014652/PROKKA_NZ_AP014652:sccmec_saures_NZ_AP014652_l26599 (length 26599)
PROKKA_NZ_AP014652/PROKKA_NZ_AP014652:sccmec_saures_NZ_AP014652_l26599_1 (length 159)
PROKKA_NZ_AP014652/PROKKA_NZ_AP014652:sccmec_saures_NZ_AP014652_l26599_2 (length 431)
PROKKA_NZ_AP014652/PROKKA_NZ_AP014652:sccmec_saures_NZ_AP014652_l26599_3 (length 79)
PROKKA_NZ_AP014652/PROKKA_NZ_AP014652:sccmec_saures_NZ_AP014652_l26599_4 (length 224)
PROKKA_NZ_AP014652/PROKKA_NZ_AP014652:sccmec_saures_NZ_AP014652_l26599_5 (length 65)
PROKKA_NZ_AP014652/PROKKA_NZ_AP014652:sccmec_saures_NZ_AP014652_l26599_6 (length 264)
PROKKA_NZ_AP014652/PROKKA_NZ_AP014652:sccmec_saures_NZ_AP014652_l26599_7 (length 29)
PROKKA_NZ_AP014652/PROKKA_NZ_AP014652:sccmec_saures_NZ_AP014652_l26599_8 (length 420)
PROKKA_NZ_AP014652/PROKKA_NZ_AP014652:sccmec_saures_NZ_AP014652_l26599_9 (length 132)
PROKKA_NZ_AP014652/PROKKA_NZ_AP014652:sccmec_saures_NZ_AP014652_l26599_10 (length 256)
PROKKA_NZ_AP014652/PROKKA_NZ_AP014652:sccmec_saures_NZ_AP014652_l26599_11 (length 171)
PROKKA_NZ_AP014652/PROKKA_NZ_AP014652:sccmec_saures_NZ_AP014652_l26599_12 (length 69)
PROKKA_NZ_AP014652/PROKKA_NZ_AP014652:sccmec_saures_NZ_AP014652_l26599_13 (length 105)
PROKKA_NZ_AP014652/PROKKA_NZ_AP014652:sccmec_saures_NZ_AP014652_l26599_14 (length 668)
PROKKA_NZ_AP014652/PROKKA_NZ_AP014652:sccmec_saures_NZ_AP014652_l26599_15 (length 294)
PROKKA_NZ_AP014652/PROKKA_NZ_AP014652:sccmec_saures_NZ_AP014652_l26599_16 (length 90)
PROKKA_NZ_AP014652/PROKKA_NZ_AP014652:sccmec_saures_NZ_AP014652_l26599_17 (length 357)
PROKKA_NZ_AP014652/PROKKA_NZ_AP014652:sccmec_saures_NZ_AP014652_l26599_18 (length 502)
PROKKA_NZ_AP014652/PROKKA_NZ_AP014652:sccmec_saures_NZ_AP014652_l26599_19 (length 169)
PROKKA_NZ_AP014652/PROKKA_NZ_AP014652:sccmec_saures_NZ_AP014652_l26599_20 (length 103)
PROKKA_NZ_AP014652/PROKKA_NZ_AP014652:sccmec_saures_NZ_AP014652_l26599_21 (length 116)
PROKKA_NZ_AP014652/PROKKA_NZ_AP014652:sccmec_saures_NZ_AP014652_l26599_22 (length 542)
PROKKA_NZ_AP014652/PROKKA_NZ_AP014652:sccmec_saures_NZ_AP014652_l26599_23 (length 455)
PROKKA_NZ_AP014652/PROKKA_NZ_AP014652:sccmec_saures_NZ_AP014652_l26599_24 (length 597)
PROKKA_NZ_AP014652/PROKKA_NZ_AP014652:sccmec_saures_NZ_AP014652_l26599_25 (length 98)
PROKKA_NZ_AP014652/PROKKA_NZ_AP014652:sccmec_saures_NZ_AP014652_l26599_26 (length 348)
PROKKA_NZ_AP014652/PROKKA_NZ_AP014652:sccmec_saures_NZ_AP014652_l26599_27 (length 149)
PROKKA_NZ_AP014652/PROKKA_NZ_AP014652:sccmec_saures_NZ_AP014652_l26599_28 (length 220)
PROKKA_NZ_AP014652/PROKKA_NZ_AP014652:sccmec_saures_NZ_AP014652_l26599_29 (length 266)

DiscRep_ALL:DISC_INCONSISTENT_MOLINFO_TECH::Molinfo Technique Report (some missing, all same)
DiscRep_SUB:DISC_INCONSISTENT_MOLINFO_TECH::technique (all missing)
DiscRep_SUB:DISC_INCONSISTENT_MOLINFO_TECH::1 Molinfos are missing field technique
PROKKA_NZ_AP014652/PROKKA_NZ_AP014652:sccmec_saures_NZ_AP014652_l26599 (length 26599)

