Discrepancy Report Results

Summary
FATAL: BAD_LOCUS_TAG_FORMAT:56 locus tags are incorrectly formatted.
FATAL: MISSING_PROTEIN_ID:56 proteins have invalid IDs.
DISC_SOURCE_QUALS_ASNDISC:strain (all present, all unique)
DISC_SOURCE_QUALS_ASNDISC:taxname (all present, all unique)
DISC_FEATURE_COUNT:gene: 56 present
DISC_FEATURE_COUNT:CDS: 56 present
DISC_FEATURE_COUNT:mRNA: 56 present
DISC_COUNT_NUCLEOTIDES:1 nucleotide Bioseqs are present
OVERLAPPING_GENES:14 genes overlap another gene on the same strand.
DISC_QUALITY_SCORES:Quality scores are missing on all sequences.
ONCALLER_COMMENT_PRESENT:1 comment descriptors were found (all same)
SHORT_PROT_SEQUENCES:2 protein sequences are shorter than 50 aa.
MISSING_GENOMEASSEMBLY_COMMENTS:1 bioseqs are missing GenomeAssembly structured comments
MOLTYPE_NOT_MRNA:1 molecule types are not set as mRNA.
TECHNIQUE_NOT_TSA:1 technique are not set as TSA
MISSING_STRUCTURED_COMMENT:1 sequences do not include structured comments.
MISSING_PROJECT:57 sequences do not include project.
DISC_INCONSISTENT_MOLINFO_TECH:Molinfo Technique Report (some missing, all same)


Detailed Report

FATAL: DiscRep_ALL:BAD_LOCUS_TAG_FORMAT::56 locus tags are incorrectly formatted.
PROKKA_CP009423/PROKKA_CP009423:Gene	rlmH	sccmec_saures_CP009423_l54926:1-480	CP009423_SCCmec_00001
PROKKA_CP009423/PROKKA_CP009423:Gene	CP009423_SCCmec_00002	sccmec_saures_CP009423_l54926:802-2058	CP009423_SCCmec_00002
PROKKA_CP009423/PROKKA_CP009423:Gene	CP009423_SCCmec_00003	sccmec_saures_CP009423_l54926:c2840-2166	CP009423_SCCmec_00003
PROKKA_CP009423/PROKKA_CP009423:Gene	CP009423_SCCmec_00004	sccmec_saures_CP009423_l54926:3098-3265	CP009423_SCCmec_00004
PROKKA_CP009423/PROKKA_CP009423:Gene	CP009423_SCCmec_00005	sccmec_saures_CP009423_l54926:3363-3593	CP009423_SCCmec_00005
PROKKA_CP009423/PROKKA_CP009423:Gene	ugpQ	sccmec_saures_CP009423_l54926:3982-4725	CP009423_SCCmec_00006
PROKKA_CP009423/PROKKA_CP009423:Gene	paaZ	sccmec_saures_CP009423_l54926:4822-5250	CP009423_SCCmec_00007
PROKKA_CP009423/PROKKA_CP009423:Gene	pbp	sccmec_saures_CP009423_l54926:c7302-5296	CP009423_SCCmec_00008
PROKKA_CP009423/PROKKA_CP009423:Gene	mecR1	sccmec_saures_CP009423_l54926:7402-8388	CP009423_SCCmec_00009
PROKKA_CP009423/PROKKA_CP009423:Gene	CP009423_SCCmec_00010	sccmec_saures_CP009423_l54926:8348-8620	CP009423_SCCmec_00010
PROKKA_CP009423/PROKKA_CP009423:Gene	CP009423_SCCmec_00011	sccmec_saures_CP009423_l54926:c10134-8611	CP009423_SCCmec_00011
PROKKA_CP009423/PROKKA_CP009423:Gene	CP009423_SCCmec_00012	sccmec_saures_CP009423_l54926:c10776-10270	CP009423_SCCmec_00012
PROKKA_CP009423/PROKKA_CP009423:Gene	CP009423_SCCmec_00013	sccmec_saures_CP009423_l54926:c11102-10791	CP009423_SCCmec_00013
PROKKA_CP009423/PROKKA_CP009423:Gene	CP009423_SCCmec_00014	sccmec_saures_CP009423_l54926:c11539-11189	CP009423_SCCmec_00014
PROKKA_CP009423/PROKKA_CP009423:Gene	hin_1	sccmec_saures_CP009423_l54926:c13689-12061	CP009423_SCCmec_00015
PROKKA_CP009423/PROKKA_CP009423:Gene	hin_2	sccmec_saures_CP009423_l54926:c15060-13711	CP009423_SCCmec_00016
PROKKA_CP009423/PROKKA_CP009423:Gene	CP009423_SCCmec_00017	sccmec_saures_CP009423_l54926:c17081-15294	CP009423_SCCmec_00017
PROKKA_CP009423/PROKKA_CP009423:Gene	CP009423_SCCmec_00018	sccmec_saures_CP009423_l54926:c17371-17081	CP009423_SCCmec_00018
PROKKA_CP009423/PROKKA_CP009423:Gene	CP009423_SCCmec_00019	sccmec_saures_CP009423_l54926:17468-18559	CP009423_SCCmec_00019
PROKKA_CP009423/PROKKA_CP009423:Gene	CP009423_SCCmec_00020	sccmec_saures_CP009423_l54926:19122-20612	CP009423_SCCmec_00020
PROKKA_CP009423/PROKKA_CP009423:Gene	gloC	sccmec_saures_CP009423_l54926:c22240-21236	CP009423_SCCmec_00021
PROKKA_CP009423/PROKKA_CP009423:Gene	CP009423_SCCmec_00022	sccmec_saures_CP009423_l54926:22359-22496	CP009423_SCCmec_00022
PROKKA_CP009423/PROKKA_CP009423:Gene	CP009423_SCCmec_00023	sccmec_saures_CP009423_l54926:22493-22864	CP009423_SCCmec_00023
PROKKA_CP009423/PROKKA_CP009423:Gene	CP009423_SCCmec_00024	sccmec_saures_CP009423_l54926:22993-23613	CP009423_SCCmec_00024
PROKKA_CP009423/PROKKA_CP009423:Gene	CP009423_SCCmec_00025	sccmec_saures_CP009423_l54926:c24700-24530	CP009423_SCCmec_00025
PROKKA_CP009423/PROKKA_CP009423:Gene	CP009423_SCCmec_00026	sccmec_saures_CP009423_l54926:25102-26067	CP009423_SCCmec_00026
PROKKA_CP009423/PROKKA_CP009423:Gene	CP009423_SCCmec_00027	sccmec_saures_CP009423_l54926:26447-26776	CP009423_SCCmec_00027
PROKKA_CP009423/PROKKA_CP009423:Gene	CP009423_SCCmec_00028	sccmec_saures_CP009423_l54926:c27212-26853	CP009423_SCCmec_00028
PROKKA_CP009423/PROKKA_CP009423:Gene	CP009423_SCCmec_00029	sccmec_saures_CP009423_l54926:c28592-27783	CP009423_SCCmec_00029
PROKKA_CP009423/PROKKA_CP009423:Gene	CP009423_SCCmec_00030	sccmec_saures_CP009423_l54926:28611-28793	CP009423_SCCmec_00030
PROKKA_CP009423/PROKKA_CP009423:Gene	speG	sccmec_saures_CP009423_l54926:c29601-29104	CP009423_SCCmec_00031
PROKKA_CP009423/PROKKA_CP009423:Gene	adhD	sccmec_saures_CP009423_l54926:30099-31226	CP009423_SCCmec_00032
PROKKA_CP009423/PROKKA_CP009423:Gene	CP009423_SCCmec_00033	sccmec_saures_CP009423_l54926:c31705-31481	CP009423_SCCmec_00033
PROKKA_CP009423/PROKKA_CP009423:Gene	CP009423_SCCmec_00034	sccmec_saures_CP009423_l54926:c32222-31719	CP009423_SCCmec_00034
PROKKA_CP009423/PROKKA_CP009423:Gene	CP009423_SCCmec_00035	sccmec_saures_CP009423_l54926:c32549-32238	CP009423_SCCmec_00035
PROKKA_CP009423/PROKKA_CP009423:Gene	CP009423_SCCmec_00036	sccmec_saures_CP009423_l54926:c32643-32551	CP009423_SCCmec_00036
PROKKA_CP009423/PROKKA_CP009423:Gene	CP009423_SCCmec_00037	sccmec_saures_CP009423_l54926:c32986-32636	CP009423_SCCmec_00037
PROKKA_CP009423/PROKKA_CP009423:Gene	CP009423_SCCmec_00038	sccmec_saures_CP009423_l54926:33943-34794	CP009423_SCCmec_00038
PROKKA_CP009423/PROKKA_CP009423:Gene	arcC1	sccmec_saures_CP009423_l54926:c35823-34894	CP009423_SCCmec_00039
PROKKA_CP009423/PROKKA_CP009423:Gene	argF	sccmec_saures_CP009423_l54926:c36841-35843	CP009423_SCCmec_00040
PROKKA_CP009423/PROKKA_CP009423:Gene	arcR	sccmec_saures_CP009423_l54926:c37568-36879	CP009423_SCCmec_00041
PROKKA_CP009423/PROKKA_CP009423:Gene	arcD	sccmec_saures_CP009423_l54926:c39031-37610	CP009423_SCCmec_00042
PROKKA_CP009423/PROKKA_CP009423:Gene	arcA	sccmec_saures_CP009423_l54926:c40352-39117	CP009423_SCCmec_00043
PROKKA_CP009423/PROKKA_CP009423:Gene	argR	sccmec_saures_CP009423_l54926:c41067-40621	CP009423_SCCmec_00044
PROKKA_CP009423/PROKKA_CP009423:Gene	CP009423_SCCmec_00045	sccmec_saures_CP009423_l54926:41569-42000	CP009423_SCCmec_00045
PROKKA_CP009423/PROKKA_CP009423:Gene	CP009423_SCCmec_00046	sccmec_saures_CP009423_l54926:42273-42518	CP009423_SCCmec_00046
PROKKA_CP009423/PROKKA_CP009423:Gene	CP009423_SCCmec_00047	sccmec_saures_CP009423_l54926:43134-43949	CP009423_SCCmec_00047
PROKKA_CP009423/PROKKA_CP009423:Gene	CP009423_SCCmec_00048	sccmec_saures_CP009423_l54926:44376-45449	CP009423_SCCmec_00048
PROKKA_CP009423/PROKKA_CP009423:Gene	cmoB	sccmec_saures_CP009423_l54926:45709-46401	CP009423_SCCmec_00049
PROKKA_CP009423/PROKKA_CP009423:Gene	nikA	sccmec_saures_CP009423_l54926:46398-47951	CP009423_SCCmec_00050
PROKKA_CP009423/PROKKA_CP009423:Gene	nikB	sccmec_saures_CP009423_l54926:47954-48910	CP009423_SCCmec_00051
PROKKA_CP009423/PROKKA_CP009423:Gene	gsiD	sccmec_saures_CP009423_l54926:48910-49677	CP009423_SCCmec_00052
PROKKA_CP009423/PROKKA_CP009423:Gene	oppD	sccmec_saures_CP009423_l54926:49644-50411	CP009423_SCCmec_00053
PROKKA_CP009423/PROKKA_CP009423:Gene	nikE	sccmec_saures_CP009423_l54926:50404-51039	CP009423_SCCmec_00054
PROKKA_CP009423/PROKKA_CP009423:Gene	copB	sccmec_saures_CP009423_l54926:51999-54122	CP009423_SCCmec_00055
PROKKA_CP009423/PROKKA_CP009423:Gene	CP009423_SCCmec_00056	sccmec_saures_CP009423_l54926:54140-54685	CP009423_SCCmec_00056

FATAL: DiscRep_ALL:MISSING_PROTEIN_ID::56 proteins have invalid IDs.
PROKKA_CP009423/PROKKA_CP009423:sccmec_saures_CP009423_l54926_1 (length 159)
PROKKA_CP009423/PROKKA_CP009423:sccmec_saures_CP009423_l54926_2 (length 418)
PROKKA_CP009423/PROKKA_CP009423:sccmec_saures_CP009423_l54926_3 (length 224)
PROKKA_CP009423/PROKKA_CP009423:sccmec_saures_CP009423_l54926_4 (length 55)
PROKKA_CP009423/PROKKA_CP009423:sccmec_saures_CP009423_l54926_5 (length 76)
PROKKA_CP009423/PROKKA_CP009423:sccmec_saures_CP009423_l54926_6 (length 247)
PROKKA_CP009423/PROKKA_CP009423:sccmec_saures_CP009423_l54926_7 (length 142)
PROKKA_CP009423/PROKKA_CP009423:sccmec_saures_CP009423_l54926_8 (length 668)
PROKKA_CP009423/PROKKA_CP009423:sccmec_saures_CP009423_l54926_9 (length 328)
PROKKA_CP009423/PROKKA_CP009423:sccmec_saures_CP009423_l54926_10 (length 90)
PROKKA_CP009423/PROKKA_CP009423:sccmec_saures_CP009423_l54926_11 (length 507)
PROKKA_CP009423/PROKKA_CP009423:sccmec_saures_CP009423_l54926_12 (length 168)
PROKKA_CP009423/PROKKA_CP009423:sccmec_saures_CP009423_l54926_13 (length 103)
PROKKA_CP009423/PROKKA_CP009423:sccmec_saures_CP009423_l54926_14 (length 116)
PROKKA_CP009423/PROKKA_CP009423:sccmec_saures_CP009423_l54926_15 (length 542)
PROKKA_CP009423/PROKKA_CP009423:sccmec_saures_CP009423_l54926_16 (length 449)
PROKKA_CP009423/PROKKA_CP009423:sccmec_saures_CP009423_l54926_17 (length 595)
PROKKA_CP009423/PROKKA_CP009423:sccmec_saures_CP009423_l54926_18 (length 96)
PROKKA_CP009423/PROKKA_CP009423:sccmec_saures_CP009423_l54926_19 (length 363)
PROKKA_CP009423/PROKKA_CP009423:sccmec_saures_CP009423_l54926_20 (length 496)
PROKKA_CP009423/PROKKA_CP009423:sccmec_saures_CP009423_l54926_21 (length 334)
PROKKA_CP009423/PROKKA_CP009423:sccmec_saures_CP009423_l54926_22 (length 45)
PROKKA_CP009423/PROKKA_CP009423:sccmec_saures_CP009423_l54926_23 (length 123)
PROKKA_CP009423/PROKKA_CP009423:sccmec_saures_CP009423_l54926_24 (length 206)
PROKKA_CP009423/PROKKA_CP009423:sccmec_saures_CP009423_l54926_25 (length 56)
PROKKA_CP009423/PROKKA_CP009423:sccmec_saures_CP009423_l54926_26 (length 321)
PROKKA_CP009423/PROKKA_CP009423:sccmec_saures_CP009423_l54926_27 (length 109)
PROKKA_CP009423/PROKKA_CP009423:sccmec_saures_CP009423_l54926_28 (length 119)
PROKKA_CP009423/PROKKA_CP009423:sccmec_saures_CP009423_l54926_29 (length 269)
PROKKA_CP009423/PROKKA_CP009423:sccmec_saures_CP009423_l54926_30 (length 60)
PROKKA_CP009423/PROKKA_CP009423:sccmec_saures_CP009423_l54926_31 (length 165)
PROKKA_CP009423/PROKKA_CP009423:sccmec_saures_CP009423_l54926_32 (length 375)
PROKKA_CP009423/PROKKA_CP009423:sccmec_saures_CP009423_l54926_33 (length 74)
PROKKA_CP009423/PROKKA_CP009423:sccmec_saures_CP009423_l54926_34 (length 167)
PROKKA_CP009423/PROKKA_CP009423:sccmec_saures_CP009423_l54926_35 (length 103)
PROKKA_CP009423/PROKKA_CP009423:sccmec_saures_CP009423_l54926_36 (length 30)
PROKKA_CP009423/PROKKA_CP009423:sccmec_saures_CP009423_l54926_37 (length 116)
PROKKA_CP009423/PROKKA_CP009423:sccmec_saures_CP009423_l54926_38 (length 283)
PROKKA_CP009423/PROKKA_CP009423:sccmec_saures_CP009423_l54926_39 (length 309)
PROKKA_CP009423/PROKKA_CP009423:sccmec_saures_CP009423_l54926_40 (length 332)
PROKKA_CP009423/PROKKA_CP009423:sccmec_saures_CP009423_l54926_41 (length 229)
PROKKA_CP009423/PROKKA_CP009423:sccmec_saures_CP009423_l54926_42 (length 473)
PROKKA_CP009423/PROKKA_CP009423:sccmec_saures_CP009423_l54926_43 (length 411)
PROKKA_CP009423/PROKKA_CP009423:sccmec_saures_CP009423_l54926_44 (length 148)
PROKKA_CP009423/PROKKA_CP009423:sccmec_saures_CP009423_l54926_45 (length 143)
PROKKA_CP009423/PROKKA_CP009423:sccmec_saures_CP009423_l54926_46 (length 81)
PROKKA_CP009423/PROKKA_CP009423:sccmec_saures_CP009423_l54926_47 (length 271)
PROKKA_CP009423/PROKKA_CP009423:sccmec_saures_CP009423_l54926_48 (length 357)
PROKKA_CP009423/PROKKA_CP009423:sccmec_saures_CP009423_l54926_49 (length 230)
PROKKA_CP009423/PROKKA_CP009423:sccmec_saures_CP009423_l54926_50 (length 517)
PROKKA_CP009423/PROKKA_CP009423:sccmec_saures_CP009423_l54926_51 (length 318)
PROKKA_CP009423/PROKKA_CP009423:sccmec_saures_CP009423_l54926_52 (length 255)
PROKKA_CP009423/PROKKA_CP009423:sccmec_saures_CP009423_l54926_53 (length 255)
PROKKA_CP009423/PROKKA_CP009423:sccmec_saures_CP009423_l54926_54 (length 211)
PROKKA_CP009423/PROKKA_CP009423:sccmec_saures_CP009423_l54926_55 (length 707)
PROKKA_CP009423/PROKKA_CP009423:sccmec_saures_CP009423_l54926_56 (length 181)

DiscRep_ALL:DISC_SOURCE_QUALS_ASNDISC::strain (all present, all unique)
DiscRep_SUB:DISC_SOURCE_QUALS_ASNDISC::1 sources have unique values for strain
DiscRep_ALL:DISC_SOURCE_QUALS_ASNDISC::taxname (all present, all unique)
DiscRep_SUB:DISC_SOURCE_QUALS_ASNDISC::1 sources have unique values for taxname
DiscRep_ALL:DISC_FEATURE_COUNT::gene: 56 present
DiscRep_ALL:DISC_FEATURE_COUNT::CDS: 56 present
DiscRep_ALL:DISC_FEATURE_COUNT::mRNA: 56 present
DiscRep_ALL:DISC_COUNT_NUCLEOTIDES::1 nucleotide Bioseqs are present
PROKKA_CP009423/PROKKA_CP009423:sccmec_saures_CP009423_l54926 (length 54926)

DiscRep_ALL:OVERLAPPING_GENES::14 genes overlap another gene on the same strand.
PROKKA_CP009423/PROKKA_CP009423:Gene	mecR1	sccmec_saures_CP009423_l54926:7402-8388	CP009423_SCCmec_00009
PROKKA_CP009423/PROKKA_CP009423:Gene	CP009423_SCCmec_00010	sccmec_saures_CP009423_l54926:8348-8620	CP009423_SCCmec_00010
PROKKA_CP009423/PROKKA_CP009423:Gene	CP009423_SCCmec_00017	sccmec_saures_CP009423_l54926:c17081-15294	CP009423_SCCmec_00017
PROKKA_CP009423/PROKKA_CP009423:Gene	CP009423_SCCmec_00018	sccmec_saures_CP009423_l54926:c17371-17081	CP009423_SCCmec_00018
PROKKA_CP009423/PROKKA_CP009423:Gene	CP009423_SCCmec_00022	sccmec_saures_CP009423_l54926:22359-22496	CP009423_SCCmec_00022
PROKKA_CP009423/PROKKA_CP009423:Gene	CP009423_SCCmec_00023	sccmec_saures_CP009423_l54926:22493-22864	CP009423_SCCmec_00023
PROKKA_CP009423/PROKKA_CP009423:Gene	CP009423_SCCmec_00036	sccmec_saures_CP009423_l54926:c32643-32551	CP009423_SCCmec_00036
PROKKA_CP009423/PROKKA_CP009423:Gene	CP009423_SCCmec_00037	sccmec_saures_CP009423_l54926:c32986-32636	CP009423_SCCmec_00037
PROKKA_CP009423/PROKKA_CP009423:Gene	cmoB	sccmec_saures_CP009423_l54926:45709-46401	CP009423_SCCmec_00049
PROKKA_CP009423/PROKKA_CP009423:Gene	nikA	sccmec_saures_CP009423_l54926:46398-47951	CP009423_SCCmec_00050
PROKKA_CP009423/PROKKA_CP009423:Gene	nikB	sccmec_saures_CP009423_l54926:47954-48910	CP009423_SCCmec_00051
PROKKA_CP009423/PROKKA_CP009423:Gene	gsiD	sccmec_saures_CP009423_l54926:48910-49677	CP009423_SCCmec_00052
PROKKA_CP009423/PROKKA_CP009423:Gene	oppD	sccmec_saures_CP009423_l54926:49644-50411	CP009423_SCCmec_00053
PROKKA_CP009423/PROKKA_CP009423:Gene	nikE	sccmec_saures_CP009423_l54926:50404-51039	CP009423_SCCmec_00054

DiscRep_ALL:DISC_QUALITY_SCORES::Quality scores are missing on all sequences.

DiscRep_ALL:ONCALLER_COMMENT_PRESENT::1 comment descriptors were found (all same)
PROKKA_CP009423/PROKKA_CP009423:sccmec_saures_CP009423_l54926:Annotated using prokka 1.12 from https://github.com/tseemann/prokka

DiscRep_ALL:SHORT_PROT_SEQUENCES::2 protein sequences are shorter than 50 aa.
PROKKA_CP009423/PROKKA_CP009423:sccmec_saures_CP009423_l54926_22 (length 45)
PROKKA_CP009423/PROKKA_CP009423:sccmec_saures_CP009423_l54926_36 (length 30)

DiscRep_ALL:MISSING_GENOMEASSEMBLY_COMMENTS::1 bioseqs are missing GenomeAssembly structured comments
PROKKA_CP009423/PROKKA_CP009423:sccmec_saures_CP009423_l54926 (length 54926)

DiscRep_ALL:MOLTYPE_NOT_MRNA::1 molecule types are not set as mRNA.
PROKKA_CP009423/PROKKA_CP009423:sccmec_saures_CP009423_l54926 (length 54926)

DiscRep_ALL:TECHNIQUE_NOT_TSA::1 technique are not set as TSA
PROKKA_CP009423/PROKKA_CP009423:sccmec_saures_CP009423_l54926 (length 54926)

DiscRep_ALL:MISSING_STRUCTURED_COMMENT::1 sequences do not include structured comments.
PROKKA_CP009423/PROKKA_CP009423:sccmec_saures_CP009423_l54926 (length 54926)

DiscRep_ALL:MISSING_PROJECT::57 sequences do not include project.
PROKKA_CP009423/PROKKA_CP009423:sccmec_saures_CP009423_l54926 (length 54926)
PROKKA_CP009423/PROKKA_CP009423:sccmec_saures_CP009423_l54926_1 (length 159)
PROKKA_CP009423/PROKKA_CP009423:sccmec_saures_CP009423_l54926_2 (length 418)
PROKKA_CP009423/PROKKA_CP009423:sccmec_saures_CP009423_l54926_3 (length 224)
PROKKA_CP009423/PROKKA_CP009423:sccmec_saures_CP009423_l54926_4 (length 55)
PROKKA_CP009423/PROKKA_CP009423:sccmec_saures_CP009423_l54926_5 (length 76)
PROKKA_CP009423/PROKKA_CP009423:sccmec_saures_CP009423_l54926_6 (length 247)
PROKKA_CP009423/PROKKA_CP009423:sccmec_saures_CP009423_l54926_7 (length 142)
PROKKA_CP009423/PROKKA_CP009423:sccmec_saures_CP009423_l54926_8 (length 668)
PROKKA_CP009423/PROKKA_CP009423:sccmec_saures_CP009423_l54926_9 (length 328)
PROKKA_CP009423/PROKKA_CP009423:sccmec_saures_CP009423_l54926_10 (length 90)
PROKKA_CP009423/PROKKA_CP009423:sccmec_saures_CP009423_l54926_11 (length 507)
PROKKA_CP009423/PROKKA_CP009423:sccmec_saures_CP009423_l54926_12 (length 168)
PROKKA_CP009423/PROKKA_CP009423:sccmec_saures_CP009423_l54926_13 (length 103)
PROKKA_CP009423/PROKKA_CP009423:sccmec_saures_CP009423_l54926_14 (length 116)
PROKKA_CP009423/PROKKA_CP009423:sccmec_saures_CP009423_l54926_15 (length 542)
PROKKA_CP009423/PROKKA_CP009423:sccmec_saures_CP009423_l54926_16 (length 449)
PROKKA_CP009423/PROKKA_CP009423:sccmec_saures_CP009423_l54926_17 (length 595)
PROKKA_CP009423/PROKKA_CP009423:sccmec_saures_CP009423_l54926_18 (length 96)
PROKKA_CP009423/PROKKA_CP009423:sccmec_saures_CP009423_l54926_19 (length 363)
PROKKA_CP009423/PROKKA_CP009423:sccmec_saures_CP009423_l54926_20 (length 496)
PROKKA_CP009423/PROKKA_CP009423:sccmec_saures_CP009423_l54926_21 (length 334)
PROKKA_CP009423/PROKKA_CP009423:sccmec_saures_CP009423_l54926_22 (length 45)
PROKKA_CP009423/PROKKA_CP009423:sccmec_saures_CP009423_l54926_23 (length 123)
PROKKA_CP009423/PROKKA_CP009423:sccmec_saures_CP009423_l54926_24 (length 206)
PROKKA_CP009423/PROKKA_CP009423:sccmec_saures_CP009423_l54926_25 (length 56)
PROKKA_CP009423/PROKKA_CP009423:sccmec_saures_CP009423_l54926_26 (length 321)
PROKKA_CP009423/PROKKA_CP009423:sccmec_saures_CP009423_l54926_27 (length 109)
PROKKA_CP009423/PROKKA_CP009423:sccmec_saures_CP009423_l54926_28 (length 119)
PROKKA_CP009423/PROKKA_CP009423:sccmec_saures_CP009423_l54926_29 (length 269)
PROKKA_CP009423/PROKKA_CP009423:sccmec_saures_CP009423_l54926_30 (length 60)
PROKKA_CP009423/PROKKA_CP009423:sccmec_saures_CP009423_l54926_31 (length 165)
PROKKA_CP009423/PROKKA_CP009423:sccmec_saures_CP009423_l54926_32 (length 375)
PROKKA_CP009423/PROKKA_CP009423:sccmec_saures_CP009423_l54926_33 (length 74)
PROKKA_CP009423/PROKKA_CP009423:sccmec_saures_CP009423_l54926_34 (length 167)
PROKKA_CP009423/PROKKA_CP009423:sccmec_saures_CP009423_l54926_35 (length 103)
PROKKA_CP009423/PROKKA_CP009423:sccmec_saures_CP009423_l54926_36 (length 30)
PROKKA_CP009423/PROKKA_CP009423:sccmec_saures_CP009423_l54926_37 (length 116)
PROKKA_CP009423/PROKKA_CP009423:sccmec_saures_CP009423_l54926_38 (length 283)
PROKKA_CP009423/PROKKA_CP009423:sccmec_saures_CP009423_l54926_39 (length 309)
PROKKA_CP009423/PROKKA_CP009423:sccmec_saures_CP009423_l54926_40 (length 332)
PROKKA_CP009423/PROKKA_CP009423:sccmec_saures_CP009423_l54926_41 (length 229)
PROKKA_CP009423/PROKKA_CP009423:sccmec_saures_CP009423_l54926_42 (length 473)
PROKKA_CP009423/PROKKA_CP009423:sccmec_saures_CP009423_l54926_43 (length 411)
PROKKA_CP009423/PROKKA_CP009423:sccmec_saures_CP009423_l54926_44 (length 148)
PROKKA_CP009423/PROKKA_CP009423:sccmec_saures_CP009423_l54926_45 (length 143)
PROKKA_CP009423/PROKKA_CP009423:sccmec_saures_CP009423_l54926_46 (length 81)
PROKKA_CP009423/PROKKA_CP009423:sccmec_saures_CP009423_l54926_47 (length 271)
PROKKA_CP009423/PROKKA_CP009423:sccmec_saures_CP009423_l54926_48 (length 357)
PROKKA_CP009423/PROKKA_CP009423:sccmec_saures_CP009423_l54926_49 (length 230)
PROKKA_CP009423/PROKKA_CP009423:sccmec_saures_CP009423_l54926_50 (length 517)
PROKKA_CP009423/PROKKA_CP009423:sccmec_saures_CP009423_l54926_51 (length 318)
PROKKA_CP009423/PROKKA_CP009423:sccmec_saures_CP009423_l54926_52 (length 255)
PROKKA_CP009423/PROKKA_CP009423:sccmec_saures_CP009423_l54926_53 (length 255)
PROKKA_CP009423/PROKKA_CP009423:sccmec_saures_CP009423_l54926_54 (length 211)
PROKKA_CP009423/PROKKA_CP009423:sccmec_saures_CP009423_l54926_55 (length 707)
PROKKA_CP009423/PROKKA_CP009423:sccmec_saures_CP009423_l54926_56 (length 181)

DiscRep_ALL:DISC_INCONSISTENT_MOLINFO_TECH::Molinfo Technique Report (some missing, all same)
DiscRep_SUB:DISC_INCONSISTENT_MOLINFO_TECH::technique (all missing)
DiscRep_SUB:DISC_INCONSISTENT_MOLINFO_TECH::1 Molinfos are missing field technique
PROKKA_CP009423/PROKKA_CP009423:sccmec_saures_CP009423_l54926 (length 54926)

