[01:47:14] This is prokka 1.12
[01:47:14] Written by Torsten Seemann <torsten.seemann@gmail.com>
[01:47:14] Homepage is https://github.com/tseemann/prokka
[01:47:14] Local time is Sat May 13 01:47:14 2017
[01:47:14] You are fsepulveda
[01:47:14] Operating system is linux
[01:47:14] You have BioPerl 1.006924
[01:47:14] System has 4 cores.
[01:47:14] Option --cpu asked for 8 cores, but system only has 4
[01:47:14] Will use maximum of 4 cores.
[01:47:14] Annotating as >>> Bacteria <<<
[01:47:14] Enabling options to ensure Genbank/ENA/DDJB submission compliance.
[01:47:14] Creating new output folder: /home/fsepulveda/Documents/parte1/output_sa8630/output_prokka
[01:47:14] Running: mkdir -p \/home\/fsepulveda\/Documents\/parte1\/output_sa8630\/output_prokka
[01:47:14] Using filename prefix: PROKKA_05132017.XXX
[01:47:14] Setting HMMER_NCPU=1
[01:47:14] Writing log to: /home/fsepulveda/Documents/parte1/output_sa8630/output_prokka/PROKKA_05132017.log
[01:47:14] Command: /home/fsepulveda/Desktop/tesis/sccmec_classification/prokka-1.12/bin/prokka --kingdom Bacteria --outdir /home/fsepulveda/Documents/parte1/output_sa8630/output_prokka --quiet --genus Staphylococcus --locustag saureus --centre 10 --compliant /home/fsepulveda/Desktop/working_dir/megaloop_v3/wo_score/sa8630.fasta
[01:47:14] Appending to PATH: /home/fsepulveda/Desktop/tesis/sccmec_classification/prokka-1.12/bin/../binaries/linux
[01:47:14] Appending to PATH: /home/fsepulveda/Desktop/tesis/sccmec_classification/prokka-1.12/bin/../binaries/linux/../common
[01:47:14] Appending to PATH: /home/fsepulveda/Desktop/tesis/sccmec_classification/prokka-1.12/bin
[01:47:14] Looking for 'aragorn' - found /home/fsepulveda/Desktop/tesis/sccmec_classification/prokka-1.12/bin/../binaries/linux/aragorn
[01:47:14] Determined aragorn version is 1.2
[01:47:14] Looking for 'blastp' - found /usr/bin/blastp
[01:47:15] Determined blastp version is 2.2
[01:47:15] Looking for 'cmpress' - found /usr/bin/cmpress
[01:47:15] Determined cmpress version is 1.1
[01:47:15] Looking for 'cmscan' - found /usr/bin/cmscan
[01:47:15] Determined cmscan version is 1.1
[01:47:15] Looking for 'egrep' - found /bin/egrep
[01:47:15] Looking for 'find' - found /usr/bin/find
[01:47:15] Looking for 'grep' - found /bin/grep
[01:47:15] Looking for 'hmmpress' - found /usr/bin/hmmpress
[01:47:15] Determined hmmpress version is 3.1
[01:47:15] Looking for 'hmmscan' - found /usr/bin/hmmscan
[01:47:15] Determined hmmscan version is 3.1
[01:47:15] Looking for 'java' - found /usr/bin/java
[01:47:15] Looking for 'less' - found /usr/bin/less
[01:47:15] Looking for 'makeblastdb' - found /usr/bin/makeblastdb
[01:47:15] Determined makeblastdb version is 2.2
[01:47:15] Looking for 'minced' - found /home/fsepulveda/Desktop/tesis/sccmec_classification/prokka-1.12/bin/../binaries/linux/../common/minced
[01:47:15] Determined minced version is 2.0
[01:47:15] Looking for 'parallel' - found /home/fsepulveda/Desktop/tesis/sccmec_classification/prokka-1.12/bin/../binaries/linux/../common/parallel
[01:47:15] Determined parallel version is 20150122
[01:47:15] Looking for 'prodigal' - found /home/fsepulveda/Desktop/tesis/sccmec_classification/prokka-1.12/bin/../binaries/linux/prodigal
[01:47:15] Determined prodigal version is 2.6
[01:47:15] Looking for 'prokka-genbank_to_fasta_db' - found /home/fsepulveda/Desktop/tesis/sccmec_classification/prokka-1.12/bin/prokka-genbank_to_fasta_db
[01:47:15] Looking for 'sed' - found /bin/sed
[01:47:15] Looking for 'tbl2asn' - found /home/fsepulveda/Desktop/tesis/sccmec_classification/prokka-1.12/bin/../binaries/linux/tbl2asn
[01:47:15] Determined tbl2asn version is 25.3
[01:47:15] Using genetic code table 11.
[01:47:15] Loading and checking input file: /home/fsepulveda/Desktop/working_dir/megaloop_v3/wo_score/sa8630.fasta
[01:47:15] Skipping short (<200 bp) contig: Sa8630_NODE_2609_length_196_cov_3.26087_ID_5217
[01:47:15] Skipping short (<200 bp) contig: Sa8630_NODE_2610_length_187_cov_6.93333_ID_5219
[01:47:15] Skipping short (<200 bp) contig: Sa8630_NODE_2611_length_183_cov_24.4821_ID_5221
[01:47:15] Skipping short (<200 bp) contig: Sa8630_NODE_2612_length_182_cov_9.50909_ID_5223
[01:47:15] Skipping short (<200 bp) contig: Sa8630_NODE_2613_length_181_cov_1.74074_ID_5225
[01:47:15] Skipping short (<200 bp) contig: Sa8630_NODE_2614_length_175_cov_70.0417_ID_5227
[01:47:15] Skipping short (<200 bp) contig: Sa8630_NODE_2615_length_170_cov_45.7209_ID_5229
[01:47:15] Skipping short (<200 bp) contig: Sa8630_NODE_2616_length_167_cov_10.025_ID_5231
[01:47:15] Skipping short (<200 bp) contig: Sa8630_NODE_2617_length_157_cov_34.7667_ID_5233
[01:47:15] Skipping short (<200 bp) contig: Sa8630_NODE_2618_length_150_cov_86.2174_ID_5235
[01:47:15] Skipping short (<200 bp) contig: Sa8630_NODE_2619_length_147_cov_49.1_ID_5237
[01:47:15] Skipping short (<200 bp) contig: Sa8630_NODE_2620_length_146_cov_24.4211_ID_5239
[01:47:15] Skipping short (<200 bp) contig: Sa8630_NODE_2621_length_144_cov_61.1765_ID_5241
[01:47:15] Skipping short (<200 bp) contig: Sa8630_NODE_2622_length_137_cov_18.9_ID_5243
[01:47:15] Skipping short (<200 bp) contig: Sa8630_NODE_2623_length_128_cov_56_ID_5245
[01:47:15] Skipping short (<200 bp) contig: Sa8630_NODE_2624_length_128_cov_712_ID_5247
[01:47:15] Wrote 2608 contigs totalling 4593053 bp.
[01:47:15] Predicting tRNAs and tmRNAs
[01:47:15] Running: aragorn -l -gc11  -w \/home\/fsepulveda\/Documents\/parte1\/output_sa8630\/output_prokka\/PROKKA_05132017\.fna
[01:47:16] 1 tRNA-Asn [8054,8128] 33 (gtt)
[01:47:16] 2 tRNA-Ser [8130,8220] 37 (gct)
[01:47:16] 1 tRNA-Val [138,213] 34 (tac)
[01:47:16] 2 tRNA-Thr [230,305] 34 (tgt)
[01:47:16] 3 tRNA-Lys [311,386] 34 (ttt)
[01:47:16] 4 tRNA-Leu [389,472] 36 (tag)
[01:47:16] 5 tRNA-Gly [475,549] 33 (gcc)
[01:47:16] 6 tRNA-Leu [560,648] 35 (taa)
[01:47:16] 7 tRNA-Arg [666,741] 36 (acg)
[01:47:16] 8 tRNA-Pro [750,823] 35 (tgg)
[01:47:16] 9 tRNA-Ala [841,916] 34 (tgc)
[01:47:16] 10 tRNA-Met [938,1012] 35 (cat)
[01:47:16] 11 tRNA-Met [1040,1113] 35 (cat)
[01:47:16] 12 tRNA-Ser [1122,1213] 38 (tga)
[01:47:16] 13 tRNA-Asp [1223,1298] 34 (gtc)
[01:47:16] 14 tRNA-Ser [1337,1429] 37 (tga)
[01:47:16] 15 tRNA-Met [1443,1518] 36 (cat)
[01:47:16] 16 tRNA-Asp [1527,1602] 34 (gtc)
[01:47:16] 17 tRNA-Phe [1620,1694] 35 (gaa)
[01:47:16] 18 tRNA-Thr [1701,1776] 34 (tgt)
[01:47:16] 19 tRNA-Tyr [1781,1863] 36 (gta)
[01:47:16] 20 tRNA-Trp [1878,1951] 33 (cca)
[01:47:16] 21 tRNA-His [1954,2027] 34 (gtg)
[01:47:16] 22 tRNA-Gln [2038,2109] 33 (ttg)
[01:47:16] 23 tRNA-Cys [2115,2188] 33 (gca)
[01:47:16] 24 tRNA-Gly [2196,2270] 34 (tcc)
[01:47:16] 25 tRNA-Gly [2286,2360] 34 (tcc)
[01:47:16] 26 tRNA-Gly [2374,2448] 34 (tcc)
[01:47:16] 27 tRNA-Leu [2487,2570] 35 (caa)
[01:47:16] 28 tRNA-Met [34975,35048] 35 (cat)
[01:47:16] 29 tRNA-Asp [35070,35145] 34 (gtc)
[01:47:16] 30 tRNA-Phe [35162,35234] 34 (gaa)
[01:47:16] 31 tRNA-His [35248,35323] 34 (gtg)
[01:47:16] 32 tRNA-Gly [35339,35412] 33 (tcc)
[01:47:16] 33 tRNA-Asn [35430,35504] 33 (gtt)
[01:47:16] 34 tRNA-Glu [35505,35578] 35 (ttc)
[01:47:16] 35 tRNA-Ser [35632,35720] 36 (gga)
[01:47:16] 1 tRNA-Ser [39515,39607] 37 (tga)
[01:47:16] 1 tRNA-Ala c[187,262] 34 (tgc)
[01:47:16] 2 tRNA-Pro c[286,359] 35 (tgg)
[01:47:16] 3 tRNA-Arg c[380,456] 35 (acg)
[01:47:16] 4 tRNA-Leu c[462,550] 35 (taa)
[01:47:16] 5 tRNA-Gly c[558,632] 33 (gcc)
[01:47:16] 6 tRNA-Lys c[665,739] 35 (ttt)
[01:47:16] 7 tRNA-Thr c[745,820] 34 (tgt)
[01:47:16] 8 tRNA-Val c[837,912] 34 (tac)
[01:47:16] 1 tRNA-Asn [138,212] 33 (gtt)
[01:47:16] 2 tRNA-Glu [213,286] 35 (ttc)
[01:47:16] 3 tRNA-Val [293,368] 34 (tac)
[01:47:16] 4 tRNA-Tyr [398,481] 35 (gta)
[01:47:16] 5 tRNA-Gln [491,565] 33 (ttg)
[01:47:16] 6 tRNA-Lys [569,642] 34 (ttt)
[01:47:16] 1 tRNA-Arg c[9921,9996] 36 (tct)
[01:47:16] 1 tRNA-Arg [13979,14051] 34 (ccg)
[01:47:16] 1 tRNA-Asp c[4547,4619] 34 (gtc)
[01:47:16] 2 tRNA-Glu c[4627,4701] 34 (ttc)
[01:47:16] 1 tRNA-Asn [1,75] 33 (gtt)
[01:47:16] 2 tRNA-Glu [76,149] 35 (ttc)
[01:47:16] 3 tRNA-Ser [203,291] 36 (gga)
[01:47:17] 1 tRNA-Ala c[164,239] 34 (tgc)
[01:47:17] 2 tRNA-Ile c[261,337] 35 (gat)
[01:47:17] 1 tRNA-Thr [237,311] 33 (ggt)
[01:47:17] 1 tRNA-Pro [44,120] 35 (cgg)
[01:47:17] 1 tRNA-Tyr c[224,307] 33 (gta)
[01:47:17] 1 tRNA-His [413,489] 35 (gtg)
[01:47:17] 1 tRNA-Glu [23,97] 34 (ttc)
[01:47:17] 2 tRNA-Asp [104,176] 34 (gtc)
[01:47:17] 1 tRNA-Gly c[45,135] 37 (acc)
[01:47:17] 1 tRNA-Pro c[347,423] 35 (tgg)
[01:47:17] tRNA [343,439] is a pseudo/wacky gene - skipping.
[01:47:17] 1 tRNA-Gly c[43,116] 33 (ccc)
[01:47:17] 1 tRNA-Val c[185,259] 33 (gac)
[01:47:17] 1 tRNA-Ala c[122,197] 34 (tgc)
[01:47:17] 2 tRNA-Ile c[216,292] 35 (gat)
[01:47:17] 1 tRNA-Trp [25,100] 34 (cca)
[01:47:17] 1 tRNA-Val c[175,250] 34 (tac)
[01:47:17] 1 tRNA-Ile c[122,198] 35 (gat)
[01:47:17] Found 76 tRNAs
[01:47:17] Predicting Ribosomal RNAs
[01:47:17] You need either Barrnap or RNAmmer installed to predict rRNAs!
[01:47:17] Skipping ncRNA search, enable with --rfam if desired.
[01:47:17] Total of 76 tRNA + rRNA features
[01:47:17] Searching for CRISPR repeats
[01:47:18] Found 0 CRISPRs
[01:47:18] Predicting coding sequences
[01:47:18] Contigs total 4593053 bp, so using single mode
[01:47:18] Running: prodigal -i \/home\/fsepulveda\/Documents\/parte1\/output_sa8630\/output_prokka\/PROKKA_05132017\.fna -c -m -g 11 -p single -f sco -q
[01:47:23] Found 3962 CDS
[01:47:23] Connecting features back to sequences
[01:47:23] Not using genus-specific database. Try --usegenus to enable it.
[01:47:23] Annotating CDS, please be patient.
[01:47:23] Will use 4 CPUs for similarity searching.
[01:47:25] There are still 3962 unannotated CDS left (started with 3962)
[01:47:25] Will use blast to search against /home/fsepulveda/Desktop/tesis/sccmec_classification/prokka-1.12/bin/../db/kingdom/Bacteria/sprot with 4 CPUs
[01:47:25] Running: cat \/home\/fsepulveda\/Documents\/parte1\/output_sa8630\/output_prokka\/sprot\.faa | parallel --gnu --plain -j 4 --block 123811 --recstart '>' --pipe blastp -query - -db /home/fsepulveda/Desktop/tesis/sccmec_classification/prokka-1.12/bin/../db/kingdom/Bacteria/sprot -evalue 1e-06 -num_threads 1 -num_descriptions 1 -num_alignments 1 -seg no > \/home\/fsepulveda\/Documents\/parte1\/output_sa8630\/output_prokka\/sprot\.blast 2> /dev/null
[01:48:56] Modify product: Putative dipeptidase SACOL1801 => Putative dipeptidase
[01:48:56] Modify product: Probable quorum-quenching lactonase YtnP => putative quorum-quenching lactonase YtnP
[01:48:56] Modify product: Probable tRNA sulfurtransferase => putative tRNA sulfurtransferase
[01:48:56] Modify product: Probable thiol peroxidase => putative thiol peroxidase
[01:48:56] Modify product: Putative universal stress protein SA1532 => Putative universal stress protein
[01:48:56] Modify product: Uncharacterized peptidase SA1530 => putative peptidase
[01:48:56] Modify product: Probable GTP-binding protein EngB => putative GTP-binding protein EngB
[01:48:56] Modify product: Uncharacterized AAA domain-containing protein Rv2559c => putative AAA domain-containing protein
[01:48:56] Modify product: Putative O-methyltransferase MSMEG_5073/MSMEI_4947 => Putative O-methyltransferase/MSMEI_4947
[01:48:56] Modify product: Uncharacterized protease YdcP => putative protease YdcP
[01:48:56] Modify product: Uncharacterized protease YdcP => putative protease YdcP
[01:48:56] Modify product: Probable cell wall hydrolase LytN => putative cell wall hydrolase LytN
[01:48:56] Modify product: Putative zinc metalloprotease SA1105 => Putative zinc metalloprotease
[01:48:56] Modify product: Probable ribosomal protein YlxQ => putative ribosomal protein YlxQ
[01:48:56] Modify product: Probable transcriptional regulator PhnF => putative transcriptional regulator PhnF
[01:48:56] Modify product: Uncharacterized zinc protease Rv2782c => putative zinc protease
[01:48:56] Modify product: Glutathione peroxidase homolog BsaA => Glutathione peroxidase  BsaA
[01:48:56] Modify product: Probable nicotinate-nucleotide adenylyltransferase => putative nicotinate-nucleotide adenylyltransferase
[01:48:56] Modify product: GTP cyclohydrolase 1 type 2 homolog => GTP cyclohydrolase 1 type 2 
[01:48:56] Modify product: Probable endonuclease 4 => putative endonuclease 4
[01:48:56] Modify product: Probable metallo-hydrolase M6_Spy0554 => putative metallo-hydrolase
[01:48:56] Modify product: Probable glycine dehydrogenase (decarboxylating) subunit 1 => putative glycine dehydrogenase (decarboxylating) subunit 1
[01:48:56] Modify product: Probable glycine dehydrogenase (decarboxylating) subunit 2 => putative glycine dehydrogenase (decarboxylating) subunit 2
[01:48:56] Modify product: Probable adenylyltransferase/sulfurtransferase MoeZ => putative adenylyltransferase/sulfurtransferase MoeZ
[01:48:56] Modify product: N utilization substance protein B homolog => N utilization substance protein B 
[01:48:56] Modify product: Putative multidrug export ATP-binding/permease protein SA1683 => Putative multidrug export ATP-binding/permease protein
[01:48:56] Modify product: Probable transcriptional regulatory protein SA0624 => putative transcriptional regulatory protein
[01:48:56] Modify product: Probable ABC transporter permease protein HI_1471 => putative ABC transporter permease protein
[01:48:56] Modify product: Uncharacterized beta-barrel protein YwiB => putative beta-barrel protein YwiB
[01:48:56] Modify product: Bifunctional protein FolD => Bifunctional protein FolD protein
[01:48:57] Modify product: Probable peptidoglycan glycosyltransferase FtsW => putative peptidoglycan glycosyltransferase FtsW
[01:48:57] Modify product: Probable glycerophosphodiester phosphodiesterase 1 => putative glycerophosphodiester phosphodiesterase 1
[01:48:57] Modify product: Probable heme-iron transport system permease protein IsdF => putative heme-iron transport system permease protein IsdF
[01:48:57] Modify product: Putative metallophosphoesterase MG207 homolog => Putative metallophosphoesterase MG207 
[01:48:57] Modify product: Ribonuclease BC_0920 => Ribonuclease
[01:48:57] Modify product: Probable pyridine nucleotide-disulfide oxidoreductase RclA => putative pyridine nucleotide-disulfide oxidoreductase RclA
[01:48:57] Modify product: Putative heme-dependent peroxidase SA0544 => Putative heme-dependent peroxidase
[01:48:57] Modify product: Uncharacterized amino acid permease YhdG => putative amino acid permease YhdG
[01:48:57] Modify product: Uncharacterized acyl--CoA ligase YhfT => putative acyl--CoA ligase YhfT
[01:48:57] Modify product: Probable N-acetyl-alpha-D-glucosaminyl L-malate deacetylase 2 => putative N-acetyl-alpha-D-glucosaminyl L-malate deacetylase 2
[01:48:57] Modify product: Probable branched-chain-amino-acid aminotransferase => putative branched-chain-amino-acid aminotransferase
[01:48:57] Modify product: Uncharacterized epimerase/dehydratase SA0511 => putative epimerase/dehydratase
[01:48:57] Modify product: Uncharacterized hydrolase YxeP => putative hydrolase YxeP
[01:48:57] Modify product: Ribosome-associated protein L7Ae-like => Ribosome-associated protein L7Ae-like protein
[01:48:57] Modify product: Uncharacterized PIN and TRAM-domain containing protein YacL => putative PIN and TRAM-domain containing protein YacL
[01:48:57] Modify product: Organic hydroperoxide resistance protein-like => Organic hydroperoxide resistance protein-like protein
[01:48:57] Modify product: Probable cysteine desulfurase => putative cysteine desulfurase
[01:48:57] Modify product: Putative monooxygenase Rv1533 => Putative monooxygenase
[01:48:57] Modify product: NADH dehydrogenase-like protein SA0802 => NADH dehydrogenase-like protein
[01:48:57] Modify product: Putative esterase PA1618 => Putative esterase
[01:48:57] Modify product: Uncharacterized oxidoreductase SpyM50865 => putative oxidoreductase
[01:48:57] Modify product: Putative formate dehydrogenase SA2102 => Putative formate dehydrogenase
[01:48:57] Modify product: Putative 2-hydroxyacid dehydrogenase SA2098 => Putative 2-hydroxyacid dehydrogenase
[01:48:57] Modify product: Urea transporter DVU1160 => Urea transporter
[01:48:57] Modify product: Probable molybdenum cofactor guanylyltransferase => putative molybdenum cofactor guanylyltransferase
[01:48:57] Modify product: Uncharacterized HTH-type transcriptional regulator SAR2349 => putative HTH-type transcriptional regulator
[01:48:57] Modify product: Probable glucose uptake protein GlcU => putative glucose uptake protein GlcU
[01:48:57] Modify product: Probable multidrug resistance protein EmrY => putative multidrug resistance protein EmrY
[01:48:57] Modify product: Probable uridylyltransferase SA1974 => putative uridylyltransferase
[01:48:57] Modify product: Probable siderophore transport system permease protein YfiZ => putative siderophore transport system permease protein YfiZ
[01:48:57] Modify product: Zinc-type alcohol dehydrogenase-like protein SA1988 => Zinc-type alcohol dehydrogenase-like protein
[01:48:57] Modify product: Uncharacterized oxidoreductase MSMEG_2408/MSMEI_2347 => putative oxidoreductase/MSMEI_2347
[01:48:57] Modify product: Uncharacterized hydrolase SA2005 => putative hydrolase
[01:48:57] Modify product: Uncharacterized ABC transporter ATP-binding protein YheS => putative ABC transporter ATP-binding protein YheS
[01:48:57] Modify product: Probable succinyl-diaminopimelate desuccinylase => putative succinyl-diaminopimelate desuccinylase
[01:48:57] Modify product: Uncharacterized leukocidin-like protein 2 => putative leukocidin-like protein 2
[01:48:57] Modify product: Uncharacterized leukocidin-like protein 1 => putative leukocidin-like protein 1
[01:48:57] Modify product: Uncharacterized ABC transporter solute-binding protein YclQ => putative ABC transporter solute-binding protein YclQ
[01:48:57] Modify product: Probable siderophore transport system ATP-binding protein YusV => putative siderophore transport system ATP-binding protein YusV
[01:48:57] Modify product: Putative lipid kinase SA0681 => Putative lipid kinase
[01:48:57] Modify product: Uncharacterized oxidoreductase MSMEG_2408/MSMEI_2347 => putative oxidoreductase/MSMEI_2347
[01:48:57] Modify product: Uncharacterized ABC transporter ATP-binding protein TM_0288 => putative ABC transporter ATP-binding protein
[01:48:57] Modify product: Probable amino-acid ABC transporter-binding protein HI_1080 => putative amino-acid ABC transporter-binding protein
[01:48:57] Modify product: Uncharacterized sugar transferase EpsL => putative sugar transferase EpsL
[01:48:57] Modify product: Probable cell wall hydrolase LytN => putative cell wall hydrolase LytN
[01:48:57] Modify product: Putative phosphatase M6_Spy0533 => Putative phosphatase
[01:48:57] Modify product: Uncharacterized ABC transporter ATP-binding protein YlmA => putative ABC transporter ATP-binding protein YlmA
[01:48:57] Modify product: Uncharacterized sugar epimerase YhfK => putative sugar epimerase YhfK
[01:48:57] Modify product: Uncharacterized ABC transporter solute-binding protein YclQ => putative ABC transporter solute-binding protein YclQ
[01:48:57] Modify product: Probable undecaprenyl-phosphate N-acetylglucosaminyl 1-phosphate transferase => putative undecaprenyl-phosphate N-acetylglucosaminyl 1-phosphate transferase
[01:48:57] Modify product: DegV domain-containing protein SA0704 => DegV domain-containing protein
[01:48:57] Modify product: Uncharacterized ABC transporter ATP-binding protein YbiT => putative ABC transporter ATP-binding protein YbiT
[01:48:57] Modify product: Uncharacterized hydrolase YxeP => putative hydrolase YxeP
[01:48:58] Modify product: Probable transglycosylase SceD => putative transglycosylase SceD
[01:48:58] Modify product: Putative aldehyde dehydrogenase SAV2122 => Putative aldehyde dehydrogenase
[01:48:58] Modify product: Probable DNA-directed RNA polymerase subunit delta => putative DNA-directed RNA polymerase subunit delta
[01:48:58] Modify product: Putative multidrug export ATP-binding/permease protein SA1683 => Putative multidrug export ATP-binding/permease protein
[01:48:58] Modify product: Uncharacterized acyl-CoA thioester hydrolase HI_0827 => putative acyl-CoA thioester hydrolase
[01:48:58] Modify product: Uncharacterized ABC transporter ATP-binding protein Rv0986 => putative ABC transporter ATP-binding protein
[01:48:58] Modify product: Serine protease HtrA-like => Serine protease HtrA-like protein
[01:48:58] Modify product: Probable glycolipid permease LtaA => putative glycolipid permease LtaA
[01:48:58] Modify product: Putative phosphoesterase SA0873 => Putative phosphoesterase
[01:48:58] Modify product: Uncharacterized HTH-type transcriptional regulator YbbH => putative HTH-type transcriptional regulator YbbH
[01:48:58] Modify product: Probable transport protein YifK => putative transport protein YifK
[01:48:58] Modify product: Phosphorylated carbohydrates phosphatase TM_1254 => Phosphorylated carbohydrates phosphatase
[01:48:58] Modify product: Uncharacterized oxidoreductase YghA => putative oxidoreductase YghA
[01:48:58] Modify product: Uncharacterized hydrolase YxeP => putative hydrolase YxeP
[01:48:58] Modify product: Probable multidrug resistance protein EmrK => putative multidrug resistance protein EmrK
[01:48:58] Modify product: Uncharacterized ABC transporter permease Rv0072 => putative ABC transporter permease
[01:48:58] Modify product: Uncharacterized HTH-type transcriptional regulator SACOL2360 => putative HTH-type transcriptional regulator
[01:48:58] Modify product: Probable ATP-dependent helicase DinG homolog => putative ATP-dependent helicase DinG 
[01:48:58] Modify product: Probable transglycosylase IsaA => putative transglycosylase IsaA
[01:48:58] Modify product: Uncharacterized hydrolase SA2367 => putative hydrolase
[01:48:58] Modify product: Uncharacterized amino acid permease YhdG => putative amino acid permease YhdG
[01:48:58] Modify product: Probable malate:quinone oxidoreductase 2 => putative malate:quinone oxidoreductase 2
[01:48:58] Modify product: Uncharacterized metallophosphoesterase YhaO => putative metallophosphoesterase YhaO
[01:48:58] Modify product: Uncharacterized lipoprotein SA0397 => putative lipoprotein
[01:48:58] Modify product: Uncharacterized lipoprotein SA0397 => putative lipoprotein
[01:48:58] Modify product: Uncharacterized lipoprotein SA0397 => putative lipoprotein
[01:48:58] Modify product: Uncharacterized lipoprotein SAOUHSC_00053 => putative lipoprotein
[01:48:58] Modify product: Uncharacterized lipoprotein SA0397 => putative lipoprotein
[01:48:58] Modify product: Uncharacterized lipoprotein SA0397 => putative lipoprotein
[01:48:58] Modify product: Uncharacterized lipoprotein SA0397 => putative lipoprotein
[01:48:58] Modify product: Uncharacterized lipoprotein SA0397 => putative lipoprotein
[01:48:58] Modify product: Uncharacterized lipoprotein SAOUHSC_00053 => putative lipoprotein
[01:48:58] Modify product: Uncharacterized lipoprotein SAOUHSC_00053 => putative lipoprotein
[01:48:58] Modify product: Probable D-methionine-binding lipoprotein MetQ => putative D-methionine-binding lipoprotein MetQ
[01:48:58] Modify product: Nucleoid-associated protein SA0437 => Nucleoid-associated protein
[01:48:58] Modify product: Uncharacterized N-acetyltransferase SA1019 => putative N-acetyltransferase
[01:48:58] Modify product: Probable quinol oxidase subunit 2 => putative quinol oxidase subunit 2
[01:48:58] Modify product: Probable quinol oxidase subunit 1 => putative quinol oxidase subunit 1
[01:48:58] Modify product: Acetyltransferase SACOL1063 => Acetyltransferase
[01:48:58] Modify product: Probable protein-export membrane protein SecG => putative protein-export membrane protein SecG
[01:48:58] Modify product: Epimerase family protein SA0724 => Epimerase family protein
[01:48:58] Modify product: Nucleotide-binding protein SA0720 => Nucleotide-binding protein
[01:48:58] Modify product: DegV domain-containing protein MW1315 => DegV domain-containing protein
[01:48:58] Modify product: Probable CtpA-like serine protease => putative CtpA-like serine protease
[01:48:58] Modify product: NAD(P)H-dependent FAD/FMN reductase GTNG_3158 => NAD(P)H-dependent FAD/FMN reductase
[01:48:58] Modify product: Probable iron uptake system component EfeM => putative iron uptake system component EfeM
[01:48:58] Modify product: Probable deferrochelatase/peroxidase EfeN => putative deferrochelatase/peroxidase EfeN
[01:48:58] Modify product: Probable acetyl-CoA acyltransferase => putative acetyl-CoA acyltransferase
[01:48:58] Modify product: Uncharacterized MscS family protein YkuT => putative MscS family protein YkuT
[01:48:58] Modify product: Probable dual-specificity RNA methyltransferase RlmN => putative dual-specificity RNA methyltransferase RlmN
[01:48:58] Modify product: Probable cell wall hydrolase LytN => putative cell wall hydrolase LytN
[01:48:58] Modify product: Uncharacterized ABC transporter ATP-binding protein YxlF => putative ABC transporter ATP-binding protein YxlF
[01:48:58] Modify product: Uncharacterized glycosyltransferase EpsJ => putative glycosyltransferase EpsJ
[01:48:58] Modify product: Uncharacterized ABC transporter ATP-binding protein Rv0986 => putative ABC transporter ATP-binding protein
[01:48:58] Modify product: Uncharacterized oxidoreductase SA2266 => putative oxidoreductase
[01:48:58] Modify product: Uncharacterized oxidoreductase SA2266 => putative oxidoreductase
[01:48:59] Modify product: Uncharacterized lipoprotein YehR => putative lipoprotein YehR
[01:48:59] Modify product: Probable iron export ATP-binding protein FetA => putative iron export ATP-binding protein FetA
[01:48:59] Modify product: Probable iron export permease protein FetB => putative iron export permease protein FetB
[01:48:59] Modify product: Probable nitrate transporter NarT => putative nitrate transporter NarT
[01:48:59] Modify product: Uncharacterized HTH-type transcriptional regulator YbbH => putative HTH-type transcriptional regulator YbbH
[01:48:59] Modify product: PTS system EIIBC component SA0186 => PTS system EIIBC component
[01:48:59] Modify product: Putative surface protein SA2285 => Putative surface protein
[01:48:59] Modify product: Uncharacterized lipoprotein SA2273 => putative lipoprotein
[01:48:59] Modify product: Uncharacterized lipoprotein SA2273 => putative lipoprotein
[01:48:59] Modify product: Uncharacterized lipoprotein SA2273 => putative lipoprotein
[01:48:59] Modify product: Uncharacterized oxidoreductase SA2266 => putative oxidoreductase
[01:48:59] Modify product: Probable antitoxin YezG => putative antitoxin YezG
[01:48:59] Modify product: Probable antitoxin YezG => putative antitoxin YezG
[01:48:59] Modify product: Probable antitoxin YezG => putative antitoxin YezG
[01:48:59] Modify product: Probable tRNA-dihydrouridine synthase => putative tRNA-dihydrouridine synthase
[01:48:59] Modify product: Probable multidrug resistance protein EmrY => putative multidrug resistance protein EmrY
[01:48:59] Modify product: Probable manganese-dependent inorganic pyrophosphatase => putative manganese-dependent inorganic pyrophosphatase
[01:48:59] Modify product: N-acetylmuramoyl-L-alanine amidase domain-containing protein SAOUHSC_02979 => N-acetylmuramoyl-L-alanine amidase domain-containing protein
[01:48:59] Modify product: Uncharacterized membrane protein Rv0364 => putative membrane protein
[01:48:59] Modify product: Probable sulfoacetate transporter SauU => putative sulfoacetate transporter SauU
[01:48:59] Modify product: Uncharacterized HTH-type transcriptional regulator YbbH => putative HTH-type transcriptional regulator YbbH
[01:48:59] Modify product: Uncharacterized lipoprotein SAOUHSC_00053 => putative lipoprotein
[01:48:59] Modify product: Probable antitoxin YezG => putative antitoxin YezG
[01:48:59] Modify product: Probable antitoxin YezG => putative antitoxin YezG
[01:48:59] Modify product: Probable antitoxin YezG => putative antitoxin YezG
[01:48:59] Modify product: Probable antitoxin YezG => putative antitoxin YezG
[01:48:59] Modify product: Probable antitoxin YezG => putative antitoxin YezG
[01:48:59] Modify product: Uncharacterized HTH-type transcriptional regulator HI_1476 => putative HTH-type transcriptional regulator
[01:48:59] Modify product: Uncharacterized ABC transporter ATP-binding protein YxlF => putative ABC transporter ATP-binding protein YxlF
[01:48:59] Modify product: Uncharacterized lipoprotein SAOUHSC_00053 => putative lipoprotein
[01:48:59] Modify product: Uncharacterized ABC transporter ATP-binding protein YxlF => putative ABC transporter ATP-binding protein YxlF
[01:48:59] Modify product: Uncharacterized ABC transporter ATP-binding protein YbhF => putative ABC transporter ATP-binding protein YbhF
[01:48:59] Modify product: Uncharacterized HTH-type transcriptional regulator YydK => putative HTH-type transcriptional regulator YydK
[01:48:59] Modify product: Probable siderophore-binding lipoprotein YfiY => putative siderophore-binding lipoprotein YfiY
[01:48:59] Modify product: Probable siderophore biosynthesis protein SbnA => putative siderophore biosynthesis protein SbnA
[01:48:59] Modify product: Uncharacterized leukocidin-like protein 2 => putative leukocidin-like protein 2
[01:48:59] Modify product: Uncharacterized leukocidin-like protein 1 => putative leukocidin-like protein 1
[01:48:59] Modify product: NAD(P)H-dependent FAD/FMN reductase GTNG_3158 => NAD(P)H-dependent FAD/FMN reductase
[01:48:59] Modify product: Uncharacterized oxidoreductase SpyM50865 => putative oxidoreductase
[01:48:59] Modify product: Putative monooxygenase Rv1533 => Putative monooxygenase
[01:48:59] Modify product: N-acetylmuramoyl-L-alanine amidase domain-containing protein SAOUHSC_02979 => N-acetylmuramoyl-L-alanine amidase domain-containing protein
[01:48:59] Modify product: Uncharacterized ABC transporter ATP-binding protein YxlF => putative ABC transporter ATP-binding protein YxlF
[01:48:59] Modify product: Uncharacterized lipoprotein SA0397 => putative lipoprotein
[01:48:59] Modify product: Uncharacterized lipoprotein SAOUHSC_00053 => putative lipoprotein
[01:48:59] Modify product: Uncharacterized lipoprotein SAOUHSC_00053 => putative lipoprotein
[01:48:59] Modify product: Probable siderophore transport system permease protein YfiZ => putative siderophore transport system permease protein YfiZ
[01:48:59] Modify product: Probable siderophore transport system permease protein YfhA => putative siderophore transport system permease protein YfhA
[01:48:59] Modify product: Probable cell wall hydrolase LytN => putative cell wall hydrolase LytN
[01:48:59] Modify product: Probable peptide export permease protein YydJ => putative peptide export permease protein YydJ
[01:48:59] Modify product: Probable peptide export ATP-binding protein YydI => putative peptide export ATP-binding protein YydI
[01:48:59] Modify product: Uncharacterized MscS family protein YkuT => putative MscS family protein YkuT
[01:48:59] Modify product: Probable formate transporter 1 => putative formate transporter 1
[01:48:59] Modify product: Uncharacterized ABC transporter permease Rv0072 => putative ABC transporter permease
[01:48:59] Modify product: Glutathione peroxidase homolog BsaA => Glutathione peroxidase  BsaA
[01:48:59] Modify product: Putative esterase aq_1494 => Putative esterase
[01:48:59] Modify product: Putative acetyltransferase SACOL2570 => Putative acetyltransferase
[01:48:59] Modify product: Probable 3-hydroxyacyl-CoA dehydrogenase => putative 3-hydroxyacyl-CoA dehydrogenase
[01:48:59] Modify product: Uncharacterized sensor-like histidine kinase SACOL0202 => putative sensor-like histidine kinase
[01:48:59] Modify product: Uncharacterized response regulatory protein SACOL0201 => putative response regulatory protein
[01:48:59] Modify product: Probable licABCH operon regulator => putative licABCH operon regulator
[01:48:59] Modify product: TelA-like protein SA1238 => TelA-like protein
[01:49:00] Modify product: Uncharacterized ABC transporter ATP-binding protein YxlF => putative ABC transporter ATP-binding protein YxlF
[01:49:00] Modify product: Probable amino-acid metabolite efflux pump => putative amino-acid metabolite efflux pump
[01:49:00] Modify product: Probable siderophore transport system permease protein YfhA => putative siderophore transport system permease protein YfhA
[01:49:00] Modify product: Probable siderophore transport system permease protein YfiZ => putative siderophore transport system permease protein YfiZ
[01:49:00] Modify product: Probable adenylyltransferase/sulfurtransferase MoeZ => putative adenylyltransferase/sulfurtransferase MoeZ
[01:49:00] Modify product: Probable L-asparaginase => putative L-asparaginase
[01:49:00] Modify product: Putative NAD(P)H nitroreductase SA2311 => Putative NAD(P)H nitroreductase
[01:49:00] Modify product: Uncharacterized inner membrane transporter YicL => putative inner membrane transporter YicL
[01:49:00] Modify product: Putative esterase aq_1494 => Putative esterase
[01:49:00] Modify product: Uncharacterized HTH-type transcriptional regulator YydK => putative HTH-type transcriptional regulator YydK
[01:49:00] Modify product: Probable glucose uptake protein GlcU => putative glucose uptake protein GlcU
[01:49:00] Modify product: Probable tRNA-dihydrouridine synthase => putative tRNA-dihydrouridine synthase
[01:49:00] Modify product: Probable tRNA-dihydrouridine synthase => putative tRNA-dihydrouridine synthase
[01:49:00] Modify product: Probable poly-beta-1,6-N-acetyl-D-glucosamine export protein => putative poly-beta-1,6-N-acetyl-D-glucosamine export protein
[01:49:00] Modify product: Probable malate:quinone oxidoreductase 1 => putative malate:quinone oxidoreductase 1
[01:49:00] Modify product: Uncharacterized lipoprotein SA2158 => putative lipoprotein
[01:49:00] Modify product: Uncharacterized 27.7 kDa protein => putative 27.7 kDa protein
[01:49:00] Modify product: Probable tautomerase SA1195.1 => putative tautomerase.1
[01:49:00] Modify product: Uncharacterized lipoprotein SAOUHSC_00053 => putative lipoprotein
[01:49:00] Modify product: Uncharacterized lipoprotein SAOUHSC_00053 => putative lipoprotein
[01:49:00] Modify product: Uncharacterized lipoprotein SAOUHSC_00053 => putative lipoprotein
[01:49:00] Modify product: Uncharacterized lipoprotein SAOUHSC_00053 => putative lipoprotein
[01:49:00] Modify product: Uncharacterized hydrolase YxeP => putative hydrolase YxeP
[01:49:00] Modify product: Acetyltransferase PA2578 => Acetyltransferase
[01:49:00] Modify product: Probable multidrug resistance protein EmrY => putative multidrug resistance protein EmrY
[01:49:00] Modify product: Uncharacterized zinc protease Rv2782c => putative zinc protease
[01:49:00] Modify product: Probable antitoxin YezG => putative antitoxin YezG
[01:49:00] Modify product: Uncharacterized lipoprotein SAOUHSC_00053 => putative lipoprotein
[01:49:00] Modify product: Uncharacterized lipoprotein SAOUHSC_00052 => putative lipoprotein
[01:49:00] Modify product: Uncharacterized oxidoreductase SA2266 => putative oxidoreductase
[01:49:00] Modify product: Uncharacterized lipoprotein SAOUHSC_00053 => putative lipoprotein
[01:49:00] Modify product: Probable antitoxin YezG => putative antitoxin YezG
[01:49:00] Modify product: Acetyltransferase SACOL1063 => Acetyltransferase
[01:49:00] Modify product: Dihydrofolate reductase type 1 from Tn4003 => Dihydrofolate reductase type 1 from
[01:49:00] Modify product: Glutathione peroxidase homolog BsaA => Glutathione peroxidase  BsaA
[01:49:00] Modify product: Uncharacterized ABC transporter ATP-binding protein YknY => putative ABC transporter ATP-binding protein YknY
[01:49:00] Modify product: Probable antitoxin YezG => putative antitoxin YezG
[01:49:00] Modify product: Probable HTH-type transcriptional regulator YgaV => putative HTH-type transcriptional regulator YgaV
[01:49:00] Modify product: Phosphate-specific transport system accessory protein PhoU homolog => Phosphate-specific transport system accessory protein PhoU 
[01:49:00] Modify product: Uncharacterized hydrolase HI_0588 => putative hydrolase
[01:49:00] Modify product: Uncharacterized ABC transporter ATP-binding protein YlmA => putative ABC transporter ATP-binding protein YlmA
[01:49:00] Modify product: Uncharacterized sugar epimerase YhfK => putative sugar epimerase YhfK
[01:49:00] Modify product: Zinc-type alcohol dehydrogenase-like protein SA1988 => Zinc-type alcohol dehydrogenase-like protein
[01:49:00] Modify product: Uncharacterized peptidase SA1530 => putative peptidase
[01:49:00] Modify product: Putative lipid kinase SAR0780 => Putative lipid kinase
[01:49:00] Cleaned 245 /product names
[01:49:00] Deleting unwanted file: /home/fsepulveda/Documents/parte1/output_sa8630/output_prokka/sprot.faa
[01:49:00] Deleting unwanted file: /home/fsepulveda/Documents/parte1/output_sa8630/output_prokka/sprot.blast
[01:49:01] There are still 1931 unannotated CDS left (started with 3962)
[01:49:01] Will use hmmer3 to search against /home/fsepulveda/Desktop/tesis/sccmec_classification/prokka-1.12/bin/../db/hmm/HAMAP.hmm with 4 CPUs
[01:49:01] Running: cat \/home\/fsepulveda\/Documents\/parte1\/output_sa8630\/output_prokka\/HAMAP\.hmm\.faa | parallel --gnu --plain -j 4 --block 41408 --recstart '>' --pipe hmmscan --noali --notextw --acc -E 1e-06 --cpu 1 /home/fsepulveda/Desktop/tesis/sccmec_classification/prokka-1.12/bin/../db/hmm/HAMAP.hmm /dev/stdin > \/home\/fsepulveda\/Documents\/parte1\/output_sa8630\/output_prokka\/HAMAP\.hmm\.hmmer3 2> /dev/null
[01:49:42] Modify product: Protein SprT-like => Protein SprT-like protein
[01:49:42] Cleaned 1 /product names
[01:49:42] Deleting unwanted file: /home/fsepulveda/Documents/parte1/output_sa8630/output_prokka/HAMAP.hmm.faa
[01:49:42] Deleting unwanted file: /home/fsepulveda/Documents/parte1/output_sa8630/output_prokka/HAMAP.hmm.hmmer3
[01:49:42] Labelling remaining 1865 proteins as 'hypothetical protein'
[01:49:42] Possible /pseudo 'putative protease YdcP' at gnl|10|saureus_1 position 159840
[01:49:42] Possible /pseudo 'Replication initiation protein' at gnl|10|saureus_3 position 93797
[01:49:42] Possible /pseudo 'Phosphate-import permease protein PhnE' at gnl|10|saureus_3 position 102861
[01:49:42] Possible /pseudo 'Poly(glycerol-phosphate) alpha-glucosyltransferase' at gnl|10|saureus_6 position 32660
[01:49:42] Possible /pseudo 'Extracellular matrix protein-binding protein emp' at gnl|10|saureus_7 position 10608
[01:49:42] Possible /pseudo 'Signal peptidase IB' at gnl|10|saureus_7 position 79013
[01:49:42] Possible /pseudo 'putative lipoprotein' at gnl|10|saureus_16 position 455
[01:49:42] Possible /pseudo 'putative lipoprotein' at gnl|10|saureus_16 position 1259
[01:49:42] Possible /pseudo 'putative lipoprotein' at gnl|10|saureus_16 position 2078
[01:49:42] Possible /pseudo 'putative lipoprotein' at gnl|10|saureus_16 position 2930
[01:49:42] Possible /pseudo 'putative lipoprotein' at gnl|10|saureus_16 position 3775
[01:49:42] Possible /pseudo 'putative lipoprotein' at gnl|10|saureus_16 position 4594
[01:49:42] Possible /pseudo 'putative lipoprotein' at gnl|10|saureus_16 position 5425
[01:49:42] Possible /pseudo 'putative lipoprotein' at gnl|10|saureus_16 position 6244
[01:49:42] Possible /pseudo 'putative lipoprotein' at gnl|10|saureus_16 position 7160
[01:49:42] Possible /pseudo 'Antibacterial protein 3' at gnl|10|saureus_28 position 10550
[01:49:42] Possible /pseudo 'putative lipoprotein' at gnl|10|saureus_45 position 9924
[01:49:42] Possible /pseudo 'putative antitoxin YezG' at gnl|10|saureus_46 position 3476
[01:49:42] Possible /pseudo '65 kDa membrane protein' at gnl|10|saureus_60 position 1185
[01:49:42] Possible /pseudo 'putative lipoprotein' at gnl|10|saureus_89 position 877
[01:49:42] Possible /pseudo 'putative lipoprotein' at gnl|10|saureus_89 position 1711
[01:49:42] Possible /pseudo 'putative lipoprotein' at gnl|10|saureus_89 position 2497
[01:49:42] Possible /pseudo 'putative antitoxin YezG' at gnl|10|saureus_118 position 960
[01:49:42] Possible /pseudo 'putative antitoxin YezG' at gnl|10|saureus_118 position 1471
[01:49:42] Possible /pseudo 'putative antitoxin YezG' at gnl|10|saureus_118 position 2488
[01:49:42] Possible /pseudo 'Nisin biosynthesis protein NisB' at gnl|10|saureus_122 position 2535
[01:49:42] Possible /pseudo 'Enterotoxin type D' at gnl|10|saureus_127 position 1568
[01:49:42] Possible /pseudo 'Putative fluoride ion transporter CrcB' at gnl|10|saureus_159 position 1076
[01:49:42] Possible /pseudo 'Serine protease SplE' at gnl|10|saureus_162 position 1396
[01:49:42] Possible /pseudo '2-deoxystreptamine glucosyltransferase' at gnl|10|saureus_179 position 1128
[01:49:42] Possible /pseudo 'putative lipoprotein' at gnl|10|saureus_212 position 313
[01:49:42] Possible /pseudo 'putative lipoprotein' at gnl|10|saureus_212 position 1174
[01:49:42] Found 1514 unique /gene codes.
[01:49:42] Fixed 3 duplicate /gene - isaB_1 isaB_2 isaB_3
[01:49:42] Fixed 2 duplicate /gene - feoB_1 feoB_2
[01:49:42] Fixed 2 duplicate /gene - Int-Tn_1 Int-Tn_2
[01:49:42] Fixed 3 duplicate /gene - tcyC_1 tcyC_2 tcyC_3
[01:49:42] Fixed 2 duplicate /gene - metI_1 metI_2
[01:49:42] Fixed 2 duplicate /gene - rspR_1 rspR_2
[01:49:42] Fixed 2 duplicate /gene - manR_1 manR_2
[01:49:42] Fixed 2 duplicate /gene - rplP_1 rplP_2
[01:49:42] Fixed 2 duplicate /gene - fnbA_1 fnbA_2
[01:49:42] Fixed 3 duplicate /gene - bsaA_1 bsaA_2 bsaA_3
[01:49:42] Fixed 2 duplicate /gene - argJ_1 argJ_2
[01:49:42] Fixed 2 duplicate /gene - gsiC_1 gsiC_2
[01:49:42] Fixed 2 duplicate /gene - mrpA_1 mrpA_2
[01:49:42] Fixed 2 duplicate /gene - murJ_1 murJ_2
[01:49:42] Fixed 3 duplicate /gene - bceA_1 bceA_2 bceA_3
[01:49:42] Fixed 5 duplicate /gene - scn_1 scn_2 scn_3 scn_4 scn_5
[01:49:42] Fixed 2 duplicate /gene - pheT_1 pheT_2
[01:49:42] Fixed 2 duplicate /gene - narH_1 narH_2
[01:49:42] Fixed 3 duplicate /gene - yfmC_1 yfmC_2 yfmC_3
[01:49:42] Fixed 2 duplicate /gene - cap8A_1 cap8A_2
[01:49:42] Fixed 3 duplicate /gene - citN_1 citN_2 citN_3
[01:49:42] Fixed 2 duplicate /gene - ykoC_1 ykoC_2
[01:49:42] Fixed 2 duplicate /gene - ddl_1 ddl_2
[01:49:42] Fixed 2 duplicate /gene - tcyB_1 tcyB_2
[01:49:42] Fixed 3 duplicate /gene - brnQ_1 brnQ_2 brnQ_3
[01:49:42] Fixed 2 duplicate /gene - lytM_1 lytM_2
[01:49:42] Fixed 2 duplicate /gene - argR_1 argR_2
[01:49:42] Fixed 2 duplicate /gene - fbp_1 fbp_2
[01:49:42] Fixed 2 duplicate /gene - gatC_1 gatC_2
[01:49:42] Fixed 2 duplicate /gene - clpX_1 clpX_2
[01:49:42] Fixed 4 duplicate /gene - xerC_1 xerC_2 xerC_3 xerC_4
[01:49:42] Fixed 3 duplicate /gene - nikB_1 nikB_2 nikB_3
[01:49:42] Fixed 2 duplicate /gene - emp_1 emp_2
[01:49:42] Fixed 3 duplicate /gene - rluD_1 rluD_2 rluD_3
[01:49:42] Fixed 3 duplicate /gene - emrY_1 emrY_2 emrY_3
[01:49:42] Fixed 2 duplicate /gene - atpD_1 atpD_2
[01:49:42] Fixed 2 duplicate /gene - dnaX_1 dnaX_2
[01:49:42] Fixed 2 duplicate /gene - lysP_1 lysP_2
[01:49:42] Fixed 2 duplicate /gene - azoR_1 azoR_2
[01:49:42] Fixed 2 duplicate /gene - cadC_1 cadC_2
[01:49:42] Fixed 2 duplicate /gene - fib_1 fib_2
[01:49:42] Fixed 2 duplicate /gene - acsA_1 acsA_2
[01:49:42] Fixed 2 duplicate /gene - ilvD_1 ilvD_2
[01:49:42] Fixed 2 duplicate /gene - katA_1 katA_2
[01:49:42] Fixed 2 duplicate /gene - isdH_1 isdH_2
[01:49:42] Fixed 2 duplicate /gene - murF_1 murF_2
[01:49:42] Fixed 2 duplicate /gene - bacC_1 bacC_2
[01:49:42] Fixed 2 duplicate /gene - dapA_1 dapA_2
[01:49:42] Fixed 2 duplicate /gene - bmrA_1 bmrA_2
[01:49:42] Fixed 2 duplicate /gene - nixA_1 nixA_2
[01:49:42] Fixed 2 duplicate /gene - infA_1 infA_2
[01:49:42] Fixed 8 duplicate /gene - lpl2_1 lpl2_2 lpl2_3 lpl2_4 lpl2_5 lpl2_6 lpl2_7 lpl2_8
[01:49:42] Fixed 2 duplicate /gene - mshA_1 mshA_2
[01:49:42] Fixed 3 duplicate /gene - est_1 est_2 est_3
[01:49:42] Fixed 2 duplicate /gene - ydcP_1 ydcP_2
[01:49:42] Fixed 2 duplicate /gene - menH_1 menH_2
[01:49:42] Fixed 2 duplicate /gene - hly_1 hly_2
[01:49:42] Fixed 2 duplicate /gene - trpC_1 trpC_2
[01:49:42] Fixed 3 duplicate /gene - rimI_1 rimI_2 rimI_3
[01:49:42] Fixed 2 duplicate /gene - rpmG2_1 rpmG2_2
[01:49:42] Fixed 2 duplicate /gene - oppC_1 oppC_2
[01:49:42] Fixed 2 duplicate /gene - norG_1 norG_2
[01:49:42] Fixed 2 duplicate /gene - kanF_1 kanF_2
[01:49:42] Fixed 2 duplicate /gene - repN_1 repN_2
[01:49:42] Fixed 3 duplicate /gene - trpG_1 trpG_2 trpG_3
[01:49:42] Fixed 2 duplicate /gene - moeZ_1 moeZ_2
[01:49:42] Fixed 4 duplicate /gene - hin_1 hin_2 hin_3 hin_4
[01:49:42] Fixed 2 duplicate /gene - oatA_1 oatA_2
[01:49:42] Fixed 2 duplicate /gene - scdA_1 scdA_2
[01:49:42] Fixed 2 duplicate /gene - lss_1 lss_2
[01:49:42] Fixed 2 duplicate /gene - ampR_1 ampR_2
[01:49:42] Fixed 2 duplicate /gene - nrdF_1 nrdF_2
[01:49:42] Fixed 2 duplicate /gene - czrA_1 czrA_2
[01:49:42] Fixed 4 duplicate /gene - graR_1 graR_2 graR_3 graR_4
[01:49:42] Fixed 2 duplicate /gene - thrC_1 thrC_2
[01:49:42] Fixed 2 duplicate /gene - potA_1 potA_2
[01:49:42] Fixed 2 duplicate /gene - melR_1 melR_2
[01:49:42] Fixed 2 duplicate /gene - accB_1 accB_2
[01:49:42] Fixed 2 duplicate /gene - glpP_1 glpP_2
[01:49:42] Fixed 2 duplicate /gene - birA_1 birA_2
[01:49:42] Fixed 2 duplicate /gene - lacC_1 lacC_2
[01:49:42] Fixed 2 duplicate /gene - rpmA_1 rpmA_2
[01:49:42] Fixed 2 duplicate /gene - trpD2_1 trpD2_2
[01:49:42] Fixed 2 duplicate /gene - gatB_1 gatB_2
[01:49:42] Fixed 2 duplicate /gene - lapB_1 lapB_2
[01:49:42] Fixed 2 duplicate /gene - clpB_1 clpB_2
[01:49:42] Fixed 3 duplicate /gene - nupC_1 nupC_2 nupC_3
[01:49:42] Fixed 2 duplicate /gene - carA_1 carA_2
[01:49:42] Fixed 2 duplicate /gene - hisF_1 hisF_2
[01:49:42] Fixed 3 duplicate /gene - der_1 der_2 der_3
[01:49:42] Fixed 2 duplicate /gene - phoU_1 phoU_2
[01:49:42] Fixed 2 duplicate /gene - yecD_1 yecD_2
[01:49:42] Fixed 2 duplicate /gene - ywqD_1 ywqD_2
[01:49:42] Fixed 2 duplicate /gene - menB_1 menB_2
[01:49:42] Fixed 2 duplicate /gene - nasE_1 nasE_2
[01:49:42] Fixed 2 duplicate /gene - kipA_1 kipA_2
[01:49:42] Fixed 2 duplicate /gene - nirC_1 nirC_2
[01:49:42] Fixed 2 duplicate /gene - bltD_1 bltD_2
[01:49:42] Fixed 2 duplicate /gene - cysA_1 cysA_2
[01:49:42] Fixed 3 duplicate /gene - gsiD_1 gsiD_2 gsiD_3
[01:49:42] Fixed 2 duplicate /gene - yugI_1 yugI_2
[01:49:42] Fixed 2 duplicate /gene - rpsH_1 rpsH_2
[01:49:42] Fixed 2 duplicate /gene - ssaA_1 ssaA_2
[01:49:42] Fixed 3 duplicate /gene - gltB_1 gltB_2 gltB_3
[01:49:42] Fixed 2 duplicate /gene - pdhC_1 pdhC_2
[01:49:42] Fixed 2 duplicate /gene - nth_1 nth_2
[01:49:42] Fixed 2 duplicate /gene - dnaD_1 dnaD_2
[01:49:42] Fixed 2 duplicate /gene - nreB_1 nreB_2
[01:49:42] Fixed 2 duplicate /gene - tadA_1 tadA_2
[01:49:42] Fixed 3 duplicate /gene - graS_1 graS_2 graS_3
[01:49:42] Fixed 2 duplicate /gene - mnaA_1 mnaA_2
[01:49:42] Fixed 2 duplicate /gene - nasD_1 nasD_2
[01:49:42] Fixed 2 duplicate /gene - nadE_1 nadE_2
[01:49:42] Fixed 2 duplicate /gene - arlR_1 arlR_2
[01:49:42] Fixed 2 duplicate /gene - leuA_1 leuA_2
[01:49:42] Fixed 2 duplicate /gene - ebhA_1 ebhA_2
[01:49:42] Fixed 2 duplicate /gene - msrAB_1 msrAB_2
[01:49:42] Fixed 4 duplicate /gene - gph_1 gph_2 gph_3 gph_4
[01:49:42] Fixed 2 duplicate /gene - psuK_1 psuK_2
[01:49:42] Fixed 3 duplicate /gene - splE_1 splE_2 splE_3
[01:49:42] Fixed 2 duplicate /gene - panC_1 panC_2
[01:49:42] Fixed 3 duplicate /gene - fecD_1 fecD_2 fecD_3
[01:49:42] Fixed 2 duplicate /gene - polC_1 polC_2
[01:49:42] Fixed 3 duplicate /gene - mhqA_1 mhqA_2 mhqA_3
[01:49:42] Fixed 2 duplicate /gene - smc_1 smc_2
[01:49:42] Fixed 4 duplicate /gene - yxeP_1 yxeP_2 yxeP_3 yxeP_4
[01:49:42] Fixed 2 duplicate /gene - iucC_1 iucC_2
[01:49:42] Fixed 2 duplicate /gene - menG_1 menG_2
[01:49:42] Fixed 3 duplicate /gene - feuC_1 feuC_2 feuC_3
[01:49:42] Fixed 2 duplicate /gene - queE_1 queE_2
[01:49:42] Fixed 2 duplicate /gene - bcr_1 bcr_2
[01:49:42] Fixed 3 duplicate /gene - cspA_1 cspA_2 cspA_3
[01:49:42] Fixed 2 duplicate /gene - gloB_1 gloB_2
[01:49:42] Fixed 2 duplicate /gene - nanA_1 nanA_2
[01:49:42] Fixed 2 duplicate /gene - pcrA_1 pcrA_2
[01:49:42] Fixed 2 duplicate /gene - sle1_1 sle1_2
[01:49:42] Fixed 2 duplicate /gene - gpmA_1 gpmA_2
[01:49:42] Fixed 2 duplicate /gene - yclQ_1 yclQ_2
[01:49:42] Fixed 2 duplicate /gene - thrB_1 thrB_2
[01:49:42] Fixed 2 duplicate /gene - ftsK_1 ftsK_2
[01:49:42] Fixed 4 duplicate /gene - lytN_1 lytN_2 lytN_3 lytN_4
[01:49:42] Fixed 2 duplicate /gene - bbp_1 bbp_2
[01:49:42] Fixed 2 duplicate /gene - argC_1 argC_2
[01:49:42] Fixed 2 duplicate /gene - rnhA_1 rnhA_2
[01:49:42] Fixed 2 duplicate /gene - dhaL_1 dhaL_2
[01:49:42] Fixed 2 duplicate /gene - nrgA_1 nrgA_2
[01:49:42] Fixed 4 duplicate /gene - femA_1 femA_2 femA_3 femA_4
[01:49:42] Fixed 2 duplicate /gene - fabG_1 fabG_2
[01:49:42] Fixed 2 duplicate /gene - rpsA_1 rpsA_2
[01:49:42] Fixed 11 duplicate /gene - yezG_1 yezG_2 yezG_3 yezG_4 yezG_5 yezG_6 yezG_7 yezG_8 yezG_9 yezG_10 yezG_11
[01:49:42] Fixed 2 duplicate /gene - yhdN_1 yhdN_2
[01:49:42] Fixed 2 duplicate /gene - alr1_1 alr1_2
[01:49:42] Fixed 2 duplicate /gene - glcU_1 glcU_2
[01:49:42] Fixed 2 duplicate /gene - recG_1 recG_2
[01:49:42] Fixed 2 duplicate /gene - rnmV_1 rnmV_2
[01:49:42] Fixed 3 duplicate /gene - cycA_1 cycA_2 cycA_3
[01:49:42] Fixed 2 duplicate /gene - hutH_1 hutH_2
[01:49:42] Fixed 2 duplicate /gene - suhB_1 suhB_2
[01:49:42] Fixed 2 duplicate /gene - patA_1 patA_2
[01:49:42] Fixed 3 duplicate /gene - yciC_1 yciC_2 yciC_3
[01:49:42] Fixed 5 duplicate /gene - ssbA_1 ssbA_2 ssbA_3 ssbA_4 ssbA_5
[01:49:42] Fixed 2 duplicate /gene - trpE_1 trpE_2
[01:49:42] Fixed 2 duplicate /gene - hlb_1 hlb_2
[01:49:42] Fixed 2 duplicate /gene - hlgC_1 hlgC_2
[01:49:42] Fixed 2 duplicate /gene - gloC_1 gloC_2
[01:49:42] Fixed 2 duplicate /gene - argB_1 argB_2
[01:49:42] Fixed 2 duplicate /gene - ricR_1 ricR_2
[01:49:42] Fixed 2 duplicate /gene - mepM_1 mepM_2
[01:49:42] Fixed 2 duplicate /gene - ktrB_1 ktrB_2
[01:49:42] Fixed 2 duplicate /gene - aldC_1 aldC_2
[01:49:42] Fixed 2 duplicate /gene - ywqN_1 ywqN_2
[01:49:42] Fixed 2 duplicate /gene - oppF_1 oppF_2
[01:49:42] Fixed 2 duplicate /gene - spsB_1 spsB_2
[01:49:42] Fixed 2 duplicate /gene - ywpJ_1 ywpJ_2
[01:49:42] Fixed 2 duplicate /gene - isdB_1 isdB_2
[01:49:42] Fixed 2 duplicate /gene - ywqE_1 ywqE_2
[01:49:42] Fixed 2 duplicate /gene - hpf_1 hpf_2
[01:49:42] Fixed 2 duplicate /gene - mntH_1 mntH_2
[01:49:42] Fixed 2 duplicate /gene - rpsU_1 rpsU_2
[01:49:42] Fixed 3 duplicate /gene - speC_1 speC_2 speC_3
[01:49:42] Fixed 2 duplicate /gene - ykoD_1 ykoD_2
[01:49:42] Fixed 2 duplicate /gene - glpQ_1 glpQ_2
[01:49:42] Fixed 4 duplicate /gene - bceB_1 bceB_2 bceB_3 bceB_4
[01:49:42] Fixed 2 duplicate /gene - alsS_1 alsS_2
[01:49:42] Fixed 2 duplicate /gene - ysdC_1 ysdC_2
[01:49:42] Fixed 2 duplicate /gene - sdpR_1 sdpR_2
[01:49:42] Fixed 2 duplicate /gene - hrtA_1 hrtA_2
[01:49:42] Fixed 2 duplicate /gene - gatA_1 gatA_2
[01:49:42] Fixed 2 duplicate /gene - pcp_1 pcp_2
[01:49:42] Fixed 2 duplicate /gene - znuC_1 znuC_2
[01:49:42] Fixed 2 duplicate /gene - murC_1 murC_2
[01:49:42] Fixed 3 duplicate /gene - entD_1 entD_2 entD_3
[01:49:42] Fixed 2 duplicate /gene - catE_1 catE_2
[01:49:42] Fixed 2 duplicate /gene - yhdG_1 yhdG_2
[01:49:42] Fixed 2 duplicate /gene - ppaX_1 ppaX_2
[01:49:42] Fixed 2 duplicate /gene - nreC_1 nreC_2
[01:49:42] Fixed 2 duplicate /gene - rocD2_1 rocD2_2
[01:49:42] Fixed 2 duplicate /gene - splC_1 splC_2
[01:49:42] Fixed 3 duplicate /gene - ybbH_1 ybbH_2 ybbH_3
[01:49:42] Fixed 2 duplicate /gene - ghrB_1 ghrB_2
[01:49:42] Fixed 3 duplicate /gene - slyA_1 slyA_2 slyA_3
[01:49:42] Fixed 2 duplicate /gene - lipA_1 lipA_2
[01:49:42] Fixed 2 duplicate /gene - splB_1 splB_2
[01:49:42] Fixed 2 duplicate /gene - lytR_1 lytR_2
[01:49:42] Fixed 2 duplicate /gene - prfB_1 prfB_2
[01:49:42] Fixed 2 duplicate /gene - lukDv_1 lukDv_2
[01:49:42] Fixed 2 duplicate /gene - nhoA_1 nhoA_2
[01:49:42] Fixed 2 duplicate /gene - nagB_1 nagB_2
[01:49:42] Fixed 2 duplicate /gene - pstC1_1 pstC1_2
[01:49:42] Fixed 2 duplicate /gene - kdpA_1 kdpA_2
[01:49:42] Fixed 2 duplicate /gene - metQ_1 metQ_2
[01:49:42] Fixed 4 duplicate /gene - ssaA2_1 ssaA2_2 ssaA2_3 ssaA2_4
[01:49:42] Fixed 2 duplicate /gene - mleN_1 mleN_2
[01:49:42] Fixed 2 duplicate /gene - arsB_1 arsB_2
[01:49:42] Fixed 4 duplicate /gene - dnaC_1 dnaC_2 dnaC_3 dnaC_4
[01:49:42] Fixed 2 duplicate /gene - immR_1 immR_2
[01:49:42] Fixed 3 duplicate /gene - kipI_1 kipI_2 kipI_3
[01:49:42] Fixed 2 duplicate /gene - mnhC1_1 mnhC1_2
[01:49:42] Fixed 2 duplicate /gene - phoR_1 phoR_2
[01:49:42] Fixed 2 duplicate /gene - czcD_1 czcD_2
[01:49:42] Fixed 3 duplicate /gene - groL_1 groL_2 groL_3
[01:49:42] Fixed 2 duplicate /gene - rpmJ_1 rpmJ_2
[01:49:42] Fixed 2 duplicate /gene - tagH_1 tagH_2
[01:49:42] Fixed 3 duplicate /gene - pbpX_1 pbpX_2 pbpX_3
[01:49:42] Fixed 2 duplicate /gene - natA_1 natA_2
[01:49:42] Fixed 2 duplicate /gene - bioB_1 bioB_2
[01:49:42] Fixed 2 duplicate /gene - secA_1 secA_2
[01:49:42] Fixed 2 duplicate /gene - mnhD1_1 mnhD1_2
[01:49:42] Fixed 2 duplicate /gene - recQ_1 recQ_2
[01:49:42] Fixed 2 duplicate /gene - yfhA_1 yfhA_2
[01:49:42] Fixed 2 duplicate /gene - ykuT_1 ykuT_2
[01:49:42] Fixed 2 duplicate /gene - lip2_1 lip2_2
[01:49:42] Fixed 2 duplicate /gene - yydK_1 yydK_2
[01:49:42] Fixed 2 duplicate /gene - garK_1 garK_2
[01:49:42] Fixed 2 duplicate /gene - yhfS_1 yhfS_2
[01:49:42] Fixed 3 duplicate /gene - treR_1 treR_2 treR_3
[01:49:42] Fixed 2 duplicate /gene - pepT_1 pepT_2
[01:49:42] Fixed 2 duplicate /gene - pepA_1 pepA_2
[01:49:42] Fixed 2 duplicate /gene - kdpD_1 kdpD_2
[01:49:42] Fixed 2 duplicate /gene - hisA_1 hisA_2
[01:49:42] Fixed 2 duplicate /gene - ylmA_1 ylmA_2
[01:49:42] Fixed 4 duplicate /gene - oppD_1 oppD_2 oppD_3 oppD_4
[01:49:42] Fixed 2 duplicate /gene - clpL_1 clpL_2
[01:49:42] Fixed 2 duplicate /gene - rsmH_1 rsmH_2
[01:49:42] Fixed 3 duplicate /gene - gltR_1 gltR_2 gltR_3
[01:49:42] Fixed 2 duplicate /gene - tst_1 tst_2
[01:49:42] Fixed 6 duplicate /gene - norB_1 norB_2 norB_3 norB_4 norB_5 norB_6
[01:49:42] Fixed 2 duplicate /gene - hisB_1 hisB_2
[01:49:42] Fixed 2 duplicate /gene - leuB_1 leuB_2
[01:49:42] Fixed 2 duplicate /gene - tarF_1 tarF_2
[01:49:42] Fixed 5 duplicate /gene - ebh_1 ebh_2 ebh_3 ebh_4 ebh_5
[01:49:42] Fixed 2 duplicate /gene - sdrC_1 sdrC_2
[01:49:42] Fixed 2 duplicate /gene - sdrM_1 sdrM_2
[01:49:42] Fixed 2 duplicate /gene - iucA_1 iucA_2
[01:49:42] Fixed 3 duplicate /gene - hisC_1 hisC_2 hisC_3
[01:49:42] Fixed 2 duplicate /gene - cpdA_1 cpdA_2
[01:49:42] Fixed 2 duplicate /gene - pitA_1 pitA_2
[01:49:42] Fixed 2 duplicate /gene - cls_1 cls_2
[01:49:42] Fixed 2 duplicate /gene - crcB_1 crcB_2
[01:49:42] Fixed 2 duplicate /gene - yitU_1 yitU_2
[01:49:42] Fixed 2 duplicate /gene - tetA_1 tetA_2
[01:49:42] Fixed 2 duplicate /gene - phnE_1 phnE_2
[01:49:42] Fixed 3 duplicate /gene - tagE_1 tagE_2 tagE_3
[01:49:42] Fixed 3 duplicate /gene - emrB_1 emrB_2 emrB_3
[01:49:42] Fixed 2 duplicate /gene - sigS_1 sigS_2
[01:49:42] Fixed 2 duplicate /gene - nisB_1 nisB_2
[01:49:42] Fixed 2 duplicate /gene - lctP_1 lctP_2
[01:49:42] Fixed 2 duplicate /gene - yhfK_1 yhfK_2
[01:49:42] Fixed 3 duplicate /gene - treP_1 treP_2 treP_3
[01:49:42] Fixed 2 duplicate /gene - cynR_1 cynR_2
[01:49:42] Fixed 2 duplicate /gene - kdpB_1 kdpB_2
[01:49:42] Fixed 5 duplicate /gene - xerD_1 xerD_2 xerD_3 xerD_4 xerD_5
[01:49:42] Fixed 2 duplicate /gene - essC_1 essC_2
[01:49:42] Fixed 3 duplicate /gene - opuD_1 opuD_2 opuD_3
[01:49:42] Fixed 2 duplicate /gene - lexA_1 lexA_2
[01:49:42] Fixed 2 duplicate /gene - ldhD_1 ldhD_2
[01:49:42] Fixed 2 duplicate /gene - hvrA_1 hvrA_2
[01:49:42] Fixed 2 duplicate /gene - cfiB_1 cfiB_2
[01:49:42] Fixed 2 duplicate /gene - fhuD_1 fhuD_2
[01:49:42] Fixed 2 duplicate /gene - maa_1 maa_2
[01:49:42] Fixed 2 duplicate /gene - iscS_1 iscS_2
[01:49:42] Fixed 2 duplicate /gene - hisH_1 hisH_2
[01:49:42] Fixed 2 duplicate /gene - mecR1_1 mecR1_2
[01:49:42] Fixed 2 duplicate /gene - lepA_1 lepA_2
[01:49:42] Fixed 4 duplicate /gene - entA_1 entA_2 entA_3 entA_4
[01:49:42] Fixed 5 duplicate /gene - yxlF_1 yxlF_2 yxlF_3 yxlF_4 yxlF_5
[01:49:42] Fixed 2 duplicate /gene - groS_1 groS_2
[01:49:42] Fixed 2 duplicate /gene - pckA_1 pckA_2
[01:49:42] Fixed 2 duplicate /gene - yfkN_1 yfkN_2
[01:49:42] Fixed 2 duplicate /gene - mutS_1 mutS_2
[01:49:42] Fixed 2 duplicate /gene - atpA_1 atpA_2
[01:49:42] Fixed 2 duplicate /gene - mrpB_1 mrpB_2
[01:49:42] Fixed 4 duplicate /gene - ptsG_1 ptsG_2 ptsG_3 ptsG_4
[01:49:42] Fixed 2 duplicate /gene - hisD_1 hisD_2
[01:49:42] Fixed 2 duplicate /gene - polA_1 polA_2
[01:49:42] Fixed 4 duplicate /gene - atl_1 atl_2 atl_3 atl_4
[01:49:42] Fixed 3 duplicate /gene - sufB_1 sufB_2 sufB_3
[01:49:42] Fixed 2 duplicate /gene - pepF1_1 pepF1_2
[01:49:42] Fixed 3 duplicate /gene - yfiZ_1 yfiZ_2 yfiZ_3
[01:49:42] Fixed 3 duplicate /gene - clpP_1 clpP_2 clpP_3
[01:49:42] Fixed 3 duplicate /gene - mggB_1 mggB_2 mggB_3
[01:49:42] Fixed 3 duplicate /gene - dus_1 dus_2 dus_3
[01:49:42] Fixed 302 colliding /gene names.
[01:49:42] Adding /locus_tag identifiers
[01:49:43] Assigned 4038 locus_tags to CDS and RNA features.
[01:49:43] Writing outputs to /home/fsepulveda/Documents/parte1/output_sa8630/output_prokka/
[01:49:46] Generating annotation statistics file
[01:49:46] Generating Genbank and Sequin files
[01:49:46] Running: tbl2asn -V b -a r10k -l paired-ends -M n -N 1 -y 'Annotated using prokka 1.12 from https://github.com/tseemann/prokka' -Z \/home\/fsepulveda\/Documents\/parte1\/output_sa8630\/output_prokka\/PROKKA_05132017\.err -i \/home\/fsepulveda\/Documents\/parte1\/output_sa8630\/output_prokka\/PROKKA_05132017\.fsa 2> /dev/null
[01:50:25] Deleting unwanted file: /home/fsepulveda/Documents/parte1/output_sa8630/output_prokka/errorsummary.val
[01:50:25] Deleting unwanted file: /home/fsepulveda/Documents/parte1/output_sa8630/output_prokka/PROKKA_05132017.dr
[01:50:25] Deleting unwanted file: /home/fsepulveda/Documents/parte1/output_sa8630/output_prokka/PROKKA_05132017.fixedproducts
[01:50:25] Deleting unwanted file: /home/fsepulveda/Documents/parte1/output_sa8630/output_prokka/PROKKA_05132017.ecn
[01:50:25] Deleting unwanted file: /home/fsepulveda/Documents/parte1/output_sa8630/output_prokka/PROKKA_05132017.val
[01:50:25] Repairing broken .GBK output that tbl2asn produces...
[01:50:25] Running: sed 's/COORDINATES: profile/COORDINATES:profile/' < \/home\/fsepulveda\/Documents\/parte1\/output_sa8630\/output_prokka\/PROKKA_05132017\.gbf > \/home\/fsepulveda\/Documents\/parte1\/output_sa8630\/output_prokka\/PROKKA_05132017\.gbk
[01:50:25] Deleting unwanted file: /home/fsepulveda/Documents/parte1/output_sa8630/output_prokka/PROKKA_05132017.gbf
[01:50:25] Output files:
[01:50:25] /home/fsepulveda/Documents/parte1/output_sa8630/output_prokka/PROKKA_05132017.txt
[01:50:25] /home/fsepulveda/Documents/parte1/output_sa8630/output_prokka/PROKKA_05132017.fna
[01:50:25] /home/fsepulveda/Documents/parte1/output_sa8630/output_prokka/PROKKA_05132017.ffn
[01:50:25] /home/fsepulveda/Documents/parte1/output_sa8630/output_prokka/PROKKA_05132017.gbk
[01:50:25] /home/fsepulveda/Documents/parte1/output_sa8630/output_prokka/PROKKA_05132017.tsv
[01:50:25] /home/fsepulveda/Documents/parte1/output_sa8630/output_prokka/PROKKA_05132017.log
[01:50:25] /home/fsepulveda/Documents/parte1/output_sa8630/output_prokka/PROKKA_05132017.sqn
[01:50:25] /home/fsepulveda/Documents/parte1/output_sa8630/output_prokka/PROKKA_05132017.tbl
[01:50:25] /home/fsepulveda/Documents/parte1/output_sa8630/output_prokka/PROKKA_05132017.faa
[01:50:25] /home/fsepulveda/Documents/parte1/output_sa8630/output_prokka/PROKKA_05132017.err
[01:50:25] /home/fsepulveda/Documents/parte1/output_sa8630/output_prokka/PROKKA_05132017.fsa
[01:50:25] /home/fsepulveda/Documents/parte1/output_sa8630/output_prokka/PROKKA_05132017.gff
[01:50:25] Annotation finished successfully.
[01:50:25] Walltime used: 3.18 minutes
[01:50:25] If you use this result please cite the Prokka paper:
[01:50:25] Seemann T (2014) Prokka: rapid prokaryotic genome annotation. Bioinformatics. 30(14):2068-9.
[01:50:25] Type 'prokka --citation' for more details.
[01:50:25] Share and enjoy!
