[17:12:47] This is prokka 1.12
[17:12:47] Written by Torsten Seemann <torsten.seemann@gmail.com>
[17:12:47] Homepage is https://github.com/tseemann/prokka
[17:12:47] Local time is Mon May 15 17:12:47 2017
[17:12:47] You are fsepulveda
[17:12:47] Operating system is linux
[17:12:47] You have BioPerl 1.006924
[17:12:47] System has 4 cores.
[17:12:47] Option --cpu asked for 8 cores, but system only has 4
[17:12:47] Will use maximum of 4 cores.
[17:12:47] Annotating as >>> Bacteria <<<
[17:12:47] Creating new output folder: PROKKA_NC_020568
[17:12:47] Running: mkdir -p PROKKA_NC_020568
[17:12:47] Using filename prefix: PROKKA_NC_020568.XXX
[17:12:47] Setting HMMER_NCPU=1
[17:12:47] Writing log to: PROKKA_NC_020568/PROKKA_NC_020568.log
[17:12:47] Command: /home/fsepulveda/Desktop/tesis/sccmec_classification/prokka-1.12/bin/prokka --genus Staphylococcus --prefix PROKKA_NC_020568 --addgenes --addmrna --locustag NC_020568_SCCmec /home/fsepulveda/Documents/parte2/229_sccmec/sccmec_NC_020568.fasta
[17:12:47] Appending to PATH: /home/fsepulveda/Desktop/tesis/sccmec_classification/prokka-1.12/bin/../binaries/linux
[17:12:47] Appending to PATH: /home/fsepulveda/Desktop/tesis/sccmec_classification/prokka-1.12/bin/../binaries/linux/../common
[17:12:47] Appending to PATH: /home/fsepulveda/Desktop/tesis/sccmec_classification/prokka-1.12/bin
[17:12:47] Looking for 'aragorn' - found /home/fsepulveda/Desktop/tesis/sccmec_classification/prokka-1.12/bin/../binaries/linux/aragorn
[17:12:47] Determined aragorn version is 1.2
[17:12:47] Looking for 'blastp' - found /usr/bin/blastp
[17:12:48] Determined blastp version is 2.2
[17:12:48] Looking for 'cmpress' - found /usr/bin/cmpress
[17:12:48] Determined cmpress version is 1.1
[17:12:48] Looking for 'cmscan' - found /usr/bin/cmscan
[17:12:48] Determined cmscan version is 1.1
[17:12:48] Looking for 'egrep' - found /bin/egrep
[17:12:48] Looking for 'find' - found /usr/bin/find
[17:12:48] Looking for 'grep' - found /bin/grep
[17:12:48] Looking for 'hmmpress' - found /usr/bin/hmmpress
[17:12:48] Determined hmmpress version is 3.1
[17:12:48] Looking for 'hmmscan' - found /usr/bin/hmmscan
[17:12:48] Determined hmmscan version is 3.1
[17:12:48] Looking for 'java' - found /usr/bin/java
[17:12:48] Looking for 'less' - found /usr/bin/less
[17:12:48] Looking for 'makeblastdb' - found /usr/bin/makeblastdb
[17:12:48] Determined makeblastdb version is 2.2
[17:12:48] Looking for 'minced' - found /home/fsepulveda/Desktop/tesis/sccmec_classification/prokka-1.12/bin/../binaries/linux/../common/minced
[17:12:48] Determined minced version is 2.0
[17:12:48] Looking for 'parallel' - found /home/fsepulveda/Desktop/tesis/sccmec_classification/prokka-1.12/bin/../binaries/linux/../common/parallel
[17:12:48] Determined parallel version is 20150122
[17:12:48] Looking for 'prodigal' - found /home/fsepulveda/Desktop/tesis/sccmec_classification/prokka-1.12/bin/../binaries/linux/prodigal
[17:12:48] Determined prodigal version is 2.6
[17:12:48] Looking for 'prokka-genbank_to_fasta_db' - found /home/fsepulveda/Desktop/tesis/sccmec_classification/prokka-1.12/bin/prokka-genbank_to_fasta_db
[17:12:48] Looking for 'sed' - found /bin/sed
[17:12:48] Looking for 'tbl2asn' - found /home/fsepulveda/Desktop/tesis/sccmec_classification/prokka-1.12/bin/../binaries/linux/tbl2asn
[17:12:48] Determined tbl2asn version is 25.3
[17:12:48] Using genetic code table 11.
[17:12:48] Loading and checking input file: /home/fsepulveda/Documents/parte2/229_sccmec/sccmec_NC_020568.fasta
[17:12:48] Wrote 1 contigs totalling 29170 bp.
[17:12:48] Predicting tRNAs and tmRNAs
[17:12:48] Running: aragorn -l -gc11  -w PROKKA_NC_020568\/PROKKA_NC_020568\.fna
[17:12:48] Found 0 tRNAs
[17:12:48] Predicting Ribosomal RNAs
[17:12:48] You need either Barrnap or RNAmmer installed to predict rRNAs!
[17:12:48] Skipping ncRNA search, enable with --rfam if desired.
[17:12:48] Total of 0 tRNA + rRNA features
[17:12:48] Searching for CRISPR repeats
[17:12:48] Found 0 CRISPRs
[17:12:48] Predicting coding sequences
[17:12:48] Contigs total 29170 bp, so using meta mode
[17:12:48] Running: prodigal -i PROKKA_NC_020568\/PROKKA_NC_020568\.fna -c -m -g 11 -p meta -f sco -q
[17:12:48] Found 28 CDS
[17:12:48] Connecting features back to sequences
[17:12:48] Not using genus-specific database. Try --usegenus to enable it.
[17:12:48] Annotating CDS, please be patient.
[17:12:48] Will use 4 CPUs for similarity searching.
[17:12:48] There are still 28 unannotated CDS left (started with 28)
[17:12:48] Will use blast to search against /home/fsepulveda/Desktop/tesis/sccmec_classification/prokka-1.12/bin/../db/kingdom/Bacteria/sprot with 4 CPUs
[17:12:48] Running: cat PROKKA_NC_020568\/sprot\.faa | parallel --gnu --plain -j 4 --block 1026 --recstart '>' --pipe blastp -query - -db /home/fsepulveda/Desktop/tesis/sccmec_classification/prokka-1.12/bin/../db/kingdom/Bacteria/sprot -evalue 1e-06 -num_threads 1 -num_descriptions 1 -num_alignments 1 -seg no > PROKKA_NC_020568\/sprot\.blast 2> /dev/null
[17:12:49] Deleting unwanted file: PROKKA_NC_020568/sprot.faa
[17:12:49] Deleting unwanted file: PROKKA_NC_020568/sprot.blast
[17:12:49] There are still 15 unannotated CDS left (started with 28)
[17:12:49] Will use hmmer3 to search against /home/fsepulveda/Desktop/tesis/sccmec_classification/prokka-1.12/bin/../db/hmm/HAMAP.hmm with 4 CPUs
[17:12:49] Running: cat PROKKA_NC_020568\/HAMAP\.hmm\.faa | parallel --gnu --plain -j 4 --block 520 --recstart '>' --pipe hmmscan --noali --notextw --acc -E 1e-06 --cpu 1 /home/fsepulveda/Desktop/tesis/sccmec_classification/prokka-1.12/bin/../db/hmm/HAMAP.hmm /dev/stdin > PROKKA_NC_020568\/HAMAP\.hmm\.hmmer3 2> /dev/null
[17:12:50] Deleting unwanted file: PROKKA_NC_020568/HAMAP.hmm.faa
[17:12:50] Deleting unwanted file: PROKKA_NC_020568/HAMAP.hmm.hmmer3
[17:12:50] Labelling remaining 14 proteins as 'hypothetical protein'
[17:12:50] Possible /pseudo 'DNA-invertase hin' at sccmec_saures_NC_020568_l29170 position 13197
[17:12:50] Possible /pseudo 'UDP-N-acetylmuramoyl-tripeptide--D-alanyl-D-alanine ligase' at sccmec_saures_NC_020568_l29170 position 27340
[17:12:50] Found 12 unique /gene codes.
[17:12:50] Fixed 2 duplicate /gene - hin_1 hin_2
[17:12:50] Fixed 2 duplicate /gene - murF_1 murF_2
[17:12:50] Fixed 2 colliding /gene names.
[17:12:50] Adding /locus_tag identifiers
[17:12:50] Assigned 28 locus_tags to CDS and RNA features.
[17:12:50] Writing outputs to PROKKA_NC_020568/
[17:12:50] Generating annotation statistics file
[17:12:50] Generating Genbank and Sequin files
[17:12:50] Running: tbl2asn -V b -a r10k -l paired-ends -M n -N 1 -y 'Annotated using prokka 1.12 from https://github.com/tseemann/prokka' -Z PROKKA_NC_020568\/PROKKA_NC_020568\.err -i PROKKA_NC_020568\/PROKKA_NC_020568\.fsa 2> /dev/null
[17:12:50] Deleting unwanted file: PROKKA_NC_020568/errorsummary.val
[17:12:50] Deleting unwanted file: PROKKA_NC_020568/PROKKA_NC_020568.dr
[17:12:50] Deleting unwanted file: PROKKA_NC_020568/PROKKA_NC_020568.fixedproducts
[17:12:50] Deleting unwanted file: PROKKA_NC_020568/PROKKA_NC_020568.ecn
[17:12:50] Deleting unwanted file: PROKKA_NC_020568/PROKKA_NC_020568.val
[17:12:50] Repairing broken .GBK output that tbl2asn produces...
[17:12:50] Running: sed 's/COORDINATES: profile/COORDINATES:profile/' < PROKKA_NC_020568\/PROKKA_NC_020568\.gbf > PROKKA_NC_020568\/PROKKA_NC_020568\.gbk
[17:12:50] Deleting unwanted file: PROKKA_NC_020568/PROKKA_NC_020568.gbf
[17:12:50] Output files:
[17:12:50] PROKKA_NC_020568/PROKKA_NC_020568.fsa
[17:12:50] PROKKA_NC_020568/PROKKA_NC_020568.fna
[17:12:50] PROKKA_NC_020568/PROKKA_NC_020568.sqn
[17:12:50] PROKKA_NC_020568/PROKKA_NC_020568.gbk
[17:12:50] PROKKA_NC_020568/PROKKA_NC_020568.log
[17:12:50] PROKKA_NC_020568/PROKKA_NC_020568.tsv
[17:12:50] PROKKA_NC_020568/PROKKA_NC_020568.txt
[17:12:50] PROKKA_NC_020568/PROKKA_NC_020568.gff
[17:12:50] PROKKA_NC_020568/PROKKA_NC_020568.tbl
[17:12:50] PROKKA_NC_020568/PROKKA_NC_020568.ffn
[17:12:50] PROKKA_NC_020568/PROKKA_NC_020568.err
[17:12:50] PROKKA_NC_020568/PROKKA_NC_020568.faa
[17:12:50] Annotation finished successfully.
[17:12:50] Walltime used: 0.05 minutes
[17:12:50] If you use this result please cite the Prokka paper:
[17:12:50] Seemann T (2014) Prokka: rapid prokaryotic genome annotation. Bioinformatics. 30(14):2068-9.
[17:12:50] Type 'prokka --citation' for more details.
[17:12:50] Share and enjoy!
