Discrepancy Report Results

Summary
FATAL: BAD_LOCUS_TAG_FORMAT:27 locus tags are incorrectly formatted.
FATAL: MISSING_PROTEIN_ID:27 proteins have invalid IDs.
DISC_SOURCE_QUALS_ASNDISC:strain (all present, all unique)
DISC_SOURCE_QUALS_ASNDISC:taxname (all present, all unique)
DISC_FEATURE_COUNT:gene: 27 present
DISC_FEATURE_COUNT:CDS: 27 present
DISC_FEATURE_COUNT:mRNA: 27 present
DISC_COUNT_NUCLEOTIDES:1 nucleotide Bioseqs are present
OVERLAPPING_GENES:4 genes overlap another gene on the same strand.
DISC_QUALITY_SCORES:Quality scores are missing on all sequences.
ONCALLER_COMMENT_PRESENT:1 comment descriptors were found (all same)
SHORT_PROT_SEQUENCES:1 protein sequences are shorter than 50 aa.
MISSING_GENOMEASSEMBLY_COMMENTS:1 bioseqs are missing GenomeAssembly structured comments
MOLTYPE_NOT_MRNA:1 molecule types are not set as mRNA.
TECHNIQUE_NOT_TSA:1 technique are not set as TSA
MISSING_STRUCTURED_COMMENT:1 sequences do not include structured comments.
MISSING_PROJECT:28 sequences do not include project.
DISC_INCONSISTENT_MOLINFO_TECH:Molinfo Technique Report (some missing, all same)


Detailed Report

FATAL: DiscRep_ALL:BAD_LOCUS_TAG_FORMAT::27 locus tags are incorrectly formatted.
PROKKA_CP019563/PROKKA_CP019563:Gene	rlmH	sccmec_saures_CP019563_l26210:1-480	CP019563_SCCmec_00001
PROKKA_CP019563/PROKKA_CP019563:Gene	CP019563_SCCmec_00002	sccmec_saures_CP019563_l26210:763-2058	CP019563_SCCmec_00002
PROKKA_CP019563/PROKKA_CP019563:Gene	CP019563_SCCmec_00003	sccmec_saures_CP019563_l26210:2473-2712	CP019563_SCCmec_00003
PROKKA_CP019563/PROKKA_CP019563:Gene	CP019563_SCCmec_00004	sccmec_saures_CP019563_l26210:c3418-2744	CP019563_SCCmec_00004
PROKKA_CP019563/PROKKA_CP019563:Gene	CP019563_SCCmec_00005	sccmec_saures_CP019563_l26210:c3706-3509	CP019563_SCCmec_00005
PROKKA_CP019563/PROKKA_CP019563:Gene	CP019563_SCCmec_00006	sccmec_saures_CP019563_l26210:c4513-3719	CP019563_SCCmec_00006
PROKKA_CP019563/PROKKA_CP019563:Gene	CP019563_SCCmec_00007	sccmec_saures_CP019563_l26210:4666-4755	CP019563_SCCmec_00007
PROKKA_CP019563/PROKKA_CP019563:Gene	pre	sccmec_saures_CP019563_l26210:c5999-4737	CP019563_SCCmec_00008
PROKKA_CP019563/PROKKA_CP019563:Gene	ble	sccmec_saures_CP019563_l26210:c6904-6506	CP019563_SCCmec_00009
PROKKA_CP019563/PROKKA_CP019563:Gene	knt	sccmec_saures_CP019563_l26210:c7897-7127	CP019563_SCCmec_00010
PROKKA_CP019563/PROKKA_CP019563:Gene	CP019563_SCCmec_00011	sccmec_saures_CP019563_l26210:c8764-8090	CP019563_SCCmec_00011
PROKKA_CP019563/PROKKA_CP019563:Gene	ugpQ	sccmec_saures_CP019563_l26210:9029-9772	CP019563_SCCmec_00012
PROKKA_CP019563/PROKKA_CP019563:Gene	paaZ	sccmec_saures_CP019563_l26210:9869-10297	CP019563_SCCmec_00013
PROKKA_CP019563/PROKKA_CP019563:Gene	pbp	sccmec_saures_CP019563_l26210:c12349-10343	CP019563_SCCmec_00014
PROKKA_CP019563/PROKKA_CP019563:Gene	mecR1	sccmec_saures_CP019563_l26210:12551-13435	CP019563_SCCmec_00015
PROKKA_CP019563/PROKKA_CP019563:Gene	CP019563_SCCmec_00016	sccmec_saures_CP019563_l26210:13395-13667	CP019563_SCCmec_00016
PROKKA_CP019563/PROKKA_CP019563:Gene	CP019563_SCCmec_00017	sccmec_saures_CP019563_l26210:c15178-13658	CP019563_SCCmec_00017
PROKKA_CP019563/PROKKA_CP019563:Gene	CP019563_SCCmec_00018	sccmec_saures_CP019563_l26210:c15826-15317	CP019563_SCCmec_00018
PROKKA_CP019563/PROKKA_CP019563:Gene	CP019563_SCCmec_00019	sccmec_saures_CP019563_l26210:c16149-15838	CP019563_SCCmec_00019
PROKKA_CP019563/PROKKA_CP019563:Gene	CP019563_SCCmec_00020	sccmec_saures_CP019563_l26210:c16586-16236	CP019563_SCCmec_00020
PROKKA_CP019563/PROKKA_CP019563:Gene	hin_1	sccmec_saures_CP019563_l26210:c18736-17108	CP019563_SCCmec_00021
PROKKA_CP019563/PROKKA_CP019563:Gene	hin_2	sccmec_saures_CP019563_l26210:c20125-18758	CP019563_SCCmec_00022
PROKKA_CP019563/PROKKA_CP019563:Gene	CP019563_SCCmec_00023	sccmec_saures_CP019563_l26210:c22134-20341	CP019563_SCCmec_00023
PROKKA_CP019563/PROKKA_CP019563:Gene	CP019563_SCCmec_00024	sccmec_saures_CP019563_l26210:c22430-22134	CP019563_SCCmec_00024
PROKKA_CP019563/PROKKA_CP019563:Gene	CP019563_SCCmec_00025	sccmec_saures_CP019563_l26210:c23669-22623	CP019563_SCCmec_00025
PROKKA_CP019563/PROKKA_CP019563:Gene	CP019563_SCCmec_00026	sccmec_saures_CP019563_l26210:24124-25278	CP019563_SCCmec_00026
PROKKA_CP019563/PROKKA_CP019563:Gene	CP019563_SCCmec_00027	sccmec_saures_CP019563_l26210:25308-26108	CP019563_SCCmec_00027

FATAL: DiscRep_ALL:MISSING_PROTEIN_ID::27 proteins have invalid IDs.
PROKKA_CP019563/PROKKA_CP019563:sccmec_saures_CP019563_l26210_1 (length 159)
PROKKA_CP019563/PROKKA_CP019563:sccmec_saures_CP019563_l26210_2 (length 431)
PROKKA_CP019563/PROKKA_CP019563:sccmec_saures_CP019563_l26210_3 (length 79)
PROKKA_CP019563/PROKKA_CP019563:sccmec_saures_CP019563_l26210_4 (length 224)
PROKKA_CP019563/PROKKA_CP019563:sccmec_saures_CP019563_l26210_5 (length 65)
PROKKA_CP019563/PROKKA_CP019563:sccmec_saures_CP019563_l26210_6 (length 264)
PROKKA_CP019563/PROKKA_CP019563:sccmec_saures_CP019563_l26210_7 (length 29)
PROKKA_CP019563/PROKKA_CP019563:sccmec_saures_CP019563_l26210_8 (length 420)
PROKKA_CP019563/PROKKA_CP019563:sccmec_saures_CP019563_l26210_9 (length 132)
PROKKA_CP019563/PROKKA_CP019563:sccmec_saures_CP019563_l26210_10 (length 256)
PROKKA_CP019563/PROKKA_CP019563:sccmec_saures_CP019563_l26210_11 (length 224)
PROKKA_CP019563/PROKKA_CP019563:sccmec_saures_CP019563_l26210_12 (length 247)
PROKKA_CP019563/PROKKA_CP019563:sccmec_saures_CP019563_l26210_13 (length 142)
PROKKA_CP019563/PROKKA_CP019563:sccmec_saures_CP019563_l26210_14 (length 668)
PROKKA_CP019563/PROKKA_CP019563:sccmec_saures_CP019563_l26210_15 (length 294)
PROKKA_CP019563/PROKKA_CP019563:sccmec_saures_CP019563_l26210_16 (length 90)
PROKKA_CP019563/PROKKA_CP019563:sccmec_saures_CP019563_l26210_17 (length 506)
PROKKA_CP019563/PROKKA_CP019563:sccmec_saures_CP019563_l26210_18 (length 169)
PROKKA_CP019563/PROKKA_CP019563:sccmec_saures_CP019563_l26210_19 (length 103)
PROKKA_CP019563/PROKKA_CP019563:sccmec_saures_CP019563_l26210_20 (length 116)
PROKKA_CP019563/PROKKA_CP019563:sccmec_saures_CP019563_l26210_21 (length 542)
PROKKA_CP019563/PROKKA_CP019563:sccmec_saures_CP019563_l26210_22 (length 455)
PROKKA_CP019563/PROKKA_CP019563:sccmec_saures_CP019563_l26210_23 (length 597)
PROKKA_CP019563/PROKKA_CP019563:sccmec_saures_CP019563_l26210_24 (length 98)
PROKKA_CP019563/PROKKA_CP019563:sccmec_saures_CP019563_l26210_25 (length 348)
PROKKA_CP019563/PROKKA_CP019563:sccmec_saures_CP019563_l26210_26 (length 384)
PROKKA_CP019563/PROKKA_CP019563:sccmec_saures_CP019563_l26210_27 (length 266)

DiscRep_ALL:DISC_SOURCE_QUALS_ASNDISC::strain (all present, all unique)
DiscRep_SUB:DISC_SOURCE_QUALS_ASNDISC::1 sources have unique values for strain
DiscRep_ALL:DISC_SOURCE_QUALS_ASNDISC::taxname (all present, all unique)
DiscRep_SUB:DISC_SOURCE_QUALS_ASNDISC::1 sources have unique values for taxname
DiscRep_ALL:DISC_FEATURE_COUNT::gene: 27 present
DiscRep_ALL:DISC_FEATURE_COUNT::CDS: 27 present
DiscRep_ALL:DISC_FEATURE_COUNT::mRNA: 27 present
DiscRep_ALL:DISC_COUNT_NUCLEOTIDES::1 nucleotide Bioseqs are present
PROKKA_CP019563/PROKKA_CP019563:sccmec_saures_CP019563_l26210 (length 26210)

DiscRep_ALL:OVERLAPPING_GENES::4 genes overlap another gene on the same strand.
PROKKA_CP019563/PROKKA_CP019563:Gene	mecR1	sccmec_saures_CP019563_l26210:12551-13435	CP019563_SCCmec_00015
PROKKA_CP019563/PROKKA_CP019563:Gene	CP019563_SCCmec_00016	sccmec_saures_CP019563_l26210:13395-13667	CP019563_SCCmec_00016
PROKKA_CP019563/PROKKA_CP019563:Gene	CP019563_SCCmec_00023	sccmec_saures_CP019563_l26210:c22134-20341	CP019563_SCCmec_00023
PROKKA_CP019563/PROKKA_CP019563:Gene	CP019563_SCCmec_00024	sccmec_saures_CP019563_l26210:c22430-22134	CP019563_SCCmec_00024

DiscRep_ALL:DISC_QUALITY_SCORES::Quality scores are missing on all sequences.

DiscRep_ALL:ONCALLER_COMMENT_PRESENT::1 comment descriptors were found (all same)
PROKKA_CP019563/PROKKA_CP019563:sccmec_saures_CP019563_l26210:Annotated using prokka 1.12 from https://github.com/tseemann/prokka

DiscRep_ALL:SHORT_PROT_SEQUENCES::1 protein sequences are shorter than 50 aa.
PROKKA_CP019563/PROKKA_CP019563:sccmec_saures_CP019563_l26210_7 (length 29)

DiscRep_ALL:MISSING_GENOMEASSEMBLY_COMMENTS::1 bioseqs are missing GenomeAssembly structured comments
PROKKA_CP019563/PROKKA_CP019563:sccmec_saures_CP019563_l26210 (length 26210)

DiscRep_ALL:MOLTYPE_NOT_MRNA::1 molecule types are not set as mRNA.
PROKKA_CP019563/PROKKA_CP019563:sccmec_saures_CP019563_l26210 (length 26210)

DiscRep_ALL:TECHNIQUE_NOT_TSA::1 technique are not set as TSA
PROKKA_CP019563/PROKKA_CP019563:sccmec_saures_CP019563_l26210 (length 26210)

DiscRep_ALL:MISSING_STRUCTURED_COMMENT::1 sequences do not include structured comments.
PROKKA_CP019563/PROKKA_CP019563:sccmec_saures_CP019563_l26210 (length 26210)

DiscRep_ALL:MISSING_PROJECT::28 sequences do not include project.
PROKKA_CP019563/PROKKA_CP019563:sccmec_saures_CP019563_l26210 (length 26210)
PROKKA_CP019563/PROKKA_CP019563:sccmec_saures_CP019563_l26210_1 (length 159)
PROKKA_CP019563/PROKKA_CP019563:sccmec_saures_CP019563_l26210_2 (length 431)
PROKKA_CP019563/PROKKA_CP019563:sccmec_saures_CP019563_l26210_3 (length 79)
PROKKA_CP019563/PROKKA_CP019563:sccmec_saures_CP019563_l26210_4 (length 224)
PROKKA_CP019563/PROKKA_CP019563:sccmec_saures_CP019563_l26210_5 (length 65)
PROKKA_CP019563/PROKKA_CP019563:sccmec_saures_CP019563_l26210_6 (length 264)
PROKKA_CP019563/PROKKA_CP019563:sccmec_saures_CP019563_l26210_7 (length 29)
PROKKA_CP019563/PROKKA_CP019563:sccmec_saures_CP019563_l26210_8 (length 420)
PROKKA_CP019563/PROKKA_CP019563:sccmec_saures_CP019563_l26210_9 (length 132)
PROKKA_CP019563/PROKKA_CP019563:sccmec_saures_CP019563_l26210_10 (length 256)
PROKKA_CP019563/PROKKA_CP019563:sccmec_saures_CP019563_l26210_11 (length 224)
PROKKA_CP019563/PROKKA_CP019563:sccmec_saures_CP019563_l26210_12 (length 247)
PROKKA_CP019563/PROKKA_CP019563:sccmec_saures_CP019563_l26210_13 (length 142)
PROKKA_CP019563/PROKKA_CP019563:sccmec_saures_CP019563_l26210_14 (length 668)
PROKKA_CP019563/PROKKA_CP019563:sccmec_saures_CP019563_l26210_15 (length 294)
PROKKA_CP019563/PROKKA_CP019563:sccmec_saures_CP019563_l26210_16 (length 90)
PROKKA_CP019563/PROKKA_CP019563:sccmec_saures_CP019563_l26210_17 (length 506)
PROKKA_CP019563/PROKKA_CP019563:sccmec_saures_CP019563_l26210_18 (length 169)
PROKKA_CP019563/PROKKA_CP019563:sccmec_saures_CP019563_l26210_19 (length 103)
PROKKA_CP019563/PROKKA_CP019563:sccmec_saures_CP019563_l26210_20 (length 116)
PROKKA_CP019563/PROKKA_CP019563:sccmec_saures_CP019563_l26210_21 (length 542)
PROKKA_CP019563/PROKKA_CP019563:sccmec_saures_CP019563_l26210_22 (length 455)
PROKKA_CP019563/PROKKA_CP019563:sccmec_saures_CP019563_l26210_23 (length 597)
PROKKA_CP019563/PROKKA_CP019563:sccmec_saures_CP019563_l26210_24 (length 98)
PROKKA_CP019563/PROKKA_CP019563:sccmec_saures_CP019563_l26210_25 (length 348)
PROKKA_CP019563/PROKKA_CP019563:sccmec_saures_CP019563_l26210_26 (length 384)
PROKKA_CP019563/PROKKA_CP019563:sccmec_saures_CP019563_l26210_27 (length 266)

DiscRep_ALL:DISC_INCONSISTENT_MOLINFO_TECH::Molinfo Technique Report (some missing, all same)
DiscRep_SUB:DISC_INCONSISTENT_MOLINFO_TECH::technique (all missing)
DiscRep_SUB:DISC_INCONSISTENT_MOLINFO_TECH::1 Molinfos are missing field technique
PROKKA_CP019563/PROKKA_CP019563:sccmec_saures_CP019563_l26210 (length 26210)

