[22:33:26] This is prokka 1.12
[22:33:26] Written by Torsten Seemann <torsten.seemann@gmail.com>
[22:33:26] Homepage is https://github.com/tseemann/prokka
[22:33:26] Local time is Fri May 12 22:33:26 2017
[22:33:26] You are fsepulveda
[22:33:26] Operating system is linux
[22:33:26] You have BioPerl 1.006924
[22:33:26] System has 4 cores.
[22:33:26] Option --cpu asked for 8 cores, but system only has 4
[22:33:26] Will use maximum of 4 cores.
[22:33:26] Annotating as >>> Bacteria <<<
[22:33:26] Enabling options to ensure Genbank/ENA/DDJB submission compliance.
[22:33:26] Creating new output folder: /home/fsepulveda/Documents/parte1/output_Sa6271/output_prokka
[22:33:26] Running: mkdir -p \/home\/fsepulveda\/Documents\/parte1\/output_Sa6271\/output_prokka
[22:33:26] Using filename prefix: PROKKA_05122017.XXX
[22:33:26] Setting HMMER_NCPU=1
[22:33:26] Writing log to: /home/fsepulveda/Documents/parte1/output_Sa6271/output_prokka/PROKKA_05122017.log
[22:33:26] Command: /home/fsepulveda/Desktop/tesis/sccmec_classification/prokka-1.12/bin/prokka --kingdom Bacteria --outdir /home/fsepulveda/Documents/parte1/output_Sa6271/output_prokka --quiet --genus Staphylococcus --locustag saureus --centre 10 --compliant /home/fsepulveda/Desktop/working_dir/megaloop_v3/quality_C/Sa6271.fasta
[22:33:26] Appending to PATH: /home/fsepulveda/Desktop/tesis/sccmec_classification/prokka-1.12/bin/../binaries/linux
[22:33:26] Appending to PATH: /home/fsepulveda/Desktop/tesis/sccmec_classification/prokka-1.12/bin/../binaries/linux/../common
[22:33:26] Appending to PATH: /home/fsepulveda/Desktop/tesis/sccmec_classification/prokka-1.12/bin
[22:33:26] Looking for 'aragorn' - found /home/fsepulveda/Desktop/tesis/sccmec_classification/prokka-1.12/bin/../binaries/linux/aragorn
[22:33:26] Determined aragorn version is 1.2
[22:33:26] Looking for 'blastp' - found /usr/bin/blastp
[22:33:26] Determined blastp version is 2.2
[22:33:26] Looking for 'cmpress' - found /usr/bin/cmpress
[22:33:26] Determined cmpress version is 1.1
[22:33:26] Looking for 'cmscan' - found /usr/bin/cmscan
[22:33:26] Determined cmscan version is 1.1
[22:33:26] Looking for 'egrep' - found /bin/egrep
[22:33:26] Looking for 'find' - found /usr/bin/find
[22:33:26] Looking for 'grep' - found /bin/grep
[22:33:26] Looking for 'hmmpress' - found /usr/bin/hmmpress
[22:33:26] Determined hmmpress version is 3.1
[22:33:26] Looking for 'hmmscan' - found /usr/bin/hmmscan
[22:33:26] Determined hmmscan version is 3.1
[22:33:26] Looking for 'java' - found /usr/bin/java
[22:33:26] Looking for 'less' - found /usr/bin/less
[22:33:26] Looking for 'makeblastdb' - found /usr/bin/makeblastdb
[22:33:26] Determined makeblastdb version is 2.2
[22:33:26] Looking for 'minced' - found /home/fsepulveda/Desktop/tesis/sccmec_classification/prokka-1.12/bin/../binaries/linux/../common/minced
[22:33:26] Determined minced version is 2.0
[22:33:26] Looking for 'parallel' - found /home/fsepulveda/Desktop/tesis/sccmec_classification/prokka-1.12/bin/../binaries/linux/../common/parallel
[22:33:26] Determined parallel version is 20150122
[22:33:26] Looking for 'prodigal' - found /home/fsepulveda/Desktop/tesis/sccmec_classification/prokka-1.12/bin/../binaries/linux/prodigal
[22:33:26] Determined prodigal version is 2.6
[22:33:26] Looking for 'prokka-genbank_to_fasta_db' - found /home/fsepulveda/Desktop/tesis/sccmec_classification/prokka-1.12/bin/prokka-genbank_to_fasta_db
[22:33:26] Looking for 'sed' - found /bin/sed
[22:33:26] Looking for 'tbl2asn' - found /home/fsepulveda/Desktop/tesis/sccmec_classification/prokka-1.12/bin/../binaries/linux/tbl2asn
[22:33:26] Determined tbl2asn version is 25.3
[22:33:26] Using genetic code table 11.
[22:33:26] Loading and checking input file: /home/fsepulveda/Desktop/working_dir/megaloop_v3/quality_C/Sa6271.fasta
[22:33:26] Skipping short (<200 bp) contig: Sa6271_NODE_100_length_191_cov_14.2969_ID_199
[22:33:26] Skipping short (<200 bp) contig: Sa6271_NODE_101_length_184_cov_27.1228_ID_201
[22:33:26] Skipping short (<200 bp) contig: Sa6271_NODE_102_length_181_cov_1.38889_ID_203
[22:33:26] Skipping short (<200 bp) contig: Sa6271_NODE_103_length_158_cov_44.6774_ID_205
[22:33:26] Skipping short (<200 bp) contig: Sa6271_NODE_104_length_153_cov_67.9231_ID_207
[22:33:26] Skipping short (<200 bp) contig: Sa6271_NODE_105_length_145_cov_11.8333_ID_209
[22:33:26] Skipping short (<200 bp) contig: Sa6271_NODE_106_length_144_cov_106.235_ID_211
[22:33:26] Skipping short (<200 bp) contig: Sa6271_NODE_107_length_141_cov_24.3571_ID_213
[22:33:26] Skipping short (<200 bp) contig: Sa6271_NODE_108_length_137_cov_39.6_ID_215
[22:33:26] Skipping short (<200 bp) contig: Sa6271_NODE_109_length_128_cov_1605_ID_217
[22:33:26] Wrote 99 contigs totalling 2896598 bp.
[22:33:26] Predicting tRNAs and tmRNAs
[22:33:26] Running: aragorn -l -gc11  -w \/home\/fsepulveda\/Documents\/parte1\/output_Sa6271\/output_prokka\/PROKKA_05122017\.fna
[22:33:27] 1 tRNA-Asp c[11613,11685] 34 (gtc)
[22:33:27] 2 tRNA-Glu c[11693,11767] 34 (ttc)
[22:33:27] 1 tRNA-Arg [23637,23712] 36 (tct)
[22:33:27] 2 tRNA-Asn [172747,172821] 33 (gtt)
[22:33:27] 3 tRNA-Ser [172823,172913] 37 (gct)
[22:33:27] 1 tmRNA c[29244,29602] 94,129 GKSNNNFAVAA*
[22:33:27] 2 tRNA-Arg [45791,45863] 34 (ccg)
[22:33:27] 1 tRNA-Gln c[44971,45063] 40 (ttg)
[22:33:27] 1 tRNA-Leu c[86157,86240] 35 (caa)
[22:33:27] 2 tRNA-Gly c[86279,86353] 34 (tcc)
[22:33:27] 3 tRNA-Gly c[86367,86441] 34 (tcc)
[22:33:27] 4 tRNA-Gly c[86457,86531] 34 (tcc)
[22:33:27] 5 tRNA-Cys c[86539,86612] 33 (gca)
[22:33:27] 6 tRNA-Gln c[86618,86689] 33 (ttg)
[22:33:27] 7 tRNA-His c[86700,86773] 34 (gtg)
[22:33:27] 8 tRNA-Trp c[86776,86849] 33 (cca)
[22:33:27] 9 tRNA-Tyr c[86864,86946] 36 (gta)
[22:33:27] 10 tRNA-Thr c[86951,87026] 34 (tgt)
[22:33:27] 11 tRNA-Phe c[87033,87107] 35 (gaa)
[22:33:27] 12 tRNA-Asp c[87125,87200] 34 (gtc)
[22:33:27] 13 tRNA-Met c[87209,87284] 36 (cat)
[22:33:27] 14 tRNA-Ser c[87298,87390] 37 (tga)
[22:33:27] 15 tRNA-Asp c[87429,87504] 34 (gtc)
[22:33:27] 16 tRNA-Ser c[87514,87605] 38 (tga)
[22:33:27] 17 tRNA-Met c[87614,87687] 35 (cat)
[22:33:27] 18 tRNA-Met c[87715,87789] 35 (cat)
[22:33:27] 19 tRNA-Ala c[87811,87886] 34 (tgc)
[22:33:27] 20 tRNA-Pro c[87904,87977] 35 (tgg)
[22:33:27] 21 tRNA-Arg c[87986,88061] 36 (acg)
[22:33:27] 22 tRNA-Leu c[88079,88167] 35 (taa)
[22:33:27] 23 tRNA-Gly c[88178,88252] 33 (gcc)
[22:33:27] 24 tRNA-Leu c[88255,88338] 36 (tag)
[22:33:27] 25 tRNA-Lys c[88341,88416] 34 (ttt)
[22:33:27] 26 tRNA-Thr c[88422,88497] 34 (tgt)
[22:33:27] 27 tRNA-Val c[88514,88589] 34 (tac)
[22:33:27] 1 tRNA-Ser c[22763,22851] 36 (gga)
[22:33:27] 2 tRNA-Glu c[22905,22978] 35 (ttc)
[22:33:27] 3 tRNA-Asn c[22979,23053] 33 (gtt)
[22:33:27] 4 tRNA-Gly c[23068,23141] 33 (tcc)
[22:33:27] 5 tRNA-His c[23157,23232] 34 (gtg)
[22:33:27] 6 tRNA-Phe c[23246,23318] 34 (gaa)
[22:33:27] 7 tRNA-Asp c[23335,23410] 34 (gtc)
[22:33:27] 8 tRNA-Met c[23432,23505] 35 (cat)
[22:33:27] 1 tRNA-Ser [44696,44788] 37 (tga)
[22:33:27] 1 tRNA-Ala c[143,218] 34 (tgc)
[22:33:27] 2 tRNA-Pro c[242,315] 35 (tgg)
[22:33:27] 3 tRNA-Arg c[336,412] 35 (acg)
[22:33:27] 4 tRNA-Leu c[418,506] 35 (taa)
[22:33:27] 5 tRNA-Gly c[514,588] 33 (gcc)
[22:33:27] 6 tRNA-Lys c[621,695] 35 (ttt)
[22:33:27] 7 tRNA-Thr c[701,776] 34 (tgt)
[22:33:27] 8 tRNA-Val c[793,868] 34 (tac)
[22:33:27] 1 tRNA-Leu [24541,24623] 34 (gag)
[22:33:27] 2 tRNA-Gly [24646,24719] 33 (tcc)
[22:33:27] 1 tRNA-Asn [137,211] 33 (gtt)
[22:33:27] 2 tRNA-Glu [212,285] 35 (ttc)
[22:33:27] 3 tRNA-Val [292,367] 34 (tac)
[22:33:27] 4 tRNA-Tyr [397,480] 35 (gta)
[22:33:27] 5 tRNA-Gln [490,564] 33 (ttg)
[22:33:27] 6 tRNA-Lys [568,641] 34 (ttt)
[22:33:27] 1 tRNA-Ala c[122,197] 34 (tgc)
[22:33:27] 2 tRNA-Ile c[216,292] 35 (gat)
[22:33:27] 1 tRNA-Ile c[122,198] 35 (gat)
[22:33:27] Found 63 tRNAs
[22:33:27] Predicting Ribosomal RNAs
[22:33:27] You need either Barrnap or RNAmmer installed to predict rRNAs!
[22:33:27] Skipping ncRNA search, enable with --rfam if desired.
[22:33:27] Total of 62 tRNA + rRNA features
[22:33:27] Searching for CRISPR repeats
[22:33:28] Found 0 CRISPRs
[22:33:28] Predicting coding sequences
[22:33:28] Contigs total 2896598 bp, so using single mode
[22:33:28] Running: prodigal -i \/home\/fsepulveda\/Documents\/parte1\/output_Sa6271\/output_prokka\/PROKKA_05122017\.fna -c -m -g 11 -p single -f sco -q
[22:33:30] Excluding CDS which overlaps existing RNA (tRNA) at gnl|10|saureus_6:44825..45319 on + strand
[22:33:30] Found 2673 CDS
[22:33:30] Connecting features back to sequences
[22:33:30] Not using genus-specific database. Try --usegenus to enable it.
[22:33:30] Annotating CDS, please be patient.
[22:33:30] Will use 4 CPUs for similarity searching.
[22:33:31] There are still 2673 unannotated CDS left (started with 2673)
[22:33:31] Will use blast to search against /home/fsepulveda/Desktop/tesis/sccmec_classification/prokka-1.12/bin/../db/kingdom/Bacteria/sprot with 4 CPUs
[22:33:31] Running: cat \/home\/fsepulveda\/Documents\/parte1\/output_Sa6271\/output_prokka\/sprot\.faa | parallel --gnu --plain -j 4 --block 102104 --recstart '>' --pipe blastp -query - -db /home/fsepulveda/Desktop/tesis/sccmec_classification/prokka-1.12/bin/../db/kingdom/Bacteria/sprot -evalue 1e-06 -num_threads 1 -num_descriptions 1 -num_alignments 1 -seg no > \/home\/fsepulveda\/Documents\/parte1\/output_Sa6271\/output_prokka\/sprot\.blast 2> /dev/null
[22:34:25] Modify product: Uncharacterized HTH-type transcriptional regulator YbbH => putative HTH-type transcriptional regulator YbbH
[22:34:25] Modify product: Probable transport protein YifK => putative transport protein YifK
[22:34:25] Modify product: Phosphorylated carbohydrates phosphatase TM_1254 => Phosphorylated carbohydrates phosphatase
[22:34:25] Modify product: Uncharacterized oxidoreductase YghA => putative oxidoreductase YghA
[22:34:25] Modify product: Uncharacterized hydrolase YxeP => putative hydrolase YxeP
[22:34:25] Modify product: Probable multidrug resistance protein EmrK => putative multidrug resistance protein EmrK
[22:34:25] Modify product: Uncharacterized ABC transporter ATP-binding protein YbiT => putative ABC transporter ATP-binding protein YbiT
[22:34:25] Modify product: Uncharacterized hydrolase YxeP => putative hydrolase YxeP
[22:34:25] Modify product: TelA-like protein SA1238 => TelA-like protein
[22:34:25] Modify product: Uncharacterized MscS family protein YkuT => putative MscS family protein YkuT
[22:34:25] Modify product: Probable acetyl-CoA acyltransferase => putative acetyl-CoA acyltransferase
[22:34:25] Modify product: Probable deferrochelatase/peroxidase EfeN => putative deferrochelatase/peroxidase EfeN
[22:34:25] Modify product: Probable iron uptake system component EfeM => putative iron uptake system component EfeM
[22:34:25] Modify product: NAD(P)H-dependent FAD/FMN reductase GTNG_3158 => NAD(P)H-dependent FAD/FMN reductase
[22:34:25] Modify product: Probable licABCH operon regulator => putative licABCH operon regulator
[22:34:25] Modify product: Uncharacterized oxidoreductase SpyM50865 => putative oxidoreductase
[22:34:25] Modify product: Uncharacterized HTH-type transcriptional regulator YbbH => putative HTH-type transcriptional regulator YbbH
[22:34:25] Modify product: Uncharacterized ABC transporter permease Rv0072 => putative ABC transporter permease
[22:34:25] Modify product: Probable formate transporter 1 => putative formate transporter 1
[22:34:25] Modify product: Probable antitoxin YezG => putative antitoxin YezG
[22:34:25] Modify product: Probable antitoxin YezG => putative antitoxin YezG
[22:34:25] Modify product: Probable antitoxin YezG => putative antitoxin YezG
[22:34:25] Modify product: Probable antitoxin YezG => putative antitoxin YezG
[22:34:25] Modify product: Probable antitoxin YezG => putative antitoxin YezG
[22:34:25] Modify product: Probable antitoxin YezG => putative antitoxin YezG
[22:34:25] Modify product: Probable antitoxin YezG => putative antitoxin YezG
[22:34:25] Modify product: Probable antitoxin YezG => putative antitoxin YezG
[22:34:25] Modify product: Probable antitoxin YezG => putative antitoxin YezG
[22:34:25] Modify product: Probable antitoxin YezG => putative antitoxin YezG
[22:34:25] Modify product: Uncharacterized ABC transporter ATP-binding protein YxlF => putative ABC transporter ATP-binding protein YxlF
[22:34:25] Modify product: Probable cell wall hydrolase LytN => putative cell wall hydrolase LytN
[22:34:25] Modify product: Uncharacterized oxidoreductase SA2266 => putative oxidoreductase
[22:34:25] Modify product: N utilization substance protein B homolog => N utilization substance protein B 
[22:34:25] Modify product: Probable adenylyltransferase/sulfurtransferase MoeZ => putative adenylyltransferase/sulfurtransferase MoeZ
[22:34:25] Modify product: Probable glycine dehydrogenase (decarboxylating) subunit 2 => putative glycine dehydrogenase (decarboxylating) subunit 2
[22:34:25] Modify product: Probable glycine dehydrogenase (decarboxylating) subunit 1 => putative glycine dehydrogenase (decarboxylating) subunit 1
[22:34:25] Modify product: Probable metallo-hydrolase M6_Spy0554 => putative metallo-hydrolase
[22:34:25] Modify product: Probable endonuclease 4 => putative endonuclease 4
[22:34:25] Modify product: GTP cyclohydrolase 1 type 2 homolog => GTP cyclohydrolase 1 type 2 
[22:34:25] Modify product: Probable peptidoglycan glycosyltransferase FtsW => putative peptidoglycan glycosyltransferase FtsW
[22:34:25] Modify product: Bifunctional protein FolD => Bifunctional protein FolD protein
[22:34:25] Modify product: Probable quinol oxidase subunit 2 => putative quinol oxidase subunit 2
[22:34:25] Modify product: Probable quinol oxidase subunit 1 => putative quinol oxidase subunit 1
[22:34:25] Modify product: Acetyltransferase SACOL1063 => Acetyltransferase
[22:34:25] Modify product: Uncharacterized ABC transporter ATP-binding protein Rv0986 => putative ABC transporter ATP-binding protein
[22:34:25] Modify product: Serine protease HtrA-like => Serine protease HtrA-like protein
[22:34:25] Modify product: Probable glycolipid permease LtaA => putative glycolipid permease LtaA
[22:34:25] Modify product: Putative phosphoesterase SA0873 => Putative phosphoesterase
[22:34:25] Modify product: Probable glucose uptake protein GlcU => putative glucose uptake protein GlcU
[22:34:25] Modify product: Uncharacterized HTH-type transcriptional regulator YydK => putative HTH-type transcriptional regulator YydK
[22:34:25] Modify product: Uncharacterized glycosyltransferase EpsJ => putative glycosyltransferase EpsJ
[22:34:25] Modify product: Probable 3-hydroxyacyl-CoA dehydrogenase => putative 3-hydroxyacyl-CoA dehydrogenase
[22:34:25] Modify product: Uncharacterized sensor-like histidine kinase SACOL0202 => putative sensor-like histidine kinase
[22:34:25] Modify product: Uncharacterized response regulatory protein SACOL0201 => putative response regulatory protein
[22:34:25] Modify product: Uncharacterized lipoprotein SAOUHSC_00053 => putative lipoprotein
[22:34:25] Modify product: Uncharacterized HTH-type transcriptional regulator YbbH => putative HTH-type transcriptional regulator YbbH
[22:34:25] Modify product: PTS system EIIBC component SA0186 => PTS system EIIBC component
[22:34:25] Modify product: Uncharacterized sugar transferase EpsL => putative sugar transferase EpsL
[22:34:25] Modify product: Probable siderophore biosynthesis protein SbnA => putative siderophore biosynthesis protein SbnA
[22:34:25] Modify product: Probable siderophore-binding lipoprotein YfiY => putative siderophore-binding lipoprotein YfiY
[22:34:25] Modify product: Probable siderophore transport system permease protein YfiZ => putative siderophore transport system permease protein YfiZ
[22:34:25] Modify product: Probable siderophore transport system permease protein YfhA => putative siderophore transport system permease protein YfhA
[22:34:25] Modify product: Organic hydroperoxide resistance protein-like => Organic hydroperoxide resistance protein-like protein
[22:34:25] Modify product: Probable poly-beta-1,6-N-acetyl-D-glucosamine export protein => putative poly-beta-1,6-N-acetyl-D-glucosamine export protein
[22:34:25] Modify product: N-acetylmuramoyl-L-alanine amidase domain-containing protein SAOUHSC_02979 => N-acetylmuramoyl-L-alanine amidase domain-containing protein
[22:34:25] Modify product: Glutathione peroxidase homolog BsaA => Glutathione peroxidase  BsaA
[22:34:25] Modify product: Probable malate:quinone oxidoreductase 2 => putative malate:quinone oxidoreductase 2
[22:34:25] Modify product: Uncharacterized amino acid permease YhdG => putative amino acid permease YhdG
[22:34:25] Modify product: Uncharacterized hydrolase SA2367 => putative hydrolase
[22:34:25] Modify product: Probable transglycosylase IsaA => putative transglycosylase IsaA
[22:34:26] Modify product: Putative acetyltransferase SACOL2570 => Putative acetyltransferase
[22:34:26] Modify product: Putative esterase aq_1494 => Putative esterase
[22:34:26] Modify product: Uncharacterized inner membrane transporter YicL => putative inner membrane transporter YicL
[22:34:26] Modify product: Probable peptide export permease protein YydJ => putative peptide export permease protein YydJ
[22:34:26] Modify product: Probable peptide export ATP-binding protein YydI => putative peptide export ATP-binding protein YydI
[22:34:26] Modify product: Putative NAD(P)H nitroreductase SA2311 => Putative NAD(P)H nitroreductase
[22:34:26] Modify product: Uncharacterized ABC transporter ATP-binding protein YxlF => putative ABC transporter ATP-binding protein YxlF
[22:34:26] Modify product: Uncharacterized membrane protein Rv0364 => putative membrane protein
[22:34:26] Modify product: Probable sulfoacetate transporter SauU => putative sulfoacetate transporter SauU
[22:34:26] Modify product: Uncharacterized N-acetyltransferase SA1019 => putative N-acetyltransferase
[22:34:26] Modify product: Putative metallophosphoesterase MG207 homolog => Putative metallophosphoesterase MG207 
[22:34:26] Modify product: Probable heme-iron transport system permease protein IsdF => putative heme-iron transport system permease protein IsdF
[22:34:26] Modify product: Probable glycerophosphodiester phosphodiesterase 1 => putative glycerophosphodiester phosphodiesterase 1
[22:34:26] Modify product: Probable protein-export membrane protein SecG => putative protein-export membrane protein SecG
[22:34:26] Modify product: Epimerase family protein SA0724 => Epimerase family protein
[22:34:26] Modify product: Nucleotide-binding protein SA0720 => Nucleotide-binding protein
[22:34:26] Modify product: DegV domain-containing protein SA0704 => DegV domain-containing protein
[22:34:26] Modify product: Probable undecaprenyl-phosphate N-acetylglucosaminyl 1-phosphate transferase => putative undecaprenyl-phosphate N-acetylglucosaminyl 1-phosphate transferase
[22:34:26] Modify product: Uncharacterized ABC transporter solute-binding protein YclQ => putative ABC transporter solute-binding protein YclQ
[22:34:26] Modify product: Probable siderophore transport system ATP-binding protein YusV => putative siderophore transport system ATP-binding protein YusV
[22:34:26] Modify product: Putative lipid kinase SA0681 => Putative lipid kinase
[22:34:26] Modify product: Uncharacterized oxidoreductase MSMEG_2408/MSMEI_2347 => putative oxidoreductase/MSMEI_2347
[22:34:26] Modify product: Putative multidrug export ATP-binding/permease protein SA1683 => Putative multidrug export ATP-binding/permease protein
[22:34:26] Modify product: Probable transcriptional regulatory protein SA0624 => putative transcriptional regulatory protein
[22:34:26] Modify product: Putative surface protein SA2285 => Putative surface protein
[22:34:26] Modify product: Uncharacterized lipoprotein SA2273 => putative lipoprotein
[22:34:26] Modify product: Uncharacterized lipoprotein SA2273 => putative lipoprotein
[22:34:26] Modify product: Uncharacterized lipoprotein SA2273 => putative lipoprotein
[22:34:26] Modify product: Uncharacterized lipoprotein SA2273 => putative lipoprotein
[22:34:26] Modify product: Uncharacterized oxidoreductase SA2266 => putative oxidoreductase
[22:34:26] Modify product: Uncharacterized lipoprotein YehR => putative lipoprotein YehR
[22:34:26] Modify product: Probable iron export ATP-binding protein FetA => putative iron export ATP-binding protein FetA
[22:34:26] Modify product: Probable iron export permease protein FetB => putative iron export permease protein FetB
[22:34:26] Modify product: Uncharacterized ABC transporter ATP-binding protein TM_0288 => putative ABC transporter ATP-binding protein
[22:34:26] Modify product: Probable amino-acid ABC transporter-binding protein HI_1080 => putative amino-acid ABC transporter-binding protein
[22:34:26] Modify product: Uncharacterized N-acetyltransferase YtmI => putative N-acetyltransferase YtmI
[22:34:26] Modify product: Probable nitrate reductase molybdenum cofactor assembly chaperone NarW => putative nitrate reductase molybdenum cofactor assembly chaperone NarW
[22:34:26] Modify product: Probable nitrate transporter NarT => putative nitrate transporter NarT
[22:34:26] Modify product: Uncharacterized lipoprotein SA2158 => putative lipoprotein
[22:34:26] Modify product: Probable malate:quinone oxidoreductase 1 => putative malate:quinone oxidoreductase 1
[22:34:26] Modify product: Uncharacterized HTH-type transcriptional regulator SACOL2360 => putative HTH-type transcriptional regulator
[22:34:26] Modify product: Uncharacterized ABC transporter permease Rv0072 => putative ABC transporter permease
[22:34:26] Modify product: Probable glucose uptake protein GlcU => putative glucose uptake protein GlcU
[22:34:26] Modify product: Uncharacterized HTH-type transcriptional regulator SAR2349 => putative HTH-type transcriptional regulator
[22:34:26] Modify product: Probable molybdenum cofactor guanylyltransferase => putative molybdenum cofactor guanylyltransferase
[22:34:26] Modify product: Urea transporter DVU1160 => Urea transporter
[22:34:26] Modify product: Putative 2-hydroxyacid dehydrogenase SA2098 => Putative 2-hydroxyacid dehydrogenase
[22:34:26] Modify product: Putative formate dehydrogenase SA2102 => Putative formate dehydrogenase
[22:34:26] Modify product: Uncharacterized zinc protease Rv2782c => putative zinc protease
[22:34:26] Modify product: Probable transcriptional regulator PhnF => putative transcriptional regulator PhnF
[22:34:26] Modify product: Probable ribosomal protein YlxQ => putative ribosomal protein YlxQ
[22:34:26] Modify product: Putative zinc metalloprotease SA1105 => Putative zinc metalloprotease
[22:34:26] Modify product: Probable cell wall hydrolase LytN => putative cell wall hydrolase LytN
[22:34:26] Modify product: Probable dual-specificity RNA methyltransferase RlmN => putative dual-specificity RNA methyltransferase RlmN
[22:34:26] Modify product: Probable GTP-binding protein EngB => putative GTP-binding protein EngB
[22:34:26] Modify product: Uncharacterized AAA domain-containing protein Rv2559c => putative AAA domain-containing protein
[22:34:26] Modify product: Putative O-methyltransferase MSMEG_5073/MSMEI_4947 => Putative O-methyltransferase/MSMEI_4947
[22:34:26] Modify product: Uncharacterized protease YdcP => putative protease YdcP
[22:34:26] Modify product: Uncharacterized protease YdcP => putative protease YdcP
[22:34:26] Modify product: Probable nicotinate-nucleotide adenylyltransferase => putative nicotinate-nucleotide adenylyltransferase
[22:34:26] Modify product: Probable transglycosylase SceD => putative transglycosylase SceD
[22:34:26] Modify product: Putative aldehyde dehydrogenase SAV2122 => Putative aldehyde dehydrogenase
[22:34:26] Modify product: Probable DNA-directed RNA polymerase subunit delta => putative DNA-directed RNA polymerase subunit delta
[22:34:26] Modify product: Probable mannose-6-phosphate isomerase GmuF => putative mannose-6-phosphate isomerase GmuF
[22:34:26] Modify product: Uncharacterized sugar epimerase YhfK => putative sugar epimerase YhfK
[22:34:26] Modify product: Uncharacterized ABC transporter ATP-binding protein YlmA => putative ABC transporter ATP-binding protein YlmA
[22:34:26] Modify product: Uncharacterized peptidase SA1530 => putative peptidase
[22:34:26] Modify product: Putative universal stress protein SA1532 => Putative universal stress protein
[22:34:26] Modify product: Probable thiol peroxidase => putative thiol peroxidase
[22:34:26] Modify product: Probable tRNA sulfurtransferase => putative tRNA sulfurtransferase
[22:34:26] Modify product: Nucleoid-associated protein SA0437 => Nucleoid-associated protein
[22:34:26] Modify product: Uncharacterized ABC transporter ATP-binding protein YxlF => putative ABC transporter ATP-binding protein YxlF
[22:34:26] Modify product: Probable cell wall hydrolase LytN => putative cell wall hydrolase LytN
[22:34:26] Modify product: Putative esterase aq_1494 => Putative esterase
[22:34:26] Modify product: Putative phosphatase M6_Spy0533 => Putative phosphatase
[22:34:26] Modify product: Probable branched-chain-amino-acid aminotransferase => putative branched-chain-amino-acid aminotransferase
[22:34:26] Modify product: Uncharacterized epimerase/dehydratase SA0511 => putative epimerase/dehydratase
[22:34:26] Modify product: Uncharacterized hydrolase YxeP => putative hydrolase YxeP
[22:34:26] Modify product: Ribosome-associated protein L7Ae-like => Ribosome-associated protein L7Ae-like protein
[22:34:26] Modify product: Uncharacterized PIN and TRAM-domain containing protein YacL => putative PIN and TRAM-domain containing protein YacL
[22:34:26] Modify product: Probable manganese-dependent inorganic pyrophosphatase => putative manganese-dependent inorganic pyrophosphatase
[22:34:26] Modify product: Ribonuclease BC_0920 => Ribonuclease
[22:34:26] Modify product: Probable pyridine nucleotide-disulfide oxidoreductase RclA => putative pyridine nucleotide-disulfide oxidoreductase RclA
[22:34:26] Modify product: Putative heme-dependent peroxidase SA0544 => Putative heme-dependent peroxidase
[22:34:26] Modify product: Uncharacterized amino acid permease YhdG => putative amino acid permease YhdG
[22:34:26] Modify product: Uncharacterized acyl--CoA ligase YhfT => putative acyl--CoA ligase YhfT
[22:34:26] Modify product: Probable N-acetyl-alpha-D-glucosaminyl L-malate deacetylase 2 => putative N-acetyl-alpha-D-glucosaminyl L-malate deacetylase 2
[22:34:27] Modify product: Probable tautomerase SA1195.1 => putative tautomerase.1
[22:34:27] Modify product: Zinc-type alcohol dehydrogenase-like protein SA1988 => Zinc-type alcohol dehydrogenase-like protein
[22:34:27] Modify product: Uncharacterized oxidoreductase MSMEG_2408/MSMEI_2347 => putative oxidoreductase/MSMEI_2347
[22:34:27] Modify product: Uncharacterized hydrolase SA2005 => putative hydrolase
[22:34:27] Modify product: Probable quorum-quenching lactonase YtnP => putative quorum-quenching lactonase YtnP
[22:34:27] Modify product: Putative dipeptidase SACOL1801 => Putative dipeptidase
[22:34:27] Modify product: Probable CtpA-like serine protease => putative CtpA-like serine protease
[22:34:27] Modify product: DegV domain-containing protein MW1315 => DegV domain-containing protein
[22:34:27] Modify product: Probable ATP-dependent helicase DinG homolog => putative ATP-dependent helicase DinG 
[22:34:27] Modify product: Probable cysteine desulfurase => putative cysteine desulfurase
[22:34:27] Modify product: Putative monooxygenase Rv1533 => Putative monooxygenase
[22:34:27] Modify product: NADH dehydrogenase-like protein SA0802 => NADH dehydrogenase-like protein
[22:34:27] Modify product: Putative esterase PA1618 => Putative esterase
[22:34:27] Modify product: Uncharacterized oxidoreductase SpyM50865 => putative oxidoreductase
[22:34:27] Modify product: N-acetylmuramoyl-L-alanine amidase domain-containing protein SAOUHSC_02979 => N-acetylmuramoyl-L-alanine amidase domain-containing protein
[22:34:27] Modify product: Uncharacterized ABC transporter ATP-binding protein YxlF => putative ABC transporter ATP-binding protein YxlF
[22:34:27] Modify product: Uncharacterized metallophosphoesterase YhaO => putative metallophosphoesterase YhaO
[22:34:27] Modify product: Uncharacterized lipoprotein SA0397 => putative lipoprotein
[22:34:27] Modify product: Uncharacterized lipoprotein SA0397 => putative lipoprotein
[22:34:27] Modify product: Uncharacterized lipoprotein SA0397 => putative lipoprotein
[22:34:27] Modify product: Uncharacterized lipoprotein SA0397 => putative lipoprotein
[22:34:27] Modify product: Uncharacterized lipoprotein SA0397 => putative lipoprotein
[22:34:27] Modify product: Uncharacterized lipoprotein SAOUHSC_00053 => putative lipoprotein
[22:34:27] Modify product: Uncharacterized lipoprotein SAOUHSC_00052 => putative lipoprotein
[22:34:27] Modify product: Uncharacterized lipoprotein SA0397 => putative lipoprotein
[22:34:27] Modify product: Uncharacterized lipoprotein SAOUHSC_00053 => putative lipoprotein
[22:34:27] Modify product: Uncharacterized lipoprotein SA0397 => putative lipoprotein
[22:34:27] Modify product: Probable D-methionine-binding lipoprotein MetQ => putative D-methionine-binding lipoprotein MetQ
[22:34:27] Modify product: Probable amino-acid metabolite efflux pump => putative amino-acid metabolite efflux pump
[22:34:27] Modify product: Uncharacterized hydrolase YxeP => putative hydrolase YxeP
[22:34:27] Modify product: Uncharacterized lipoprotein SAOUHSC_00053 => putative lipoprotein
[22:34:27] Modify product: Uncharacterized lipoprotein SAOUHSC_00053 => putative lipoprotein
[22:34:27] Modify product: Uncharacterized lipoprotein SAOUHSC_00053 => putative lipoprotein
[22:34:27] Modify product: Uncharacterized lipoprotein SAOUHSC_00053 => putative lipoprotein
[22:34:27] Modify product: Uncharacterized lipoprotein SAOUHSC_00052 => putative lipoprotein
[22:34:27] Modify product: Uncharacterized ABC transporter ATP-binding protein YheS => putative ABC transporter ATP-binding protein YheS
[22:34:27] Modify product: Probable acrylyl-CoA reductase AcuI => putative acrylyl-CoA reductase AcuI
[22:34:27] Modify product: Uncharacterized ABC transporter ATP-binding protein YbiT => putative ABC transporter ATP-binding protein YbiT
[22:34:27] Modify product: Uncharacterized ABC transporter ATP-binding protein YxlF => putative ABC transporter ATP-binding protein YxlF
[22:34:27] Modify product: Probable tRNA-dihydrouridine synthase => putative tRNA-dihydrouridine synthase
[22:34:27] Modify product: Probable tRNA-dihydrouridine synthase => putative tRNA-dihydrouridine synthase
[22:34:27] Modify product: Uncharacterized acyl-CoA thioester hydrolase HI_0827 => putative acyl-CoA thioester hydrolase
[22:34:27] Modify product: Putative multidrug export ATP-binding/permease protein SA1683 => Putative multidrug export ATP-binding/permease protein
[22:34:27] Modify product: Probable L-asparaginase => putative L-asparaginase
[22:34:27] Modify product: Probable siderophore transport system permease protein YfiZ => putative siderophore transport system permease protein YfiZ
[22:34:27] Modify product: Probable uridylyltransferase SA1974 => putative uridylyltransferase
[22:34:27] Modify product: Probable multidrug resistance protein EmrY => putative multidrug resistance protein EmrY
[22:34:27] Modify product: Glutathione peroxidase homolog BsaA => Glutathione peroxidase  BsaA
[22:34:27] Modify product: Uncharacterized beta-barrel protein YwiB => putative beta-barrel protein YwiB
[22:34:27] Modify product: Probable ABC transporter permease protein HI_1471 => putative ABC transporter permease protein
[22:34:27] Modify product: Probable succinyl-diaminopimelate desuccinylase => putative succinyl-diaminopimelate desuccinylase
[22:34:27] Modify product: Uncharacterized leukocidin-like protein 2 => putative leukocidin-like protein 2
[22:34:27] Modify product: Uncharacterized leukocidin-like protein 1 => putative leukocidin-like protein 1
[22:34:27] Cleaned 210 /product names
[22:34:27] Deleting unwanted file: /home/fsepulveda/Documents/parte1/output_Sa6271/output_prokka/sprot.faa
[22:34:27] Deleting unwanted file: /home/fsepulveda/Documents/parte1/output_Sa6271/output_prokka/sprot.blast
[22:34:27] There are still 892 unannotated CDS left (started with 2673)
[22:34:27] Will use hmmer3 to search against /home/fsepulveda/Desktop/tesis/sccmec_classification/prokka-1.12/bin/../db/hmm/HAMAP.hmm with 4 CPUs
[22:34:27] Running: cat \/home\/fsepulveda\/Documents\/parte1\/output_Sa6271\/output_prokka\/HAMAP\.hmm\.faa | parallel --gnu --plain -j 4 --block 22759 --recstart '>' --pipe hmmscan --noali --notextw --acc -E 1e-06 --cpu 1 /home/fsepulveda/Desktop/tesis/sccmec_classification/prokka-1.12/bin/../db/hmm/HAMAP.hmm /dev/stdin > \/home\/fsepulveda\/Documents\/parte1\/output_Sa6271\/output_prokka\/HAMAP\.hmm\.hmmer3 2> /dev/null
[22:34:42] Modify product: Protein SprT-like => Protein SprT-like protein
[22:34:43] Cleaned 1 /product names
[22:34:43] Deleting unwanted file: /home/fsepulveda/Documents/parte1/output_Sa6271/output_prokka/HAMAP.hmm.faa
[22:34:43] Deleting unwanted file: /home/fsepulveda/Documents/parte1/output_Sa6271/output_prokka/HAMAP.hmm.hmmer3
[22:34:43] Labelling remaining 838 proteins as 'hypothetical protein'
[22:34:43] Possible /pseudo 'Fibronectin-binding protein A' at gnl|10|saureus_1 position 276581
[22:34:43] Possible /pseudo 'Antibacterial protein 3' at gnl|10|saureus_2 position 23140
[22:34:43] Possible /pseudo 'Glucose--fructose oxidoreductase' at gnl|10|saureus_3 position 67096
[22:34:43] Possible /pseudo 'UDP-N-acetyl-alpha-D-glucosamine C6 dehydratase' at gnl|10|saureus_3 position 141578
[22:34:43] Possible /pseudo 'Replication initiation protein' at gnl|10|saureus_3 position 149616
[22:34:43] Possible /pseudo 'Phosphate-import permease protein PhnE' at gnl|10|saureus_3 position 156862
[22:34:43] Possible /pseudo 'putative lipoprotein' at gnl|10|saureus_5 position 12333
[22:34:43] Possible /pseudo 'putative lipoprotein' at gnl|10|saureus_5 position 12728
[22:34:43] Possible /pseudo 'putative antitoxin YezG' at gnl|10|saureus_7 position 105803
[22:34:43] Possible /pseudo 'putative antitoxin YezG' at gnl|10|saureus_7 position 106314
[22:34:43] Possible /pseudo 'putative antitoxin YezG' at gnl|10|saureus_7 position 106825
[22:34:43] Possible /pseudo 'putative antitoxin YezG' at gnl|10|saureus_7 position 107337
[22:34:43] Possible /pseudo 'putative antitoxin YezG' at gnl|10|saureus_7 position 109818
[22:34:43] Possible /pseudo 'putative antitoxin YezG' at gnl|10|saureus_7 position 110835
[22:34:43] Possible /pseudo 'putative protease YdcP' at gnl|10|saureus_10 position 83478
[22:34:43] Possible /pseudo 'Extracellular matrix-binding protein ebh' at gnl|10|saureus_11 position 76670
[22:34:43] Possible /pseudo 'Signal peptidase IB' at gnl|10|saureus_14 position 53322
[22:34:43] Possible /pseudo 'putative lipoprotein' at gnl|10|saureus_17 position 5474
[22:34:43] Possible /pseudo 'putative lipoprotein' at gnl|10|saureus_17 position 6293
[22:34:43] Possible /pseudo 'putative lipoprotein' at gnl|10|saureus_17 position 7146
[22:34:43] Possible /pseudo 'putative lipoprotein' at gnl|10|saureus_17 position 7968
[22:34:43] Possible /pseudo 'putative lipoprotein' at gnl|10|saureus_17 position 8770
[22:34:43] Possible /pseudo 'putative lipoprotein' at gnl|10|saureus_17 position 9631
[22:34:43] Possible /pseudo 'putative lipoprotein' at gnl|10|saureus_17 position 10583
[22:34:43] Possible /pseudo 'putative lipoprotein' at gnl|10|saureus_17 position 11417
[22:34:43] Possible /pseudo 'putative lipoprotein' at gnl|10|saureus_17 position 12382
[22:34:43] Possible /pseudo '65 kDa membrane protein' at gnl|10|saureus_18 position 11042
[22:34:43] Possible /pseudo 'Poly(glycerol-phosphate) alpha-glucosyltransferase' at gnl|10|saureus_22 position 33510
[22:34:43] Possible /pseudo 'putative lipoprotein' at gnl|10|saureus_26 position 18269
[22:34:43] Possible /pseudo 'putative lipoprotein' at gnl|10|saureus_26 position 19103
[22:34:43] Possible /pseudo 'putative lipoprotein' at gnl|10|saureus_26 position 19925
[22:34:43] Possible /pseudo 'putative lipoprotein' at gnl|10|saureus_26 position 20747
[22:34:43] Possible /pseudo 'DNA-invertase hin' at gnl|10|saureus_28 position 11644
[22:34:43] Possible /pseudo 'Putative fluoride ion transporter CrcB' at gnl|10|saureus_49 position 958
[22:34:43] Found 1448 unique /gene codes.
[22:34:43] Fixed 2 duplicate /gene - arcA_1 arcA_2
[22:34:43] Fixed 2 duplicate /gene - ykoD_1 ykoD_2
[22:34:43] Fixed 2 duplicate /gene - gatC_1 gatC_2
[22:34:43] Fixed 2 duplicate /gene - pepF1_1 pepF1_2
[22:34:43] Fixed 2 duplicate /gene - nhaK_1 nhaK_2
[22:34:43] Fixed 2 duplicate /gene - patA_1 patA_2
[22:34:43] Fixed 3 duplicate /gene - atl_1 atl_2 atl_3
[22:34:43] Fixed 4 duplicate /gene - yxeP_1 yxeP_2 yxeP_3 yxeP_4
[22:34:43] Fixed 2 duplicate /gene - trxA_1 trxA_2
[22:34:43] Fixed 2 duplicate /gene - murF_1 murF_2
[22:34:43] Fixed 2 duplicate /gene - manR_1 manR_2
[22:34:43] Fixed 2 duplicate /gene - carA_1 carA_2
[22:34:43] Fixed 2 duplicate /gene - hlb_1 hlb_2
[22:34:43] Fixed 2 duplicate /gene - fecD_1 fecD_2
[22:34:43] Fixed 2 duplicate /gene - tarF_1 tarF_2
[22:34:43] Fixed 2 duplicate /gene - kipA_1 kipA_2
[22:34:43] Fixed 2 duplicate /gene - gfo_1 gfo_2
[22:34:43] Fixed 2 duplicate /gene - fhuD_1 fhuD_2
[22:34:43] Fixed 7 duplicate /gene - lpl2_1 lpl2_2 lpl2_3 lpl2_4 lpl2_5 lpl2_6 lpl2_7
[22:34:43] Fixed 2 duplicate /gene - nikE_1 nikE_2
[22:34:43] Fixed 2 duplicate /gene - treP_1 treP_2
[22:34:43] Fixed 2 duplicate /gene - glpQ_1 glpQ_2
[22:34:43] Fixed 2 duplicate /gene - ugpQ_1 ugpQ_2
[22:34:43] Fixed 2 duplicate /gene - yfmC_1 yfmC_2
[22:34:43] Fixed 2 duplicate /gene - gpmA_1 gpmA_2
[22:34:43] Fixed 2 duplicate /gene - smc_1 smc_2
[22:34:43] Fixed 10 duplicate /gene - yezG_1 yezG_2 yezG_3 yezG_4 yezG_5 yezG_6 yezG_7 yezG_8 yezG_9 yezG_10
[22:34:43] Fixed 2 duplicate /gene - accB_1 accB_2
[22:34:43] Fixed 2 duplicate /gene - oppF_1 oppF_2
[22:34:43] Fixed 3 duplicate /gene - slyA_1 slyA_2 slyA_3
[22:34:43] Fixed 2 duplicate /gene - bltD_1 bltD_2
[22:34:43] Fixed 3 duplicate /gene - tagE_1 tagE_2 tagE_3
[22:34:43] Fixed 2 duplicate /gene - tagH_1 tagH_2
[22:34:43] Fixed 2 duplicate /gene - metP_1 metP_2
[22:34:43] Fixed 4 duplicate /gene - ssaA2_1 ssaA2_2 ssaA2_3 ssaA2_4
[22:34:43] Fixed 2 duplicate /gene - cycA_1 cycA_2
[22:34:43] Fixed 2 duplicate /gene - rocD2_1 rocD2_2
[22:34:43] Fixed 3 duplicate /gene - lytN_1 lytN_2 lytN_3
[22:34:43] Fixed 2 duplicate /gene - gltB_1 gltB_2
[22:34:43] Fixed 4 duplicate /gene - ebh_1 ebh_2 ebh_3 ebh_4
[22:34:43] Fixed 2 duplicate /gene - cap8A_1 cap8A_2
[22:34:43] Fixed 3 duplicate /gene - rluD_1 rluD_2 rluD_3
[22:34:43] Fixed 2 duplicate /gene - ydcP_1 ydcP_2
[22:34:43] Fixed 2 duplicate /gene - ghrB_1 ghrB_2
[22:34:43] Fixed 2 duplicate /gene - pitA_1 pitA_2
[22:34:43] Fixed 2 duplicate /gene - alr1_1 alr1_2
[22:34:43] Fixed 2 duplicate /gene - ricR_1 ricR_2
[22:34:43] Fixed 2 duplicate /gene - mutS_1 mutS_2
[22:34:43] Fixed 2 duplicate /gene - hrtA_1 hrtA_2
[22:34:43] Fixed 2 duplicate /gene - dnaX_1 dnaX_2
[22:34:43] Fixed 2 duplicate /gene - ywqD_1 ywqD_2
[22:34:43] Fixed 2 duplicate /gene - ldhD_1 ldhD_2
[22:34:43] Fixed 2 duplicate /gene - lysP_1 lysP_2
[22:34:43] Fixed 2 duplicate /gene - entA_1 entA_2
[22:34:43] Fixed 2 duplicate /gene - lipA_1 lipA_2
[22:34:43] Fixed 2 duplicate /gene - pheT_1 pheT_2
[22:34:43] Fixed 2 duplicate /gene - gloB_1 gloB_2
[22:34:43] Fixed 3 duplicate /gene - bceB_1 bceB_2 bceB_3
[22:34:43] Fixed 2 duplicate /gene - mleN_1 mleN_2
[22:34:43] Fixed 2 duplicate /gene - pdhC_1 pdhC_2
[22:34:43] Fixed 2 duplicate /gene - ysdC_1 ysdC_2
[22:34:43] Fixed 2 duplicate /gene - xerC_1 xerC_2
[22:34:43] Fixed 2 duplicate /gene - pglF_1 pglF_2
[22:34:43] Fixed 2 duplicate /gene - bcr_1 bcr_2
[22:34:43] Fixed 2 duplicate /gene - mntH_1 mntH_2
[22:34:43] Fixed 2 duplicate /gene - clpB_1 clpB_2
[22:34:43] Fixed 2 duplicate /gene - uppP_1 uppP_2
[22:34:43] Fixed 2 duplicate /gene - ybiT_1 ybiT_2
[22:34:43] Fixed 2 duplicate /gene - czcD_1 czcD_2
[22:34:43] Fixed 2 duplicate /gene - gatA_1 gatA_2
[22:34:43] Fixed 2 duplicate /gene - rnmV_1 rnmV_2
[22:34:43] Fixed 2 duplicate /gene - iucA_1 iucA_2
[22:34:43] Fixed 2 duplicate /gene - yfiZ_1 yfiZ_2
[22:34:43] Fixed 2 duplicate /gene - znuC_1 znuC_2
[22:34:43] Fixed 2 duplicate /gene - arcB_1 arcB_2
[22:34:43] Fixed 2 duplicate /gene - lctP_1 lctP_2
[22:34:43] Fixed 2 duplicate /gene - secA_1 secA_2
[22:34:43] Fixed 3 duplicate /gene - der_1 der_2 der_3
[22:34:43] Fixed 3 duplicate /gene - ptsG_1 ptsG_2 ptsG_3
[22:34:43] Fixed 2 duplicate /gene - feoB_1 feoB_2
[22:34:43] Fixed 2 duplicate /gene - cspA_1 cspA_2
[22:34:43] Fixed 2 duplicate /gene - arcC1_1 arcC1_2
[22:34:43] Fixed 2 duplicate /gene - bceA_1 bceA_2
[22:34:43] Fixed 2 duplicate /gene - spsB_1 spsB_2
[22:34:43] Fixed 4 duplicate /gene - hin_1 hin_2 hin_3 hin_4
[22:34:43] Fixed 3 duplicate /gene - scn_1 scn_2 scn_3
[22:34:43] Fixed 5 duplicate /gene - yxlF_1 yxlF_2 yxlF_3 yxlF_4 yxlF_5
[22:34:43] Fixed 2 duplicate /gene - nupC_1 nupC_2
[22:34:43] Fixed 2 duplicate /gene - pbpX_1 pbpX_2
[22:34:43] Fixed 2 duplicate /gene - murJ_1 murJ_2
[22:34:43] Fixed 2 duplicate /gene - arcD_1 arcD_2
[22:34:43] Fixed 3 duplicate /gene - femA_1 femA_2 femA_3
[22:34:43] Fixed 3 duplicate /gene - treR_1 treR_2 treR_3
[22:34:43] Fixed 2 duplicate /gene - mepM_1 mepM_2
[22:34:43] Fixed 2 duplicate /gene - cls_1 cls_2
[22:34:43] Fixed 2 duplicate /gene - ktrB_1 ktrB_2
[22:34:43] Fixed 3 duplicate /gene - graR_1 graR_2 graR_3
[22:34:43] Fixed 2 duplicate /gene - natA_1 natA_2
[22:34:43] Fixed 2 duplicate /gene - cfiB_1 cfiB_2
[22:34:43] Fixed 2 duplicate /gene - nagB_1 nagB_2
[22:34:43] Fixed 2 duplicate /gene - acsA_1 acsA_2
[22:34:43] Fixed 2 duplicate /gene - yitU_1 yitU_2
[22:34:43] Fixed 2 duplicate /gene - ykoC_1 ykoC_2
[22:34:43] Fixed 3 duplicate /gene - gph_1 gph_2 gph_3
[22:34:43] Fixed 2 duplicate /gene - dus_1 dus_2
[22:34:43] Fixed 2 duplicate /gene - iscS_1 iscS_2
[22:34:43] Fixed 4 duplicate /gene - gsiD_1 gsiD_2 gsiD_3 gsiD_4
[22:34:43] Fixed 2 duplicate /gene - gatB_1 gatB_2
[22:34:43] Fixed 2 duplicate /gene - pepT_1 pepT_2
[22:34:43] Fixed 2 duplicate /gene - rpsA_1 rpsA_2
[22:34:43] Fixed 2 duplicate /gene - nth_1 nth_2
[22:34:43] Fixed 2 duplicate /gene - yugI_1 yugI_2
[22:34:43] Fixed 3 duplicate /gene - argR_1 argR_2 argR_3
[22:34:43] Fixed 2 duplicate /gene - clpP_1 clpP_2
[22:34:43] Fixed 2 duplicate /gene - lytM_1 lytM_2
[22:34:43] Fixed 2 duplicate /gene - mggB_1 mggB_2
[22:34:43] Fixed 2 duplicate /gene - rpmG2_1 rpmG2_2
[22:34:43] Fixed 2 duplicate /gene - yfkN_1 yfkN_2
[22:34:43] Fixed 3 duplicate /gene - brnQ_1 brnQ_2 brnQ_3
[22:34:43] Fixed 2 duplicate /gene - speC_1 speC_2
[22:34:43] Fixed 2 duplicate /gene - ftsK_1 ftsK_2
[22:34:43] Fixed 3 duplicate /gene - ssbA_1 ssbA_2 ssbA_3
[22:34:43] Fixed 2 duplicate /gene - garK_1 garK_2
[22:34:43] Fixed 2 duplicate /gene - lexA_1 lexA_2
[22:34:43] Fixed 2 duplicate /gene - limB_1 limB_2
[22:34:43] Fixed 2 duplicate /gene - rimI_1 rimI_2
[22:34:43] Fixed 3 duplicate /gene - mhqA_1 mhqA_2 mhqA_3
[22:34:43] Fixed 2 duplicate /gene - catE_1 catE_2
[22:34:43] Fixed 2 duplicate /gene - ywqN_1 ywqN_2
[22:34:43] Fixed 2 duplicate /gene - Int-Tn_1 Int-Tn_2
[22:34:43] Fixed 2 duplicate /gene - recQ_1 recQ_2
[22:34:43] Fixed 2 duplicate /gene - mnaA_1 mnaA_2
[22:34:43] Fixed 2 duplicate /gene - gsiC_1 gsiC_2
[22:34:43] Fixed 3 duplicate /gene - graS_1 graS_2 graS_3
[22:34:43] Fixed 5 duplicate /gene - oppD_1 oppD_2 oppD_3 oppD_4 oppD_5
[22:34:43] Fixed 2 duplicate /gene - polA_1 polA_2
[22:34:43] Fixed 3 duplicate /gene - nikB_1 nikB_2 nikB_3
[22:34:43] Fixed 2 duplicate /gene - queE_1 queE_2
[22:34:43] Fixed 2 duplicate /gene - gloC_1 gloC_2
[22:34:43] Fixed 2 duplicate /gene - lytR_1 lytR_2
[22:34:43] Fixed 2 duplicate /gene - tcyC_1 tcyC_2
[22:34:43] Fixed 3 duplicate /gene - opuD_1 opuD_2 opuD_3
[22:34:43] Fixed 2 duplicate /gene - argF_1 argF_2
[22:34:43] Fixed 2 duplicate /gene - leuA_1 leuA_2
[22:34:43] Fixed 2 duplicate /gene - glcU_1 glcU_2
[22:34:43] Fixed 2 duplicate /gene - lacC_1 lacC_2
[22:34:43] Fixed 3 duplicate /gene - xerD_1 xerD_2 xerD_3
[22:34:43] Fixed 3 duplicate /gene - iucC_1 iucC_2 iucC_3
[22:34:43] Fixed 2 duplicate /gene - fnbA_1 fnbA_2
[22:34:43] Fixed 5 duplicate /gene - norB_1 norB_2 norB_3 norB_4 norB_5
[22:34:43] Fixed 2 duplicate /gene - mnhD1_1 mnhD1_2
[22:34:43] Fixed 2 duplicate /gene - cynR_1 cynR_2
[22:34:43] Fixed 2 duplicate /gene - rsmH_1 rsmH_2
[22:34:43] Fixed 2 duplicate /gene - est_1 est_2
[22:34:43] Fixed 3 duplicate /gene - ybbH_1 ybbH_2 ybbH_3
[22:34:43] Fixed 2 duplicate /gene - nikA_1 nikA_2
[22:34:43] Fixed 2 duplicate /gene - polC_1 polC_2
[22:34:43] Fixed 2 duplicate /gene - trpG_1 trpG_2
[22:34:43] Fixed 3 duplicate /gene - glpE_1 glpE_2 glpE_3
[22:34:43] Fixed 2 duplicate /gene - tadA_1 tadA_2
[22:34:43] Fixed 2 duplicate /gene - hlgC_1 hlgC_2
[22:34:43] Fixed 2 duplicate /gene - fib_1 fib_2
[22:34:43] Fixed 2 duplicate /gene - ywpJ_1 ywpJ_2
[22:34:43] Fixed 2 duplicate /gene - phnE_1 phnE_2
[22:34:43] Fixed 2 duplicate /gene - suhB_1 suhB_2
[22:34:43] Fixed 2 duplicate /gene - aldC_1 aldC_2
[22:34:43] Fixed 2 duplicate /gene - bioB_1 bioB_2
[22:34:43] Fixed 2 duplicate /gene - thrB_1 thrB_2
[22:34:43] Fixed 2 duplicate /gene - tetA_1 tetA_2
[22:34:43] Fixed 2 duplicate /gene - lukDv_1 lukDv_2
[22:34:43] Fixed 2 duplicate /gene - ywqE_1 ywqE_2
[22:34:43] Fixed 2 duplicate /gene - yhdG_1 yhdG_2
[22:34:43] Fixed 2 duplicate /gene - metQ_1 metQ_2
[22:34:43] Fixed 2 duplicate /gene - feuC_1 feuC_2
[22:34:43] Fixed 2 duplicate /gene - sle1_1 sle1_2
[22:34:43] Fixed 2 duplicate /gene - hisC_1 hisC_2
[22:34:43] Fixed 2 duplicate /gene - pepA_1 pepA_2
[22:34:43] Fixed 2 duplicate /gene - crcB_1 crcB_2
[22:34:43] Fixed 2 duplicate /gene - bsaA_1 bsaA_2
[22:34:43] Fixed 2 duplicate /gene - ssaA_1 ssaA_2
[22:34:43] Fixed 2 duplicate /gene - yhdN_1 yhdN_2
[22:34:43] Fixed 3 duplicate /gene - yciC_1 yciC_2 yciC_3
[22:34:43] Fixed 2 duplicate /gene - oatA_1 oatA_2
[22:34:43] Fixed 2 duplicate /gene - sufB_1 sufB_2
[22:34:43] Fixed 2 duplicate /gene - arcR_1 arcR_2
[22:34:43] Fixed 2 duplicate /gene - kipI_1 kipI_2
[22:34:43] Fixed 186 colliding /gene names.
[22:34:43] Adding /locus_tag identifiers
[22:34:43] Assigned 2736 locus_tags to CDS and RNA features.
[22:34:43] Writing outputs to /home/fsepulveda/Documents/parte1/output_Sa6271/output_prokka/
[22:34:45] Generating annotation statistics file
[22:34:45] Generating Genbank and Sequin files
[22:34:45] Running: tbl2asn -V b -a r10k -l paired-ends -M n -N 1 -y 'Annotated using prokka 1.12 from https://github.com/tseemann/prokka' -Z \/home\/fsepulveda\/Documents\/parte1\/output_Sa6271\/output_prokka\/PROKKA_05122017\.err -i \/home\/fsepulveda\/Documents\/parte1\/output_Sa6271\/output_prokka\/PROKKA_05122017\.fsa 2> /dev/null
[22:34:51] Deleting unwanted file: /home/fsepulveda/Documents/parte1/output_Sa6271/output_prokka/errorsummary.val
[22:34:51] Deleting unwanted file: /home/fsepulveda/Documents/parte1/output_Sa6271/output_prokka/PROKKA_05122017.dr
[22:34:51] Deleting unwanted file: /home/fsepulveda/Documents/parte1/output_Sa6271/output_prokka/PROKKA_05122017.fixedproducts
[22:34:51] Deleting unwanted file: /home/fsepulveda/Documents/parte1/output_Sa6271/output_prokka/PROKKA_05122017.ecn
[22:34:51] Deleting unwanted file: /home/fsepulveda/Documents/parte1/output_Sa6271/output_prokka/PROKKA_05122017.val
[22:34:51] Repairing broken .GBK output that tbl2asn produces...
[22:34:51] Running: sed 's/COORDINATES: profile/COORDINATES:profile/' < \/home\/fsepulveda\/Documents\/parte1\/output_Sa6271\/output_prokka\/PROKKA_05122017\.gbf > \/home\/fsepulveda\/Documents\/parte1\/output_Sa6271\/output_prokka\/PROKKA_05122017\.gbk
[22:34:51] Deleting unwanted file: /home/fsepulveda/Documents/parte1/output_Sa6271/output_prokka/PROKKA_05122017.gbf
[22:34:51] Output files:
[22:34:51] /home/fsepulveda/Documents/parte1/output_Sa6271/output_prokka/PROKKA_05122017.ffn
[22:34:51] /home/fsepulveda/Documents/parte1/output_Sa6271/output_prokka/PROKKA_05122017.fna
[22:34:51] /home/fsepulveda/Documents/parte1/output_Sa6271/output_prokka/PROKKA_05122017.err
[22:34:51] /home/fsepulveda/Documents/parte1/output_Sa6271/output_prokka/PROKKA_05122017.log
[22:34:51] /home/fsepulveda/Documents/parte1/output_Sa6271/output_prokka/PROKKA_05122017.fsa
[22:34:51] /home/fsepulveda/Documents/parte1/output_Sa6271/output_prokka/PROKKA_05122017.gbk
[22:34:51] /home/fsepulveda/Documents/parte1/output_Sa6271/output_prokka/PROKKA_05122017.sqn
[22:34:51] /home/fsepulveda/Documents/parte1/output_Sa6271/output_prokka/PROKKA_05122017.tbl
[22:34:51] /home/fsepulveda/Documents/parte1/output_Sa6271/output_prokka/PROKKA_05122017.txt
[22:34:51] /home/fsepulveda/Documents/parte1/output_Sa6271/output_prokka/PROKKA_05122017.faa
[22:34:51] /home/fsepulveda/Documents/parte1/output_Sa6271/output_prokka/PROKKA_05122017.gff
[22:34:51] /home/fsepulveda/Documents/parte1/output_Sa6271/output_prokka/PROKKA_05122017.tsv
[22:34:51] Annotation finished successfully.
[22:34:51] Walltime used: 1.42 minutes
[22:34:51] If you use this result please cite the Prokka paper:
[22:34:51] Seemann T (2014) Prokka: rapid prokaryotic genome annotation. Bioinformatics. 30(14):2068-9.
[22:34:51] Type 'prokka --citation' for more details.
[22:34:51] Share and enjoy!
