[10:15:59] This is prokka 1.12
[10:15:59] Written by Torsten Seemann <torsten.seemann@gmail.com>
[10:15:59] Homepage is https://github.com/tseemann/prokka
[10:15:59] Local time is Thu Jun  1 10:15:59 2017
[10:15:59] You are fsepulveda
[10:15:59] Operating system is linux
[10:15:59] You have BioPerl 1.006924
[10:15:59] System has 4 cores.
[10:15:59] Option --cpu asked for 8 cores, but system only has 4
[10:15:59] Will use maximum of 4 cores.
[10:15:59] Annotating as >>> Bacteria <<<
[10:15:59] Enabling options to ensure Genbank/ENA/DDJB submission compliance.
[10:15:59] Creating new output folder: /home/fsepulveda/Desktop/workingspace/output_Sa3923/output_prokka
[10:15:59] Running: mkdir -p \/home\/fsepulveda\/Desktop\/workingspace\/output_Sa3923\/output_prokka
[10:15:59] Using filename prefix: PROKKA_06012017.XXX
[10:15:59] Setting HMMER_NCPU=1
[10:15:59] Writing log to: /home/fsepulveda/Desktop/workingspace/output_Sa3923/output_prokka/PROKKA_06012017.log
[10:15:59] Command: /home/fsepulveda/Documents/PROGRAMS/prokka-1.12/bin/prokka --kingdom Bacteria --outdir /home/fsepulveda/Desktop/workingspace/output_Sa3923/output_prokka --quiet --genus Staphylococcus --locustag saureus --centre 10 --compliant /home/fsepulveda/Desktop/workingspace/input/Sa3923.fasta
[10:15:59] Appending to PATH: /home/fsepulveda/Documents/PROGRAMS/prokka-1.12/bin/../binaries/linux
[10:15:59] Appending to PATH: /home/fsepulveda/Documents/PROGRAMS/prokka-1.12/bin/../binaries/linux/../common
[10:15:59] Appending to PATH: /home/fsepulveda/Documents/PROGRAMS/prokka-1.12/bin
[10:15:59] Looking for 'aragorn' - found /home/fsepulveda/Documents/PROGRAMS/prokka-1.12/bin/../binaries/linux/aragorn
[10:15:59] Determined aragorn version is 1.2
[10:15:59] Looking for 'blastp' - found /usr/bin/blastp
[10:16:01] Determined blastp version is 2.2
[10:16:01] Looking for 'cmpress' - found /usr/bin/cmpress
[10:16:01] Determined cmpress version is 1.1
[10:16:01] Looking for 'cmscan' - found /usr/bin/cmscan
[10:16:01] Determined cmscan version is 1.1
[10:16:01] Looking for 'egrep' - found /bin/egrep
[10:16:01] Looking for 'find' - found /usr/bin/find
[10:16:01] Looking for 'grep' - found /bin/grep
[10:16:01] Looking for 'hmmpress' - found /usr/bin/hmmpress
[10:16:01] Determined hmmpress version is 3.1
[10:16:01] Looking for 'hmmscan' - found /usr/bin/hmmscan
[10:16:01] Determined hmmscan version is 3.1
[10:16:01] Looking for 'java' - found /usr/bin/java
[10:16:01] Looking for 'less' - found /usr/bin/less
[10:16:01] Looking for 'makeblastdb' - found /usr/bin/makeblastdb
[10:16:01] Determined makeblastdb version is 2.2
[10:16:01] Looking for 'minced' - found /home/fsepulveda/Documents/PROGRAMS/prokka-1.12/bin/../binaries/linux/../common/minced
[10:16:02] Determined minced version is 2.0
[10:16:02] Looking for 'parallel' - found /home/fsepulveda/Documents/PROGRAMS/prokka-1.12/bin/../binaries/linux/../common/parallel
[10:16:03] Determined parallel version is 20150122
[10:16:03] Looking for 'prodigal' - found /home/fsepulveda/Documents/PROGRAMS/prokka-1.12/bin/../binaries/linux/prodigal
[10:16:03] Determined prodigal version is 2.6
[10:16:03] Looking for 'prokka-genbank_to_fasta_db' - found /home/fsepulveda/Documents/PROGRAMS/prokka-1.12/bin/prokka-genbank_to_fasta_db
[10:16:03] Looking for 'sed' - found /bin/sed
[10:16:03] Looking for 'tbl2asn' - found /home/fsepulveda/Documents/PROGRAMS/prokka-1.12/bin/../binaries/linux/tbl2asn
[10:16:03] Determined tbl2asn version is 25.3
[10:16:03] Using genetic code table 11.
[10:16:03] Loading and checking input file: /home/fsepulveda/Desktop/workingspace/input/Sa3923.fasta
[10:16:03] Skipping short (<200 bp) contig: Sa3923_NODE_49_length_175_cov_51.75_ID_97
[10:16:03] Skipping short (<200 bp) contig: Sa3923_NODE_50_length_170_cov_36.7442_ID_99
[10:16:03] Skipping short (<200 bp) contig: Sa3923_NODE_51_length_160_cov_16.8788_ID_101
[10:16:03] Skipping short (<200 bp) contig: Sa3923_NODE_52_length_157_cov_27.1667_ID_103
[10:16:03] Skipping short (<200 bp) contig: Sa3923_NODE_53_length_144_cov_80.2941_ID_105
[10:16:03] Skipping short (<200 bp) contig: Sa3923_NODE_54_length_138_cov_20.1818_ID_107
[10:16:03] Skipping short (<200 bp) contig: Sa3923_NODE_55_length_137_cov_47.9_ID_109
[10:16:03] Skipping short (<200 bp) contig: Sa3923_NODE_56_length_128_cov_206_ID_111
[10:16:03] Wrote 48 contigs totalling 2742062 bp.
[10:16:03] Predicting tRNAs and tmRNAs
[10:16:03] Running: aragorn -l -gc11  -w \/home\/fsepulveda\/Desktop\/workingspace\/output_Sa3923\/output_prokka\/PROKKA_06012017\.fna
[10:16:04] 1 tRNA-Asp c[64577,64649] 34 (gtc)
[10:16:04] 2 tRNA-Glu c[64657,64731] 34 (ttc)
[10:16:04] 1 tRNA-Ser c[147717,147807] 37 (gct)
[10:16:04] 2 tRNA-Asn c[147809,147883] 33 (gtt)
[10:16:04] 1 tRNA-Arg c[109552,109624] 34 (ccg)
[10:16:04] 2 tmRNA [125696,126054] 94,129 GKSNNNFAVAA*
[10:16:04] 1 tRNA-Arg [129392,129467] 36 (tct)
[10:16:04] 1 tRNA-Ser c[64246,64334] 36 (gga)
[10:16:04] 2 tRNA-Glu c[64388,64461] 35 (ttc)
[10:16:04] 3 tRNA-Asn c[64462,64536] 33 (gtt)
[10:16:04] 4 tRNA-Gly c[64554,64627] 33 (tcc)
[10:16:04] 5 tRNA-His c[64643,64718] 34 (gtg)
[10:16:04] 6 tRNA-Phe c[64732,64804] 34 (gaa)
[10:16:04] 7 tRNA-Asp c[64821,64896] 34 (gtc)
[10:16:04] 8 tRNA-Met c[64918,64991] 35 (cat)
[10:16:04] 9 tRNA-Leu c[97395,97478] 35 (caa)
[10:16:04] 10 tRNA-Gly c[97605,97679] 34 (tcc)
[10:16:04] 11 tRNA-Gly c[97695,97769] 34 (tcc)
[10:16:04] 12 tRNA-Cys c[97777,97850] 33 (gca)
[10:16:04] 13 tRNA-Gln c[97856,97927] 33 (ttg)
[10:16:04] 14 tRNA-His c[97938,98011] 34 (gtg)
[10:16:04] 15 tRNA-Trp c[98014,98087] 33 (cca)
[10:16:04] 16 tRNA-Tyr c[98102,98184] 36 (gta)
[10:16:04] 17 tRNA-Thr c[98189,98264] 34 (tgt)
[10:16:04] 18 tRNA-Phe c[98271,98345] 35 (gaa)
[10:16:04] 19 tRNA-Asp c[98363,98438] 34 (gtc)
[10:16:04] 20 tRNA-Met c[98447,98522] 36 (cat)
[10:16:04] 21 tRNA-Ser c[98536,98628] 37 (tga)
[10:16:04] 22 tRNA-Asp c[98667,98742] 34 (gtc)
[10:16:04] 23 tRNA-Ser c[98752,98843] 38 (tga)
[10:16:04] 24 tRNA-Met c[98852,98925] 35 (cat)
[10:16:04] 25 tRNA-Met c[98953,99027] 35 (cat)
[10:16:04] 26 tRNA-Ala c[99049,99124] 34 (tgc)
[10:16:04] 27 tRNA-Pro c[99142,99215] 35 (tgg)
[10:16:04] 28 tRNA-Arg c[99224,99299] 36 (acg)
[10:16:04] 29 tRNA-Leu c[99317,99405] 35 (taa)
[10:16:04] 30 tRNA-Gly c[99416,99490] 33 (gcc)
[10:16:04] 31 tRNA-Leu c[99493,99576] 36 (tag)
[10:16:04] 32 tRNA-Lys c[99579,99654] 34 (ttt)
[10:16:04] 33 tRNA-Thr c[99660,99735] 34 (tgt)
[10:16:04] 34 tRNA-Val c[99752,99827] 34 (tac)
[10:16:04] 1 tRNA-Leu [61523,61605] 34 (gag)
[10:16:04] 2 tRNA-Gly [61627,61700] 33 (tcc)
[10:16:04] 1 tRNA-Asn [137,211] 33 (gtt)
[10:16:04] 2 tRNA-Glu [212,285] 35 (ttc)
[10:16:04] 3 tRNA-Val [292,367] 34 (tac)
[10:16:04] 4 tRNA-Tyr [397,480] 35 (gta)
[10:16:04] 5 tRNA-Gln [490,564] 33 (ttg)
[10:16:04] 6 tRNA-Lys [568,641] 34 (ttt)
[10:16:04] 1 tRNA-Ser c[9234,9326] 37 (tga)
[10:16:04] 1 tRNA-Val [38528,38603] 34 (tac)
[10:16:04] 2 tRNA-Thr [38620,38695] 34 (tgt)
[10:16:04] 3 tRNA-Lys [38701,38775] 35 (ttt)
[10:16:04] 4 tRNA-Gly [38808,38882] 33 (gcc)
[10:16:04] 5 tRNA-Leu [38890,38978] 35 (taa)
[10:16:04] 6 tRNA-Arg [38984,39060] 35 (acg)
[10:16:04] 7 tRNA-Pro [39081,39154] 35 (tgg)
[10:16:04] 8 tRNA-Ala [39178,39253] 34 (tgc)
[10:16:04] 1 tRNA-Ala c[122,197] 34 (tgc)
[10:16:04] 2 tRNA-Ile c[216,292] 35 (gat)
[10:16:04] 1 tRNA-Ile c[122,198] 35 (gat)
[10:16:04] Found 61 tRNAs
[10:16:04] Predicting Ribosomal RNAs
[10:16:04] You need either Barrnap or RNAmmer installed to predict rRNAs!
[10:16:04] Skipping ncRNA search, enable with --rfam if desired.
[10:16:04] Total of 60 tRNA + rRNA features
[10:16:04] Searching for CRISPR repeats
[10:16:04] Found 0 CRISPRs
[10:16:04] Predicting coding sequences
[10:16:04] Contigs total 2742062 bp, so using single mode
[10:16:04] Running: prodigal -i \/home\/fsepulveda\/Desktop\/workingspace\/output_Sa3923\/output_prokka\/PROKKA_06012017\.fna -c -m -g 11 -p single -f sco -q
[10:16:07] Found 2503 CDS
[10:16:07] Connecting features back to sequences
[10:16:07] Not using genus-specific database. Try --usegenus to enable it.
[10:16:07] Annotating CDS, please be patient.
[10:16:07] Will use 4 CPUs for similarity searching.
[10:16:08] There are still 2503 unannotated CDS left (started with 2503)
[10:16:08] Will use blast to search against /home/fsepulveda/Documents/PROGRAMS/prokka-1.12/bin/../db/kingdom/Bacteria/sprot with 4 CPUs
[10:16:08] Running: cat \/home\/fsepulveda\/Desktop\/workingspace\/output_Sa3923\/output_prokka\/sprot\.faa | parallel --gnu --plain -j 4 --block 97128 --recstart '>' --pipe blastp -query - -db /home/fsepulveda/Documents/PROGRAMS/prokka-1.12/bin/../db/kingdom/Bacteria/sprot -evalue 1e-06 -num_threads 1 -num_descriptions 1 -num_alignments 1 -seg no > \/home\/fsepulveda\/Desktop\/workingspace\/output_Sa3923\/output_prokka\/sprot\.blast 2> /dev/null
[10:17:05] Modify product: Uncharacterized lipoprotein SA0397 => putative lipoprotein
[10:17:05] Modify product: Uncharacterized lipoprotein SAOUHSC_00053 => putative lipoprotein
[10:17:05] Modify product: Uncharacterized lipoprotein SA0397 => putative lipoprotein
[10:17:05] Modify product: Uncharacterized MscS family protein YkuT => putative MscS family protein YkuT
[10:17:05] Modify product: Probable acetyl-CoA acyltransferase => putative acetyl-CoA acyltransferase
[10:17:05] Modify product: Probable deferrochelatase/peroxidase EfeN => putative deferrochelatase/peroxidase EfeN
[10:17:05] Modify product: Probable iron uptake system component EfeM => putative iron uptake system component EfeM
[10:17:05] Modify product: NAD(P)H-dependent FAD/FMN reductase GTNG_3158 => NAD(P)H-dependent FAD/FMN reductase
[10:17:05] Modify product: Probable licABCH operon regulator => putative licABCH operon regulator
[10:17:05] Modify product: Uncharacterized oxidoreductase SpyM50865 => putative oxidoreductase
[10:17:05] Modify product: Uncharacterized HTH-type transcriptional regulator YbbH => putative HTH-type transcriptional regulator YbbH
[10:17:05] Modify product: Uncharacterized ABC transporter permease Rv0072 => putative ABC transporter permease
[10:17:05] Modify product: Probable formate transporter 1 => putative formate transporter 1
[10:17:05] Modify product: Probable antitoxin YezG => putative antitoxin YezG
[10:17:05] Modify product: Probable antitoxin YezG => putative antitoxin YezG
[10:17:05] Modify product: Probable antitoxin YezG => putative antitoxin YezG
[10:17:05] Modify product: Probable antitoxin YezG => putative antitoxin YezG
[10:17:05] Modify product: Probable antitoxin YezG => putative antitoxin YezG
[10:17:05] Modify product: Probable antitoxin YezG => putative antitoxin YezG
[10:17:05] Modify product: Probable antitoxin YezG => putative antitoxin YezG
[10:17:05] Modify product: Probable antitoxin YezG => putative antitoxin YezG
[10:17:05] Modify product: Probable antitoxin YezG => putative antitoxin YezG
[10:17:05] Modify product: Probable antitoxin YezG => putative antitoxin YezG
[10:17:05] Modify product: Uncharacterized ABC transporter ATP-binding protein YbhF => putative ABC transporter ATP-binding protein YbhF
[10:17:05] Modify product: Probable glucose uptake protein GlcU => putative glucose uptake protein GlcU
[10:17:05] Modify product: Uncharacterized HTH-type transcriptional regulator YydK => putative HTH-type transcriptional regulator YydK
[10:17:05] Modify product: Uncharacterized glycosyltransferase EpsJ => putative glycosyltransferase EpsJ
[10:17:05] Modify product: Probable 3-hydroxyacyl-CoA dehydrogenase => putative 3-hydroxyacyl-CoA dehydrogenase
[10:17:05] Modify product: Uncharacterized sensor-like histidine kinase SACOL0202 => putative sensor-like histidine kinase
[10:17:05] Modify product: Uncharacterized response regulatory protein SACOL0201 => putative response regulatory protein
[10:17:05] Modify product: Uncharacterized lipoprotein SAOUHSC_00053 => putative lipoprotein
[10:17:05] Modify product: Uncharacterized HTH-type transcriptional regulator YbbH => putative HTH-type transcriptional regulator YbbH
[10:17:05] Modify product: PTS system EIIBC component SA0186 => PTS system EIIBC component
[10:17:06] Modify product: Uncharacterized sugar transferase EpsL => putative sugar transferase EpsL
[10:17:06] Modify product: Probable L-asparaginase => putative L-asparaginase
[10:17:06] Modify product: Uncharacterized oxidoreductase SA2266 => putative oxidoreductase
[10:17:06] Modify product: N utilization substance protein B homolog => N utilization substance protein B 
[10:17:06] Modify product: Probable adenylyltransferase/sulfurtransferase MoeZ => putative adenylyltransferase/sulfurtransferase MoeZ
[10:17:06] Modify product: Probable glycine dehydrogenase (decarboxylating) subunit 2 => putative glycine dehydrogenase (decarboxylating) subunit 2
[10:17:06] Modify product: Probable glycine dehydrogenase (decarboxylating) subunit 1 => putative glycine dehydrogenase (decarboxylating) subunit 1
[10:17:06] Modify product: Probable metallo-hydrolase M6_Spy0554 => putative metallo-hydrolase
[10:17:06] Modify product: Probable endonuclease 4 => putative endonuclease 4
[10:17:06] Modify product: GTP cyclohydrolase 1 type 2 homolog => GTP cyclohydrolase 1 type 2 
[10:17:06] Modify product: Probable nicotinate-nucleotide adenylyltransferase => putative nicotinate-nucleotide adenylyltransferase
[10:17:06] Modify product: Uncharacterized protease YdcP => putative protease YdcP
[10:17:06] Modify product: Uncharacterized protease YdcP => putative protease YdcP
[10:17:06] Modify product: Putative O-methyltransferase MSMEG_5073/MSMEI_4947 => Putative O-methyltransferase/MSMEI_4947
[10:17:06] Modify product: Uncharacterized AAA domain-containing protein Rv2559c => putative AAA domain-containing protein
[10:17:06] Modify product: Probable GTP-binding protein EngB => putative GTP-binding protein EngB
[10:17:06] Modify product: Uncharacterized peptidase SA1530 => putative peptidase
[10:17:06] Modify product: Putative universal stress protein SA1532 => Putative universal stress protein
[10:17:06] Modify product: Probable thiol peroxidase => putative thiol peroxidase
[10:17:06] Modify product: Probable tRNA sulfurtransferase => putative tRNA sulfurtransferase
[10:17:06] Modify product: Probable quorum-quenching lactonase YtnP => putative quorum-quenching lactonase YtnP
[10:17:06] Modify product: Putative dipeptidase SACOL1801 => Putative dipeptidase
[10:17:06] Modify product: Probable glucose uptake protein GlcU => putative glucose uptake protein GlcU
[10:17:06] Modify product: Uncharacterized HTH-type transcriptional regulator SAR2349 => putative HTH-type transcriptional regulator
[10:17:06] Modify product: Probable molybdenum cofactor guanylyltransferase => putative molybdenum cofactor guanylyltransferase
[10:17:06] Modify product: Urea transporter DVU1160 => Urea transporter
[10:17:06] Modify product: Putative 2-hydroxyacid dehydrogenase SA2098 => Putative 2-hydroxyacid dehydrogenase
[10:17:06] Modify product: Putative formate dehydrogenase SA2102 => Putative formate dehydrogenase
[10:17:06] Modify product: Uncharacterized HTH-type transcriptional regulator YbbH => putative HTH-type transcriptional regulator YbbH
[10:17:06] Modify product: Probable transport protein YifK => putative transport protein YifK
[10:17:06] Modify product: Phosphorylated carbohydrates phosphatase TM_1254 => Phosphorylated carbohydrates phosphatase
[10:17:06] Modify product: Uncharacterized oxidoreductase YghA => putative oxidoreductase YghA
[10:17:06] Modify product: Uncharacterized hydrolase YxeP => putative hydrolase YxeP
[10:17:06] Modify product: Probable multidrug resistance protein EmrK => putative multidrug resistance protein EmrK
[10:17:06] Modify product: Uncharacterized ABC transporter permease Rv0072 => putative ABC transporter permease
[10:17:06] Modify product: Uncharacterized HTH-type transcriptional regulator SACOL2360 => putative HTH-type transcriptional regulator
[10:17:06] Modify product: Probable malate:quinone oxidoreductase 1 => putative malate:quinone oxidoreductase 1
[10:17:06] Modify product: Uncharacterized lipoprotein SA2158 => putative lipoprotein
[10:17:06] Modify product: Probable nitrate transporter NarT => putative nitrate transporter NarT
[10:17:06] Modify product: Uncharacterized N-acetyltransferase YtmI => putative N-acetyltransferase YtmI
[10:17:06] Modify product: Probable amino-acid ABC transporter-binding protein HI_1080 => putative amino-acid ABC transporter-binding protein
[10:17:06] Modify product: Uncharacterized ABC transporter ATP-binding protein TM_0288 => putative ABC transporter ATP-binding protein
[10:17:06] Modify product: Probable iron export permease protein FetB => putative iron export permease protein FetB
[10:17:06] Modify product: Probable iron export ATP-binding protein FetA => putative iron export ATP-binding protein FetA
[10:17:06] Modify product: Uncharacterized lipoprotein YehR => putative lipoprotein YehR
[10:17:06] Modify product: Uncharacterized oxidoreductase SA2266 => putative oxidoreductase
[10:17:06] Modify product: Uncharacterized lipoprotein SA2273 => putative lipoprotein
[10:17:06] Modify product: Uncharacterized lipoprotein SA2273 => putative lipoprotein
[10:17:06] Modify product: Organic hydroperoxide resistance protein-like => Organic hydroperoxide resistance protein-like protein
[10:17:06] Modify product: Probable cysteine desulfurase => putative cysteine desulfurase
[10:17:06] Modify product: Putative monooxygenase Rv1533 => Putative monooxygenase
[10:17:06] Modify product: NADH dehydrogenase-like protein SA0802 => NADH dehydrogenase-like protein
[10:17:06] Modify product: Putative esterase PA1618 => Putative esterase
[10:17:06] Modify product: Uncharacterized oxidoreductase SpyM50865 => putative oxidoreductase
[10:17:06] Modify product: Probable siderophore biosynthesis protein SbnA => putative siderophore biosynthesis protein SbnA
[10:17:06] Modify product: Probable siderophore-binding lipoprotein YfiY => putative siderophore-binding lipoprotein YfiY
[10:17:06] Modify product: Probable siderophore transport system permease protein YfiZ => putative siderophore transport system permease protein YfiZ
[10:17:06] Modify product: Probable siderophore transport system permease protein YfhA => putative siderophore transport system permease protein YfhA
[10:17:06] Modify product: Probable amino-acid metabolite efflux pump => putative amino-acid metabolite efflux pump
[10:17:06] Modify product: Uncharacterized hydrolase YxeP => putative hydrolase YxeP
[10:17:06] Modify product: Uncharacterized lipoprotein SAOUHSC_00053 => putative lipoprotein
[10:17:06] Modify product: Uncharacterized lipoprotein SAOUHSC_00053 => putative lipoprotein
[10:17:06] Modify product: Uncharacterized lipoprotein SAOUHSC_00052 => putative lipoprotein
[10:17:06] Modify product: Uncharacterized lipoprotein SAOUHSC_00053 => putative lipoprotein
[10:17:06] Modify product: Probable tRNA-dihydrouridine synthase => putative tRNA-dihydrouridine synthase
[10:17:06] Modify product: Uncharacterized ABC transporter ATP-binding protein YxlF => putative ABC transporter ATP-binding protein YxlF
[10:17:06] Modify product: Uncharacterized lipoprotein SAOUHSC_00053 => putative lipoprotein
[10:17:06] Modify product: Probable poly-beta-1,6-N-acetyl-D-glucosamine export protein => putative poly-beta-1,6-N-acetyl-D-glucosamine export protein
[10:17:06] Modify product: N-acetylmuramoyl-L-alanine amidase domain-containing protein SAOUHSC_02979 => N-acetylmuramoyl-L-alanine amidase domain-containing protein
[10:17:06] Modify product: Glutathione peroxidase homolog BsaA => Glutathione peroxidase  BsaA
[10:17:06] Modify product: Probable malate:quinone oxidoreductase 2 => putative malate:quinone oxidoreductase 2
[10:17:06] Modify product: Uncharacterized amino acid permease YhdG => putative amino acid permease YhdG
[10:17:06] Modify product: Uncharacterized hydrolase SA2367 => putative hydrolase
[10:17:06] Modify product: Probable transglycosylase IsaA => putative transglycosylase IsaA
[10:17:06] Modify product: Putative acetyltransferase SACOL2570 => Putative acetyltransferase
[10:17:06] Modify product: Putative esterase aq_1494 => Putative esterase
[10:17:06] Modify product: Uncharacterized inner membrane transporter YicL => putative inner membrane transporter YicL
[10:17:06] Modify product: Probable peptide export permease protein YydJ => putative peptide export permease protein YydJ
[10:17:06] Modify product: Probable peptide export ATP-binding protein YydI => putative peptide export ATP-binding protein YydI
[10:17:06] Modify product: Putative NAD(P)H nitroreductase SA2311 => Putative NAD(P)H nitroreductase
[10:17:06] Modify product: Putative NAD(P)H nitroreductase SA2311 => Putative NAD(P)H nitroreductase
[10:17:06] Modify product: Uncharacterized ABC transporter ATP-binding protein YxlF => putative ABC transporter ATP-binding protein YxlF
[10:17:06] Modify product: Uncharacterized membrane protein Rv0364 => putative membrane protein
[10:17:06] Modify product: Probable sulfoacetate transporter SauU => putative sulfoacetate transporter SauU
[10:17:06] Modify product: Putative phosphoesterase SA0873 => Putative phosphoesterase
[10:17:06] Modify product: Probable glycolipid permease LtaA => putative glycolipid permease LtaA
[10:17:06] Modify product: Serine protease HtrA-like => Serine protease HtrA-like protein
[10:17:06] Modify product: Uncharacterized ABC transporter ATP-binding protein Rv0986 => putative ABC transporter ATP-binding protein
[10:17:06] Modify product: Probable transcriptional regulatory protein SA0624 => putative transcriptional regulatory protein
[10:17:06] Modify product: Putative multidrug export ATP-binding/permease protein SA1683 => Putative multidrug export ATP-binding/permease protein
[10:17:06] Modify product: Putative lipid kinase SA0681 => Putative lipid kinase
[10:17:06] Modify product: Probable siderophore transport system ATP-binding protein YusV => putative siderophore transport system ATP-binding protein YusV
[10:17:06] Modify product: Uncharacterized ABC transporter solute-binding protein YclQ => putative ABC transporter solute-binding protein YclQ
[10:17:07] Modify product: Probable undecaprenyl-phosphate N-acetylglucosaminyl 1-phosphate transferase => putative undecaprenyl-phosphate N-acetylglucosaminyl 1-phosphate transferase
[10:17:07] Modify product: DegV domain-containing protein SA0704 => DegV domain-containing protein
[10:17:07] Modify product: Nucleotide-binding protein SA0720 => Nucleotide-binding protein
[10:17:07] Modify product: Epimerase family protein SA0724 => Epimerase family protein
[10:17:07] Modify product: Probable protein-export membrane protein SecG => putative protein-export membrane protein SecG
[10:17:07] Modify product: Uncharacterized zinc protease Rv2782c => putative zinc protease
[10:17:07] Modify product: Probable transcriptional regulator PhnF => putative transcriptional regulator PhnF
[10:17:07] Modify product: Probable ribosomal protein YlxQ => putative ribosomal protein YlxQ
[10:17:07] Modify product: Putative zinc metalloprotease SA1105 => Putative zinc metalloprotease
[10:17:07] Modify product: Probable cell wall hydrolase LytN => putative cell wall hydrolase LytN
[10:17:07] Modify product: Probable dual-specificity RNA methyltransferase RlmN => putative dual-specificity RNA methyltransferase RlmN
[10:17:07] Modify product: Uncharacterized N-acetyltransferase SA1019 => putative N-acetyltransferase
[10:17:07] Modify product: Putative metallophosphoesterase MG207 homolog => Putative metallophosphoesterase MG207 
[10:17:07] Modify product: Probable heme-iron transport system permease protein IsdF => putative heme-iron transport system permease protein IsdF
[10:17:07] Modify product: Probable glycerophosphodiester phosphodiesterase 1 => putative glycerophosphodiester phosphodiesterase 1
[10:17:07] Modify product: Probable peptidoglycan glycosyltransferase FtsW => putative peptidoglycan glycosyltransferase FtsW
[10:17:07] Modify product: Bifunctional protein FolD => Bifunctional protein FolD protein
[10:17:07] Modify product: Probable quinol oxidase subunit 2 => putative quinol oxidase subunit 2
[10:17:07] Modify product: Probable quinol oxidase subunit 1 => putative quinol oxidase subunit 1
[10:17:07] Modify product: Acetyltransferase SACOL1063 => Acetyltransferase
[10:17:07] Modify product: Putative multidrug export ATP-binding/permease protein SA1683 => Putative multidrug export ATP-binding/permease protein
[10:17:07] Modify product: Uncharacterized acyl-CoA thioester hydrolase HI_0827 => putative acyl-CoA thioester hydrolase
[10:17:07] Modify product: Uncharacterized ABC transporter ATP-binding protein YxlF => putative ABC transporter ATP-binding protein YxlF
[10:17:07] Modify product: Probable cell wall hydrolase LytN => putative cell wall hydrolase LytN
[10:17:07] Modify product: Uncharacterized leukocidin-like protein 1 => putative leukocidin-like protein 1
[10:17:07] Modify product: Uncharacterized leukocidin-like protein 2 => putative leukocidin-like protein 2
[10:17:07] Modify product: Uncharacterized metallophosphoesterase YhaO => putative metallophosphoesterase YhaO
[10:17:07] Modify product: Probable ATP-dependent helicase DinG homolog => putative ATP-dependent helicase DinG 
[10:17:07] Modify product: DegV domain-containing protein MW1315 => DegV domain-containing protein
[10:17:07] Modify product: Probable CtpA-like serine protease => putative CtpA-like serine protease
[10:17:07] Modify product: TelA-like protein SA1238 => TelA-like protein
[10:17:07] Modify product: Putative heme-dependent peroxidase SA0544 => Putative heme-dependent peroxidase
[10:17:07] Modify product: Uncharacterized amino acid permease YhdG => putative amino acid permease YhdG
[10:17:07] Modify product: Uncharacterized acyl--CoA ligase YhfT => putative acyl--CoA ligase YhfT
[10:17:07] Modify product: Probable N-acetyl-alpha-D-glucosaminyl L-malate deacetylase 2 => putative N-acetyl-alpha-D-glucosaminyl L-malate deacetylase 2
[10:17:07] Modify product: Probable branched-chain-amino-acid aminotransferase => putative branched-chain-amino-acid aminotransferase
[10:17:07] Modify product: Uncharacterized epimerase/dehydratase SA0511 => putative epimerase/dehydratase
[10:17:07] Modify product: Uncharacterized hydrolase YxeP => putative hydrolase YxeP
[10:17:07] Modify product: Ribosome-associated protein L7Ae-like => Ribosome-associated protein L7Ae-like protein
[10:17:07] Modify product: Uncharacterized PIN and TRAM-domain containing protein YacL => putative PIN and TRAM-domain containing protein YacL
[10:17:07] Modify product: Probable ABC transporter permease protein HI_1471 => putative ABC transporter permease protein
[10:17:07] Modify product: Uncharacterized beta-barrel protein YwiB => putative beta-barrel protein YwiB
[10:17:07] Modify product: Ribonuclease BC_0920 => Ribonuclease
[10:17:07] Modify product: Probable pyridine nucleotide-disulfide oxidoreductase RclA => putative pyridine nucleotide-disulfide oxidoreductase RclA
[10:17:07] Modify product: Probable tautomerase SA1195.1 => putative tautomerase.1
[10:17:07] Modify product: Putative esterase aq_1494 => Putative esterase
[10:17:07] Modify product: Putative phosphatase M6_Spy0533 => Putative phosphatase
[10:17:07] Modify product: Putative aldehyde dehydrogenase SAV2122 => Putative aldehyde dehydrogenase
[10:17:07] Modify product: Probable transglycosylase SceD => putative transglycosylase SceD
[10:17:07] Modify product: Probable multidrug resistance protein EmrY => putative multidrug resistance protein EmrY
[10:17:07] Modify product: Probable uridylyltransferase SA1974 => putative uridylyltransferase
[10:17:07] Modify product: Probable siderophore transport system permease protein YfiZ => putative siderophore transport system permease protein YfiZ
[10:17:07] Modify product: Zinc-type alcohol dehydrogenase-like protein SA1988 => Zinc-type alcohol dehydrogenase-like protein
[10:17:07] Modify product: Uncharacterized oxidoreductase MSMEG_2408/MSMEI_2347 => putative oxidoreductase/MSMEI_2347
[10:17:07] Modify product: Uncharacterized ABC transporter ATP-binding protein YlmA => putative ABC transporter ATP-binding protein YlmA
[10:17:07] Modify product: Uncharacterized sugar epimerase YhfK => putative sugar epimerase YhfK
[10:17:07] Modify product: Probable DNA-directed RNA polymerase subunit delta => putative DNA-directed RNA polymerase subunit delta
[10:17:07] Modify product: Nucleoid-associated protein SA0437 => Nucleoid-associated protein
[10:17:07] Modify product: Probable D-methionine-binding lipoprotein MetQ => putative D-methionine-binding lipoprotein MetQ
[10:17:07] Modify product: Uncharacterized lipoprotein SA0397 => putative lipoprotein
[10:17:07] Modify product: Uncharacterized lipoprotein SAOUHSC_00053 => putative lipoprotein
[10:17:07] Modify product: Uncharacterized lipoprotein SA0397 => putative lipoprotein
[10:17:07] Modify product: Uncharacterized lipoprotein SA0397 => putative lipoprotein
[10:17:07] Modify product: Uncharacterized ABC transporter ATP-binding protein YheS => putative ABC transporter ATP-binding protein YheS
[10:17:07] Modify product: Glutathione peroxidase homolog BsaA => Glutathione peroxidase  BsaA
[10:17:07] Modify product: Uncharacterized hydrolase YxeP => putative hydrolase YxeP
[10:17:07] Modify product: Uncharacterized ABC transporter ATP-binding protein YbiT => putative ABC transporter ATP-binding protein YbiT
[10:17:07] Modify product: Probable manganese-dependent inorganic pyrophosphatase => putative manganese-dependent inorganic pyrophosphatase
[10:17:07] Modify product: Probable succinyl-diaminopimelate desuccinylase => putative succinyl-diaminopimelate desuccinylase
[10:17:07] Modify product: Uncharacterized lipoprotein SA2273 => putative lipoprotein
[10:17:07] Cleaned 196 /product names
[10:17:07] Deleting unwanted file: /home/fsepulveda/Desktop/workingspace/output_Sa3923/output_prokka/sprot.faa
[10:17:07] Deleting unwanted file: /home/fsepulveda/Desktop/workingspace/output_Sa3923/output_prokka/sprot.blast
[10:17:08] There are still 760 unannotated CDS left (started with 2503)
[10:17:08] Will use hmmer3 to search against /home/fsepulveda/Documents/PROGRAMS/prokka-1.12/bin/../db/hmm/HAMAP.hmm with 4 CPUs
[10:17:08] Running: cat \/home\/fsepulveda\/Desktop\/workingspace\/output_Sa3923\/output_prokka\/HAMAP\.hmm\.faa | parallel --gnu --plain -j 4 --block 19549 --recstart '>' --pipe hmmscan --noali --notextw --acc -E 1e-06 --cpu 1 /home/fsepulveda/Documents/PROGRAMS/prokka-1.12/bin/../db/hmm/HAMAP.hmm /dev/stdin > \/home\/fsepulveda\/Desktop\/workingspace\/output_Sa3923\/output_prokka\/HAMAP\.hmm\.hmmer3 2> /dev/null
[10:17:25] Modify product: Protein SprT-like => Protein SprT-like protein
[10:17:25] Cleaned 1 /product names
[10:17:25] Deleting unwanted file: /home/fsepulveda/Desktop/workingspace/output_Sa3923/output_prokka/HAMAP.hmm.faa
[10:17:25] Deleting unwanted file: /home/fsepulveda/Desktop/workingspace/output_Sa3923/output_prokka/HAMAP.hmm.hmmer3
[10:17:25] Labelling remaining 710 proteins as 'hypothetical protein'
[10:17:25] Possible /pseudo 'putative lipoprotein' at gnl|10|saureus_1 position 1520
[10:17:25] Possible /pseudo 'putative lipoprotein' at gnl|10|saureus_1 position 2330
[10:17:25] Possible /pseudo 'putative antitoxin YezG' at gnl|10|saureus_1 position 121358
[10:17:25] Possible /pseudo 'putative antitoxin YezG' at gnl|10|saureus_1 position 124839
[10:17:25] Possible /pseudo 'putative antitoxin YezG' at gnl|10|saureus_1 position 127315
[10:17:25] Possible /pseudo 'putative antitoxin YezG' at gnl|10|saureus_1 position 127826
[10:17:25] Possible /pseudo 'putative antitoxin YezG' at gnl|10|saureus_1 position 128337
[10:17:25] Possible /pseudo 'putative antitoxin YezG' at gnl|10|saureus_1 position 128848
[10:17:25] Possible /pseudo 'Glucose--fructose oxidoreductase' at gnl|10|saureus_1 position 225324
[10:17:25] Possible /pseudo 'Replication initiation protein' at gnl|10|saureus_1 position 308093
[10:17:25] Possible /pseudo 'Phosphate-import permease protein PhnE' at gnl|10|saureus_1 position 315333
[10:17:25] Possible /pseudo 'putative lipoprotein' at gnl|10|saureus_2 position 6851
[10:17:25] Possible /pseudo 'putative lipoprotein' at gnl|10|saureus_2 position 7673
[10:17:25] Possible /pseudo 'putative lipoprotein' at gnl|10|saureus_2 position 8507
[10:17:25] Possible /pseudo 'Poly-beta-1,6-N-acetyl-D-glucosamine N-deacetylase' at gnl|10|saureus_2 position 130130
[10:17:25] Possible /pseudo 'Dehydrosqualene desaturase' at gnl|10|saureus_2 position 255548
[10:17:25] Possible /pseudo 'Putative NAD(P)H nitroreductase' at gnl|10|saureus_2 position 298600
[10:17:25] Possible /pseudo 'Fibronectin-binding protein A' at gnl|10|saureus_2 position 324354
[10:17:25] Possible /pseudo 'putative protease YdcP' at gnl|10|saureus_3 position 132558
[10:17:25] Possible /pseudo 'p-aminobenzoyl-glutamate transport protein' at gnl|10|saureus_4 position 250825
[10:17:25] Possible /pseudo 'Extracellular matrix protein-binding protein emp' at gnl|10|saureus_5 position 4142
[10:17:25] Possible /pseudo 'Signal peptidase IB' at gnl|10|saureus_5 position 72545
[10:17:25] Possible /pseudo 'Deoxyribodipyrimidine photo-lyase' at gnl|10|saureus_6 position 23944
[10:17:25] Possible /pseudo 'Antibacterial protein 3' at gnl|10|saureus_7 position 128895
[10:17:25] Possible /pseudo 'Tyrosine recombinase XerC' at gnl|10|saureus_9 position 56306
[10:17:25] Possible /pseudo '65 kDa membrane protein' at gnl|10|saureus_9 position 68865
[10:17:25] Possible /pseudo 'Staphylococcal complement inhibitor' at gnl|10|saureus_9 position 72271
[10:17:25] Possible /pseudo 'Putative fluoride ion transporter CrcB' at gnl|10|saureus_10 position 17320
[10:17:25] Possible /pseudo 'Enterotoxin type D' at gnl|10|saureus_10 position 63250
[10:17:25] Possible /pseudo 'Extracellular matrix-binding protein ebh' at gnl|10|saureus_11 position 52780
[10:17:25] Possible /pseudo 'Poly(glycerol-phosphate) alpha-glucosyltransferase' at gnl|10|saureus_12 position 22568
[10:17:25] Possible /pseudo 'putative lipoprotein' at gnl|10|saureus_18 position 41806
[10:17:25] Possible /pseudo 'putative lipoprotein' at gnl|10|saureus_18 position 42607
[10:17:25] Possible /pseudo 'putative lipoprotein' at gnl|10|saureus_18 position 43459
[10:17:25] Found 1430 unique /gene codes.
[10:17:25] Fixed 3 duplicate /gene - gph_1 gph_2 gph_3
[10:17:25] Fixed 4 duplicate /gene - yxeP_1 yxeP_2 yxeP_3 yxeP_4
[10:17:25] Fixed 3 duplicate /gene - atl_1 atl_2 atl_3
[10:17:25] Fixed 3 duplicate /gene - iucC_1 iucC_2 iucC_3
[10:17:25] Fixed 2 duplicate /gene - garK_1 garK_2
[10:17:25] Fixed 2 duplicate /gene - menG_1 menG_2
[10:17:25] Fixed 2 duplicate /gene - gatA_1 gatA_2
[10:17:25] Fixed 2 duplicate /gene - pitA_1 pitA_2
[10:17:25] Fixed 2 duplicate /gene - yugI_1 yugI_2
[10:17:25] Fixed 3 duplicate /gene - slyA_1 slyA_2 slyA_3
[10:17:25] Fixed 2 duplicate /gene - speC_1 speC_2
[10:17:25] Fixed 2 duplicate /gene - kipA_1 kipA_2
[10:17:25] Fixed 3 duplicate /gene - treR_1 treR_2 treR_3
[10:17:25] Fixed 2 duplicate /gene - bioB_1 bioB_2
[10:17:25] Fixed 2 duplicate /gene - yfkN_1 yfkN_2
[10:17:25] Fixed 2 duplicate /gene - murF_1 murF_2
[10:17:25] Fixed 2 duplicate /gene - sufB_1 sufB_2
[10:17:25] Fixed 2 duplicate /gene - lctP_1 lctP_2
[10:17:25] Fixed 2 duplicate /gene - est_1 est_2
[10:17:25] Fixed 2 duplicate /gene - kipI_1 kipI_2
[10:17:25] Fixed 3 duplicate /gene - yciC_1 yciC_2 yciC_3
[10:17:25] Fixed 2 duplicate /gene - cap8A_1 cap8A_2
[10:17:25] Fixed 3 duplicate /gene - femA_1 femA_2 femA_3
[10:17:25] Fixed 2 duplicate /gene - smc_1 smc_2
[10:17:25] Fixed 2 duplicate /gene - rocD2_1 rocD2_2
[10:17:25] Fixed 2 duplicate /gene - patA_1 patA_2
[10:17:25] Fixed 2 duplicate /gene - glpQ_1 glpQ_2
[10:17:25] Fixed 2 duplicate /gene - nhaK_1 nhaK_2
[10:17:25] Fixed 3 duplicate /gene - brnQ_1 brnQ_2 brnQ_3
[10:17:25] Fixed 2 duplicate /gene - glpE_1 glpE_2
[10:17:25] Fixed 2 duplicate /gene - melR_1 melR_2
[10:17:25] Fixed 2 duplicate /gene - metI_1 metI_2
[10:17:25] Fixed 2 duplicate /gene - alr1_1 alr1_2
[10:17:25] Fixed 2 duplicate /gene - tarF_1 tarF_2
[10:17:25] Fixed 2 duplicate /gene - cynR_1 cynR_2
[10:17:25] Fixed 5 duplicate /gene - lpl2_1 lpl2_2 lpl2_3 lpl2_4 lpl2_5
[10:17:25] Fixed 2 duplicate /gene - yitU_1 yitU_2
[10:17:25] Fixed 2 duplicate /gene - ykoD_1 ykoD_2
[10:17:25] Fixed 2 duplicate /gene - graS_1 graS_2
[10:17:25] Fixed 2 duplicate /gene - gsiC_1 gsiC_2
[10:17:25] Fixed 2 duplicate /gene - mleN_1 mleN_2
[10:17:25] Fixed 2 duplicate /gene - bceA_1 bceA_2
[10:17:25] Fixed 2 duplicate /gene - ysdC_1 ysdC_2
[10:17:25] Fixed 2 duplicate /gene - abgT_1 abgT_2
[10:17:25] Fixed 2 duplicate /gene - gfo_1 gfo_2
[10:17:25] Fixed 3 duplicate /gene - rluD_1 rluD_2 rluD_3
[10:17:25] Fixed 2 duplicate /gene - tagE_1 tagE_2
[10:17:25] Fixed 2 duplicate /gene - suhB_1 suhB_2
[10:17:25] Fixed 2 duplicate /gene - carA_1 carA_2
[10:17:25] Fixed 2 duplicate /gene - acsA_1 acsA_2
[10:17:25] Fixed 2 duplicate /gene - lytN_1 lytN_2
[10:17:25] Fixed 2 duplicate /gene - manR_1 manR_2
[10:17:25] Fixed 2 duplicate /gene - znuC_1 znuC_2
[10:17:25] Fixed 2 duplicate /gene - secA_1 secA_2
[10:17:25] Fixed 2 duplicate /gene - icaB_1 icaB_2
[10:17:25] Fixed 3 duplicate /gene - gsiD_1 gsiD_2 gsiD_3
[10:17:25] Fixed 2 duplicate /gene - bltD_1 bltD_2
[10:17:25] Fixed 2 duplicate /gene - oppF_1 oppF_2
[10:17:25] Fixed 2 duplicate /gene - dnaX_1 dnaX_2
[10:17:25] Fixed 2 duplicate /gene - murJ_1 murJ_2
[10:17:25] Fixed 2 duplicate /gene - iucA_1 iucA_2
[10:17:25] Fixed 2 duplicate /gene - czcD_1 czcD_2
[10:17:25] Fixed 3 duplicate /gene - yxlF_1 yxlF_2 yxlF_3
[10:17:25] Fixed 2 duplicate /gene - phnE_1 phnE_2
[10:17:25] Fixed 2 duplicate /gene - hsdM_1 hsdM_2
[10:17:25] Fixed 2 duplicate /gene - ghrB_1 ghrB_2
[10:17:25] Fixed 2 duplicate /gene - crcB_1 crcB_2
[10:17:25] Fixed 2 duplicate /gene - glcU_1 glcU_2
[10:17:25] Fixed 2 duplicate /gene - mutS_1 mutS_2
[10:17:25] Fixed 2 duplicate /gene - nagB_1 nagB_2
[10:17:25] Fixed 2 duplicate /gene - phoR_1 phoR_2
[10:17:25] Fixed 2 duplicate /gene - spsB_1 spsB_2
[10:17:25] Fixed 2 duplicate /gene - leuA_1 leuA_2
[10:17:25] Fixed 2 duplicate /gene - lexA_1 lexA_2
[10:17:25] Fixed 2 duplicate /gene - argR_1 argR_2
[10:17:25] Fixed 2 duplicate /gene - ywpJ_1 ywpJ_2
[10:17:25] Fixed 2 duplicate /gene - pepA_1 pepA_2
[10:17:25] Fixed 2 duplicate /gene - queE_1 queE_2
[10:17:25] Fixed 2 duplicate /gene - cycA_1 cycA_2
[10:17:25] Fixed 2 duplicate /gene - yfmC_1 yfmC_2
[10:17:25] Fixed 2 duplicate /gene - hrtA_1 hrtA_2
[10:17:25] Fixed 3 duplicate /gene - entD_1 entD_2 entD_3
[10:17:25] Fixed 2 duplicate /gene - lytR_1 lytR_2
[10:17:25] Fixed 2 duplicate /gene - emp_1 emp_2
[10:17:25] Fixed 2 duplicate /gene - czrA_1 czrA_2
[10:17:25] Fixed 3 duplicate /gene - bceB_1 bceB_2 bceB_3
[10:17:25] Fixed 2 duplicate /gene - tetA_1 tetA_2
[10:17:25] Fixed 2 duplicate /gene - oatA_1 oatA_2
[10:17:25] Fixed 2 duplicate /gene - yhdN_1 yhdN_2
[10:17:25] Fixed 2 duplicate /gene - ktrB_1 ktrB_2
[10:17:25] Fixed 2 duplicate /gene - rpmG2_1 rpmG2_2
[10:17:25] Fixed 2 duplicate /gene - tcyC_1 tcyC_2
[10:17:25] Fixed 2 duplicate /gene - pheT_1 pheT_2
[10:17:25] Fixed 3 duplicate /gene - entA_1 entA_2 entA_3
[10:17:25] Fixed 2 duplicate /gene - ywqE_1 ywqE_2
[10:17:25] Fixed 2 duplicate /gene - ssaA_1 ssaA_2
[10:17:25] Fixed 2 duplicate /gene - isaB_1 isaB_2
[10:17:25] Fixed 3 duplicate /gene - opuD_1 opuD_2 opuD_3
[10:17:25] Fixed 2 duplicate /gene - clpP_1 clpP_2
[10:17:25] Fixed 2 duplicate /gene - accB_1 accB_2
[10:17:25] Fixed 2 duplicate /gene - pdhC_1 pdhC_2
[10:17:25] Fixed 2 duplicate /gene - mnhD1_1 mnhD1_2
[10:17:25] Fixed 2 duplicate /gene - arlR_1 arlR_2
[10:17:25] Fixed 4 duplicate /gene - ssaA2_1 ssaA2_2 ssaA2_3 ssaA2_4
[10:17:25] Fixed 2 duplicate /gene - yfiZ_1 yfiZ_2
[10:17:25] Fixed 2 duplicate /gene - yhdG_1 yhdG_2
[10:17:25] Fixed 4 duplicate /gene - ebh_1 ebh_2 ebh_3 ebh_4
[10:17:25] Fixed 2 duplicate /gene - feuB_1 feuB_2
[10:17:25] Fixed 2 duplicate /gene - lipA_1 lipA_2
[10:17:25] Fixed 2 duplicate /gene - lytM_1 lytM_2
[10:17:25] Fixed 2 duplicate /gene - yvgN_1 yvgN_2
[10:17:25] Fixed 2 duplicate /gene - gpmA_1 gpmA_2
[10:17:25] Fixed 3 duplicate /gene - mhqA_1 mhqA_2 mhqA_3
[10:17:25] Fixed 2 duplicate /gene - bsaA_1 bsaA_2
[10:17:25] Fixed 2 duplicate /gene - catE_1 catE_2
[10:17:25] Fixed 2 duplicate /gene - crtN_1 crtN_2
[10:17:25] Fixed 2 duplicate /gene - gatC_1 gatC_2
[10:17:25] Fixed 3 duplicate /gene - rimI_1 rimI_2 rimI_3
[10:17:25] Fixed 2 duplicate /gene - cfiB_1 cfiB_2
[10:17:25] Fixed 2 duplicate /gene - tadA_1 tadA_2
[10:17:25] Fixed 2 duplicate /gene - mnaA_1 mnaA_2
[10:17:25] Fixed 2 duplicate /gene - ywqD_1 ywqD_2
[10:17:25] Fixed 2 duplicate /gene - feuC_1 feuC_2
[10:17:25] Fixed 3 duplicate /gene - ybbH_1 ybbH_2 ybbH_3
[10:17:25] Fixed 2 duplicate /gene - nupC_1 nupC_2
[10:17:25] Fixed 2 duplicate /gene - emrB_1 emrB_2
[10:17:25] Fixed 2 duplicate /gene - xerD_1 xerD_2
[10:17:25] Fixed 2 duplicate /gene - fecD_1 fecD_2
[10:17:25] Fixed 2 duplicate /gene - cls_1 cls_2
[10:17:25] Fixed 2 duplicate /gene - tagH_1 tagH_2
[10:17:25] Fixed 2 duplicate /gene - thrB_1 thrB_2
[10:17:25] Fixed 2 duplicate /gene - natA_1 natA_2
[10:17:25] Fixed 2 duplicate /gene - ydcP_1 ydcP_2
[10:17:25] Fixed 3 duplicate /gene - ptsG_1 ptsG_2 ptsG_3
[10:17:25] Fixed 2 duplicate /gene - ykoC_1 ykoC_2
[10:17:25] Fixed 2 duplicate /gene - bcr_1 bcr_2
[10:17:25] Fixed 2 duplicate /gene - phrA_1 phrA_2
[10:17:25] Fixed 2 duplicate /gene - nikB_1 nikB_2
[10:17:25] Fixed 5 duplicate /gene - norB_1 norB_2 norB_3 norB_4 norB_5
[10:17:25] Fixed 2 duplicate /gene - mggB_1 mggB_2
[10:17:25] Fixed 2 duplicate /gene - rpsA_1 rpsA_2
[10:17:25] Fixed 2 duplicate /gene - metQ_1 metQ_2
[10:17:25] Fixed 2 duplicate /gene - recQ_1 recQ_2
[10:17:25] Fixed 2 duplicate /gene - pepF1_1 pepF1_2
[10:17:25] Fixed 2 duplicate /gene - fib_1 fib_2
[10:17:25] Fixed 2 duplicate /gene - polC_1 polC_2
[10:17:25] Fixed 10 duplicate /gene - yezG_1 yezG_2 yezG_3 yezG_4 yezG_5 yezG_6 yezG_7 yezG_8 yezG_9 yezG_10
[10:17:25] Fixed 2 duplicate /gene - gltB_1 gltB_2
[10:17:25] Fixed 2 duplicate /gene - treP_1 treP_2
[10:17:25] Fixed 2 duplicate /gene - feoB_1 feoB_2
[10:17:25] Fixed 2 duplicate /gene - rnmV_1 rnmV_2
[10:17:25] Fixed 4 duplicate /gene - oppD_1 oppD_2 oppD_3 oppD_4
[10:17:25] Fixed 2 duplicate /gene - pbpX_1 pbpX_2
[10:17:25] Fixed 3 duplicate /gene - ssbA_1 ssbA_2 ssbA_3
[10:17:25] Fixed 2 duplicate /gene - nth_1 nth_2
[10:17:25] Fixed 2 duplicate /gene - graR_1 graR_2
[10:17:25] Fixed 2 duplicate /gene - ldhD_1 ldhD_2
[10:17:25] Fixed 2 duplicate /gene - lacC_1 lacC_2
[10:17:25] Fixed 2 duplicate /gene - arcB_1 arcB_2
[10:17:25] Fixed 2 duplicate /gene - trpG_1 trpG_2
[10:17:25] Fixed 2 duplicate /gene - rsmH_1 rsmH_2
[10:17:25] Fixed 2 duplicate /gene - fhuD_1 fhuD_2
[10:17:25] Fixed 2 duplicate /gene - cspA_1 cspA_2
[10:17:25] Fixed 3 duplicate /gene - der_1 der_2 der_3
[10:17:25] Fixed 2 duplicate /gene - iscS_1 iscS_2
[10:17:25] Fixed 4 duplicate /gene - xerC_1 xerC_2 xerC_3 xerC_4
[10:17:25] Fixed 2 duplicate /gene - ugpQ_1 ugpQ_2
[10:17:25] Fixed 2 duplicate /gene - sle1_1 sle1_2
[10:17:25] Fixed 2 duplicate /gene - limB_1 limB_2
[10:17:25] Fixed 2 duplicate /gene - hlb_1 hlb_2
[10:17:25] Fixed 2 duplicate /gene - gatB_1 gatB_2
[10:17:25] Fixed 2 duplicate /gene - pepT_1 pepT_2
[10:17:25] Fixed 2 duplicate /gene - aldC_1 aldC_2
[10:17:25] Fixed 2 duplicate /gene - fnbA_1 fnbA_2
[10:17:25] Fixed 2 duplicate /gene - lysP_1 lysP_2
[10:17:25] Fixed 2 duplicate /gene - mntH_1 mntH_2
[10:17:25] Fixed 2 duplicate /gene - hisC_1 hisC_2
[10:17:25] Fixed 4 duplicate /gene - scn_1 scn_2 scn_3 scn_4
[10:17:25] Fixed 178 colliding /gene names.
[10:17:25] Adding /locus_tag identifiers
[10:17:25] Assigned 2564 locus_tags to CDS and RNA features.
[10:17:25] Writing outputs to /home/fsepulveda/Desktop/workingspace/output_Sa3923/output_prokka/
[10:17:27] Generating annotation statistics file
[10:17:27] Generating Genbank and Sequin files
[10:17:27] Running: tbl2asn -V b -a r10k -l paired-ends -M n -N 1 -y 'Annotated using prokka 1.12 from https://github.com/tseemann/prokka' -Z \/home\/fsepulveda\/Desktop\/workingspace\/output_Sa3923\/output_prokka\/PROKKA_06012017\.err -i \/home\/fsepulveda\/Desktop\/workingspace\/output_Sa3923\/output_prokka\/PROKKA_06012017\.fsa 2> /dev/null
[10:17:33] Deleting unwanted file: /home/fsepulveda/Desktop/workingspace/output_Sa3923/output_prokka/errorsummary.val
[10:17:33] Deleting unwanted file: /home/fsepulveda/Desktop/workingspace/output_Sa3923/output_prokka/PROKKA_06012017.dr
[10:17:33] Deleting unwanted file: /home/fsepulveda/Desktop/workingspace/output_Sa3923/output_prokka/PROKKA_06012017.fixedproducts
[10:17:33] Deleting unwanted file: /home/fsepulveda/Desktop/workingspace/output_Sa3923/output_prokka/PROKKA_06012017.ecn
[10:17:33] Deleting unwanted file: /home/fsepulveda/Desktop/workingspace/output_Sa3923/output_prokka/PROKKA_06012017.val
[10:17:33] Repairing broken .GBK output that tbl2asn produces...
[10:17:33] Running: sed 's/COORDINATES: profile/COORDINATES:profile/' < \/home\/fsepulveda\/Desktop\/workingspace\/output_Sa3923\/output_prokka\/PROKKA_06012017\.gbf > \/home\/fsepulveda\/Desktop\/workingspace\/output_Sa3923\/output_prokka\/PROKKA_06012017\.gbk
[10:17:33] Deleting unwanted file: /home/fsepulveda/Desktop/workingspace/output_Sa3923/output_prokka/PROKKA_06012017.gbf
[10:17:33] Output files:
[10:17:33] /home/fsepulveda/Desktop/workingspace/output_Sa3923/output_prokka/PROKKA_06012017.err
[10:17:33] /home/fsepulveda/Desktop/workingspace/output_Sa3923/output_prokka/PROKKA_06012017.ffn
[10:17:33] /home/fsepulveda/Desktop/workingspace/output_Sa3923/output_prokka/PROKKA_06012017.tsv
[10:17:33] /home/fsepulveda/Desktop/workingspace/output_Sa3923/output_prokka/PROKKA_06012017.gbk
[10:17:33] /home/fsepulveda/Desktop/workingspace/output_Sa3923/output_prokka/PROKKA_06012017.sqn
[10:17:33] /home/fsepulveda/Desktop/workingspace/output_Sa3923/output_prokka/PROKKA_06012017.fsa
[10:17:33] /home/fsepulveda/Desktop/workingspace/output_Sa3923/output_prokka/PROKKA_06012017.txt
[10:17:33] /home/fsepulveda/Desktop/workingspace/output_Sa3923/output_prokka/PROKKA_06012017.log
[10:17:33] /home/fsepulveda/Desktop/workingspace/output_Sa3923/output_prokka/PROKKA_06012017.fna
[10:17:33] /home/fsepulveda/Desktop/workingspace/output_Sa3923/output_prokka/PROKKA_06012017.gff
[10:17:33] /home/fsepulveda/Desktop/workingspace/output_Sa3923/output_prokka/PROKKA_06012017.tbl
[10:17:33] /home/fsepulveda/Desktop/workingspace/output_Sa3923/output_prokka/PROKKA_06012017.faa
[10:17:33] Annotation finished successfully.
[10:17:33] Walltime used: 1.57 minutes
[10:17:33] If you use this result please cite the Prokka paper:
[10:17:33] Seemann T (2014) Prokka: rapid prokaryotic genome annotation. Bioinformatics. 30(14):2068-9.
[10:17:33] Type 'prokka --citation' for more details.
[10:17:33] Thank you, come again.
