[17:14:17] This is prokka 1.12
[17:14:17] Written by Torsten Seemann <torsten.seemann@gmail.com>
[17:14:17] Homepage is https://github.com/tseemann/prokka
[17:14:17] Local time is Mon May 15 17:14:17 2017
[17:14:17] You are fsepulveda
[17:14:17] Operating system is linux
[17:14:17] You have BioPerl 1.006924
[17:14:17] System has 4 cores.
[17:14:17] Option --cpu asked for 8 cores, but system only has 4
[17:14:17] Will use maximum of 4 cores.
[17:14:17] Annotating as >>> Bacteria <<<
[17:14:17] Creating new output folder: PROKKA_NZ_CP010297
[17:14:17] Running: mkdir -p PROKKA_NZ_CP010297
[17:14:17] Using filename prefix: PROKKA_NZ_CP010297.XXX
[17:14:17] Setting HMMER_NCPU=1
[17:14:17] Writing log to: PROKKA_NZ_CP010297/PROKKA_NZ_CP010297.log
[17:14:17] Command: /home/fsepulveda/Desktop/tesis/sccmec_classification/prokka-1.12/bin/prokka --genus Staphylococcus --prefix PROKKA_NZ_CP010297 --addgenes --addmrna --locustag NZ_CP010297_SCCmec /home/fsepulveda/Documents/parte2/229_sccmec/sccmec_NZ_CP010297.fasta
[17:14:17] Appending to PATH: /home/fsepulveda/Desktop/tesis/sccmec_classification/prokka-1.12/bin/../binaries/linux
[17:14:17] Appending to PATH: /home/fsepulveda/Desktop/tesis/sccmec_classification/prokka-1.12/bin/../binaries/linux/../common
[17:14:17] Appending to PATH: /home/fsepulveda/Desktop/tesis/sccmec_classification/prokka-1.12/bin
[17:14:17] Looking for 'aragorn' - found /home/fsepulveda/Desktop/tesis/sccmec_classification/prokka-1.12/bin/../binaries/linux/aragorn
[17:14:17] Determined aragorn version is 1.2
[17:14:17] Looking for 'blastp' - found /usr/bin/blastp
[17:14:18] Determined blastp version is 2.2
[17:14:18] Looking for 'cmpress' - found /usr/bin/cmpress
[17:14:18] Determined cmpress version is 1.1
[17:14:18] Looking for 'cmscan' - found /usr/bin/cmscan
[17:14:18] Determined cmscan version is 1.1
[17:14:18] Looking for 'egrep' - found /bin/egrep
[17:14:18] Looking for 'find' - found /usr/bin/find
[17:14:18] Looking for 'grep' - found /bin/grep
[17:14:18] Looking for 'hmmpress' - found /usr/bin/hmmpress
[17:14:18] Determined hmmpress version is 3.1
[17:14:18] Looking for 'hmmscan' - found /usr/bin/hmmscan
[17:14:18] Determined hmmscan version is 3.1
[17:14:18] Looking for 'java' - found /usr/bin/java
[17:14:18] Looking for 'less' - found /usr/bin/less
[17:14:18] Looking for 'makeblastdb' - found /usr/bin/makeblastdb
[17:14:18] Determined makeblastdb version is 2.2
[17:14:18] Looking for 'minced' - found /home/fsepulveda/Desktop/tesis/sccmec_classification/prokka-1.12/bin/../binaries/linux/../common/minced
[17:14:18] Determined minced version is 2.0
[17:14:18] Looking for 'parallel' - found /home/fsepulveda/Desktop/tesis/sccmec_classification/prokka-1.12/bin/../binaries/linux/../common/parallel
[17:14:18] Determined parallel version is 20150122
[17:14:18] Looking for 'prodigal' - found /home/fsepulveda/Desktop/tesis/sccmec_classification/prokka-1.12/bin/../binaries/linux/prodigal
[17:14:18] Determined prodigal version is 2.6
[17:14:18] Looking for 'prokka-genbank_to_fasta_db' - found /home/fsepulveda/Desktop/tesis/sccmec_classification/prokka-1.12/bin/prokka-genbank_to_fasta_db
[17:14:18] Looking for 'sed' - found /bin/sed
[17:14:18] Looking for 'tbl2asn' - found /home/fsepulveda/Desktop/tesis/sccmec_classification/prokka-1.12/bin/../binaries/linux/tbl2asn
[17:14:18] Determined tbl2asn version is 25.3
[17:14:18] Using genetic code table 11.
[17:14:18] Loading and checking input file: /home/fsepulveda/Documents/parte2/229_sccmec/sccmec_NZ_CP010297.fasta
[17:14:18] Wrote 1 contigs totalling 55213 bp.
[17:14:18] Predicting tRNAs and tmRNAs
[17:14:18] Running: aragorn -l -gc11  -w PROKKA_NZ_CP010297\/PROKKA_NZ_CP010297\.fna
[17:14:18] Found 0 tRNAs
[17:14:18] Predicting Ribosomal RNAs
[17:14:18] You need either Barrnap or RNAmmer installed to predict rRNAs!
[17:14:18] Skipping ncRNA search, enable with --rfam if desired.
[17:14:18] Total of 0 tRNA + rRNA features
[17:14:18] Searching for CRISPR repeats
[17:14:18] Found 0 CRISPRs
[17:14:18] Predicting coding sequences
[17:14:18] Contigs total 55213 bp, so using meta mode
[17:14:18] Running: prodigal -i PROKKA_NZ_CP010297\/PROKKA_NZ_CP010297\.fna -c -m -g 11 -p meta -f sco -q
[17:14:18] Found 56 CDS
[17:14:18] Connecting features back to sequences
[17:14:18] Not using genus-specific database. Try --usegenus to enable it.
[17:14:18] Annotating CDS, please be patient.
[17:14:18] Will use 4 CPUs for similarity searching.
[17:14:18] There are still 56 unannotated CDS left (started with 56)
[17:14:18] Will use blast to search against /home/fsepulveda/Desktop/tesis/sccmec_classification/prokka-1.12/bin/../db/kingdom/Bacteria/sprot with 4 CPUs
[17:14:18] Running: cat PROKKA_NZ_CP010297\/sprot\.faa | parallel --gnu --plain -j 4 --block 1829 --recstart '>' --pipe blastp -query - -db /home/fsepulveda/Desktop/tesis/sccmec_classification/prokka-1.12/bin/../db/kingdom/Bacteria/sprot -evalue 1e-06 -num_threads 1 -num_descriptions 1 -num_alignments 1 -seg no > PROKKA_NZ_CP010297\/sprot\.blast 2> /dev/null
[17:14:20] Deleting unwanted file: PROKKA_NZ_CP010297/sprot.faa
[17:14:20] Deleting unwanted file: PROKKA_NZ_CP010297/sprot.blast
[17:14:20] There are still 33 unannotated CDS left (started with 56)
[17:14:20] Will use hmmer3 to search against /home/fsepulveda/Desktop/tesis/sccmec_classification/prokka-1.12/bin/../db/hmm/HAMAP.hmm with 4 CPUs
[17:14:20] Running: cat PROKKA_NZ_CP010297\/HAMAP\.hmm\.faa | parallel --gnu --plain -j 4 --block 834 --recstart '>' --pipe hmmscan --noali --notextw --acc -E 1e-06 --cpu 1 /home/fsepulveda/Desktop/tesis/sccmec_classification/prokka-1.12/bin/../db/hmm/HAMAP.hmm /dev/stdin > PROKKA_NZ_CP010297\/HAMAP\.hmm\.hmmer3 2> /dev/null
[17:14:21] Deleting unwanted file: PROKKA_NZ_CP010297/HAMAP.hmm.faa
[17:14:21] Deleting unwanted file: PROKKA_NZ_CP010297/HAMAP.hmm.hmmer3
[17:14:21] Labelling remaining 32 proteins as 'hypothetical protein'
[17:14:21] Possible /pseudo 'DNA-invertase hin' at sccmec_saures_NZ_CP010297_l55213 position 13831
[17:14:21] Found 22 unique /gene codes.
[17:14:21] Fixed 2 duplicate /gene - hin_1 hin_2
[17:14:21] Fixed 1 colliding /gene names.
[17:14:21] Adding /locus_tag identifiers
[17:14:21] Assigned 56 locus_tags to CDS and RNA features.
[17:14:21] Writing outputs to PROKKA_NZ_CP010297/
[17:14:21] Generating annotation statistics file
[17:14:21] Generating Genbank and Sequin files
[17:14:21] Running: tbl2asn -V b -a r10k -l paired-ends -M n -N 1 -y 'Annotated using prokka 1.12 from https://github.com/tseemann/prokka' -Z PROKKA_NZ_CP010297\/PROKKA_NZ_CP010297\.err -i PROKKA_NZ_CP010297\/PROKKA_NZ_CP010297\.fsa 2> /dev/null
[17:14:21] Deleting unwanted file: PROKKA_NZ_CP010297/errorsummary.val
[17:14:21] Deleting unwanted file: PROKKA_NZ_CP010297/PROKKA_NZ_CP010297.dr
[17:14:21] Deleting unwanted file: PROKKA_NZ_CP010297/PROKKA_NZ_CP010297.fixedproducts
[17:14:21] Deleting unwanted file: PROKKA_NZ_CP010297/PROKKA_NZ_CP010297.ecn
[17:14:21] Deleting unwanted file: PROKKA_NZ_CP010297/PROKKA_NZ_CP010297.val
[17:14:21] Repairing broken .GBK output that tbl2asn produces...
[17:14:21] Running: sed 's/COORDINATES: profile/COORDINATES:profile/' < PROKKA_NZ_CP010297\/PROKKA_NZ_CP010297\.gbf > PROKKA_NZ_CP010297\/PROKKA_NZ_CP010297\.gbk
[17:14:21] Deleting unwanted file: PROKKA_NZ_CP010297/PROKKA_NZ_CP010297.gbf
[17:14:21] Output files:
[17:14:21] PROKKA_NZ_CP010297/PROKKA_NZ_CP010297.txt
[17:14:21] PROKKA_NZ_CP010297/PROKKA_NZ_CP010297.tsv
[17:14:21] PROKKA_NZ_CP010297/PROKKA_NZ_CP010297.ffn
[17:14:21] PROKKA_NZ_CP010297/PROKKA_NZ_CP010297.sqn
[17:14:21] PROKKA_NZ_CP010297/PROKKA_NZ_CP010297.faa
[17:14:21] PROKKA_NZ_CP010297/PROKKA_NZ_CP010297.fsa
[17:14:21] PROKKA_NZ_CP010297/PROKKA_NZ_CP010297.gbk
[17:14:21] PROKKA_NZ_CP010297/PROKKA_NZ_CP010297.log
[17:14:21] PROKKA_NZ_CP010297/PROKKA_NZ_CP010297.tbl
[17:14:21] PROKKA_NZ_CP010297/PROKKA_NZ_CP010297.fna
[17:14:21] PROKKA_NZ_CP010297/PROKKA_NZ_CP010297.err
[17:14:21] PROKKA_NZ_CP010297/PROKKA_NZ_CP010297.gff
[17:14:21] Annotation finished successfully.
[17:14:21] Walltime used: 0.07 minutes
[17:14:21] If you use this result please cite the Prokka paper:
[17:14:21] Seemann T (2014) Prokka: rapid prokaryotic genome annotation. Bioinformatics. 30(14):2068-9.
[17:14:21] Type 'prokka --citation' for more details.
[17:14:21] Thank you, come again.
