[00:28:03] This is prokka 1.12
[00:28:03] Written by Torsten Seemann <torsten.seemann@gmail.com>
[00:28:03] Homepage is https://github.com/tseemann/prokka
[00:28:03] Local time is Wed May 31 00:28:03 2017
[00:28:03] You are fsepulveda
[00:28:03] Operating system is linux
[00:28:03] You have BioPerl 1.006924
[00:28:03] System has 4 cores.
[00:28:03] Option --cpu asked for 8 cores, but system only has 4
[00:28:03] Will use maximum of 4 cores.
[00:28:03] Annotating as >>> Bacteria <<<
[00:28:03] Enabling options to ensure Genbank/ENA/DDJB submission compliance.
[00:28:03] Creating new output folder: SCCmec_NC_017349_Type-XI
[00:28:03] Running: mkdir -p SCCmec_NC_017349_Type\-XI
[00:28:03] Using filename prefix: SCCmec_NC_017349_Type-XI.XXX
[00:28:03] Setting HMMER_NCPU=1
[00:28:03] Writing log to: SCCmec_NC_017349_Type-XI/SCCmec_NC_017349_Type-XI.log
[00:28:03] Command: /home/fsepulveda/Documents/PROGRAMS/prokka-1.12/bin/prokka --kingdom Bacteria --outdir SCCmec_NC_017349_Type-XI --quiet --genus Staphylococcus --locustag SCCmec_NC_017349_Type-XI --centre 10 --compliant --prefix SCCmec_NC_017349_Type-XI --force SCCmec_NC_017349_Type-XI.fasta
[00:28:03] Appending to PATH: /home/fsepulveda/Documents/PROGRAMS/prokka-1.12/bin/../binaries/linux
[00:28:03] Appending to PATH: /home/fsepulveda/Documents/PROGRAMS/prokka-1.12/bin/../binaries/linux/../common
[00:28:03] Appending to PATH: /home/fsepulveda/Documents/PROGRAMS/prokka-1.12/bin
[00:28:03] Looking for 'aragorn' - found /home/fsepulveda/Documents/PROGRAMS/prokka-1.12/bin/../binaries/linux/aragorn
[00:28:03] Determined aragorn version is 1.2
[00:28:03] Looking for 'blastp' - found /usr/bin/blastp
[00:28:03] Determined blastp version is 2.2
[00:28:03] Looking for 'cmpress' - found /usr/bin/cmpress
[00:28:03] Determined cmpress version is 1.1
[00:28:03] Looking for 'cmscan' - found /usr/bin/cmscan
[00:28:03] Determined cmscan version is 1.1
[00:28:03] Looking for 'egrep' - found /bin/egrep
[00:28:03] Looking for 'find' - found /usr/bin/find
[00:28:03] Looking for 'grep' - found /bin/grep
[00:28:03] Looking for 'hmmpress' - found /usr/bin/hmmpress
[00:28:03] Determined hmmpress version is 3.1
[00:28:03] Looking for 'hmmscan' - found /usr/bin/hmmscan
[00:28:03] Determined hmmscan version is 3.1
[00:28:03] Looking for 'java' - found /usr/bin/java
[00:28:03] Looking for 'less' - found /usr/bin/less
[00:28:03] Looking for 'makeblastdb' - found /usr/bin/makeblastdb
[00:28:03] Determined makeblastdb version is 2.2
[00:28:03] Looking for 'minced' - found /home/fsepulveda/Documents/PROGRAMS/prokka-1.12/bin/../binaries/linux/../common/minced
[00:28:04] Determined minced version is 2.0
[00:28:04] Looking for 'parallel' - found /home/fsepulveda/Documents/PROGRAMS/prokka-1.12/bin/../binaries/linux/../common/parallel
[00:28:04] Determined parallel version is 20150122
[00:28:04] Looking for 'prodigal' - found /home/fsepulveda/Documents/PROGRAMS/prokka-1.12/bin/../binaries/linux/prodigal
[00:28:04] Determined prodigal version is 2.6
[00:28:04] Looking for 'prokka-genbank_to_fasta_db' - found /home/fsepulveda/Documents/PROGRAMS/prokka-1.12/bin/prokka-genbank_to_fasta_db
[00:28:04] Looking for 'sed' - found /bin/sed
[00:28:04] Looking for 'tbl2asn' - found /home/fsepulveda/Documents/PROGRAMS/prokka-1.12/bin/../binaries/linux/tbl2asn
[00:28:04] Determined tbl2asn version is 25.3
[00:28:04] Using genetic code table 11.
[00:28:04] Loading and checking input file: SCCmec_NC_017349_Type-XI.fasta
[00:28:04] Wrote 1 contigs totalling 29917 bp.
[00:28:04] Predicting tRNAs and tmRNAs
[00:28:04] Running: aragorn -l -gc11  -w SCCmec_NC_017349_Type\-XI\/SCCmec_NC_017349_Type\-XI\.fna
[00:28:04] Found 0 tRNAs
[00:28:04] Predicting Ribosomal RNAs
[00:28:04] You need either Barrnap or RNAmmer installed to predict rRNAs!
[00:28:04] Skipping ncRNA search, enable with --rfam if desired.
[00:28:04] Total of 0 tRNA + rRNA features
[00:28:04] Searching for CRISPR repeats
[00:28:04] Found 0 CRISPRs
[00:28:04] Predicting coding sequences
[00:28:04] Contigs total 29917 bp, so using meta mode
[00:28:04] Running: prodigal -i SCCmec_NC_017349_Type\-XI\/SCCmec_NC_017349_Type\-XI\.fna -c -m -g 11 -p meta -f sco -q
[00:28:04] Found 31 CDS
[00:28:04] Connecting features back to sequences
[00:28:04] Not using genus-specific database. Try --usegenus to enable it.
[00:28:04] Annotating CDS, please be patient.
[00:28:04] Will use 4 CPUs for similarity searching.
[00:28:04] There are still 31 unannotated CDS left (started with 31)
[00:28:04] Will use blast to search against /home/fsepulveda/Documents/PROGRAMS/prokka-1.12/bin/../db/kingdom/Bacteria/sprot with 4 CPUs
[00:28:04] Running: cat SCCmec_NC_017349_Type\-XI\/sprot\.faa | parallel --gnu --plain -j 4 --block 1095 --recstart '>' --pipe blastp -query - -db /home/fsepulveda/Documents/PROGRAMS/prokka-1.12/bin/../db/kingdom/Bacteria/sprot -evalue 1e-06 -num_threads 1 -num_descriptions 1 -num_alignments 1 -seg no > SCCmec_NC_017349_Type\-XI\/sprot\.blast 2> /dev/null
[00:28:05] Modify product: Probable ATP-dependent helicase DinG homolog => putative ATP-dependent helicase DinG 
[00:28:05] Modify product: KsdD-like steroid dehydrogenase Rv0785 => KsdD-like steroid dehydrogenase
[00:28:05] Modify product: Uncharacterized ABC transporter permease Rv0072 => putative ABC transporter permease
[00:28:05] Cleaned 3 /product names
[00:28:05] Deleting unwanted file: SCCmec_NC_017349_Type-XI/sprot.faa
[00:28:05] Deleting unwanted file: SCCmec_NC_017349_Type-XI/sprot.blast
[00:28:05] There are still 16 unannotated CDS left (started with 31)
[00:28:05] Will use hmmer3 to search against /home/fsepulveda/Documents/PROGRAMS/prokka-1.12/bin/../db/hmm/HAMAP.hmm with 4 CPUs
[00:28:05] Running: cat SCCmec_NC_017349_Type\-XI\/HAMAP\.hmm\.faa | parallel --gnu --plain -j 4 --block 395 --recstart '>' --pipe hmmscan --noali --notextw --acc -E 1e-06 --cpu 1 /home/fsepulveda/Documents/PROGRAMS/prokka-1.12/bin/../db/hmm/HAMAP.hmm /dev/stdin > SCCmec_NC_017349_Type\-XI\/HAMAP\.hmm\.hmmer3 2> /dev/null
[00:28:06] Deleting unwanted file: SCCmec_NC_017349_Type-XI/HAMAP.hmm.faa
[00:28:06] Deleting unwanted file: SCCmec_NC_017349_Type-XI/HAMAP.hmm.hmmer3
[00:28:06] Labelling remaining 16 proteins as 'hypothetical protein'
[00:28:06] Possible /pseudo 'DNA-invertase hin' at gnl|10|SCCmec_NC_017349_Type-XI_1 position 11938
[00:28:06] Found 12 unique /gene codes.
[00:28:06] Fixed 2 duplicate /gene - hin_1 hin_2
[00:28:06] Fixed 1 colliding /gene names.
[00:28:06] Adding /locus_tag identifiers
[00:28:06] Assigned 31 locus_tags to CDS and RNA features.
[00:28:06] Writing outputs to SCCmec_NC_017349_Type-XI/
[00:28:06] Generating annotation statistics file
[00:28:06] Generating Genbank and Sequin files
[00:28:06] Running: tbl2asn -V b -a r10k -l paired-ends -M n -N 1 -y 'Annotated using prokka 1.12 from https://github.com/tseemann/prokka' -Z SCCmec_NC_017349_Type\-XI\/SCCmec_NC_017349_Type\-XI\.err -i SCCmec_NC_017349_Type\-XI\/SCCmec_NC_017349_Type\-XI\.fsa 2> /dev/null
[00:28:06] Deleting unwanted file: SCCmec_NC_017349_Type-XI/errorsummary.val
[00:28:06] Deleting unwanted file: SCCmec_NC_017349_Type-XI/SCCmec_NC_017349_Type-XI.dr
[00:28:06] Deleting unwanted file: SCCmec_NC_017349_Type-XI/SCCmec_NC_017349_Type-XI.fixedproducts
[00:28:06] Deleting unwanted file: SCCmec_NC_017349_Type-XI/SCCmec_NC_017349_Type-XI.ecn
[00:28:06] Deleting unwanted file: SCCmec_NC_017349_Type-XI/SCCmec_NC_017349_Type-XI.val
[00:28:06] Repairing broken .GBK output that tbl2asn produces...
[00:28:06] Running: sed 's/COORDINATES: profile/COORDINATES:profile/' < SCCmec_NC_017349_Type\-XI\/SCCmec_NC_017349_Type\-XI\.gbf > SCCmec_NC_017349_Type\-XI\/SCCmec_NC_017349_Type\-XI\.gbk
[00:28:06] Deleting unwanted file: SCCmec_NC_017349_Type-XI/SCCmec_NC_017349_Type-XI.gbf
[00:28:06] Output files:
[00:28:06] SCCmec_NC_017349_Type-XI/SCCmec_NC_017349_Type-XI.tsv
[00:28:06] SCCmec_NC_017349_Type-XI/SCCmec_NC_017349_Type-XI.txt
[00:28:06] SCCmec_NC_017349_Type-XI/SCCmec_NC_017349_Type-XI.tbl
[00:28:06] SCCmec_NC_017349_Type-XI/SCCmec_NC_017349_Type-XI.log
[00:28:06] SCCmec_NC_017349_Type-XI/SCCmec_NC_017349_Type-XI.gbk
[00:28:06] SCCmec_NC_017349_Type-XI/SCCmec_NC_017349_Type-XI.fsa
[00:28:06] SCCmec_NC_017349_Type-XI/SCCmec_NC_017349_Type-XI.fna
[00:28:06] SCCmec_NC_017349_Type-XI/SCCmec_NC_017349_Type-XI.gff
[00:28:06] SCCmec_NC_017349_Type-XI/SCCmec_NC_017349_Type-XI.sqn
[00:28:06] SCCmec_NC_017349_Type-XI/SCCmec_NC_017349_Type-XI.faa
[00:28:06] SCCmec_NC_017349_Type-XI/SCCmec_NC_017349_Type-XI.ffn
[00:28:06] SCCmec_NC_017349_Type-XI/SCCmec_NC_017349_Type-XI.err
[00:28:06] Annotation finished successfully.
[00:28:06] Walltime used: 0.05 minutes
[00:28:06] If you use this result please cite the Prokka paper:
[00:28:06] Seemann T (2014) Prokka: rapid prokaryotic genome annotation. Bioinformatics. 30(14):2068-9.
[00:28:06] Type 'prokka --citation' for more details.
[00:28:06] Share and enjoy!
