Discrepancy Report Results

Summary
FATAL: BAD_LOCUS_TAG_FORMAT:31 locus tags are incorrectly formatted.
DISC_SOURCE_QUALS_ASNDISC:strain (all present, all unique)
DISC_SOURCE_QUALS_ASNDISC:taxname (all present, all unique)
DISC_FEATURE_COUNT:gene: 31 present
DISC_FEATURE_COUNT:CDS: 31 present
DISC_COUNT_NUCLEOTIDES:1 nucleotide Bioseqs are present
OVERLAPPING_GENES:11 genes overlap another gene on the same strand.
DISC_QUALITY_SCORES:Quality scores are missing on all sequences.
ONCALLER_COMMENT_PRESENT:1 comment descriptors were found (all same)
SHORT_PROT_SEQUENCES:1 protein sequences are shorter than 50 aa.
MISSING_GENOMEASSEMBLY_COMMENTS:1 bioseqs are missing GenomeAssembly structured comments
MOLTYPE_NOT_MRNA:1 molecule types are not set as mRNA.
TECHNIQUE_NOT_TSA:1 technique are not set as TSA
MISSING_STRUCTURED_COMMENT:1 sequences do not include structured comments.
MISSING_PROJECT:32 sequences do not include project.
DISC_INCONSISTENT_MOLINFO_TECH:Molinfo Technique Report (some missing, all same)


Detailed Report

FATAL: DiscRep_ALL:BAD_LOCUS_TAG_FORMAT::31 locus tags are incorrectly formatted.
SCCmec_NC_017349_Type-XI/SCCmec_NC_017349_Type-XI:Gene	rlmH	SCCmec_NC_017349_Type-XI_1:1-480	SCCmec_NC_017349_Type-XI_00001
SCCmec_NC_017349_Type-XI/SCCmec_NC_017349_Type-XI:Gene	blaZ	SCCmec_NC_017349_Type-XI_1:c1623-796	SCCmec_NC_017349_Type-XI_00002
SCCmec_NC_017349_Type-XI/SCCmec_NC_017349_Type-XI:Gene	pbp	SCCmec_NC_017349_Type-XI_1:c3717-1741	SCCmec_NC_017349_Type-XI_00003
SCCmec_NC_017349_Type-XI/SCCmec_NC_017349_Type-XI:Gene	mecR1	SCCmec_NC_017349_Type-XI_1:3881-5593	SCCmec_NC_017349_Type-XI_00004
SCCmec_NC_017349_Type-XI/SCCmec_NC_017349_Type-XI:Gene	mecI	SCCmec_NC_017349_Type-XI_1:5590-5964	SCCmec_NC_017349_Type-XI_00005
SCCmec_NC_017349_Type-XI/SCCmec_NC_017349_Type-XI:Gene	SCCmec_NC_017349_Type-XI_00006	SCCmec_NC_017349_Type-XI_1:c6223-6038	SCCmec_NC_017349_Type-XI_00006
SCCmec_NC_017349_Type-XI/SCCmec_NC_017349_Type-XI:Gene	SCCmec_NC_017349_Type-XI_00007	SCCmec_NC_017349_Type-XI_1:c6582-6220	SCCmec_NC_017349_Type-XI_00007
SCCmec_NC_017349_Type-XI/SCCmec_NC_017349_Type-XI:Gene	SCCmec_NC_017349_Type-XI_00008	SCCmec_NC_017349_Type-XI_1:c7009-6542	SCCmec_NC_017349_Type-XI_00008
SCCmec_NC_017349_Type-XI/SCCmec_NC_017349_Type-XI:Gene	SCCmec_NC_017349_Type-XI_00009	SCCmec_NC_017349_Type-XI_1:c7910-7026	SCCmec_NC_017349_Type-XI_00009
SCCmec_NC_017349_Type-XI/SCCmec_NC_017349_Type-XI:Gene	SCCmec_NC_017349_Type-XI_00010	SCCmec_NC_017349_Type-XI_1:c8526-8080	SCCmec_NC_017349_Type-XI_00010
SCCmec_NC_017349_Type-XI/SCCmec_NC_017349_Type-XI:Gene	SCCmec_NC_017349_Type-XI_00011	SCCmec_NC_017349_Type-XI_1:c9053-8547	SCCmec_NC_017349_Type-XI_00011
SCCmec_NC_017349_Type-XI/SCCmec_NC_017349_Type-XI:Gene	SCCmec_NC_017349_Type-XI_00012	SCCmec_NC_017349_Type-XI_1:c9380-9069	SCCmec_NC_017349_Type-XI_00012
SCCmec_NC_017349_Type-XI/SCCmec_NC_017349_Type-XI:Gene	SCCmec_NC_017349_Type-XI_00013	SCCmec_NC_017349_Type-XI_1:c9474-9373	SCCmec_NC_017349_Type-XI_00013
SCCmec_NC_017349_Type-XI/SCCmec_NC_017349_Type-XI:Gene	SCCmec_NC_017349_Type-XI_00014	SCCmec_NC_017349_Type-XI_1:c9814-9476	SCCmec_NC_017349_Type-XI_00014
SCCmec_NC_017349_Type-XI/SCCmec_NC_017349_Type-XI:Gene	hin_1	SCCmec_NC_017349_Type-XI_1:c11917-10289	SCCmec_NC_017349_Type-XI_00015
SCCmec_NC_017349_Type-XI/SCCmec_NC_017349_Type-XI:Gene	hin_2	SCCmec_NC_017349_Type-XI_1:c13287-11938	SCCmec_NC_017349_Type-XI_00016
SCCmec_NC_017349_Type-XI/SCCmec_NC_017349_Type-XI:Gene	SCCmec_NC_017349_Type-XI_00017	SCCmec_NC_017349_Type-XI_1:c13722-13465	SCCmec_NC_017349_Type-XI_00017
SCCmec_NC_017349_Type-XI/SCCmec_NC_017349_Type-XI:Gene	SCCmec_NC_017349_Type-XI_00018	SCCmec_NC_017349_Type-XI_1:c15583-13790	SCCmec_NC_017349_Type-XI_00018
SCCmec_NC_017349_Type-XI/SCCmec_NC_017349_Type-XI:Gene	SCCmec_NC_017349_Type-XI_00019	SCCmec_NC_017349_Type-XI_1:c15876-15583	SCCmec_NC_017349_Type-XI_00019
SCCmec_NC_017349_Type-XI/SCCmec_NC_017349_Type-XI:Gene	SCCmec_NC_017349_Type-XI_00020	SCCmec_NC_017349_Type-XI_1:c17063-16059	SCCmec_NC_017349_Type-XI_00020
SCCmec_NC_017349_Type-XI/SCCmec_NC_017349_Type-XI:Gene	dinG	SCCmec_NC_017349_Type-XI_1:17226-19100	SCCmec_NC_017349_Type-XI_00021
SCCmec_NC_017349_Type-XI/SCCmec_NC_017349_Type-XI:Gene	SCCmec_NC_017349_Type-XI_00022	SCCmec_NC_017349_Type-XI_1:19194-19973	SCCmec_NC_017349_Type-XI_00022
SCCmec_NC_017349_Type-XI/SCCmec_NC_017349_Type-XI:Gene	lip	SCCmec_NC_017349_Type-XI_1:c21387-20386	SCCmec_NC_017349_Type-XI_00023
SCCmec_NC_017349_Type-XI/SCCmec_NC_017349_Type-XI:Gene	SCCmec_NC_017349_Type-XI_00024	SCCmec_NC_017349_Type-XI_1:c22550-21639	SCCmec_NC_017349_Type-XI_00024
SCCmec_NC_017349_Type-XI/SCCmec_NC_017349_Type-XI:Gene	SCCmec_NC_017349_Type-XI_00025	SCCmec_NC_017349_Type-XI_1:22843-24498	SCCmec_NC_017349_Type-XI_00025
SCCmec_NC_017349_Type-XI/SCCmec_NC_017349_Type-XI:Gene	SCCmec_NC_017349_Type-XI_00026	SCCmec_NC_017349_Type-XI_1:24864-25913	SCCmec_NC_017349_Type-XI_00026
SCCmec_NC_017349_Type-XI/SCCmec_NC_017349_Type-XI:Gene	yxdL	SCCmec_NC_017349_Type-XI_1:25931-26599	SCCmec_NC_017349_Type-XI_00027
SCCmec_NC_017349_Type-XI/SCCmec_NC_017349_Type-XI:Gene	SCCmec_NC_017349_Type-XI_00028	SCCmec_NC_017349_Type-XI_1:c27420-26740	SCCmec_NC_017349_Type-XI_00028
SCCmec_NC_017349_Type-XI/SCCmec_NC_017349_Type-XI:Gene	arsC	SCCmec_NC_017349_Type-XI_1:c28140-27748	SCCmec_NC_017349_Type-XI_00029
SCCmec_NC_017349_Type-XI/SCCmec_NC_017349_Type-XI:Gene	arsB	SCCmec_NC_017349_Type-XI_1:c29447-28158	SCCmec_NC_017349_Type-XI_00030
SCCmec_NC_017349_Type-XI/SCCmec_NC_017349_Type-XI:Gene	sdpR	SCCmec_NC_017349_Type-XI_1:c29767-29447	SCCmec_NC_017349_Type-XI_00031

DiscRep_ALL:DISC_SOURCE_QUALS_ASNDISC::strain (all present, all unique)
DiscRep_SUB:DISC_SOURCE_QUALS_ASNDISC::1 sources have unique values for strain
DiscRep_ALL:DISC_SOURCE_QUALS_ASNDISC::taxname (all present, all unique)
DiscRep_SUB:DISC_SOURCE_QUALS_ASNDISC::1 sources have unique values for taxname
DiscRep_ALL:DISC_FEATURE_COUNT::gene: 31 present
DiscRep_ALL:DISC_FEATURE_COUNT::CDS: 31 present
DiscRep_ALL:DISC_COUNT_NUCLEOTIDES::1 nucleotide Bioseqs are present
SCCmec_NC_017349_Type-XI/SCCmec_NC_017349_Type-XI:10:SCCmec_NC_017349_Type-XI_1 (length 29917)

DiscRep_ALL:OVERLAPPING_GENES::11 genes overlap another gene on the same strand.
SCCmec_NC_017349_Type-XI/SCCmec_NC_017349_Type-XI:Gene	mecR1	SCCmec_NC_017349_Type-XI_1:3881-5593	SCCmec_NC_017349_Type-XI_00004
SCCmec_NC_017349_Type-XI/SCCmec_NC_017349_Type-XI:Gene	mecI	SCCmec_NC_017349_Type-XI_1:5590-5964	SCCmec_NC_017349_Type-XI_00005
SCCmec_NC_017349_Type-XI/SCCmec_NC_017349_Type-XI:Gene	SCCmec_NC_017349_Type-XI_00006	SCCmec_NC_017349_Type-XI_1:c6223-6038	SCCmec_NC_017349_Type-XI_00006
SCCmec_NC_017349_Type-XI/SCCmec_NC_017349_Type-XI:Gene	SCCmec_NC_017349_Type-XI_00007	SCCmec_NC_017349_Type-XI_1:c6582-6220	SCCmec_NC_017349_Type-XI_00007
SCCmec_NC_017349_Type-XI/SCCmec_NC_017349_Type-XI:Gene	SCCmec_NC_017349_Type-XI_00008	SCCmec_NC_017349_Type-XI_1:c7009-6542	SCCmec_NC_017349_Type-XI_00008
SCCmec_NC_017349_Type-XI/SCCmec_NC_017349_Type-XI:Gene	SCCmec_NC_017349_Type-XI_00012	SCCmec_NC_017349_Type-XI_1:c9380-9069	SCCmec_NC_017349_Type-XI_00012
SCCmec_NC_017349_Type-XI/SCCmec_NC_017349_Type-XI:Gene	SCCmec_NC_017349_Type-XI_00013	SCCmec_NC_017349_Type-XI_1:c9474-9373	SCCmec_NC_017349_Type-XI_00013
SCCmec_NC_017349_Type-XI/SCCmec_NC_017349_Type-XI:Gene	SCCmec_NC_017349_Type-XI_00018	SCCmec_NC_017349_Type-XI_1:c15583-13790	SCCmec_NC_017349_Type-XI_00018
SCCmec_NC_017349_Type-XI/SCCmec_NC_017349_Type-XI:Gene	SCCmec_NC_017349_Type-XI_00019	SCCmec_NC_017349_Type-XI_1:c15876-15583	SCCmec_NC_017349_Type-XI_00019
SCCmec_NC_017349_Type-XI/SCCmec_NC_017349_Type-XI:Gene	arsB	SCCmec_NC_017349_Type-XI_1:c29447-28158	SCCmec_NC_017349_Type-XI_00030
SCCmec_NC_017349_Type-XI/SCCmec_NC_017349_Type-XI:Gene	sdpR	SCCmec_NC_017349_Type-XI_1:c29767-29447	SCCmec_NC_017349_Type-XI_00031

DiscRep_ALL:DISC_QUALITY_SCORES::Quality scores are missing on all sequences.

DiscRep_ALL:ONCALLER_COMMENT_PRESENT::1 comment descriptors were found (all same)
SCCmec_NC_017349_Type-XI/SCCmec_NC_017349_Type-XI:10:SCCmec_NC_017349_Type-XI_1:Annotated using prokka 1.12 from https://github.com/tseemann/prokka

DiscRep_ALL:SHORT_PROT_SEQUENCES::1 protein sequences are shorter than 50 aa.
SCCmec_NC_017349_Type-XI/SCCmec_NC_017349_Type-XI:10:SCCmec_NC_017349_Type-XI_00013 (length 33)

DiscRep_ALL:MISSING_GENOMEASSEMBLY_COMMENTS::1 bioseqs are missing GenomeAssembly structured comments
SCCmec_NC_017349_Type-XI/SCCmec_NC_017349_Type-XI:10:SCCmec_NC_017349_Type-XI_1 (length 29917)

DiscRep_ALL:MOLTYPE_NOT_MRNA::1 molecule types are not set as mRNA.
SCCmec_NC_017349_Type-XI/SCCmec_NC_017349_Type-XI:10:SCCmec_NC_017349_Type-XI_1 (length 29917)

DiscRep_ALL:TECHNIQUE_NOT_TSA::1 technique are not set as TSA
SCCmec_NC_017349_Type-XI/SCCmec_NC_017349_Type-XI:10:SCCmec_NC_017349_Type-XI_1 (length 29917)

DiscRep_ALL:MISSING_STRUCTURED_COMMENT::1 sequences do not include structured comments.
SCCmec_NC_017349_Type-XI/SCCmec_NC_017349_Type-XI:10:SCCmec_NC_017349_Type-XI_1 (length 29917)

DiscRep_ALL:MISSING_PROJECT::32 sequences do not include project.
SCCmec_NC_017349_Type-XI/SCCmec_NC_017349_Type-XI:10:SCCmec_NC_017349_Type-XI_1 (length 29917)
SCCmec_NC_017349_Type-XI/SCCmec_NC_017349_Type-XI:10:SCCmec_NC_017349_Type-XI_00001 (length 159)
SCCmec_NC_017349_Type-XI/SCCmec_NC_017349_Type-XI:10:SCCmec_NC_017349_Type-XI_00002 (length 275)
SCCmec_NC_017349_Type-XI/SCCmec_NC_017349_Type-XI:10:SCCmec_NC_017349_Type-XI_00003 (length 658)
SCCmec_NC_017349_Type-XI/SCCmec_NC_017349_Type-XI:10:SCCmec_NC_017349_Type-XI_00004 (length 570)
SCCmec_NC_017349_Type-XI/SCCmec_NC_017349_Type-XI:10:SCCmec_NC_017349_Type-XI_00005 (length 124)
SCCmec_NC_017349_Type-XI/SCCmec_NC_017349_Type-XI:10:SCCmec_NC_017349_Type-XI_00006 (length 61)
SCCmec_NC_017349_Type-XI/SCCmec_NC_017349_Type-XI:10:SCCmec_NC_017349_Type-XI_00007 (length 120)
SCCmec_NC_017349_Type-XI/SCCmec_NC_017349_Type-XI:10:SCCmec_NC_017349_Type-XI_00008 (length 155)
SCCmec_NC_017349_Type-XI/SCCmec_NC_017349_Type-XI:10:SCCmec_NC_017349_Type-XI_00009 (length 294)
SCCmec_NC_017349_Type-XI/SCCmec_NC_017349_Type-XI:10:SCCmec_NC_017349_Type-XI_00010 (length 148)
SCCmec_NC_017349_Type-XI/SCCmec_NC_017349_Type-XI:10:SCCmec_NC_017349_Type-XI_00011 (length 168)
SCCmec_NC_017349_Type-XI/SCCmec_NC_017349_Type-XI:10:SCCmec_NC_017349_Type-XI_00012 (length 103)
SCCmec_NC_017349_Type-XI/SCCmec_NC_017349_Type-XI:10:SCCmec_NC_017349_Type-XI_00013 (length 33)
SCCmec_NC_017349_Type-XI/SCCmec_NC_017349_Type-XI:10:SCCmec_NC_017349_Type-XI_00014 (length 112)
SCCmec_NC_017349_Type-XI/SCCmec_NC_017349_Type-XI:10:SCCmec_NC_017349_Type-XI_00015 (length 542)
SCCmec_NC_017349_Type-XI/SCCmec_NC_017349_Type-XI:10:SCCmec_NC_017349_Type-XI_00016 (length 449)
SCCmec_NC_017349_Type-XI/SCCmec_NC_017349_Type-XI:10:SCCmec_NC_017349_Type-XI_00017 (length 85)
SCCmec_NC_017349_Type-XI/SCCmec_NC_017349_Type-XI:10:SCCmec_NC_017349_Type-XI_00018 (length 597)
SCCmec_NC_017349_Type-XI/SCCmec_NC_017349_Type-XI:10:SCCmec_NC_017349_Type-XI_00019 (length 97)
SCCmec_NC_017349_Type-XI/SCCmec_NC_017349_Type-XI:10:SCCmec_NC_017349_Type-XI_00020 (length 334)
SCCmec_NC_017349_Type-XI/SCCmec_NC_017349_Type-XI:10:SCCmec_NC_017349_Type-XI_00021 (length 624)
SCCmec_NC_017349_Type-XI/SCCmec_NC_017349_Type-XI:10:SCCmec_NC_017349_Type-XI_00022 (length 259)
SCCmec_NC_017349_Type-XI/SCCmec_NC_017349_Type-XI:10:SCCmec_NC_017349_Type-XI_00023 (length 333)
SCCmec_NC_017349_Type-XI/SCCmec_NC_017349_Type-XI:10:SCCmec_NC_017349_Type-XI_00024 (length 303)
SCCmec_NC_017349_Type-XI/SCCmec_NC_017349_Type-XI:10:SCCmec_NC_017349_Type-XI_00025 (length 551)
SCCmec_NC_017349_Type-XI/SCCmec_NC_017349_Type-XI:10:SCCmec_NC_017349_Type-XI_00026 (length 349)
SCCmec_NC_017349_Type-XI/SCCmec_NC_017349_Type-XI:10:SCCmec_NC_017349_Type-XI_00027 (length 222)
SCCmec_NC_017349_Type-XI/SCCmec_NC_017349_Type-XI:10:SCCmec_NC_017349_Type-XI_00028 (length 226)
SCCmec_NC_017349_Type-XI/SCCmec_NC_017349_Type-XI:10:SCCmec_NC_017349_Type-XI_00029 (length 130)
SCCmec_NC_017349_Type-XI/SCCmec_NC_017349_Type-XI:10:SCCmec_NC_017349_Type-XI_00030 (length 429)
SCCmec_NC_017349_Type-XI/SCCmec_NC_017349_Type-XI:10:SCCmec_NC_017349_Type-XI_00031 (length 106)

DiscRep_ALL:DISC_INCONSISTENT_MOLINFO_TECH::Molinfo Technique Report (some missing, all same)
DiscRep_SUB:DISC_INCONSISTENT_MOLINFO_TECH::technique (all missing)
DiscRep_SUB:DISC_INCONSISTENT_MOLINFO_TECH::1 Molinfos are missing field technique
SCCmec_NC_017349_Type-XI/SCCmec_NC_017349_Type-XI:10:SCCmec_NC_017349_Type-XI_1 (length 29917)

