[01:24:23] This is prokka 1.12
[01:24:23] Written by Torsten Seemann <torsten.seemann@gmail.com>
[01:24:23] Homepage is https://github.com/tseemann/prokka
[01:24:23] Local time is Sun May  7 01:24:23 2017
[01:24:23] You are fsepulveda
[01:24:23] Operating system is linux
[01:24:23] You have BioPerl 1.006924
[01:24:23] System has 4 cores.
[01:24:23] Option --cpu asked for 8 cores, but system only has 4
[01:24:23] Will use maximum of 4 cores.
[01:24:23] Annotating as >>> Bacteria <<<
[01:24:23] Enabling options to ensure Genbank/ENA/DDJB submission compliance.
[01:24:23] Creating new output folder: /home/fsepulveda/Desktop/test_script/output_sa0941/output_prokka
[01:24:23] Running: mkdir -p \/home\/fsepulveda\/Desktop\/test_script\/output_sa0941\/output_prokka
[01:24:23] Using filename prefix: PROKKA_05072017.XXX
[01:24:23] Setting HMMER_NCPU=1
[01:24:23] Writing log to: /home/fsepulveda/Desktop/test_script/output_sa0941/output_prokka/PROKKA_05072017.log
[01:24:23] Command: /home/fsepulveda/Desktop/tesis/sccmec_classification/prokka-1.12/bin/prokka --kingdom Bacteria --outdir /home/fsepulveda/Desktop/test_script/output_sa0941/output_prokka --quiet --genus Staphylococcus --locustag saureus --centre 10 --compliant /home/fsepulveda/Desktop/test_script/input/sa0941.fasta
[01:24:23] Appending to PATH: /home/fsepulveda/Desktop/tesis/sccmec_classification/prokka-1.12/bin/../binaries/linux
[01:24:23] Appending to PATH: /home/fsepulveda/Desktop/tesis/sccmec_classification/prokka-1.12/bin/../binaries/linux/../common
[01:24:23] Appending to PATH: /home/fsepulveda/Desktop/tesis/sccmec_classification/prokka-1.12/bin
[01:24:23] Looking for 'aragorn' - found /home/fsepulveda/Desktop/tesis/sccmec_classification/prokka-1.12/bin/../binaries/linux/aragorn
[01:24:23] Determined aragorn version is 1.2
[01:24:23] Looking for 'blastp' - found /usr/bin/blastp
[01:24:23] Determined blastp version is 2.2
[01:24:23] Looking for 'cmpress' - found /usr/bin/cmpress
[01:24:23] Determined cmpress version is 1.1
[01:24:23] Looking for 'cmscan' - found /usr/bin/cmscan
[01:24:23] Determined cmscan version is 1.1
[01:24:23] Looking for 'egrep' - found /bin/egrep
[01:24:23] Looking for 'find' - found /usr/bin/find
[01:24:23] Looking for 'grep' - found /bin/grep
[01:24:23] Looking for 'hmmpress' - found /usr/bin/hmmpress
[01:24:23] Determined hmmpress version is 3.1
[01:24:23] Looking for 'hmmscan' - found /usr/bin/hmmscan
[01:24:23] Determined hmmscan version is 3.1
[01:24:23] Looking for 'java' - found /usr/bin/java
[01:24:23] Looking for 'less' - found /usr/bin/less
[01:24:23] Looking for 'makeblastdb' - found /usr/bin/makeblastdb
[01:24:23] Determined makeblastdb version is 2.2
[01:24:23] Looking for 'minced' - found /home/fsepulveda/Desktop/tesis/sccmec_classification/prokka-1.12/bin/../binaries/linux/../common/minced
[01:24:24] Determined minced version is 2.0
[01:24:24] Looking for 'parallel' - found /home/fsepulveda/Desktop/tesis/sccmec_classification/prokka-1.12/bin/../binaries/linux/../common/parallel
[01:24:25] Determined parallel version is 20150122
[01:24:25] Looking for 'prodigal' - found /home/fsepulveda/Desktop/tesis/sccmec_classification/prokka-1.12/bin/../binaries/linux/prodigal
[01:24:25] Determined prodigal version is 2.6
[01:24:25] Looking for 'prokka-genbank_to_fasta_db' - found /home/fsepulveda/Desktop/tesis/sccmec_classification/prokka-1.12/bin/prokka-genbank_to_fasta_db
[01:24:25] Looking for 'sed' - found /bin/sed
[01:24:25] Looking for 'tbl2asn' - found /home/fsepulveda/Desktop/tesis/sccmec_classification/prokka-1.12/bin/../binaries/linux/tbl2asn
[01:24:25] Determined tbl2asn version is 25.3
[01:24:25] Using genetic code table 11.
[01:24:25] Loading and checking input file: /home/fsepulveda/Desktop/test_script/input/sa0941.fasta
[01:24:25] Skipping short (<200 bp) contig: Sa0941_NODE_61_length_168_cov_5.85366_ID_121
[01:24:25] Skipping short (<200 bp) contig: Sa0941_NODE_62_length_158_cov_51.0645_ID_123
[01:24:25] Skipping short (<200 bp) contig: Sa0941_NODE_63_length_146_cov_18.9474_ID_125
[01:24:25] Skipping short (<200 bp) contig: Sa0941_NODE_64_length_128_cov_90_ID_127
[01:24:25] Skipping short (<200 bp) contig: Sa0941_NODE_65_length_128_cov_568_ID_129
[01:24:25] Wrote 60 contigs totalling 2851080 bp.
[01:24:25] Predicting tRNAs and tmRNAs
[01:24:25] Running: aragorn -l -gc11  -w \/home\/fsepulveda\/Desktop\/test_script\/output_sa0941\/output_prokka\/PROKKA_05072017\.fna
[01:24:26] 1 tRNA-Asp c[40192,40264] 34 (gtc)
[01:24:26] 2 tRNA-Glu c[40272,40346] 34 (ttc)
[01:24:26] 3 tRNA-Gln [541946,542038] 40 (ttg)
[01:24:26] 1 tmRNA c[40506,40864] 94,129 GKSNNNFAVAA*
[01:24:26] 2 tRNA-Arg [57053,57125] 34 (ccg)
[01:24:26] 1 tRNA-Arg c[6450,6525] 36 (tct)
[01:24:26] 1 tRNA-Ser c[123527,123617] 37 (gct)
[01:24:26] 2 tRNA-Asn c[123619,123693] 33 (gtt)
[01:24:26] 1 tRNA-Leu [109108,109190] 34 (gag)
[01:24:26] 2 tRNA-Gly [109213,109286] 33 (tcc)
[01:24:26] 1 tRNA-Ser [44696,44788] 37 (tga)
[01:24:26] 1 tRNA-Ala c[207,282] 34 (tgc)
[01:24:26] 2 tRNA-Pro c[306,379] 35 (tgg)
[01:24:26] 3 tRNA-Arg c[400,476] 35 (acg)
[01:24:26] 4 tRNA-Leu c[482,570] 35 (taa)
[01:24:26] 5 tRNA-Gly c[578,652] 33 (gcc)
[01:24:26] 6 tRNA-Lys c[685,759] 35 (ttt)
[01:24:26] 7 tRNA-Thr c[765,840] 34 (tgt)
[01:24:26] 8 tRNA-Val c[857,932] 34 (tac)
[01:24:26] 1 tRNA-Ser c[2637,2725] 36 (gga)
[01:24:26] 2 tRNA-Glu c[2779,2852] 35 (ttc)
[01:24:26] 3 tRNA-Asn c[2853,2927] 33 (gtt)
[01:24:26] 4 tRNA-Gly c[2942,3015] 33 (tcc)
[01:24:26] 5 tRNA-His c[3031,3106] 34 (gtg)
[01:24:26] 6 tRNA-Phe c[3120,3192] 34 (gaa)
[01:24:26] 7 tRNA-Asp c[3209,3284] 34 (gtc)
[01:24:26] 8 tRNA-Met c[3306,3379] 35 (cat)
[01:24:26] 1 tRNA-Val [138,213] 34 (tac)
[01:24:26] 2 tRNA-Thr [230,305] 34 (tgt)
[01:24:26] 3 tRNA-Lys [311,386] 34 (ttt)
[01:24:26] 4 tRNA-Leu [389,472] 36 (tag)
[01:24:26] 5 tRNA-Gly [475,549] 33 (gcc)
[01:24:26] 6 tRNA-Leu [560,648] 35 (taa)
[01:24:26] 7 tRNA-Arg [666,741] 36 (acg)
[01:24:26] 8 tRNA-Pro [750,823] 35 (tgg)
[01:24:26] 9 tRNA-Ala [841,916] 34 (tgc)
[01:24:26] 10 tRNA-Met [938,1012] 35 (cat)
[01:24:26] 11 tRNA-Met [1040,1113] 35 (cat)
[01:24:26] 12 tRNA-Ser [1122,1213] 38 (tga)
[01:24:26] 13 tRNA-Asp [1223,1298] 34 (gtc)
[01:24:26] 14 tRNA-Ser [1337,1429] 37 (tga)
[01:24:26] 15 tRNA-Met [1443,1518] 36 (cat)
[01:24:26] 16 tRNA-Asp [1527,1602] 34 (gtc)
[01:24:26] 17 tRNA-Phe [1620,1694] 35 (gaa)
[01:24:26] 18 tRNA-Thr [1701,1776] 34 (tgt)
[01:24:26] 19 tRNA-Tyr [1781,1863] 36 (gta)
[01:24:26] 20 tRNA-Trp [1878,1951] 33 (cca)
[01:24:26] 21 tRNA-His [1954,2027] 34 (gtg)
[01:24:26] 22 tRNA-Gln [2038,2109] 33 (ttg)
[01:24:26] 23 tRNA-Cys [2115,2188] 33 (gca)
[01:24:26] 24 tRNA-Gly [2196,2270] 34 (tcc)
[01:24:26] 25 tRNA-Gly [2286,2360] 34 (tcc)
[01:24:26] 26 tRNA-Gly [2374,2448] 34 (tcc)
[01:24:26] 27 tRNA-Leu [2487,2570] 35 (caa)
[01:24:26] 1 tRNA-Asn [137,211] 33 (gtt)
[01:24:26] 2 tRNA-Glu [212,285] 35 (ttc)
[01:24:26] 3 tRNA-Val [292,367] 34 (tac)
[01:24:26] 4 tRNA-Tyr [397,480] 35 (gta)
[01:24:26] 5 tRNA-Gln [490,564] 33 (ttg)
[01:24:26] 6 tRNA-Lys [568,641] 34 (ttt)
[01:24:26] 1 tRNA-Ala c[186,261] 34 (tgc)
[01:24:26] 2 tRNA-Ile c[280,356] 35 (gat)
[01:24:26] Found 62 tRNAs
[01:24:26] Predicting Ribosomal RNAs
[01:24:26] You need either Barrnap or RNAmmer installed to predict rRNAs!
[01:24:26] Skipping ncRNA search, enable with --rfam if desired.
[01:24:26] Total of 61 tRNA + rRNA features
[01:24:26] Searching for CRISPR repeats
[01:24:26] CRISPR1 gnl|10|saureus_1 546477 with 4 spacers
[01:24:27] Found 1 CRISPRs
[01:24:27] Predicting coding sequences
[01:24:27] Contigs total 2851080 bp, so using single mode
[01:24:27] Running: prodigal -i \/home\/fsepulveda\/Desktop\/test_script\/output_sa0941\/output_prokka\/PROKKA_05072017\.fna -c -m -g 11 -p single -f sco -q
[01:24:29] Excluding CDS which overlaps existing RNA (tRNA) at gnl|10|saureus_1:541690..542184 on - strand
[01:24:30] Found 2640 CDS
[01:24:30] Connecting features back to sequences
[01:24:30] Not using genus-specific database. Try --usegenus to enable it.
[01:24:30] Annotating CDS, please be patient.
[01:24:30] Will use 4 CPUs for similarity searching.
[01:24:31] There are still 2640 unannotated CDS left (started with 2640)
[01:24:31] Will use blast to search against /home/fsepulveda/Desktop/tesis/sccmec_classification/prokka-1.12/bin/../db/kingdom/Bacteria/sprot with 4 CPUs
[01:24:31] Running: cat \/home\/fsepulveda\/Desktop\/test_script\/output_sa0941\/output_prokka\/sprot\.faa | parallel --gnu --plain -j 4 --block 100960 --recstart '>' --pipe blastp -query - -db /home/fsepulveda/Desktop/tesis/sccmec_classification/prokka-1.12/bin/../db/kingdom/Bacteria/sprot -evalue 1e-06 -num_threads 1 -num_descriptions 1 -num_alignments 1 -seg no > \/home\/fsepulveda\/Desktop\/test_script\/output_sa0941\/output_prokka\/sprot\.blast 2> /dev/null
[01:25:34] Modify product: Uncharacterized oxidoreductase SA2266 => putative oxidoreductase
[01:25:34] Modify product: N utilization substance protein B homolog => N utilization substance protein B 
[01:25:34] Modify product: Probable adenylyltransferase/sulfurtransferase MoeZ => putative adenylyltransferase/sulfurtransferase MoeZ
[01:25:34] Modify product: Probable glycine dehydrogenase (decarboxylating) subunit 2 => putative glycine dehydrogenase (decarboxylating) subunit 2
[01:25:34] Modify product: Probable glycine dehydrogenase (decarboxylating) subunit 1 => putative glycine dehydrogenase (decarboxylating) subunit 1
[01:25:34] Modify product: Probable metallo-hydrolase M6_Spy0554 => putative metallo-hydrolase
[01:25:34] Modify product: Probable endonuclease 4 => putative endonuclease 4
[01:25:34] Modify product: GTP cyclohydrolase 1 type 2 homolog => GTP cyclohydrolase 1 type 2 
[01:25:34] Modify product: Probable nicotinate-nucleotide adenylyltransferase => putative nicotinate-nucleotide adenylyltransferase
[01:25:34] Modify product: Uncharacterized protease YdcP => putative protease YdcP
[01:25:34] Modify product: Uncharacterized protease YdcP => putative protease YdcP
[01:25:34] Modify product: Putative O-methyltransferase MSMEG_5073/MSMEI_4947 => Putative O-methyltransferase/MSMEI_4947
[01:25:34] Modify product: Uncharacterized AAA domain-containing protein Rv2559c => putative AAA domain-containing protein
[01:25:34] Modify product: Probable GTP-binding protein EngB => putative GTP-binding protein EngB
[01:25:34] Modify product: Organic hydroperoxide resistance protein-like => Organic hydroperoxide resistance protein-like protein
[01:25:34] Modify product: Probable protein-export membrane protein SecG => putative protein-export membrane protein SecG
[01:25:34] Modify product: Epimerase family protein SA0724 => Epimerase family protein
[01:25:34] Modify product: Nucleotide-binding protein SA0720 => Nucleotide-binding protein
[01:25:34] Modify product: DegV domain-containing protein SA0704 => DegV domain-containing protein
[01:25:34] Modify product: Probable undecaprenyl-phosphate N-acetylglucosaminyl 1-phosphate transferase => putative undecaprenyl-phosphate N-acetylglucosaminyl 1-phosphate transferase
[01:25:34] Modify product: Uncharacterized ABC transporter solute-binding protein YclQ => putative ABC transporter solute-binding protein YclQ
[01:25:34] Modify product: Probable siderophore transport system ATP-binding protein YusV => putative siderophore transport system ATP-binding protein YusV
[01:25:34] Modify product: Putative lipid kinase SA0681 => Putative lipid kinase
[01:25:34] Modify product: Uncharacterized oxidoreductase MSMEG_2408/MSMEI_2347 => putative oxidoreductase/MSMEI_2347
[01:25:34] Modify product: Putative multidrug export ATP-binding/permease protein SA1683 => Putative multidrug export ATP-binding/permease protein
[01:25:34] Modify product: Probable transcriptional regulatory protein SA0624 => putative transcriptional regulatory protein
[01:25:34] Modify product: Probable ABC transporter permease protein HI_1471 => putative ABC transporter permease protein
[01:25:34] Modify product: Uncharacterized beta-barrel protein YwiB => putative beta-barrel protein YwiB
[01:25:34] Modify product: Ribonuclease BC_0920 => Ribonuclease
[01:25:34] Modify product: Probable pyridine nucleotide-disulfide oxidoreductase RclA => putative pyridine nucleotide-disulfide oxidoreductase RclA
[01:25:34] Modify product: Putative heme-dependent peroxidase SA0544 => Putative heme-dependent peroxidase
[01:25:34] Modify product: Uncharacterized amino acid permease YhdG => putative amino acid permease YhdG
[01:25:34] Modify product: Uncharacterized acyl--CoA ligase YhfT => putative acyl--CoA ligase YhfT
[01:25:34] Modify product: Probable N-acetyl-alpha-D-glucosaminyl L-malate deacetylase 2 => putative N-acetyl-alpha-D-glucosaminyl L-malate deacetylase 2
[01:25:34] Modify product: Probable branched-chain-amino-acid aminotransferase => putative branched-chain-amino-acid aminotransferase
[01:25:34] Modify product: Uncharacterized epimerase/dehydratase SA0511 => putative epimerase/dehydratase
[01:25:34] Modify product: Uncharacterized hydrolase YxeP => putative hydrolase YxeP
[01:25:34] Modify product: Ribosome-associated protein L7Ae-like => Ribosome-associated protein L7Ae-like protein
[01:25:34] Modify product: Uncharacterized PIN and TRAM-domain containing protein YacL => putative PIN and TRAM-domain containing protein YacL
[01:25:34] Modify product: Probable tRNA-dihydrouridine synthase => putative tRNA-dihydrouridine synthase
[01:25:34] Modify product: Probable tRNA-dihydrouridine synthase => putative tRNA-dihydrouridine synthase
[01:25:34] Modify product: Uncharacterized lipoprotein SAOUHSC_00052 => putative lipoprotein
[01:25:34] Modify product: Uncharacterized lipoprotein SAOUHSC_00053 => putative lipoprotein
[01:25:34] Modify product: Uncharacterized lipoprotein SAOUHSC_00053 => putative lipoprotein
[01:25:34] Modify product: Uncharacterized lipoprotein SAOUHSC_00053 => putative lipoprotein
[01:25:34] Modify product: Uncharacterized hydrolase YxeP => putative hydrolase YxeP
[01:25:34] Modify product: Probable amino-acid metabolite efflux pump => putative amino-acid metabolite efflux pump
[01:25:34] Modify product: Probable siderophore transport system permease protein YfhA => putative siderophore transport system permease protein YfhA
[01:25:34] Modify product: Probable siderophore transport system permease protein YfiZ => putative siderophore transport system permease protein YfiZ
[01:25:34] Modify product: Probable siderophore-binding lipoprotein YfiY => putative siderophore-binding lipoprotein YfiY
[01:25:34] Modify product: Probable siderophore biosynthesis protein SbnA => putative siderophore biosynthesis protein SbnA
[01:25:34] Modify product: Uncharacterized sugar transferase EpsL => putative sugar transferase EpsL
[01:25:34] Modify product: Uncharacterized ABC transporter ATP-binding protein TM_0288 => putative ABC transporter ATP-binding protein
[01:25:34] Modify product: Probable amino-acid ABC transporter-binding protein HI_1080 => putative amino-acid ABC transporter-binding protein
[01:25:34] Modify product: Uncharacterized N-acetyltransferase YtmI => putative N-acetyltransferase YtmI
[01:25:34] Modify product: Probable nitrate reductase molybdenum cofactor assembly chaperone NarW => putative nitrate reductase molybdenum cofactor assembly chaperone NarW
[01:25:34] Modify product: Probable nitrate transporter NarT => putative nitrate transporter NarT
[01:25:34] Modify product: Uncharacterized lipoprotein SA2158 => putative lipoprotein
[01:25:34] Modify product: Probable malate:quinone oxidoreductase 1 => putative malate:quinone oxidoreductase 1
[01:25:34] Modify product: Uncharacterized HTH-type transcriptional regulator SACOL2360 => putative HTH-type transcriptional regulator
[01:25:34] Modify product: Uncharacterized ABC transporter permease Rv0072 => putative ABC transporter permease
[01:25:34] Modify product: Probable multidrug resistance protein EmrK => putative multidrug resistance protein EmrK
[01:25:34] Modify product: Uncharacterized hydrolase YxeP => putative hydrolase YxeP
[01:25:34] Modify product: Uncharacterized oxidoreductase YghA => putative oxidoreductase YghA
[01:25:34] Modify product: Phosphorylated carbohydrates phosphatase TM_1254 => Phosphorylated carbohydrates phosphatase
[01:25:34] Modify product: Probable transport protein YifK => putative transport protein YifK
[01:25:34] Modify product: Uncharacterized HTH-type transcriptional regulator YbbH => putative HTH-type transcriptional regulator YbbH
[01:25:34] Modify product: Putative formate dehydrogenase SA2102 => Putative formate dehydrogenase
[01:25:34] Modify product: Putative 2-hydroxyacid dehydrogenase SA2098 => Putative 2-hydroxyacid dehydrogenase
[01:25:35] Modify product: Urea transporter DVU1160 => Urea transporter
[01:25:35] Modify product: Probable molybdenum cofactor guanylyltransferase => putative molybdenum cofactor guanylyltransferase
[01:25:35] Modify product: Uncharacterized HTH-type transcriptional regulator SAR2349 => putative HTH-type transcriptional regulator
[01:25:35] Modify product: Probable glucose uptake protein GlcU => putative glucose uptake protein GlcU
[01:25:35] Modify product: Probable CtpA-like serine protease => putative CtpA-like serine protease
[01:25:35] Modify product: DegV domain-containing protein MW1315 => DegV domain-containing protein
[01:25:35] Modify product: Probable ATP-dependent helicase DinG homolog => putative ATP-dependent helicase DinG 
[01:25:35] Modify product: Probable L-asparaginase => putative L-asparaginase
[01:25:35] Modify product: Probable cell wall hydrolase LytN => putative cell wall hydrolase LytN
[01:25:35] Modify product: Putative monooxygenase Rv1533 => Putative monooxygenase
[01:25:35] Modify product: Probable poly-beta-1,6-N-acetyl-D-glucosamine export protein => putative poly-beta-1,6-N-acetyl-D-glucosamine export protein
[01:25:35] Modify product: N-acetylmuramoyl-L-alanine amidase domain-containing protein SAOUHSC_02979 => N-acetylmuramoyl-L-alanine amidase domain-containing protein
[01:25:35] Modify product: Glutathione peroxidase homolog BsaA => Glutathione peroxidase  BsaA
[01:25:35] Modify product: Probable malate:quinone oxidoreductase 2 => putative malate:quinone oxidoreductase 2
[01:25:35] Modify product: Uncharacterized amino acid permease YhdG => putative amino acid permease YhdG
[01:25:35] Modify product: Uncharacterized hydrolase SA2367 => putative hydrolase
[01:25:35] Modify product: Probable transglycosylase IsaA => putative transglycosylase IsaA
[01:25:35] Modify product: Putative acetyltransferase SACOL2570 => Putative acetyltransferase
[01:25:35] Modify product: Putative esterase aq_1494 => Putative esterase
[01:25:35] Modify product: Uncharacterized inner membrane transporter YicL => putative inner membrane transporter YicL
[01:25:35] Modify product: Probable peptide export permease protein YydJ => putative peptide export permease protein YydJ
[01:25:35] Modify product: Probable peptide export ATP-binding protein YydI => putative peptide export ATP-binding protein YydI
[01:25:35] Modify product: Putative NAD(P)H nitroreductase SA2311 => Putative NAD(P)H nitroreductase
[01:25:35] Modify product: Uncharacterized ABC transporter ATP-binding protein YxlF => putative ABC transporter ATP-binding protein YxlF
[01:25:35] Modify product: Uncharacterized membrane protein Rv0364 => putative membrane protein
[01:25:35] Modify product: Probable sulfoacetate transporter SauU => putative sulfoacetate transporter SauU
[01:25:35] Modify product: Putative surface protein SA2285 => Putative surface protein
[01:25:35] Modify product: Uncharacterized lipoprotein SA2273 => putative lipoprotein
[01:25:35] Modify product: Uncharacterized lipoprotein SA2273 => putative lipoprotein
[01:25:35] Modify product: Uncharacterized lipoprotein SA2273 => putative lipoprotein
[01:25:35] Modify product: Uncharacterized lipoprotein SA2273 => putative lipoprotein
[01:25:35] Modify product: Uncharacterized oxidoreductase SA2266 => putative oxidoreductase
[01:25:35] Modify product: Uncharacterized lipoprotein YehR => putative lipoprotein YehR
[01:25:35] Modify product: Probable iron export ATP-binding protein FetA => putative iron export ATP-binding protein FetA
[01:25:35] Modify product: Probable iron export permease protein FetB => putative iron export permease protein FetB
[01:25:35] Modify product: PTS system EIIBC component SA0186 => PTS system EIIBC component
[01:25:35] Modify product: Uncharacterized HTH-type transcriptional regulator YbbH => putative HTH-type transcriptional regulator YbbH
[01:25:35] Modify product: Uncharacterized lipoprotein SAOUHSC_00053 => putative lipoprotein
[01:25:35] Modify product: Uncharacterized response regulatory protein SACOL0201 => putative response regulatory protein
[01:25:35] Modify product: Uncharacterized sensor-like histidine kinase SACOL0202 => putative sensor-like histidine kinase
[01:25:35] Modify product: Probable 3-hydroxyacyl-CoA dehydrogenase => putative 3-hydroxyacyl-CoA dehydrogenase
[01:25:35] Modify product: Uncharacterized glycosyltransferase EpsJ => putative glycosyltransferase EpsJ
[01:25:35] Modify product: Uncharacterized HTH-type transcriptional regulator YydK => putative HTH-type transcriptional regulator YydK
[01:25:35] Modify product: Probable glucose uptake protein GlcU => putative glucose uptake protein GlcU
[01:25:35] Modify product: Uncharacterized ABC transporter ATP-binding protein YxlF => putative ABC transporter ATP-binding protein YxlF
[01:25:35] Modify product: Uncharacterized N-acetyltransferase SA1019 => putative N-acetyltransferase
[01:25:35] Modify product: Probable dual-specificity RNA methyltransferase RlmN => putative dual-specificity RNA methyltransferase RlmN
[01:25:35] Modify product: Probable cell wall hydrolase LytN => putative cell wall hydrolase LytN
[01:25:35] Modify product: Putative zinc metalloprotease SA1105 => Putative zinc metalloprotease
[01:25:35] Modify product: Probable ribosomal protein YlxQ => putative ribosomal protein YlxQ
[01:25:35] Modify product: Probable transcriptional regulator PhnF => putative transcriptional regulator PhnF
[01:25:35] Modify product: Uncharacterized zinc protease Rv2782c => putative zinc protease
[01:25:35] Modify product: Probable cysteine desulfurase => putative cysteine desulfurase
[01:25:35] Modify product: Putative monooxygenase Rv1533 => Putative monooxygenase
[01:25:35] Modify product: NADH dehydrogenase-like protein SA0802 => NADH dehydrogenase-like protein
[01:25:35] Modify product: Putative esterase PA1618 => Putative esterase
[01:25:35] Modify product: Uncharacterized oxidoreductase SpyM50865 => putative oxidoreductase
[01:25:36] Modify product: Uncharacterized ABC transporter ATP-binding protein YxlF => putative ABC transporter ATP-binding protein YxlF
[01:25:36] Modify product: Probable cell wall hydrolase LytN => putative cell wall hydrolase LytN
[01:25:36] Modify product: Uncharacterized leukocidin-like protein 1 => putative leukocidin-like protein 1
[01:25:36] Modify product: Uncharacterized leukocidin-like protein 2 => putative leukocidin-like protein 2
[01:25:36] Modify product: Probable succinyl-diaminopimelate desuccinylase => putative succinyl-diaminopimelate desuccinylase
[01:25:36] Modify product: Uncharacterized ABC transporter ATP-binding protein YheS => putative ABC transporter ATP-binding protein YheS
[01:25:36] Modify product: Probable tautomerase SA1195.1 => putative tautomerase.1
[01:25:36] Modify product: Putative esterase aq_1494 => Putative esterase
[01:25:36] Modify product: Putative phosphatase M6_Spy0533 => Putative phosphatase
[01:25:36] Modify product: Glutathione peroxidase homolog BsaA => Glutathione peroxidase  BsaA
[01:25:36] Modify product: Putative metallophosphoesterase MG207 homolog => Putative metallophosphoesterase MG207 
[01:25:36] Modify product: Probable heme-iron transport system permease protein IsdF => putative heme-iron transport system permease protein IsdF
[01:25:36] Modify product: Probable glycerophosphodiester phosphodiesterase 1 => putative glycerophosphodiester phosphodiesterase 1
[01:25:36] Modify product: Probable peptidoglycan glycosyltransferase FtsW => putative peptidoglycan glycosyltransferase FtsW
[01:25:36] Modify product: Probable manganese-dependent inorganic pyrophosphatase => putative manganese-dependent inorganic pyrophosphatase
[01:25:36] Modify product: Uncharacterized acyl-CoA thioester hydrolase HI_0827 => putative acyl-CoA thioester hydrolase
[01:25:36] Modify product: Putative phosphoesterase SA0873 => Putative phosphoesterase
[01:25:36] Modify product: Probable glycolipid permease LtaA => putative glycolipid permease LtaA
[01:25:36] Modify product: Serine protease HtrA-like => Serine protease HtrA-like protein
[01:25:36] Modify product: Uncharacterized ABC transporter ATP-binding protein Rv0986 => putative ABC transporter ATP-binding protein
[01:25:36] Modify product: Uncharacterized ABC transporter ATP-binding protein YlmA => putative ABC transporter ATP-binding protein YlmA
[01:25:36] Modify product: Uncharacterized sugar epimerase YhfK => putative sugar epimerase YhfK
[01:25:36] Modify product: Probable mannose-6-phosphate isomerase GmuF => putative mannose-6-phosphate isomerase GmuF
[01:25:36] Modify product: Probable DNA-directed RNA polymerase subunit delta => putative DNA-directed RNA polymerase subunit delta
[01:25:36] Modify product: Putative aldehyde dehydrogenase SAV2122 => Putative aldehyde dehydrogenase
[01:25:36] Modify product: Probable transglycosylase SceD => putative transglycosylase SceD
[01:25:36] Modify product: Probable antitoxin YezG => putative antitoxin YezG
[01:25:36] Modify product: Probable antitoxin YezG => putative antitoxin YezG
[01:25:36] Modify product: Probable antitoxin YezG => putative antitoxin YezG
[01:25:36] Modify product: Probable antitoxin YezG => putative antitoxin YezG
[01:25:36] Modify product: Probable antitoxin YezG => putative antitoxin YezG
[01:25:36] Modify product: Probable formate transporter 1 => putative formate transporter 1
[01:25:36] Modify product: Uncharacterized ABC transporter permease Rv0072 => putative ABC transporter permease
[01:25:36] Modify product: Uncharacterized HTH-type transcriptional regulator YbbH => putative HTH-type transcriptional regulator YbbH
[01:25:36] Modify product: Uncharacterized oxidoreductase SpyM50865 => putative oxidoreductase
[01:25:36] Modify product: Probable licABCH operon regulator => putative licABCH operon regulator
[01:25:36] Modify product: NAD(P)H-dependent FAD/FMN reductase GTNG_3158 => NAD(P)H-dependent FAD/FMN reductase
[01:25:36] Modify product: Probable iron uptake system component EfeM => putative iron uptake system component EfeM
[01:25:36] Modify product: Probable deferrochelatase/peroxidase EfeN => putative deferrochelatase/peroxidase EfeN
[01:25:36] Modify product: Probable acetyl-CoA acyltransferase => putative acetyl-CoA acyltransferase
[01:25:36] Modify product: Uncharacterized MscS family protein YkuT => putative MscS family protein YkuT
[01:25:36] Modify product: Uncharacterized peptidase SA1530 => putative peptidase
[01:25:36] Modify product: Putative universal stress protein SA1532 => Putative universal stress protein
[01:25:36] Modify product: Probable thiol peroxidase => putative thiol peroxidase
[01:25:36] Modify product: Probable tRNA sulfurtransferase => putative tRNA sulfurtransferase
[01:25:36] Modify product: Probable quorum-quenching lactonase YtnP => putative quorum-quenching lactonase YtnP
[01:25:36] Modify product: Putative dipeptidase SACOL1801 => Putative dipeptidase
[01:25:36] Modify product: Putative multidrug export ATP-binding/permease protein SA1683 => Putative multidrug export ATP-binding/permease protein
[01:25:36] Modify product: Uncharacterized lipoprotein SA0397 => putative lipoprotein
[01:25:36] Modify product: Uncharacterized lipoprotein SA0397 => putative lipoprotein
[01:25:36] Modify product: Uncharacterized lipoprotein SA0397 => putative lipoprotein
[01:25:36] Modify product: Uncharacterized lipoprotein SA0397 => putative lipoprotein
[01:25:36] Modify product: Uncharacterized lipoprotein SA0397 => putative lipoprotein
[01:25:36] Modify product: Uncharacterized lipoprotein SAOUHSC_00053 => putative lipoprotein
[01:25:36] Modify product: Uncharacterized lipoprotein SAOUHSC_00052 => putative lipoprotein
[01:25:36] Modify product: Uncharacterized lipoprotein SA0397 => putative lipoprotein
[01:25:36] Modify product: Uncharacterized lipoprotein SAOUHSC_00053 => putative lipoprotein
[01:25:36] Modify product: Uncharacterized lipoprotein SA0397 => putative lipoprotein
[01:25:36] Modify product: Probable D-methionine-binding lipoprotein MetQ => putative D-methionine-binding lipoprotein MetQ
[01:25:36] Modify product: Nucleoid-associated protein SA0437 => Nucleoid-associated protein
[01:25:36] Modify product: Bifunctional protein FolD => Bifunctional protein FolD protein
[01:25:36] Modify product: Probable quinol oxidase subunit 2 => putative quinol oxidase subunit 2
[01:25:36] Modify product: Probable quinol oxidase subunit 1 => putative quinol oxidase subunit 1
[01:25:36] Modify product: Acetyltransferase SACOL1063 => Acetyltransferase
[01:25:36] Modify product: TelA-like protein SA1238 => TelA-like protein
[01:25:36] Modify product: Uncharacterized hydrolase YxeP => putative hydrolase YxeP
[01:25:36] Modify product: Uncharacterized ABC transporter ATP-binding protein YbiT => putative ABC transporter ATP-binding protein YbiT
[01:25:36] Modify product: Uncharacterized metallophosphoesterase YhaO => putative metallophosphoesterase YhaO
[01:25:36] Modify product: Zinc-type alcohol dehydrogenase-like protein SA1988 => Zinc-type alcohol dehydrogenase-like protein
[01:25:36] Modify product: Uncharacterized oxidoreductase MSMEG_2408/MSMEI_2347 => putative oxidoreductase/MSMEI_2347
[01:25:36] Modify product: Uncharacterized hydrolase SA2005 => putative hydrolase
[01:25:36] Modify product: Uncharacterized ABC transporter ATP-binding protein YxlF => putative ABC transporter ATP-binding protein YxlF
[01:25:37] Modify product: Probable siderophore transport system permease protein YfiZ => putative siderophore transport system permease protein YfiZ
[01:25:37] Modify product: Probable uridylyltransferase SA1974 => putative uridylyltransferase
[01:25:37] Modify product: Probable multidrug resistance protein EmrY => putative multidrug resistance protein EmrY
[01:25:37] Modify product: Uncharacterized ABC transporter ATP-binding protein Rv0986 => putative ABC transporter ATP-binding protein
[01:25:37] Modify product: Probable transport protein HsrA => putative transport protein HsrA
[01:25:37] Modify product: Probable antitoxin YezG => putative antitoxin YezG
[01:25:37] Modify product: Probable antitoxin YezG => putative antitoxin YezG
[01:25:37] Cleaned 205 /product names
[01:25:37] Deleting unwanted file: /home/fsepulveda/Desktop/test_script/output_sa0941/output_prokka/sprot.faa
[01:25:37] Deleting unwanted file: /home/fsepulveda/Desktop/test_script/output_sa0941/output_prokka/sprot.blast
[01:25:37] There are still 874 unannotated CDS left (started with 2640)
[01:25:37] Will use hmmer3 to search against /home/fsepulveda/Desktop/tesis/sccmec_classification/prokka-1.12/bin/../db/hmm/HAMAP.hmm with 4 CPUs
[01:25:37] Running: cat \/home\/fsepulveda\/Desktop\/test_script\/output_sa0941\/output_prokka\/HAMAP\.hmm\.faa | parallel --gnu --plain -j 4 --block 22282 --recstart '>' --pipe hmmscan --noali --notextw --acc -E 1e-06 --cpu 1 /home/fsepulveda/Desktop/tesis/sccmec_classification/prokka-1.12/bin/../db/hmm/HAMAP.hmm /dev/stdin > \/home\/fsepulveda\/Desktop\/test_script\/output_sa0941\/output_prokka\/HAMAP\.hmm\.hmmer3 2> /dev/null
[01:25:59] Modify product: Protein SprT-like => Protein SprT-like protein
[01:25:59] Cleaned 1 /product names
[01:25:59] Deleting unwanted file: /home/fsepulveda/Desktop/test_script/output_sa0941/output_prokka/HAMAP.hmm.faa
[01:25:59] Deleting unwanted file: /home/fsepulveda/Desktop/test_script/output_sa0941/output_prokka/HAMAP.hmm.hmmer3
[01:25:59] Labelling remaining 821 proteins as 'hypothetical protein'
[01:25:59] Possible /pseudo 'DNA-invertase hin' at gnl|10|saureus_1 position 16506
[01:25:59] Possible /pseudo 'Fibronectin-binding protein A' at gnl|10|saureus_1 position 303913
[01:25:59] Possible /pseudo 'putative lipoprotein' at gnl|10|saureus_1 position 321959
[01:25:59] Possible /pseudo 'putative lipoprotein' at gnl|10|saureus_1 position 322354
[01:25:59] Possible /pseudo 'putative protease YdcP' at gnl|10|saureus_2 position 262781
[01:25:59] Possible /pseudo 'Enterotoxin type A' at gnl|10|saureus_3 position 11293
[01:25:59] Possible /pseudo 'Poly(glycerol-phosphate) alpha-glucosyltransferase' at gnl|10|saureus_3 position 271564
[01:25:59] Possible /pseudo 'putative lipoprotein' at gnl|10|saureus_4 position 26840
[01:25:59] Possible /pseudo 'putative lipoprotein' at gnl|10|saureus_4 position 27707
[01:25:59] Possible /pseudo 'putative lipoprotein' at gnl|10|saureus_4 position 28544
[01:25:59] Possible /pseudo 'Phosphate-import permease protein PhnE' at gnl|10|saureus_4 position 77887
[01:25:59] Possible /pseudo 'Replication initiation protein' at gnl|10|saureus_4 position 85121
[01:25:59] Possible /pseudo 'UDP-N-acetyl-alpha-D-glucosamine C6 dehydratase' at gnl|10|saureus_4 position 93187
[01:25:59] Possible /pseudo 'Glucose--fructose oxidoreductase' at gnl|10|saureus_4 position 167728
[01:25:59] Possible /pseudo 'Antibacterial protein 3' at gnl|10|saureus_5 position 7079
[01:25:59] Possible /pseudo 'Signal peptidase IB' at gnl|10|saureus_6 position 52544
[01:25:59] Possible /pseudo 'Extracellular matrix-binding protein ebh' at gnl|10|saureus_7 position 8287
[01:25:59] Possible /pseudo 'putative antitoxin YezG' at gnl|10|saureus_8 position 1147
[01:25:59] Possible /pseudo 'putative antitoxin YezG' at gnl|10|saureus_8 position 1658
[01:25:59] Possible /pseudo 'putative antitoxin YezG' at gnl|10|saureus_8 position 2169
[01:25:59] Possible /pseudo 'putative antitoxin YezG' at gnl|10|saureus_8 position 2680
[01:25:59] Possible /pseudo 'Putative fluoride ion transporter CrcB' at gnl|10|saureus_9 position 105496
[01:25:59] Possible /pseudo '65 kDa membrane protein' at gnl|10|saureus_10 position 11048
[01:25:59] Possible /pseudo 'putative lipoprotein' at gnl|10|saureus_14 position 5474
[01:25:59] Possible /pseudo 'putative lipoprotein' at gnl|10|saureus_14 position 6293
[01:25:59] Possible /pseudo 'putative lipoprotein' at gnl|10|saureus_14 position 7146
[01:25:59] Possible /pseudo 'putative lipoprotein' at gnl|10|saureus_14 position 7968
[01:25:59] Possible /pseudo 'putative lipoprotein' at gnl|10|saureus_14 position 8770
[01:25:59] Possible /pseudo 'putative lipoprotein' at gnl|10|saureus_14 position 9631
[01:25:59] Possible /pseudo 'putative lipoprotein' at gnl|10|saureus_14 position 10583
[01:25:59] Possible /pseudo 'putative lipoprotein' at gnl|10|saureus_14 position 11417
[01:25:59] Possible /pseudo 'putative lipoprotein' at gnl|10|saureus_14 position 12382
[01:25:59] Found 1448 unique /gene codes.
[01:25:59] Fixed 2 duplicate /gene - dus_1 dus_2
[01:25:59] Fixed 2 duplicate /gene - dnaX_1 dnaX_2
[01:25:59] Fixed 3 duplicate /gene - brnQ_1 brnQ_2 brnQ_3
[01:25:59] Fixed 2 duplicate /gene - cap8A_1 cap8A_2
[01:25:59] Fixed 3 duplicate /gene - entA_1 entA_2 entA_3
[01:25:59] Fixed 2 duplicate /gene - oatA_1 oatA_2
[01:25:59] Fixed 2 duplicate /gene - acsA_1 acsA_2
[01:25:59] Fixed 2 duplicate /gene - gltR_1 gltR_2
[01:25:59] Fixed 2 duplicate /gene - tarF_1 tarF_2
[01:25:59] Fixed 2 duplicate /gene - alr1_1 alr1_2
[01:25:59] Fixed 2 duplicate /gene - ywqD_1 ywqD_2
[01:25:59] Fixed 2 duplicate /gene - manR_1 manR_2
[01:25:59] Fixed 2 duplicate /gene - phnE_1 phnE_2
[01:25:59] Fixed 2 duplicate /gene - gatA_1 gatA_2
[01:25:59] Fixed 2 duplicate /gene - polC_1 polC_2
[01:25:59] Fixed 2 duplicate /gene - ydcP_1 ydcP_2
[01:25:59] Fixed 3 duplicate /gene - ybbH_1 ybbH_2 ybbH_3
[01:25:59] Fixed 2 duplicate /gene - nagB_1 nagB_2
[01:25:59] Fixed 2 duplicate /gene - recQ_1 recQ_2
[01:25:59] Fixed 2 duplicate /gene - melR_1 melR_2
[01:25:59] Fixed 2 duplicate /gene - pglF_1 pglF_2
[01:25:59] Fixed 2 duplicate /gene - cynR_1 cynR_2
[01:25:59] Fixed 3 duplicate /gene - lytN_1 lytN_2 lytN_3
[01:25:59] Fixed 2 duplicate /gene - repN_1 repN_2
[01:25:59] Fixed 3 duplicate /gene - ptsG_1 ptsG_2 ptsG_3
[01:25:59] Fixed 2 duplicate /gene - ywpJ_1 ywpJ_2
[01:25:59] Fixed 2 duplicate /gene - kipI_1 kipI_2
[01:25:59] Fixed 2 duplicate /gene - gfo_1 gfo_2
[01:25:59] Fixed 2 duplicate /gene - bcr_1 bcr_2
[01:25:59] Fixed 2 duplicate /gene - gltB_1 gltB_2
[01:25:59] Fixed 2 duplicate /gene - hrtA_1 hrtA_2
[01:25:59] Fixed 2 duplicate /gene - mggB_1 mggB_2
[01:25:59] Fixed 2 duplicate /gene - lexA_1 lexA_2
[01:25:59] Fixed 2 duplicate /gene - secA_1 secA_2
[01:25:59] Fixed 2 duplicate /gene - ykoC_1 ykoC_2
[01:25:59] Fixed 2 duplicate /gene - spsB_1 spsB_2
[01:25:59] Fixed 3 duplicate /gene - treR_1 treR_2 treR_3
[01:25:59] Fixed 2 duplicate /gene - pheT_1 pheT_2
[01:25:59] Fixed 2 duplicate /gene - clpP_1 clpP_2
[01:25:59] Fixed 2 duplicate /gene - oppF_1 oppF_2
[01:25:59] Fixed 2 duplicate /gene - lctP_1 lctP_2
[01:25:59] Fixed 2 duplicate /gene - accB_1 accB_2
[01:25:59] Fixed 2 duplicate /gene - bioB_1 bioB_2
[01:25:59] Fixed 2 duplicate /gene - czcD_1 czcD_2
[01:25:59] Fixed 3 duplicate /gene - scn_1 scn_2 scn_3
[01:25:59] Fixed 7 duplicate /gene - lpl2_1 lpl2_2 lpl2_3 lpl2_4 lpl2_5 lpl2_6 lpl2_7
[01:25:59] Fixed 2 duplicate /gene - rsmH_1 rsmH_2
[01:25:59] Fixed 2 duplicate /gene - lysP_1 lysP_2
[01:25:59] Fixed 2 duplicate /gene - graR_1 graR_2
[01:25:59] Fixed 2 duplicate /gene - sufB_1 sufB_2
[01:25:59] Fixed 4 duplicate /gene - yxeP_1 yxeP_2 yxeP_3 yxeP_4
[01:25:59] Fixed 3 duplicate /gene - der_1 der_2 der_3
[01:25:59] Fixed 2 duplicate /gene - thrB_1 thrB_2
[01:25:59] Fixed 2 duplicate /gene - rocD2_1 rocD2_2
[01:25:59] Fixed 2 duplicate /gene - mleN_1 mleN_2
[01:25:59] Fixed 4 duplicate /gene - ebh_1 ebh_2 ebh_3 ebh_4
[01:25:59] Fixed 2 duplicate /gene - lytR_1 lytR_2
[01:25:59] Fixed 2 duplicate /gene - rimI_1 rimI_2
[01:25:59] Fixed 2 duplicate /gene - ugpQ_1 ugpQ_2
[01:25:59] Fixed 2 duplicate /gene - glcU_1 glcU_2
[01:25:59] Fixed 2 duplicate /gene - pepT_1 pepT_2
[01:25:59] Fixed 5 duplicate /gene - norB_1 norB_2 norB_3 norB_4 norB_5
[01:25:59] Fixed 2 duplicate /gene - yhdG_1 yhdG_2
[01:25:59] Fixed 2 duplicate /gene - smc_1 smc_2
[01:25:59] Fixed 2 duplicate /gene - argR_1 argR_2
[01:25:59] Fixed 2 duplicate /gene - yugI_1 yugI_2
[01:25:59] Fixed 2 duplicate /gene - fnbA_1 fnbA_2
[01:25:59] Fixed 2 duplicate /gene - speC_1 speC_2
[01:25:59] Fixed 2 duplicate /gene - iscS_1 iscS_2
[01:25:59] Fixed 2 duplicate /gene - gsiC_1 gsiC_2
[01:25:59] Fixed 2 duplicate /gene - lacC_1 lacC_2
[01:25:59] Fixed 2 duplicate /gene - pdhC_1 pdhC_2
[01:25:59] Fixed 2 duplicate /gene - ghrB_1 ghrB_2
[01:25:59] Fixed 2 duplicate /gene - lytM_1 lytM_2
[01:25:59] Fixed 2 duplicate /gene - pepF1_1 pepF1_2
[01:25:59] Fixed 2 duplicate /gene - nhaK_1 nhaK_2
[01:25:59] Fixed 2 duplicate /gene - feuC_1 feuC_2
[01:25:59] Fixed 2 duplicate /gene - tetA_1 tetA_2
[01:25:59] Fixed 2 duplicate /gene - mnhD1_1 mnhD1_2
[01:25:59] Fixed 2 duplicate /gene - graS_1 graS_2
[01:25:59] Fixed 2 duplicate /gene - pbpX_1 pbpX_2
[01:25:59] Fixed 3 duplicate /gene - mhqA_1 mhqA_2 mhqA_3
[01:25:59] Fixed 3 duplicate /gene - atl_1 atl_2 atl_3
[01:25:59] Fixed 2 duplicate /gene - ysdC_1 ysdC_2
[01:25:59] Fixed 2 duplicate /gene - yfiZ_1 yfiZ_2
[01:25:59] Fixed 2 duplicate /gene - feoB_1 feoB_2
[01:25:59] Fixed 2 duplicate /gene - bltD_1 bltD_2
[01:25:59] Fixed 2 duplicate /gene - catE_1 catE_2
[01:25:59] Fixed 3 duplicate /gene - glpE_1 glpE_2 glpE_3
[01:25:59] Fixed 2 duplicate /gene - fhuD_1 fhuD_2
[01:25:59] Fixed 2 duplicate /gene - queE_1 queE_2
[01:25:59] Fixed 2 duplicate /gene - tadA_1 tadA_2
[01:25:59] Fixed 2 duplicate /gene - clpB_1 clpB_2
[01:25:59] Fixed 2 duplicate /gene - suhB_1 suhB_2
[01:25:59] Fixed 2 duplicate /gene - tagH_1 tagH_2
[01:25:59] Fixed 2 duplicate /gene - glpQ_1 glpQ_2
[01:25:59] Fixed 2 duplicate /gene - tcyC_1 tcyC_2
[01:25:59] Fixed 2 duplicate /gene - mnaA_1 mnaA_2
[01:25:59] Fixed 3 duplicate /gene - iucC_1 iucC_2 iucC_3
[01:25:59] Fixed 2 duplicate /gene - gloB_1 gloB_2
[01:25:59] Fixed 2 duplicate /gene - gatC_1 gatC_2
[01:25:59] Fixed 2 duplicate /gene - iucA_1 iucA_2
[01:25:59] Fixed 3 duplicate /gene - yciC_1 yciC_2 yciC_3
[01:25:59] Fixed 3 duplicate /gene - opuD_1 opuD_2 opuD_3
[01:25:59] Fixed 2 duplicate /gene - polA_1 polA_2
[01:25:59] Fixed 4 duplicate /gene - oppD_1 oppD_2 oppD_3 oppD_4
[01:25:59] Fixed 2 duplicate /gene - limB_1 limB_2
[01:25:59] Fixed 2 duplicate /gene - xerC_1 xerC_2
[01:25:59] Fixed 2 duplicate /gene - garK_1 garK_2
[01:25:59] Fixed 3 duplicate /gene - bceB_1 bceB_2 bceB_3
[01:25:59] Fixed 2 duplicate /gene - mutS_1 mutS_2
[01:25:59] Fixed 2 duplicate /gene - metQ_1 metQ_2
[01:25:59] Fixed 2 duplicate /gene - pitA_1 pitA_2
[01:25:59] Fixed 2 duplicate /gene - natA_1 natA_2
[01:25:59] Fixed 2 duplicate /gene - yfkN_1 yfkN_2
[01:25:59] Fixed 2 duplicate /gene - arcB_1 arcB_2
[01:25:59] Fixed 2 duplicate /gene - yfmC_1 yfmC_2
[01:25:59] Fixed 2 duplicate /gene - aldC_1 aldC_2
[01:25:59] Fixed 2 duplicate /gene - crcB_1 crcB_2
[01:25:59] Fixed 3 duplicate /gene - gsiD_1 gsiD_2 gsiD_3
[01:25:59] Fixed 2 duplicate /gene - nupC_1 nupC_2
[01:25:59] Fixed 4 duplicate /gene - hin_1 hin_2 hin_3 hin_4
[01:25:59] Fixed 2 duplicate /gene - pepA_1 pepA_2
[01:25:59] Fixed 2 duplicate /gene - leuA_1 leuA_2
[01:25:59] Fixed 7 duplicate /gene - yezG_1 yezG_2 yezG_3 yezG_4 yezG_5 yezG_6 yezG_7
[01:25:59] Fixed 2 duplicate /gene - treP_1 treP_2
[01:25:59] Fixed 2 duplicate /gene - carA_1 carA_2
[01:25:59] Fixed 2 duplicate /gene - ricR_1 ricR_2
[01:25:59] Fixed 2 duplicate /gene - rpmG2_1 rpmG2_2
[01:25:59] Fixed 2 duplicate /gene - rnmV_1 rnmV_2
[01:25:59] Fixed 2 duplicate /gene - hlgC_1 hlgC_2
[01:25:59] Fixed 2 duplicate /gene - fecD_1 fecD_2
[01:25:59] Fixed 2 duplicate /gene - bsaA_1 bsaA_2
[01:25:59] Fixed 2 duplicate /gene - gatB_1 gatB_2
[01:25:59] Fixed 2 duplicate /gene - cspA_1 cspA_2
[01:25:59] Fixed 2 duplicate /gene - nikB_1 nikB_2
[01:25:59] Fixed 2 duplicate /gene - fib_1 fib_2
[01:25:59] Fixed 4 duplicate /gene - yxlF_1 yxlF_2 yxlF_3 yxlF_4
[01:25:59] Fixed 2 duplicate /gene - hisC_1 hisC_2
[01:25:59] Fixed 3 duplicate /gene - slyA_1 slyA_2 slyA_3
[01:25:59] Fixed 2 duplicate /gene - ywqE_1 ywqE_2
[01:25:59] Fixed 2 duplicate /gene - ktrB_1 ktrB_2
[01:25:59] Fixed 2 duplicate /gene - yhdN_1 yhdN_2
[01:25:59] Fixed 2 duplicate /gene - nth_1 nth_2
[01:25:59] Fixed 2 duplicate /gene - ssaA_1 ssaA_2
[01:25:59] Fixed 2 duplicate /gene - lukDv_1 lukDv_2
[01:25:59] Fixed 2 duplicate /gene - est_1 est_2
[01:25:59] Fixed 2 duplicate /gene - lipA_1 lipA_2
[01:25:59] Fixed 4 duplicate /gene - ssaA2_1 ssaA2_2 ssaA2_3 ssaA2_4
[01:25:59] Fixed 3 duplicate /gene - immR_1 immR_2 immR_3
[01:25:59] Fixed 2 duplicate /gene - bceA_1 bceA_2
[01:25:59] Fixed 3 duplicate /gene - gph_1 gph_2 gph_3
[01:25:59] Fixed 2 duplicate /gene - hlb_1 hlb_2
[01:25:59] Fixed 2 duplicate /gene - murJ_1 murJ_2
[01:25:59] Fixed 2 duplicate /gene - cfiB_1 cfiB_2
[01:25:59] Fixed 2 duplicate /gene - patA_1 patA_2
[01:25:59] Fixed 2 duplicate /gene - cls_1 cls_2
[01:25:59] Fixed 2 duplicate /gene - sle1_1 sle1_2
[01:25:59] Fixed 2 duplicate /gene - metP_1 metP_2
[01:25:59] Fixed 3 duplicate /gene - rluD_1 rluD_2 rluD_3
[01:25:59] Fixed 2 duplicate /gene - yitU_1 yitU_2
[01:25:59] Fixed 2 duplicate /gene - ywqN_1 ywqN_2
[01:25:59] Fixed 3 duplicate /gene - tagE_1 tagE_2 tagE_3
[01:25:59] Fixed 2 duplicate /gene - ykoD_1 ykoD_2
[01:25:59] Fixed 2 duplicate /gene - znuC_1 znuC_2
[01:25:59] Fixed 2 duplicate /gene - mntH_1 mntH_2
[01:25:59] Fixed 2 duplicate /gene - gpmA_1 gpmA_2
[01:25:59] Fixed 2 duplicate /gene - kipA_1 kipA_2
[01:25:59] Fixed 2 duplicate /gene - rpsA_1 rpsA_2
[01:25:59] Fixed 3 duplicate /gene - femA_1 femA_2 femA_3
[01:25:59] Fixed 2 duplicate /gene - murF_1 murF_2
[01:25:59] Fixed 2 duplicate /gene - trxA_1 trxA_2
[01:25:59] Fixed 2 duplicate /gene - cycA_1 cycA_2
[01:25:59] Fixed 3 duplicate /gene - xerD_1 xerD_2 xerD_3
[01:25:59] Fixed 2 duplicate /gene - ldhD_1 ldhD_2
[01:25:59] Fixed 3 duplicate /gene - ssbA_1 ssbA_2 ssbA_3
[01:25:59] Fixed 2 duplicate /gene - Int-Tn_1 Int-Tn_2
[01:25:59] Fixed 177 colliding /gene names.
[01:25:59] Adding /locus_tag identifiers
[01:25:59] Assigned 2702 locus_tags to CDS and RNA features.
[01:25:59] Writing outputs to /home/fsepulveda/Desktop/test_script/output_sa0941/output_prokka/
[01:26:02] Generating annotation statistics file
[01:26:02] Generating Genbank and Sequin files
[01:26:02] Running: tbl2asn -V b -a r10k -l paired-ends -M n -N 1 -y 'Annotated using prokka 1.12 from https://github.com/tseemann/prokka' -Z \/home\/fsepulveda\/Desktop\/test_script\/output_sa0941\/output_prokka\/PROKKA_05072017\.err -i \/home\/fsepulveda\/Desktop\/test_script\/output_sa0941\/output_prokka\/PROKKA_05072017\.fsa 2> /dev/null
[01:26:10] Deleting unwanted file: /home/fsepulveda/Desktop/test_script/output_sa0941/output_prokka/errorsummary.val
[01:26:10] Deleting unwanted file: /home/fsepulveda/Desktop/test_script/output_sa0941/output_prokka/PROKKA_05072017.dr
[01:26:10] Deleting unwanted file: /home/fsepulveda/Desktop/test_script/output_sa0941/output_prokka/PROKKA_05072017.fixedproducts
[01:26:10] Deleting unwanted file: /home/fsepulveda/Desktop/test_script/output_sa0941/output_prokka/PROKKA_05072017.ecn
[01:26:10] Deleting unwanted file: /home/fsepulveda/Desktop/test_script/output_sa0941/output_prokka/PROKKA_05072017.val
[01:26:10] Repairing broken .GBK output that tbl2asn produces...
[01:26:10] Running: sed 's/COORDINATES: profile/COORDINATES:profile/' < \/home\/fsepulveda\/Desktop\/test_script\/output_sa0941\/output_prokka\/PROKKA_05072017\.gbf > \/home\/fsepulveda\/Desktop\/test_script\/output_sa0941\/output_prokka\/PROKKA_05072017\.gbk
[01:26:10] Deleting unwanted file: /home/fsepulveda/Desktop/test_script/output_sa0941/output_prokka/PROKKA_05072017.gbf
[01:26:10] Output files:
[01:26:10] /home/fsepulveda/Desktop/test_script/output_sa0941/output_prokka/PROKKA_05072017.fna
[01:26:10] /home/fsepulveda/Desktop/test_script/output_sa0941/output_prokka/PROKKA_05072017.txt
[01:26:10] /home/fsepulveda/Desktop/test_script/output_sa0941/output_prokka/PROKKA_05072017.gff
[01:26:10] /home/fsepulveda/Desktop/test_script/output_sa0941/output_prokka/PROKKA_05072017.gbk
[01:26:10] /home/fsepulveda/Desktop/test_script/output_sa0941/output_prokka/PROKKA_05072017.err
[01:26:10] /home/fsepulveda/Desktop/test_script/output_sa0941/output_prokka/PROKKA_05072017.fsa
[01:26:10] /home/fsepulveda/Desktop/test_script/output_sa0941/output_prokka/PROKKA_05072017.tbl
[01:26:10] /home/fsepulveda/Desktop/test_script/output_sa0941/output_prokka/PROKKA_05072017.ffn
[01:26:10] /home/fsepulveda/Desktop/test_script/output_sa0941/output_prokka/PROKKA_05072017.tsv
[01:26:10] /home/fsepulveda/Desktop/test_script/output_sa0941/output_prokka/PROKKA_05072017.sqn
[01:26:10] /home/fsepulveda/Desktop/test_script/output_sa0941/output_prokka/PROKKA_05072017.log
[01:26:10] /home/fsepulveda/Desktop/test_script/output_sa0941/output_prokka/PROKKA_05072017.faa
[01:26:10] Annotation finished successfully.
[01:26:10] Walltime used: 1.78 minutes
[01:26:10] If you use this result please cite the Prokka paper:
[01:26:10] Seemann T (2014) Prokka: rapid prokaryotic genome annotation. Bioinformatics. 30(14):2068-9.
[01:26:10] Type 'prokka --citation' for more details.
[01:26:10] Share and enjoy!
