Discrepancy Report Results

Summary
FATAL: BAD_LOCUS_TAG_FORMAT:38 locus tags are incorrectly formatted.
DISC_SOURCE_QUALS_ASNDISC:strain (all present, all unique)
DISC_SOURCE_QUALS_ASNDISC:taxname (all present, all unique)
DISC_FEATURE_COUNT:gene: 38 present
DISC_FEATURE_COUNT:CDS: 38 present
DISC_COUNT_NUCLEOTIDES:1 nucleotide Bioseqs are present
OVERLAPPING_GENES:8 genes overlap another gene on the same strand.
SUSPECT_PRODUCT_NAMES:1 product_names contain suspect phrase or characters
	FATAL: Remove organism from product name
		1 features contains 'staphylococcal'
DISC_QUALITY_SCORES:Quality scores are missing on all sequences.
ONCALLER_COMMENT_PRESENT:1 comment descriptors were found (all same)
SHORT_PROT_SEQUENCES:4 protein sequences are shorter than 50 aa.
MISSING_GENOMEASSEMBLY_COMMENTS:1 bioseqs are missing GenomeAssembly structured comments
MOLTYPE_NOT_MRNA:1 molecule types are not set as mRNA.
TECHNIQUE_NOT_TSA:1 technique are not set as TSA
MISSING_STRUCTURED_COMMENT:1 sequences do not include structured comments.
MISSING_PROJECT:39 sequences do not include project.
DISC_INCONSISTENT_MOLINFO_TECH:Molinfo Technique Report (some missing, all same)


Detailed Report

FATAL: DiscRep_ALL:BAD_LOCUS_TAG_FORMAT::38 locus tags are incorrectly formatted.
sccmec_Sa3923/sccmec_Sa3923:Gene	rlmH	sccmec_Sa3923_1:1-480	sccmec_Sa3923_00001
sccmec_Sa3923/sccmec_Sa3923:Gene	sccmec_Sa3923_00002	sccmec_Sa3923_1:802-2058	sccmec_Sa3923_00002
sccmec_Sa3923/sccmec_Sa3923:Gene	sccmec_Sa3923_00003	sccmec_Sa3923_1:2243-2344	sccmec_Sa3923_00003
sccmec_Sa3923/sccmec_Sa3923:Gene	sccmec_Sa3923_00004	sccmec_Sa3923_1:c3257-2583	sccmec_Sa3923_00004
sccmec_Sa3923/sccmec_Sa3923:Gene	sccmec_Sa3923_00005	sccmec_Sa3923_1:3515-3682	sccmec_Sa3923_00005
sccmec_Sa3923/sccmec_Sa3923:Gene	sccmec_Sa3923_00006	sccmec_Sa3923_1:3780-4010	sccmec_Sa3923_00006
sccmec_Sa3923/sccmec_Sa3923:Gene	ugpQ	sccmec_Sa3923_1:4559-5302	sccmec_Sa3923_00007
sccmec_Sa3923/sccmec_Sa3923:Gene	paaZ	sccmec_Sa3923_1:5399-5827	sccmec_Sa3923_00008
sccmec_Sa3923/sccmec_Sa3923:Gene	pbp	sccmec_Sa3923_1:c7879-5873	sccmec_Sa3923_00009
sccmec_Sa3923/sccmec_Sa3923:Gene	mecR1	sccmec_Sa3923_1:7979-8965	sccmec_Sa3923_00010
sccmec_Sa3923/sccmec_Sa3923:Gene	sccmec_Sa3923_00011	sccmec_Sa3923_1:8925-9197	sccmec_Sa3923_00011
sccmec_Sa3923/sccmec_Sa3923:Gene	sccmec_Sa3923_00012	sccmec_Sa3923_1:c9793-9188	sccmec_Sa3923_00012
sccmec_Sa3923/sccmec_Sa3923:Gene	sccmec_Sa3923_00013	sccmec_Sa3923_1:c10711-9905	sccmec_Sa3923_00013
sccmec_Sa3923/sccmec_Sa3923:Gene	sccmec_Sa3923_00014	sccmec_Sa3923_1:c11353-10847	sccmec_Sa3923_00014
sccmec_Sa3923/sccmec_Sa3923:Gene	sccmec_Sa3923_00015	sccmec_Sa3923_1:c11679-11368	sccmec_Sa3923_00015
sccmec_Sa3923/sccmec_Sa3923:Gene	sccmec_Sa3923_00016	sccmec_Sa3923_1:c12116-11766	sccmec_Sa3923_00016
sccmec_Sa3923/sccmec_Sa3923:Gene	hin	sccmec_Sa3923_1:c14245-12617	sccmec_Sa3923_00017
sccmec_Sa3923/sccmec_Sa3923:Gene	sccmec_Sa3923_00018	sccmec_Sa3923_1:c15603-14242	sccmec_Sa3923_00018
sccmec_Sa3923/sccmec_Sa3923:Gene	sccmec_Sa3923_00019	sccmec_Sa3923_1:c16404-15790	sccmec_Sa3923_00019
sccmec_Sa3923/sccmec_Sa3923:Gene	sccmec_Sa3923_00020	sccmec_Sa3923_1:16787-16930	sccmec_Sa3923_00020
sccmec_Sa3923/sccmec_Sa3923:Gene	sccmec_Sa3923_00021	sccmec_Sa3923_1:c17237-16878	sccmec_Sa3923_00021
sccmec_Sa3923/sccmec_Sa3923:Gene	czrA	sccmec_Sa3923_1:17444-17770	sccmec_Sa3923_00022
sccmec_Sa3923/sccmec_Sa3923:Gene	sccmec_Sa3923_00023	sccmec_Sa3923_1:17873-17971	sccmec_Sa3923_00023
sccmec_Sa3923/sccmec_Sa3923:Gene	zosA	sccmec_Sa3923_1:18100-20025	sccmec_Sa3923_00024
sccmec_Sa3923/sccmec_Sa3923:Gene	sccmec_Sa3923_00025	sccmec_Sa3923_1:21199-22014	sccmec_Sa3923_00025
sccmec_Sa3923/sccmec_Sa3923:Gene	albA	sccmec_Sa3923_1:c22669-22274	sccmec_Sa3923_00026
sccmec_Sa3923/sccmec_Sa3923:Gene	sccmec_Sa3923_00027	sccmec_Sa3923_1:c22819-22682	sccmec_Sa3923_00027
sccmec_Sa3923/sccmec_Sa3923:Gene	yxlF	sccmec_Sa3923_1:22980-23846	sccmec_Sa3923_00028
sccmec_Sa3923/sccmec_Sa3923:Gene	sccmec_Sa3923_00029	sccmec_Sa3923_1:23860-24981	sccmec_Sa3923_00029
sccmec_Sa3923/sccmec_Sa3923:Gene	sccmec_Sa3923_00030	sccmec_Sa3923_1:24947-25558	sccmec_Sa3923_00030
sccmec_Sa3923/sccmec_Sa3923:Gene	arlR	sccmec_Sa3923_1:25639-26304	sccmec_Sa3923_00031
sccmec_Sa3923/sccmec_Sa3923:Gene	phoR	sccmec_Sa3923_1:26292-27383	sccmec_Sa3923_00032
sccmec_Sa3923/sccmec_Sa3923:Gene	sccmec_Sa3923_00033	sccmec_Sa3923_1:28319-29680	sccmec_Sa3923_00033
sccmec_Sa3923/sccmec_Sa3923:Gene	sccmec_Sa3923_00034	sccmec_Sa3923_1:c29957-29742	sccmec_Sa3923_00034
sccmec_Sa3923/sccmec_Sa3923:Gene	isaB	sccmec_Sa3923_1:30224-30709	sccmec_Sa3923_00035
sccmec_Sa3923/sccmec_Sa3923:Gene	copB	sccmec_Sa3923_1:31133-33193	sccmec_Sa3923_00036
sccmec_Sa3923/sccmec_Sa3923:Gene	mco	sccmec_Sa3923_1:33208-34641	sccmec_Sa3923_00037
sccmec_Sa3923/sccmec_Sa3923:Gene	sccmec_Sa3923_00038	sccmec_Sa3923_1:34661-35143	sccmec_Sa3923_00038

DiscRep_ALL:DISC_SOURCE_QUALS_ASNDISC::strain (all present, all unique)
DiscRep_SUB:DISC_SOURCE_QUALS_ASNDISC::1 sources have unique values for strain
DiscRep_ALL:DISC_SOURCE_QUALS_ASNDISC::taxname (all present, all unique)
DiscRep_SUB:DISC_SOURCE_QUALS_ASNDISC::1 sources have unique values for taxname
DiscRep_ALL:DISC_FEATURE_COUNT::gene: 38 present
DiscRep_ALL:DISC_FEATURE_COUNT::CDS: 38 present
DiscRep_ALL:DISC_COUNT_NUCLEOTIDES::1 nucleotide Bioseqs are present
sccmec_Sa3923/sccmec_Sa3923:10:sccmec_Sa3923_1 (length 35384)

DiscRep_ALL:OVERLAPPING_GENES::8 genes overlap another gene on the same strand.
sccmec_Sa3923/sccmec_Sa3923:Gene	mecR1	sccmec_Sa3923_1:7979-8965	sccmec_Sa3923_00010
sccmec_Sa3923/sccmec_Sa3923:Gene	sccmec_Sa3923_00011	sccmec_Sa3923_1:8925-9197	sccmec_Sa3923_00011
sccmec_Sa3923/sccmec_Sa3923:Gene	hin	sccmec_Sa3923_1:c14245-12617	sccmec_Sa3923_00017
sccmec_Sa3923/sccmec_Sa3923:Gene	sccmec_Sa3923_00018	sccmec_Sa3923_1:c15603-14242	sccmec_Sa3923_00018
sccmec_Sa3923/sccmec_Sa3923:Gene	sccmec_Sa3923_00029	sccmec_Sa3923_1:23860-24981	sccmec_Sa3923_00029
sccmec_Sa3923/sccmec_Sa3923:Gene	sccmec_Sa3923_00030	sccmec_Sa3923_1:24947-25558	sccmec_Sa3923_00030
sccmec_Sa3923/sccmec_Sa3923:Gene	arlR	sccmec_Sa3923_1:25639-26304	sccmec_Sa3923_00031
sccmec_Sa3923/sccmec_Sa3923:Gene	phoR	sccmec_Sa3923_1:26292-27383	sccmec_Sa3923_00032

DiscRep_ALL:SUSPECT_PRODUCT_NAMES::1 product_names contain suspect phrase or characters
FATAL: DiscRep_SUB:SUSPECT_PRODUCT_NAMES::Remove organism from product name
DiscRep_SUB:SUSPECT_PRODUCT_NAMES::1 features contains 'staphylococcal'
sccmec_Sa3923/sccmec_Sa3923:CDS	Immunodominant staphylococcal antigen B	sccmec_Sa3923_1:30224-30709	sccmec_Sa3923_00035

DiscRep_ALL:DISC_QUALITY_SCORES::Quality scores are missing on all sequences.

DiscRep_ALL:ONCALLER_COMMENT_PRESENT::1 comment descriptors were found (all same)
sccmec_Sa3923/sccmec_Sa3923:10:sccmec_Sa3923_1:Annotated using prokka 1.12 from https://github.com/tseemann/prokka

DiscRep_ALL:SHORT_PROT_SEQUENCES::4 protein sequences are shorter than 50 aa.
sccmec_Sa3923/sccmec_Sa3923:10:sccmec_Sa3923_00003 (length 33)
sccmec_Sa3923/sccmec_Sa3923:10:sccmec_Sa3923_00020 (length 47)
sccmec_Sa3923/sccmec_Sa3923:10:sccmec_Sa3923_00023 (length 32)
sccmec_Sa3923/sccmec_Sa3923:10:sccmec_Sa3923_00027 (length 45)

DiscRep_ALL:MISSING_GENOMEASSEMBLY_COMMENTS::1 bioseqs are missing GenomeAssembly structured comments
sccmec_Sa3923/sccmec_Sa3923:10:sccmec_Sa3923_1 (length 35384)

DiscRep_ALL:MOLTYPE_NOT_MRNA::1 molecule types are not set as mRNA.
sccmec_Sa3923/sccmec_Sa3923:10:sccmec_Sa3923_1 (length 35384)

DiscRep_ALL:TECHNIQUE_NOT_TSA::1 technique are not set as TSA
sccmec_Sa3923/sccmec_Sa3923:10:sccmec_Sa3923_1 (length 35384)

DiscRep_ALL:MISSING_STRUCTURED_COMMENT::1 sequences do not include structured comments.
sccmec_Sa3923/sccmec_Sa3923:10:sccmec_Sa3923_1 (length 35384)

DiscRep_ALL:MISSING_PROJECT::39 sequences do not include project.
sccmec_Sa3923/sccmec_Sa3923:10:sccmec_Sa3923_1 (length 35384)
sccmec_Sa3923/sccmec_Sa3923:10:sccmec_Sa3923_00001 (length 159)
sccmec_Sa3923/sccmec_Sa3923:10:sccmec_Sa3923_00002 (length 418)
sccmec_Sa3923/sccmec_Sa3923:10:sccmec_Sa3923_00003 (length 33)
sccmec_Sa3923/sccmec_Sa3923:10:sccmec_Sa3923_00004 (length 224)
sccmec_Sa3923/sccmec_Sa3923:10:sccmec_Sa3923_00005 (length 55)
sccmec_Sa3923/sccmec_Sa3923:10:sccmec_Sa3923_00006 (length 76)
sccmec_Sa3923/sccmec_Sa3923:10:sccmec_Sa3923_00007 (length 247)
sccmec_Sa3923/sccmec_Sa3923:10:sccmec_Sa3923_00008 (length 142)
sccmec_Sa3923/sccmec_Sa3923:10:sccmec_Sa3923_00009 (length 668)
sccmec_Sa3923/sccmec_Sa3923:10:sccmec_Sa3923_00010 (length 328)
sccmec_Sa3923/sccmec_Sa3923:10:sccmec_Sa3923_00011 (length 90)
sccmec_Sa3923/sccmec_Sa3923:10:sccmec_Sa3923_00012 (length 201)
sccmec_Sa3923/sccmec_Sa3923:10:sccmec_Sa3923_00013 (length 268)
sccmec_Sa3923/sccmec_Sa3923:10:sccmec_Sa3923_00014 (length 168)
sccmec_Sa3923/sccmec_Sa3923:10:sccmec_Sa3923_00015 (length 103)
sccmec_Sa3923/sccmec_Sa3923:10:sccmec_Sa3923_00016 (length 116)
sccmec_Sa3923/sccmec_Sa3923:10:sccmec_Sa3923_00017 (length 542)
sccmec_Sa3923/sccmec_Sa3923:10:sccmec_Sa3923_00018 (length 453)
sccmec_Sa3923/sccmec_Sa3923:10:sccmec_Sa3923_00019 (length 204)
sccmec_Sa3923/sccmec_Sa3923:10:sccmec_Sa3923_00020 (length 47)
sccmec_Sa3923/sccmec_Sa3923:10:sccmec_Sa3923_00021 (length 119)
sccmec_Sa3923/sccmec_Sa3923:10:sccmec_Sa3923_00022 (length 108)
sccmec_Sa3923/sccmec_Sa3923:10:sccmec_Sa3923_00023 (length 32)
sccmec_Sa3923/sccmec_Sa3923:10:sccmec_Sa3923_00024 (length 641)
sccmec_Sa3923/sccmec_Sa3923:10:sccmec_Sa3923_00025 (length 271)
sccmec_Sa3923/sccmec_Sa3923:10:sccmec_Sa3923_00026 (length 131)
sccmec_Sa3923/sccmec_Sa3923:10:sccmec_Sa3923_00027 (length 45)
sccmec_Sa3923/sccmec_Sa3923:10:sccmec_Sa3923_00028 (length 288)
sccmec_Sa3923/sccmec_Sa3923:10:sccmec_Sa3923_00029 (length 373)
sccmec_Sa3923/sccmec_Sa3923:10:sccmec_Sa3923_00030 (length 203)
sccmec_Sa3923/sccmec_Sa3923:10:sccmec_Sa3923_00031 (length 221)
sccmec_Sa3923/sccmec_Sa3923:10:sccmec_Sa3923_00032 (length 363)
sccmec_Sa3923/sccmec_Sa3923:10:sccmec_Sa3923_00033 (length 453)
sccmec_Sa3923/sccmec_Sa3923:10:sccmec_Sa3923_00034 (length 71)
sccmec_Sa3923/sccmec_Sa3923:10:sccmec_Sa3923_00035 (length 161)
sccmec_Sa3923/sccmec_Sa3923:10:sccmec_Sa3923_00036 (length 686)
sccmec_Sa3923/sccmec_Sa3923:10:sccmec_Sa3923_00037 (length 477)
sccmec_Sa3923/sccmec_Sa3923:10:sccmec_Sa3923_00038 (length 160)

DiscRep_ALL:DISC_INCONSISTENT_MOLINFO_TECH::Molinfo Technique Report (some missing, all same)
DiscRep_SUB:DISC_INCONSISTENT_MOLINFO_TECH::technique (all missing)
DiscRep_SUB:DISC_INCONSISTENT_MOLINFO_TECH::1 Molinfos are missing field technique
sccmec_Sa3923/sccmec_Sa3923:10:sccmec_Sa3923_1 (length 35384)

