[17:12:24] This is prokka 1.12
[17:12:24] Written by Torsten Seemann <torsten.seemann@gmail.com>
[17:12:24] Homepage is https://github.com/tseemann/prokka
[17:12:24] Local time is Mon May 15 17:12:24 2017
[17:12:24] You are fsepulveda
[17:12:24] Operating system is linux
[17:12:24] You have BioPerl 1.006924
[17:12:24] System has 4 cores.
[17:12:24] Option --cpu asked for 8 cores, but system only has 4
[17:12:24] Will use maximum of 4 cores.
[17:12:24] Annotating as >>> Bacteria <<<
[17:12:24] Creating new output folder: PROKKA_NC_017763
[17:12:24] Running: mkdir -p PROKKA_NC_017763
[17:12:24] Using filename prefix: PROKKA_NC_017763.XXX
[17:12:24] Setting HMMER_NCPU=1
[17:12:24] Writing log to: PROKKA_NC_017763/PROKKA_NC_017763.log
[17:12:24] Command: /home/fsepulveda/Desktop/tesis/sccmec_classification/prokka-1.12/bin/prokka --genus Staphylococcus --prefix PROKKA_NC_017763 --addgenes --addmrna --locustag NC_017763_SCCmec /home/fsepulveda/Documents/parte2/229_sccmec/sccmec_NC_017763.fasta
[17:12:24] Appending to PATH: /home/fsepulveda/Desktop/tesis/sccmec_classification/prokka-1.12/bin/../binaries/linux
[17:12:24] Appending to PATH: /home/fsepulveda/Desktop/tesis/sccmec_classification/prokka-1.12/bin/../binaries/linux/../common
[17:12:24] Appending to PATH: /home/fsepulveda/Desktop/tesis/sccmec_classification/prokka-1.12/bin
[17:12:24] Looking for 'aragorn' - found /home/fsepulveda/Desktop/tesis/sccmec_classification/prokka-1.12/bin/../binaries/linux/aragorn
[17:12:24] Determined aragorn version is 1.2
[17:12:24] Looking for 'blastp' - found /usr/bin/blastp
[17:12:24] Determined blastp version is 2.2
[17:12:24] Looking for 'cmpress' - found /usr/bin/cmpress
[17:12:24] Determined cmpress version is 1.1
[17:12:24] Looking for 'cmscan' - found /usr/bin/cmscan
[17:12:24] Determined cmscan version is 1.1
[17:12:24] Looking for 'egrep' - found /bin/egrep
[17:12:24] Looking for 'find' - found /usr/bin/find
[17:12:24] Looking for 'grep' - found /bin/grep
[17:12:24] Looking for 'hmmpress' - found /usr/bin/hmmpress
[17:12:24] Determined hmmpress version is 3.1
[17:12:24] Looking for 'hmmscan' - found /usr/bin/hmmscan
[17:12:24] Determined hmmscan version is 3.1
[17:12:24] Looking for 'java' - found /usr/bin/java
[17:12:24] Looking for 'less' - found /usr/bin/less
[17:12:24] Looking for 'makeblastdb' - found /usr/bin/makeblastdb
[17:12:24] Determined makeblastdb version is 2.2
[17:12:24] Looking for 'minced' - found /home/fsepulveda/Desktop/tesis/sccmec_classification/prokka-1.12/bin/../binaries/linux/../common/minced
[17:12:24] Determined minced version is 2.0
[17:12:24] Looking for 'parallel' - found /home/fsepulveda/Desktop/tesis/sccmec_classification/prokka-1.12/bin/../binaries/linux/../common/parallel
[17:12:24] Determined parallel version is 20150122
[17:12:24] Looking for 'prodigal' - found /home/fsepulveda/Desktop/tesis/sccmec_classification/prokka-1.12/bin/../binaries/linux/prodigal
[17:12:24] Determined prodigal version is 2.6
[17:12:24] Looking for 'prokka-genbank_to_fasta_db' - found /home/fsepulveda/Desktop/tesis/sccmec_classification/prokka-1.12/bin/prokka-genbank_to_fasta_db
[17:12:24] Looking for 'sed' - found /bin/sed
[17:12:24] Looking for 'tbl2asn' - found /home/fsepulveda/Desktop/tesis/sccmec_classification/prokka-1.12/bin/../binaries/linux/tbl2asn
[17:12:24] Determined tbl2asn version is 25.3
[17:12:24] Using genetic code table 11.
[17:12:24] Loading and checking input file: /home/fsepulveda/Documents/parte2/229_sccmec/sccmec_NC_017763.fasta
[17:12:24] Wrote 1 contigs totalling 22822 bp.
[17:12:24] Predicting tRNAs and tmRNAs
[17:12:24] Running: aragorn -l -gc11  -w PROKKA_NC_017763\/PROKKA_NC_017763\.fna
[17:12:24] Found 0 tRNAs
[17:12:24] Predicting Ribosomal RNAs
[17:12:24] You need either Barrnap or RNAmmer installed to predict rRNAs!
[17:12:24] Skipping ncRNA search, enable with --rfam if desired.
[17:12:24] Total of 0 tRNA + rRNA features
[17:12:24] Searching for CRISPR repeats
[17:12:24] Found 0 CRISPRs
[17:12:24] Predicting coding sequences
[17:12:24] Contigs total 22822 bp, so using meta mode
[17:12:24] Running: prodigal -i PROKKA_NC_017763\/PROKKA_NC_017763\.fna -c -m -g 11 -p meta -f sco -q
[17:12:24] Found 23 CDS
[17:12:24] Connecting features back to sequences
[17:12:24] Not using genus-specific database. Try --usegenus to enable it.
[17:12:24] Annotating CDS, please be patient.
[17:12:24] Will use 4 CPUs for similarity searching.
[17:12:24] There are still 23 unannotated CDS left (started with 23)
[17:12:24] Will use blast to search against /home/fsepulveda/Desktop/tesis/sccmec_classification/prokka-1.12/bin/../db/kingdom/Bacteria/sprot with 4 CPUs
[17:12:24] Running: cat PROKKA_NC_017763\/sprot\.faa | parallel --gnu --plain -j 4 --block 785 --recstart '>' --pipe blastp -query - -db /home/fsepulveda/Desktop/tesis/sccmec_classification/prokka-1.12/bin/../db/kingdom/Bacteria/sprot -evalue 1e-06 -num_threads 1 -num_descriptions 1 -num_alignments 1 -seg no > PROKKA_NC_017763\/sprot\.blast 2> /dev/null
[17:12:25] Deleting unwanted file: PROKKA_NC_017763/sprot.faa
[17:12:25] Deleting unwanted file: PROKKA_NC_017763/sprot.blast
[17:12:25] There are still 16 unannotated CDS left (started with 23)
[17:12:25] Will use hmmer3 to search against /home/fsepulveda/Desktop/tesis/sccmec_classification/prokka-1.12/bin/../db/hmm/HAMAP.hmm with 4 CPUs
[17:12:25] Running: cat PROKKA_NC_017763\/HAMAP\.hmm\.faa | parallel --gnu --plain -j 4 --block 467 --recstart '>' --pipe hmmscan --noali --notextw --acc -E 1e-06 --cpu 1 /home/fsepulveda/Desktop/tesis/sccmec_classification/prokka-1.12/bin/../db/hmm/HAMAP.hmm /dev/stdin > PROKKA_NC_017763\/HAMAP\.hmm\.hmmer3 2> /dev/null
[17:12:26] Deleting unwanted file: PROKKA_NC_017763/HAMAP.hmm.faa
[17:12:26] Deleting unwanted file: PROKKA_NC_017763/HAMAP.hmm.hmmer3
[17:12:26] Labelling remaining 16 proteins as 'hypothetical protein'
[17:12:26] Possible /pseudo 'DNA-invertase hin' at sccmec_saures_NC_017763_l22822 position 14449
[17:12:26] Found 6 unique /gene codes.
[17:12:26] Fixed 2 duplicate /gene - hin_1 hin_2
[17:12:26] Fixed 1 colliding /gene names.
[17:12:26] Adding /locus_tag identifiers
[17:12:26] Assigned 23 locus_tags to CDS and RNA features.
[17:12:26] Writing outputs to PROKKA_NC_017763/
[17:12:26] Generating annotation statistics file
[17:12:26] Generating Genbank and Sequin files
[17:12:26] Running: tbl2asn -V b -a r10k -l paired-ends -M n -N 1 -y 'Annotated using prokka 1.12 from https://github.com/tseemann/prokka' -Z PROKKA_NC_017763\/PROKKA_NC_017763\.err -i PROKKA_NC_017763\/PROKKA_NC_017763\.fsa 2> /dev/null
[17:12:26] Deleting unwanted file: PROKKA_NC_017763/errorsummary.val
[17:12:26] Deleting unwanted file: PROKKA_NC_017763/PROKKA_NC_017763.dr
[17:12:26] Deleting unwanted file: PROKKA_NC_017763/PROKKA_NC_017763.fixedproducts
[17:12:26] Deleting unwanted file: PROKKA_NC_017763/PROKKA_NC_017763.ecn
[17:12:26] Deleting unwanted file: PROKKA_NC_017763/PROKKA_NC_017763.val
[17:12:26] Repairing broken .GBK output that tbl2asn produces...
[17:12:26] Running: sed 's/COORDINATES: profile/COORDINATES:profile/' < PROKKA_NC_017763\/PROKKA_NC_017763\.gbf > PROKKA_NC_017763\/PROKKA_NC_017763\.gbk
[17:12:26] Deleting unwanted file: PROKKA_NC_017763/PROKKA_NC_017763.gbf
[17:12:26] Output files:
[17:12:26] PROKKA_NC_017763/PROKKA_NC_017763.gbk
[17:12:26] PROKKA_NC_017763/PROKKA_NC_017763.fsa
[17:12:26] PROKKA_NC_017763/PROKKA_NC_017763.sqn
[17:12:26] PROKKA_NC_017763/PROKKA_NC_017763.tbl
[17:12:26] PROKKA_NC_017763/PROKKA_NC_017763.log
[17:12:26] PROKKA_NC_017763/PROKKA_NC_017763.tsv
[17:12:26] PROKKA_NC_017763/PROKKA_NC_017763.gff
[17:12:26] PROKKA_NC_017763/PROKKA_NC_017763.txt
[17:12:26] PROKKA_NC_017763/PROKKA_NC_017763.fna
[17:12:26] PROKKA_NC_017763/PROKKA_NC_017763.ffn
[17:12:26] PROKKA_NC_017763/PROKKA_NC_017763.faa
[17:12:26] PROKKA_NC_017763/PROKKA_NC_017763.err
[17:12:26] Annotation finished successfully.
[17:12:26] Walltime used: 0.03 minutes
[17:12:26] If you use this result please cite the Prokka paper:
[17:12:26] Seemann T (2014) Prokka: rapid prokaryotic genome annotation. Bioinformatics. 30(14):2068-9.
[17:12:26] Type 'prokka --citation' for more details.
[17:12:26] Thank you, come again.
