[17:15:36] This is prokka 1.12
[17:15:36] Written by Torsten Seemann <torsten.seemann@gmail.com>
[17:15:36] Homepage is https://github.com/tseemann/prokka
[17:15:36] Local time is Mon May 15 17:15:36 2017
[17:15:36] You are fsepulveda
[17:15:36] Operating system is linux
[17:15:36] You have BioPerl 1.006924
[17:15:36] System has 4 cores.
[17:15:36] Option --cpu asked for 8 cores, but system only has 4
[17:15:36] Will use maximum of 4 cores.
[17:15:36] Annotating as >>> Bacteria <<<
[17:15:36] Creating new output folder: PROKKA_NZ_CP013619
[17:15:36] Running: mkdir -p PROKKA_NZ_CP013619
[17:15:36] Using filename prefix: PROKKA_NZ_CP013619.XXX
[17:15:36] Setting HMMER_NCPU=1
[17:15:36] Writing log to: PROKKA_NZ_CP013619/PROKKA_NZ_CP013619.log
[17:15:36] Command: /home/fsepulveda/Desktop/tesis/sccmec_classification/prokka-1.12/bin/prokka --genus Staphylococcus --prefix PROKKA_NZ_CP013619 --addgenes --addmrna --locustag NZ_CP013619_SCCmec /home/fsepulveda/Documents/parte2/229_sccmec/sccmec_NZ_CP013619.fasta
[17:15:36] Appending to PATH: /home/fsepulveda/Desktop/tesis/sccmec_classification/prokka-1.12/bin/../binaries/linux
[17:15:36] Appending to PATH: /home/fsepulveda/Desktop/tesis/sccmec_classification/prokka-1.12/bin/../binaries/linux/../common
[17:15:36] Appending to PATH: /home/fsepulveda/Desktop/tesis/sccmec_classification/prokka-1.12/bin
[17:15:36] Looking for 'aragorn' - found /home/fsepulveda/Desktop/tesis/sccmec_classification/prokka-1.12/bin/../binaries/linux/aragorn
[17:15:36] Determined aragorn version is 1.2
[17:15:36] Looking for 'blastp' - found /usr/bin/blastp
[17:15:36] Determined blastp version is 2.2
[17:15:36] Looking for 'cmpress' - found /usr/bin/cmpress
[17:15:36] Determined cmpress version is 1.1
[17:15:36] Looking for 'cmscan' - found /usr/bin/cmscan
[17:15:36] Determined cmscan version is 1.1
[17:15:36] Looking for 'egrep' - found /bin/egrep
[17:15:36] Looking for 'find' - found /usr/bin/find
[17:15:36] Looking for 'grep' - found /bin/grep
[17:15:36] Looking for 'hmmpress' - found /usr/bin/hmmpress
[17:15:36] Determined hmmpress version is 3.1
[17:15:36] Looking for 'hmmscan' - found /usr/bin/hmmscan
[17:15:36] Determined hmmscan version is 3.1
[17:15:36] Looking for 'java' - found /usr/bin/java
[17:15:36] Looking for 'less' - found /usr/bin/less
[17:15:36] Looking for 'makeblastdb' - found /usr/bin/makeblastdb
[17:15:36] Determined makeblastdb version is 2.2
[17:15:36] Looking for 'minced' - found /home/fsepulveda/Desktop/tesis/sccmec_classification/prokka-1.12/bin/../binaries/linux/../common/minced
[17:15:36] Determined minced version is 2.0
[17:15:36] Looking for 'parallel' - found /home/fsepulveda/Desktop/tesis/sccmec_classification/prokka-1.12/bin/../binaries/linux/../common/parallel
[17:15:36] Determined parallel version is 20150122
[17:15:36] Looking for 'prodigal' - found /home/fsepulveda/Desktop/tesis/sccmec_classification/prokka-1.12/bin/../binaries/linux/prodigal
[17:15:36] Determined prodigal version is 2.6
[17:15:36] Looking for 'prokka-genbank_to_fasta_db' - found /home/fsepulveda/Desktop/tesis/sccmec_classification/prokka-1.12/bin/prokka-genbank_to_fasta_db
[17:15:36] Looking for 'sed' - found /bin/sed
[17:15:36] Looking for 'tbl2asn' - found /home/fsepulveda/Desktop/tesis/sccmec_classification/prokka-1.12/bin/../binaries/linux/tbl2asn
[17:15:36] Determined tbl2asn version is 25.3
[17:15:36] Using genetic code table 11.
[17:15:36] Loading and checking input file: /home/fsepulveda/Documents/parte2/229_sccmec/sccmec_NZ_CP013619.fasta
[17:15:36] Wrote 1 contigs totalling 43881 bp.
[17:15:36] Predicting tRNAs and tmRNAs
[17:15:36] Running: aragorn -l -gc11  -w PROKKA_NZ_CP013619\/PROKKA_NZ_CP013619\.fna
[17:15:36] Found 0 tRNAs
[17:15:36] Predicting Ribosomal RNAs
[17:15:36] You need either Barrnap or RNAmmer installed to predict rRNAs!
[17:15:36] Skipping ncRNA search, enable with --rfam if desired.
[17:15:36] Total of 0 tRNA + rRNA features
[17:15:36] Searching for CRISPR repeats
[17:15:37] Found 0 CRISPRs
[17:15:37] Predicting coding sequences
[17:15:37] Contigs total 43881 bp, so using meta mode
[17:15:37] Running: prodigal -i PROKKA_NZ_CP013619\/PROKKA_NZ_CP013619\.fna -c -m -g 11 -p meta -f sco -q
[17:15:37] Found 50 CDS
[17:15:37] Connecting features back to sequences
[17:15:37] Not using genus-specific database. Try --usegenus to enable it.
[17:15:37] Annotating CDS, please be patient.
[17:15:37] Will use 4 CPUs for similarity searching.
[17:15:37] There are still 50 unannotated CDS left (started with 50)
[17:15:37] Will use blast to search against /home/fsepulveda/Desktop/tesis/sccmec_classification/prokka-1.12/bin/../db/kingdom/Bacteria/sprot with 4 CPUs
[17:15:37] Running: cat PROKKA_NZ_CP013619\/sprot\.faa | parallel --gnu --plain -j 4 --block 1533 --recstart '>' --pipe blastp -query - -db /home/fsepulveda/Desktop/tesis/sccmec_classification/prokka-1.12/bin/../db/kingdom/Bacteria/sprot -evalue 1e-06 -num_threads 1 -num_descriptions 1 -num_alignments 1 -seg no > PROKKA_NZ_CP013619\/sprot\.blast 2> /dev/null
[17:15:38] Modify product: Probable transport protein HsrA => putative transport protein HsrA
[17:15:38] Cleaned 1 /product names
[17:15:38] Deleting unwanted file: PROKKA_NZ_CP013619/sprot.faa
[17:15:38] Deleting unwanted file: PROKKA_NZ_CP013619/sprot.blast
[17:15:38] There are still 34 unannotated CDS left (started with 50)
[17:15:38] Will use hmmer3 to search against /home/fsepulveda/Desktop/tesis/sccmec_classification/prokka-1.12/bin/../db/hmm/HAMAP.hmm with 4 CPUs
[17:15:38] Running: cat PROKKA_NZ_CP013619\/HAMAP\.hmm\.faa | parallel --gnu --plain -j 4 --block 856 --recstart '>' --pipe hmmscan --noali --notextw --acc -E 1e-06 --cpu 1 /home/fsepulveda/Desktop/tesis/sccmec_classification/prokka-1.12/bin/../db/hmm/HAMAP.hmm /dev/stdin > PROKKA_NZ_CP013619\/HAMAP\.hmm\.hmmer3 2> /dev/null
[17:15:39] Deleting unwanted file: PROKKA_NZ_CP013619/HAMAP.hmm.faa
[17:15:39] Deleting unwanted file: PROKKA_NZ_CP013619/HAMAP.hmm.hmmer3
[17:15:39] Labelling remaining 34 proteins as 'hypothetical protein'
[17:15:39] Found 15 unique /gene codes.
[17:15:39] Fixed 2 duplicate /gene - hin_1 hin_2
[17:15:39] Fixed 1 colliding /gene names.
[17:15:39] Adding /locus_tag identifiers
[17:15:39] Assigned 50 locus_tags to CDS and RNA features.
[17:15:39] Writing outputs to PROKKA_NZ_CP013619/
[17:15:39] Generating annotation statistics file
[17:15:39] Generating Genbank and Sequin files
[17:15:39] Running: tbl2asn -V b -a r10k -l paired-ends -M n -N 1 -y 'Annotated using prokka 1.12 from https://github.com/tseemann/prokka' -Z PROKKA_NZ_CP013619\/PROKKA_NZ_CP013619\.err -i PROKKA_NZ_CP013619\/PROKKA_NZ_CP013619\.fsa 2> /dev/null
[17:15:40] Deleting unwanted file: PROKKA_NZ_CP013619/errorsummary.val
[17:15:40] Deleting unwanted file: PROKKA_NZ_CP013619/PROKKA_NZ_CP013619.dr
[17:15:40] Deleting unwanted file: PROKKA_NZ_CP013619/PROKKA_NZ_CP013619.fixedproducts
[17:15:40] Deleting unwanted file: PROKKA_NZ_CP013619/PROKKA_NZ_CP013619.ecn
[17:15:40] Deleting unwanted file: PROKKA_NZ_CP013619/PROKKA_NZ_CP013619.val
[17:15:40] Repairing broken .GBK output that tbl2asn produces...
[17:15:40] Running: sed 's/COORDINATES: profile/COORDINATES:profile/' < PROKKA_NZ_CP013619\/PROKKA_NZ_CP013619\.gbf > PROKKA_NZ_CP013619\/PROKKA_NZ_CP013619\.gbk
[17:15:40] Deleting unwanted file: PROKKA_NZ_CP013619/PROKKA_NZ_CP013619.gbf
[17:15:40] Output files:
[17:15:40] PROKKA_NZ_CP013619/PROKKA_NZ_CP013619.log
[17:15:40] PROKKA_NZ_CP013619/PROKKA_NZ_CP013619.fna
[17:15:40] PROKKA_NZ_CP013619/PROKKA_NZ_CP013619.ffn
[17:15:40] PROKKA_NZ_CP013619/PROKKA_NZ_CP013619.sqn
[17:15:40] PROKKA_NZ_CP013619/PROKKA_NZ_CP013619.tbl
[17:15:40] PROKKA_NZ_CP013619/PROKKA_NZ_CP013619.gbk
[17:15:40] PROKKA_NZ_CP013619/PROKKA_NZ_CP013619.tsv
[17:15:40] PROKKA_NZ_CP013619/PROKKA_NZ_CP013619.txt
[17:15:40] PROKKA_NZ_CP013619/PROKKA_NZ_CP013619.fsa
[17:15:40] PROKKA_NZ_CP013619/PROKKA_NZ_CP013619.err
[17:15:40] PROKKA_NZ_CP013619/PROKKA_NZ_CP013619.faa
[17:15:40] PROKKA_NZ_CP013619/PROKKA_NZ_CP013619.gff
[17:15:40] Annotation finished successfully.
[17:15:40] Walltime used: 0.07 minutes
[17:15:40] If you use this result please cite the Prokka paper:
[17:15:40] Seemann T (2014) Prokka: rapid prokaryotic genome annotation. Bioinformatics. 30(14):2068-9.
[17:15:40] Type 'prokka --citation' for more details.
[17:15:40] Thank you, come again.
