Discrepancy Report Results

Summary
FATAL: BAD_LOCUS_TAG_FORMAT:56 locus tags are incorrectly formatted.
FATAL: MISSING_PROTEIN_ID:56 proteins have invalid IDs.
DISC_SOURCE_QUALS_ASNDISC:strain (all present, all unique)
DISC_SOURCE_QUALS_ASNDISC:taxname (all present, all unique)
DISC_FEATURE_COUNT:gene: 56 present
DISC_FEATURE_COUNT:CDS: 56 present
DISC_FEATURE_COUNT:mRNA: 56 present
DISC_COUNT_NUCLEOTIDES:1 nucleotide Bioseqs are present
OVERLAPPING_GENES:14 genes overlap another gene on the same strand.
DISC_QUALITY_SCORES:Quality scores are missing on all sequences.
ONCALLER_COMMENT_PRESENT:1 comment descriptors were found (all same)
SHORT_PROT_SEQUENCES:2 protein sequences are shorter than 50 aa.
MISSING_GENOMEASSEMBLY_COMMENTS:1 bioseqs are missing GenomeAssembly structured comments
MOLTYPE_NOT_MRNA:1 molecule types are not set as mRNA.
TECHNIQUE_NOT_TSA:1 technique are not set as TSA
MISSING_STRUCTURED_COMMENT:1 sequences do not include structured comments.
MISSING_PROJECT:57 sequences do not include project.
DISC_INCONSISTENT_MOLINFO_TECH:Molinfo Technique Report (some missing, all same)


Detailed Report

FATAL: DiscRep_ALL:BAD_LOCUS_TAG_FORMAT::56 locus tags are incorrectly formatted.
PROKKA_NZ_CP012120/PROKKA_NZ_CP012120:Gene	rlmH	sccmec_saures_NZ_CP012120_l55160:1-480	NZ_CP012120_SCCmec_00001
PROKKA_NZ_CP012120/PROKKA_NZ_CP012120:Gene	NZ_CP012120_SCCmec_00002	sccmec_saures_NZ_CP012120_l55160:802-2058	NZ_CP012120_SCCmec_00002
PROKKA_NZ_CP012120/PROKKA_NZ_CP012120:Gene	NZ_CP012120_SCCmec_00003	sccmec_saures_NZ_CP012120_l55160:c2840-2166	NZ_CP012120_SCCmec_00003
PROKKA_NZ_CP012120/PROKKA_NZ_CP012120:Gene	NZ_CP012120_SCCmec_00004	sccmec_saures_NZ_CP012120_l55160:3098-3265	NZ_CP012120_SCCmec_00004
PROKKA_NZ_CP012120/PROKKA_NZ_CP012120:Gene	NZ_CP012120_SCCmec_00005	sccmec_saures_NZ_CP012120_l55160:3363-3593	NZ_CP012120_SCCmec_00005
PROKKA_NZ_CP012120/PROKKA_NZ_CP012120:Gene	ugpQ	sccmec_saures_NZ_CP012120_l55160:4102-4845	NZ_CP012120_SCCmec_00006
PROKKA_NZ_CP012120/PROKKA_NZ_CP012120:Gene	paaZ	sccmec_saures_NZ_CP012120_l55160:4942-5370	NZ_CP012120_SCCmec_00007
PROKKA_NZ_CP012120/PROKKA_NZ_CP012120:Gene	pbp	sccmec_saures_NZ_CP012120_l55160:c7422-5416	NZ_CP012120_SCCmec_00008
PROKKA_NZ_CP012120/PROKKA_NZ_CP012120:Gene	mecR1	sccmec_saures_NZ_CP012120_l55160:7522-8508	NZ_CP012120_SCCmec_00009
PROKKA_NZ_CP012120/PROKKA_NZ_CP012120:Gene	NZ_CP012120_SCCmec_00010	sccmec_saures_NZ_CP012120_l55160:8468-8740	NZ_CP012120_SCCmec_00010
PROKKA_NZ_CP012120/PROKKA_NZ_CP012120:Gene	NZ_CP012120_SCCmec_00011	sccmec_saures_NZ_CP012120_l55160:c10254-8731	NZ_CP012120_SCCmec_00011
PROKKA_NZ_CP012120/PROKKA_NZ_CP012120:Gene	NZ_CP012120_SCCmec_00012	sccmec_saures_NZ_CP012120_l55160:c10896-10390	NZ_CP012120_SCCmec_00012
PROKKA_NZ_CP012120/PROKKA_NZ_CP012120:Gene	NZ_CP012120_SCCmec_00013	sccmec_saures_NZ_CP012120_l55160:c11222-10911	NZ_CP012120_SCCmec_00013
PROKKA_NZ_CP012120/PROKKA_NZ_CP012120:Gene	NZ_CP012120_SCCmec_00014	sccmec_saures_NZ_CP012120_l55160:c11659-11309	NZ_CP012120_SCCmec_00014
PROKKA_NZ_CP012120/PROKKA_NZ_CP012120:Gene	hin_1	sccmec_saures_NZ_CP012120_l55160:c13809-12181	NZ_CP012120_SCCmec_00015
PROKKA_NZ_CP012120/PROKKA_NZ_CP012120:Gene	hin_2	sccmec_saures_NZ_CP012120_l55160:c15180-13831	NZ_CP012120_SCCmec_00016
PROKKA_NZ_CP012120/PROKKA_NZ_CP012120:Gene	NZ_CP012120_SCCmec_00017	sccmec_saures_NZ_CP012120_l55160:c17201-15414	NZ_CP012120_SCCmec_00017
PROKKA_NZ_CP012120/PROKKA_NZ_CP012120:Gene	NZ_CP012120_SCCmec_00018	sccmec_saures_NZ_CP012120_l55160:c17491-17201	NZ_CP012120_SCCmec_00018
PROKKA_NZ_CP012120/PROKKA_NZ_CP012120:Gene	NZ_CP012120_SCCmec_00019	sccmec_saures_NZ_CP012120_l55160:17610-18677	NZ_CP012120_SCCmec_00019
PROKKA_NZ_CP012120/PROKKA_NZ_CP012120:Gene	NZ_CP012120_SCCmec_00020	sccmec_saures_NZ_CP012120_l55160:19350-20840	NZ_CP012120_SCCmec_00020
PROKKA_NZ_CP012120/PROKKA_NZ_CP012120:Gene	gloC	sccmec_saures_NZ_CP012120_l55160:c22468-21464	NZ_CP012120_SCCmec_00021
PROKKA_NZ_CP012120/PROKKA_NZ_CP012120:Gene	NZ_CP012120_SCCmec_00022	sccmec_saures_NZ_CP012120_l55160:22587-22724	NZ_CP012120_SCCmec_00022
PROKKA_NZ_CP012120/PROKKA_NZ_CP012120:Gene	NZ_CP012120_SCCmec_00023	sccmec_saures_NZ_CP012120_l55160:22721-23092	NZ_CP012120_SCCmec_00023
PROKKA_NZ_CP012120/PROKKA_NZ_CP012120:Gene	NZ_CP012120_SCCmec_00024	sccmec_saures_NZ_CP012120_l55160:23221-23841	NZ_CP012120_SCCmec_00024
PROKKA_NZ_CP012120/PROKKA_NZ_CP012120:Gene	NZ_CP012120_SCCmec_00025	sccmec_saures_NZ_CP012120_l55160:c24928-24758	NZ_CP012120_SCCmec_00025
PROKKA_NZ_CP012120/PROKKA_NZ_CP012120:Gene	NZ_CP012120_SCCmec_00026	sccmec_saures_NZ_CP012120_l55160:25330-26295	NZ_CP012120_SCCmec_00026
PROKKA_NZ_CP012120/PROKKA_NZ_CP012120:Gene	NZ_CP012120_SCCmec_00027	sccmec_saures_NZ_CP012120_l55160:26675-27004	NZ_CP012120_SCCmec_00027
PROKKA_NZ_CP012120/PROKKA_NZ_CP012120:Gene	NZ_CP012120_SCCmec_00028	sccmec_saures_NZ_CP012120_l55160:c27440-27081	NZ_CP012120_SCCmec_00028
PROKKA_NZ_CP012120/PROKKA_NZ_CP012120:Gene	NZ_CP012120_SCCmec_00029	sccmec_saures_NZ_CP012120_l55160:c28820-28011	NZ_CP012120_SCCmec_00029
PROKKA_NZ_CP012120/PROKKA_NZ_CP012120:Gene	NZ_CP012120_SCCmec_00030	sccmec_saures_NZ_CP012120_l55160:28840-29022	NZ_CP012120_SCCmec_00030
PROKKA_NZ_CP012120/PROKKA_NZ_CP012120:Gene	speG	sccmec_saures_NZ_CP012120_l55160:c29830-29333	NZ_CP012120_SCCmec_00031
PROKKA_NZ_CP012120/PROKKA_NZ_CP012120:Gene	adhD	sccmec_saures_NZ_CP012120_l55160:30328-31455	NZ_CP012120_SCCmec_00032
PROKKA_NZ_CP012120/PROKKA_NZ_CP012120:Gene	NZ_CP012120_SCCmec_00033	sccmec_saures_NZ_CP012120_l55160:c31934-31710	NZ_CP012120_SCCmec_00033
PROKKA_NZ_CP012120/PROKKA_NZ_CP012120:Gene	NZ_CP012120_SCCmec_00034	sccmec_saures_NZ_CP012120_l55160:c32451-31948	NZ_CP012120_SCCmec_00034
PROKKA_NZ_CP012120/PROKKA_NZ_CP012120:Gene	NZ_CP012120_SCCmec_00035	sccmec_saures_NZ_CP012120_l55160:c32778-32467	NZ_CP012120_SCCmec_00035
PROKKA_NZ_CP012120/PROKKA_NZ_CP012120:Gene	NZ_CP012120_SCCmec_00036	sccmec_saures_NZ_CP012120_l55160:c32872-32780	NZ_CP012120_SCCmec_00036
PROKKA_NZ_CP012120/PROKKA_NZ_CP012120:Gene	NZ_CP012120_SCCmec_00037	sccmec_saures_NZ_CP012120_l55160:c33215-32865	NZ_CP012120_SCCmec_00037
PROKKA_NZ_CP012120/PROKKA_NZ_CP012120:Gene	NZ_CP012120_SCCmec_00038	sccmec_saures_NZ_CP012120_l55160:34172-35029	NZ_CP012120_SCCmec_00038
PROKKA_NZ_CP012120/PROKKA_NZ_CP012120:Gene	arcC1	sccmec_saures_NZ_CP012120_l55160:c36058-35129	NZ_CP012120_SCCmec_00039
PROKKA_NZ_CP012120/PROKKA_NZ_CP012120:Gene	argF	sccmec_saures_NZ_CP012120_l55160:c37076-36078	NZ_CP012120_SCCmec_00040
PROKKA_NZ_CP012120/PROKKA_NZ_CP012120:Gene	arcR	sccmec_saures_NZ_CP012120_l55160:c37803-37114	NZ_CP012120_SCCmec_00041
PROKKA_NZ_CP012120/PROKKA_NZ_CP012120:Gene	arcD	sccmec_saures_NZ_CP012120_l55160:c39266-37845	NZ_CP012120_SCCmec_00042
PROKKA_NZ_CP012120/PROKKA_NZ_CP012120:Gene	arcA	sccmec_saures_NZ_CP012120_l55160:c40587-39352	NZ_CP012120_SCCmec_00043
PROKKA_NZ_CP012120/PROKKA_NZ_CP012120:Gene	argR	sccmec_saures_NZ_CP012120_l55160:c41302-40856	NZ_CP012120_SCCmec_00044
PROKKA_NZ_CP012120/PROKKA_NZ_CP012120:Gene	NZ_CP012120_SCCmec_00045	sccmec_saures_NZ_CP012120_l55160:41803-42234	NZ_CP012120_SCCmec_00045
PROKKA_NZ_CP012120/PROKKA_NZ_CP012120:Gene	NZ_CP012120_SCCmec_00046	sccmec_saures_NZ_CP012120_l55160:42507-42752	NZ_CP012120_SCCmec_00046
PROKKA_NZ_CP012120/PROKKA_NZ_CP012120:Gene	NZ_CP012120_SCCmec_00047	sccmec_saures_NZ_CP012120_l55160:43368-44183	NZ_CP012120_SCCmec_00047
PROKKA_NZ_CP012120/PROKKA_NZ_CP012120:Gene	NZ_CP012120_SCCmec_00048	sccmec_saures_NZ_CP012120_l55160:44610-45683	NZ_CP012120_SCCmec_00048
PROKKA_NZ_CP012120/PROKKA_NZ_CP012120:Gene	cmoB	sccmec_saures_NZ_CP012120_l55160:45943-46635	NZ_CP012120_SCCmec_00049
PROKKA_NZ_CP012120/PROKKA_NZ_CP012120:Gene	nikA	sccmec_saures_NZ_CP012120_l55160:46632-48185	NZ_CP012120_SCCmec_00050
PROKKA_NZ_CP012120/PROKKA_NZ_CP012120:Gene	nikB	sccmec_saures_NZ_CP012120_l55160:48188-49144	NZ_CP012120_SCCmec_00051
PROKKA_NZ_CP012120/PROKKA_NZ_CP012120:Gene	gsiD	sccmec_saures_NZ_CP012120_l55160:49144-49911	NZ_CP012120_SCCmec_00052
PROKKA_NZ_CP012120/PROKKA_NZ_CP012120:Gene	oppD	sccmec_saures_NZ_CP012120_l55160:49878-50645	NZ_CP012120_SCCmec_00053
PROKKA_NZ_CP012120/PROKKA_NZ_CP012120:Gene	nikE	sccmec_saures_NZ_CP012120_l55160:50638-51273	NZ_CP012120_SCCmec_00054
PROKKA_NZ_CP012120/PROKKA_NZ_CP012120:Gene	copB	sccmec_saures_NZ_CP012120_l55160:52233-54356	NZ_CP012120_SCCmec_00055
PROKKA_NZ_CP012120/PROKKA_NZ_CP012120:Gene	NZ_CP012120_SCCmec_00056	sccmec_saures_NZ_CP012120_l55160:54374-54919	NZ_CP012120_SCCmec_00056

FATAL: DiscRep_ALL:MISSING_PROTEIN_ID::56 proteins have invalid IDs.
PROKKA_NZ_CP012120/PROKKA_NZ_CP012120:sccmec_saures_NZ_CP012120_l55160_1 (length 159)
PROKKA_NZ_CP012120/PROKKA_NZ_CP012120:sccmec_saures_NZ_CP012120_l55160_2 (length 418)
PROKKA_NZ_CP012120/PROKKA_NZ_CP012120:sccmec_saures_NZ_CP012120_l55160_3 (length 224)
PROKKA_NZ_CP012120/PROKKA_NZ_CP012120:sccmec_saures_NZ_CP012120_l55160_4 (length 55)
PROKKA_NZ_CP012120/PROKKA_NZ_CP012120:sccmec_saures_NZ_CP012120_l55160_5 (length 76)
PROKKA_NZ_CP012120/PROKKA_NZ_CP012120:sccmec_saures_NZ_CP012120_l55160_6 (length 247)
PROKKA_NZ_CP012120/PROKKA_NZ_CP012120:sccmec_saures_NZ_CP012120_l55160_7 (length 142)
PROKKA_NZ_CP012120/PROKKA_NZ_CP012120:sccmec_saures_NZ_CP012120_l55160_8 (length 668)
PROKKA_NZ_CP012120/PROKKA_NZ_CP012120:sccmec_saures_NZ_CP012120_l55160_9 (length 328)
PROKKA_NZ_CP012120/PROKKA_NZ_CP012120:sccmec_saures_NZ_CP012120_l55160_10 (length 90)
PROKKA_NZ_CP012120/PROKKA_NZ_CP012120:sccmec_saures_NZ_CP012120_l55160_11 (length 507)
PROKKA_NZ_CP012120/PROKKA_NZ_CP012120:sccmec_saures_NZ_CP012120_l55160_12 (length 168)
PROKKA_NZ_CP012120/PROKKA_NZ_CP012120:sccmec_saures_NZ_CP012120_l55160_13 (length 103)
PROKKA_NZ_CP012120/PROKKA_NZ_CP012120:sccmec_saures_NZ_CP012120_l55160_14 (length 116)
PROKKA_NZ_CP012120/PROKKA_NZ_CP012120:sccmec_saures_NZ_CP012120_l55160_15 (length 542)
PROKKA_NZ_CP012120/PROKKA_NZ_CP012120:sccmec_saures_NZ_CP012120_l55160_16 (length 449)
PROKKA_NZ_CP012120/PROKKA_NZ_CP012120:sccmec_saures_NZ_CP012120_l55160_17 (length 595)
PROKKA_NZ_CP012120/PROKKA_NZ_CP012120:sccmec_saures_NZ_CP012120_l55160_18 (length 96)
PROKKA_NZ_CP012120/PROKKA_NZ_CP012120:sccmec_saures_NZ_CP012120_l55160_19 (length 355)
PROKKA_NZ_CP012120/PROKKA_NZ_CP012120:sccmec_saures_NZ_CP012120_l55160_20 (length 496)
PROKKA_NZ_CP012120/PROKKA_NZ_CP012120:sccmec_saures_NZ_CP012120_l55160_21 (length 334)
PROKKA_NZ_CP012120/PROKKA_NZ_CP012120:sccmec_saures_NZ_CP012120_l55160_22 (length 45)
PROKKA_NZ_CP012120/PROKKA_NZ_CP012120:sccmec_saures_NZ_CP012120_l55160_23 (length 123)
PROKKA_NZ_CP012120/PROKKA_NZ_CP012120:sccmec_saures_NZ_CP012120_l55160_24 (length 206)
PROKKA_NZ_CP012120/PROKKA_NZ_CP012120:sccmec_saures_NZ_CP012120_l55160_25 (length 56)
PROKKA_NZ_CP012120/PROKKA_NZ_CP012120:sccmec_saures_NZ_CP012120_l55160_26 (length 321)
PROKKA_NZ_CP012120/PROKKA_NZ_CP012120:sccmec_saures_NZ_CP012120_l55160_27 (length 109)
PROKKA_NZ_CP012120/PROKKA_NZ_CP012120:sccmec_saures_NZ_CP012120_l55160_28 (length 119)
PROKKA_NZ_CP012120/PROKKA_NZ_CP012120:sccmec_saures_NZ_CP012120_l55160_29 (length 269)
PROKKA_NZ_CP012120/PROKKA_NZ_CP012120:sccmec_saures_NZ_CP012120_l55160_30 (length 60)
PROKKA_NZ_CP012120/PROKKA_NZ_CP012120:sccmec_saures_NZ_CP012120_l55160_31 (length 165)
PROKKA_NZ_CP012120/PROKKA_NZ_CP012120:sccmec_saures_NZ_CP012120_l55160_32 (length 375)
PROKKA_NZ_CP012120/PROKKA_NZ_CP012120:sccmec_saures_NZ_CP012120_l55160_33 (length 74)
PROKKA_NZ_CP012120/PROKKA_NZ_CP012120:sccmec_saures_NZ_CP012120_l55160_34 (length 167)
PROKKA_NZ_CP012120/PROKKA_NZ_CP012120:sccmec_saures_NZ_CP012120_l55160_35 (length 103)
PROKKA_NZ_CP012120/PROKKA_NZ_CP012120:sccmec_saures_NZ_CP012120_l55160_36 (length 30)
PROKKA_NZ_CP012120/PROKKA_NZ_CP012120:sccmec_saures_NZ_CP012120_l55160_37 (length 116)
PROKKA_NZ_CP012120/PROKKA_NZ_CP012120:sccmec_saures_NZ_CP012120_l55160_38 (length 285)
PROKKA_NZ_CP012120/PROKKA_NZ_CP012120:sccmec_saures_NZ_CP012120_l55160_39 (length 309)
PROKKA_NZ_CP012120/PROKKA_NZ_CP012120:sccmec_saures_NZ_CP012120_l55160_40 (length 332)
PROKKA_NZ_CP012120/PROKKA_NZ_CP012120:sccmec_saures_NZ_CP012120_l55160_41 (length 229)
PROKKA_NZ_CP012120/PROKKA_NZ_CP012120:sccmec_saures_NZ_CP012120_l55160_42 (length 473)
PROKKA_NZ_CP012120/PROKKA_NZ_CP012120:sccmec_saures_NZ_CP012120_l55160_43 (length 411)
PROKKA_NZ_CP012120/PROKKA_NZ_CP012120:sccmec_saures_NZ_CP012120_l55160_44 (length 148)
PROKKA_NZ_CP012120/PROKKA_NZ_CP012120:sccmec_saures_NZ_CP012120_l55160_45 (length 143)
PROKKA_NZ_CP012120/PROKKA_NZ_CP012120:sccmec_saures_NZ_CP012120_l55160_46 (length 81)
PROKKA_NZ_CP012120/PROKKA_NZ_CP012120:sccmec_saures_NZ_CP012120_l55160_47 (length 271)
PROKKA_NZ_CP012120/PROKKA_NZ_CP012120:sccmec_saures_NZ_CP012120_l55160_48 (length 357)
PROKKA_NZ_CP012120/PROKKA_NZ_CP012120:sccmec_saures_NZ_CP012120_l55160_49 (length 230)
PROKKA_NZ_CP012120/PROKKA_NZ_CP012120:sccmec_saures_NZ_CP012120_l55160_50 (length 517)
PROKKA_NZ_CP012120/PROKKA_NZ_CP012120:sccmec_saures_NZ_CP012120_l55160_51 (length 318)
PROKKA_NZ_CP012120/PROKKA_NZ_CP012120:sccmec_saures_NZ_CP012120_l55160_52 (length 255)
PROKKA_NZ_CP012120/PROKKA_NZ_CP012120:sccmec_saures_NZ_CP012120_l55160_53 (length 255)
PROKKA_NZ_CP012120/PROKKA_NZ_CP012120:sccmec_saures_NZ_CP012120_l55160_54 (length 211)
PROKKA_NZ_CP012120/PROKKA_NZ_CP012120:sccmec_saures_NZ_CP012120_l55160_55 (length 707)
PROKKA_NZ_CP012120/PROKKA_NZ_CP012120:sccmec_saures_NZ_CP012120_l55160_56 (length 181)

DiscRep_ALL:DISC_SOURCE_QUALS_ASNDISC::strain (all present, all unique)
DiscRep_SUB:DISC_SOURCE_QUALS_ASNDISC::1 sources have unique values for strain
DiscRep_ALL:DISC_SOURCE_QUALS_ASNDISC::taxname (all present, all unique)
DiscRep_SUB:DISC_SOURCE_QUALS_ASNDISC::1 sources have unique values for taxname
DiscRep_ALL:DISC_FEATURE_COUNT::gene: 56 present
DiscRep_ALL:DISC_FEATURE_COUNT::CDS: 56 present
DiscRep_ALL:DISC_FEATURE_COUNT::mRNA: 56 present
DiscRep_ALL:DISC_COUNT_NUCLEOTIDES::1 nucleotide Bioseqs are present
PROKKA_NZ_CP012120/PROKKA_NZ_CP012120:sccmec_saures_NZ_CP012120_l55160 (length 55160)

DiscRep_ALL:OVERLAPPING_GENES::14 genes overlap another gene on the same strand.
PROKKA_NZ_CP012120/PROKKA_NZ_CP012120:Gene	mecR1	sccmec_saures_NZ_CP012120_l55160:7522-8508	NZ_CP012120_SCCmec_00009
PROKKA_NZ_CP012120/PROKKA_NZ_CP012120:Gene	NZ_CP012120_SCCmec_00010	sccmec_saures_NZ_CP012120_l55160:8468-8740	NZ_CP012120_SCCmec_00010
PROKKA_NZ_CP012120/PROKKA_NZ_CP012120:Gene	NZ_CP012120_SCCmec_00017	sccmec_saures_NZ_CP012120_l55160:c17201-15414	NZ_CP012120_SCCmec_00017
PROKKA_NZ_CP012120/PROKKA_NZ_CP012120:Gene	NZ_CP012120_SCCmec_00018	sccmec_saures_NZ_CP012120_l55160:c17491-17201	NZ_CP012120_SCCmec_00018
PROKKA_NZ_CP012120/PROKKA_NZ_CP012120:Gene	NZ_CP012120_SCCmec_00022	sccmec_saures_NZ_CP012120_l55160:22587-22724	NZ_CP012120_SCCmec_00022
PROKKA_NZ_CP012120/PROKKA_NZ_CP012120:Gene	NZ_CP012120_SCCmec_00023	sccmec_saures_NZ_CP012120_l55160:22721-23092	NZ_CP012120_SCCmec_00023
PROKKA_NZ_CP012120/PROKKA_NZ_CP012120:Gene	NZ_CP012120_SCCmec_00036	sccmec_saures_NZ_CP012120_l55160:c32872-32780	NZ_CP012120_SCCmec_00036
PROKKA_NZ_CP012120/PROKKA_NZ_CP012120:Gene	NZ_CP012120_SCCmec_00037	sccmec_saures_NZ_CP012120_l55160:c33215-32865	NZ_CP012120_SCCmec_00037
PROKKA_NZ_CP012120/PROKKA_NZ_CP012120:Gene	cmoB	sccmec_saures_NZ_CP012120_l55160:45943-46635	NZ_CP012120_SCCmec_00049
PROKKA_NZ_CP012120/PROKKA_NZ_CP012120:Gene	nikA	sccmec_saures_NZ_CP012120_l55160:46632-48185	NZ_CP012120_SCCmec_00050
PROKKA_NZ_CP012120/PROKKA_NZ_CP012120:Gene	nikB	sccmec_saures_NZ_CP012120_l55160:48188-49144	NZ_CP012120_SCCmec_00051
PROKKA_NZ_CP012120/PROKKA_NZ_CP012120:Gene	gsiD	sccmec_saures_NZ_CP012120_l55160:49144-49911	NZ_CP012120_SCCmec_00052
PROKKA_NZ_CP012120/PROKKA_NZ_CP012120:Gene	oppD	sccmec_saures_NZ_CP012120_l55160:49878-50645	NZ_CP012120_SCCmec_00053
PROKKA_NZ_CP012120/PROKKA_NZ_CP012120:Gene	nikE	sccmec_saures_NZ_CP012120_l55160:50638-51273	NZ_CP012120_SCCmec_00054

DiscRep_ALL:DISC_QUALITY_SCORES::Quality scores are missing on all sequences.

DiscRep_ALL:ONCALLER_COMMENT_PRESENT::1 comment descriptors were found (all same)
PROKKA_NZ_CP012120/PROKKA_NZ_CP012120:sccmec_saures_NZ_CP012120_l55160:Annotated using prokka 1.12 from https://github.com/tseemann/prokka

DiscRep_ALL:SHORT_PROT_SEQUENCES::2 protein sequences are shorter than 50 aa.
PROKKA_NZ_CP012120/PROKKA_NZ_CP012120:sccmec_saures_NZ_CP012120_l55160_22 (length 45)
PROKKA_NZ_CP012120/PROKKA_NZ_CP012120:sccmec_saures_NZ_CP012120_l55160_36 (length 30)

DiscRep_ALL:MISSING_GENOMEASSEMBLY_COMMENTS::1 bioseqs are missing GenomeAssembly structured comments
PROKKA_NZ_CP012120/PROKKA_NZ_CP012120:sccmec_saures_NZ_CP012120_l55160 (length 55160)

DiscRep_ALL:MOLTYPE_NOT_MRNA::1 molecule types are not set as mRNA.
PROKKA_NZ_CP012120/PROKKA_NZ_CP012120:sccmec_saures_NZ_CP012120_l55160 (length 55160)

DiscRep_ALL:TECHNIQUE_NOT_TSA::1 technique are not set as TSA
PROKKA_NZ_CP012120/PROKKA_NZ_CP012120:sccmec_saures_NZ_CP012120_l55160 (length 55160)

DiscRep_ALL:MISSING_STRUCTURED_COMMENT::1 sequences do not include structured comments.
PROKKA_NZ_CP012120/PROKKA_NZ_CP012120:sccmec_saures_NZ_CP012120_l55160 (length 55160)

DiscRep_ALL:MISSING_PROJECT::57 sequences do not include project.
PROKKA_NZ_CP012120/PROKKA_NZ_CP012120:sccmec_saures_NZ_CP012120_l55160 (length 55160)
PROKKA_NZ_CP012120/PROKKA_NZ_CP012120:sccmec_saures_NZ_CP012120_l55160_1 (length 159)
PROKKA_NZ_CP012120/PROKKA_NZ_CP012120:sccmec_saures_NZ_CP012120_l55160_2 (length 418)
PROKKA_NZ_CP012120/PROKKA_NZ_CP012120:sccmec_saures_NZ_CP012120_l55160_3 (length 224)
PROKKA_NZ_CP012120/PROKKA_NZ_CP012120:sccmec_saures_NZ_CP012120_l55160_4 (length 55)
PROKKA_NZ_CP012120/PROKKA_NZ_CP012120:sccmec_saures_NZ_CP012120_l55160_5 (length 76)
PROKKA_NZ_CP012120/PROKKA_NZ_CP012120:sccmec_saures_NZ_CP012120_l55160_6 (length 247)
PROKKA_NZ_CP012120/PROKKA_NZ_CP012120:sccmec_saures_NZ_CP012120_l55160_7 (length 142)
PROKKA_NZ_CP012120/PROKKA_NZ_CP012120:sccmec_saures_NZ_CP012120_l55160_8 (length 668)
PROKKA_NZ_CP012120/PROKKA_NZ_CP012120:sccmec_saures_NZ_CP012120_l55160_9 (length 328)
PROKKA_NZ_CP012120/PROKKA_NZ_CP012120:sccmec_saures_NZ_CP012120_l55160_10 (length 90)
PROKKA_NZ_CP012120/PROKKA_NZ_CP012120:sccmec_saures_NZ_CP012120_l55160_11 (length 507)
PROKKA_NZ_CP012120/PROKKA_NZ_CP012120:sccmec_saures_NZ_CP012120_l55160_12 (length 168)
PROKKA_NZ_CP012120/PROKKA_NZ_CP012120:sccmec_saures_NZ_CP012120_l55160_13 (length 103)
PROKKA_NZ_CP012120/PROKKA_NZ_CP012120:sccmec_saures_NZ_CP012120_l55160_14 (length 116)
PROKKA_NZ_CP012120/PROKKA_NZ_CP012120:sccmec_saures_NZ_CP012120_l55160_15 (length 542)
PROKKA_NZ_CP012120/PROKKA_NZ_CP012120:sccmec_saures_NZ_CP012120_l55160_16 (length 449)
PROKKA_NZ_CP012120/PROKKA_NZ_CP012120:sccmec_saures_NZ_CP012120_l55160_17 (length 595)
PROKKA_NZ_CP012120/PROKKA_NZ_CP012120:sccmec_saures_NZ_CP012120_l55160_18 (length 96)
PROKKA_NZ_CP012120/PROKKA_NZ_CP012120:sccmec_saures_NZ_CP012120_l55160_19 (length 355)
PROKKA_NZ_CP012120/PROKKA_NZ_CP012120:sccmec_saures_NZ_CP012120_l55160_20 (length 496)
PROKKA_NZ_CP012120/PROKKA_NZ_CP012120:sccmec_saures_NZ_CP012120_l55160_21 (length 334)
PROKKA_NZ_CP012120/PROKKA_NZ_CP012120:sccmec_saures_NZ_CP012120_l55160_22 (length 45)
PROKKA_NZ_CP012120/PROKKA_NZ_CP012120:sccmec_saures_NZ_CP012120_l55160_23 (length 123)
PROKKA_NZ_CP012120/PROKKA_NZ_CP012120:sccmec_saures_NZ_CP012120_l55160_24 (length 206)
PROKKA_NZ_CP012120/PROKKA_NZ_CP012120:sccmec_saures_NZ_CP012120_l55160_25 (length 56)
PROKKA_NZ_CP012120/PROKKA_NZ_CP012120:sccmec_saures_NZ_CP012120_l55160_26 (length 321)
PROKKA_NZ_CP012120/PROKKA_NZ_CP012120:sccmec_saures_NZ_CP012120_l55160_27 (length 109)
PROKKA_NZ_CP012120/PROKKA_NZ_CP012120:sccmec_saures_NZ_CP012120_l55160_28 (length 119)
PROKKA_NZ_CP012120/PROKKA_NZ_CP012120:sccmec_saures_NZ_CP012120_l55160_29 (length 269)
PROKKA_NZ_CP012120/PROKKA_NZ_CP012120:sccmec_saures_NZ_CP012120_l55160_30 (length 60)
PROKKA_NZ_CP012120/PROKKA_NZ_CP012120:sccmec_saures_NZ_CP012120_l55160_31 (length 165)
PROKKA_NZ_CP012120/PROKKA_NZ_CP012120:sccmec_saures_NZ_CP012120_l55160_32 (length 375)
PROKKA_NZ_CP012120/PROKKA_NZ_CP012120:sccmec_saures_NZ_CP012120_l55160_33 (length 74)
PROKKA_NZ_CP012120/PROKKA_NZ_CP012120:sccmec_saures_NZ_CP012120_l55160_34 (length 167)
PROKKA_NZ_CP012120/PROKKA_NZ_CP012120:sccmec_saures_NZ_CP012120_l55160_35 (length 103)
PROKKA_NZ_CP012120/PROKKA_NZ_CP012120:sccmec_saures_NZ_CP012120_l55160_36 (length 30)
PROKKA_NZ_CP012120/PROKKA_NZ_CP012120:sccmec_saures_NZ_CP012120_l55160_37 (length 116)
PROKKA_NZ_CP012120/PROKKA_NZ_CP012120:sccmec_saures_NZ_CP012120_l55160_38 (length 285)
PROKKA_NZ_CP012120/PROKKA_NZ_CP012120:sccmec_saures_NZ_CP012120_l55160_39 (length 309)
PROKKA_NZ_CP012120/PROKKA_NZ_CP012120:sccmec_saures_NZ_CP012120_l55160_40 (length 332)
PROKKA_NZ_CP012120/PROKKA_NZ_CP012120:sccmec_saures_NZ_CP012120_l55160_41 (length 229)
PROKKA_NZ_CP012120/PROKKA_NZ_CP012120:sccmec_saures_NZ_CP012120_l55160_42 (length 473)
PROKKA_NZ_CP012120/PROKKA_NZ_CP012120:sccmec_saures_NZ_CP012120_l55160_43 (length 411)
PROKKA_NZ_CP012120/PROKKA_NZ_CP012120:sccmec_saures_NZ_CP012120_l55160_44 (length 148)
PROKKA_NZ_CP012120/PROKKA_NZ_CP012120:sccmec_saures_NZ_CP012120_l55160_45 (length 143)
PROKKA_NZ_CP012120/PROKKA_NZ_CP012120:sccmec_saures_NZ_CP012120_l55160_46 (length 81)
PROKKA_NZ_CP012120/PROKKA_NZ_CP012120:sccmec_saures_NZ_CP012120_l55160_47 (length 271)
PROKKA_NZ_CP012120/PROKKA_NZ_CP012120:sccmec_saures_NZ_CP012120_l55160_48 (length 357)
PROKKA_NZ_CP012120/PROKKA_NZ_CP012120:sccmec_saures_NZ_CP012120_l55160_49 (length 230)
PROKKA_NZ_CP012120/PROKKA_NZ_CP012120:sccmec_saures_NZ_CP012120_l55160_50 (length 517)
PROKKA_NZ_CP012120/PROKKA_NZ_CP012120:sccmec_saures_NZ_CP012120_l55160_51 (length 318)
PROKKA_NZ_CP012120/PROKKA_NZ_CP012120:sccmec_saures_NZ_CP012120_l55160_52 (length 255)
PROKKA_NZ_CP012120/PROKKA_NZ_CP012120:sccmec_saures_NZ_CP012120_l55160_53 (length 255)
PROKKA_NZ_CP012120/PROKKA_NZ_CP012120:sccmec_saures_NZ_CP012120_l55160_54 (length 211)
PROKKA_NZ_CP012120/PROKKA_NZ_CP012120:sccmec_saures_NZ_CP012120_l55160_55 (length 707)
PROKKA_NZ_CP012120/PROKKA_NZ_CP012120:sccmec_saures_NZ_CP012120_l55160_56 (length 181)

DiscRep_ALL:DISC_INCONSISTENT_MOLINFO_TECH::Molinfo Technique Report (some missing, all same)
DiscRep_SUB:DISC_INCONSISTENT_MOLINFO_TECH::technique (all missing)
DiscRep_SUB:DISC_INCONSISTENT_MOLINFO_TECH::1 Molinfos are missing field technique
PROKKA_NZ_CP012120/PROKKA_NZ_CP012120:sccmec_saures_NZ_CP012120_l55160 (length 55160)

