[17:11:14] This is prokka 1.12
[17:11:14] Written by Torsten Seemann <torsten.seemann@gmail.com>
[17:11:14] Homepage is https://github.com/tseemann/prokka
[17:11:14] Local time is Mon May 15 17:11:14 2017
[17:11:14] You are fsepulveda
[17:11:14] Operating system is linux
[17:11:14] You have BioPerl 1.006924
[17:11:14] System has 4 cores.
[17:11:14] Option --cpu asked for 8 cores, but system only has 4
[17:11:14] Will use maximum of 4 cores.
[17:11:14] Annotating as >>> Bacteria <<<
[17:11:14] Creating new output folder: PROKKA_HF937103
[17:11:14] Running: mkdir -p PROKKA_HF937103
[17:11:14] Using filename prefix: PROKKA_HF937103.XXX
[17:11:14] Setting HMMER_NCPU=1
[17:11:14] Writing log to: PROKKA_HF937103/PROKKA_HF937103.log
[17:11:14] Command: /home/fsepulveda/Desktop/tesis/sccmec_classification/prokka-1.12/bin/prokka --genus Staphylococcus --prefix PROKKA_HF937103 --addgenes --addmrna --locustag HF937103_SCCmec /home/fsepulveda/Documents/parte2/229_sccmec/sccmec_HF937103.fasta
[17:11:14] Appending to PATH: /home/fsepulveda/Desktop/tesis/sccmec_classification/prokka-1.12/bin/../binaries/linux
[17:11:14] Appending to PATH: /home/fsepulveda/Desktop/tesis/sccmec_classification/prokka-1.12/bin/../binaries/linux/../common
[17:11:14] Appending to PATH: /home/fsepulveda/Desktop/tesis/sccmec_classification/prokka-1.12/bin
[17:11:14] Looking for 'aragorn' - found /home/fsepulveda/Desktop/tesis/sccmec_classification/prokka-1.12/bin/../binaries/linux/aragorn
[17:11:14] Determined aragorn version is 1.2
[17:11:14] Looking for 'blastp' - found /usr/bin/blastp
[17:11:14] Determined blastp version is 2.2
[17:11:14] Looking for 'cmpress' - found /usr/bin/cmpress
[17:11:14] Determined cmpress version is 1.1
[17:11:14] Looking for 'cmscan' - found /usr/bin/cmscan
[17:11:14] Determined cmscan version is 1.1
[17:11:14] Looking for 'egrep' - found /bin/egrep
[17:11:14] Looking for 'find' - found /usr/bin/find
[17:11:14] Looking for 'grep' - found /bin/grep
[17:11:14] Looking for 'hmmpress' - found /usr/bin/hmmpress
[17:11:14] Determined hmmpress version is 3.1
[17:11:14] Looking for 'hmmscan' - found /usr/bin/hmmscan
[17:11:14] Determined hmmscan version is 3.1
[17:11:14] Looking for 'java' - found /usr/bin/java
[17:11:14] Looking for 'less' - found /usr/bin/less
[17:11:14] Looking for 'makeblastdb' - found /usr/bin/makeblastdb
[17:11:14] Determined makeblastdb version is 2.2
[17:11:14] Looking for 'minced' - found /home/fsepulveda/Desktop/tesis/sccmec_classification/prokka-1.12/bin/../binaries/linux/../common/minced
[17:11:15] Determined minced version is 2.0
[17:11:15] Looking for 'parallel' - found /home/fsepulveda/Desktop/tesis/sccmec_classification/prokka-1.12/bin/../binaries/linux/../common/parallel
[17:11:15] Determined parallel version is 20150122
[17:11:15] Looking for 'prodigal' - found /home/fsepulveda/Desktop/tesis/sccmec_classification/prokka-1.12/bin/../binaries/linux/prodigal
[17:11:15] Determined prodigal version is 2.6
[17:11:15] Looking for 'prokka-genbank_to_fasta_db' - found /home/fsepulveda/Desktop/tesis/sccmec_classification/prokka-1.12/bin/prokka-genbank_to_fasta_db
[17:11:15] Looking for 'sed' - found /bin/sed
[17:11:15] Looking for 'tbl2asn' - found /home/fsepulveda/Desktop/tesis/sccmec_classification/prokka-1.12/bin/../binaries/linux/tbl2asn
[17:11:15] Determined tbl2asn version is 25.3
[17:11:15] Using genetic code table 11.
[17:11:15] Loading and checking input file: /home/fsepulveda/Documents/parte2/229_sccmec/sccmec_HF937103.fasta
[17:11:15] Wrote 1 contigs totalling 54362 bp.
[17:11:15] Predicting tRNAs and tmRNAs
[17:11:15] Running: aragorn -l -gc11  -w PROKKA_HF937103\/PROKKA_HF937103\.fna
[17:11:15] Found 0 tRNAs
[17:11:15] Predicting Ribosomal RNAs
[17:11:15] You need either Barrnap or RNAmmer installed to predict rRNAs!
[17:11:15] Skipping ncRNA search, enable with --rfam if desired.
[17:11:15] Total of 0 tRNA + rRNA features
[17:11:15] Searching for CRISPR repeats
[17:11:15] Found 0 CRISPRs
[17:11:15] Predicting coding sequences
[17:11:15] Contigs total 54362 bp, so using meta mode
[17:11:15] Running: prodigal -i PROKKA_HF937103\/PROKKA_HF937103\.fna -c -m -g 11 -p meta -f sco -q
[17:11:15] Found 60 CDS
[17:11:15] Connecting features back to sequences
[17:11:15] Not using genus-specific database. Try --usegenus to enable it.
[17:11:15] Annotating CDS, please be patient.
[17:11:15] Will use 4 CPUs for similarity searching.
[17:11:15] There are still 60 unannotated CDS left (started with 60)
[17:11:15] Will use blast to search against /home/fsepulveda/Desktop/tesis/sccmec_classification/prokka-1.12/bin/../db/kingdom/Bacteria/sprot with 4 CPUs
[17:11:15] Running: cat PROKKA_HF937103\/sprot\.faa | parallel --gnu --plain -j 4 --block 1776 --recstart '>' --pipe blastp -query - -db /home/fsepulveda/Desktop/tesis/sccmec_classification/prokka-1.12/bin/../db/kingdom/Bacteria/sprot -evalue 1e-06 -num_threads 1 -num_descriptions 1 -num_alignments 1 -seg no > PROKKA_HF937103\/sprot\.blast 2> /dev/null
[17:11:17] Modify product: Putative monooxygenase Rv1533 => Putative monooxygenase
[17:11:17] Cleaned 1 /product names
[17:11:17] Deleting unwanted file: PROKKA_HF937103/sprot.faa
[17:11:17] Deleting unwanted file: PROKKA_HF937103/sprot.blast
[17:11:17] There are still 38 unannotated CDS left (started with 60)
[17:11:17] Will use hmmer3 to search against /home/fsepulveda/Desktop/tesis/sccmec_classification/prokka-1.12/bin/../db/hmm/HAMAP.hmm with 4 CPUs
[17:11:17] Running: cat PROKKA_HF937103\/HAMAP\.hmm\.faa | parallel --gnu --plain -j 4 --block 893 --recstart '>' --pipe hmmscan --noali --notextw --acc -E 1e-06 --cpu 1 /home/fsepulveda/Desktop/tesis/sccmec_classification/prokka-1.12/bin/../db/hmm/HAMAP.hmm /dev/stdin > PROKKA_HF937103\/HAMAP\.hmm\.hmmer3 2> /dev/null
[17:11:18] Deleting unwanted file: PROKKA_HF937103/HAMAP.hmm.faa
[17:11:18] Deleting unwanted file: PROKKA_HF937103/HAMAP.hmm.hmmer3
[17:11:18] Labelling remaining 38 proteins as 'hypothetical protein'
[17:11:18] Possible /pseudo 'DNA-invertase hin' at sccmec_saures_HF937103_l54362 position 44064
[17:11:18] Found 19 unique /gene codes.
[17:11:18] Fixed 3 duplicate /gene - hin_1 hin_2 hin_3
[17:11:18] Fixed 1 colliding /gene names.
[17:11:18] Adding /locus_tag identifiers
[17:11:18] Assigned 60 locus_tags to CDS and RNA features.
[17:11:18] Writing outputs to PROKKA_HF937103/
[17:11:18] Generating annotation statistics file
[17:11:18] Generating Genbank and Sequin files
[17:11:18] Running: tbl2asn -V b -a r10k -l paired-ends -M n -N 1 -y 'Annotated using prokka 1.12 from https://github.com/tseemann/prokka' -Z PROKKA_HF937103\/PROKKA_HF937103\.err -i PROKKA_HF937103\/PROKKA_HF937103\.fsa 2> /dev/null
[17:11:18] Deleting unwanted file: PROKKA_HF937103/errorsummary.val
[17:11:18] Deleting unwanted file: PROKKA_HF937103/PROKKA_HF937103.dr
[17:11:18] Deleting unwanted file: PROKKA_HF937103/PROKKA_HF937103.fixedproducts
[17:11:18] Deleting unwanted file: PROKKA_HF937103/PROKKA_HF937103.ecn
[17:11:18] Deleting unwanted file: PROKKA_HF937103/PROKKA_HF937103.val
[17:11:18] Repairing broken .GBK output that tbl2asn produces...
[17:11:18] Running: sed 's/COORDINATES: profile/COORDINATES:profile/' < PROKKA_HF937103\/PROKKA_HF937103\.gbf > PROKKA_HF937103\/PROKKA_HF937103\.gbk
[17:11:18] Deleting unwanted file: PROKKA_HF937103/PROKKA_HF937103.gbf
[17:11:18] Output files:
[17:11:18] PROKKA_HF937103/PROKKA_HF937103.fsa
[17:11:18] PROKKA_HF937103/PROKKA_HF937103.tsv
[17:11:18] PROKKA_HF937103/PROKKA_HF937103.gff
[17:11:18] PROKKA_HF937103/PROKKA_HF937103.ffn
[17:11:18] PROKKA_HF937103/PROKKA_HF937103.err
[17:11:18] PROKKA_HF937103/PROKKA_HF937103.gbk
[17:11:18] PROKKA_HF937103/PROKKA_HF937103.sqn
[17:11:18] PROKKA_HF937103/PROKKA_HF937103.tbl
[17:11:18] PROKKA_HF937103/PROKKA_HF937103.txt
[17:11:18] PROKKA_HF937103/PROKKA_HF937103.fna
[17:11:18] PROKKA_HF937103/PROKKA_HF937103.log
[17:11:18] PROKKA_HF937103/PROKKA_HF937103.faa
[17:11:18] Annotation finished successfully.
[17:11:18] Walltime used: 0.07 minutes
[17:11:18] If you use this result please cite the Prokka paper:
[17:11:18] Seemann T (2014) Prokka: rapid prokaryotic genome annotation. Bioinformatics. 30(14):2068-9.
[17:11:18] Type 'prokka --citation' for more details.
[17:11:18] Thank you, come again.
