Discrepancy Report Results

Summary
FATAL: BAD_LOCUS_TAG_FORMAT:60 locus tags are incorrectly formatted.
FATAL: MISSING_PROTEIN_ID:60 proteins have invalid IDs.
DISC_SOURCE_QUALS_ASNDISC:strain (all present, all unique)
DISC_SOURCE_QUALS_ASNDISC:taxname (all present, all unique)
DISC_FEATURE_COUNT:gene: 60 present
DISC_FEATURE_COUNT:CDS: 60 present
DISC_FEATURE_COUNT:mRNA: 60 present
DISC_COUNT_NUCLEOTIDES:1 nucleotide Bioseqs are present
OVERLAPPING_GENES:12 genes overlap another gene on the same strand.
DISC_QUALITY_SCORES:Quality scores are missing on all sequences.
ONCALLER_COMMENT_PRESENT:1 comment descriptors were found (all same)
SHORT_PROT_SEQUENCES:5 protein sequences are shorter than 50 aa.
MISSING_GENOMEASSEMBLY_COMMENTS:1 bioseqs are missing GenomeAssembly structured comments
MOLTYPE_NOT_MRNA:1 molecule types are not set as mRNA.
TECHNIQUE_NOT_TSA:1 technique are not set as TSA
MISSING_STRUCTURED_COMMENT:1 sequences do not include structured comments.
MISSING_PROJECT:61 sequences do not include project.
DISC_INCONSISTENT_MOLINFO_TECH:Molinfo Technique Report (some missing, all same)


Detailed Report

FATAL: DiscRep_ALL:BAD_LOCUS_TAG_FORMAT::60 locus tags are incorrectly formatted.
PROKKA_HF937103/PROKKA_HF937103:Gene	rlmH	sccmec_saures_HF937103_l54362:1-480	HF937103_SCCmec_00001
PROKKA_HF937103/PROKKA_HF937103:Gene	hsdR	sccmec_saures_HF937103_l54362:581-724	HF937103_SCCmec_00002
PROKKA_HF937103/PROKKA_HF937103:Gene	HF937103_SCCmec_00003	sccmec_saures_HF937103_l54362:717-1919	HF937103_SCCmec_00003
PROKKA_HF937103/PROKKA_HF937103:Gene	HF937103_SCCmec_00004	sccmec_saures_HF937103_l54362:c2174-1923	HF937103_SCCmec_00004
PROKKA_HF937103/PROKKA_HF937103:Gene	speG	sccmec_saures_HF937103_l54362:c2739-2242	HF937103_SCCmec_00005
PROKKA_HF937103/PROKKA_HF937103:Gene	HF937103_SCCmec_00006	sccmec_saures_HF937103_l54362:c3821-3411	HF937103_SCCmec_00006
PROKKA_HF937103/PROKKA_HF937103:Gene	HF937103_SCCmec_00007	sccmec_saures_HF937103_l54362:c4722-4219	HF937103_SCCmec_00007
PROKKA_HF937103/PROKKA_HF937103:Gene	HF937103_SCCmec_00008	sccmec_saures_HF937103_l54362:c5049-4738	HF937103_SCCmec_00008
PROKKA_HF937103/PROKKA_HF937103:Gene	HF937103_SCCmec_00009	sccmec_saures_HF937103_l54362:c5143-5051	HF937103_SCCmec_00009
PROKKA_HF937103/PROKKA_HF937103:Gene	HF937103_SCCmec_00010	sccmec_saures_HF937103_l54362:c5486-5136	HF937103_SCCmec_00010
PROKKA_HF937103/PROKKA_HF937103:Gene	hin_1	sccmec_saures_HF937103_l54362:c7615-5987	HF937103_SCCmec_00011
PROKKA_HF937103/PROKKA_HF937103:Gene	HF937103_SCCmec_00012	sccmec_saures_HF937103_l54362:c8973-7612	HF937103_SCCmec_00012
PROKKA_HF937103/PROKKA_HF937103:Gene	HF937103_SCCmec_00013	sccmec_saures_HF937103_l54362:c9774-9160	HF937103_SCCmec_00013
PROKKA_HF937103/PROKKA_HF937103:Gene	HF937103_SCCmec_00014	sccmec_saures_HF937103_l54362:10157-10300	HF937103_SCCmec_00014
PROKKA_HF937103/PROKKA_HF937103:Gene	HF937103_SCCmec_00015	sccmec_saures_HF937103_l54362:c10607-10248	HF937103_SCCmec_00015
PROKKA_HF937103/PROKKA_HF937103:Gene	czrA	sccmec_saures_HF937103_l54362:10814-11140	HF937103_SCCmec_00016
PROKKA_HF937103/PROKKA_HF937103:Gene	HF937103_SCCmec_00017	sccmec_saures_HF937103_l54362:11243-11341	HF937103_SCCmec_00017
PROKKA_HF937103/PROKKA_HF937103:Gene	zosA	sccmec_saures_HF937103_l54362:11470-13395	HF937103_SCCmec_00018
PROKKA_HF937103/PROKKA_HF937103:Gene	HF937103_SCCmec_00019	sccmec_saures_HF937103_l54362:14490-15119	HF937103_SCCmec_00019
PROKKA_HF937103/PROKKA_HF937103:Gene	HF937103_SCCmec_00020	sccmec_saures_HF937103_l54362:15134-15376	HF937103_SCCmec_00020
PROKKA_HF937103/PROKKA_HF937103:Gene	HF937103_SCCmec_00021	sccmec_saures_HF937103_l54362:15748-16626	HF937103_SCCmec_00021
PROKKA_HF937103/PROKKA_HF937103:Gene	arcC1	sccmec_saures_HF937103_l54362:c17655-16726	HF937103_SCCmec_00022
PROKKA_HF937103/PROKKA_HF937103:Gene	argF	sccmec_saures_HF937103_l54362:c18673-17675	HF937103_SCCmec_00023
PROKKA_HF937103/PROKKA_HF937103:Gene	arcR	sccmec_saures_HF937103_l54362:c19400-18711	HF937103_SCCmec_00024
PROKKA_HF937103/PROKKA_HF937103:Gene	arcD	sccmec_saures_HF937103_l54362:c20863-19442	HF937103_SCCmec_00025
PROKKA_HF937103/PROKKA_HF937103:Gene	arcA	sccmec_saures_HF937103_l54362:c22184-20949	HF937103_SCCmec_00026
PROKKA_HF937103/PROKKA_HF937103:Gene	argR	sccmec_saures_HF937103_l54362:c22899-22453	HF937103_SCCmec_00027
PROKKA_HF937103/PROKKA_HF937103:Gene	HF937103_SCCmec_00028	sccmec_saures_HF937103_l54362:23999-24154	HF937103_SCCmec_00028
PROKKA_HF937103/PROKKA_HF937103:Gene	HF937103_SCCmec_00029	sccmec_saures_HF937103_l54362:c24856-24425	HF937103_SCCmec_00029
PROKKA_HF937103/PROKKA_HF937103:Gene	HF937103_SCCmec_00030	sccmec_saures_HF937103_l54362:c26064-25738	HF937103_SCCmec_00030
PROKKA_HF937103/PROKKA_HF937103:Gene	HF937103_SCCmec_00031	sccmec_saures_HF937103_l54362:26080-26754	HF937103_SCCmec_00031
PROKKA_HF937103/PROKKA_HF937103:Gene	immR	sccmec_saures_HF937103_l54362:27188-27514	HF937103_SCCmec_00032
PROKKA_HF937103/PROKKA_HF937103:Gene	HF937103_SCCmec_00033	sccmec_saures_HF937103_l54362:27551-28384	HF937103_SCCmec_00033
PROKKA_HF937103/PROKKA_HF937103:Gene	HF937103_SCCmec_00034	sccmec_saures_HF937103_l54362:28589-28753	HF937103_SCCmec_00034
PROKKA_HF937103/PROKKA_HF937103:Gene	HF937103_SCCmec_00035	sccmec_saures_HF937103_l54362:29070-29843	HF937103_SCCmec_00035
PROKKA_HF937103/PROKKA_HF937103:Gene	HF937103_SCCmec_00036	sccmec_saures_HF937103_l54362:c30440-30081	HF937103_SCCmec_00036
PROKKA_HF937103/PROKKA_HF937103:Gene	HF937103_SCCmec_00037	sccmec_saures_HF937103_l54362:c31675-30605	HF937103_SCCmec_00037
PROKKA_HF937103/PROKKA_HF937103:Gene	gltR	sccmec_saures_HF937103_l54362:c32335-31688	HF937103_SCCmec_00038
PROKKA_HF937103/PROKKA_HF937103:Gene	HF937103_SCCmec_00039	sccmec_saures_HF937103_l54362:c33033-32359	HF937103_SCCmec_00039
PROKKA_HF937103/PROKKA_HF937103:Gene	HF937103_SCCmec_00040	sccmec_saures_HF937103_l54362:33291-33458	HF937103_SCCmec_00040
PROKKA_HF937103/PROKKA_HF937103:Gene	HF937103_SCCmec_00041	sccmec_saures_HF937103_l54362:33556-33786	HF937103_SCCmec_00041
PROKKA_HF937103/PROKKA_HF937103:Gene	ugpQ	sccmec_saures_HF937103_l54362:34335-35078	HF937103_SCCmec_00042
PROKKA_HF937103/PROKKA_HF937103:Gene	paaZ	sccmec_saures_HF937103_l54362:35175-35603	HF937103_SCCmec_00043
PROKKA_HF937103/PROKKA_HF937103:Gene	pbp	sccmec_saures_HF937103_l54362:c37655-35649	HF937103_SCCmec_00044
PROKKA_HF937103/PROKKA_HF937103:Gene	mecR1	sccmec_saures_HF937103_l54362:37755-38741	HF937103_SCCmec_00045
PROKKA_HF937103/PROKKA_HF937103:Gene	HF937103_SCCmec_00046	sccmec_saures_HF937103_l54362:38701-38973	HF937103_SCCmec_00046
PROKKA_HF937103/PROKKA_HF937103:Gene	HF937103_SCCmec_00047	sccmec_saures_HF937103_l54362:c40487-38964	HF937103_SCCmec_00047
PROKKA_HF937103/PROKKA_HF937103:Gene	HF937103_SCCmec_00048	sccmec_saures_HF937103_l54362:c41129-40623	HF937103_SCCmec_00048
PROKKA_HF937103/PROKKA_HF937103:Gene	HF937103_SCCmec_00049	sccmec_saures_HF937103_l54362:c41455-41144	HF937103_SCCmec_00049
PROKKA_HF937103/PROKKA_HF937103:Gene	HF937103_SCCmec_00050	sccmec_saures_HF937103_l54362:c41892-41542	HF937103_SCCmec_00050
PROKKA_HF937103/PROKKA_HF937103:Gene	hin_2	sccmec_saures_HF937103_l54362:c44042-42414	HF937103_SCCmec_00051
PROKKA_HF937103/PROKKA_HF937103:Gene	hin_3	sccmec_saures_HF937103_l54362:c45413-44064	HF937103_SCCmec_00052
PROKKA_HF937103/PROKKA_HF937103:Gene	HF937103_SCCmec_00053	sccmec_saures_HF937103_l54362:c47434-45647	HF937103_SCCmec_00053
PROKKA_HF937103/PROKKA_HF937103:Gene	HF937103_SCCmec_00054	sccmec_saures_HF937103_l54362:c47724-47434	HF937103_SCCmec_00054
PROKKA_HF937103/PROKKA_HF937103:Gene	HF937103_SCCmec_00055	sccmec_saures_HF937103_l54362:47821-48912	HF937103_SCCmec_00055
PROKKA_HF937103/PROKKA_HF937103:Gene	HF937103_SCCmec_00056	sccmec_saures_HF937103_l54362:49530-51020	HF937103_SCCmec_00056
PROKKA_HF937103/PROKKA_HF937103:Gene	gloC	sccmec_saures_HF937103_l54362:c52648-51644	HF937103_SCCmec_00057
PROKKA_HF937103/PROKKA_HF937103:Gene	HF937103_SCCmec_00058	sccmec_saures_HF937103_l54362:52767-52904	HF937103_SCCmec_00058
PROKKA_HF937103/PROKKA_HF937103:Gene	HF937103_SCCmec_00059	sccmec_saures_HF937103_l54362:52901-53272	HF937103_SCCmec_00059
PROKKA_HF937103/PROKKA_HF937103:Gene	HF937103_SCCmec_00060	sccmec_saures_HF937103_l54362:53401-54021	HF937103_SCCmec_00060

FATAL: DiscRep_ALL:MISSING_PROTEIN_ID::60 proteins have invalid IDs.
PROKKA_HF937103/PROKKA_HF937103:sccmec_saures_HF937103_l54362_1 (length 159)
PROKKA_HF937103/PROKKA_HF937103:sccmec_saures_HF937103_l54362_2 (length 47)
PROKKA_HF937103/PROKKA_HF937103:sccmec_saures_HF937103_l54362_3 (length 400)
PROKKA_HF937103/PROKKA_HF937103:sccmec_saures_HF937103_l54362_4 (length 83)
PROKKA_HF937103/PROKKA_HF937103:sccmec_saures_HF937103_l54362_5 (length 165)
PROKKA_HF937103/PROKKA_HF937103:sccmec_saures_HF937103_l54362_6 (length 136)
PROKKA_HF937103/PROKKA_HF937103:sccmec_saures_HF937103_l54362_7 (length 167)
PROKKA_HF937103/PROKKA_HF937103:sccmec_saures_HF937103_l54362_8 (length 103)
PROKKA_HF937103/PROKKA_HF937103:sccmec_saures_HF937103_l54362_9 (length 30)
PROKKA_HF937103/PROKKA_HF937103:sccmec_saures_HF937103_l54362_10 (length 116)
PROKKA_HF937103/PROKKA_HF937103:sccmec_saures_HF937103_l54362_11 (length 542)
PROKKA_HF937103/PROKKA_HF937103:sccmec_saures_HF937103_l54362_12 (length 453)
PROKKA_HF937103/PROKKA_HF937103:sccmec_saures_HF937103_l54362_13 (length 204)
PROKKA_HF937103/PROKKA_HF937103:sccmec_saures_HF937103_l54362_14 (length 47)
PROKKA_HF937103/PROKKA_HF937103:sccmec_saures_HF937103_l54362_15 (length 119)
PROKKA_HF937103/PROKKA_HF937103:sccmec_saures_HF937103_l54362_16 (length 108)
PROKKA_HF937103/PROKKA_HF937103:sccmec_saures_HF937103_l54362_17 (length 32)
PROKKA_HF937103/PROKKA_HF937103:sccmec_saures_HF937103_l54362_18 (length 641)
PROKKA_HF937103/PROKKA_HF937103:sccmec_saures_HF937103_l54362_19 (length 209)
PROKKA_HF937103/PROKKA_HF937103:sccmec_saures_HF937103_l54362_20 (length 80)
PROKKA_HF937103/PROKKA_HF937103:sccmec_saures_HF937103_l54362_21 (length 292)
PROKKA_HF937103/PROKKA_HF937103:sccmec_saures_HF937103_l54362_22 (length 309)
PROKKA_HF937103/PROKKA_HF937103:sccmec_saures_HF937103_l54362_23 (length 332)
PROKKA_HF937103/PROKKA_HF937103:sccmec_saures_HF937103_l54362_24 (length 229)
PROKKA_HF937103/PROKKA_HF937103:sccmec_saures_HF937103_l54362_25 (length 473)
PROKKA_HF937103/PROKKA_HF937103:sccmec_saures_HF937103_l54362_26 (length 411)
PROKKA_HF937103/PROKKA_HF937103:sccmec_saures_HF937103_l54362_27 (length 148)
PROKKA_HF937103/PROKKA_HF937103:sccmec_saures_HF937103_l54362_28 (length 51)
PROKKA_HF937103/PROKKA_HF937103:sccmec_saures_HF937103_l54362_29 (length 143)
PROKKA_HF937103/PROKKA_HF937103:sccmec_saures_HF937103_l54362_30 (length 108)
PROKKA_HF937103/PROKKA_HF937103:sccmec_saures_HF937103_l54362_31 (length 224)
PROKKA_HF937103/PROKKA_HF937103:sccmec_saures_HF937103_l54362_32 (length 108)
PROKKA_HF937103/PROKKA_HF937103:sccmec_saures_HF937103_l54362_33 (length 277)
PROKKA_HF937103/PROKKA_HF937103:sccmec_saures_HF937103_l54362_34 (length 54)
PROKKA_HF937103/PROKKA_HF937103:sccmec_saures_HF937103_l54362_35 (length 257)
PROKKA_HF937103/PROKKA_HF937103:sccmec_saures_HF937103_l54362_36 (length 119)
PROKKA_HF937103/PROKKA_HF937103:sccmec_saures_HF937103_l54362_37 (length 356)
PROKKA_HF937103/PROKKA_HF937103:sccmec_saures_HF937103_l54362_38 (length 215)
PROKKA_HF937103/PROKKA_HF937103:sccmec_saures_HF937103_l54362_39 (length 224)
PROKKA_HF937103/PROKKA_HF937103:sccmec_saures_HF937103_l54362_40 (length 55)
PROKKA_HF937103/PROKKA_HF937103:sccmec_saures_HF937103_l54362_41 (length 76)
PROKKA_HF937103/PROKKA_HF937103:sccmec_saures_HF937103_l54362_42 (length 247)
PROKKA_HF937103/PROKKA_HF937103:sccmec_saures_HF937103_l54362_43 (length 142)
PROKKA_HF937103/PROKKA_HF937103:sccmec_saures_HF937103_l54362_44 (length 668)
PROKKA_HF937103/PROKKA_HF937103:sccmec_saures_HF937103_l54362_45 (length 328)
PROKKA_HF937103/PROKKA_HF937103:sccmec_saures_HF937103_l54362_46 (length 90)
PROKKA_HF937103/PROKKA_HF937103:sccmec_saures_HF937103_l54362_47 (length 507)
PROKKA_HF937103/PROKKA_HF937103:sccmec_saures_HF937103_l54362_48 (length 168)
PROKKA_HF937103/PROKKA_HF937103:sccmec_saures_HF937103_l54362_49 (length 103)
PROKKA_HF937103/PROKKA_HF937103:sccmec_saures_HF937103_l54362_50 (length 116)
PROKKA_HF937103/PROKKA_HF937103:sccmec_saures_HF937103_l54362_51 (length 542)
PROKKA_HF937103/PROKKA_HF937103:sccmec_saures_HF937103_l54362_52 (length 449)
PROKKA_HF937103/PROKKA_HF937103:sccmec_saures_HF937103_l54362_53 (length 595)
PROKKA_HF937103/PROKKA_HF937103:sccmec_saures_HF937103_l54362_54 (length 96)
PROKKA_HF937103/PROKKA_HF937103:sccmec_saures_HF937103_l54362_55 (length 363)
PROKKA_HF937103/PROKKA_HF937103:sccmec_saures_HF937103_l54362_56 (length 496)
PROKKA_HF937103/PROKKA_HF937103:sccmec_saures_HF937103_l54362_57 (length 334)
PROKKA_HF937103/PROKKA_HF937103:sccmec_saures_HF937103_l54362_58 (length 45)
PROKKA_HF937103/PROKKA_HF937103:sccmec_saures_HF937103_l54362_59 (length 123)
PROKKA_HF937103/PROKKA_HF937103:sccmec_saures_HF937103_l54362_60 (length 206)

DiscRep_ALL:DISC_SOURCE_QUALS_ASNDISC::strain (all present, all unique)
DiscRep_SUB:DISC_SOURCE_QUALS_ASNDISC::1 sources have unique values for strain
DiscRep_ALL:DISC_SOURCE_QUALS_ASNDISC::taxname (all present, all unique)
DiscRep_SUB:DISC_SOURCE_QUALS_ASNDISC::1 sources have unique values for taxname
DiscRep_ALL:DISC_FEATURE_COUNT::gene: 60 present
DiscRep_ALL:DISC_FEATURE_COUNT::CDS: 60 present
DiscRep_ALL:DISC_FEATURE_COUNT::mRNA: 60 present
DiscRep_ALL:DISC_COUNT_NUCLEOTIDES::1 nucleotide Bioseqs are present
PROKKA_HF937103/PROKKA_HF937103:sccmec_saures_HF937103_l54362 (length 54362)

DiscRep_ALL:OVERLAPPING_GENES::12 genes overlap another gene on the same strand.
PROKKA_HF937103/PROKKA_HF937103:Gene	hsdR	sccmec_saures_HF937103_l54362:581-724	HF937103_SCCmec_00002
PROKKA_HF937103/PROKKA_HF937103:Gene	HF937103_SCCmec_00003	sccmec_saures_HF937103_l54362:717-1919	HF937103_SCCmec_00003
PROKKA_HF937103/PROKKA_HF937103:Gene	HF937103_SCCmec_00009	sccmec_saures_HF937103_l54362:c5143-5051	HF937103_SCCmec_00009
PROKKA_HF937103/PROKKA_HF937103:Gene	HF937103_SCCmec_00010	sccmec_saures_HF937103_l54362:c5486-5136	HF937103_SCCmec_00010
PROKKA_HF937103/PROKKA_HF937103:Gene	hin_1	sccmec_saures_HF937103_l54362:c7615-5987	HF937103_SCCmec_00011
PROKKA_HF937103/PROKKA_HF937103:Gene	HF937103_SCCmec_00012	sccmec_saures_HF937103_l54362:c8973-7612	HF937103_SCCmec_00012
PROKKA_HF937103/PROKKA_HF937103:Gene	mecR1	sccmec_saures_HF937103_l54362:37755-38741	HF937103_SCCmec_00045
PROKKA_HF937103/PROKKA_HF937103:Gene	HF937103_SCCmec_00046	sccmec_saures_HF937103_l54362:38701-38973	HF937103_SCCmec_00046
PROKKA_HF937103/PROKKA_HF937103:Gene	HF937103_SCCmec_00053	sccmec_saures_HF937103_l54362:c47434-45647	HF937103_SCCmec_00053
PROKKA_HF937103/PROKKA_HF937103:Gene	HF937103_SCCmec_00054	sccmec_saures_HF937103_l54362:c47724-47434	HF937103_SCCmec_00054
PROKKA_HF937103/PROKKA_HF937103:Gene	HF937103_SCCmec_00058	sccmec_saures_HF937103_l54362:52767-52904	HF937103_SCCmec_00058
PROKKA_HF937103/PROKKA_HF937103:Gene	HF937103_SCCmec_00059	sccmec_saures_HF937103_l54362:52901-53272	HF937103_SCCmec_00059

DiscRep_ALL:DISC_QUALITY_SCORES::Quality scores are missing on all sequences.

DiscRep_ALL:ONCALLER_COMMENT_PRESENT::1 comment descriptors were found (all same)
PROKKA_HF937103/PROKKA_HF937103:sccmec_saures_HF937103_l54362:Annotated using prokka 1.12 from https://github.com/tseemann/prokka

DiscRep_ALL:SHORT_PROT_SEQUENCES::5 protein sequences are shorter than 50 aa.
PROKKA_HF937103/PROKKA_HF937103:sccmec_saures_HF937103_l54362_2 (length 47)
PROKKA_HF937103/PROKKA_HF937103:sccmec_saures_HF937103_l54362_9 (length 30)
PROKKA_HF937103/PROKKA_HF937103:sccmec_saures_HF937103_l54362_14 (length 47)
PROKKA_HF937103/PROKKA_HF937103:sccmec_saures_HF937103_l54362_17 (length 32)
PROKKA_HF937103/PROKKA_HF937103:sccmec_saures_HF937103_l54362_58 (length 45)

DiscRep_ALL:MISSING_GENOMEASSEMBLY_COMMENTS::1 bioseqs are missing GenomeAssembly structured comments
PROKKA_HF937103/PROKKA_HF937103:sccmec_saures_HF937103_l54362 (length 54362)

DiscRep_ALL:MOLTYPE_NOT_MRNA::1 molecule types are not set as mRNA.
PROKKA_HF937103/PROKKA_HF937103:sccmec_saures_HF937103_l54362 (length 54362)

DiscRep_ALL:TECHNIQUE_NOT_TSA::1 technique are not set as TSA
PROKKA_HF937103/PROKKA_HF937103:sccmec_saures_HF937103_l54362 (length 54362)

DiscRep_ALL:MISSING_STRUCTURED_COMMENT::1 sequences do not include structured comments.
PROKKA_HF937103/PROKKA_HF937103:sccmec_saures_HF937103_l54362 (length 54362)

DiscRep_ALL:MISSING_PROJECT::61 sequences do not include project.
PROKKA_HF937103/PROKKA_HF937103:sccmec_saures_HF937103_l54362 (length 54362)
PROKKA_HF937103/PROKKA_HF937103:sccmec_saures_HF937103_l54362_1 (length 159)
PROKKA_HF937103/PROKKA_HF937103:sccmec_saures_HF937103_l54362_2 (length 47)
PROKKA_HF937103/PROKKA_HF937103:sccmec_saures_HF937103_l54362_3 (length 400)
PROKKA_HF937103/PROKKA_HF937103:sccmec_saures_HF937103_l54362_4 (length 83)
PROKKA_HF937103/PROKKA_HF937103:sccmec_saures_HF937103_l54362_5 (length 165)
PROKKA_HF937103/PROKKA_HF937103:sccmec_saures_HF937103_l54362_6 (length 136)
PROKKA_HF937103/PROKKA_HF937103:sccmec_saures_HF937103_l54362_7 (length 167)
PROKKA_HF937103/PROKKA_HF937103:sccmec_saures_HF937103_l54362_8 (length 103)
PROKKA_HF937103/PROKKA_HF937103:sccmec_saures_HF937103_l54362_9 (length 30)
PROKKA_HF937103/PROKKA_HF937103:sccmec_saures_HF937103_l54362_10 (length 116)
PROKKA_HF937103/PROKKA_HF937103:sccmec_saures_HF937103_l54362_11 (length 542)
PROKKA_HF937103/PROKKA_HF937103:sccmec_saures_HF937103_l54362_12 (length 453)
PROKKA_HF937103/PROKKA_HF937103:sccmec_saures_HF937103_l54362_13 (length 204)
PROKKA_HF937103/PROKKA_HF937103:sccmec_saures_HF937103_l54362_14 (length 47)
PROKKA_HF937103/PROKKA_HF937103:sccmec_saures_HF937103_l54362_15 (length 119)
PROKKA_HF937103/PROKKA_HF937103:sccmec_saures_HF937103_l54362_16 (length 108)
PROKKA_HF937103/PROKKA_HF937103:sccmec_saures_HF937103_l54362_17 (length 32)
PROKKA_HF937103/PROKKA_HF937103:sccmec_saures_HF937103_l54362_18 (length 641)
PROKKA_HF937103/PROKKA_HF937103:sccmec_saures_HF937103_l54362_19 (length 209)
PROKKA_HF937103/PROKKA_HF937103:sccmec_saures_HF937103_l54362_20 (length 80)
PROKKA_HF937103/PROKKA_HF937103:sccmec_saures_HF937103_l54362_21 (length 292)
PROKKA_HF937103/PROKKA_HF937103:sccmec_saures_HF937103_l54362_22 (length 309)
PROKKA_HF937103/PROKKA_HF937103:sccmec_saures_HF937103_l54362_23 (length 332)
PROKKA_HF937103/PROKKA_HF937103:sccmec_saures_HF937103_l54362_24 (length 229)
PROKKA_HF937103/PROKKA_HF937103:sccmec_saures_HF937103_l54362_25 (length 473)
PROKKA_HF937103/PROKKA_HF937103:sccmec_saures_HF937103_l54362_26 (length 411)
PROKKA_HF937103/PROKKA_HF937103:sccmec_saures_HF937103_l54362_27 (length 148)
PROKKA_HF937103/PROKKA_HF937103:sccmec_saures_HF937103_l54362_28 (length 51)
PROKKA_HF937103/PROKKA_HF937103:sccmec_saures_HF937103_l54362_29 (length 143)
PROKKA_HF937103/PROKKA_HF937103:sccmec_saures_HF937103_l54362_30 (length 108)
PROKKA_HF937103/PROKKA_HF937103:sccmec_saures_HF937103_l54362_31 (length 224)
PROKKA_HF937103/PROKKA_HF937103:sccmec_saures_HF937103_l54362_32 (length 108)
PROKKA_HF937103/PROKKA_HF937103:sccmec_saures_HF937103_l54362_33 (length 277)
PROKKA_HF937103/PROKKA_HF937103:sccmec_saures_HF937103_l54362_34 (length 54)
PROKKA_HF937103/PROKKA_HF937103:sccmec_saures_HF937103_l54362_35 (length 257)
PROKKA_HF937103/PROKKA_HF937103:sccmec_saures_HF937103_l54362_36 (length 119)
PROKKA_HF937103/PROKKA_HF937103:sccmec_saures_HF937103_l54362_37 (length 356)
PROKKA_HF937103/PROKKA_HF937103:sccmec_saures_HF937103_l54362_38 (length 215)
PROKKA_HF937103/PROKKA_HF937103:sccmec_saures_HF937103_l54362_39 (length 224)
PROKKA_HF937103/PROKKA_HF937103:sccmec_saures_HF937103_l54362_40 (length 55)
PROKKA_HF937103/PROKKA_HF937103:sccmec_saures_HF937103_l54362_41 (length 76)
PROKKA_HF937103/PROKKA_HF937103:sccmec_saures_HF937103_l54362_42 (length 247)
PROKKA_HF937103/PROKKA_HF937103:sccmec_saures_HF937103_l54362_43 (length 142)
PROKKA_HF937103/PROKKA_HF937103:sccmec_saures_HF937103_l54362_44 (length 668)
PROKKA_HF937103/PROKKA_HF937103:sccmec_saures_HF937103_l54362_45 (length 328)
PROKKA_HF937103/PROKKA_HF937103:sccmec_saures_HF937103_l54362_46 (length 90)
PROKKA_HF937103/PROKKA_HF937103:sccmec_saures_HF937103_l54362_47 (length 507)
PROKKA_HF937103/PROKKA_HF937103:sccmec_saures_HF937103_l54362_48 (length 168)
PROKKA_HF937103/PROKKA_HF937103:sccmec_saures_HF937103_l54362_49 (length 103)
PROKKA_HF937103/PROKKA_HF937103:sccmec_saures_HF937103_l54362_50 (length 116)
PROKKA_HF937103/PROKKA_HF937103:sccmec_saures_HF937103_l54362_51 (length 542)
PROKKA_HF937103/PROKKA_HF937103:sccmec_saures_HF937103_l54362_52 (length 449)
PROKKA_HF937103/PROKKA_HF937103:sccmec_saures_HF937103_l54362_53 (length 595)
PROKKA_HF937103/PROKKA_HF937103:sccmec_saures_HF937103_l54362_54 (length 96)
PROKKA_HF937103/PROKKA_HF937103:sccmec_saures_HF937103_l54362_55 (length 363)
PROKKA_HF937103/PROKKA_HF937103:sccmec_saures_HF937103_l54362_56 (length 496)
PROKKA_HF937103/PROKKA_HF937103:sccmec_saures_HF937103_l54362_57 (length 334)
PROKKA_HF937103/PROKKA_HF937103:sccmec_saures_HF937103_l54362_58 (length 45)
PROKKA_HF937103/PROKKA_HF937103:sccmec_saures_HF937103_l54362_59 (length 123)
PROKKA_HF937103/PROKKA_HF937103:sccmec_saures_HF937103_l54362_60 (length 206)

DiscRep_ALL:DISC_INCONSISTENT_MOLINFO_TECH::Molinfo Technique Report (some missing, all same)
DiscRep_SUB:DISC_INCONSISTENT_MOLINFO_TECH::technique (all missing)
DiscRep_SUB:DISC_INCONSISTENT_MOLINFO_TECH::1 Molinfos are missing field technique
PROKKA_HF937103/PROKKA_HF937103:sccmec_saures_HF937103_l54362 (length 54362)

