[17:04:02] This is prokka 1.12
[17:04:02] Written by Torsten Seemann <torsten.seemann@gmail.com>
[17:04:02] Homepage is https://github.com/tseemann/prokka
[17:04:02] Local time is Mon May 15 17:04:02 2017
[17:04:02] You are fsepulveda
[17:04:02] Operating system is linux
[17:04:02] You have BioPerl 1.006924
[17:04:02] System has 4 cores.
[17:04:02] Option --cpu asked for 8 cores, but system only has 4
[17:04:02] Will use maximum of 4 cores.
[17:04:02] Annotating as >>> Bacteria <<<
[17:04:02] Creating new output folder: PROKKA_AB505628
[17:04:02] Running: mkdir -p PROKKA_AB505628
[17:04:02] Using filename prefix: PROKKA_AB505628.XXX
[17:04:02] Setting HMMER_NCPU=1
[17:04:02] Writing log to: PROKKA_AB505628/PROKKA_AB505628.log
[17:04:02] Command: /home/fsepulveda/Desktop/tesis/sccmec_classification/prokka-1.12/bin/prokka --genus Staphylococcus --prefix PROKKA_AB505628 --addgenes --addmrna --locustag AB505628_SCCmec /home/fsepulveda/Documents/parte2/229_sccmec/sccmec_AB505628.fasta
[17:04:02] Appending to PATH: /home/fsepulveda/Desktop/tesis/sccmec_classification/prokka-1.12/bin/../binaries/linux
[17:04:02] Appending to PATH: /home/fsepulveda/Desktop/tesis/sccmec_classification/prokka-1.12/bin/../binaries/linux/../common
[17:04:02] Appending to PATH: /home/fsepulveda/Desktop/tesis/sccmec_classification/prokka-1.12/bin
[17:04:02] Looking for 'aragorn' - found /home/fsepulveda/Desktop/tesis/sccmec_classification/prokka-1.12/bin/../binaries/linux/aragorn
[17:04:02] Determined aragorn version is 1.2
[17:04:02] Looking for 'blastp' - found /usr/bin/blastp
[17:04:02] Determined blastp version is 2.2
[17:04:02] Looking for 'cmpress' - found /usr/bin/cmpress
[17:04:02] Determined cmpress version is 1.1
[17:04:02] Looking for 'cmscan' - found /usr/bin/cmscan
[17:04:02] Determined cmscan version is 1.1
[17:04:02] Looking for 'egrep' - found /bin/egrep
[17:04:02] Looking for 'find' - found /usr/bin/find
[17:04:02] Looking for 'grep' - found /bin/grep
[17:04:02] Looking for 'hmmpress' - found /usr/bin/hmmpress
[17:04:02] Determined hmmpress version is 3.1
[17:04:02] Looking for 'hmmscan' - found /usr/bin/hmmscan
[17:04:02] Determined hmmscan version is 3.1
[17:04:02] Looking for 'java' - found /usr/bin/java
[17:04:02] Looking for 'less' - found /usr/bin/less
[17:04:02] Looking for 'makeblastdb' - found /usr/bin/makeblastdb
[17:04:02] Determined makeblastdb version is 2.2
[17:04:02] Looking for 'minced' - found /home/fsepulveda/Desktop/tesis/sccmec_classification/prokka-1.12/bin/../binaries/linux/../common/minced
[17:04:02] Determined minced version is 2.0
[17:04:02] Looking for 'parallel' - found /home/fsepulveda/Desktop/tesis/sccmec_classification/prokka-1.12/bin/../binaries/linux/../common/parallel
[17:04:02] Determined parallel version is 20150122
[17:04:02] Looking for 'prodigal' - found /home/fsepulveda/Desktop/tesis/sccmec_classification/prokka-1.12/bin/../binaries/linux/prodigal
[17:04:02] Determined prodigal version is 2.6
[17:04:02] Looking for 'prokka-genbank_to_fasta_db' - found /home/fsepulveda/Desktop/tesis/sccmec_classification/prokka-1.12/bin/prokka-genbank_to_fasta_db
[17:04:02] Looking for 'sed' - found /bin/sed
[17:04:02] Looking for 'tbl2asn' - found /home/fsepulveda/Desktop/tesis/sccmec_classification/prokka-1.12/bin/../binaries/linux/tbl2asn
[17:04:02] Determined tbl2asn version is 25.3
[17:04:02] Using genetic code table 11.
[17:04:02] Loading and checking input file: /home/fsepulveda/Documents/parte2/229_sccmec/sccmec_AB505628.fasta
[17:04:02] Wrote 1 contigs totalling 44173 bp.
[17:04:02] Predicting tRNAs and tmRNAs
[17:04:02] Running: aragorn -l -gc11  -w PROKKA_AB505628\/PROKKA_AB505628\.fna
[17:04:02] Found 0 tRNAs
[17:04:02] Predicting Ribosomal RNAs
[17:04:02] You need either Barrnap or RNAmmer installed to predict rRNAs!
[17:04:02] Skipping ncRNA search, enable with --rfam if desired.
[17:04:02] Total of 0 tRNA + rRNA features
[17:04:02] Searching for CRISPR repeats
[17:04:02] Found 0 CRISPRs
[17:04:02] Predicting coding sequences
[17:04:02] Contigs total 44173 bp, so using meta mode
[17:04:02] Running: prodigal -i PROKKA_AB505628\/PROKKA_AB505628\.fna -c -m -g 11 -p meta -f sco -q
[17:04:03] Found 49 CDS
[17:04:03] Connecting features back to sequences
[17:04:03] Not using genus-specific database. Try --usegenus to enable it.
[17:04:03] Annotating CDS, please be patient.
[17:04:03] Will use 4 CPUs for similarity searching.
[17:04:03] There are still 49 unannotated CDS left (started with 49)
[17:04:03] Will use blast to search against /home/fsepulveda/Desktop/tesis/sccmec_classification/prokka-1.12/bin/../db/kingdom/Bacteria/sprot with 4 CPUs
[17:04:03] Running: cat PROKKA_AB505628\/sprot\.faa | parallel --gnu --plain -j 4 --block 1581 --recstart '>' --pipe blastp -query - -db /home/fsepulveda/Desktop/tesis/sccmec_classification/prokka-1.12/bin/../db/kingdom/Bacteria/sprot -evalue 1e-06 -num_threads 1 -num_descriptions 1 -num_alignments 1 -seg no > PROKKA_AB505628\/sprot\.blast 2> /dev/null
[17:04:04] Modify product: Uncharacterized HTH-type transcriptional regulator HI_0186 => putative HTH-type transcriptional regulator
[17:04:04] Modify product: Uncharacterized sugar epimerase YhfK => putative sugar epimerase YhfK
[17:04:04] Cleaned 2 /product names
[17:04:04] Deleting unwanted file: PROKKA_AB505628/sprot.faa
[17:04:04] Deleting unwanted file: PROKKA_AB505628/sprot.blast
[17:04:04] There are still 25 unannotated CDS left (started with 49)
[17:04:04] Will use hmmer3 to search against /home/fsepulveda/Desktop/tesis/sccmec_classification/prokka-1.12/bin/../db/hmm/HAMAP.hmm with 4 CPUs
[17:04:04] Running: cat PROKKA_AB505628\/HAMAP\.hmm\.faa | parallel --gnu --plain -j 4 --block 561 --recstart '>' --pipe hmmscan --noali --notextw --acc -E 1e-06 --cpu 1 /home/fsepulveda/Desktop/tesis/sccmec_classification/prokka-1.12/bin/../db/hmm/HAMAP.hmm /dev/stdin > PROKKA_AB505628\/HAMAP\.hmm\.hmmer3 2> /dev/null
[17:04:05] Deleting unwanted file: PROKKA_AB505628/HAMAP.hmm.faa
[17:04:05] Deleting unwanted file: PROKKA_AB505628/HAMAP.hmm.hmmer3
[17:04:05] Labelling remaining 24 proteins as 'hypothetical protein'
[17:04:05] Found 20 unique /gene codes.
[17:04:05] Fixed 2 duplicate /gene - arsC_1 arsC_2
[17:04:05] Fixed 2 duplicate /gene - sdpR_1 sdpR_2
[17:04:05] Fixed 2 duplicate /gene - arsB_1 arsB_2
[17:04:05] Fixed 3 colliding /gene names.
[17:04:05] Adding /locus_tag identifiers
[17:04:05] Assigned 49 locus_tags to CDS and RNA features.
[17:04:05] Writing outputs to PROKKA_AB505628/
[17:04:05] Generating annotation statistics file
[17:04:05] Generating Genbank and Sequin files
[17:04:05] Running: tbl2asn -V b -a r10k -l paired-ends -M n -N 1 -y 'Annotated using prokka 1.12 from https://github.com/tseemann/prokka' -Z PROKKA_AB505628\/PROKKA_AB505628\.err -i PROKKA_AB505628\/PROKKA_AB505628\.fsa 2> /dev/null
[17:04:06] Deleting unwanted file: PROKKA_AB505628/errorsummary.val
[17:04:06] Deleting unwanted file: PROKKA_AB505628/PROKKA_AB505628.dr
[17:04:06] Deleting unwanted file: PROKKA_AB505628/PROKKA_AB505628.fixedproducts
[17:04:06] Deleting unwanted file: PROKKA_AB505628/PROKKA_AB505628.ecn
[17:04:06] Deleting unwanted file: PROKKA_AB505628/PROKKA_AB505628.val
[17:04:06] Repairing broken .GBK output that tbl2asn produces...
[17:04:06] Running: sed 's/COORDINATES: profile/COORDINATES:profile/' < PROKKA_AB505628\/PROKKA_AB505628\.gbf > PROKKA_AB505628\/PROKKA_AB505628\.gbk
[17:04:06] Deleting unwanted file: PROKKA_AB505628/PROKKA_AB505628.gbf
[17:04:06] Output files:
[17:04:06] PROKKA_AB505628/PROKKA_AB505628.gbk
[17:04:06] PROKKA_AB505628/PROKKA_AB505628.faa
[17:04:06] PROKKA_AB505628/PROKKA_AB505628.fsa
[17:04:06] PROKKA_AB505628/PROKKA_AB505628.tsv
[17:04:06] PROKKA_AB505628/PROKKA_AB505628.fna
[17:04:06] PROKKA_AB505628/PROKKA_AB505628.log
[17:04:06] PROKKA_AB505628/PROKKA_AB505628.err
[17:04:06] PROKKA_AB505628/PROKKA_AB505628.txt
[17:04:06] PROKKA_AB505628/PROKKA_AB505628.gff
[17:04:06] PROKKA_AB505628/PROKKA_AB505628.ffn
[17:04:06] PROKKA_AB505628/PROKKA_AB505628.sqn
[17:04:06] PROKKA_AB505628/PROKKA_AB505628.tbl
[17:04:06] Annotation finished successfully.
[17:04:06] Walltime used: 0.07 minutes
[17:04:06] If you use this result please cite the Prokka paper:
[17:04:06] Seemann T (2014) Prokka: rapid prokaryotic genome annotation. Bioinformatics. 30(14):2068-9.
[17:04:06] Type 'prokka --citation' for more details.
[17:04:06] Thank you, come again.
