[00:14:01] This is prokka 1.12
[00:14:01] Written by Torsten Seemann <torsten.seemann@gmail.com>
[00:14:01] Homepage is https://github.com/tseemann/prokka
[00:14:01] Local time is Tue Apr 25 00:14:01 2017
[00:14:01] You are fsepulveda
[00:14:01] Operating system is linux
[00:14:01] You have BioPerl 1.006924
[00:14:01] System has 4 cores.
[00:14:01] Option --cpu asked for 8 cores, but system only has 4
[00:14:01] Will use maximum of 4 cores.
[00:14:01] Annotating as >>> Bacteria <<<
[00:14:01] Enabling options to ensure Genbank/ENA/DDJB submission compliance.
[00:14:01] Creating new output folder: /home/fsepulveda/Desktop/test_script/output_AY271717/output_prokka
[00:14:01] Running: mkdir -p \/home\/fsepulveda\/Desktop\/test_script\/output_AY271717\/output_prokka
[00:14:01] Using filename prefix: PROKKA_04252017.XXX
[00:14:01] Setting HMMER_NCPU=1
[00:14:01] Writing log to: /home/fsepulveda/Desktop/test_script/output_AY271717/output_prokka/PROKKA_04252017.log
[00:14:01] Command: /home/fsepulveda/Desktop/tesis/sccmec_classification/prokka-1.12/bin/prokka --kingdom Bacteria --outdir /home/fsepulveda/Desktop/test_script/output_AY271717/output_prokka --quiet --genus Staphylococcus --locustag saureus --centre 10 --compliant /home/fsepulveda/Desktop/test_script/input/AY271717.fasta
[00:14:01] Appending to PATH: /home/fsepulveda/Desktop/tesis/sccmec_classification/prokka-1.12/bin/../binaries/linux
[00:14:01] Appending to PATH: /home/fsepulveda/Desktop/tesis/sccmec_classification/prokka-1.12/bin/../binaries/linux/../common
[00:14:01] Appending to PATH: /home/fsepulveda/Desktop/tesis/sccmec_classification/prokka-1.12/bin
[00:14:01] Looking for 'aragorn' - found /home/fsepulveda/Desktop/tesis/sccmec_classification/prokka-1.12/bin/../binaries/linux/aragorn
[00:14:02] Determined aragorn version is 1.2
[00:14:02] Looking for 'blastp' - found /usr/bin/blastp
[00:14:03] Determined blastp version is 2.2
[00:14:03] Looking for 'cmpress' - found /usr/bin/cmpress
[00:14:03] Determined cmpress version is 1.1
[00:14:03] Looking for 'cmscan' - found /usr/bin/cmscan
[00:14:03] Determined cmscan version is 1.1
[00:14:03] Looking for 'egrep' - found /bin/egrep
[00:14:03] Looking for 'find' - found /usr/bin/find
[00:14:03] Looking for 'grep' - found /bin/grep
[00:14:03] Looking for 'hmmpress' - found /usr/bin/hmmpress
[00:14:03] Determined hmmpress version is 3.1
[00:14:03] Looking for 'hmmscan' - found /usr/bin/hmmscan
[00:14:03] Determined hmmscan version is 3.1
[00:14:03] Looking for 'java' - found /usr/bin/java
[00:14:03] Looking for 'less' - found /usr/bin/less
[00:14:03] Looking for 'makeblastdb' - found /usr/bin/makeblastdb
[00:14:03] Determined makeblastdb version is 2.2
[00:14:03] Looking for 'minced' - found /home/fsepulveda/Desktop/tesis/sccmec_classification/prokka-1.12/bin/../binaries/linux/../common/minced
[00:14:04] Determined minced version is 2.0
[00:14:04] Looking for 'parallel' - found /home/fsepulveda/Desktop/tesis/sccmec_classification/prokka-1.12/bin/../binaries/linux/../common/parallel
[00:14:05] Determined parallel version is 20150122
[00:14:05] Looking for 'prodigal' - found /home/fsepulveda/Desktop/tesis/sccmec_classification/prokka-1.12/bin/../binaries/linux/prodigal
[00:14:05] Determined prodigal version is 2.6
[00:14:05] Looking for 'prokka-genbank_to_fasta_db' - found /home/fsepulveda/Desktop/tesis/sccmec_classification/prokka-1.12/bin/prokka-genbank_to_fasta_db
[00:14:05] Looking for 'sed' - found /bin/sed
[00:14:05] Looking for 'tbl2asn' - found /home/fsepulveda/Desktop/tesis/sccmec_classification/prokka-1.12/bin/../binaries/linux/tbl2asn
[00:14:05] Determined tbl2asn version is 25.3
[00:14:05] Using genetic code table 11.
[00:14:05] Loading and checking input file: /home/fsepulveda/Desktop/test_script/input/AY271717.fasta
[00:14:05] Wrote 1 contigs totalling 24106 bp.
[00:14:05] Predicting tRNAs and tmRNAs
[00:14:05] Running: aragorn -l -gc11  -w \/home\/fsepulveda\/Desktop\/test_script\/output_AY271717\/output_prokka\/PROKKA_04252017\.fna
[00:14:05] Found 0 tRNAs
[00:14:05] Predicting Ribosomal RNAs
[00:14:05] You need either Barrnap or RNAmmer installed to predict rRNAs!
[00:14:05] Skipping ncRNA search, enable with --rfam if desired.
[00:14:05] Total of 0 tRNA + rRNA features
[00:14:05] Searching for CRISPR repeats
[00:14:05] Found 0 CRISPRs
[00:14:05] Predicting coding sequences
[00:14:05] Contigs total 24106 bp, so using meta mode
[00:14:05] Running: prodigal -i \/home\/fsepulveda\/Desktop\/test_script\/output_AY271717\/output_prokka\/PROKKA_04252017\.fna -c -m -g 11 -p meta -f sco -q
[00:14:05] Found 23 CDS
[00:14:05] Connecting features back to sequences
[00:14:05] Not using genus-specific database. Try --usegenus to enable it.
[00:14:05] Annotating CDS, please be patient.
[00:14:05] Will use 4 CPUs for similarity searching.
[00:14:05] There are still 23 unannotated CDS left (started with 23)
[00:14:05] Will use blast to search against /home/fsepulveda/Desktop/tesis/sccmec_classification/prokka-1.12/bin/../db/kingdom/Bacteria/sprot with 4 CPUs
[00:14:05] Running: cat \/home\/fsepulveda\/Desktop\/test_script\/output_AY271717\/output_prokka\/sprot\.faa | parallel --gnu --plain -j 4 --block 823 --recstart '>' --pipe blastp -query - -db /home/fsepulveda/Desktop/tesis/sccmec_classification/prokka-1.12/bin/../db/kingdom/Bacteria/sprot -evalue 1e-06 -num_threads 1 -num_descriptions 1 -num_alignments 1 -seg no > \/home\/fsepulveda\/Desktop\/test_script\/output_AY271717\/output_prokka\/sprot\.blast 2> /dev/null
[00:14:07] Deleting unwanted file: /home/fsepulveda/Desktop/test_script/output_AY271717/output_prokka/sprot.faa
[00:14:07] Deleting unwanted file: /home/fsepulveda/Desktop/test_script/output_AY271717/output_prokka/sprot.blast
[00:14:07] There are still 17 unannotated CDS left (started with 23)
[00:14:07] Will use hmmer3 to search against /home/fsepulveda/Desktop/tesis/sccmec_classification/prokka-1.12/bin/../db/hmm/HAMAP.hmm with 4 CPUs
[00:14:07] Running: cat \/home\/fsepulveda\/Desktop\/test_script\/output_AY271717\/output_prokka\/HAMAP\.hmm\.faa | parallel --gnu --plain -j 4 --block 529 --recstart '>' --pipe hmmscan --noali --notextw --acc -E 1e-06 --cpu 1 /home/fsepulveda/Desktop/tesis/sccmec_classification/prokka-1.12/bin/../db/hmm/HAMAP.hmm /dev/stdin > \/home\/fsepulveda\/Desktop\/test_script\/output_AY271717\/output_prokka\/HAMAP\.hmm\.hmmer3 2> /dev/null
[00:14:11] Deleting unwanted file: /home/fsepulveda/Desktop/test_script/output_AY271717/output_prokka/HAMAP.hmm.faa
[00:14:11] Deleting unwanted file: /home/fsepulveda/Desktop/test_script/output_AY271717/output_prokka/HAMAP.hmm.hmmer3
[00:14:11] Labelling remaining 17 proteins as 'hypothetical protein'
[00:14:11] Possible /pseudo 'DNA-invertase hin' at gnl|10|saureus_1 position 10143
[00:14:11] Found 5 unique /gene codes.
[00:14:11] Fixed 2 duplicate /gene - hin_1 hin_2
[00:14:11] Fixed 1 colliding /gene names.
[00:14:11] Adding /locus_tag identifiers
[00:14:11] Assigned 23 locus_tags to CDS and RNA features.
[00:14:11] Writing outputs to /home/fsepulveda/Desktop/test_script/output_AY271717/output_prokka/
[00:14:11] Generating annotation statistics file
[00:14:11] Generating Genbank and Sequin files
[00:14:11] Running: tbl2asn -V b -a r10k -l paired-ends -M n -N 1 -y 'Annotated using prokka 1.12 from https://github.com/tseemann/prokka' -Z \/home\/fsepulveda\/Desktop\/test_script\/output_AY271717\/output_prokka\/PROKKA_04252017\.err -i \/home\/fsepulveda\/Desktop\/test_script\/output_AY271717\/output_prokka\/PROKKA_04252017\.fsa 2> /dev/null
[00:14:11] Deleting unwanted file: /home/fsepulveda/Desktop/test_script/output_AY271717/output_prokka/errorsummary.val
[00:14:11] Deleting unwanted file: /home/fsepulveda/Desktop/test_script/output_AY271717/output_prokka/PROKKA_04252017.dr
[00:14:11] Deleting unwanted file: /home/fsepulveda/Desktop/test_script/output_AY271717/output_prokka/PROKKA_04252017.fixedproducts
[00:14:11] Deleting unwanted file: /home/fsepulveda/Desktop/test_script/output_AY271717/output_prokka/PROKKA_04252017.ecn
[00:14:11] Deleting unwanted file: /home/fsepulveda/Desktop/test_script/output_AY271717/output_prokka/PROKKA_04252017.val
[00:14:11] Repairing broken .GBK output that tbl2asn produces...
[00:14:11] Running: sed 's/COORDINATES: profile/COORDINATES:profile/' < \/home\/fsepulveda\/Desktop\/test_script\/output_AY271717\/output_prokka\/PROKKA_04252017\.gbf > \/home\/fsepulveda\/Desktop\/test_script\/output_AY271717\/output_prokka\/PROKKA_04252017\.gbk
[00:14:11] Deleting unwanted file: /home/fsepulveda/Desktop/test_script/output_AY271717/output_prokka/PROKKA_04252017.gbf
[00:14:11] Output files:
[00:14:11] /home/fsepulveda/Desktop/test_script/output_AY271717/output_prokka/PROKKA_04252017.sqn
[00:14:11] /home/fsepulveda/Desktop/test_script/output_AY271717/output_prokka/PROKKA_04252017.gbk
[00:14:11] /home/fsepulveda/Desktop/test_script/output_AY271717/output_prokka/PROKKA_04252017.ffn
[00:14:11] /home/fsepulveda/Desktop/test_script/output_AY271717/output_prokka/PROKKA_04252017.gff
[00:14:11] /home/fsepulveda/Desktop/test_script/output_AY271717/output_prokka/PROKKA_04252017.fna
[00:14:11] /home/fsepulveda/Desktop/test_script/output_AY271717/output_prokka/PROKKA_04252017.faa
[00:14:11] /home/fsepulveda/Desktop/test_script/output_AY271717/output_prokka/PROKKA_04252017.tbl
[00:14:11] /home/fsepulveda/Desktop/test_script/output_AY271717/output_prokka/PROKKA_04252017.err
[00:14:11] /home/fsepulveda/Desktop/test_script/output_AY271717/output_prokka/PROKKA_04252017.tsv
[00:14:11] /home/fsepulveda/Desktop/test_script/output_AY271717/output_prokka/PROKKA_04252017.txt
[00:14:11] /home/fsepulveda/Desktop/test_script/output_AY271717/output_prokka/PROKKA_04252017.log
[00:14:11] /home/fsepulveda/Desktop/test_script/output_AY271717/output_prokka/PROKKA_04252017.fsa
[00:14:11] Annotation finished successfully.
[00:14:11] Walltime used: 0.17 minutes
[00:14:11] If you use this result please cite the Prokka paper:
[00:14:11] Seemann T (2014) Prokka: rapid prokaryotic genome annotation. Bioinformatics. 30(14):2068-9.
[00:14:11] Type 'prokka --citation' for more details.
[00:14:11] Thank you, come again.
