[17:12:45] This is prokka 1.12
[17:12:45] Written by Torsten Seemann <torsten.seemann@gmail.com>
[17:12:45] Homepage is https://github.com/tseemann/prokka
[17:12:45] Local time is Mon May 15 17:12:45 2017
[17:12:45] You are fsepulveda
[17:12:45] Operating system is linux
[17:12:45] You have BioPerl 1.006924
[17:12:45] System has 4 cores.
[17:12:45] Option --cpu asked for 8 cores, but system only has 4
[17:12:45] Will use maximum of 4 cores.
[17:12:45] Annotating as >>> Bacteria <<<
[17:12:45] Creating new output folder: PROKKA_NC_020566
[17:12:45] Running: mkdir -p PROKKA_NC_020566
[17:12:45] Using filename prefix: PROKKA_NC_020566.XXX
[17:12:45] Setting HMMER_NCPU=1
[17:12:45] Writing log to: PROKKA_NC_020566/PROKKA_NC_020566.log
[17:12:45] Command: /home/fsepulveda/Desktop/tesis/sccmec_classification/prokka-1.12/bin/prokka --genus Staphylococcus --prefix PROKKA_NC_020566 --addgenes --addmrna --locustag NC_020566_SCCmec /home/fsepulveda/Documents/parte2/229_sccmec/sccmec_NC_020566.fasta
[17:12:45] Appending to PATH: /home/fsepulveda/Desktop/tesis/sccmec_classification/prokka-1.12/bin/../binaries/linux
[17:12:45] Appending to PATH: /home/fsepulveda/Desktop/tesis/sccmec_classification/prokka-1.12/bin/../binaries/linux/../common
[17:12:45] Appending to PATH: /home/fsepulveda/Desktop/tesis/sccmec_classification/prokka-1.12/bin
[17:12:45] Looking for 'aragorn' - found /home/fsepulveda/Desktop/tesis/sccmec_classification/prokka-1.12/bin/../binaries/linux/aragorn
[17:12:45] Determined aragorn version is 1.2
[17:12:45] Looking for 'blastp' - found /usr/bin/blastp
[17:12:45] Determined blastp version is 2.2
[17:12:45] Looking for 'cmpress' - found /usr/bin/cmpress
[17:12:45] Determined cmpress version is 1.1
[17:12:45] Looking for 'cmscan' - found /usr/bin/cmscan
[17:12:45] Determined cmscan version is 1.1
[17:12:45] Looking for 'egrep' - found /bin/egrep
[17:12:45] Looking for 'find' - found /usr/bin/find
[17:12:45] Looking for 'grep' - found /bin/grep
[17:12:45] Looking for 'hmmpress' - found /usr/bin/hmmpress
[17:12:45] Determined hmmpress version is 3.1
[17:12:45] Looking for 'hmmscan' - found /usr/bin/hmmscan
[17:12:45] Determined hmmscan version is 3.1
[17:12:45] Looking for 'java' - found /usr/bin/java
[17:12:45] Looking for 'less' - found /usr/bin/less
[17:12:45] Looking for 'makeblastdb' - found /usr/bin/makeblastdb
[17:12:45] Determined makeblastdb version is 2.2
[17:12:45] Looking for 'minced' - found /home/fsepulveda/Desktop/tesis/sccmec_classification/prokka-1.12/bin/../binaries/linux/../common/minced
[17:12:45] Determined minced version is 2.0
[17:12:45] Looking for 'parallel' - found /home/fsepulveda/Desktop/tesis/sccmec_classification/prokka-1.12/bin/../binaries/linux/../common/parallel
[17:12:45] Determined parallel version is 20150122
[17:12:45] Looking for 'prodigal' - found /home/fsepulveda/Desktop/tesis/sccmec_classification/prokka-1.12/bin/../binaries/linux/prodigal
[17:12:45] Determined prodigal version is 2.6
[17:12:45] Looking for 'prokka-genbank_to_fasta_db' - found /home/fsepulveda/Desktop/tesis/sccmec_classification/prokka-1.12/bin/prokka-genbank_to_fasta_db
[17:12:45] Looking for 'sed' - found /bin/sed
[17:12:45] Looking for 'tbl2asn' - found /home/fsepulveda/Desktop/tesis/sccmec_classification/prokka-1.12/bin/../binaries/linux/tbl2asn
[17:12:45] Determined tbl2asn version is 25.3
[17:12:45] Using genetic code table 11.
[17:12:45] Loading and checking input file: /home/fsepulveda/Documents/parte2/229_sccmec/sccmec_NC_020566.fasta
[17:12:45] Wrote 1 contigs totalling 29290 bp.
[17:12:45] Predicting tRNAs and tmRNAs
[17:12:45] Running: aragorn -l -gc11  -w PROKKA_NC_020566\/PROKKA_NC_020566\.fna
[17:12:45] Found 0 tRNAs
[17:12:45] Predicting Ribosomal RNAs
[17:12:45] You need either Barrnap or RNAmmer installed to predict rRNAs!
[17:12:45] Skipping ncRNA search, enable with --rfam if desired.
[17:12:45] Total of 0 tRNA + rRNA features
[17:12:45] Searching for CRISPR repeats
[17:12:45] Found 0 CRISPRs
[17:12:45] Predicting coding sequences
[17:12:45] Contigs total 29290 bp, so using meta mode
[17:12:45] Running: prodigal -i PROKKA_NC_020566\/PROKKA_NC_020566\.fna -c -m -g 11 -p meta -f sco -q
[17:12:45] Found 28 CDS
[17:12:45] Connecting features back to sequences
[17:12:45] Not using genus-specific database. Try --usegenus to enable it.
[17:12:45] Annotating CDS, please be patient.
[17:12:45] Will use 4 CPUs for similarity searching.
[17:12:45] There are still 28 unannotated CDS left (started with 28)
[17:12:45] Will use blast to search against /home/fsepulveda/Desktop/tesis/sccmec_classification/prokka-1.12/bin/../db/kingdom/Bacteria/sprot with 4 CPUs
[17:12:45] Running: cat PROKKA_NC_020566\/sprot\.faa | parallel --gnu --plain -j 4 --block 1026 --recstart '>' --pipe blastp -query - -db /home/fsepulveda/Desktop/tesis/sccmec_classification/prokka-1.12/bin/../db/kingdom/Bacteria/sprot -evalue 1e-06 -num_threads 1 -num_descriptions 1 -num_alignments 1 -seg no > PROKKA_NC_020566\/sprot\.blast 2> /dev/null
[17:12:47] Deleting unwanted file: PROKKA_NC_020566/sprot.faa
[17:12:47] Deleting unwanted file: PROKKA_NC_020566/sprot.blast
[17:12:47] There are still 15 unannotated CDS left (started with 28)
[17:12:47] Will use hmmer3 to search against /home/fsepulveda/Desktop/tesis/sccmec_classification/prokka-1.12/bin/../db/hmm/HAMAP.hmm with 4 CPUs
[17:12:47] Running: cat PROKKA_NC_020566\/HAMAP\.hmm\.faa | parallel --gnu --plain -j 4 --block 519 --recstart '>' --pipe hmmscan --noali --notextw --acc -E 1e-06 --cpu 1 /home/fsepulveda/Desktop/tesis/sccmec_classification/prokka-1.12/bin/../db/hmm/HAMAP.hmm /dev/stdin > PROKKA_NC_020566\/HAMAP\.hmm\.hmmer3 2> /dev/null
[17:12:47] Deleting unwanted file: PROKKA_NC_020566/HAMAP.hmm.faa
[17:12:47] Deleting unwanted file: PROKKA_NC_020566/HAMAP.hmm.hmmer3
[17:12:47] Labelling remaining 14 proteins as 'hypothetical protein'
[17:12:47] Possible /pseudo 'DNA-invertase hin' at sccmec_saures_NC_020566_l29290 position 13317
[17:12:47] Possible /pseudo 'UDP-N-acetylmuramoyl-tripeptide--D-alanyl-D-alanine ligase' at sccmec_saures_NC_020566_l29290 position 27460
[17:12:47] Found 12 unique /gene codes.
[17:12:47] Fixed 2 duplicate /gene - hin_1 hin_2
[17:12:47] Fixed 2 duplicate /gene - murF_1 murF_2
[17:12:47] Fixed 2 colliding /gene names.
[17:12:47] Adding /locus_tag identifiers
[17:12:47] Assigned 28 locus_tags to CDS and RNA features.
[17:12:47] Writing outputs to PROKKA_NC_020566/
[17:12:47] Generating annotation statistics file
[17:12:47] Generating Genbank and Sequin files
[17:12:47] Running: tbl2asn -V b -a r10k -l paired-ends -M n -N 1 -y 'Annotated using prokka 1.12 from https://github.com/tseemann/prokka' -Z PROKKA_NC_020566\/PROKKA_NC_020566\.err -i PROKKA_NC_020566\/PROKKA_NC_020566\.fsa 2> /dev/null
[17:12:47] Deleting unwanted file: PROKKA_NC_020566/errorsummary.val
[17:12:47] Deleting unwanted file: PROKKA_NC_020566/PROKKA_NC_020566.dr
[17:12:47] Deleting unwanted file: PROKKA_NC_020566/PROKKA_NC_020566.fixedproducts
[17:12:47] Deleting unwanted file: PROKKA_NC_020566/PROKKA_NC_020566.ecn
[17:12:47] Deleting unwanted file: PROKKA_NC_020566/PROKKA_NC_020566.val
[17:12:47] Repairing broken .GBK output that tbl2asn produces...
[17:12:47] Running: sed 's/COORDINATES: profile/COORDINATES:profile/' < PROKKA_NC_020566\/PROKKA_NC_020566\.gbf > PROKKA_NC_020566\/PROKKA_NC_020566\.gbk
[17:12:47] Deleting unwanted file: PROKKA_NC_020566/PROKKA_NC_020566.gbf
[17:12:47] Output files:
[17:12:47] PROKKA_NC_020566/PROKKA_NC_020566.txt
[17:12:47] PROKKA_NC_020566/PROKKA_NC_020566.fna
[17:12:47] PROKKA_NC_020566/PROKKA_NC_020566.tsv
[17:12:47] PROKKA_NC_020566/PROKKA_NC_020566.err
[17:12:47] PROKKA_NC_020566/PROKKA_NC_020566.fsa
[17:12:47] PROKKA_NC_020566/PROKKA_NC_020566.faa
[17:12:47] PROKKA_NC_020566/PROKKA_NC_020566.tbl
[17:12:47] PROKKA_NC_020566/PROKKA_NC_020566.gff
[17:12:47] PROKKA_NC_020566/PROKKA_NC_020566.gbk
[17:12:47] PROKKA_NC_020566/PROKKA_NC_020566.ffn
[17:12:47] PROKKA_NC_020566/PROKKA_NC_020566.log
[17:12:47] PROKKA_NC_020566/PROKKA_NC_020566.sqn
[17:12:47] Annotation finished successfully.
[17:12:47] Walltime used: 0.03 minutes
[17:12:47] If you use this result please cite the Prokka paper:
[17:12:47] Seemann T (2014) Prokka: rapid prokaryotic genome annotation. Bioinformatics. 30(14):2068-9.
[17:12:47] Type 'prokka --citation' for more details.
[17:12:47] Thank you, come again.
