Discrepancy Report Results

Summary
FATAL: BAD_LOCUS_TAG_FORMAT:83 locus tags are incorrectly formatted.
FATAL: MISSING_PROTEIN_ID:83 proteins have invalid IDs.
DISC_SOURCE_QUALS_ASNDISC:strain (all present, all unique)
DISC_SOURCE_QUALS_ASNDISC:taxname (all present, all unique)
DISC_FEATURE_COUNT:gene: 83 present
DISC_FEATURE_COUNT:CDS: 83 present
DISC_FEATURE_COUNT:mRNA: 83 present
DISC_COUNT_NUCLEOTIDES:1 nucleotide Bioseqs are present
OVERLAPPING_GENES:18 genes overlap another gene on the same strand.
OVERLAPPING_CDS:4 coding regions overlap another coding region with a similar or identical name.
DISC_QUALITY_SCORES:Quality scores are missing on all sequences.
ONCALLER_COMMENT_PRESENT:1 comment descriptors were found (all same)
SHORT_PROT_SEQUENCES:6 protein sequences are shorter than 50 aa.
MISSING_GENOMEASSEMBLY_COMMENTS:1 bioseqs are missing GenomeAssembly structured comments
MOLTYPE_NOT_MRNA:1 molecule types are not set as mRNA.
TECHNIQUE_NOT_TSA:1 technique are not set as TSA
MISSING_STRUCTURED_COMMENT:1 sequences do not include structured comments.
MISSING_PROJECT:84 sequences do not include project.
DISC_INCONSISTENT_MOLINFO_TECH:Molinfo Technique Report (some missing, all same)


Detailed Report

FATAL: DiscRep_ALL:BAD_LOCUS_TAG_FORMAT::83 locus tags are incorrectly formatted.
PROKKA_CP018766/PROKKA_CP018766:Gene	rlmH	sccmec_saures_CP018766_l86321:1-480	CP018766_SCCmec_00001
PROKKA_CP018766/PROKKA_CP018766:Gene	hsdR	sccmec_saures_CP018766_l86321:581-724	CP018766_SCCmec_00002
PROKKA_CP018766/PROKKA_CP018766:Gene	CP018766_SCCmec_00003	sccmec_saures_CP018766_l86321:717-1919	CP018766_SCCmec_00003
PROKKA_CP018766/PROKKA_CP018766:Gene	CP018766_SCCmec_00004	sccmec_saures_CP018766_l86321:c2174-1923	CP018766_SCCmec_00004
PROKKA_CP018766/PROKKA_CP018766:Gene	speG	sccmec_saures_CP018766_l86321:c2739-2242	CP018766_SCCmec_00005
PROKKA_CP018766/PROKKA_CP018766:Gene	CP018766_SCCmec_00006	sccmec_saures_CP018766_l86321:c3821-3411	CP018766_SCCmec_00006
PROKKA_CP018766/PROKKA_CP018766:Gene	CP018766_SCCmec_00007	sccmec_saures_CP018766_l86321:c4722-4219	CP018766_SCCmec_00007
PROKKA_CP018766/PROKKA_CP018766:Gene	CP018766_SCCmec_00008	sccmec_saures_CP018766_l86321:c5049-4738	CP018766_SCCmec_00008
PROKKA_CP018766/PROKKA_CP018766:Gene	CP018766_SCCmec_00009	sccmec_saures_CP018766_l86321:c5143-5051	CP018766_SCCmec_00009
PROKKA_CP018766/PROKKA_CP018766:Gene	CP018766_SCCmec_00010	sccmec_saures_CP018766_l86321:c5486-5136	CP018766_SCCmec_00010
PROKKA_CP018766/PROKKA_CP018766:Gene	hin_1	sccmec_saures_CP018766_l86321:c7615-5987	CP018766_SCCmec_00011
PROKKA_CP018766/PROKKA_CP018766:Gene	CP018766_SCCmec_00012	sccmec_saures_CP018766_l86321:c8973-7612	CP018766_SCCmec_00012
PROKKA_CP018766/PROKKA_CP018766:Gene	CP018766_SCCmec_00013	sccmec_saures_CP018766_l86321:c9774-9160	CP018766_SCCmec_00013
PROKKA_CP018766/PROKKA_CP018766:Gene	CP018766_SCCmec_00014	sccmec_saures_CP018766_l86321:10157-10300	CP018766_SCCmec_00014
PROKKA_CP018766/PROKKA_CP018766:Gene	CP018766_SCCmec_00015	sccmec_saures_CP018766_l86321:c10607-10248	CP018766_SCCmec_00015
PROKKA_CP018766/PROKKA_CP018766:Gene	czrA	sccmec_saures_CP018766_l86321:10814-11140	CP018766_SCCmec_00016
PROKKA_CP018766/PROKKA_CP018766:Gene	CP018766_SCCmec_00017	sccmec_saures_CP018766_l86321:11243-11341	CP018766_SCCmec_00017
PROKKA_CP018766/PROKKA_CP018766:Gene	zosA	sccmec_saures_CP018766_l86321:11470-13395	CP018766_SCCmec_00018
PROKKA_CP018766/PROKKA_CP018766:Gene	CP018766_SCCmec_00019	sccmec_saures_CP018766_l86321:14490-15119	CP018766_SCCmec_00019
PROKKA_CP018766/PROKKA_CP018766:Gene	CP018766_SCCmec_00020	sccmec_saures_CP018766_l86321:15134-15376	CP018766_SCCmec_00020
PROKKA_CP018766/PROKKA_CP018766:Gene	CP018766_SCCmec_00021	sccmec_saures_CP018766_l86321:15748-16626	CP018766_SCCmec_00021
PROKKA_CP018766/PROKKA_CP018766:Gene	arcC1	sccmec_saures_CP018766_l86321:c17655-16726	CP018766_SCCmec_00022
PROKKA_CP018766/PROKKA_CP018766:Gene	argF	sccmec_saures_CP018766_l86321:c18673-17675	CP018766_SCCmec_00023
PROKKA_CP018766/PROKKA_CP018766:Gene	arcR	sccmec_saures_CP018766_l86321:c19400-18711	CP018766_SCCmec_00024
PROKKA_CP018766/PROKKA_CP018766:Gene	arcD	sccmec_saures_CP018766_l86321:c20863-19442	CP018766_SCCmec_00025
PROKKA_CP018766/PROKKA_CP018766:Gene	arcA	sccmec_saures_CP018766_l86321:c22184-20949	CP018766_SCCmec_00026
PROKKA_CP018766/PROKKA_CP018766:Gene	argR	sccmec_saures_CP018766_l86321:c22899-22453	CP018766_SCCmec_00027
PROKKA_CP018766/PROKKA_CP018766:Gene	CP018766_SCCmec_00028	sccmec_saures_CP018766_l86321:23999-24154	CP018766_SCCmec_00028
PROKKA_CP018766/PROKKA_CP018766:Gene	CP018766_SCCmec_00029	sccmec_saures_CP018766_l86321:c24856-24425	CP018766_SCCmec_00029
PROKKA_CP018766/PROKKA_CP018766:Gene	CP018766_SCCmec_00030	sccmec_saures_CP018766_l86321:c26064-25738	CP018766_SCCmec_00030
PROKKA_CP018766/PROKKA_CP018766:Gene	CP018766_SCCmec_00031	sccmec_saures_CP018766_l86321:26080-26754	CP018766_SCCmec_00031
PROKKA_CP018766/PROKKA_CP018766:Gene	CP018766_SCCmec_00032	sccmec_saures_CP018766_l86321:c27747-27514	CP018766_SCCmec_00032
PROKKA_CP018766/PROKKA_CP018766:Gene	pls	sccmec_saures_CP018766_l86321:27990-33509	CP018766_SCCmec_00033
PROKKA_CP018766/PROKKA_CP018766:Gene	CP018766_SCCmec_00034	sccmec_saures_CP018766_l86321:33594-35249	CP018766_SCCmec_00034
PROKKA_CP018766/PROKKA_CP018766:Gene	tagE	sccmec_saures_CP018766_l86321:c36920-35409	CP018766_SCCmec_00035
PROKKA_CP018766/PROKKA_CP018766:Gene	murF_1	sccmec_saures_CP018766_l86321:c38601-36943	CP018766_SCCmec_00036
PROKKA_CP018766/PROKKA_CP018766:Gene	murF_2	sccmec_saures_CP018766_l86321:c38993-38595	CP018766_SCCmec_00037
PROKKA_CP018766/PROKKA_CP018766:Gene	CP018766_SCCmec_00038	sccmec_saures_CP018766_l86321:40075-41331	CP018766_SCCmec_00038
PROKKA_CP018766/PROKKA_CP018766:Gene	CP018766_SCCmec_00039	sccmec_saures_CP018766_l86321:41516-41617	CP018766_SCCmec_00039
PROKKA_CP018766/PROKKA_CP018766:Gene	CP018766_SCCmec_00040	sccmec_saures_CP018766_l86321:41746-41985	CP018766_SCCmec_00040
PROKKA_CP018766/PROKKA_CP018766:Gene	CP018766_SCCmec_00041	sccmec_saures_CP018766_l86321:c42691-42017	CP018766_SCCmec_00041
PROKKA_CP018766/PROKKA_CP018766:Gene	ugpQ	sccmec_saures_CP018766_l86321:42956-43699	CP018766_SCCmec_00042
PROKKA_CP018766/PROKKA_CP018766:Gene	paaZ	sccmec_saures_CP018766_l86321:43796-44224	CP018766_SCCmec_00043
PROKKA_CP018766/PROKKA_CP018766:Gene	pbp	sccmec_saures_CP018766_l86321:c46276-44270	CP018766_SCCmec_00044
PROKKA_CP018766/PROKKA_CP018766:Gene	mecR1	sccmec_saures_CP018766_l86321:46376-48133	CP018766_SCCmec_00045
PROKKA_CP018766/PROKKA_CP018766:Gene	mecI	sccmec_saures_CP018766_l86321:48133-48504	CP018766_SCCmec_00046
PROKKA_CP018766/PROKKA_CP018766:Gene	nagC	sccmec_saures_CP018766_l86321:49011-50120	CP018766_SCCmec_00047
PROKKA_CP018766/PROKKA_CP018766:Gene	pspE_1	sccmec_saures_CP018766_l86321:c50494-50234	CP018766_SCCmec_00048
PROKKA_CP018766/PROKKA_CP018766:Gene	gloC	sccmec_saures_CP018766_l86321:c51568-50630	CP018766_SCCmec_00049
PROKKA_CP018766/PROKKA_CP018766:Gene	pspE_2	sccmec_saures_CP018766_l86321:c52665-51601	CP018766_SCCmec_00050
PROKKA_CP018766/PROKKA_CP018766:Gene	csoR	sccmec_saures_CP018766_l86321:52801-53061	CP018766_SCCmec_00051
PROKKA_CP018766/PROKKA_CP018766:Gene	CP018766_SCCmec_00052	sccmec_saures_CP018766_l86321:53076-53705	CP018766_SCCmec_00052
PROKKA_CP018766/PROKKA_CP018766:Gene	ycgJ	sccmec_saures_CP018766_l86321:c54706-54044	CP018766_SCCmec_00053
PROKKA_CP018766/PROKKA_CP018766:Gene	ermA1	sccmec_saures_CP018766_l86321:55167-55898	CP018766_SCCmec_00054
PROKKA_CP018766/PROKKA_CP018766:Gene	ant1	sccmec_saures_CP018766_l86321:c56806-56024	CP018766_SCCmec_00055
PROKKA_CP018766/PROKKA_CP018766:Gene	CP018766_SCCmec_00056	sccmec_saures_CP018766_l86321:c57334-56957	CP018766_SCCmec_00056
PROKKA_CP018766/PROKKA_CP018766:Gene	xerC_1	sccmec_saures_CP018766_l86321:c59233-57341	CP018766_SCCmec_00057
PROKKA_CP018766/PROKKA_CP018766:Gene	xerC_2	sccmec_saures_CP018766_l86321:c60315-59230	CP018766_SCCmec_00058
PROKKA_CP018766/PROKKA_CP018766:Gene	CP018766_SCCmec_00059	sccmec_saures_CP018766_l86321:c60751-60434	CP018766_SCCmec_00059
PROKKA_CP018766/PROKKA_CP018766:Gene	CP018766_SCCmec_00060	sccmec_saures_CP018766_l86321:c61278-60772	CP018766_SCCmec_00060
PROKKA_CP018766/PROKKA_CP018766:Gene	CP018766_SCCmec_00061	sccmec_saures_CP018766_l86321:c61607-61296	CP018766_SCCmec_00061
PROKKA_CP018766/PROKKA_CP018766:Gene	CP018766_SCCmec_00062	sccmec_saures_CP018766_l86321:c62044-61694	CP018766_SCCmec_00062
PROKKA_CP018766/PROKKA_CP018766:Gene	hin_2	sccmec_saures_CP018766_l86321:c64190-62562	CP018766_SCCmec_00063
PROKKA_CP018766/PROKKA_CP018766:Gene	hin_3	sccmec_saures_CP018766_l86321:c65561-64212	CP018766_SCCmec_00064
PROKKA_CP018766/PROKKA_CP018766:Gene	CP018766_SCCmec_00065	sccmec_saures_CP018766_l86321:c67588-65795	CP018766_SCCmec_00065
PROKKA_CP018766/PROKKA_CP018766:Gene	CP018766_SCCmec_00066	sccmec_saures_CP018766_l86321:c67884-67588	CP018766_SCCmec_00066
PROKKA_CP018766/PROKKA_CP018766:Gene	CP018766_SCCmec_00067	sccmec_saures_CP018766_l86321:c69123-68077	CP018766_SCCmec_00067
PROKKA_CP018766/PROKKA_CP018766:Gene	CP018766_SCCmec_00068	sccmec_saures_CP018766_l86321:c69796-69374	CP018766_SCCmec_00068
PROKKA_CP018766/PROKKA_CP018766:Gene	CP018766_SCCmec_00069	sccmec_saures_CP018766_l86321:c70216-69863	CP018766_SCCmec_00069
PROKKA_CP018766/PROKKA_CP018766:Gene	CP018766_SCCmec_00070	sccmec_saures_CP018766_l86321:c70515-70201	CP018766_SCCmec_00070
PROKKA_CP018766/PROKKA_CP018766:Gene	CP018766_SCCmec_00071	sccmec_saures_CP018766_l86321:c71928-71026	CP018766_SCCmec_00071
PROKKA_CP018766/PROKKA_CP018766:Gene	kdpE	sccmec_saures_CP018766_l86321:c73369-72674	CP018766_SCCmec_00072
PROKKA_CP018766/PROKKA_CP018766:Gene	kdpD	sccmec_saures_CP018766_l86321:c76013-73344	CP018766_SCCmec_00073
PROKKA_CP018766/PROKKA_CP018766:Gene	CP018766_SCCmec_00074	sccmec_saures_CP018766_l86321:c76208-76065	CP018766_SCCmec_00074
PROKKA_CP018766/PROKKA_CP018766:Gene	kdpA	sccmec_saures_CP018766_l86321:76281-77957	CP018766_SCCmec_00075
PROKKA_CP018766/PROKKA_CP018766:Gene	kdpB	sccmec_saures_CP018766_l86321:77976-79997	CP018766_SCCmec_00076
PROKKA_CP018766/PROKKA_CP018766:Gene	kdpC	sccmec_saures_CP018766_l86321:80013-80570	CP018766_SCCmec_00077
PROKKA_CP018766/PROKKA_CP018766:Gene	CP018766_SCCmec_00078	sccmec_saures_CP018766_l86321:c81984-81115	CP018766_SCCmec_00078
PROKKA_CP018766/PROKKA_CP018766:Gene	CP018766_SCCmec_00079	sccmec_saures_CP018766_l86321:c82890-81994	CP018766_SCCmec_00079
PROKKA_CP018766/PROKKA_CP018766:Gene	CP018766_SCCmec_00080	sccmec_saures_CP018766_l86321:c83464-83090	CP018766_SCCmec_00080
PROKKA_CP018766/PROKKA_CP018766:Gene	CP018766_SCCmec_00081	sccmec_saures_CP018766_l86321:c83919-83632	CP018766_SCCmec_00081
PROKKA_CP018766/PROKKA_CP018766:Gene	CP018766_SCCmec_00082	sccmec_saures_CP018766_l86321:c84635-84009	CP018766_SCCmec_00082
PROKKA_CP018766/PROKKA_CP018766:Gene	prkC	sccmec_saures_CP018766_l86321:84750-86258	CP018766_SCCmec_00083

FATAL: DiscRep_ALL:MISSING_PROTEIN_ID::83 proteins have invalid IDs.
PROKKA_CP018766/PROKKA_CP018766:sccmec_saures_CP018766_l86321_1 (length 159)
PROKKA_CP018766/PROKKA_CP018766:sccmec_saures_CP018766_l86321_2 (length 47)
PROKKA_CP018766/PROKKA_CP018766:sccmec_saures_CP018766_l86321_3 (length 400)
PROKKA_CP018766/PROKKA_CP018766:sccmec_saures_CP018766_l86321_4 (length 83)
PROKKA_CP018766/PROKKA_CP018766:sccmec_saures_CP018766_l86321_5 (length 165)
PROKKA_CP018766/PROKKA_CP018766:sccmec_saures_CP018766_l86321_6 (length 136)
PROKKA_CP018766/PROKKA_CP018766:sccmec_saures_CP018766_l86321_7 (length 167)
PROKKA_CP018766/PROKKA_CP018766:sccmec_saures_CP018766_l86321_8 (length 103)
PROKKA_CP018766/PROKKA_CP018766:sccmec_saures_CP018766_l86321_9 (length 30)
PROKKA_CP018766/PROKKA_CP018766:sccmec_saures_CP018766_l86321_10 (length 116)
PROKKA_CP018766/PROKKA_CP018766:sccmec_saures_CP018766_l86321_11 (length 542)
PROKKA_CP018766/PROKKA_CP018766:sccmec_saures_CP018766_l86321_12 (length 453)
PROKKA_CP018766/PROKKA_CP018766:sccmec_saures_CP018766_l86321_13 (length 204)
PROKKA_CP018766/PROKKA_CP018766:sccmec_saures_CP018766_l86321_14 (length 47)
PROKKA_CP018766/PROKKA_CP018766:sccmec_saures_CP018766_l86321_15 (length 119)
PROKKA_CP018766/PROKKA_CP018766:sccmec_saures_CP018766_l86321_16 (length 108)
PROKKA_CP018766/PROKKA_CP018766:sccmec_saures_CP018766_l86321_17 (length 32)
PROKKA_CP018766/PROKKA_CP018766:sccmec_saures_CP018766_l86321_18 (length 641)
PROKKA_CP018766/PROKKA_CP018766:sccmec_saures_CP018766_l86321_19 (length 209)
PROKKA_CP018766/PROKKA_CP018766:sccmec_saures_CP018766_l86321_20 (length 80)
PROKKA_CP018766/PROKKA_CP018766:sccmec_saures_CP018766_l86321_21 (length 292)
PROKKA_CP018766/PROKKA_CP018766:sccmec_saures_CP018766_l86321_22 (length 309)
PROKKA_CP018766/PROKKA_CP018766:sccmec_saures_CP018766_l86321_23 (length 332)
PROKKA_CP018766/PROKKA_CP018766:sccmec_saures_CP018766_l86321_24 (length 229)
PROKKA_CP018766/PROKKA_CP018766:sccmec_saures_CP018766_l86321_25 (length 473)
PROKKA_CP018766/PROKKA_CP018766:sccmec_saures_CP018766_l86321_26 (length 411)
PROKKA_CP018766/PROKKA_CP018766:sccmec_saures_CP018766_l86321_27 (length 148)
PROKKA_CP018766/PROKKA_CP018766:sccmec_saures_CP018766_l86321_28 (length 51)
PROKKA_CP018766/PROKKA_CP018766:sccmec_saures_CP018766_l86321_29 (length 143)
PROKKA_CP018766/PROKKA_CP018766:sccmec_saures_CP018766_l86321_30 (length 108)
PROKKA_CP018766/PROKKA_CP018766:sccmec_saures_CP018766_l86321_31 (length 224)
PROKKA_CP018766/PROKKA_CP018766:sccmec_saures_CP018766_l86321_32 (length 77)
PROKKA_CP018766/PROKKA_CP018766:sccmec_saures_CP018766_l86321_33 (length 1839)
PROKKA_CP018766/PROKKA_CP018766:sccmec_saures_CP018766_l86321_34 (length 551)
PROKKA_CP018766/PROKKA_CP018766:sccmec_saures_CP018766_l86321_35 (length 503)
PROKKA_CP018766/PROKKA_CP018766:sccmec_saures_CP018766_l86321_36 (length 552)
PROKKA_CP018766/PROKKA_CP018766:sccmec_saures_CP018766_l86321_37 (length 132)
PROKKA_CP018766/PROKKA_CP018766:sccmec_saures_CP018766_l86321_38 (length 418)
PROKKA_CP018766/PROKKA_CP018766:sccmec_saures_CP018766_l86321_39 (length 33)
PROKKA_CP018766/PROKKA_CP018766:sccmec_saures_CP018766_l86321_40 (length 79)
PROKKA_CP018766/PROKKA_CP018766:sccmec_saures_CP018766_l86321_41 (length 224)
PROKKA_CP018766/PROKKA_CP018766:sccmec_saures_CP018766_l86321_42 (length 247)
PROKKA_CP018766/PROKKA_CP018766:sccmec_saures_CP018766_l86321_43 (length 142)
PROKKA_CP018766/PROKKA_CP018766:sccmec_saures_CP018766_l86321_44 (length 668)
PROKKA_CP018766/PROKKA_CP018766:sccmec_saures_CP018766_l86321_45 (length 585)
PROKKA_CP018766/PROKKA_CP018766:sccmec_saures_CP018766_l86321_46 (length 123)
PROKKA_CP018766/PROKKA_CP018766:sccmec_saures_CP018766_l86321_47 (length 369)
PROKKA_CP018766/PROKKA_CP018766:sccmec_saures_CP018766_l86321_48 (length 86)
PROKKA_CP018766/PROKKA_CP018766:sccmec_saures_CP018766_l86321_49 (length 312)
PROKKA_CP018766/PROKKA_CP018766:sccmec_saures_CP018766_l86321_50 (length 354)
PROKKA_CP018766/PROKKA_CP018766:sccmec_saures_CP018766_l86321_51 (length 86)
PROKKA_CP018766/PROKKA_CP018766:sccmec_saures_CP018766_l86321_52 (length 209)
PROKKA_CP018766/PROKKA_CP018766:sccmec_saures_CP018766_l86321_53 (length 220)
PROKKA_CP018766/PROKKA_CP018766:sccmec_saures_CP018766_l86321_54 (length 243)
PROKKA_CP018766/PROKKA_CP018766:sccmec_saures_CP018766_l86321_55 (length 260)
PROKKA_CP018766/PROKKA_CP018766:sccmec_saures_CP018766_l86321_56 (length 125)
PROKKA_CP018766/PROKKA_CP018766:sccmec_saures_CP018766_l86321_57 (length 630)
PROKKA_CP018766/PROKKA_CP018766:sccmec_saures_CP018766_l86321_58 (length 361)
PROKKA_CP018766/PROKKA_CP018766:sccmec_saures_CP018766_l86321_59 (length 105)
PROKKA_CP018766/PROKKA_CP018766:sccmec_saures_CP018766_l86321_60 (length 168)
PROKKA_CP018766/PROKKA_CP018766:sccmec_saures_CP018766_l86321_61 (length 103)
PROKKA_CP018766/PROKKA_CP018766:sccmec_saures_CP018766_l86321_62 (length 116)
PROKKA_CP018766/PROKKA_CP018766:sccmec_saures_CP018766_l86321_63 (length 542)
PROKKA_CP018766/PROKKA_CP018766:sccmec_saures_CP018766_l86321_64 (length 449)
PROKKA_CP018766/PROKKA_CP018766:sccmec_saures_CP018766_l86321_65 (length 597)
PROKKA_CP018766/PROKKA_CP018766:sccmec_saures_CP018766_l86321_66 (length 98)
PROKKA_CP018766/PROKKA_CP018766:sccmec_saures_CP018766_l86321_67 (length 348)
PROKKA_CP018766/PROKKA_CP018766:sccmec_saures_CP018766_l86321_68 (length 140)
PROKKA_CP018766/PROKKA_CP018766:sccmec_saures_CP018766_l86321_69 (length 117)
PROKKA_CP018766/PROKKA_CP018766:sccmec_saures_CP018766_l86321_70 (length 104)
PROKKA_CP018766/PROKKA_CP018766:sccmec_saures_CP018766_l86321_71 (length 300)
PROKKA_CP018766/PROKKA_CP018766:sccmec_saures_CP018766_l86321_72 (length 231)
PROKKA_CP018766/PROKKA_CP018766:sccmec_saures_CP018766_l86321_73 (length 889)
PROKKA_CP018766/PROKKA_CP018766:sccmec_saures_CP018766_l86321_74 (length 47)
PROKKA_CP018766/PROKKA_CP018766:sccmec_saures_CP018766_l86321_75 (length 558)
PROKKA_CP018766/PROKKA_CP018766:sccmec_saures_CP018766_l86321_76 (length 673)
PROKKA_CP018766/PROKKA_CP018766:sccmec_saures_CP018766_l86321_77 (length 185)
PROKKA_CP018766/PROKKA_CP018766:sccmec_saures_CP018766_l86321_78 (length 289)
PROKKA_CP018766/PROKKA_CP018766:sccmec_saures_CP018766_l86321_79 (length 298)
PROKKA_CP018766/PROKKA_CP018766:sccmec_saures_CP018766_l86321_80 (length 124)
PROKKA_CP018766/PROKKA_CP018766:sccmec_saures_CP018766_l86321_81 (length 95)
PROKKA_CP018766/PROKKA_CP018766:sccmec_saures_CP018766_l86321_82 (length 208)
PROKKA_CP018766/PROKKA_CP018766:sccmec_saures_CP018766_l86321_83 (length 502)

DiscRep_ALL:DISC_SOURCE_QUALS_ASNDISC::strain (all present, all unique)
DiscRep_SUB:DISC_SOURCE_QUALS_ASNDISC::1 sources have unique values for strain
DiscRep_ALL:DISC_SOURCE_QUALS_ASNDISC::taxname (all present, all unique)
DiscRep_SUB:DISC_SOURCE_QUALS_ASNDISC::1 sources have unique values for taxname
DiscRep_ALL:DISC_FEATURE_COUNT::gene: 83 present
DiscRep_ALL:DISC_FEATURE_COUNT::CDS: 83 present
DiscRep_ALL:DISC_FEATURE_COUNT::mRNA: 83 present
DiscRep_ALL:DISC_COUNT_NUCLEOTIDES::1 nucleotide Bioseqs are present
PROKKA_CP018766/PROKKA_CP018766:sccmec_saures_CP018766_l86321 (length 86321)

DiscRep_ALL:OVERLAPPING_GENES::18 genes overlap another gene on the same strand.
PROKKA_CP018766/PROKKA_CP018766:Gene	hsdR	sccmec_saures_CP018766_l86321:581-724	CP018766_SCCmec_00002
PROKKA_CP018766/PROKKA_CP018766:Gene	CP018766_SCCmec_00003	sccmec_saures_CP018766_l86321:717-1919	CP018766_SCCmec_00003
PROKKA_CP018766/PROKKA_CP018766:Gene	CP018766_SCCmec_00009	sccmec_saures_CP018766_l86321:c5143-5051	CP018766_SCCmec_00009
PROKKA_CP018766/PROKKA_CP018766:Gene	CP018766_SCCmec_00010	sccmec_saures_CP018766_l86321:c5486-5136	CP018766_SCCmec_00010
PROKKA_CP018766/PROKKA_CP018766:Gene	hin_1	sccmec_saures_CP018766_l86321:c7615-5987	CP018766_SCCmec_00011
PROKKA_CP018766/PROKKA_CP018766:Gene	CP018766_SCCmec_00012	sccmec_saures_CP018766_l86321:c8973-7612	CP018766_SCCmec_00012
PROKKA_CP018766/PROKKA_CP018766:Gene	murF_1	sccmec_saures_CP018766_l86321:c38601-36943	CP018766_SCCmec_00036
PROKKA_CP018766/PROKKA_CP018766:Gene	murF_2	sccmec_saures_CP018766_l86321:c38993-38595	CP018766_SCCmec_00037
PROKKA_CP018766/PROKKA_CP018766:Gene	mecR1	sccmec_saures_CP018766_l86321:46376-48133	CP018766_SCCmec_00045
PROKKA_CP018766/PROKKA_CP018766:Gene	mecI	sccmec_saures_CP018766_l86321:48133-48504	CP018766_SCCmec_00046
PROKKA_CP018766/PROKKA_CP018766:Gene	xerC_1	sccmec_saures_CP018766_l86321:c59233-57341	CP018766_SCCmec_00057
PROKKA_CP018766/PROKKA_CP018766:Gene	xerC_2	sccmec_saures_CP018766_l86321:c60315-59230	CP018766_SCCmec_00058
PROKKA_CP018766/PROKKA_CP018766:Gene	CP018766_SCCmec_00065	sccmec_saures_CP018766_l86321:c67588-65795	CP018766_SCCmec_00065
PROKKA_CP018766/PROKKA_CP018766:Gene	CP018766_SCCmec_00066	sccmec_saures_CP018766_l86321:c67884-67588	CP018766_SCCmec_00066
PROKKA_CP018766/PROKKA_CP018766:Gene	CP018766_SCCmec_00069	sccmec_saures_CP018766_l86321:c70216-69863	CP018766_SCCmec_00069
PROKKA_CP018766/PROKKA_CP018766:Gene	CP018766_SCCmec_00070	sccmec_saures_CP018766_l86321:c70515-70201	CP018766_SCCmec_00070
PROKKA_CP018766/PROKKA_CP018766:Gene	kdpE	sccmec_saures_CP018766_l86321:c73369-72674	CP018766_SCCmec_00072
PROKKA_CP018766/PROKKA_CP018766:Gene	kdpD	sccmec_saures_CP018766_l86321:c76013-73344	CP018766_SCCmec_00073

DiscRep_ALL:OVERLAPPING_CDS::4 coding regions overlap another coding region with a similar or identical name.
DiscRep_SUB:OVERLAPPING_CDS::4 coding regions overlap another coding region with a similar or identical name that do not have the appropriate note text
PROKKA_CP018766/PROKKA_CP018766:CDS	UDP-N-acetylmuramoyl-tripeptide--D-alanyl-D-alanine ligase	sccmec_saures_CP018766_l86321:c38601-36943	CP018766_SCCmec_00036
PROKKA_CP018766/PROKKA_CP018766:CDS	UDP-N-acetylmuramoyl-tripeptide--D-alanyl-D-alanine ligase	sccmec_saures_CP018766_l86321:c38993-38595	CP018766_SCCmec_00037
PROKKA_CP018766/PROKKA_CP018766:CDS	Tyrosine recombinase XerC	sccmec_saures_CP018766_l86321:c59233-57341	CP018766_SCCmec_00057
PROKKA_CP018766/PROKKA_CP018766:CDS	Tyrosine recombinase XerC	sccmec_saures_CP018766_l86321:c60315-59230	CP018766_SCCmec_00058

DiscRep_ALL:DISC_QUALITY_SCORES::Quality scores are missing on all sequences.

DiscRep_ALL:ONCALLER_COMMENT_PRESENT::1 comment descriptors were found (all same)
PROKKA_CP018766/PROKKA_CP018766:sccmec_saures_CP018766_l86321:Annotated using prokka 1.12 from https://github.com/tseemann/prokka

DiscRep_ALL:SHORT_PROT_SEQUENCES::6 protein sequences are shorter than 50 aa.
PROKKA_CP018766/PROKKA_CP018766:sccmec_saures_CP018766_l86321_2 (length 47)
PROKKA_CP018766/PROKKA_CP018766:sccmec_saures_CP018766_l86321_9 (length 30)
PROKKA_CP018766/PROKKA_CP018766:sccmec_saures_CP018766_l86321_14 (length 47)
PROKKA_CP018766/PROKKA_CP018766:sccmec_saures_CP018766_l86321_17 (length 32)
PROKKA_CP018766/PROKKA_CP018766:sccmec_saures_CP018766_l86321_39 (length 33)
PROKKA_CP018766/PROKKA_CP018766:sccmec_saures_CP018766_l86321_74 (length 47)

DiscRep_ALL:MISSING_GENOMEASSEMBLY_COMMENTS::1 bioseqs are missing GenomeAssembly structured comments
PROKKA_CP018766/PROKKA_CP018766:sccmec_saures_CP018766_l86321 (length 86321)

DiscRep_ALL:MOLTYPE_NOT_MRNA::1 molecule types are not set as mRNA.
PROKKA_CP018766/PROKKA_CP018766:sccmec_saures_CP018766_l86321 (length 86321)

DiscRep_ALL:TECHNIQUE_NOT_TSA::1 technique are not set as TSA
PROKKA_CP018766/PROKKA_CP018766:sccmec_saures_CP018766_l86321 (length 86321)

DiscRep_ALL:MISSING_STRUCTURED_COMMENT::1 sequences do not include structured comments.
PROKKA_CP018766/PROKKA_CP018766:sccmec_saures_CP018766_l86321 (length 86321)

DiscRep_ALL:MISSING_PROJECT::84 sequences do not include project.
PROKKA_CP018766/PROKKA_CP018766:sccmec_saures_CP018766_l86321 (length 86321)
PROKKA_CP018766/PROKKA_CP018766:sccmec_saures_CP018766_l86321_1 (length 159)
PROKKA_CP018766/PROKKA_CP018766:sccmec_saures_CP018766_l86321_2 (length 47)
PROKKA_CP018766/PROKKA_CP018766:sccmec_saures_CP018766_l86321_3 (length 400)
PROKKA_CP018766/PROKKA_CP018766:sccmec_saures_CP018766_l86321_4 (length 83)
PROKKA_CP018766/PROKKA_CP018766:sccmec_saures_CP018766_l86321_5 (length 165)
PROKKA_CP018766/PROKKA_CP018766:sccmec_saures_CP018766_l86321_6 (length 136)
PROKKA_CP018766/PROKKA_CP018766:sccmec_saures_CP018766_l86321_7 (length 167)
PROKKA_CP018766/PROKKA_CP018766:sccmec_saures_CP018766_l86321_8 (length 103)
PROKKA_CP018766/PROKKA_CP018766:sccmec_saures_CP018766_l86321_9 (length 30)
PROKKA_CP018766/PROKKA_CP018766:sccmec_saures_CP018766_l86321_10 (length 116)
PROKKA_CP018766/PROKKA_CP018766:sccmec_saures_CP018766_l86321_11 (length 542)
PROKKA_CP018766/PROKKA_CP018766:sccmec_saures_CP018766_l86321_12 (length 453)
PROKKA_CP018766/PROKKA_CP018766:sccmec_saures_CP018766_l86321_13 (length 204)
PROKKA_CP018766/PROKKA_CP018766:sccmec_saures_CP018766_l86321_14 (length 47)
PROKKA_CP018766/PROKKA_CP018766:sccmec_saures_CP018766_l86321_15 (length 119)
PROKKA_CP018766/PROKKA_CP018766:sccmec_saures_CP018766_l86321_16 (length 108)
PROKKA_CP018766/PROKKA_CP018766:sccmec_saures_CP018766_l86321_17 (length 32)
PROKKA_CP018766/PROKKA_CP018766:sccmec_saures_CP018766_l86321_18 (length 641)
PROKKA_CP018766/PROKKA_CP018766:sccmec_saures_CP018766_l86321_19 (length 209)
PROKKA_CP018766/PROKKA_CP018766:sccmec_saures_CP018766_l86321_20 (length 80)
PROKKA_CP018766/PROKKA_CP018766:sccmec_saures_CP018766_l86321_21 (length 292)
PROKKA_CP018766/PROKKA_CP018766:sccmec_saures_CP018766_l86321_22 (length 309)
PROKKA_CP018766/PROKKA_CP018766:sccmec_saures_CP018766_l86321_23 (length 332)
PROKKA_CP018766/PROKKA_CP018766:sccmec_saures_CP018766_l86321_24 (length 229)
PROKKA_CP018766/PROKKA_CP018766:sccmec_saures_CP018766_l86321_25 (length 473)
PROKKA_CP018766/PROKKA_CP018766:sccmec_saures_CP018766_l86321_26 (length 411)
PROKKA_CP018766/PROKKA_CP018766:sccmec_saures_CP018766_l86321_27 (length 148)
PROKKA_CP018766/PROKKA_CP018766:sccmec_saures_CP018766_l86321_28 (length 51)
PROKKA_CP018766/PROKKA_CP018766:sccmec_saures_CP018766_l86321_29 (length 143)
PROKKA_CP018766/PROKKA_CP018766:sccmec_saures_CP018766_l86321_30 (length 108)
PROKKA_CP018766/PROKKA_CP018766:sccmec_saures_CP018766_l86321_31 (length 224)
PROKKA_CP018766/PROKKA_CP018766:sccmec_saures_CP018766_l86321_32 (length 77)
PROKKA_CP018766/PROKKA_CP018766:sccmec_saures_CP018766_l86321_33 (length 1839)
PROKKA_CP018766/PROKKA_CP018766:sccmec_saures_CP018766_l86321_34 (length 551)
PROKKA_CP018766/PROKKA_CP018766:sccmec_saures_CP018766_l86321_35 (length 503)
PROKKA_CP018766/PROKKA_CP018766:sccmec_saures_CP018766_l86321_36 (length 552)
PROKKA_CP018766/PROKKA_CP018766:sccmec_saures_CP018766_l86321_37 (length 132)
PROKKA_CP018766/PROKKA_CP018766:sccmec_saures_CP018766_l86321_38 (length 418)
PROKKA_CP018766/PROKKA_CP018766:sccmec_saures_CP018766_l86321_39 (length 33)
PROKKA_CP018766/PROKKA_CP018766:sccmec_saures_CP018766_l86321_40 (length 79)
PROKKA_CP018766/PROKKA_CP018766:sccmec_saures_CP018766_l86321_41 (length 224)
PROKKA_CP018766/PROKKA_CP018766:sccmec_saures_CP018766_l86321_42 (length 247)
PROKKA_CP018766/PROKKA_CP018766:sccmec_saures_CP018766_l86321_43 (length 142)
PROKKA_CP018766/PROKKA_CP018766:sccmec_saures_CP018766_l86321_44 (length 668)
PROKKA_CP018766/PROKKA_CP018766:sccmec_saures_CP018766_l86321_45 (length 585)
PROKKA_CP018766/PROKKA_CP018766:sccmec_saures_CP018766_l86321_46 (length 123)
PROKKA_CP018766/PROKKA_CP018766:sccmec_saures_CP018766_l86321_47 (length 369)
PROKKA_CP018766/PROKKA_CP018766:sccmec_saures_CP018766_l86321_48 (length 86)
PROKKA_CP018766/PROKKA_CP018766:sccmec_saures_CP018766_l86321_49 (length 312)
PROKKA_CP018766/PROKKA_CP018766:sccmec_saures_CP018766_l86321_50 (length 354)
PROKKA_CP018766/PROKKA_CP018766:sccmec_saures_CP018766_l86321_51 (length 86)
PROKKA_CP018766/PROKKA_CP018766:sccmec_saures_CP018766_l86321_52 (length 209)
PROKKA_CP018766/PROKKA_CP018766:sccmec_saures_CP018766_l86321_53 (length 220)
PROKKA_CP018766/PROKKA_CP018766:sccmec_saures_CP018766_l86321_54 (length 243)
PROKKA_CP018766/PROKKA_CP018766:sccmec_saures_CP018766_l86321_55 (length 260)
PROKKA_CP018766/PROKKA_CP018766:sccmec_saures_CP018766_l86321_56 (length 125)
PROKKA_CP018766/PROKKA_CP018766:sccmec_saures_CP018766_l86321_57 (length 630)
PROKKA_CP018766/PROKKA_CP018766:sccmec_saures_CP018766_l86321_58 (length 361)
PROKKA_CP018766/PROKKA_CP018766:sccmec_saures_CP018766_l86321_59 (length 105)
PROKKA_CP018766/PROKKA_CP018766:sccmec_saures_CP018766_l86321_60 (length 168)
PROKKA_CP018766/PROKKA_CP018766:sccmec_saures_CP018766_l86321_61 (length 103)
PROKKA_CP018766/PROKKA_CP018766:sccmec_saures_CP018766_l86321_62 (length 116)
PROKKA_CP018766/PROKKA_CP018766:sccmec_saures_CP018766_l86321_63 (length 542)
PROKKA_CP018766/PROKKA_CP018766:sccmec_saures_CP018766_l86321_64 (length 449)
PROKKA_CP018766/PROKKA_CP018766:sccmec_saures_CP018766_l86321_65 (length 597)
PROKKA_CP018766/PROKKA_CP018766:sccmec_saures_CP018766_l86321_66 (length 98)
PROKKA_CP018766/PROKKA_CP018766:sccmec_saures_CP018766_l86321_67 (length 348)
PROKKA_CP018766/PROKKA_CP018766:sccmec_saures_CP018766_l86321_68 (length 140)
PROKKA_CP018766/PROKKA_CP018766:sccmec_saures_CP018766_l86321_69 (length 117)
PROKKA_CP018766/PROKKA_CP018766:sccmec_saures_CP018766_l86321_70 (length 104)
PROKKA_CP018766/PROKKA_CP018766:sccmec_saures_CP018766_l86321_71 (length 300)
PROKKA_CP018766/PROKKA_CP018766:sccmec_saures_CP018766_l86321_72 (length 231)
PROKKA_CP018766/PROKKA_CP018766:sccmec_saures_CP018766_l86321_73 (length 889)
PROKKA_CP018766/PROKKA_CP018766:sccmec_saures_CP018766_l86321_74 (length 47)
PROKKA_CP018766/PROKKA_CP018766:sccmec_saures_CP018766_l86321_75 (length 558)
PROKKA_CP018766/PROKKA_CP018766:sccmec_saures_CP018766_l86321_76 (length 673)
PROKKA_CP018766/PROKKA_CP018766:sccmec_saures_CP018766_l86321_77 (length 185)
PROKKA_CP018766/PROKKA_CP018766:sccmec_saures_CP018766_l86321_78 (length 289)
PROKKA_CP018766/PROKKA_CP018766:sccmec_saures_CP018766_l86321_79 (length 298)
PROKKA_CP018766/PROKKA_CP018766:sccmec_saures_CP018766_l86321_80 (length 124)
PROKKA_CP018766/PROKKA_CP018766:sccmec_saures_CP018766_l86321_81 (length 95)
PROKKA_CP018766/PROKKA_CP018766:sccmec_saures_CP018766_l86321_82 (length 208)
PROKKA_CP018766/PROKKA_CP018766:sccmec_saures_CP018766_l86321_83 (length 502)

DiscRep_ALL:DISC_INCONSISTENT_MOLINFO_TECH::Molinfo Technique Report (some missing, all same)
DiscRep_SUB:DISC_INCONSISTENT_MOLINFO_TECH::technique (all missing)
DiscRep_SUB:DISC_INCONSISTENT_MOLINFO_TECH::1 Molinfos are missing field technique
PROKKA_CP018766/PROKKA_CP018766:sccmec_saures_CP018766_l86321 (length 86321)

