Discrepancy Report Results

Summary
FATAL: BAD_LOCUS_TAG_FORMAT:67 locus tags are incorrectly formatted.
FATAL: MISSING_PROTEIN_ID:67 proteins have invalid IDs.
DISC_SOURCE_QUALS_ASNDISC:strain (all present, all unique)
DISC_SOURCE_QUALS_ASNDISC:taxname (all present, all unique)
DISC_FEATURE_COUNT:gene: 67 present
DISC_FEATURE_COUNT:CDS: 67 present
DISC_FEATURE_COUNT:mRNA: 67 present
DISC_COUNT_NUCLEOTIDES:1 nucleotide Bioseqs are present
OVERLAPPING_GENES:11 genes overlap another gene on the same strand.
OVERLAPPING_CDS:2 coding regions overlap another coding region with a similar or identical name.
DISC_QUALITY_SCORES:Quality scores are missing on all sequences.
ONCALLER_COMMENT_PRESENT:1 comment descriptors were found (all same)
MISSING_GENOMEASSEMBLY_COMMENTS:1 bioseqs are missing GenomeAssembly structured comments
MOLTYPE_NOT_MRNA:1 molecule types are not set as mRNA.
TECHNIQUE_NOT_TSA:1 technique are not set as TSA
MISSING_STRUCTURED_COMMENT:1 sequences do not include structured comments.
MISSING_PROJECT:68 sequences do not include project.
DISC_INCONSISTENT_MOLINFO_TECH:Molinfo Technique Report (some missing, all same)


Detailed Report

FATAL: DiscRep_ALL:BAD_LOCUS_TAG_FORMAT::67 locus tags are incorrectly formatted.
PROKKA_NC_021670/PROKKA_NC_021670:Gene	rlmH	sccmec_saures_NC_021670_l61013:1-480	NC_021670_SCCmec_00001
PROKKA_NC_021670/PROKKA_NC_021670:Gene	NC_021670_SCCmec_00002	sccmec_saures_NC_021670_l61013:522-677	NC_021670_SCCmec_00002
PROKKA_NC_021670/PROKKA_NC_021670:Gene	NC_021670_SCCmec_00003	sccmec_saures_NC_021670_l61013:726-1031	NC_021670_SCCmec_00003
PROKKA_NC_021670/PROKKA_NC_021670:Gene	NC_021670_SCCmec_00004	sccmec_saures_NC_021670_l61013:1229-2092	NC_021670_SCCmec_00004
PROKKA_NC_021670/PROKKA_NC_021670:Gene	NC_021670_SCCmec_00005	sccmec_saures_NC_021670_l61013:2176-3675	NC_021670_SCCmec_00005
PROKKA_NC_021670/PROKKA_NC_021670:Gene	NC_021670_SCCmec_00006	sccmec_saures_NC_021670_l61013:3901-5001	NC_021670_SCCmec_00006
PROKKA_NC_021670/PROKKA_NC_021670:Gene	NC_021670_SCCmec_00007	sccmec_saures_NC_021670_l61013:4994-5365	NC_021670_SCCmec_00007
PROKKA_NC_021670/PROKKA_NC_021670:Gene	NC_021670_SCCmec_00008	sccmec_saures_NC_021670_l61013:5362-7005	NC_021670_SCCmec_00008
PROKKA_NC_021670/PROKKA_NC_021670:Gene	hin_1	sccmec_saures_NC_021670_l61013:7230-8909	NC_021670_SCCmec_00009
PROKKA_NC_021670/PROKKA_NC_021670:Gene	NC_021670_SCCmec_00010	sccmec_saures_NC_021670_l61013:8962-9336	NC_021670_SCCmec_00010
PROKKA_NC_021670/PROKKA_NC_021670:Gene	NC_021670_SCCmec_00011	sccmec_saures_NC_021670_l61013:9415-9741	NC_021670_SCCmec_00011
PROKKA_NC_021670/PROKKA_NC_021670:Gene	NC_021670_SCCmec_00012	sccmec_saures_NC_021670_l61013:9757-10263	NC_021670_SCCmec_00012
PROKKA_NC_021670/PROKKA_NC_021670:Gene	NC_021670_SCCmec_00013	sccmec_saures_NC_021670_l61013:10284-10601	NC_021670_SCCmec_00013
PROKKA_NC_021670/PROKKA_NC_021670:Gene	xerC_1	sccmec_saures_NC_021670_l61013:10720-11805	NC_021670_SCCmec_00014
PROKKA_NC_021670/PROKKA_NC_021670:Gene	xerC_2	sccmec_saures_NC_021670_l61013:11802-12956	NC_021670_SCCmec_00015
PROKKA_NC_021670/PROKKA_NC_021670:Gene	xerC_3	sccmec_saures_NC_021670_l61013:12974-13693	NC_021670_SCCmec_00016
PROKKA_NC_021670/PROKKA_NC_021670:Gene	NC_021670_SCCmec_00017	sccmec_saures_NC_021670_l61013:13700-14077	NC_021670_SCCmec_00017
PROKKA_NC_021670/PROKKA_NC_021670:Gene	ant1_1	sccmec_saures_NC_021670_l61013:14228-14527	NC_021670_SCCmec_00018
PROKKA_NC_021670/PROKKA_NC_021670:Gene	ant1_2	sccmec_saures_NC_021670_l61013:14618-15010	NC_021670_SCCmec_00019
PROKKA_NC_021670/PROKKA_NC_021670:Gene	ermA1	sccmec_saures_NC_021670_l61013:c15867-15136	NC_021670_SCCmec_00020
PROKKA_NC_021670/PROKKA_NC_021670:Gene	ycgJ	sccmec_saures_NC_021670_l61013:16401-17063	NC_021670_SCCmec_00021
PROKKA_NC_021670/PROKKA_NC_021670:Gene	NC_021670_SCCmec_00022	sccmec_saures_NC_021670_l61013:17611-18483	NC_021670_SCCmec_00022
PROKKA_NC_021670/PROKKA_NC_021670:Gene	NC_021670_SCCmec_00023	sccmec_saures_NC_021670_l61013:18522-18830	NC_021670_SCCmec_00023
PROKKA_NC_021670/PROKKA_NC_021670:Gene	NC_021670_SCCmec_00024	sccmec_saures_NC_021670_l61013:18846-19334	NC_021670_SCCmec_00024
PROKKA_NC_021670/PROKKA_NC_021670:Gene	NC_021670_SCCmec_00025	sccmec_saures_NC_021670_l61013:19469-19996	NC_021670_SCCmec_00025
PROKKA_NC_021670/PROKKA_NC_021670:Gene	NC_021670_SCCmec_00026	sccmec_saures_NC_021670_l61013:20058-20474	NC_021670_SCCmec_00026
PROKKA_NC_021670/PROKKA_NC_021670:Gene	NC_021670_SCCmec_00027	sccmec_saures_NC_021670_l61013:20941-21162	NC_021670_SCCmec_00027
PROKKA_NC_021670/PROKKA_NC_021670:Gene	NC_021670_SCCmec_00028	sccmec_saures_NC_021670_l61013:21298-21876	NC_021670_SCCmec_00028
PROKKA_NC_021670/PROKKA_NC_021670:Gene	hsdR	sccmec_saures_NC_021670_l61013:c24145-21956	NC_021670_SCCmec_00029
PROKKA_NC_021670/PROKKA_NC_021670:Gene	NC_021670_SCCmec_00030	sccmec_saures_NC_021670_l61013:c24905-24231	NC_021670_SCCmec_00030
PROKKA_NC_021670/PROKKA_NC_021670:Gene	garB	sccmec_saures_NC_021670_l61013:25173-26534	NC_021670_SCCmec_00031
PROKKA_NC_021670/PROKKA_NC_021670:Gene	merR1	sccmec_saures_NC_021670_l61013:26834-27241	NC_021670_SCCmec_00032
PROKKA_NC_021670/PROKKA_NC_021670:Gene	NC_021670_SCCmec_00033	sccmec_saures_NC_021670_l61013:27258-28289	NC_021670_SCCmec_00033
PROKKA_NC_021670/PROKKA_NC_021670:Gene	NC_021670_SCCmec_00034	sccmec_saures_NC_021670_l61013:28427-28762	NC_021670_SCCmec_00034
PROKKA_NC_021670/PROKKA_NC_021670:Gene	merA	sccmec_saures_NC_021670_l61013:28820-30463	NC_021670_SCCmec_00035
PROKKA_NC_021670/PROKKA_NC_021670:Gene	merB	sccmec_saures_NC_021670_l61013:30545-31195	NC_021670_SCCmec_00036
PROKKA_NC_021670/PROKKA_NC_021670:Gene	NC_021670_SCCmec_00037	sccmec_saures_NC_021670_l61013:c31932-31390	NC_021670_SCCmec_00037
PROKKA_NC_021670/PROKKA_NC_021670:Gene	NC_021670_SCCmec_00038	sccmec_saures_NC_021670_l61013:c32630-31956	NC_021670_SCCmec_00038
PROKKA_NC_021670/PROKKA_NC_021670:Gene	NC_021670_SCCmec_00039	sccmec_saures_NC_021670_l61013:32888-33055	NC_021670_SCCmec_00039
PROKKA_NC_021670/PROKKA_NC_021670:Gene	NC_021670_SCCmec_00040	sccmec_saures_NC_021670_l61013:33153-33383	NC_021670_SCCmec_00040
PROKKA_NC_021670/PROKKA_NC_021670:Gene	ugpQ	sccmec_saures_NC_021670_l61013:33972-34715	NC_021670_SCCmec_00041
PROKKA_NC_021670/PROKKA_NC_021670:Gene	paaZ	sccmec_saures_NC_021670_l61013:34812-35240	NC_021670_SCCmec_00042
PROKKA_NC_021670/PROKKA_NC_021670:Gene	pbp	sccmec_saures_NC_021670_l61013:c37292-35286	NC_021670_SCCmec_00043
PROKKA_NC_021670/PROKKA_NC_021670:Gene	mecR1	sccmec_saures_NC_021670_l61013:37494-39149	NC_021670_SCCmec_00044
PROKKA_NC_021670/PROKKA_NC_021670:Gene	mecI	sccmec_saures_NC_021670_l61013:39149-39352	NC_021670_SCCmec_00045
PROKKA_NC_021670/PROKKA_NC_021670:Gene	nagC	sccmec_saures_NC_021670_l61013:39993-41141	NC_021670_SCCmec_00046
PROKKA_NC_021670/PROKKA_NC_021670:Gene	pspE_1	sccmec_saures_NC_021670_l61013:c41560-41255	NC_021670_SCCmec_00047
PROKKA_NC_021670/PROKKA_NC_021670:Gene	gloC	sccmec_saures_NC_021670_l61013:c42589-41651	NC_021670_SCCmec_00048
PROKKA_NC_021670/PROKKA_NC_021670:Gene	pspE_2	sccmec_saures_NC_021670_l61013:c43685-42621	NC_021670_SCCmec_00049
PROKKA_NC_021670/PROKKA_NC_021670:Gene	csoR	sccmec_saures_NC_021670_l61013:43821-44081	NC_021670_SCCmec_00050
PROKKA_NC_021670/PROKKA_NC_021670:Gene	NC_021670_SCCmec_00051	sccmec_saures_NC_021670_l61013:44096-44725	NC_021670_SCCmec_00051
PROKKA_NC_021670/PROKKA_NC_021670:Gene	NC_021670_SCCmec_00052	sccmec_saures_NC_021670_l61013:c45679-44993	NC_021670_SCCmec_00052
PROKKA_NC_021670/PROKKA_NC_021670:Gene	cadA	sccmec_saures_NC_021670_l61013:c48105-45691	NC_021670_SCCmec_00053
PROKKA_NC_021670/PROKKA_NC_021670:Gene	cadC	sccmec_saures_NC_021670_l61013:c48463-48098	NC_021670_SCCmec_00054
PROKKA_NC_021670/PROKKA_NC_021670:Gene	NC_021670_SCCmec_00055	sccmec_saures_NC_021670_l61013:c49078-48701	NC_021670_SCCmec_00055
PROKKA_NC_021670/PROKKA_NC_021670:Gene	xerC_4	sccmec_saures_NC_021670_l61013:c50977-49085	NC_021670_SCCmec_00056
PROKKA_NC_021670/PROKKA_NC_021670:Gene	NC_021670_SCCmec_00057	sccmec_saures_NC_021670_l61013:c51495-51172	NC_021670_SCCmec_00057
PROKKA_NC_021670/PROKKA_NC_021670:Gene	NC_021670_SCCmec_00058	sccmec_saures_NC_021670_l61013:c52216-51695	NC_021670_SCCmec_00058
PROKKA_NC_021670/PROKKA_NC_021670:Gene	NC_021670_SCCmec_00059	sccmec_saures_NC_021670_l61013:c52630-52235	NC_021670_SCCmec_00059
PROKKA_NC_021670/PROKKA_NC_021670:Gene	NC_021670_SCCmec_00060	sccmec_saures_NC_021670_l61013:c52981-52631	NC_021670_SCCmec_00060
PROKKA_NC_021670/PROKKA_NC_021670:Gene	hin_2	sccmec_saures_NC_021670_l61013:c55080-53452	NC_021670_SCCmec_00061
PROKKA_NC_021670/PROKKA_NC_021670:Gene	tnpR	sccmec_saures_NC_021670_l61013:c56447-55101	NC_021670_SCCmec_00062
PROKKA_NC_021670/PROKKA_NC_021670:Gene	NC_021670_SCCmec_00063	sccmec_saures_NC_021670_l61013:c56978-56640	NC_021670_SCCmec_00063
PROKKA_NC_021670/PROKKA_NC_021670:Gene	NC_021670_SCCmec_00064	sccmec_saures_NC_021670_l61013:c58792-57005	NC_021670_SCCmec_00064
PROKKA_NC_021670/PROKKA_NC_021670:Gene	NC_021670_SCCmec_00065	sccmec_saures_NC_021670_l61013:c59079-58792	NC_021670_SCCmec_00065
PROKKA_NC_021670/PROKKA_NC_021670:Gene	NC_021670_SCCmec_00066	sccmec_saures_NC_021670_l61013:59213-60262	NC_021670_SCCmec_00066
PROKKA_NC_021670/PROKKA_NC_021670:Gene	NC_021670_SCCmec_00067	sccmec_saures_NC_021670_l61013:60315-60887	NC_021670_SCCmec_00067

FATAL: DiscRep_ALL:MISSING_PROTEIN_ID::67 proteins have invalid IDs.
PROKKA_NC_021670/PROKKA_NC_021670:sccmec_saures_NC_021670_l61013_1 (length 159)
PROKKA_NC_021670/PROKKA_NC_021670:sccmec_saures_NC_021670_l61013_2 (length 51)
PROKKA_NC_021670/PROKKA_NC_021670:sccmec_saures_NC_021670_l61013_3 (length 101)
PROKKA_NC_021670/PROKKA_NC_021670:sccmec_saures_NC_021670_l61013_4 (length 287)
PROKKA_NC_021670/PROKKA_NC_021670:sccmec_saures_NC_021670_l61013_5 (length 499)
PROKKA_NC_021670/PROKKA_NC_021670:sccmec_saures_NC_021670_l61013_6 (length 366)
PROKKA_NC_021670/PROKKA_NC_021670:sccmec_saures_NC_021670_l61013_7 (length 123)
PROKKA_NC_021670/PROKKA_NC_021670:sccmec_saures_NC_021670_l61013_8 (length 547)
PROKKA_NC_021670/PROKKA_NC_021670:sccmec_saures_NC_021670_l61013_9 (length 559)
PROKKA_NC_021670/PROKKA_NC_021670:sccmec_saures_NC_021670_l61013_10 (length 124)
PROKKA_NC_021670/PROKKA_NC_021670:sccmec_saures_NC_021670_l61013_11 (length 108)
PROKKA_NC_021670/PROKKA_NC_021670:sccmec_saures_NC_021670_l61013_12 (length 168)
PROKKA_NC_021670/PROKKA_NC_021670:sccmec_saures_NC_021670_l61013_13 (length 105)
PROKKA_NC_021670/PROKKA_NC_021670:sccmec_saures_NC_021670_l61013_14 (length 361)
PROKKA_NC_021670/PROKKA_NC_021670:sccmec_saures_NC_021670_l61013_15 (length 384)
PROKKA_NC_021670/PROKKA_NC_021670:sccmec_saures_NC_021670_l61013_16 (length 239)
PROKKA_NC_021670/PROKKA_NC_021670:sccmec_saures_NC_021670_l61013_17 (length 125)
PROKKA_NC_021670/PROKKA_NC_021670:sccmec_saures_NC_021670_l61013_18 (length 99)
PROKKA_NC_021670/PROKKA_NC_021670:sccmec_saures_NC_021670_l61013_19 (length 130)
PROKKA_NC_021670/PROKKA_NC_021670:sccmec_saures_NC_021670_l61013_20 (length 243)
PROKKA_NC_021670/PROKKA_NC_021670:sccmec_saures_NC_021670_l61013_21 (length 220)
PROKKA_NC_021670/PROKKA_NC_021670:sccmec_saures_NC_021670_l61013_22 (length 290)
PROKKA_NC_021670/PROKKA_NC_021670:sccmec_saures_NC_021670_l61013_23 (length 102)
PROKKA_NC_021670/PROKKA_NC_021670:sccmec_saures_NC_021670_l61013_24 (length 162)
PROKKA_NC_021670/PROKKA_NC_021670:sccmec_saures_NC_021670_l61013_25 (length 175)
PROKKA_NC_021670/PROKKA_NC_021670:sccmec_saures_NC_021670_l61013_26 (length 138)
PROKKA_NC_021670/PROKKA_NC_021670:sccmec_saures_NC_021670_l61013_27 (length 73)
PROKKA_NC_021670/PROKKA_NC_021670:sccmec_saures_NC_021670_l61013_28 (length 192)
PROKKA_NC_021670/PROKKA_NC_021670:sccmec_saures_NC_021670_l61013_29 (length 729)
PROKKA_NC_021670/PROKKA_NC_021670:sccmec_saures_NC_021670_l61013_30 (length 224)
PROKKA_NC_021670/PROKKA_NC_021670:sccmec_saures_NC_021670_l61013_31 (length 453)
PROKKA_NC_021670/PROKKA_NC_021670:sccmec_saures_NC_021670_l61013_32 (length 135)
PROKKA_NC_021670/PROKKA_NC_021670:sccmec_saures_NC_021670_l61013_33 (length 343)
PROKKA_NC_021670/PROKKA_NC_021670:sccmec_saures_NC_021670_l61013_34 (length 111)
PROKKA_NC_021670/PROKKA_NC_021670:sccmec_saures_NC_021670_l61013_35 (length 547)
PROKKA_NC_021670/PROKKA_NC_021670:sccmec_saures_NC_021670_l61013_36 (length 216)
PROKKA_NC_021670/PROKKA_NC_021670:sccmec_saures_NC_021670_l61013_37 (length 180)
PROKKA_NC_021670/PROKKA_NC_021670:sccmec_saures_NC_021670_l61013_38 (length 224)
PROKKA_NC_021670/PROKKA_NC_021670:sccmec_saures_NC_021670_l61013_39 (length 55)
PROKKA_NC_021670/PROKKA_NC_021670:sccmec_saures_NC_021670_l61013_40 (length 76)
PROKKA_NC_021670/PROKKA_NC_021670:sccmec_saures_NC_021670_l61013_41 (length 247)
PROKKA_NC_021670/PROKKA_NC_021670:sccmec_saures_NC_021670_l61013_42 (length 142)
PROKKA_NC_021670/PROKKA_NC_021670:sccmec_saures_NC_021670_l61013_43 (length 668)
PROKKA_NC_021670/PROKKA_NC_021670:sccmec_saures_NC_021670_l61013_44 (length 551)
PROKKA_NC_021670/PROKKA_NC_021670:sccmec_saures_NC_021670_l61013_45 (length 67)
PROKKA_NC_021670/PROKKA_NC_021670:sccmec_saures_NC_021670_l61013_46 (length 382)
PROKKA_NC_021670/PROKKA_NC_021670:sccmec_saures_NC_021670_l61013_47 (length 101)
PROKKA_NC_021670/PROKKA_NC_021670:sccmec_saures_NC_021670_l61013_48 (length 312)
PROKKA_NC_021670/PROKKA_NC_021670:sccmec_saures_NC_021670_l61013_49 (length 354)
PROKKA_NC_021670/PROKKA_NC_021670:sccmec_saures_NC_021670_l61013_50 (length 86)
PROKKA_NC_021670/PROKKA_NC_021670:sccmec_saures_NC_021670_l61013_51 (length 209)
PROKKA_NC_021670/PROKKA_NC_021670:sccmec_saures_NC_021670_l61013_52 (length 228)
PROKKA_NC_021670/PROKKA_NC_021670:sccmec_saures_NC_021670_l61013_53 (length 804)
PROKKA_NC_021670/PROKKA_NC_021670:sccmec_saures_NC_021670_l61013_54 (length 121)
PROKKA_NC_021670/PROKKA_NC_021670:sccmec_saures_NC_021670_l61013_55 (length 125)
PROKKA_NC_021670/PROKKA_NC_021670:sccmec_saures_NC_021670_l61013_56 (length 630)
PROKKA_NC_021670/PROKKA_NC_021670:sccmec_saures_NC_021670_l61013_57 (length 107)
PROKKA_NC_021670/PROKKA_NC_021670:sccmec_saures_NC_021670_l61013_58 (length 173)
PROKKA_NC_021670/PROKKA_NC_021670:sccmec_saures_NC_021670_l61013_59 (length 131)
PROKKA_NC_021670/PROKKA_NC_021670:sccmec_saures_NC_021670_l61013_60 (length 116)
PROKKA_NC_021670/PROKKA_NC_021670:sccmec_saures_NC_021670_l61013_61 (length 542)
PROKKA_NC_021670/PROKKA_NC_021670:sccmec_saures_NC_021670_l61013_62 (length 448)
PROKKA_NC_021670/PROKKA_NC_021670:sccmec_saures_NC_021670_l61013_63 (length 112)
PROKKA_NC_021670/PROKKA_NC_021670:sccmec_saures_NC_021670_l61013_64 (length 595)
PROKKA_NC_021670/PROKKA_NC_021670:sccmec_saures_NC_021670_l61013_65 (length 95)
PROKKA_NC_021670/PROKKA_NC_021670:sccmec_saures_NC_021670_l61013_66 (length 349)
PROKKA_NC_021670/PROKKA_NC_021670:sccmec_saures_NC_021670_l61013_67 (length 190)

DiscRep_ALL:DISC_SOURCE_QUALS_ASNDISC::strain (all present, all unique)
DiscRep_SUB:DISC_SOURCE_QUALS_ASNDISC::1 sources have unique values for strain
DiscRep_ALL:DISC_SOURCE_QUALS_ASNDISC::taxname (all present, all unique)
DiscRep_SUB:DISC_SOURCE_QUALS_ASNDISC::1 sources have unique values for taxname
DiscRep_ALL:DISC_FEATURE_COUNT::gene: 67 present
DiscRep_ALL:DISC_FEATURE_COUNT::CDS: 67 present
DiscRep_ALL:DISC_FEATURE_COUNT::mRNA: 67 present
DiscRep_ALL:DISC_COUNT_NUCLEOTIDES::1 nucleotide Bioseqs are present
PROKKA_NC_021670/PROKKA_NC_021670:sccmec_saures_NC_021670_l61013 (length 61013)

DiscRep_ALL:OVERLAPPING_GENES::11 genes overlap another gene on the same strand.
PROKKA_NC_021670/PROKKA_NC_021670:Gene	NC_021670_SCCmec_00006	sccmec_saures_NC_021670_l61013:3901-5001	NC_021670_SCCmec_00006
PROKKA_NC_021670/PROKKA_NC_021670:Gene	NC_021670_SCCmec_00007	sccmec_saures_NC_021670_l61013:4994-5365	NC_021670_SCCmec_00007
PROKKA_NC_021670/PROKKA_NC_021670:Gene	NC_021670_SCCmec_00008	sccmec_saures_NC_021670_l61013:5362-7005	NC_021670_SCCmec_00008
PROKKA_NC_021670/PROKKA_NC_021670:Gene	xerC_1	sccmec_saures_NC_021670_l61013:10720-11805	NC_021670_SCCmec_00014
PROKKA_NC_021670/PROKKA_NC_021670:Gene	xerC_2	sccmec_saures_NC_021670_l61013:11802-12956	NC_021670_SCCmec_00015
PROKKA_NC_021670/PROKKA_NC_021670:Gene	mecR1	sccmec_saures_NC_021670_l61013:37494-39149	NC_021670_SCCmec_00044
PROKKA_NC_021670/PROKKA_NC_021670:Gene	mecI	sccmec_saures_NC_021670_l61013:39149-39352	NC_021670_SCCmec_00045
PROKKA_NC_021670/PROKKA_NC_021670:Gene	cadA	sccmec_saures_NC_021670_l61013:c48105-45691	NC_021670_SCCmec_00053
PROKKA_NC_021670/PROKKA_NC_021670:Gene	cadC	sccmec_saures_NC_021670_l61013:c48463-48098	NC_021670_SCCmec_00054
PROKKA_NC_021670/PROKKA_NC_021670:Gene	NC_021670_SCCmec_00064	sccmec_saures_NC_021670_l61013:c58792-57005	NC_021670_SCCmec_00064
PROKKA_NC_021670/PROKKA_NC_021670:Gene	NC_021670_SCCmec_00065	sccmec_saures_NC_021670_l61013:c59079-58792	NC_021670_SCCmec_00065

DiscRep_ALL:OVERLAPPING_CDS::2 coding regions overlap another coding region with a similar or identical name.
DiscRep_SUB:OVERLAPPING_CDS::2 coding regions overlap another coding region with a similar or identical name that do not have the appropriate note text
PROKKA_NC_021670/PROKKA_NC_021670:CDS	Tyrosine recombinase XerC	sccmec_saures_NC_021670_l61013:10720-11805	NC_021670_SCCmec_00014
PROKKA_NC_021670/PROKKA_NC_021670:CDS	Tyrosine recombinase XerC	sccmec_saures_NC_021670_l61013:11802-12956	NC_021670_SCCmec_00015

DiscRep_ALL:DISC_QUALITY_SCORES::Quality scores are missing on all sequences.

DiscRep_ALL:ONCALLER_COMMENT_PRESENT::1 comment descriptors were found (all same)
PROKKA_NC_021670/PROKKA_NC_021670:sccmec_saures_NC_021670_l61013:Annotated using prokka 1.12 from https://github.com/tseemann/prokka

DiscRep_ALL:MISSING_GENOMEASSEMBLY_COMMENTS::1 bioseqs are missing GenomeAssembly structured comments
PROKKA_NC_021670/PROKKA_NC_021670:sccmec_saures_NC_021670_l61013 (length 61013)

DiscRep_ALL:MOLTYPE_NOT_MRNA::1 molecule types are not set as mRNA.
PROKKA_NC_021670/PROKKA_NC_021670:sccmec_saures_NC_021670_l61013 (length 61013)

DiscRep_ALL:TECHNIQUE_NOT_TSA::1 technique are not set as TSA
PROKKA_NC_021670/PROKKA_NC_021670:sccmec_saures_NC_021670_l61013 (length 61013)

DiscRep_ALL:MISSING_STRUCTURED_COMMENT::1 sequences do not include structured comments.
PROKKA_NC_021670/PROKKA_NC_021670:sccmec_saures_NC_021670_l61013 (length 61013)

DiscRep_ALL:MISSING_PROJECT::68 sequences do not include project.
PROKKA_NC_021670/PROKKA_NC_021670:sccmec_saures_NC_021670_l61013 (length 61013)
PROKKA_NC_021670/PROKKA_NC_021670:sccmec_saures_NC_021670_l61013_1 (length 159)
PROKKA_NC_021670/PROKKA_NC_021670:sccmec_saures_NC_021670_l61013_2 (length 51)
PROKKA_NC_021670/PROKKA_NC_021670:sccmec_saures_NC_021670_l61013_3 (length 101)
PROKKA_NC_021670/PROKKA_NC_021670:sccmec_saures_NC_021670_l61013_4 (length 287)
PROKKA_NC_021670/PROKKA_NC_021670:sccmec_saures_NC_021670_l61013_5 (length 499)
PROKKA_NC_021670/PROKKA_NC_021670:sccmec_saures_NC_021670_l61013_6 (length 366)
PROKKA_NC_021670/PROKKA_NC_021670:sccmec_saures_NC_021670_l61013_7 (length 123)
PROKKA_NC_021670/PROKKA_NC_021670:sccmec_saures_NC_021670_l61013_8 (length 547)
PROKKA_NC_021670/PROKKA_NC_021670:sccmec_saures_NC_021670_l61013_9 (length 559)
PROKKA_NC_021670/PROKKA_NC_021670:sccmec_saures_NC_021670_l61013_10 (length 124)
PROKKA_NC_021670/PROKKA_NC_021670:sccmec_saures_NC_021670_l61013_11 (length 108)
PROKKA_NC_021670/PROKKA_NC_021670:sccmec_saures_NC_021670_l61013_12 (length 168)
PROKKA_NC_021670/PROKKA_NC_021670:sccmec_saures_NC_021670_l61013_13 (length 105)
PROKKA_NC_021670/PROKKA_NC_021670:sccmec_saures_NC_021670_l61013_14 (length 361)
PROKKA_NC_021670/PROKKA_NC_021670:sccmec_saures_NC_021670_l61013_15 (length 384)
PROKKA_NC_021670/PROKKA_NC_021670:sccmec_saures_NC_021670_l61013_16 (length 239)
PROKKA_NC_021670/PROKKA_NC_021670:sccmec_saures_NC_021670_l61013_17 (length 125)
PROKKA_NC_021670/PROKKA_NC_021670:sccmec_saures_NC_021670_l61013_18 (length 99)
PROKKA_NC_021670/PROKKA_NC_021670:sccmec_saures_NC_021670_l61013_19 (length 130)
PROKKA_NC_021670/PROKKA_NC_021670:sccmec_saures_NC_021670_l61013_20 (length 243)
PROKKA_NC_021670/PROKKA_NC_021670:sccmec_saures_NC_021670_l61013_21 (length 220)
PROKKA_NC_021670/PROKKA_NC_021670:sccmec_saures_NC_021670_l61013_22 (length 290)
PROKKA_NC_021670/PROKKA_NC_021670:sccmec_saures_NC_021670_l61013_23 (length 102)
PROKKA_NC_021670/PROKKA_NC_021670:sccmec_saures_NC_021670_l61013_24 (length 162)
PROKKA_NC_021670/PROKKA_NC_021670:sccmec_saures_NC_021670_l61013_25 (length 175)
PROKKA_NC_021670/PROKKA_NC_021670:sccmec_saures_NC_021670_l61013_26 (length 138)
PROKKA_NC_021670/PROKKA_NC_021670:sccmec_saures_NC_021670_l61013_27 (length 73)
PROKKA_NC_021670/PROKKA_NC_021670:sccmec_saures_NC_021670_l61013_28 (length 192)
PROKKA_NC_021670/PROKKA_NC_021670:sccmec_saures_NC_021670_l61013_29 (length 729)
PROKKA_NC_021670/PROKKA_NC_021670:sccmec_saures_NC_021670_l61013_30 (length 224)
PROKKA_NC_021670/PROKKA_NC_021670:sccmec_saures_NC_021670_l61013_31 (length 453)
PROKKA_NC_021670/PROKKA_NC_021670:sccmec_saures_NC_021670_l61013_32 (length 135)
PROKKA_NC_021670/PROKKA_NC_021670:sccmec_saures_NC_021670_l61013_33 (length 343)
PROKKA_NC_021670/PROKKA_NC_021670:sccmec_saures_NC_021670_l61013_34 (length 111)
PROKKA_NC_021670/PROKKA_NC_021670:sccmec_saures_NC_021670_l61013_35 (length 547)
PROKKA_NC_021670/PROKKA_NC_021670:sccmec_saures_NC_021670_l61013_36 (length 216)
PROKKA_NC_021670/PROKKA_NC_021670:sccmec_saures_NC_021670_l61013_37 (length 180)
PROKKA_NC_021670/PROKKA_NC_021670:sccmec_saures_NC_021670_l61013_38 (length 224)
PROKKA_NC_021670/PROKKA_NC_021670:sccmec_saures_NC_021670_l61013_39 (length 55)
PROKKA_NC_021670/PROKKA_NC_021670:sccmec_saures_NC_021670_l61013_40 (length 76)
PROKKA_NC_021670/PROKKA_NC_021670:sccmec_saures_NC_021670_l61013_41 (length 247)
PROKKA_NC_021670/PROKKA_NC_021670:sccmec_saures_NC_021670_l61013_42 (length 142)
PROKKA_NC_021670/PROKKA_NC_021670:sccmec_saures_NC_021670_l61013_43 (length 668)
PROKKA_NC_021670/PROKKA_NC_021670:sccmec_saures_NC_021670_l61013_44 (length 551)
PROKKA_NC_021670/PROKKA_NC_021670:sccmec_saures_NC_021670_l61013_45 (length 67)
PROKKA_NC_021670/PROKKA_NC_021670:sccmec_saures_NC_021670_l61013_46 (length 382)
PROKKA_NC_021670/PROKKA_NC_021670:sccmec_saures_NC_021670_l61013_47 (length 101)
PROKKA_NC_021670/PROKKA_NC_021670:sccmec_saures_NC_021670_l61013_48 (length 312)
PROKKA_NC_021670/PROKKA_NC_021670:sccmec_saures_NC_021670_l61013_49 (length 354)
PROKKA_NC_021670/PROKKA_NC_021670:sccmec_saures_NC_021670_l61013_50 (length 86)
PROKKA_NC_021670/PROKKA_NC_021670:sccmec_saures_NC_021670_l61013_51 (length 209)
PROKKA_NC_021670/PROKKA_NC_021670:sccmec_saures_NC_021670_l61013_52 (length 228)
PROKKA_NC_021670/PROKKA_NC_021670:sccmec_saures_NC_021670_l61013_53 (length 804)
PROKKA_NC_021670/PROKKA_NC_021670:sccmec_saures_NC_021670_l61013_54 (length 121)
PROKKA_NC_021670/PROKKA_NC_021670:sccmec_saures_NC_021670_l61013_55 (length 125)
PROKKA_NC_021670/PROKKA_NC_021670:sccmec_saures_NC_021670_l61013_56 (length 630)
PROKKA_NC_021670/PROKKA_NC_021670:sccmec_saures_NC_021670_l61013_57 (length 107)
PROKKA_NC_021670/PROKKA_NC_021670:sccmec_saures_NC_021670_l61013_58 (length 173)
PROKKA_NC_021670/PROKKA_NC_021670:sccmec_saures_NC_021670_l61013_59 (length 131)
PROKKA_NC_021670/PROKKA_NC_021670:sccmec_saures_NC_021670_l61013_60 (length 116)
PROKKA_NC_021670/PROKKA_NC_021670:sccmec_saures_NC_021670_l61013_61 (length 542)
PROKKA_NC_021670/PROKKA_NC_021670:sccmec_saures_NC_021670_l61013_62 (length 448)
PROKKA_NC_021670/PROKKA_NC_021670:sccmec_saures_NC_021670_l61013_63 (length 112)
PROKKA_NC_021670/PROKKA_NC_021670:sccmec_saures_NC_021670_l61013_64 (length 595)
PROKKA_NC_021670/PROKKA_NC_021670:sccmec_saures_NC_021670_l61013_65 (length 95)
PROKKA_NC_021670/PROKKA_NC_021670:sccmec_saures_NC_021670_l61013_66 (length 349)
PROKKA_NC_021670/PROKKA_NC_021670:sccmec_saures_NC_021670_l61013_67 (length 190)

DiscRep_ALL:DISC_INCONSISTENT_MOLINFO_TECH::Molinfo Technique Report (some missing, all same)
DiscRep_SUB:DISC_INCONSISTENT_MOLINFO_TECH::technique (all missing)
DiscRep_SUB:DISC_INCONSISTENT_MOLINFO_TECH::1 Molinfos are missing field technique
PROKKA_NC_021670/PROKKA_NC_021670:sccmec_saures_NC_021670_l61013 (length 61013)

