[17:10:32] This is prokka 1.12
[17:10:32] Written by Torsten Seemann <torsten.seemann@gmail.com>
[17:10:32] Homepage is https://github.com/tseemann/prokka
[17:10:32] Local time is Mon May 15 17:10:32 2017
[17:10:32] You are fsepulveda
[17:10:32] Operating system is linux
[17:10:32] You have BioPerl 1.006924
[17:10:32] System has 4 cores.
[17:10:32] Option --cpu asked for 8 cores, but system only has 4
[17:10:32] Will use maximum of 4 cores.
[17:10:32] Annotating as >>> Bacteria <<<
[17:10:32] Creating new output folder: PROKKA_CP020019
[17:10:32] Running: mkdir -p PROKKA_CP020019
[17:10:32] Using filename prefix: PROKKA_CP020019.XXX
[17:10:32] Setting HMMER_NCPU=1
[17:10:32] Writing log to: PROKKA_CP020019/PROKKA_CP020019.log
[17:10:32] Command: /home/fsepulveda/Desktop/tesis/sccmec_classification/prokka-1.12/bin/prokka --genus Staphylococcus --prefix PROKKA_CP020019 --addgenes --addmrna --locustag CP020019_SCCmec /home/fsepulveda/Documents/parte2/229_sccmec/sccmec_CP020019.fasta
[17:10:32] Appending to PATH: /home/fsepulveda/Desktop/tesis/sccmec_classification/prokka-1.12/bin/../binaries/linux
[17:10:32] Appending to PATH: /home/fsepulveda/Desktop/tesis/sccmec_classification/prokka-1.12/bin/../binaries/linux/../common
[17:10:32] Appending to PATH: /home/fsepulveda/Desktop/tesis/sccmec_classification/prokka-1.12/bin
[17:10:32] Looking for 'aragorn' - found /home/fsepulveda/Desktop/tesis/sccmec_classification/prokka-1.12/bin/../binaries/linux/aragorn
[17:10:32] Determined aragorn version is 1.2
[17:10:32] Looking for 'blastp' - found /usr/bin/blastp
[17:10:32] Determined blastp version is 2.2
[17:10:32] Looking for 'cmpress' - found /usr/bin/cmpress
[17:10:32] Determined cmpress version is 1.1
[17:10:32] Looking for 'cmscan' - found /usr/bin/cmscan
[17:10:32] Determined cmscan version is 1.1
[17:10:32] Looking for 'egrep' - found /bin/egrep
[17:10:32] Looking for 'find' - found /usr/bin/find
[17:10:32] Looking for 'grep' - found /bin/grep
[17:10:32] Looking for 'hmmpress' - found /usr/bin/hmmpress
[17:10:32] Determined hmmpress version is 3.1
[17:10:32] Looking for 'hmmscan' - found /usr/bin/hmmscan
[17:10:32] Determined hmmscan version is 3.1
[17:10:32] Looking for 'java' - found /usr/bin/java
[17:10:32] Looking for 'less' - found /usr/bin/less
[17:10:32] Looking for 'makeblastdb' - found /usr/bin/makeblastdb
[17:10:32] Determined makeblastdb version is 2.2
[17:10:32] Looking for 'minced' - found /home/fsepulveda/Desktop/tesis/sccmec_classification/prokka-1.12/bin/../binaries/linux/../common/minced
[17:10:33] Determined minced version is 2.0
[17:10:33] Looking for 'parallel' - found /home/fsepulveda/Desktop/tesis/sccmec_classification/prokka-1.12/bin/../binaries/linux/../common/parallel
[17:10:33] Determined parallel version is 20150122
[17:10:33] Looking for 'prodigal' - found /home/fsepulveda/Desktop/tesis/sccmec_classification/prokka-1.12/bin/../binaries/linux/prodigal
[17:10:33] Determined prodigal version is 2.6
[17:10:33] Looking for 'prokka-genbank_to_fasta_db' - found /home/fsepulveda/Desktop/tesis/sccmec_classification/prokka-1.12/bin/prokka-genbank_to_fasta_db
[17:10:33] Looking for 'sed' - found /bin/sed
[17:10:33] Looking for 'tbl2asn' - found /home/fsepulveda/Desktop/tesis/sccmec_classification/prokka-1.12/bin/../binaries/linux/tbl2asn
[17:10:33] Determined tbl2asn version is 25.3
[17:10:33] Using genetic code table 11.
[17:10:33] Loading and checking input file: /home/fsepulveda/Documents/parte2/229_sccmec/sccmec_CP020019.fasta
[17:10:33] Wrote 1 contigs totalling 43869 bp.
[17:10:33] Predicting tRNAs and tmRNAs
[17:10:33] Running: aragorn -l -gc11  -w PROKKA_CP020019\/PROKKA_CP020019\.fna
[17:10:33] Found 0 tRNAs
[17:10:33] Predicting Ribosomal RNAs
[17:10:33] You need either Barrnap or RNAmmer installed to predict rRNAs!
[17:10:33] Skipping ncRNA search, enable with --rfam if desired.
[17:10:33] Total of 0 tRNA + rRNA features
[17:10:33] Searching for CRISPR repeats
[17:10:33] Found 0 CRISPRs
[17:10:33] Predicting coding sequences
[17:10:33] Contigs total 43869 bp, so using meta mode
[17:10:33] Running: prodigal -i PROKKA_CP020019\/PROKKA_CP020019\.fna -c -m -g 11 -p meta -f sco -q
[17:10:33] Found 50 CDS
[17:10:33] Connecting features back to sequences
[17:10:33] Not using genus-specific database. Try --usegenus to enable it.
[17:10:33] Annotating CDS, please be patient.
[17:10:33] Will use 4 CPUs for similarity searching.
[17:10:33] There are still 50 unannotated CDS left (started with 50)
[17:10:33] Will use blast to search against /home/fsepulveda/Desktop/tesis/sccmec_classification/prokka-1.12/bin/../db/kingdom/Bacteria/sprot with 4 CPUs
[17:10:33] Running: cat PROKKA_CP020019\/sprot\.faa | parallel --gnu --plain -j 4 --block 1532 --recstart '>' --pipe blastp -query - -db /home/fsepulveda/Desktop/tesis/sccmec_classification/prokka-1.12/bin/../db/kingdom/Bacteria/sprot -evalue 1e-06 -num_threads 1 -num_descriptions 1 -num_alignments 1 -seg no > PROKKA_CP020019\/sprot\.blast 2> /dev/null
[17:10:35] Modify product: Probable transport protein HsrA => putative transport protein HsrA
[17:10:35] Cleaned 1 /product names
[17:10:35] Deleting unwanted file: PROKKA_CP020019/sprot.faa
[17:10:35] Deleting unwanted file: PROKKA_CP020019/sprot.blast
[17:10:35] There are still 34 unannotated CDS left (started with 50)
[17:10:35] Will use hmmer3 to search against /home/fsepulveda/Desktop/tesis/sccmec_classification/prokka-1.12/bin/../db/hmm/HAMAP.hmm with 4 CPUs
[17:10:35] Running: cat PROKKA_CP020019\/HAMAP\.hmm\.faa | parallel --gnu --plain -j 4 --block 856 --recstart '>' --pipe hmmscan --noali --notextw --acc -E 1e-06 --cpu 1 /home/fsepulveda/Desktop/tesis/sccmec_classification/prokka-1.12/bin/../db/hmm/HAMAP.hmm /dev/stdin > PROKKA_CP020019\/HAMAP\.hmm\.hmmer3 2> /dev/null
[17:10:35] Deleting unwanted file: PROKKA_CP020019/HAMAP.hmm.faa
[17:10:35] Deleting unwanted file: PROKKA_CP020019/HAMAP.hmm.hmmer3
[17:10:35] Labelling remaining 34 proteins as 'hypothetical protein'
[17:10:35] Found 15 unique /gene codes.
[17:10:35] Fixed 2 duplicate /gene - hin_1 hin_2
[17:10:35] Fixed 1 colliding /gene names.
[17:10:35] Adding /locus_tag identifiers
[17:10:35] Assigned 50 locus_tags to CDS and RNA features.
[17:10:35] Writing outputs to PROKKA_CP020019/
[17:10:36] Generating annotation statistics file
[17:10:36] Generating Genbank and Sequin files
[17:10:36] Running: tbl2asn -V b -a r10k -l paired-ends -M n -N 1 -y 'Annotated using prokka 1.12 from https://github.com/tseemann/prokka' -Z PROKKA_CP020019\/PROKKA_CP020019\.err -i PROKKA_CP020019\/PROKKA_CP020019\.fsa 2> /dev/null
[17:10:36] Deleting unwanted file: PROKKA_CP020019/errorsummary.val
[17:10:36] Deleting unwanted file: PROKKA_CP020019/PROKKA_CP020019.dr
[17:10:36] Deleting unwanted file: PROKKA_CP020019/PROKKA_CP020019.fixedproducts
[17:10:36] Deleting unwanted file: PROKKA_CP020019/PROKKA_CP020019.ecn
[17:10:36] Deleting unwanted file: PROKKA_CP020019/PROKKA_CP020019.val
[17:10:36] Repairing broken .GBK output that tbl2asn produces...
[17:10:36] Running: sed 's/COORDINATES: profile/COORDINATES:profile/' < PROKKA_CP020019\/PROKKA_CP020019\.gbf > PROKKA_CP020019\/PROKKA_CP020019\.gbk
[17:10:36] Deleting unwanted file: PROKKA_CP020019/PROKKA_CP020019.gbf
[17:10:36] Output files:
[17:10:36] PROKKA_CP020019/PROKKA_CP020019.gbk
[17:10:36] PROKKA_CP020019/PROKKA_CP020019.fna
[17:10:36] PROKKA_CP020019/PROKKA_CP020019.sqn
[17:10:36] PROKKA_CP020019/PROKKA_CP020019.fsa
[17:10:36] PROKKA_CP020019/PROKKA_CP020019.tsv
[17:10:36] PROKKA_CP020019/PROKKA_CP020019.gff
[17:10:36] PROKKA_CP020019/PROKKA_CP020019.txt
[17:10:36] PROKKA_CP020019/PROKKA_CP020019.ffn
[17:10:36] PROKKA_CP020019/PROKKA_CP020019.tbl
[17:10:36] PROKKA_CP020019/PROKKA_CP020019.log
[17:10:36] PROKKA_CP020019/PROKKA_CP020019.err
[17:10:36] PROKKA_CP020019/PROKKA_CP020019.faa
[17:10:36] Annotation finished successfully.
[17:10:36] Walltime used: 0.07 minutes
[17:10:36] If you use this result please cite the Prokka paper:
[17:10:36] Seemann T (2014) Prokka: rapid prokaryotic genome annotation. Bioinformatics. 30(14):2068-9.
[17:10:36] Type 'prokka --citation' for more details.
[17:10:36] Thank you, come again.
