[17:08:55] This is prokka 1.12
[17:08:55] Written by Torsten Seemann <torsten.seemann@gmail.com>
[17:08:55] Homepage is https://github.com/tseemann/prokka
[17:08:55] Local time is Mon May 15 17:08:55 2017
[17:08:55] You are fsepulveda
[17:08:55] Operating system is linux
[17:08:55] You have BioPerl 1.006924
[17:08:55] System has 4 cores.
[17:08:55] Option --cpu asked for 8 cores, but system only has 4
[17:08:55] Will use maximum of 4 cores.
[17:08:55] Annotating as >>> Bacteria <<<
[17:08:55] Creating new output folder: PROKKA_CP014392
[17:08:55] Running: mkdir -p PROKKA_CP014392
[17:08:55] Using filename prefix: PROKKA_CP014392.XXX
[17:08:55] Setting HMMER_NCPU=1
[17:08:55] Writing log to: PROKKA_CP014392/PROKKA_CP014392.log
[17:08:55] Command: /home/fsepulveda/Desktop/tesis/sccmec_classification/prokka-1.12/bin/prokka --genus Staphylococcus --prefix PROKKA_CP014392 --addgenes --addmrna --locustag CP014392_SCCmec /home/fsepulveda/Documents/parte2/229_sccmec/sccmec_CP014392.fasta
[17:08:55] Appending to PATH: /home/fsepulveda/Desktop/tesis/sccmec_classification/prokka-1.12/bin/../binaries/linux
[17:08:55] Appending to PATH: /home/fsepulveda/Desktop/tesis/sccmec_classification/prokka-1.12/bin/../binaries/linux/../common
[17:08:55] Appending to PATH: /home/fsepulveda/Desktop/tesis/sccmec_classification/prokka-1.12/bin
[17:08:55] Looking for 'aragorn' - found /home/fsepulveda/Desktop/tesis/sccmec_classification/prokka-1.12/bin/../binaries/linux/aragorn
[17:08:55] Determined aragorn version is 1.2
[17:08:55] Looking for 'blastp' - found /usr/bin/blastp
[17:08:55] Determined blastp version is 2.2
[17:08:55] Looking for 'cmpress' - found /usr/bin/cmpress
[17:08:55] Determined cmpress version is 1.1
[17:08:55] Looking for 'cmscan' - found /usr/bin/cmscan
[17:08:55] Determined cmscan version is 1.1
[17:08:55] Looking for 'egrep' - found /bin/egrep
[17:08:55] Looking for 'find' - found /usr/bin/find
[17:08:55] Looking for 'grep' - found /bin/grep
[17:08:55] Looking for 'hmmpress' - found /usr/bin/hmmpress
[17:08:55] Determined hmmpress version is 3.1
[17:08:55] Looking for 'hmmscan' - found /usr/bin/hmmscan
[17:08:55] Determined hmmscan version is 3.1
[17:08:55] Looking for 'java' - found /usr/bin/java
[17:08:55] Looking for 'less' - found /usr/bin/less
[17:08:55] Looking for 'makeblastdb' - found /usr/bin/makeblastdb
[17:08:55] Determined makeblastdb version is 2.2
[17:08:55] Looking for 'minced' - found /home/fsepulveda/Desktop/tesis/sccmec_classification/prokka-1.12/bin/../binaries/linux/../common/minced
[17:08:55] Determined minced version is 2.0
[17:08:55] Looking for 'parallel' - found /home/fsepulveda/Desktop/tesis/sccmec_classification/prokka-1.12/bin/../binaries/linux/../common/parallel
[17:08:55] Determined parallel version is 20150122
[17:08:55] Looking for 'prodigal' - found /home/fsepulveda/Desktop/tesis/sccmec_classification/prokka-1.12/bin/../binaries/linux/prodigal
[17:08:55] Determined prodigal version is 2.6
[17:08:55] Looking for 'prokka-genbank_to_fasta_db' - found /home/fsepulveda/Desktop/tesis/sccmec_classification/prokka-1.12/bin/prokka-genbank_to_fasta_db
[17:08:55] Looking for 'sed' - found /bin/sed
[17:08:55] Looking for 'tbl2asn' - found /home/fsepulveda/Desktop/tesis/sccmec_classification/prokka-1.12/bin/../binaries/linux/tbl2asn
[17:08:55] Determined tbl2asn version is 25.3
[17:08:55] Using genetic code table 11.
[17:08:55] Loading and checking input file: /home/fsepulveda/Documents/parte2/229_sccmec/sccmec_CP014392.fasta
[17:08:55] Wrote 1 contigs totalling 54966 bp.
[17:08:55] Predicting tRNAs and tmRNAs
[17:08:55] Running: aragorn -l -gc11  -w PROKKA_CP014392\/PROKKA_CP014392\.fna
[17:08:55] Found 0 tRNAs
[17:08:55] Predicting Ribosomal RNAs
[17:08:55] You need either Barrnap or RNAmmer installed to predict rRNAs!
[17:08:55] Skipping ncRNA search, enable with --rfam if desired.
[17:08:55] Total of 0 tRNA + rRNA features
[17:08:55] Searching for CRISPR repeats
[17:08:55] Found 0 CRISPRs
[17:08:55] Predicting coding sequences
[17:08:55] Contigs total 54966 bp, so using meta mode
[17:08:55] Running: prodigal -i PROKKA_CP014392\/PROKKA_CP014392\.fna -c -m -g 11 -p meta -f sco -q
[17:08:56] Found 56 CDS
[17:08:56] Connecting features back to sequences
[17:08:56] Not using genus-specific database. Try --usegenus to enable it.
[17:08:56] Annotating CDS, please be patient.
[17:08:56] Will use 4 CPUs for similarity searching.
[17:08:56] There are still 56 unannotated CDS left (started with 56)
[17:08:56] Will use blast to search against /home/fsepulveda/Desktop/tesis/sccmec_classification/prokka-1.12/bin/../db/kingdom/Bacteria/sprot with 4 CPUs
[17:08:56] Running: cat PROKKA_CP014392\/sprot\.faa | parallel --gnu --plain -j 4 --block 1812 --recstart '>' --pipe blastp -query - -db /home/fsepulveda/Desktop/tesis/sccmec_classification/prokka-1.12/bin/../db/kingdom/Bacteria/sprot -evalue 1e-06 -num_threads 1 -num_descriptions 1 -num_alignments 1 -seg no > PROKKA_CP014392\/sprot\.blast 2> /dev/null
[17:08:57] Deleting unwanted file: PROKKA_CP014392/sprot.faa
[17:08:57] Deleting unwanted file: PROKKA_CP014392/sprot.blast
[17:08:57] There are still 33 unannotated CDS left (started with 56)
[17:08:57] Will use hmmer3 to search against /home/fsepulveda/Desktop/tesis/sccmec_classification/prokka-1.12/bin/../db/hmm/HAMAP.hmm with 4 CPUs
[17:08:57] Running: cat PROKKA_CP014392\/HAMAP\.hmm\.faa | parallel --gnu --plain -j 4 --block 817 --recstart '>' --pipe hmmscan --noali --notextw --acc -E 1e-06 --cpu 1 /home/fsepulveda/Desktop/tesis/sccmec_classification/prokka-1.12/bin/../db/hmm/HAMAP.hmm /dev/stdin > PROKKA_CP014392\/HAMAP\.hmm\.hmmer3 2> /dev/null
[17:08:58] Deleting unwanted file: PROKKA_CP014392/HAMAP.hmm.faa
[17:08:58] Deleting unwanted file: PROKKA_CP014392/HAMAP.hmm.hmmer3
[17:08:58] Labelling remaining 32 proteins as 'hypothetical protein'
[17:08:58] Possible /pseudo 'DNA-invertase hin' at sccmec_saures_CP014392_l54966 position 13751
[17:08:58] Found 22 unique /gene codes.
[17:08:58] Fixed 2 duplicate /gene - hin_1 hin_2
[17:08:58] Fixed 1 colliding /gene names.
[17:08:58] Adding /locus_tag identifiers
[17:08:58] Assigned 56 locus_tags to CDS and RNA features.
[17:08:58] Writing outputs to PROKKA_CP014392/
[17:08:58] Generating annotation statistics file
[17:08:58] Generating Genbank and Sequin files
[17:08:58] Running: tbl2asn -V b -a r10k -l paired-ends -M n -N 1 -y 'Annotated using prokka 1.12 from https://github.com/tseemann/prokka' -Z PROKKA_CP014392\/PROKKA_CP014392\.err -i PROKKA_CP014392\/PROKKA_CP014392\.fsa 2> /dev/null
[17:08:58] Deleting unwanted file: PROKKA_CP014392/errorsummary.val
[17:08:58] Deleting unwanted file: PROKKA_CP014392/PROKKA_CP014392.dr
[17:08:58] Deleting unwanted file: PROKKA_CP014392/PROKKA_CP014392.fixedproducts
[17:08:58] Deleting unwanted file: PROKKA_CP014392/PROKKA_CP014392.ecn
[17:08:58] Deleting unwanted file: PROKKA_CP014392/PROKKA_CP014392.val
[17:08:58] Repairing broken .GBK output that tbl2asn produces...
[17:08:58] Running: sed 's/COORDINATES: profile/COORDINATES:profile/' < PROKKA_CP014392\/PROKKA_CP014392\.gbf > PROKKA_CP014392\/PROKKA_CP014392\.gbk
[17:08:58] Deleting unwanted file: PROKKA_CP014392/PROKKA_CP014392.gbf
[17:08:58] Output files:
[17:08:58] PROKKA_CP014392/PROKKA_CP014392.tbl
[17:08:58] PROKKA_CP014392/PROKKA_CP014392.sqn
[17:08:58] PROKKA_CP014392/PROKKA_CP014392.err
[17:08:58] PROKKA_CP014392/PROKKA_CP014392.log
[17:08:58] PROKKA_CP014392/PROKKA_CP014392.ffn
[17:08:58] PROKKA_CP014392/PROKKA_CP014392.fsa
[17:08:58] PROKKA_CP014392/PROKKA_CP014392.faa
[17:08:58] PROKKA_CP014392/PROKKA_CP014392.gff
[17:08:58] PROKKA_CP014392/PROKKA_CP014392.fna
[17:08:58] PROKKA_CP014392/PROKKA_CP014392.gbk
[17:08:58] PROKKA_CP014392/PROKKA_CP014392.tsv
[17:08:58] PROKKA_CP014392/PROKKA_CP014392.txt
[17:08:58] Annotation finished successfully.
[17:08:58] Walltime used: 0.05 minutes
[17:08:58] If you use this result please cite the Prokka paper:
[17:08:58] Seemann T (2014) Prokka: rapid prokaryotic genome annotation. Bioinformatics. 30(14):2068-9.
[17:08:58] Type 'prokka --citation' for more details.
[17:08:58] Share and enjoy!
