[17:05:08] This is prokka 1.12
[17:05:08] Written by Torsten Seemann <torsten.seemann@gmail.com>
[17:05:08] Homepage is https://github.com/tseemann/prokka
[17:05:08] Local time is Mon May 15 17:05:08 2017
[17:05:08] You are fsepulveda
[17:05:08] Operating system is linux
[17:05:08] You have BioPerl 1.006924
[17:05:08] System has 4 cores.
[17:05:08] Option --cpu asked for 8 cores, but system only has 4
[17:05:08] Will use maximum of 4 cores.
[17:05:08] Annotating as >>> Bacteria <<<
[17:05:08] Creating new output folder: PROKKA_CP001844
[17:05:08] Running: mkdir -p PROKKA_CP001844
[17:05:08] Using filename prefix: PROKKA_CP001844.XXX
[17:05:08] Setting HMMER_NCPU=1
[17:05:08] Writing log to: PROKKA_CP001844/PROKKA_CP001844.log
[17:05:08] Command: /home/fsepulveda/Desktop/tesis/sccmec_classification/prokka-1.12/bin/prokka --genus Staphylococcus --prefix PROKKA_CP001844 --addgenes --addmrna --locustag CP001844_SCCmec /home/fsepulveda/Documents/parte2/229_sccmec/sccmec_CP001844.fasta
[17:05:08] Appending to PATH: /home/fsepulveda/Desktop/tesis/sccmec_classification/prokka-1.12/bin/../binaries/linux
[17:05:08] Appending to PATH: /home/fsepulveda/Desktop/tesis/sccmec_classification/prokka-1.12/bin/../binaries/linux/../common
[17:05:08] Appending to PATH: /home/fsepulveda/Desktop/tesis/sccmec_classification/prokka-1.12/bin
[17:05:08] Looking for 'aragorn' - found /home/fsepulveda/Desktop/tesis/sccmec_classification/prokka-1.12/bin/../binaries/linux/aragorn
[17:05:08] Determined aragorn version is 1.2
[17:05:08] Looking for 'blastp' - found /usr/bin/blastp
[17:05:09] Determined blastp version is 2.2
[17:05:09] Looking for 'cmpress' - found /usr/bin/cmpress
[17:05:09] Determined cmpress version is 1.1
[17:05:09] Looking for 'cmscan' - found /usr/bin/cmscan
[17:05:09] Determined cmscan version is 1.1
[17:05:09] Looking for 'egrep' - found /bin/egrep
[17:05:09] Looking for 'find' - found /usr/bin/find
[17:05:09] Looking for 'grep' - found /bin/grep
[17:05:09] Looking for 'hmmpress' - found /usr/bin/hmmpress
[17:05:09] Determined hmmpress version is 3.1
[17:05:09] Looking for 'hmmscan' - found /usr/bin/hmmscan
[17:05:09] Determined hmmscan version is 3.1
[17:05:09] Looking for 'java' - found /usr/bin/java
[17:05:09] Looking for 'less' - found /usr/bin/less
[17:05:09] Looking for 'makeblastdb' - found /usr/bin/makeblastdb
[17:05:09] Determined makeblastdb version is 2.2
[17:05:09] Looking for 'minced' - found /home/fsepulveda/Desktop/tesis/sccmec_classification/prokka-1.12/bin/../binaries/linux/../common/minced
[17:05:09] Determined minced version is 2.0
[17:05:09] Looking for 'parallel' - found /home/fsepulveda/Desktop/tesis/sccmec_classification/prokka-1.12/bin/../binaries/linux/../common/parallel
[17:05:09] Determined parallel version is 20150122
[17:05:09] Looking for 'prodigal' - found /home/fsepulveda/Desktop/tesis/sccmec_classification/prokka-1.12/bin/../binaries/linux/prodigal
[17:05:09] Determined prodigal version is 2.6
[17:05:09] Looking for 'prokka-genbank_to_fasta_db' - found /home/fsepulveda/Desktop/tesis/sccmec_classification/prokka-1.12/bin/prokka-genbank_to_fasta_db
[17:05:09] Looking for 'sed' - found /bin/sed
[17:05:09] Looking for 'tbl2asn' - found /home/fsepulveda/Desktop/tesis/sccmec_classification/prokka-1.12/bin/../binaries/linux/tbl2asn
[17:05:09] Determined tbl2asn version is 25.3
[17:05:09] Using genetic code table 11.
[17:05:09] Loading and checking input file: /home/fsepulveda/Documents/parte2/229_sccmec/sccmec_CP001844.fasta
[17:05:09] Wrote 1 contigs totalling 52468 bp.
[17:05:09] Predicting tRNAs and tmRNAs
[17:05:09] Running: aragorn -l -gc11  -w PROKKA_CP001844\/PROKKA_CP001844\.fna
[17:05:09] Found 0 tRNAs
[17:05:09] Predicting Ribosomal RNAs
[17:05:09] You need either Barrnap or RNAmmer installed to predict rRNAs!
[17:05:09] Skipping ncRNA search, enable with --rfam if desired.
[17:05:09] Total of 0 tRNA + rRNA features
[17:05:09] Searching for CRISPR repeats
[17:05:09] Found 0 CRISPRs
[17:05:09] Predicting coding sequences
[17:05:09] Contigs total 52468 bp, so using meta mode
[17:05:09] Running: prodigal -i PROKKA_CP001844\/PROKKA_CP001844\.fna -c -m -g 11 -p meta -f sco -q
[17:05:09] Found 54 CDS
[17:05:09] Connecting features back to sequences
[17:05:09] Not using genus-specific database. Try --usegenus to enable it.
[17:05:09] Annotating CDS, please be patient.
[17:05:09] Will use 4 CPUs for similarity searching.
[17:05:09] There are still 54 unannotated CDS left (started with 54)
[17:05:09] Will use blast to search against /home/fsepulveda/Desktop/tesis/sccmec_classification/prokka-1.12/bin/../db/kingdom/Bacteria/sprot with 4 CPUs
[17:05:09] Running: cat PROKKA_CP001844\/sprot\.faa | parallel --gnu --plain -j 4 --block 1857 --recstart '>' --pipe blastp -query - -db /home/fsepulveda/Desktop/tesis/sccmec_classification/prokka-1.12/bin/../db/kingdom/Bacteria/sprot -evalue 1e-06 -num_threads 1 -num_descriptions 1 -num_alignments 1 -seg no > PROKKA_CP001844\/sprot\.blast 2> /dev/null
[17:05:11] Modify product: Uncharacterized methyltransferase YcgJ => putative methyltransferase YcgJ
[17:05:11] Cleaned 1 /product names
[17:05:11] Deleting unwanted file: PROKKA_CP001844/sprot.faa
[17:05:11] Deleting unwanted file: PROKKA_CP001844/sprot.blast
[17:05:11] There are still 27 unannotated CDS left (started with 54)
[17:05:11] Will use hmmer3 to search against /home/fsepulveda/Desktop/tesis/sccmec_classification/prokka-1.12/bin/../db/hmm/HAMAP.hmm with 4 CPUs
[17:05:11] Running: cat PROKKA_CP001844\/HAMAP\.hmm\.faa | parallel --gnu --plain -j 4 --block 637 --recstart '>' --pipe hmmscan --noali --notextw --acc -E 1e-06 --cpu 1 /home/fsepulveda/Desktop/tesis/sccmec_classification/prokka-1.12/bin/../db/hmm/HAMAP.hmm /dev/stdin > PROKKA_CP001844\/HAMAP\.hmm\.hmmer3 2> /dev/null
[17:05:12] Deleting unwanted file: PROKKA_CP001844/HAMAP.hmm.faa
[17:05:12] Deleting unwanted file: PROKKA_CP001844/HAMAP.hmm.hmmer3
[17:05:12] Labelling remaining 27 proteins as 'hypothetical protein'
[17:05:12] Possible /pseudo 'Tyrosine recombinase XerC' at sccmec_saures_CP001844_l52468 position 25377
[17:05:12] Possible /pseudo 'DNA-invertase hin' at sccmec_saures_CP001844_l52468 position 30359
[17:05:12] Found 24 unique /gene codes.
[17:05:12] Fixed 2 duplicate /gene - hin_1 hin_2
[17:05:12] Fixed 2 duplicate /gene - xerC_1 xerC_2
[17:05:12] Fixed 2 duplicate /gene - pspE_1 pspE_2
[17:05:12] Fixed 3 colliding /gene names.
[17:05:12] Adding /locus_tag identifiers
[17:05:12] Assigned 54 locus_tags to CDS and RNA features.
[17:05:12] Writing outputs to PROKKA_CP001844/
[17:05:12] Generating annotation statistics file
[17:05:12] Generating Genbank and Sequin files
[17:05:12] Running: tbl2asn -V b -a r10k -l paired-ends -M n -N 1 -y 'Annotated using prokka 1.12 from https://github.com/tseemann/prokka' -Z PROKKA_CP001844\/PROKKA_CP001844\.err -i PROKKA_CP001844\/PROKKA_CP001844\.fsa 2> /dev/null
[17:05:12] Deleting unwanted file: PROKKA_CP001844/errorsummary.val
[17:05:12] Deleting unwanted file: PROKKA_CP001844/PROKKA_CP001844.dr
[17:05:12] Deleting unwanted file: PROKKA_CP001844/PROKKA_CP001844.fixedproducts
[17:05:12] Deleting unwanted file: PROKKA_CP001844/PROKKA_CP001844.ecn
[17:05:12] Deleting unwanted file: PROKKA_CP001844/PROKKA_CP001844.val
[17:05:12] Repairing broken .GBK output that tbl2asn produces...
[17:05:12] Running: sed 's/COORDINATES: profile/COORDINATES:profile/' < PROKKA_CP001844\/PROKKA_CP001844\.gbf > PROKKA_CP001844\/PROKKA_CP001844\.gbk
[17:05:12] Deleting unwanted file: PROKKA_CP001844/PROKKA_CP001844.gbf
[17:05:12] Output files:
[17:05:12] PROKKA_CP001844/PROKKA_CP001844.tsv
[17:05:12] PROKKA_CP001844/PROKKA_CP001844.ffn
[17:05:12] PROKKA_CP001844/PROKKA_CP001844.fna
[17:05:12] PROKKA_CP001844/PROKKA_CP001844.gff
[17:05:12] PROKKA_CP001844/PROKKA_CP001844.txt
[17:05:12] PROKKA_CP001844/PROKKA_CP001844.sqn
[17:05:12] PROKKA_CP001844/PROKKA_CP001844.fsa
[17:05:12] PROKKA_CP001844/PROKKA_CP001844.gbk
[17:05:12] PROKKA_CP001844/PROKKA_CP001844.faa
[17:05:12] PROKKA_CP001844/PROKKA_CP001844.tbl
[17:05:12] PROKKA_CP001844/PROKKA_CP001844.err
[17:05:12] PROKKA_CP001844/PROKKA_CP001844.log
[17:05:12] Annotation finished successfully.
[17:05:12] Walltime used: 0.07 minutes
[17:05:12] If you use this result please cite the Prokka paper:
[17:05:12] Seemann T (2014) Prokka: rapid prokaryotic genome annotation. Bioinformatics. 30(14):2068-9.
[17:05:12] Type 'prokka --citation' for more details.
[17:05:12] Thank you, come again.
