Discrepancy Report Results

Summary
FATAL: BAD_LOCUS_TAG_FORMAT:54 locus tags are incorrectly formatted.
FATAL: MISSING_PROTEIN_ID:54 proteins have invalid IDs.
DISC_SOURCE_QUALS_ASNDISC:strain (all present, all unique)
DISC_SOURCE_QUALS_ASNDISC:taxname (all present, all unique)
DISC_FEATURE_COUNT:gene: 54 present
DISC_FEATURE_COUNT:CDS: 54 present
DISC_FEATURE_COUNT:mRNA: 54 present
DISC_COUNT_NUCLEOTIDES:1 nucleotide Bioseqs are present
OVERLAPPING_GENES:10 genes overlap another gene on the same strand.
OVERLAPPING_CDS:2 coding regions overlap another coding region with a similar or identical name.
DISC_QUALITY_SCORES:Quality scores are missing on all sequences.
ONCALLER_COMMENT_PRESENT:1 comment descriptors were found (all same)
SHORT_PROT_SEQUENCES:2 protein sequences are shorter than 50 aa.
MISSING_GENOMEASSEMBLY_COMMENTS:1 bioseqs are missing GenomeAssembly structured comments
MOLTYPE_NOT_MRNA:1 molecule types are not set as mRNA.
TECHNIQUE_NOT_TSA:1 technique are not set as TSA
MISSING_STRUCTURED_COMMENT:1 sequences do not include structured comments.
MISSING_PROJECT:55 sequences do not include project.
DISC_INCONSISTENT_MOLINFO_TECH:Molinfo Technique Report (some missing, all same)


Detailed Report

FATAL: DiscRep_ALL:BAD_LOCUS_TAG_FORMAT::54 locus tags are incorrectly formatted.
PROKKA_AP017320/PROKKA_AP017320:Gene	rlmH	sccmec_saures_AP017320_l52468:1-480	AP017320_SCCmec_00001
PROKKA_AP017320/PROKKA_AP017320:Gene	AP017320_SCCmec_00002	sccmec_saures_AP017320_l52468:763-2058	AP017320_SCCmec_00002
PROKKA_AP017320/PROKKA_AP017320:Gene	AP017320_SCCmec_00003	sccmec_saures_AP017320_l52468:2473-2712	AP017320_SCCmec_00003
PROKKA_AP017320/PROKKA_AP017320:Gene	AP017320_SCCmec_00004	sccmec_saures_AP017320_l52468:c3418-2744	AP017320_SCCmec_00004
PROKKA_AP017320/PROKKA_AP017320:Gene	AP017320_SCCmec_00005	sccmec_saures_AP017320_l52468:c3706-3509	AP017320_SCCmec_00005
PROKKA_AP017320/PROKKA_AP017320:Gene	AP017320_SCCmec_00006	sccmec_saures_AP017320_l52468:c4513-3719	AP017320_SCCmec_00006
PROKKA_AP017320/PROKKA_AP017320:Gene	AP017320_SCCmec_00007	sccmec_saures_AP017320_l52468:4666-4755	AP017320_SCCmec_00007
PROKKA_AP017320/PROKKA_AP017320:Gene	pre	sccmec_saures_AP017320_l52468:c5999-4737	AP017320_SCCmec_00008
PROKKA_AP017320/PROKKA_AP017320:Gene	ble	sccmec_saures_AP017320_l52468:c6904-6506	AP017320_SCCmec_00009
PROKKA_AP017320/PROKKA_AP017320:Gene	knt	sccmec_saures_AP017320_l52468:c7897-7127	AP017320_SCCmec_00010
PROKKA_AP017320/PROKKA_AP017320:Gene	AP017320_SCCmec_00011	sccmec_saures_AP017320_l52468:c8764-8090	AP017320_SCCmec_00011
PROKKA_AP017320/PROKKA_AP017320:Gene	ugpQ	sccmec_saures_AP017320_l52468:9029-9772	AP017320_SCCmec_00012
PROKKA_AP017320/PROKKA_AP017320:Gene	paaZ	sccmec_saures_AP017320_l52468:9869-10297	AP017320_SCCmec_00013
PROKKA_AP017320/PROKKA_AP017320:Gene	pbp	sccmec_saures_AP017320_l52468:c12349-10343	AP017320_SCCmec_00014
PROKKA_AP017320/PROKKA_AP017320:Gene	mecR1	sccmec_saures_AP017320_l52468:12551-14206	AP017320_SCCmec_00015
PROKKA_AP017320/PROKKA_AP017320:Gene	mecI	sccmec_saures_AP017320_l52468:14206-14577	AP017320_SCCmec_00016
PROKKA_AP017320/PROKKA_AP017320:Gene	AP017320_SCCmec_00017	sccmec_saures_AP017320_l52468:14678-14890	AP017320_SCCmec_00017
PROKKA_AP017320/PROKKA_AP017320:Gene	nagC	sccmec_saures_AP017320_l52468:15085-16194	AP017320_SCCmec_00018
PROKKA_AP017320/PROKKA_AP017320:Gene	pspE_1	sccmec_saures_AP017320_l52468:c16613-16308	AP017320_SCCmec_00019
PROKKA_AP017320/PROKKA_AP017320:Gene	gloC	sccmec_saures_AP017320_l52468:c17642-16704	AP017320_SCCmec_00020
PROKKA_AP017320/PROKKA_AP017320:Gene	pspE_2	sccmec_saures_AP017320_l52468:c18739-17675	AP017320_SCCmec_00021
PROKKA_AP017320/PROKKA_AP017320:Gene	csoR	sccmec_saures_AP017320_l52468:18875-19135	AP017320_SCCmec_00022
PROKKA_AP017320/PROKKA_AP017320:Gene	AP017320_SCCmec_00023	sccmec_saures_AP017320_l52468:19150-19779	AP017320_SCCmec_00023
PROKKA_AP017320/PROKKA_AP017320:Gene	ycgJ	sccmec_saures_AP017320_l52468:c20780-20118	AP017320_SCCmec_00024
PROKKA_AP017320/PROKKA_AP017320:Gene	ermA1	sccmec_saures_AP017320_l52468:21314-22045	AP017320_SCCmec_00025
PROKKA_AP017320/PROKKA_AP017320:Gene	ant1	sccmec_saures_AP017320_l52468:c22953-22171	AP017320_SCCmec_00026
PROKKA_AP017320/PROKKA_AP017320:Gene	AP017320_SCCmec_00027	sccmec_saures_AP017320_l52468:c23481-23104	AP017320_SCCmec_00027
PROKKA_AP017320/PROKKA_AP017320:Gene	xerC_1	sccmec_saures_AP017320_l52468:c25380-23488	AP017320_SCCmec_00028
PROKKA_AP017320/PROKKA_AP017320:Gene	xerC_2	sccmec_saures_AP017320_l52468:c26462-25377	AP017320_SCCmec_00029
PROKKA_AP017320/PROKKA_AP017320:Gene	AP017320_SCCmec_00030	sccmec_saures_AP017320_l52468:c26898-26581	AP017320_SCCmec_00030
PROKKA_AP017320/PROKKA_AP017320:Gene	AP017320_SCCmec_00031	sccmec_saures_AP017320_l52468:c27425-26919	AP017320_SCCmec_00031
PROKKA_AP017320/PROKKA_AP017320:Gene	AP017320_SCCmec_00032	sccmec_saures_AP017320_l52468:c27754-27443	AP017320_SCCmec_00032
PROKKA_AP017320/PROKKA_AP017320:Gene	AP017320_SCCmec_00033	sccmec_saures_AP017320_l52468:c28191-27841	AP017320_SCCmec_00033
PROKKA_AP017320/PROKKA_AP017320:Gene	hin_1	sccmec_saures_AP017320_l52468:c30337-28709	AP017320_SCCmec_00034
PROKKA_AP017320/PROKKA_AP017320:Gene	hin_2	sccmec_saures_AP017320_l52468:c31726-30359	AP017320_SCCmec_00035
PROKKA_AP017320/PROKKA_AP017320:Gene	AP017320_SCCmec_00036	sccmec_saures_AP017320_l52468:c33735-31942	AP017320_SCCmec_00036
PROKKA_AP017320/PROKKA_AP017320:Gene	AP017320_SCCmec_00037	sccmec_saures_AP017320_l52468:c34031-33735	AP017320_SCCmec_00037
PROKKA_AP017320/PROKKA_AP017320:Gene	AP017320_SCCmec_00038	sccmec_saures_AP017320_l52468:c35270-34224	AP017320_SCCmec_00038
PROKKA_AP017320/PROKKA_AP017320:Gene	AP017320_SCCmec_00039	sccmec_saures_AP017320_l52468:c35943-35521	AP017320_SCCmec_00039
PROKKA_AP017320/PROKKA_AP017320:Gene	AP017320_SCCmec_00040	sccmec_saures_AP017320_l52468:c36363-36010	AP017320_SCCmec_00040
PROKKA_AP017320/PROKKA_AP017320:Gene	AP017320_SCCmec_00041	sccmec_saures_AP017320_l52468:c36662-36348	AP017320_SCCmec_00041
PROKKA_AP017320/PROKKA_AP017320:Gene	AP017320_SCCmec_00042	sccmec_saures_AP017320_l52468:c38075-37173	AP017320_SCCmec_00042
PROKKA_AP017320/PROKKA_AP017320:Gene	kdpE	sccmec_saures_AP017320_l52468:c39516-38821	AP017320_SCCmec_00043
PROKKA_AP017320/PROKKA_AP017320:Gene	kdpD	sccmec_saures_AP017320_l52468:c42211-39491	AP017320_SCCmec_00044
PROKKA_AP017320/PROKKA_AP017320:Gene	AP017320_SCCmec_00045	sccmec_saures_AP017320_l52468:c42355-42212	AP017320_SCCmec_00045
PROKKA_AP017320/PROKKA_AP017320:Gene	kdpA	sccmec_saures_AP017320_l52468:42428-44104	AP017320_SCCmec_00046
PROKKA_AP017320/PROKKA_AP017320:Gene	kdpB	sccmec_saures_AP017320_l52468:44123-46144	AP017320_SCCmec_00047
PROKKA_AP017320/PROKKA_AP017320:Gene	kdpC	sccmec_saures_AP017320_l52468:46160-46717	AP017320_SCCmec_00048
PROKKA_AP017320/PROKKA_AP017320:Gene	AP017320_SCCmec_00049	sccmec_saures_AP017320_l52468:c48131-47262	AP017320_SCCmec_00049
PROKKA_AP017320/PROKKA_AP017320:Gene	AP017320_SCCmec_00050	sccmec_saures_AP017320_l52468:c49037-48141	AP017320_SCCmec_00050
PROKKA_AP017320/PROKKA_AP017320:Gene	AP017320_SCCmec_00051	sccmec_saures_AP017320_l52468:c49611-49237	AP017320_SCCmec_00051
PROKKA_AP017320/PROKKA_AP017320:Gene	AP017320_SCCmec_00052	sccmec_saures_AP017320_l52468:c50066-49779	AP017320_SCCmec_00052
PROKKA_AP017320/PROKKA_AP017320:Gene	AP017320_SCCmec_00053	sccmec_saures_AP017320_l52468:c50782-50156	AP017320_SCCmec_00053
PROKKA_AP017320/PROKKA_AP017320:Gene	prkC	sccmec_saures_AP017320_l52468:50897-52405	AP017320_SCCmec_00054

FATAL: DiscRep_ALL:MISSING_PROTEIN_ID::54 proteins have invalid IDs.
PROKKA_AP017320/PROKKA_AP017320:sccmec_saures_AP017320_l52468_1 (length 159)
PROKKA_AP017320/PROKKA_AP017320:sccmec_saures_AP017320_l52468_2 (length 431)
PROKKA_AP017320/PROKKA_AP017320:sccmec_saures_AP017320_l52468_3 (length 79)
PROKKA_AP017320/PROKKA_AP017320:sccmec_saures_AP017320_l52468_4 (length 224)
PROKKA_AP017320/PROKKA_AP017320:sccmec_saures_AP017320_l52468_5 (length 65)
PROKKA_AP017320/PROKKA_AP017320:sccmec_saures_AP017320_l52468_6 (length 264)
PROKKA_AP017320/PROKKA_AP017320:sccmec_saures_AP017320_l52468_7 (length 29)
PROKKA_AP017320/PROKKA_AP017320:sccmec_saures_AP017320_l52468_8 (length 420)
PROKKA_AP017320/PROKKA_AP017320:sccmec_saures_AP017320_l52468_9 (length 132)
PROKKA_AP017320/PROKKA_AP017320:sccmec_saures_AP017320_l52468_10 (length 256)
PROKKA_AP017320/PROKKA_AP017320:sccmec_saures_AP017320_l52468_11 (length 224)
PROKKA_AP017320/PROKKA_AP017320:sccmec_saures_AP017320_l52468_12 (length 247)
PROKKA_AP017320/PROKKA_AP017320:sccmec_saures_AP017320_l52468_13 (length 142)
PROKKA_AP017320/PROKKA_AP017320:sccmec_saures_AP017320_l52468_14 (length 668)
PROKKA_AP017320/PROKKA_AP017320:sccmec_saures_AP017320_l52468_15 (length 551)
PROKKA_AP017320/PROKKA_AP017320:sccmec_saures_AP017320_l52468_16 (length 123)
PROKKA_AP017320/PROKKA_AP017320:sccmec_saures_AP017320_l52468_17 (length 70)
PROKKA_AP017320/PROKKA_AP017320:sccmec_saures_AP017320_l52468_18 (length 369)
PROKKA_AP017320/PROKKA_AP017320:sccmec_saures_AP017320_l52468_19 (length 101)
PROKKA_AP017320/PROKKA_AP017320:sccmec_saures_AP017320_l52468_20 (length 312)
PROKKA_AP017320/PROKKA_AP017320:sccmec_saures_AP017320_l52468_21 (length 354)
PROKKA_AP017320/PROKKA_AP017320:sccmec_saures_AP017320_l52468_22 (length 86)
PROKKA_AP017320/PROKKA_AP017320:sccmec_saures_AP017320_l52468_23 (length 209)
PROKKA_AP017320/PROKKA_AP017320:sccmec_saures_AP017320_l52468_24 (length 220)
PROKKA_AP017320/PROKKA_AP017320:sccmec_saures_AP017320_l52468_25 (length 243)
PROKKA_AP017320/PROKKA_AP017320:sccmec_saures_AP017320_l52468_26 (length 260)
PROKKA_AP017320/PROKKA_AP017320:sccmec_saures_AP017320_l52468_27 (length 125)
PROKKA_AP017320/PROKKA_AP017320:sccmec_saures_AP017320_l52468_28 (length 630)
PROKKA_AP017320/PROKKA_AP017320:sccmec_saures_AP017320_l52468_29 (length 361)
PROKKA_AP017320/PROKKA_AP017320:sccmec_saures_AP017320_l52468_30 (length 105)
PROKKA_AP017320/PROKKA_AP017320:sccmec_saures_AP017320_l52468_31 (length 168)
PROKKA_AP017320/PROKKA_AP017320:sccmec_saures_AP017320_l52468_32 (length 103)
PROKKA_AP017320/PROKKA_AP017320:sccmec_saures_AP017320_l52468_33 (length 116)
PROKKA_AP017320/PROKKA_AP017320:sccmec_saures_AP017320_l52468_34 (length 542)
PROKKA_AP017320/PROKKA_AP017320:sccmec_saures_AP017320_l52468_35 (length 455)
PROKKA_AP017320/PROKKA_AP017320:sccmec_saures_AP017320_l52468_36 (length 597)
PROKKA_AP017320/PROKKA_AP017320:sccmec_saures_AP017320_l52468_37 (length 98)
PROKKA_AP017320/PROKKA_AP017320:sccmec_saures_AP017320_l52468_38 (length 348)
PROKKA_AP017320/PROKKA_AP017320:sccmec_saures_AP017320_l52468_39 (length 140)
PROKKA_AP017320/PROKKA_AP017320:sccmec_saures_AP017320_l52468_40 (length 117)
PROKKA_AP017320/PROKKA_AP017320:sccmec_saures_AP017320_l52468_41 (length 104)
PROKKA_AP017320/PROKKA_AP017320:sccmec_saures_AP017320_l52468_42 (length 300)
PROKKA_AP017320/PROKKA_AP017320:sccmec_saures_AP017320_l52468_43 (length 231)
PROKKA_AP017320/PROKKA_AP017320:sccmec_saures_AP017320_l52468_44 (length 906)
PROKKA_AP017320/PROKKA_AP017320:sccmec_saures_AP017320_l52468_45 (length 47)
PROKKA_AP017320/PROKKA_AP017320:sccmec_saures_AP017320_l52468_46 (length 558)
PROKKA_AP017320/PROKKA_AP017320:sccmec_saures_AP017320_l52468_47 (length 673)
PROKKA_AP017320/PROKKA_AP017320:sccmec_saures_AP017320_l52468_48 (length 185)
PROKKA_AP017320/PROKKA_AP017320:sccmec_saures_AP017320_l52468_49 (length 289)
PROKKA_AP017320/PROKKA_AP017320:sccmec_saures_AP017320_l52468_50 (length 298)
PROKKA_AP017320/PROKKA_AP017320:sccmec_saures_AP017320_l52468_51 (length 124)
PROKKA_AP017320/PROKKA_AP017320:sccmec_saures_AP017320_l52468_52 (length 95)
PROKKA_AP017320/PROKKA_AP017320:sccmec_saures_AP017320_l52468_53 (length 208)
PROKKA_AP017320/PROKKA_AP017320:sccmec_saures_AP017320_l52468_54 (length 502)

DiscRep_ALL:DISC_SOURCE_QUALS_ASNDISC::strain (all present, all unique)
DiscRep_SUB:DISC_SOURCE_QUALS_ASNDISC::1 sources have unique values for strain
DiscRep_ALL:DISC_SOURCE_QUALS_ASNDISC::taxname (all present, all unique)
DiscRep_SUB:DISC_SOURCE_QUALS_ASNDISC::1 sources have unique values for taxname
DiscRep_ALL:DISC_FEATURE_COUNT::gene: 54 present
DiscRep_ALL:DISC_FEATURE_COUNT::CDS: 54 present
DiscRep_ALL:DISC_FEATURE_COUNT::mRNA: 54 present
DiscRep_ALL:DISC_COUNT_NUCLEOTIDES::1 nucleotide Bioseqs are present
PROKKA_AP017320/PROKKA_AP017320:sccmec_saures_AP017320_l52468 (length 52468)

DiscRep_ALL:OVERLAPPING_GENES::10 genes overlap another gene on the same strand.
PROKKA_AP017320/PROKKA_AP017320:Gene	mecR1	sccmec_saures_AP017320_l52468:12551-14206	AP017320_SCCmec_00015
PROKKA_AP017320/PROKKA_AP017320:Gene	mecI	sccmec_saures_AP017320_l52468:14206-14577	AP017320_SCCmec_00016
PROKKA_AP017320/PROKKA_AP017320:Gene	xerC_1	sccmec_saures_AP017320_l52468:c25380-23488	AP017320_SCCmec_00028
PROKKA_AP017320/PROKKA_AP017320:Gene	xerC_2	sccmec_saures_AP017320_l52468:c26462-25377	AP017320_SCCmec_00029
PROKKA_AP017320/PROKKA_AP017320:Gene	AP017320_SCCmec_00036	sccmec_saures_AP017320_l52468:c33735-31942	AP017320_SCCmec_00036
PROKKA_AP017320/PROKKA_AP017320:Gene	AP017320_SCCmec_00037	sccmec_saures_AP017320_l52468:c34031-33735	AP017320_SCCmec_00037
PROKKA_AP017320/PROKKA_AP017320:Gene	AP017320_SCCmec_00040	sccmec_saures_AP017320_l52468:c36363-36010	AP017320_SCCmec_00040
PROKKA_AP017320/PROKKA_AP017320:Gene	AP017320_SCCmec_00041	sccmec_saures_AP017320_l52468:c36662-36348	AP017320_SCCmec_00041
PROKKA_AP017320/PROKKA_AP017320:Gene	kdpE	sccmec_saures_AP017320_l52468:c39516-38821	AP017320_SCCmec_00043
PROKKA_AP017320/PROKKA_AP017320:Gene	kdpD	sccmec_saures_AP017320_l52468:c42211-39491	AP017320_SCCmec_00044

DiscRep_ALL:OVERLAPPING_CDS::2 coding regions overlap another coding region with a similar or identical name.
DiscRep_SUB:OVERLAPPING_CDS::2 coding regions overlap another coding region with a similar or identical name that do not have the appropriate note text
PROKKA_AP017320/PROKKA_AP017320:CDS	Tyrosine recombinase XerC	sccmec_saures_AP017320_l52468:c25380-23488	AP017320_SCCmec_00028
PROKKA_AP017320/PROKKA_AP017320:CDS	Tyrosine recombinase XerC	sccmec_saures_AP017320_l52468:c26462-25377	AP017320_SCCmec_00029

DiscRep_ALL:DISC_QUALITY_SCORES::Quality scores are missing on all sequences.

DiscRep_ALL:ONCALLER_COMMENT_PRESENT::1 comment descriptors were found (all same)
PROKKA_AP017320/PROKKA_AP017320:sccmec_saures_AP017320_l52468:Annotated using prokka 1.12 from https://github.com/tseemann/prokka

DiscRep_ALL:SHORT_PROT_SEQUENCES::2 protein sequences are shorter than 50 aa.
PROKKA_AP017320/PROKKA_AP017320:sccmec_saures_AP017320_l52468_7 (length 29)
PROKKA_AP017320/PROKKA_AP017320:sccmec_saures_AP017320_l52468_45 (length 47)

DiscRep_ALL:MISSING_GENOMEASSEMBLY_COMMENTS::1 bioseqs are missing GenomeAssembly structured comments
PROKKA_AP017320/PROKKA_AP017320:sccmec_saures_AP017320_l52468 (length 52468)

DiscRep_ALL:MOLTYPE_NOT_MRNA::1 molecule types are not set as mRNA.
PROKKA_AP017320/PROKKA_AP017320:sccmec_saures_AP017320_l52468 (length 52468)

DiscRep_ALL:TECHNIQUE_NOT_TSA::1 technique are not set as TSA
PROKKA_AP017320/PROKKA_AP017320:sccmec_saures_AP017320_l52468 (length 52468)

DiscRep_ALL:MISSING_STRUCTURED_COMMENT::1 sequences do not include structured comments.
PROKKA_AP017320/PROKKA_AP017320:sccmec_saures_AP017320_l52468 (length 52468)

DiscRep_ALL:MISSING_PROJECT::55 sequences do not include project.
PROKKA_AP017320/PROKKA_AP017320:sccmec_saures_AP017320_l52468 (length 52468)
PROKKA_AP017320/PROKKA_AP017320:sccmec_saures_AP017320_l52468_1 (length 159)
PROKKA_AP017320/PROKKA_AP017320:sccmec_saures_AP017320_l52468_2 (length 431)
PROKKA_AP017320/PROKKA_AP017320:sccmec_saures_AP017320_l52468_3 (length 79)
PROKKA_AP017320/PROKKA_AP017320:sccmec_saures_AP017320_l52468_4 (length 224)
PROKKA_AP017320/PROKKA_AP017320:sccmec_saures_AP017320_l52468_5 (length 65)
PROKKA_AP017320/PROKKA_AP017320:sccmec_saures_AP017320_l52468_6 (length 264)
PROKKA_AP017320/PROKKA_AP017320:sccmec_saures_AP017320_l52468_7 (length 29)
PROKKA_AP017320/PROKKA_AP017320:sccmec_saures_AP017320_l52468_8 (length 420)
PROKKA_AP017320/PROKKA_AP017320:sccmec_saures_AP017320_l52468_9 (length 132)
PROKKA_AP017320/PROKKA_AP017320:sccmec_saures_AP017320_l52468_10 (length 256)
PROKKA_AP017320/PROKKA_AP017320:sccmec_saures_AP017320_l52468_11 (length 224)
PROKKA_AP017320/PROKKA_AP017320:sccmec_saures_AP017320_l52468_12 (length 247)
PROKKA_AP017320/PROKKA_AP017320:sccmec_saures_AP017320_l52468_13 (length 142)
PROKKA_AP017320/PROKKA_AP017320:sccmec_saures_AP017320_l52468_14 (length 668)
PROKKA_AP017320/PROKKA_AP017320:sccmec_saures_AP017320_l52468_15 (length 551)
PROKKA_AP017320/PROKKA_AP017320:sccmec_saures_AP017320_l52468_16 (length 123)
PROKKA_AP017320/PROKKA_AP017320:sccmec_saures_AP017320_l52468_17 (length 70)
PROKKA_AP017320/PROKKA_AP017320:sccmec_saures_AP017320_l52468_18 (length 369)
PROKKA_AP017320/PROKKA_AP017320:sccmec_saures_AP017320_l52468_19 (length 101)
PROKKA_AP017320/PROKKA_AP017320:sccmec_saures_AP017320_l52468_20 (length 312)
PROKKA_AP017320/PROKKA_AP017320:sccmec_saures_AP017320_l52468_21 (length 354)
PROKKA_AP017320/PROKKA_AP017320:sccmec_saures_AP017320_l52468_22 (length 86)
PROKKA_AP017320/PROKKA_AP017320:sccmec_saures_AP017320_l52468_23 (length 209)
PROKKA_AP017320/PROKKA_AP017320:sccmec_saures_AP017320_l52468_24 (length 220)
PROKKA_AP017320/PROKKA_AP017320:sccmec_saures_AP017320_l52468_25 (length 243)
PROKKA_AP017320/PROKKA_AP017320:sccmec_saures_AP017320_l52468_26 (length 260)
PROKKA_AP017320/PROKKA_AP017320:sccmec_saures_AP017320_l52468_27 (length 125)
PROKKA_AP017320/PROKKA_AP017320:sccmec_saures_AP017320_l52468_28 (length 630)
PROKKA_AP017320/PROKKA_AP017320:sccmec_saures_AP017320_l52468_29 (length 361)
PROKKA_AP017320/PROKKA_AP017320:sccmec_saures_AP017320_l52468_30 (length 105)
PROKKA_AP017320/PROKKA_AP017320:sccmec_saures_AP017320_l52468_31 (length 168)
PROKKA_AP017320/PROKKA_AP017320:sccmec_saures_AP017320_l52468_32 (length 103)
PROKKA_AP017320/PROKKA_AP017320:sccmec_saures_AP017320_l52468_33 (length 116)
PROKKA_AP017320/PROKKA_AP017320:sccmec_saures_AP017320_l52468_34 (length 542)
PROKKA_AP017320/PROKKA_AP017320:sccmec_saures_AP017320_l52468_35 (length 455)
PROKKA_AP017320/PROKKA_AP017320:sccmec_saures_AP017320_l52468_36 (length 597)
PROKKA_AP017320/PROKKA_AP017320:sccmec_saures_AP017320_l52468_37 (length 98)
PROKKA_AP017320/PROKKA_AP017320:sccmec_saures_AP017320_l52468_38 (length 348)
PROKKA_AP017320/PROKKA_AP017320:sccmec_saures_AP017320_l52468_39 (length 140)
PROKKA_AP017320/PROKKA_AP017320:sccmec_saures_AP017320_l52468_40 (length 117)
PROKKA_AP017320/PROKKA_AP017320:sccmec_saures_AP017320_l52468_41 (length 104)
PROKKA_AP017320/PROKKA_AP017320:sccmec_saures_AP017320_l52468_42 (length 300)
PROKKA_AP017320/PROKKA_AP017320:sccmec_saures_AP017320_l52468_43 (length 231)
PROKKA_AP017320/PROKKA_AP017320:sccmec_saures_AP017320_l52468_44 (length 906)
PROKKA_AP017320/PROKKA_AP017320:sccmec_saures_AP017320_l52468_45 (length 47)
PROKKA_AP017320/PROKKA_AP017320:sccmec_saures_AP017320_l52468_46 (length 558)
PROKKA_AP017320/PROKKA_AP017320:sccmec_saures_AP017320_l52468_47 (length 673)
PROKKA_AP017320/PROKKA_AP017320:sccmec_saures_AP017320_l52468_48 (length 185)
PROKKA_AP017320/PROKKA_AP017320:sccmec_saures_AP017320_l52468_49 (length 289)
PROKKA_AP017320/PROKKA_AP017320:sccmec_saures_AP017320_l52468_50 (length 298)
PROKKA_AP017320/PROKKA_AP017320:sccmec_saures_AP017320_l52468_51 (length 124)
PROKKA_AP017320/PROKKA_AP017320:sccmec_saures_AP017320_l52468_52 (length 95)
PROKKA_AP017320/PROKKA_AP017320:sccmec_saures_AP017320_l52468_53 (length 208)
PROKKA_AP017320/PROKKA_AP017320:sccmec_saures_AP017320_l52468_54 (length 502)

DiscRep_ALL:DISC_INCONSISTENT_MOLINFO_TECH::Molinfo Technique Report (some missing, all same)
DiscRep_SUB:DISC_INCONSISTENT_MOLINFO_TECH::technique (all missing)
DiscRep_SUB:DISC_INCONSISTENT_MOLINFO_TECH::1 Molinfos are missing field technique
PROKKA_AP017320/PROKKA_AP017320:sccmec_saures_AP017320_l52468 (length 52468)

