[17:04:28] This is prokka 1.12
[17:04:28] Written by Torsten Seemann <torsten.seemann@gmail.com>
[17:04:28] Homepage is https://github.com/tseemann/prokka
[17:04:28] Local time is Mon May 15 17:04:28 2017
[17:04:28] You are fsepulveda
[17:04:28] Operating system is linux
[17:04:28] You have BioPerl 1.006924
[17:04:28] System has 4 cores.
[17:04:28] Option --cpu asked for 8 cores, but system only has 4
[17:04:28] Will use maximum of 4 cores.
[17:04:28] Annotating as >>> Bacteria <<<
[17:04:28] Creating new output folder: PROKKA_AP017320
[17:04:28] Running: mkdir -p PROKKA_AP017320
[17:04:28] Using filename prefix: PROKKA_AP017320.XXX
[17:04:28] Setting HMMER_NCPU=1
[17:04:28] Writing log to: PROKKA_AP017320/PROKKA_AP017320.log
[17:04:28] Command: /home/fsepulveda/Desktop/tesis/sccmec_classification/prokka-1.12/bin/prokka --genus Staphylococcus --prefix PROKKA_AP017320 --addgenes --addmrna --locustag AP017320_SCCmec /home/fsepulveda/Documents/parte2/229_sccmec/sccmec_AP017320.fasta
[17:04:28] Appending to PATH: /home/fsepulveda/Desktop/tesis/sccmec_classification/prokka-1.12/bin/../binaries/linux
[17:04:28] Appending to PATH: /home/fsepulveda/Desktop/tesis/sccmec_classification/prokka-1.12/bin/../binaries/linux/../common
[17:04:28] Appending to PATH: /home/fsepulveda/Desktop/tesis/sccmec_classification/prokka-1.12/bin
[17:04:28] Looking for 'aragorn' - found /home/fsepulveda/Desktop/tesis/sccmec_classification/prokka-1.12/bin/../binaries/linux/aragorn
[17:04:28] Determined aragorn version is 1.2
[17:04:28] Looking for 'blastp' - found /usr/bin/blastp
[17:04:28] Determined blastp version is 2.2
[17:04:28] Looking for 'cmpress' - found /usr/bin/cmpress
[17:04:28] Determined cmpress version is 1.1
[17:04:28] Looking for 'cmscan' - found /usr/bin/cmscan
[17:04:28] Determined cmscan version is 1.1
[17:04:28] Looking for 'egrep' - found /bin/egrep
[17:04:28] Looking for 'find' - found /usr/bin/find
[17:04:28] Looking for 'grep' - found /bin/grep
[17:04:28] Looking for 'hmmpress' - found /usr/bin/hmmpress
[17:04:28] Determined hmmpress version is 3.1
[17:04:28] Looking for 'hmmscan' - found /usr/bin/hmmscan
[17:04:28] Determined hmmscan version is 3.1
[17:04:28] Looking for 'java' - found /usr/bin/java
[17:04:28] Looking for 'less' - found /usr/bin/less
[17:04:28] Looking for 'makeblastdb' - found /usr/bin/makeblastdb
[17:04:28] Determined makeblastdb version is 2.2
[17:04:28] Looking for 'minced' - found /home/fsepulveda/Desktop/tesis/sccmec_classification/prokka-1.12/bin/../binaries/linux/../common/minced
[17:04:28] Determined minced version is 2.0
[17:04:28] Looking for 'parallel' - found /home/fsepulveda/Desktop/tesis/sccmec_classification/prokka-1.12/bin/../binaries/linux/../common/parallel
[17:04:29] Determined parallel version is 20150122
[17:04:29] Looking for 'prodigal' - found /home/fsepulveda/Desktop/tesis/sccmec_classification/prokka-1.12/bin/../binaries/linux/prodigal
[17:04:29] Determined prodigal version is 2.6
[17:04:29] Looking for 'prokka-genbank_to_fasta_db' - found /home/fsepulveda/Desktop/tesis/sccmec_classification/prokka-1.12/bin/prokka-genbank_to_fasta_db
[17:04:29] Looking for 'sed' - found /bin/sed
[17:04:29] Looking for 'tbl2asn' - found /home/fsepulveda/Desktop/tesis/sccmec_classification/prokka-1.12/bin/../binaries/linux/tbl2asn
[17:04:29] Determined tbl2asn version is 25.3
[17:04:29] Using genetic code table 11.
[17:04:29] Loading and checking input file: /home/fsepulveda/Documents/parte2/229_sccmec/sccmec_AP017320.fasta
[17:04:29] Wrote 1 contigs totalling 52468 bp.
[17:04:29] Predicting tRNAs and tmRNAs
[17:04:29] Running: aragorn -l -gc11  -w PROKKA_AP017320\/PROKKA_AP017320\.fna
[17:04:29] Found 0 tRNAs
[17:04:29] Predicting Ribosomal RNAs
[17:04:29] You need either Barrnap or RNAmmer installed to predict rRNAs!
[17:04:29] Skipping ncRNA search, enable with --rfam if desired.
[17:04:29] Total of 0 tRNA + rRNA features
[17:04:29] Searching for CRISPR repeats
[17:04:29] Found 0 CRISPRs
[17:04:29] Predicting coding sequences
[17:04:29] Contigs total 52468 bp, so using meta mode
[17:04:29] Running: prodigal -i PROKKA_AP017320\/PROKKA_AP017320\.fna -c -m -g 11 -p meta -f sco -q
[17:04:29] Found 54 CDS
[17:04:29] Connecting features back to sequences
[17:04:29] Not using genus-specific database. Try --usegenus to enable it.
[17:04:29] Annotating CDS, please be patient.
[17:04:29] Will use 4 CPUs for similarity searching.
[17:04:29] There are still 54 unannotated CDS left (started with 54)
[17:04:29] Will use blast to search against /home/fsepulveda/Desktop/tesis/sccmec_classification/prokka-1.12/bin/../db/kingdom/Bacteria/sprot with 4 CPUs
[17:04:29] Running: cat PROKKA_AP017320\/sprot\.faa | parallel --gnu --plain -j 4 --block 1865 --recstart '>' --pipe blastp -query - -db /home/fsepulveda/Desktop/tesis/sccmec_classification/prokka-1.12/bin/../db/kingdom/Bacteria/sprot -evalue 1e-06 -num_threads 1 -num_descriptions 1 -num_alignments 1 -seg no > PROKKA_AP017320\/sprot\.blast 2> /dev/null
[17:04:31] Modify product: Uncharacterized methyltransferase YcgJ => putative methyltransferase YcgJ
[17:04:31] Cleaned 1 /product names
[17:04:31] Deleting unwanted file: PROKKA_AP017320/sprot.faa
[17:04:31] Deleting unwanted file: PROKKA_AP017320/sprot.blast
[17:04:31] There are still 27 unannotated CDS left (started with 54)
[17:04:31] Will use hmmer3 to search against /home/fsepulveda/Desktop/tesis/sccmec_classification/prokka-1.12/bin/../db/hmm/HAMAP.hmm with 4 CPUs
[17:04:31] Running: cat PROKKA_AP017320\/HAMAP\.hmm\.faa | parallel --gnu --plain -j 4 --block 637 --recstart '>' --pipe hmmscan --noali --notextw --acc -E 1e-06 --cpu 1 /home/fsepulveda/Desktop/tesis/sccmec_classification/prokka-1.12/bin/../db/hmm/HAMAP.hmm /dev/stdin > PROKKA_AP017320\/HAMAP\.hmm\.hmmer3 2> /dev/null
[17:04:31] Deleting unwanted file: PROKKA_AP017320/HAMAP.hmm.faa
[17:04:31] Deleting unwanted file: PROKKA_AP017320/HAMAP.hmm.hmmer3
[17:04:31] Labelling remaining 27 proteins as 'hypothetical protein'
[17:04:31] Possible /pseudo 'Tyrosine recombinase XerC' at sccmec_saures_AP017320_l52468 position 25377
[17:04:31] Possible /pseudo 'DNA-invertase hin' at sccmec_saures_AP017320_l52468 position 30359
[17:04:31] Found 24 unique /gene codes.
[17:04:31] Fixed 2 duplicate /gene - hin_1 hin_2
[17:04:31] Fixed 2 duplicate /gene - pspE_1 pspE_2
[17:04:31] Fixed 2 duplicate /gene - xerC_1 xerC_2
[17:04:31] Fixed 3 colliding /gene names.
[17:04:31] Adding /locus_tag identifiers
[17:04:31] Assigned 54 locus_tags to CDS and RNA features.
[17:04:31] Writing outputs to PROKKA_AP017320/
[17:04:32] Generating annotation statistics file
[17:04:32] Generating Genbank and Sequin files
[17:04:32] Running: tbl2asn -V b -a r10k -l paired-ends -M n -N 1 -y 'Annotated using prokka 1.12 from https://github.com/tseemann/prokka' -Z PROKKA_AP017320\/PROKKA_AP017320\.err -i PROKKA_AP017320\/PROKKA_AP017320\.fsa 2> /dev/null
[17:04:32] Deleting unwanted file: PROKKA_AP017320/errorsummary.val
[17:04:32] Deleting unwanted file: PROKKA_AP017320/PROKKA_AP017320.dr
[17:04:32] Deleting unwanted file: PROKKA_AP017320/PROKKA_AP017320.fixedproducts
[17:04:32] Deleting unwanted file: PROKKA_AP017320/PROKKA_AP017320.ecn
[17:04:32] Deleting unwanted file: PROKKA_AP017320/PROKKA_AP017320.val
[17:04:32] Repairing broken .GBK output that tbl2asn produces...
[17:04:32] Running: sed 's/COORDINATES: profile/COORDINATES:profile/' < PROKKA_AP017320\/PROKKA_AP017320\.gbf > PROKKA_AP017320\/PROKKA_AP017320\.gbk
[17:04:32] Deleting unwanted file: PROKKA_AP017320/PROKKA_AP017320.gbf
[17:04:32] Output files:
[17:04:32] PROKKA_AP017320/PROKKA_AP017320.gbk
[17:04:32] PROKKA_AP017320/PROKKA_AP017320.fna
[17:04:32] PROKKA_AP017320/PROKKA_AP017320.ffn
[17:04:32] PROKKA_AP017320/PROKKA_AP017320.gff
[17:04:32] PROKKA_AP017320/PROKKA_AP017320.log
[17:04:32] PROKKA_AP017320/PROKKA_AP017320.err
[17:04:32] PROKKA_AP017320/PROKKA_AP017320.sqn
[17:04:32] PROKKA_AP017320/PROKKA_AP017320.tsv
[17:04:32] PROKKA_AP017320/PROKKA_AP017320.txt
[17:04:32] PROKKA_AP017320/PROKKA_AP017320.faa
[17:04:32] PROKKA_AP017320/PROKKA_AP017320.tbl
[17:04:32] PROKKA_AP017320/PROKKA_AP017320.fsa
[17:04:32] Annotation finished successfully.
[17:04:32] Walltime used: 0.07 minutes
[17:04:32] If you use this result please cite the Prokka paper:
[17:04:32] Seemann T (2014) Prokka: rapid prokaryotic genome annotation. Bioinformatics. 30(14):2068-9.
[17:04:32] Type 'prokka --citation' for more details.
[17:04:32] Thank you, come again.
