Discrepancy Report Results

Summary
FATAL: BAD_LOCUS_TAG_FORMAT:29 locus tags are incorrectly formatted.
FATAL: MISSING_PROTEIN_ID:29 proteins have invalid IDs.
DISC_SOURCE_QUALS_ASNDISC:strain (all present, all unique)
DISC_SOURCE_QUALS_ASNDISC:taxname (all present, all unique)
DISC_FEATURE_COUNT:gene: 29 present
DISC_FEATURE_COUNT:CDS: 29 present
DISC_FEATURE_COUNT:mRNA: 29 present
DISC_FEATURE_COUNT:repeat_region: 1 present
DISC_COUNT_NUCLEOTIDES:1 nucleotide Bioseqs are present
OVERLAPPING_GENES:6 genes overlap another gene on the same strand.
DISC_QUALITY_SCORES:Quality scores are missing on all sequences.
ONCALLER_COMMENT_PRESENT:1 comment descriptors were found (all same)
SHORT_PROT_SEQUENCES:1 protein sequences are shorter than 50 aa.
MISSING_GENOMEASSEMBLY_COMMENTS:1 bioseqs are missing GenomeAssembly structured comments
MOLTYPE_NOT_MRNA:1 molecule types are not set as mRNA.
TECHNIQUE_NOT_TSA:1 technique are not set as TSA
MISSING_STRUCTURED_COMMENT:1 sequences do not include structured comments.
MISSING_PROJECT:30 sequences do not include project.
DISC_INCONSISTENT_MOLINFO_TECH:Molinfo Technique Report (some missing, all same)


Detailed Report

FATAL: DiscRep_ALL:BAD_LOCUS_TAG_FORMAT::29 locus tags are incorrectly formatted.
PROKKA_NC_002951/PROKKA_NC_002951:Gene	rlmH	sccmec_saures_NC_002951_l34411:1-480	NC_002951_SCCmec_00001
PROKKA_NC_002951/PROKKA_NC_002951:Gene	NC_002951_SCCmec_00002	sccmec_saures_NC_002951_l34411:700-1956	NC_002951_SCCmec_00002
PROKKA_NC_002951/PROKKA_NC_002951:Gene	NC_002951_SCCmec_00003	sccmec_saures_NC_002951_l34411:2141-2242	NC_002951_SCCmec_00003
PROKKA_NC_002951/PROKKA_NC_002951:Gene	NC_002951_SCCmec_00004	sccmec_saures_NC_002951_l34411:2371-2610	NC_002951_SCCmec_00004
PROKKA_NC_002951/PROKKA_NC_002951:Gene	NC_002951_SCCmec_00005	sccmec_saures_NC_002951_l34411:c3316-2642	NC_002951_SCCmec_00005
PROKKA_NC_002951/PROKKA_NC_002951:Gene	NC_002951_SCCmec_00006	sccmec_saures_NC_002951_l34411:3574-3741	NC_002951_SCCmec_00006
PROKKA_NC_002951/PROKKA_NC_002951:Gene	NC_002951_SCCmec_00007	sccmec_saures_NC_002951_l34411:3839-4069	NC_002951_SCCmec_00007
PROKKA_NC_002951/PROKKA_NC_002951:Gene	ugpQ	sccmec_saures_NC_002951_l34411:4618-5361	NC_002951_SCCmec_00008
PROKKA_NC_002951/PROKKA_NC_002951:Gene	paaZ	sccmec_saures_NC_002951_l34411:5458-5886	NC_002951_SCCmec_00009
PROKKA_NC_002951/PROKKA_NC_002951:Gene	pbp	sccmec_saures_NC_002951_l34411:c7938-5932	NC_002951_SCCmec_00010
PROKKA_NC_002951/PROKKA_NC_002951:Gene	mecR1	sccmec_saures_NC_002951_l34411:8038-9024	NC_002951_SCCmec_00011
PROKKA_NC_002951/PROKKA_NC_002951:Gene	NC_002951_SCCmec_00012	sccmec_saures_NC_002951_l34411:8984-9256	NC_002951_SCCmec_00012
PROKKA_NC_002951/PROKKA_NC_002951:Gene	NC_002951_SCCmec_00013	sccmec_saures_NC_002951_l34411:c10770-9247	NC_002951_SCCmec_00013
PROKKA_NC_002951/PROKKA_NC_002951:Gene	NC_002951_SCCmec_00014	sccmec_saures_NC_002951_l34411:c11412-10906	NC_002951_SCCmec_00014
PROKKA_NC_002951/PROKKA_NC_002951:Gene	NC_002951_SCCmec_00015	sccmec_saures_NC_002951_l34411:c11738-11427	NC_002951_SCCmec_00015
PROKKA_NC_002951/PROKKA_NC_002951:Gene	NC_002951_SCCmec_00016	sccmec_saures_NC_002951_l34411:c12175-11825	NC_002951_SCCmec_00016
PROKKA_NC_002951/PROKKA_NC_002951:Gene	hin	sccmec_saures_NC_002951_l34411:c14265-13114	NC_002951_SCCmec_00017
PROKKA_NC_002951/PROKKA_NC_002951:Gene	tnpR	sccmec_saures_NC_002951_l34411:c15636-14287	NC_002951_SCCmec_00018
PROKKA_NC_002951/PROKKA_NC_002951:Gene	NC_002951_SCCmec_00019	sccmec_saures_NC_002951_l34411:c17593-15824	NC_002951_SCCmec_00019
PROKKA_NC_002951/PROKKA_NC_002951:Gene	NC_002951_SCCmec_00020	sccmec_saures_NC_002951_l34411:c17889-17593	NC_002951_SCCmec_00020
PROKKA_NC_002951/PROKKA_NC_002951:Gene	NC_002951_SCCmec_00021	sccmec_saures_NC_002951_l34411:18060-19637	NC_002951_SCCmec_00021
PROKKA_NC_002951/PROKKA_NC_002951:Gene	gloC	sccmec_saures_NC_002951_l34411:c21045-19717	NC_002951_SCCmec_00022
PROKKA_NC_002951/PROKKA_NC_002951:Gene	glpE	sccmec_saures_NC_002951_l34411:c22131-21064	NC_002951_SCCmec_00023
PROKKA_NC_002951/PROKKA_NC_002951:Gene	ricR	sccmec_saures_NC_002951_l34411:22270-22530	NC_002951_SCCmec_00024
PROKKA_NC_002951/PROKKA_NC_002951:Gene	NC_002951_SCCmec_00025	sccmec_saures_NC_002951_l34411:22527-23285	NC_002951_SCCmec_00025
PROKKA_NC_002951/PROKKA_NC_002951:Gene	NC_002951_SCCmec_00026	sccmec_saures_NC_002951_l34411:28232-29887	NC_002951_SCCmec_00026
PROKKA_NC_002951/PROKKA_NC_002951:Gene	tagE	sccmec_saures_NC_002951_l34411:c31558-30047	NC_002951_SCCmec_00027
PROKKA_NC_002951/PROKKA_NC_002951:Gene	murF_1	sccmec_saures_NC_002951_l34411:c32555-31581	NC_002951_SCCmec_00028
PROKKA_NC_002951/PROKKA_NC_002951:Gene	murF_2	sccmec_saures_NC_002951_l34411:c33633-32581	NC_002951_SCCmec_00029

FATAL: DiscRep_ALL:MISSING_PROTEIN_ID::29 proteins have invalid IDs.
PROKKA_NC_002951/PROKKA_NC_002951:sccmec_saures_NC_002951_l34411_1 (length 159)
PROKKA_NC_002951/PROKKA_NC_002951:sccmec_saures_NC_002951_l34411_2 (length 418)
PROKKA_NC_002951/PROKKA_NC_002951:sccmec_saures_NC_002951_l34411_3 (length 33)
PROKKA_NC_002951/PROKKA_NC_002951:sccmec_saures_NC_002951_l34411_4 (length 79)
PROKKA_NC_002951/PROKKA_NC_002951:sccmec_saures_NC_002951_l34411_5 (length 224)
PROKKA_NC_002951/PROKKA_NC_002951:sccmec_saures_NC_002951_l34411_6 (length 55)
PROKKA_NC_002951/PROKKA_NC_002951:sccmec_saures_NC_002951_l34411_7 (length 76)
PROKKA_NC_002951/PROKKA_NC_002951:sccmec_saures_NC_002951_l34411_8 (length 247)
PROKKA_NC_002951/PROKKA_NC_002951:sccmec_saures_NC_002951_l34411_9 (length 142)
PROKKA_NC_002951/PROKKA_NC_002951:sccmec_saures_NC_002951_l34411_10 (length 668)
PROKKA_NC_002951/PROKKA_NC_002951:sccmec_saures_NC_002951_l34411_11 (length 328)
PROKKA_NC_002951/PROKKA_NC_002951:sccmec_saures_NC_002951_l34411_12 (length 90)
PROKKA_NC_002951/PROKKA_NC_002951:sccmec_saures_NC_002951_l34411_13 (length 507)
PROKKA_NC_002951/PROKKA_NC_002951:sccmec_saures_NC_002951_l34411_14 (length 168)
PROKKA_NC_002951/PROKKA_NC_002951:sccmec_saures_NC_002951_l34411_15 (length 103)
PROKKA_NC_002951/PROKKA_NC_002951:sccmec_saures_NC_002951_l34411_16 (length 116)
PROKKA_NC_002951/PROKKA_NC_002951:sccmec_saures_NC_002951_l34411_17 (length 383)
PROKKA_NC_002951/PROKKA_NC_002951:sccmec_saures_NC_002951_l34411_18 (length 449)
PROKKA_NC_002951/PROKKA_NC_002951:sccmec_saures_NC_002951_l34411_19 (length 589)
PROKKA_NC_002951/PROKKA_NC_002951:sccmec_saures_NC_002951_l34411_20 (length 98)
PROKKA_NC_002951/PROKKA_NC_002951:sccmec_saures_NC_002951_l34411_21 (length 525)
PROKKA_NC_002951/PROKKA_NC_002951:sccmec_saures_NC_002951_l34411_22 (length 442)
PROKKA_NC_002951/PROKKA_NC_002951:sccmec_saures_NC_002951_l34411_23 (length 355)
PROKKA_NC_002951/PROKKA_NC_002951:sccmec_saures_NC_002951_l34411_24 (length 86)
PROKKA_NC_002951/PROKKA_NC_002951:sccmec_saures_NC_002951_l34411_25 (length 252)
PROKKA_NC_002951/PROKKA_NC_002951:sccmec_saures_NC_002951_l34411_26 (length 551)
PROKKA_NC_002951/PROKKA_NC_002951:sccmec_saures_NC_002951_l34411_27 (length 503)
PROKKA_NC_002951/PROKKA_NC_002951:sccmec_saures_NC_002951_l34411_28 (length 324)
PROKKA_NC_002951/PROKKA_NC_002951:sccmec_saures_NC_002951_l34411_29 (length 350)

DiscRep_ALL:DISC_SOURCE_QUALS_ASNDISC::strain (all present, all unique)
DiscRep_SUB:DISC_SOURCE_QUALS_ASNDISC::1 sources have unique values for strain
DiscRep_ALL:DISC_SOURCE_QUALS_ASNDISC::taxname (all present, all unique)
DiscRep_SUB:DISC_SOURCE_QUALS_ASNDISC::1 sources have unique values for taxname
DiscRep_ALL:DISC_FEATURE_COUNT::gene: 29 present
DiscRep_ALL:DISC_FEATURE_COUNT::CDS: 29 present
DiscRep_ALL:DISC_FEATURE_COUNT::mRNA: 29 present
DiscRep_ALL:DISC_FEATURE_COUNT::repeat_region: 1 present
DiscRep_ALL:DISC_COUNT_NUCLEOTIDES::1 nucleotide Bioseqs are present
PROKKA_NC_002951/PROKKA_NC_002951:sccmec_saures_NC_002951_l34411 (length 34411)

DiscRep_ALL:OVERLAPPING_GENES::6 genes overlap another gene on the same strand.
PROKKA_NC_002951/PROKKA_NC_002951:Gene	mecR1	sccmec_saures_NC_002951_l34411:8038-9024	NC_002951_SCCmec_00011
PROKKA_NC_002951/PROKKA_NC_002951:Gene	NC_002951_SCCmec_00012	sccmec_saures_NC_002951_l34411:8984-9256	NC_002951_SCCmec_00012
PROKKA_NC_002951/PROKKA_NC_002951:Gene	NC_002951_SCCmec_00019	sccmec_saures_NC_002951_l34411:c17593-15824	NC_002951_SCCmec_00019
PROKKA_NC_002951/PROKKA_NC_002951:Gene	NC_002951_SCCmec_00020	sccmec_saures_NC_002951_l34411:c17889-17593	NC_002951_SCCmec_00020
PROKKA_NC_002951/PROKKA_NC_002951:Gene	ricR	sccmec_saures_NC_002951_l34411:22270-22530	NC_002951_SCCmec_00024
PROKKA_NC_002951/PROKKA_NC_002951:Gene	NC_002951_SCCmec_00025	sccmec_saures_NC_002951_l34411:22527-23285	NC_002951_SCCmec_00025

DiscRep_ALL:DISC_QUALITY_SCORES::Quality scores are missing on all sequences.

DiscRep_ALL:ONCALLER_COMMENT_PRESENT::1 comment descriptors were found (all same)
PROKKA_NC_002951/PROKKA_NC_002951:sccmec_saures_NC_002951_l34411:Annotated using prokka 1.12 from https://github.com/tseemann/prokka

DiscRep_ALL:SHORT_PROT_SEQUENCES::1 protein sequences are shorter than 50 aa.
PROKKA_NC_002951/PROKKA_NC_002951:sccmec_saures_NC_002951_l34411_3 (length 33)

DiscRep_ALL:MISSING_GENOMEASSEMBLY_COMMENTS::1 bioseqs are missing GenomeAssembly structured comments
PROKKA_NC_002951/PROKKA_NC_002951:sccmec_saures_NC_002951_l34411 (length 34411)

DiscRep_ALL:MOLTYPE_NOT_MRNA::1 molecule types are not set as mRNA.
PROKKA_NC_002951/PROKKA_NC_002951:sccmec_saures_NC_002951_l34411 (length 34411)

DiscRep_ALL:TECHNIQUE_NOT_TSA::1 technique are not set as TSA
PROKKA_NC_002951/PROKKA_NC_002951:sccmec_saures_NC_002951_l34411 (length 34411)

DiscRep_ALL:MISSING_STRUCTURED_COMMENT::1 sequences do not include structured comments.
PROKKA_NC_002951/PROKKA_NC_002951:sccmec_saures_NC_002951_l34411 (length 34411)

DiscRep_ALL:MISSING_PROJECT::30 sequences do not include project.
PROKKA_NC_002951/PROKKA_NC_002951:sccmec_saures_NC_002951_l34411 (length 34411)
PROKKA_NC_002951/PROKKA_NC_002951:sccmec_saures_NC_002951_l34411_1 (length 159)
PROKKA_NC_002951/PROKKA_NC_002951:sccmec_saures_NC_002951_l34411_2 (length 418)
PROKKA_NC_002951/PROKKA_NC_002951:sccmec_saures_NC_002951_l34411_3 (length 33)
PROKKA_NC_002951/PROKKA_NC_002951:sccmec_saures_NC_002951_l34411_4 (length 79)
PROKKA_NC_002951/PROKKA_NC_002951:sccmec_saures_NC_002951_l34411_5 (length 224)
PROKKA_NC_002951/PROKKA_NC_002951:sccmec_saures_NC_002951_l34411_6 (length 55)
PROKKA_NC_002951/PROKKA_NC_002951:sccmec_saures_NC_002951_l34411_7 (length 76)
PROKKA_NC_002951/PROKKA_NC_002951:sccmec_saures_NC_002951_l34411_8 (length 247)
PROKKA_NC_002951/PROKKA_NC_002951:sccmec_saures_NC_002951_l34411_9 (length 142)
PROKKA_NC_002951/PROKKA_NC_002951:sccmec_saures_NC_002951_l34411_10 (length 668)
PROKKA_NC_002951/PROKKA_NC_002951:sccmec_saures_NC_002951_l34411_11 (length 328)
PROKKA_NC_002951/PROKKA_NC_002951:sccmec_saures_NC_002951_l34411_12 (length 90)
PROKKA_NC_002951/PROKKA_NC_002951:sccmec_saures_NC_002951_l34411_13 (length 507)
PROKKA_NC_002951/PROKKA_NC_002951:sccmec_saures_NC_002951_l34411_14 (length 168)
PROKKA_NC_002951/PROKKA_NC_002951:sccmec_saures_NC_002951_l34411_15 (length 103)
PROKKA_NC_002951/PROKKA_NC_002951:sccmec_saures_NC_002951_l34411_16 (length 116)
PROKKA_NC_002951/PROKKA_NC_002951:sccmec_saures_NC_002951_l34411_17 (length 383)
PROKKA_NC_002951/PROKKA_NC_002951:sccmec_saures_NC_002951_l34411_18 (length 449)
PROKKA_NC_002951/PROKKA_NC_002951:sccmec_saures_NC_002951_l34411_19 (length 589)
PROKKA_NC_002951/PROKKA_NC_002951:sccmec_saures_NC_002951_l34411_20 (length 98)
PROKKA_NC_002951/PROKKA_NC_002951:sccmec_saures_NC_002951_l34411_21 (length 525)
PROKKA_NC_002951/PROKKA_NC_002951:sccmec_saures_NC_002951_l34411_22 (length 442)
PROKKA_NC_002951/PROKKA_NC_002951:sccmec_saures_NC_002951_l34411_23 (length 355)
PROKKA_NC_002951/PROKKA_NC_002951:sccmec_saures_NC_002951_l34411_24 (length 86)
PROKKA_NC_002951/PROKKA_NC_002951:sccmec_saures_NC_002951_l34411_25 (length 252)
PROKKA_NC_002951/PROKKA_NC_002951:sccmec_saures_NC_002951_l34411_26 (length 551)
PROKKA_NC_002951/PROKKA_NC_002951:sccmec_saures_NC_002951_l34411_27 (length 503)
PROKKA_NC_002951/PROKKA_NC_002951:sccmec_saures_NC_002951_l34411_28 (length 324)
PROKKA_NC_002951/PROKKA_NC_002951:sccmec_saures_NC_002951_l34411_29 (length 350)

DiscRep_ALL:DISC_INCONSISTENT_MOLINFO_TECH::Molinfo Technique Report (some missing, all same)
DiscRep_SUB:DISC_INCONSISTENT_MOLINFO_TECH::technique (all missing)
DiscRep_SUB:DISC_INCONSISTENT_MOLINFO_TECH::1 Molinfos are missing field technique
PROKKA_NC_002951/PROKKA_NC_002951:sccmec_saures_NC_002951_l34411 (length 34411)

