Discrepancy Report Results

Summary
FATAL: BAD_LOCUS_TAG_FORMAT:24 locus tags are incorrectly formatted.
FATAL: MISSING_PROTEIN_ID:24 proteins have invalid IDs.
DISC_SOURCE_QUALS_ASNDISC:strain (all present, all unique)
DISC_SOURCE_QUALS_ASNDISC:taxname (all present, all unique)
DISC_FEATURE_COUNT:gene: 24 present
DISC_FEATURE_COUNT:CDS: 24 present
DISC_FEATURE_COUNT:mRNA: 24 present
DISC_COUNT_NUCLEOTIDES:1 nucleotide Bioseqs are present
OVERLAPPING_GENES:8 genes overlap another gene on the same strand.
DISC_QUALITY_SCORES:Quality scores are missing on all sequences.
ONCALLER_COMMENT_PRESENT:1 comment descriptors were found (all same)
MISSING_GENOMEASSEMBLY_COMMENTS:1 bioseqs are missing GenomeAssembly structured comments
MOLTYPE_NOT_MRNA:1 molecule types are not set as mRNA.
TECHNIQUE_NOT_TSA:1 technique are not set as TSA
MISSING_STRUCTURED_COMMENT:1 sequences do not include structured comments.
MISSING_PROJECT:25 sequences do not include project.
DISC_INCONSISTENT_MOLINFO_TECH:Molinfo Technique Report (some missing, all same)


Detailed Report

FATAL: DiscRep_ALL:BAD_LOCUS_TAG_FORMAT::24 locus tags are incorrectly formatted.
PROKKA_NC_022443/PROKKA_NC_022443:Gene	rlmH	sccmec_saures_NC_022443_l23176:1-480	NC_022443_SCCmec_00001
PROKKA_NC_022443/PROKKA_NC_022443:Gene	NC_022443_SCCmec_00002	sccmec_saures_NC_022443_l23176:763-2058	NC_022443_SCCmec_00002
PROKKA_NC_022443/PROKKA_NC_022443:Gene	NC_022443_SCCmec_00003	sccmec_saures_NC_022443_l23176:2473-2712	NC_022443_SCCmec_00003
PROKKA_NC_022443/PROKKA_NC_022443:Gene	NC_022443_SCCmec_00004	sccmec_saures_NC_022443_l23176:c3418-2744	NC_022443_SCCmec_00004
PROKKA_NC_022443/PROKKA_NC_022443:Gene	NC_022443_SCCmec_00005	sccmec_saures_NC_022443_l23176:3676-3843	NC_022443_SCCmec_00005
PROKKA_NC_022443/PROKKA_NC_022443:Gene	NC_022443_SCCmec_00006	sccmec_saures_NC_022443_l23176:3941-4171	NC_022443_SCCmec_00006
PROKKA_NC_022443/PROKKA_NC_022443:Gene	ugpQ	sccmec_saures_NC_022443_l23176:4680-5423	NC_022443_SCCmec_00007
PROKKA_NC_022443/PROKKA_NC_022443:Gene	paaZ	sccmec_saures_NC_022443_l23176:5520-5948	NC_022443_SCCmec_00008
PROKKA_NC_022443/PROKKA_NC_022443:Gene	pbp	sccmec_saures_NC_022443_l23176:c8000-5994	NC_022443_SCCmec_00009
PROKKA_NC_022443/PROKKA_NC_022443:Gene	mecR1	sccmec_saures_NC_022443_l23176:8202-9086	NC_022443_SCCmec_00010
PROKKA_NC_022443/PROKKA_NC_022443:Gene	NC_022443_SCCmec_00011	sccmec_saures_NC_022443_l23176:9046-9318	NC_022443_SCCmec_00011
PROKKA_NC_022443/PROKKA_NC_022443:Gene	NC_022443_SCCmec_00012	sccmec_saures_NC_022443_l23176:c10829-9309	NC_022443_SCCmec_00012
PROKKA_NC_022443/PROKKA_NC_022443:Gene	NC_022443_SCCmec_00013	sccmec_saures_NC_022443_l23176:c11477-10968	NC_022443_SCCmec_00013
PROKKA_NC_022443/PROKKA_NC_022443:Gene	NC_022443_SCCmec_00014	sccmec_saures_NC_022443_l23176:c11800-11489	NC_022443_SCCmec_00014
PROKKA_NC_022443/PROKKA_NC_022443:Gene	NC_022443_SCCmec_00015	sccmec_saures_NC_022443_l23176:c12237-11887	NC_022443_SCCmec_00015
PROKKA_NC_022443/PROKKA_NC_022443:Gene	hin_1	sccmec_saures_NC_022443_l23176:c14387-12759	NC_022443_SCCmec_00016
PROKKA_NC_022443/PROKKA_NC_022443:Gene	hin_2	sccmec_saures_NC_022443_l23176:c15776-14409	NC_022443_SCCmec_00017
PROKKA_NC_022443/PROKKA_NC_022443:Gene	NC_022443_SCCmec_00018	sccmec_saures_NC_022443_l23176:c17785-15992	NC_022443_SCCmec_00018
PROKKA_NC_022443/PROKKA_NC_022443:Gene	NC_022443_SCCmec_00019	sccmec_saures_NC_022443_l23176:c18105-17785	NC_022443_SCCmec_00019
PROKKA_NC_022443/PROKKA_NC_022443:Gene	NC_022443_SCCmec_00020	sccmec_saures_NC_022443_l23176:18313-18627	NC_022443_SCCmec_00020
PROKKA_NC_022443/PROKKA_NC_022443:Gene	NC_022443_SCCmec_00021	sccmec_saures_NC_022443_l23176:18612-19454	NC_022443_SCCmec_00021
PROKKA_NC_022443/PROKKA_NC_022443:Gene	NC_022443_SCCmec_00022	sccmec_saures_NC_022443_l23176:c21039-19525	NC_022443_SCCmec_00022
PROKKA_NC_022443/PROKKA_NC_022443:Gene	NC_022443_SCCmec_00023	sccmec_saures_NC_022443_l23176:21201-22046	NC_022443_SCCmec_00023
PROKKA_NC_022443/PROKKA_NC_022443:Gene	NC_022443_SCCmec_00024	sccmec_saures_NC_022443_l23176:22025-22948	NC_022443_SCCmec_00024

FATAL: DiscRep_ALL:MISSING_PROTEIN_ID::24 proteins have invalid IDs.
PROKKA_NC_022443/PROKKA_NC_022443:sccmec_saures_NC_022443_l23176_1 (length 159)
PROKKA_NC_022443/PROKKA_NC_022443:sccmec_saures_NC_022443_l23176_2 (length 431)
PROKKA_NC_022443/PROKKA_NC_022443:sccmec_saures_NC_022443_l23176_3 (length 79)
PROKKA_NC_022443/PROKKA_NC_022443:sccmec_saures_NC_022443_l23176_4 (length 224)
PROKKA_NC_022443/PROKKA_NC_022443:sccmec_saures_NC_022443_l23176_5 (length 55)
PROKKA_NC_022443/PROKKA_NC_022443:sccmec_saures_NC_022443_l23176_6 (length 76)
PROKKA_NC_022443/PROKKA_NC_022443:sccmec_saures_NC_022443_l23176_7 (length 247)
PROKKA_NC_022443/PROKKA_NC_022443:sccmec_saures_NC_022443_l23176_8 (length 142)
PROKKA_NC_022443/PROKKA_NC_022443:sccmec_saures_NC_022443_l23176_9 (length 668)
PROKKA_NC_022443/PROKKA_NC_022443:sccmec_saures_NC_022443_l23176_10 (length 294)
PROKKA_NC_022443/PROKKA_NC_022443:sccmec_saures_NC_022443_l23176_11 (length 90)
PROKKA_NC_022443/PROKKA_NC_022443:sccmec_saures_NC_022443_l23176_12 (length 506)
PROKKA_NC_022443/PROKKA_NC_022443:sccmec_saures_NC_022443_l23176_13 (length 169)
PROKKA_NC_022443/PROKKA_NC_022443:sccmec_saures_NC_022443_l23176_14 (length 103)
PROKKA_NC_022443/PROKKA_NC_022443:sccmec_saures_NC_022443_l23176_15 (length 116)
PROKKA_NC_022443/PROKKA_NC_022443:sccmec_saures_NC_022443_l23176_16 (length 542)
PROKKA_NC_022443/PROKKA_NC_022443:sccmec_saures_NC_022443_l23176_17 (length 455)
PROKKA_NC_022443/PROKKA_NC_022443:sccmec_saures_NC_022443_l23176_18 (length 597)
PROKKA_NC_022443/PROKKA_NC_022443:sccmec_saures_NC_022443_l23176_19 (length 106)
PROKKA_NC_022443/PROKKA_NC_022443:sccmec_saures_NC_022443_l23176_20 (length 104)
PROKKA_NC_022443/PROKKA_NC_022443:sccmec_saures_NC_022443_l23176_21 (length 280)
PROKKA_NC_022443/PROKKA_NC_022443:sccmec_saures_NC_022443_l23176_22 (length 504)
PROKKA_NC_022443/PROKKA_NC_022443:sccmec_saures_NC_022443_l23176_23 (length 281)
PROKKA_NC_022443/PROKKA_NC_022443:sccmec_saures_NC_022443_l23176_24 (length 307)

DiscRep_ALL:DISC_SOURCE_QUALS_ASNDISC::strain (all present, all unique)
DiscRep_SUB:DISC_SOURCE_QUALS_ASNDISC::1 sources have unique values for strain
DiscRep_ALL:DISC_SOURCE_QUALS_ASNDISC::taxname (all present, all unique)
DiscRep_SUB:DISC_SOURCE_QUALS_ASNDISC::1 sources have unique values for taxname
DiscRep_ALL:DISC_FEATURE_COUNT::gene: 24 present
DiscRep_ALL:DISC_FEATURE_COUNT::CDS: 24 present
DiscRep_ALL:DISC_FEATURE_COUNT::mRNA: 24 present
DiscRep_ALL:DISC_COUNT_NUCLEOTIDES::1 nucleotide Bioseqs are present
PROKKA_NC_022443/PROKKA_NC_022443:sccmec_saures_NC_022443_l23176 (length 23176)

DiscRep_ALL:OVERLAPPING_GENES::8 genes overlap another gene on the same strand.
PROKKA_NC_022443/PROKKA_NC_022443:Gene	mecR1	sccmec_saures_NC_022443_l23176:8202-9086	NC_022443_SCCmec_00010
PROKKA_NC_022443/PROKKA_NC_022443:Gene	NC_022443_SCCmec_00011	sccmec_saures_NC_022443_l23176:9046-9318	NC_022443_SCCmec_00011
PROKKA_NC_022443/PROKKA_NC_022443:Gene	NC_022443_SCCmec_00018	sccmec_saures_NC_022443_l23176:c17785-15992	NC_022443_SCCmec_00018
PROKKA_NC_022443/PROKKA_NC_022443:Gene	NC_022443_SCCmec_00019	sccmec_saures_NC_022443_l23176:c18105-17785	NC_022443_SCCmec_00019
PROKKA_NC_022443/PROKKA_NC_022443:Gene	NC_022443_SCCmec_00020	sccmec_saures_NC_022443_l23176:18313-18627	NC_022443_SCCmec_00020
PROKKA_NC_022443/PROKKA_NC_022443:Gene	NC_022443_SCCmec_00021	sccmec_saures_NC_022443_l23176:18612-19454	NC_022443_SCCmec_00021
PROKKA_NC_022443/PROKKA_NC_022443:Gene	NC_022443_SCCmec_00023	sccmec_saures_NC_022443_l23176:21201-22046	NC_022443_SCCmec_00023
PROKKA_NC_022443/PROKKA_NC_022443:Gene	NC_022443_SCCmec_00024	sccmec_saures_NC_022443_l23176:22025-22948	NC_022443_SCCmec_00024

DiscRep_ALL:DISC_QUALITY_SCORES::Quality scores are missing on all sequences.

DiscRep_ALL:ONCALLER_COMMENT_PRESENT::1 comment descriptors were found (all same)
PROKKA_NC_022443/PROKKA_NC_022443:sccmec_saures_NC_022443_l23176:Annotated using prokka 1.12 from https://github.com/tseemann/prokka

DiscRep_ALL:MISSING_GENOMEASSEMBLY_COMMENTS::1 bioseqs are missing GenomeAssembly structured comments
PROKKA_NC_022443/PROKKA_NC_022443:sccmec_saures_NC_022443_l23176 (length 23176)

DiscRep_ALL:MOLTYPE_NOT_MRNA::1 molecule types are not set as mRNA.
PROKKA_NC_022443/PROKKA_NC_022443:sccmec_saures_NC_022443_l23176 (length 23176)

DiscRep_ALL:TECHNIQUE_NOT_TSA::1 technique are not set as TSA
PROKKA_NC_022443/PROKKA_NC_022443:sccmec_saures_NC_022443_l23176 (length 23176)

DiscRep_ALL:MISSING_STRUCTURED_COMMENT::1 sequences do not include structured comments.
PROKKA_NC_022443/PROKKA_NC_022443:sccmec_saures_NC_022443_l23176 (length 23176)

DiscRep_ALL:MISSING_PROJECT::25 sequences do not include project.
PROKKA_NC_022443/PROKKA_NC_022443:sccmec_saures_NC_022443_l23176 (length 23176)
PROKKA_NC_022443/PROKKA_NC_022443:sccmec_saures_NC_022443_l23176_1 (length 159)
PROKKA_NC_022443/PROKKA_NC_022443:sccmec_saures_NC_022443_l23176_2 (length 431)
PROKKA_NC_022443/PROKKA_NC_022443:sccmec_saures_NC_022443_l23176_3 (length 79)
PROKKA_NC_022443/PROKKA_NC_022443:sccmec_saures_NC_022443_l23176_4 (length 224)
PROKKA_NC_022443/PROKKA_NC_022443:sccmec_saures_NC_022443_l23176_5 (length 55)
PROKKA_NC_022443/PROKKA_NC_022443:sccmec_saures_NC_022443_l23176_6 (length 76)
PROKKA_NC_022443/PROKKA_NC_022443:sccmec_saures_NC_022443_l23176_7 (length 247)
PROKKA_NC_022443/PROKKA_NC_022443:sccmec_saures_NC_022443_l23176_8 (length 142)
PROKKA_NC_022443/PROKKA_NC_022443:sccmec_saures_NC_022443_l23176_9 (length 668)
PROKKA_NC_022443/PROKKA_NC_022443:sccmec_saures_NC_022443_l23176_10 (length 294)
PROKKA_NC_022443/PROKKA_NC_022443:sccmec_saures_NC_022443_l23176_11 (length 90)
PROKKA_NC_022443/PROKKA_NC_022443:sccmec_saures_NC_022443_l23176_12 (length 506)
PROKKA_NC_022443/PROKKA_NC_022443:sccmec_saures_NC_022443_l23176_13 (length 169)
PROKKA_NC_022443/PROKKA_NC_022443:sccmec_saures_NC_022443_l23176_14 (length 103)
PROKKA_NC_022443/PROKKA_NC_022443:sccmec_saures_NC_022443_l23176_15 (length 116)
PROKKA_NC_022443/PROKKA_NC_022443:sccmec_saures_NC_022443_l23176_16 (length 542)
PROKKA_NC_022443/PROKKA_NC_022443:sccmec_saures_NC_022443_l23176_17 (length 455)
PROKKA_NC_022443/PROKKA_NC_022443:sccmec_saures_NC_022443_l23176_18 (length 597)
PROKKA_NC_022443/PROKKA_NC_022443:sccmec_saures_NC_022443_l23176_19 (length 106)
PROKKA_NC_022443/PROKKA_NC_022443:sccmec_saures_NC_022443_l23176_20 (length 104)
PROKKA_NC_022443/PROKKA_NC_022443:sccmec_saures_NC_022443_l23176_21 (length 280)
PROKKA_NC_022443/PROKKA_NC_022443:sccmec_saures_NC_022443_l23176_22 (length 504)
PROKKA_NC_022443/PROKKA_NC_022443:sccmec_saures_NC_022443_l23176_23 (length 281)
PROKKA_NC_022443/PROKKA_NC_022443:sccmec_saures_NC_022443_l23176_24 (length 307)

DiscRep_ALL:DISC_INCONSISTENT_MOLINFO_TECH::Molinfo Technique Report (some missing, all same)
DiscRep_SUB:DISC_INCONSISTENT_MOLINFO_TECH::technique (all missing)
DiscRep_SUB:DISC_INCONSISTENT_MOLINFO_TECH::1 Molinfos are missing field technique
PROKKA_NC_022443/PROKKA_NC_022443:sccmec_saures_NC_022443_l23176 (length 23176)

