Discrepancy Report Results

Summary
FATAL: BAD_LOCUS_TAG_FORMAT:47 locus tags are incorrectly formatted.
FATAL: MISSING_PROTEIN_ID:47 proteins have invalid IDs.
DISC_SOURCE_QUALS_ASNDISC:strain (all present, all unique)
DISC_SOURCE_QUALS_ASNDISC:taxname (all present, all unique)
DISC_FEATURE_COUNT:gene: 47 present
DISC_FEATURE_COUNT:CDS: 47 present
DISC_FEATURE_COUNT:mRNA: 47 present
DISC_COUNT_NUCLEOTIDES:1 nucleotide Bioseqs are present
OVERLAPPING_GENES:10 genes overlap another gene on the same strand.
OVERLAPPING_CDS:2 coding regions overlap another coding region with a similar or identical name.
DISC_QUALITY_SCORES:Quality scores are missing on all sequences.
ONCALLER_COMMENT_PRESENT:1 comment descriptors were found (all same)
SHORT_PROT_SEQUENCES:1 protein sequences are shorter than 50 aa.
MISSING_GENOMEASSEMBLY_COMMENTS:1 bioseqs are missing GenomeAssembly structured comments
MOLTYPE_NOT_MRNA:1 molecule types are not set as mRNA.
TECHNIQUE_NOT_TSA:1 technique are not set as TSA
MISSING_STRUCTURED_COMMENT:1 sequences do not include structured comments.
MISSING_PROJECT:48 sequences do not include project.
DISC_INCONSISTENT_MOLINFO_TECH:Molinfo Technique Report (some missing, all same)


Detailed Report

FATAL: DiscRep_ALL:BAD_LOCUS_TAG_FORMAT::47 locus tags are incorrectly formatted.
PROKKA_CP011147/PROKKA_CP011147:Gene	rlmH	sccmec_saures_CP011147_l47083:1-480	CP011147_SCCmec_00001
PROKKA_CP011147/PROKKA_CP011147:Gene	CP011147_SCCmec_00002	sccmec_saures_CP011147_l47083:763-2058	CP011147_SCCmec_00002
PROKKA_CP011147/PROKKA_CP011147:Gene	CP011147_SCCmec_00003	sccmec_saures_CP011147_l47083:2473-2715	CP011147_SCCmec_00003
PROKKA_CP011147/PROKKA_CP011147:Gene	CP011147_SCCmec_00004	sccmec_saures_CP011147_l47083:c3417-2743	CP011147_SCCmec_00004
PROKKA_CP011147/PROKKA_CP011147:Gene	ugpQ	sccmec_saures_CP011147_l47083:3682-4425	CP011147_SCCmec_00005
PROKKA_CP011147/PROKKA_CP011147:Gene	paaZ	sccmec_saures_CP011147_l47083:4522-4950	CP011147_SCCmec_00006
PROKKA_CP011147/PROKKA_CP011147:Gene	pbp	sccmec_saures_CP011147_l47083:c7002-4996	CP011147_SCCmec_00007
PROKKA_CP011147/PROKKA_CP011147:Gene	mecR1	sccmec_saures_CP011147_l47083:7204-8859	CP011147_SCCmec_00008
PROKKA_CP011147/PROKKA_CP011147:Gene	mecI	sccmec_saures_CP011147_l47083:8859-9230	CP011147_SCCmec_00009
PROKKA_CP011147/PROKKA_CP011147:Gene	CP011147_SCCmec_00010	sccmec_saures_CP011147_l47083:9331-9543	CP011147_SCCmec_00010
PROKKA_CP011147/PROKKA_CP011147:Gene	nagC	sccmec_saures_CP011147_l47083:9738-10847	CP011147_SCCmec_00011
PROKKA_CP011147/PROKKA_CP011147:Gene	pspE_1	sccmec_saures_CP011147_l47083:c11266-10961	CP011147_SCCmec_00012
PROKKA_CP011147/PROKKA_CP011147:Gene	gloC	sccmec_saures_CP011147_l47083:c12295-11357	CP011147_SCCmec_00013
PROKKA_CP011147/PROKKA_CP011147:Gene	pspE_2	sccmec_saures_CP011147_l47083:c13392-12328	CP011147_SCCmec_00014
PROKKA_CP011147/PROKKA_CP011147:Gene	csoR	sccmec_saures_CP011147_l47083:13528-13788	CP011147_SCCmec_00015
PROKKA_CP011147/PROKKA_CP011147:Gene	CP011147_SCCmec_00016	sccmec_saures_CP011147_l47083:13803-14432	CP011147_SCCmec_00016
PROKKA_CP011147/PROKKA_CP011147:Gene	ycgJ	sccmec_saures_CP011147_l47083:c15433-14771	CP011147_SCCmec_00017
PROKKA_CP011147/PROKKA_CP011147:Gene	ermA1	sccmec_saures_CP011147_l47083:15929-16660	CP011147_SCCmec_00018
PROKKA_CP011147/PROKKA_CP011147:Gene	ant1	sccmec_saures_CP011147_l47083:c17568-16786	CP011147_SCCmec_00019
PROKKA_CP011147/PROKKA_CP011147:Gene	CP011147_SCCmec_00020	sccmec_saures_CP011147_l47083:c18096-17719	CP011147_SCCmec_00020
PROKKA_CP011147/PROKKA_CP011147:Gene	xerC_1	sccmec_saures_CP011147_l47083:c19995-18103	CP011147_SCCmec_00021
PROKKA_CP011147/PROKKA_CP011147:Gene	xerC_2	sccmec_saures_CP011147_l47083:c21077-19992	CP011147_SCCmec_00022
PROKKA_CP011147/PROKKA_CP011147:Gene	CP011147_SCCmec_00023	sccmec_saures_CP011147_l47083:c21513-21196	CP011147_SCCmec_00023
PROKKA_CP011147/PROKKA_CP011147:Gene	CP011147_SCCmec_00024	sccmec_saures_CP011147_l47083:c22040-21534	CP011147_SCCmec_00024
PROKKA_CP011147/PROKKA_CP011147:Gene	CP011147_SCCmec_00025	sccmec_saures_CP011147_l47083:c22369-22058	CP011147_SCCmec_00025
PROKKA_CP011147/PROKKA_CP011147:Gene	CP011147_SCCmec_00026	sccmec_saures_CP011147_l47083:c22806-22456	CP011147_SCCmec_00026
PROKKA_CP011147/PROKKA_CP011147:Gene	hin_1	sccmec_saures_CP011147_l47083:c24952-23324	CP011147_SCCmec_00027
PROKKA_CP011147/PROKKA_CP011147:Gene	hin_2	sccmec_saures_CP011147_l47083:c26341-24974	CP011147_SCCmec_00028
PROKKA_CP011147/PROKKA_CP011147:Gene	CP011147_SCCmec_00029	sccmec_saures_CP011147_l47083:c28350-26557	CP011147_SCCmec_00029
PROKKA_CP011147/PROKKA_CP011147:Gene	CP011147_SCCmec_00030	sccmec_saures_CP011147_l47083:c28646-28350	CP011147_SCCmec_00030
PROKKA_CP011147/PROKKA_CP011147:Gene	CP011147_SCCmec_00031	sccmec_saures_CP011147_l47083:c29885-28839	CP011147_SCCmec_00031
PROKKA_CP011147/PROKKA_CP011147:Gene	CP011147_SCCmec_00032	sccmec_saures_CP011147_l47083:c30558-30136	CP011147_SCCmec_00032
PROKKA_CP011147/PROKKA_CP011147:Gene	CP011147_SCCmec_00033	sccmec_saures_CP011147_l47083:c30978-30625	CP011147_SCCmec_00033
PROKKA_CP011147/PROKKA_CP011147:Gene	CP011147_SCCmec_00034	sccmec_saures_CP011147_l47083:c31277-30963	CP011147_SCCmec_00034
PROKKA_CP011147/PROKKA_CP011147:Gene	CP011147_SCCmec_00035	sccmec_saures_CP011147_l47083:c32690-31788	CP011147_SCCmec_00035
PROKKA_CP011147/PROKKA_CP011147:Gene	kdpE	sccmec_saures_CP011147_l47083:c34131-33436	CP011147_SCCmec_00036
PROKKA_CP011147/PROKKA_CP011147:Gene	kdpD	sccmec_saures_CP011147_l47083:c36826-34106	CP011147_SCCmec_00037
PROKKA_CP011147/PROKKA_CP011147:Gene	CP011147_SCCmec_00038	sccmec_saures_CP011147_l47083:c36970-36827	CP011147_SCCmec_00038
PROKKA_CP011147/PROKKA_CP011147:Gene	kdpA	sccmec_saures_CP011147_l47083:37043-38719	CP011147_SCCmec_00039
PROKKA_CP011147/PROKKA_CP011147:Gene	kdpB	sccmec_saures_CP011147_l47083:38738-40759	CP011147_SCCmec_00040
PROKKA_CP011147/PROKKA_CP011147:Gene	kdpC	sccmec_saures_CP011147_l47083:40775-41332	CP011147_SCCmec_00041
PROKKA_CP011147/PROKKA_CP011147:Gene	CP011147_SCCmec_00042	sccmec_saures_CP011147_l47083:c42746-41877	CP011147_SCCmec_00042
PROKKA_CP011147/PROKKA_CP011147:Gene	CP011147_SCCmec_00043	sccmec_saures_CP011147_l47083:c43652-42756	CP011147_SCCmec_00043
PROKKA_CP011147/PROKKA_CP011147:Gene	CP011147_SCCmec_00044	sccmec_saures_CP011147_l47083:c44226-43852	CP011147_SCCmec_00044
PROKKA_CP011147/PROKKA_CP011147:Gene	CP011147_SCCmec_00045	sccmec_saures_CP011147_l47083:c44681-44394	CP011147_SCCmec_00045
PROKKA_CP011147/PROKKA_CP011147:Gene	CP011147_SCCmec_00046	sccmec_saures_CP011147_l47083:c45397-44771	CP011147_SCCmec_00046
PROKKA_CP011147/PROKKA_CP011147:Gene	prkC	sccmec_saures_CP011147_l47083:45512-47020	CP011147_SCCmec_00047

FATAL: DiscRep_ALL:MISSING_PROTEIN_ID::47 proteins have invalid IDs.
PROKKA_CP011147/PROKKA_CP011147:sccmec_saures_CP011147_l47083_1 (length 159)
PROKKA_CP011147/PROKKA_CP011147:sccmec_saures_CP011147_l47083_2 (length 431)
PROKKA_CP011147/PROKKA_CP011147:sccmec_saures_CP011147_l47083_3 (length 80)
PROKKA_CP011147/PROKKA_CP011147:sccmec_saures_CP011147_l47083_4 (length 224)
PROKKA_CP011147/PROKKA_CP011147:sccmec_saures_CP011147_l47083_5 (length 247)
PROKKA_CP011147/PROKKA_CP011147:sccmec_saures_CP011147_l47083_6 (length 142)
PROKKA_CP011147/PROKKA_CP011147:sccmec_saures_CP011147_l47083_7 (length 668)
PROKKA_CP011147/PROKKA_CP011147:sccmec_saures_CP011147_l47083_8 (length 551)
PROKKA_CP011147/PROKKA_CP011147:sccmec_saures_CP011147_l47083_9 (length 123)
PROKKA_CP011147/PROKKA_CP011147:sccmec_saures_CP011147_l47083_10 (length 70)
PROKKA_CP011147/PROKKA_CP011147:sccmec_saures_CP011147_l47083_11 (length 369)
PROKKA_CP011147/PROKKA_CP011147:sccmec_saures_CP011147_l47083_12 (length 101)
PROKKA_CP011147/PROKKA_CP011147:sccmec_saures_CP011147_l47083_13 (length 312)
PROKKA_CP011147/PROKKA_CP011147:sccmec_saures_CP011147_l47083_14 (length 354)
PROKKA_CP011147/PROKKA_CP011147:sccmec_saures_CP011147_l47083_15 (length 86)
PROKKA_CP011147/PROKKA_CP011147:sccmec_saures_CP011147_l47083_16 (length 209)
PROKKA_CP011147/PROKKA_CP011147:sccmec_saures_CP011147_l47083_17 (length 220)
PROKKA_CP011147/PROKKA_CP011147:sccmec_saures_CP011147_l47083_18 (length 243)
PROKKA_CP011147/PROKKA_CP011147:sccmec_saures_CP011147_l47083_19 (length 260)
PROKKA_CP011147/PROKKA_CP011147:sccmec_saures_CP011147_l47083_20 (length 125)
PROKKA_CP011147/PROKKA_CP011147:sccmec_saures_CP011147_l47083_21 (length 630)
PROKKA_CP011147/PROKKA_CP011147:sccmec_saures_CP011147_l47083_22 (length 361)
PROKKA_CP011147/PROKKA_CP011147:sccmec_saures_CP011147_l47083_23 (length 105)
PROKKA_CP011147/PROKKA_CP011147:sccmec_saures_CP011147_l47083_24 (length 168)
PROKKA_CP011147/PROKKA_CP011147:sccmec_saures_CP011147_l47083_25 (length 103)
PROKKA_CP011147/PROKKA_CP011147:sccmec_saures_CP011147_l47083_26 (length 116)
PROKKA_CP011147/PROKKA_CP011147:sccmec_saures_CP011147_l47083_27 (length 542)
PROKKA_CP011147/PROKKA_CP011147:sccmec_saures_CP011147_l47083_28 (length 455)
PROKKA_CP011147/PROKKA_CP011147:sccmec_saures_CP011147_l47083_29 (length 597)
PROKKA_CP011147/PROKKA_CP011147:sccmec_saures_CP011147_l47083_30 (length 98)
PROKKA_CP011147/PROKKA_CP011147:sccmec_saures_CP011147_l47083_31 (length 348)
PROKKA_CP011147/PROKKA_CP011147:sccmec_saures_CP011147_l47083_32 (length 140)
PROKKA_CP011147/PROKKA_CP011147:sccmec_saures_CP011147_l47083_33 (length 117)
PROKKA_CP011147/PROKKA_CP011147:sccmec_saures_CP011147_l47083_34 (length 104)
PROKKA_CP011147/PROKKA_CP011147:sccmec_saures_CP011147_l47083_35 (length 300)
PROKKA_CP011147/PROKKA_CP011147:sccmec_saures_CP011147_l47083_36 (length 231)
PROKKA_CP011147/PROKKA_CP011147:sccmec_saures_CP011147_l47083_37 (length 906)
PROKKA_CP011147/PROKKA_CP011147:sccmec_saures_CP011147_l47083_38 (length 47)
PROKKA_CP011147/PROKKA_CP011147:sccmec_saures_CP011147_l47083_39 (length 558)
PROKKA_CP011147/PROKKA_CP011147:sccmec_saures_CP011147_l47083_40 (length 673)
PROKKA_CP011147/PROKKA_CP011147:sccmec_saures_CP011147_l47083_41 (length 185)
PROKKA_CP011147/PROKKA_CP011147:sccmec_saures_CP011147_l47083_42 (length 289)
PROKKA_CP011147/PROKKA_CP011147:sccmec_saures_CP011147_l47083_43 (length 298)
PROKKA_CP011147/PROKKA_CP011147:sccmec_saures_CP011147_l47083_44 (length 124)
PROKKA_CP011147/PROKKA_CP011147:sccmec_saures_CP011147_l47083_45 (length 95)
PROKKA_CP011147/PROKKA_CP011147:sccmec_saures_CP011147_l47083_46 (length 208)
PROKKA_CP011147/PROKKA_CP011147:sccmec_saures_CP011147_l47083_47 (length 502)

DiscRep_ALL:DISC_SOURCE_QUALS_ASNDISC::strain (all present, all unique)
DiscRep_SUB:DISC_SOURCE_QUALS_ASNDISC::1 sources have unique values for strain
DiscRep_ALL:DISC_SOURCE_QUALS_ASNDISC::taxname (all present, all unique)
DiscRep_SUB:DISC_SOURCE_QUALS_ASNDISC::1 sources have unique values for taxname
DiscRep_ALL:DISC_FEATURE_COUNT::gene: 47 present
DiscRep_ALL:DISC_FEATURE_COUNT::CDS: 47 present
DiscRep_ALL:DISC_FEATURE_COUNT::mRNA: 47 present
DiscRep_ALL:DISC_COUNT_NUCLEOTIDES::1 nucleotide Bioseqs are present
PROKKA_CP011147/PROKKA_CP011147:sccmec_saures_CP011147_l47083 (length 47083)

DiscRep_ALL:OVERLAPPING_GENES::10 genes overlap another gene on the same strand.
PROKKA_CP011147/PROKKA_CP011147:Gene	mecR1	sccmec_saures_CP011147_l47083:7204-8859	CP011147_SCCmec_00008
PROKKA_CP011147/PROKKA_CP011147:Gene	mecI	sccmec_saures_CP011147_l47083:8859-9230	CP011147_SCCmec_00009
PROKKA_CP011147/PROKKA_CP011147:Gene	xerC_1	sccmec_saures_CP011147_l47083:c19995-18103	CP011147_SCCmec_00021
PROKKA_CP011147/PROKKA_CP011147:Gene	xerC_2	sccmec_saures_CP011147_l47083:c21077-19992	CP011147_SCCmec_00022
PROKKA_CP011147/PROKKA_CP011147:Gene	CP011147_SCCmec_00029	sccmec_saures_CP011147_l47083:c28350-26557	CP011147_SCCmec_00029
PROKKA_CP011147/PROKKA_CP011147:Gene	CP011147_SCCmec_00030	sccmec_saures_CP011147_l47083:c28646-28350	CP011147_SCCmec_00030
PROKKA_CP011147/PROKKA_CP011147:Gene	CP011147_SCCmec_00033	sccmec_saures_CP011147_l47083:c30978-30625	CP011147_SCCmec_00033
PROKKA_CP011147/PROKKA_CP011147:Gene	CP011147_SCCmec_00034	sccmec_saures_CP011147_l47083:c31277-30963	CP011147_SCCmec_00034
PROKKA_CP011147/PROKKA_CP011147:Gene	kdpE	sccmec_saures_CP011147_l47083:c34131-33436	CP011147_SCCmec_00036
PROKKA_CP011147/PROKKA_CP011147:Gene	kdpD	sccmec_saures_CP011147_l47083:c36826-34106	CP011147_SCCmec_00037

DiscRep_ALL:OVERLAPPING_CDS::2 coding regions overlap another coding region with a similar or identical name.
DiscRep_SUB:OVERLAPPING_CDS::2 coding regions overlap another coding region with a similar or identical name that do not have the appropriate note text
PROKKA_CP011147/PROKKA_CP011147:CDS	Tyrosine recombinase XerC	sccmec_saures_CP011147_l47083:c19995-18103	CP011147_SCCmec_00021
PROKKA_CP011147/PROKKA_CP011147:CDS	Tyrosine recombinase XerC	sccmec_saures_CP011147_l47083:c21077-19992	CP011147_SCCmec_00022

DiscRep_ALL:DISC_QUALITY_SCORES::Quality scores are missing on all sequences.

DiscRep_ALL:ONCALLER_COMMENT_PRESENT::1 comment descriptors were found (all same)
PROKKA_CP011147/PROKKA_CP011147:sccmec_saures_CP011147_l47083:Annotated using prokka 1.12 from https://github.com/tseemann/prokka

DiscRep_ALL:SHORT_PROT_SEQUENCES::1 protein sequences are shorter than 50 aa.
PROKKA_CP011147/PROKKA_CP011147:sccmec_saures_CP011147_l47083_38 (length 47)

DiscRep_ALL:MISSING_GENOMEASSEMBLY_COMMENTS::1 bioseqs are missing GenomeAssembly structured comments
PROKKA_CP011147/PROKKA_CP011147:sccmec_saures_CP011147_l47083 (length 47083)

DiscRep_ALL:MOLTYPE_NOT_MRNA::1 molecule types are not set as mRNA.
PROKKA_CP011147/PROKKA_CP011147:sccmec_saures_CP011147_l47083 (length 47083)

DiscRep_ALL:TECHNIQUE_NOT_TSA::1 technique are not set as TSA
PROKKA_CP011147/PROKKA_CP011147:sccmec_saures_CP011147_l47083 (length 47083)

DiscRep_ALL:MISSING_STRUCTURED_COMMENT::1 sequences do not include structured comments.
PROKKA_CP011147/PROKKA_CP011147:sccmec_saures_CP011147_l47083 (length 47083)

DiscRep_ALL:MISSING_PROJECT::48 sequences do not include project.
PROKKA_CP011147/PROKKA_CP011147:sccmec_saures_CP011147_l47083 (length 47083)
PROKKA_CP011147/PROKKA_CP011147:sccmec_saures_CP011147_l47083_1 (length 159)
PROKKA_CP011147/PROKKA_CP011147:sccmec_saures_CP011147_l47083_2 (length 431)
PROKKA_CP011147/PROKKA_CP011147:sccmec_saures_CP011147_l47083_3 (length 80)
PROKKA_CP011147/PROKKA_CP011147:sccmec_saures_CP011147_l47083_4 (length 224)
PROKKA_CP011147/PROKKA_CP011147:sccmec_saures_CP011147_l47083_5 (length 247)
PROKKA_CP011147/PROKKA_CP011147:sccmec_saures_CP011147_l47083_6 (length 142)
PROKKA_CP011147/PROKKA_CP011147:sccmec_saures_CP011147_l47083_7 (length 668)
PROKKA_CP011147/PROKKA_CP011147:sccmec_saures_CP011147_l47083_8 (length 551)
PROKKA_CP011147/PROKKA_CP011147:sccmec_saures_CP011147_l47083_9 (length 123)
PROKKA_CP011147/PROKKA_CP011147:sccmec_saures_CP011147_l47083_10 (length 70)
PROKKA_CP011147/PROKKA_CP011147:sccmec_saures_CP011147_l47083_11 (length 369)
PROKKA_CP011147/PROKKA_CP011147:sccmec_saures_CP011147_l47083_12 (length 101)
PROKKA_CP011147/PROKKA_CP011147:sccmec_saures_CP011147_l47083_13 (length 312)
PROKKA_CP011147/PROKKA_CP011147:sccmec_saures_CP011147_l47083_14 (length 354)
PROKKA_CP011147/PROKKA_CP011147:sccmec_saures_CP011147_l47083_15 (length 86)
PROKKA_CP011147/PROKKA_CP011147:sccmec_saures_CP011147_l47083_16 (length 209)
PROKKA_CP011147/PROKKA_CP011147:sccmec_saures_CP011147_l47083_17 (length 220)
PROKKA_CP011147/PROKKA_CP011147:sccmec_saures_CP011147_l47083_18 (length 243)
PROKKA_CP011147/PROKKA_CP011147:sccmec_saures_CP011147_l47083_19 (length 260)
PROKKA_CP011147/PROKKA_CP011147:sccmec_saures_CP011147_l47083_20 (length 125)
PROKKA_CP011147/PROKKA_CP011147:sccmec_saures_CP011147_l47083_21 (length 630)
PROKKA_CP011147/PROKKA_CP011147:sccmec_saures_CP011147_l47083_22 (length 361)
PROKKA_CP011147/PROKKA_CP011147:sccmec_saures_CP011147_l47083_23 (length 105)
PROKKA_CP011147/PROKKA_CP011147:sccmec_saures_CP011147_l47083_24 (length 168)
PROKKA_CP011147/PROKKA_CP011147:sccmec_saures_CP011147_l47083_25 (length 103)
PROKKA_CP011147/PROKKA_CP011147:sccmec_saures_CP011147_l47083_26 (length 116)
PROKKA_CP011147/PROKKA_CP011147:sccmec_saures_CP011147_l47083_27 (length 542)
PROKKA_CP011147/PROKKA_CP011147:sccmec_saures_CP011147_l47083_28 (length 455)
PROKKA_CP011147/PROKKA_CP011147:sccmec_saures_CP011147_l47083_29 (length 597)
PROKKA_CP011147/PROKKA_CP011147:sccmec_saures_CP011147_l47083_30 (length 98)
PROKKA_CP011147/PROKKA_CP011147:sccmec_saures_CP011147_l47083_31 (length 348)
PROKKA_CP011147/PROKKA_CP011147:sccmec_saures_CP011147_l47083_32 (length 140)
PROKKA_CP011147/PROKKA_CP011147:sccmec_saures_CP011147_l47083_33 (length 117)
PROKKA_CP011147/PROKKA_CP011147:sccmec_saures_CP011147_l47083_34 (length 104)
PROKKA_CP011147/PROKKA_CP011147:sccmec_saures_CP011147_l47083_35 (length 300)
PROKKA_CP011147/PROKKA_CP011147:sccmec_saures_CP011147_l47083_36 (length 231)
PROKKA_CP011147/PROKKA_CP011147:sccmec_saures_CP011147_l47083_37 (length 906)
PROKKA_CP011147/PROKKA_CP011147:sccmec_saures_CP011147_l47083_38 (length 47)
PROKKA_CP011147/PROKKA_CP011147:sccmec_saures_CP011147_l47083_39 (length 558)
PROKKA_CP011147/PROKKA_CP011147:sccmec_saures_CP011147_l47083_40 (length 673)
PROKKA_CP011147/PROKKA_CP011147:sccmec_saures_CP011147_l47083_41 (length 185)
PROKKA_CP011147/PROKKA_CP011147:sccmec_saures_CP011147_l47083_42 (length 289)
PROKKA_CP011147/PROKKA_CP011147:sccmec_saures_CP011147_l47083_43 (length 298)
PROKKA_CP011147/PROKKA_CP011147:sccmec_saures_CP011147_l47083_44 (length 124)
PROKKA_CP011147/PROKKA_CP011147:sccmec_saures_CP011147_l47083_45 (length 95)
PROKKA_CP011147/PROKKA_CP011147:sccmec_saures_CP011147_l47083_46 (length 208)
PROKKA_CP011147/PROKKA_CP011147:sccmec_saures_CP011147_l47083_47 (length 502)

DiscRep_ALL:DISC_INCONSISTENT_MOLINFO_TECH::Molinfo Technique Report (some missing, all same)
DiscRep_SUB:DISC_INCONSISTENT_MOLINFO_TECH::technique (all missing)
DiscRep_SUB:DISC_INCONSISTENT_MOLINFO_TECH::1 Molinfos are missing field technique
PROKKA_CP011147/PROKKA_CP011147:sccmec_saures_CP011147_l47083 (length 47083)

