[17:08:29] This is prokka 1.12
[17:08:29] Written by Torsten Seemann <torsten.seemann@gmail.com>
[17:08:29] Homepage is https://github.com/tseemann/prokka
[17:08:29] Local time is Mon May 15 17:08:29 2017
[17:08:29] You are fsepulveda
[17:08:29] Operating system is linux
[17:08:29] You have BioPerl 1.006924
[17:08:29] System has 4 cores.
[17:08:29] Option --cpu asked for 8 cores, but system only has 4
[17:08:29] Will use maximum of 4 cores.
[17:08:29] Annotating as >>> Bacteria <<<
[17:08:29] Creating new output folder: PROKKA_CP014365
[17:08:29] Running: mkdir -p PROKKA_CP014365
[17:08:29] Using filename prefix: PROKKA_CP014365.XXX
[17:08:29] Setting HMMER_NCPU=1
[17:08:29] Writing log to: PROKKA_CP014365/PROKKA_CP014365.log
[17:08:29] Command: /home/fsepulveda/Desktop/tesis/sccmec_classification/prokka-1.12/bin/prokka --genus Staphylococcus --prefix PROKKA_CP014365 --addgenes --addmrna --locustag CP014365_SCCmec /home/fsepulveda/Documents/parte2/229_sccmec/sccmec_CP014365.fasta
[17:08:29] Appending to PATH: /home/fsepulveda/Desktop/tesis/sccmec_classification/prokka-1.12/bin/../binaries/linux
[17:08:29] Appending to PATH: /home/fsepulveda/Desktop/tesis/sccmec_classification/prokka-1.12/bin/../binaries/linux/../common
[17:08:29] Appending to PATH: /home/fsepulveda/Desktop/tesis/sccmec_classification/prokka-1.12/bin
[17:08:29] Looking for 'aragorn' - found /home/fsepulveda/Desktop/tesis/sccmec_classification/prokka-1.12/bin/../binaries/linux/aragorn
[17:08:29] Determined aragorn version is 1.2
[17:08:29] Looking for 'blastp' - found /usr/bin/blastp
[17:08:29] Determined blastp version is 2.2
[17:08:29] Looking for 'cmpress' - found /usr/bin/cmpress
[17:08:29] Determined cmpress version is 1.1
[17:08:29] Looking for 'cmscan' - found /usr/bin/cmscan
[17:08:30] Determined cmscan version is 1.1
[17:08:30] Looking for 'egrep' - found /bin/egrep
[17:08:30] Looking for 'find' - found /usr/bin/find
[17:08:30] Looking for 'grep' - found /bin/grep
[17:08:30] Looking for 'hmmpress' - found /usr/bin/hmmpress
[17:08:30] Determined hmmpress version is 3.1
[17:08:30] Looking for 'hmmscan' - found /usr/bin/hmmscan
[17:08:30] Determined hmmscan version is 3.1
[17:08:30] Looking for 'java' - found /usr/bin/java
[17:08:30] Looking for 'less' - found /usr/bin/less
[17:08:30] Looking for 'makeblastdb' - found /usr/bin/makeblastdb
[17:08:30] Determined makeblastdb version is 2.2
[17:08:30] Looking for 'minced' - found /home/fsepulveda/Desktop/tesis/sccmec_classification/prokka-1.12/bin/../binaries/linux/../common/minced
[17:08:30] Determined minced version is 2.0
[17:08:30] Looking for 'parallel' - found /home/fsepulveda/Desktop/tesis/sccmec_classification/prokka-1.12/bin/../binaries/linux/../common/parallel
[17:08:30] Determined parallel version is 20150122
[17:08:30] Looking for 'prodigal' - found /home/fsepulveda/Desktop/tesis/sccmec_classification/prokka-1.12/bin/../binaries/linux/prodigal
[17:08:30] Determined prodigal version is 2.6
[17:08:30] Looking for 'prokka-genbank_to_fasta_db' - found /home/fsepulveda/Desktop/tesis/sccmec_classification/prokka-1.12/bin/prokka-genbank_to_fasta_db
[17:08:30] Looking for 'sed' - found /bin/sed
[17:08:30] Looking for 'tbl2asn' - found /home/fsepulveda/Desktop/tesis/sccmec_classification/prokka-1.12/bin/../binaries/linux/tbl2asn
[17:08:30] Determined tbl2asn version is 25.3
[17:08:30] Using genetic code table 11.
[17:08:30] Loading and checking input file: /home/fsepulveda/Documents/parte2/229_sccmec/sccmec_CP014365.fasta
[17:08:30] Wrote 1 contigs totalling 54926 bp.
[17:08:30] Predicting tRNAs and tmRNAs
[17:08:30] Running: aragorn -l -gc11  -w PROKKA_CP014365\/PROKKA_CP014365\.fna
[17:08:30] Found 0 tRNAs
[17:08:30] Predicting Ribosomal RNAs
[17:08:30] You need either Barrnap or RNAmmer installed to predict rRNAs!
[17:08:30] Skipping ncRNA search, enable with --rfam if desired.
[17:08:30] Total of 0 tRNA + rRNA features
[17:08:30] Searching for CRISPR repeats
[17:08:30] Found 0 CRISPRs
[17:08:30] Predicting coding sequences
[17:08:30] Contigs total 54926 bp, so using meta mode
[17:08:30] Running: prodigal -i PROKKA_CP014365\/PROKKA_CP014365\.fna -c -m -g 11 -p meta -f sco -q
[17:08:30] Found 56 CDS
[17:08:30] Connecting features back to sequences
[17:08:30] Not using genus-specific database. Try --usegenus to enable it.
[17:08:30] Annotating CDS, please be patient.
[17:08:30] Will use 4 CPUs for similarity searching.
[17:08:30] There are still 56 unannotated CDS left (started with 56)
[17:08:30] Will use blast to search against /home/fsepulveda/Desktop/tesis/sccmec_classification/prokka-1.12/bin/../db/kingdom/Bacteria/sprot with 4 CPUs
[17:08:30] Running: cat PROKKA_CP014365\/sprot\.faa | parallel --gnu --plain -j 4 --block 1812 --recstart '>' --pipe blastp -query - -db /home/fsepulveda/Desktop/tesis/sccmec_classification/prokka-1.12/bin/../db/kingdom/Bacteria/sprot -evalue 1e-06 -num_threads 1 -num_descriptions 1 -num_alignments 1 -seg no > PROKKA_CP014365\/sprot\.blast 2> /dev/null
[17:08:32] Deleting unwanted file: PROKKA_CP014365/sprot.faa
[17:08:32] Deleting unwanted file: PROKKA_CP014365/sprot.blast
[17:08:32] There are still 33 unannotated CDS left (started with 56)
[17:08:32] Will use hmmer3 to search against /home/fsepulveda/Desktop/tesis/sccmec_classification/prokka-1.12/bin/../db/hmm/HAMAP.hmm with 4 CPUs
[17:08:32] Running: cat PROKKA_CP014365\/HAMAP\.hmm\.faa | parallel --gnu --plain -j 4 --block 817 --recstart '>' --pipe hmmscan --noali --notextw --acc -E 1e-06 --cpu 1 /home/fsepulveda/Desktop/tesis/sccmec_classification/prokka-1.12/bin/../db/hmm/HAMAP.hmm /dev/stdin > PROKKA_CP014365\/HAMAP\.hmm\.hmmer3 2> /dev/null
[17:08:33] Deleting unwanted file: PROKKA_CP014365/HAMAP.hmm.faa
[17:08:33] Deleting unwanted file: PROKKA_CP014365/HAMAP.hmm.hmmer3
[17:08:33] Labelling remaining 32 proteins as 'hypothetical protein'
[17:08:33] Possible /pseudo 'DNA-invertase hin' at sccmec_saures_CP014365_l54926 position 13711
[17:08:33] Found 22 unique /gene codes.
[17:08:33] Fixed 2 duplicate /gene - hin_1 hin_2
[17:08:33] Fixed 1 colliding /gene names.
[17:08:33] Adding /locus_tag identifiers
[17:08:33] Assigned 56 locus_tags to CDS and RNA features.
[17:08:33] Writing outputs to PROKKA_CP014365/
[17:08:33] Generating annotation statistics file
[17:08:33] Generating Genbank and Sequin files
[17:08:33] Running: tbl2asn -V b -a r10k -l paired-ends -M n -N 1 -y 'Annotated using prokka 1.12 from https://github.com/tseemann/prokka' -Z PROKKA_CP014365\/PROKKA_CP014365\.err -i PROKKA_CP014365\/PROKKA_CP014365\.fsa 2> /dev/null
[17:08:33] Deleting unwanted file: PROKKA_CP014365/errorsummary.val
[17:08:33] Deleting unwanted file: PROKKA_CP014365/PROKKA_CP014365.dr
[17:08:33] Deleting unwanted file: PROKKA_CP014365/PROKKA_CP014365.fixedproducts
[17:08:33] Deleting unwanted file: PROKKA_CP014365/PROKKA_CP014365.ecn
[17:08:33] Deleting unwanted file: PROKKA_CP014365/PROKKA_CP014365.val
[17:08:33] Repairing broken .GBK output that tbl2asn produces...
[17:08:33] Running: sed 's/COORDINATES: profile/COORDINATES:profile/' < PROKKA_CP014365\/PROKKA_CP014365\.gbf > PROKKA_CP014365\/PROKKA_CP014365\.gbk
[17:08:33] Deleting unwanted file: PROKKA_CP014365/PROKKA_CP014365.gbf
[17:08:33] Output files:
[17:08:33] PROKKA_CP014365/PROKKA_CP014365.fsa
[17:08:33] PROKKA_CP014365/PROKKA_CP014365.fna
[17:08:33] PROKKA_CP014365/PROKKA_CP014365.txt
[17:08:33] PROKKA_CP014365/PROKKA_CP014365.log
[17:08:33] PROKKA_CP014365/PROKKA_CP014365.gbk
[17:08:33] PROKKA_CP014365/PROKKA_CP014365.faa
[17:08:33] PROKKA_CP014365/PROKKA_CP014365.tbl
[17:08:33] PROKKA_CP014365/PROKKA_CP014365.ffn
[17:08:33] PROKKA_CP014365/PROKKA_CP014365.tsv
[17:08:33] PROKKA_CP014365/PROKKA_CP014365.sqn
[17:08:33] PROKKA_CP014365/PROKKA_CP014365.gff
[17:08:33] PROKKA_CP014365/PROKKA_CP014365.err
[17:08:33] Annotation finished successfully.
[17:08:33] Walltime used: 0.07 minutes
[17:08:33] If you use this result please cite the Prokka paper:
[17:08:33] Seemann T (2014) Prokka: rapid prokaryotic genome annotation. Bioinformatics. 30(14):2068-9.
[17:08:33] Type 'prokka --citation' for more details.
[17:08:33] Thank you, come again.
