[19:54:42] This is prokka 1.12
[19:54:42] Written by Torsten Seemann <torsten.seemann@gmail.com>
[19:54:42] Homepage is https://github.com/tseemann/prokka
[19:54:42] Local time is Sun May  7 19:54:42 2017
[19:54:42] You are fsepulveda
[19:54:42] Operating system is linux
[19:54:42] You have BioPerl 1.006924
[19:54:42] System has 4 cores.
[19:54:42] Option --cpu asked for 8 cores, but system only has 4
[19:54:42] Will use maximum of 4 cores.
[19:54:42] Annotating as >>> Bacteria <<<
[19:54:42] Enabling options to ensure Genbank/ENA/DDJB submission compliance.
[19:54:42] Creating new output folder: /home/fsepulveda/Desktop/working_dir/output_sa7172/output_prokka
[19:54:42] Running: mkdir -p \/home\/fsepulveda\/Desktop\/working_dir\/output_sa7172\/output_prokka
[19:54:42] Using filename prefix: PROKKA_05072017.XXX
[19:54:42] Setting HMMER_NCPU=1
[19:54:42] Writing log to: /home/fsepulveda/Desktop/working_dir/output_sa7172/output_prokka/PROKKA_05072017.log
[19:54:42] Command: /home/fsepulveda/Desktop/tesis/sccmec_classification/prokka-1.12/bin/prokka --kingdom Bacteria --outdir /home/fsepulveda/Desktop/working_dir/output_sa7172/output_prokka --quiet --genus Staphylococcus --locustag saureus --centre 10 --compliant /home/fsepulveda/Desktop/working_dir/input/sa7172.fasta
[19:54:42] Appending to PATH: /home/fsepulveda/Desktop/tesis/sccmec_classification/prokka-1.12/bin/../binaries/linux
[19:54:42] Appending to PATH: /home/fsepulveda/Desktop/tesis/sccmec_classification/prokka-1.12/bin/../binaries/linux/../common
[19:54:42] Appending to PATH: /home/fsepulveda/Desktop/tesis/sccmec_classification/prokka-1.12/bin
[19:54:42] Looking for 'aragorn' - found /home/fsepulveda/Desktop/tesis/sccmec_classification/prokka-1.12/bin/../binaries/linux/aragorn
[19:54:42] Determined aragorn version is 1.2
[19:54:42] Looking for 'blastp' - found /usr/bin/blastp
[19:54:42] Determined blastp version is 2.2
[19:54:42] Looking for 'cmpress' - found /usr/bin/cmpress
[19:54:42] Determined cmpress version is 1.1
[19:54:42] Looking for 'cmscan' - found /usr/bin/cmscan
[19:54:42] Determined cmscan version is 1.1
[19:54:42] Looking for 'egrep' - found /bin/egrep
[19:54:42] Looking for 'find' - found /usr/bin/find
[19:54:42] Looking for 'grep' - found /bin/grep
[19:54:42] Looking for 'hmmpress' - found /usr/bin/hmmpress
[19:54:42] Determined hmmpress version is 3.1
[19:54:42] Looking for 'hmmscan' - found /usr/bin/hmmscan
[19:54:42] Determined hmmscan version is 3.1
[19:54:42] Looking for 'java' - found /usr/bin/java
[19:54:42] Looking for 'less' - found /usr/bin/less
[19:54:42] Looking for 'makeblastdb' - found /usr/bin/makeblastdb
[19:54:42] Determined makeblastdb version is 2.2
[19:54:42] Looking for 'minced' - found /home/fsepulveda/Desktop/tesis/sccmec_classification/prokka-1.12/bin/../binaries/linux/../common/minced
[19:54:42] Determined minced version is 2.0
[19:54:42] Looking for 'parallel' - found /home/fsepulveda/Desktop/tesis/sccmec_classification/prokka-1.12/bin/../binaries/linux/../common/parallel
[19:54:42] Determined parallel version is 20150122
[19:54:42] Looking for 'prodigal' - found /home/fsepulveda/Desktop/tesis/sccmec_classification/prokka-1.12/bin/../binaries/linux/prodigal
[19:54:42] Determined prodigal version is 2.6
[19:54:42] Looking for 'prokka-genbank_to_fasta_db' - found /home/fsepulveda/Desktop/tesis/sccmec_classification/prokka-1.12/bin/prokka-genbank_to_fasta_db
[19:54:42] Looking for 'sed' - found /bin/sed
[19:54:42] Looking for 'tbl2asn' - found /home/fsepulveda/Desktop/tesis/sccmec_classification/prokka-1.12/bin/../binaries/linux/tbl2asn
[19:54:42] Determined tbl2asn version is 25.3
[19:54:42] Using genetic code table 11.
[19:54:42] Loading and checking input file: /home/fsepulveda/Desktop/working_dir/input/sa7172.fasta
[19:54:42] Skipping short (<200 bp) contig: Sa7172_NODE_138_length_172_cov_38.8444_ID_275
[19:54:42] Skipping short (<200 bp) contig: Sa7172_NODE_139_length_153_cov_43.8462_ID_277
[19:54:42] Skipping short (<200 bp) contig: Sa7172_NODE_140_length_145_cov_66.9444_ID_279
[19:54:42] Skipping short (<200 bp) contig: Sa7172_NODE_141_length_144_cov_68.0588_ID_281
[19:54:42] Skipping short (<200 bp) contig: Sa7172_NODE_142_length_141_cov_35.7857_ID_283
[19:54:42] Skipping short (<200 bp) contig: Sa7172_NODE_143_length_137_cov_29.3_ID_285
[19:54:42] Skipping short (<200 bp) contig: Sa7172_NODE_144_length_128_cov_614_ID_287
[19:54:42] Wrote 137 contigs totalling 2939939 bp.
[19:54:42] Predicting tRNAs and tmRNAs
[19:54:42] Running: aragorn -l -gc11  -w \/home\/fsepulveda\/Desktop\/working_dir\/output_sa7172\/output_prokka\/PROKKA_05072017\.fna
[19:54:43] 1 tRNA-Asp c[12102,12174] 34 (gtc)
[19:54:43] 2 tRNA-Glu c[12182,12256] 34 (ttc)
[19:54:43] 1 tRNA-Arg c[113865,113937] 34 (ccg)
[19:54:43] 2 tmRNA [130067,130425] 94,129 GKSNNNFAVAA*
[19:54:43] 1 tRNA-Ser c[33212,33302] 37 (gct)
[19:54:43] 2 tRNA-Asn c[33304,33378] 33 (gtt)
[19:54:43] 1 tRNA-Ser [43889,43981] 37 (tga)
[19:54:43] 1 tRNA-Arg c[10122,10197] 36 (tct)
[19:54:43] 1 tRNA-Ala c[142,217] 34 (tgc)
[19:54:43] 2 tRNA-Pro c[241,314] 35 (tgg)
[19:54:43] 3 tRNA-Arg c[335,411] 35 (acg)
[19:54:43] 4 tRNA-Leu c[417,505] 35 (taa)
[19:54:43] 5 tRNA-Gly c[513,587] 33 (gcc)
[19:54:43] 6 tRNA-Lys c[620,694] 35 (ttt)
[19:54:43] 7 tRNA-Thr c[700,775] 34 (tgt)
[19:54:43] 8 tRNA-Val c[792,867] 34 (tac)
[19:54:43] 1 tRNA-Ser c[4062,4150] 36 (gga)
[19:54:43] 2 tRNA-Glu c[4204,4277] 35 (ttc)
[19:54:43] 3 tRNA-Asn c[4278,4352] 33 (gtt)
[19:54:43] 4 tRNA-Gly c[4370,4443] 33 (tcc)
[19:54:43] 5 tRNA-His c[4459,4534] 34 (gtg)
[19:54:43] 6 tRNA-Phe c[4548,4620] 34 (gaa)
[19:54:43] 7 tRNA-Asp c[4637,4712] 34 (gtc)
[19:54:43] 8 tRNA-Met c[4734,4807] 35 (cat)
[19:54:43] 1 tRNA-Asn [137,211] 33 (gtt)
[19:54:43] 2 tRNA-Glu [212,285] 35 (ttc)
[19:54:43] 3 tRNA-Val [292,367] 34 (tac)
[19:54:43] 4 tRNA-Tyr [397,480] 35 (gta)
[19:54:43] 5 tRNA-Gln [490,564] 33 (ttg)
[19:54:43] 6 tRNA-Lys [568,641] 34 (ttt)
[19:54:43] 1 tRNA-Met c[53,128] 36 (cat)
[19:54:43] 2 tRNA-Ser c[142,234] 37 (tga)
[19:54:43] 3 tRNA-Asp c[273,348] 34 (gtc)
[19:54:43] 4 tRNA-Ser c[358,449] 38 (tga)
[19:54:43] 5 tRNA-Met c[458,531] 35 (cat)
[19:54:43] 6 tRNA-Met c[559,633] 35 (cat)
[19:54:43] 7 tRNA-Ala c[655,730] 34 (tgc)
[19:54:43] 8 tRNA-Pro c[748,821] 35 (tgg)
[19:54:43] 9 tRNA-Arg c[830,905] 36 (acg)
[19:54:43] 10 tRNA-Leu c[923,1011] 35 (taa)
[19:54:43] 11 tRNA-Gly c[1022,1096] 33 (gcc)
[19:54:43] 12 tRNA-Leu c[1099,1182] 36 (tag)
[19:54:43] 13 tRNA-Lys c[1185,1260] 34 (ttt)
[19:54:43] 14 tRNA-Thr c[1266,1341] 34 (tgt)
[19:54:43] 15 tRNA-Val c[1358,1433] 34 (tac)
[19:54:43] 1 tRNA-Ala c[122,197] 34 (tgc)
[19:54:43] 2 tRNA-Ile c[216,292] 35 (gat)
[19:54:43] 1 tRNA-Ile c[122,198] 35 (gat)
[19:54:43] Found 48 tRNAs
[19:54:43] Predicting Ribosomal RNAs
[19:54:43] You need either Barrnap or RNAmmer installed to predict rRNAs!
[19:54:43] Skipping ncRNA search, enable with --rfam if desired.
[19:54:43] Total of 47 tRNA + rRNA features
[19:54:43] Searching for CRISPR repeats
[19:54:43] Found 0 CRISPRs
[19:54:43] Predicting coding sequences
[19:54:43] Contigs total 2939939 bp, so using single mode
[19:54:43] Running: prodigal -i \/home\/fsepulveda\/Desktop\/working_dir\/output_sa7172\/output_prokka\/PROKKA_05072017\.fna -c -m -g 11 -p single -f sco -q
[19:54:47] Found 2767 CDS
[19:54:47] Connecting features back to sequences
[19:54:47] Not using genus-specific database. Try --usegenus to enable it.
[19:54:47] Annotating CDS, please be patient.
[19:54:47] Will use 4 CPUs for similarity searching.
[19:54:48] There are still 2767 unannotated CDS left (started with 2767)
[19:54:48] Will use blast to search against /home/fsepulveda/Desktop/tesis/sccmec_classification/prokka-1.12/bin/../db/kingdom/Bacteria/sprot with 4 CPUs
[19:54:48] Running: cat \/home\/fsepulveda\/Desktop\/working_dir\/output_sa7172\/output_prokka\/sprot\.faa | parallel --gnu --plain -j 4 --block 104166 --recstart '>' --pipe blastp -query - -db /home/fsepulveda/Desktop/tesis/sccmec_classification/prokka-1.12/bin/../db/kingdom/Bacteria/sprot -evalue 1e-06 -num_threads 1 -num_descriptions 1 -num_alignments 1 -seg no > \/home\/fsepulveda\/Desktop\/working_dir\/output_sa7172\/output_prokka\/sprot\.blast 2> /dev/null
[19:55:46] Modify product: Uncharacterized oxidoreductase MSMEG_2408/MSMEI_2347 => putative oxidoreductase/MSMEI_2347
[19:55:46] Modify product: Uncharacterized hydrolase SA2005 => putative hydrolase
[19:55:46] Modify product: Probable glucose uptake protein GlcU => putative glucose uptake protein GlcU
[19:55:46] Modify product: Uncharacterized HTH-type transcriptional regulator SAR2349 => putative HTH-type transcriptional regulator
[19:55:46] Modify product: Probable molybdenum cofactor guanylyltransferase => putative molybdenum cofactor guanylyltransferase
[19:55:46] Modify product: Urea transporter DVU1160 => Urea transporter
[19:55:46] Modify product: Putative 2-hydroxyacid dehydrogenase SA2098 => Putative 2-hydroxyacid dehydrogenase
[19:55:46] Modify product: Putative formate dehydrogenase SA2102 => Putative formate dehydrogenase
[19:55:46] Modify product: Uncharacterized HTH-type transcriptional regulator YbbH => putative HTH-type transcriptional regulator YbbH
[19:55:46] Modify product: Probable transport protein YifK => putative transport protein YifK
[19:55:46] Modify product: Phosphorylated carbohydrates phosphatase TM_1254 => Phosphorylated carbohydrates phosphatase
[19:55:46] Modify product: Uncharacterized oxidoreductase YghA => putative oxidoreductase YghA
[19:55:46] Modify product: Uncharacterized hydrolase YxeP => putative hydrolase YxeP
[19:55:46] Modify product: Probable multidrug resistance protein EmrK => putative multidrug resistance protein EmrK
[19:55:46] Modify product: Uncharacterized ABC transporter permease Rv0072 => putative ABC transporter permease
[19:55:46] Modify product: Uncharacterized HTH-type transcriptional regulator SACOL2360 => putative HTH-type transcriptional regulator
[19:55:46] Modify product: Probable malate:quinone oxidoreductase 1 => putative malate:quinone oxidoreductase 1
[19:55:46] Modify product: Uncharacterized lipoprotein SA2158 => putative lipoprotein
[19:55:46] Modify product: Probable nitrate transporter NarT => putative nitrate transporter NarT
[19:55:46] Modify product: Probable nitrate reductase molybdenum cofactor assembly chaperone NarW => putative nitrate reductase molybdenum cofactor assembly chaperone NarW
[19:55:46] Modify product: Uncharacterized N-acetyltransferase YtmI => putative N-acetyltransferase YtmI
[19:55:46] Modify product: Probable amino-acid ABC transporter-binding protein HI_1080 => putative amino-acid ABC transporter-binding protein
[19:55:46] Modify product: Uncharacterized ABC transporter ATP-binding protein TM_0288 => putative ABC transporter ATP-binding protein
[19:55:46] Modify product: Putative multidrug export ATP-binding/permease protein SA1683 => Putative multidrug export ATP-binding/permease protein
[19:55:47] Modify product: Probable iron export permease protein FetB => putative iron export permease protein FetB
[19:55:47] Modify product: Probable iron export ATP-binding protein FetA => putative iron export ATP-binding protein FetA
[19:55:47] Modify product: Uncharacterized lipoprotein YehR => putative lipoprotein YehR
[19:55:47] Modify product: Probable poly-beta-1,6-N-acetyl-D-glucosamine export protein => putative poly-beta-1,6-N-acetyl-D-glucosamine export protein
[19:55:47] Modify product: Probable antitoxin YezG => putative antitoxin YezG
[19:55:47] Modify product: Probable antitoxin YezG => putative antitoxin YezG
[19:55:47] Modify product: Probable antitoxin YezG => putative antitoxin YezG
[19:55:47] Modify product: Probable antitoxin YezG => putative antitoxin YezG
[19:55:47] Modify product: Probable antitoxin YezG => putative antitoxin YezG
[19:55:47] Modify product: Probable antitoxin YezG => putative antitoxin YezG
[19:55:47] Modify product: Probable formate transporter 1 => putative formate transporter 1
[19:55:47] Modify product: Uncharacterized ABC transporter permease Rv0072 => putative ABC transporter permease
[19:55:47] Modify product: Uncharacterized HTH-type transcriptional regulator YbbH => putative HTH-type transcriptional regulator YbbH
[19:55:47] Modify product: Uncharacterized oxidoreductase SpyM50865 => putative oxidoreductase
[19:55:47] Modify product: Probable licABCH operon regulator => putative licABCH operon regulator
[19:55:47] Modify product: NAD(P)H-dependent FAD/FMN reductase GTNG_3158 => NAD(P)H-dependent FAD/FMN reductase
[19:55:47] Modify product: Probable iron uptake system component EfeM => putative iron uptake system component EfeM
[19:55:47] Modify product: Efem/EfeO family lipoprotein NMB0035 => Efem/EfeO family lipoprotein
[19:55:47] Modify product: Probable deferrochelatase/peroxidase EfeN => putative deferrochelatase/peroxidase EfeN
[19:55:47] Modify product: Probable acetyl-CoA acyltransferase => putative acetyl-CoA acyltransferase
[19:55:47] Modify product: Probable chromosome-partitioning protein ParB => putative chromosome-partitioning protein ParB
[19:55:47] Modify product: Uncharacterized MscS family protein YkuT => putative MscS family protein YkuT
[19:55:47] Modify product: Probable cell wall hydrolase LytN => putative cell wall hydrolase LytN
[19:55:47] Modify product: Probable mannose-6-phosphate isomerase GmuF => putative mannose-6-phosphate isomerase GmuF
[19:55:47] Modify product: Probable DNA-directed RNA polymerase subunit delta => putative DNA-directed RNA polymerase subunit delta
[19:55:47] Modify product: Putative aldehyde dehydrogenase SAV2122 => Putative aldehyde dehydrogenase
[19:55:47] Modify product: Probable transglycosylase SceD => putative transglycosylase SceD
[19:55:47] Modify product: Putative phosphoesterase SA0873 => Putative phosphoesterase
[19:55:47] Modify product: Probable glycolipid permease LtaA => putative glycolipid permease LtaA
[19:55:47] Modify product: Serine protease HtrA-like => Serine protease HtrA-like protein
[19:55:47] Modify product: Uncharacterized ABC transporter ATP-binding protein Rv0986 => putative ABC transporter ATP-binding protein
[19:55:47] Modify product: Acetyltransferase SACOL1063 => Acetyltransferase
[19:55:47] Modify product: Probable quinol oxidase subunit 1 => putative quinol oxidase subunit 1
[19:55:47] Modify product: Probable quinol oxidase subunit 2 => putative quinol oxidase subunit 2
[19:55:47] Modify product: Bifunctional protein FolD => Bifunctional protein FolD protein
[19:55:47] Modify product: Probable siderophore biosynthesis protein SbnA => putative siderophore biosynthesis protein SbnA
[19:55:47] Modify product: Probable siderophore-binding lipoprotein YfiY => putative siderophore-binding lipoprotein YfiY
[19:55:47] Modify product: Probable siderophore transport system permease protein YfiZ => putative siderophore transport system permease protein YfiZ
[19:55:47] Modify product: Probable siderophore transport system permease protein YfhA => putative siderophore transport system permease protein YfhA
[19:55:47] Modify product: Probable amino-acid metabolite efflux pump => putative amino-acid metabolite efflux pump
[19:55:47] Modify product: Uncharacterized hydrolase YxeP => putative hydrolase YxeP
[19:55:47] Modify product: Uncharacterized lipoprotein SAOUHSC_00053 => putative lipoprotein
[19:55:47] Modify product: Uncharacterized lipoprotein SAOUHSC_00053 => putative lipoprotein
[19:55:47] Modify product: Uncharacterized lipoprotein SAOUHSC_00053 => putative lipoprotein
[19:55:47] Modify product: Uncharacterized lipoprotein SAOUHSC_00053 => putative lipoprotein
[19:55:47] Modify product: Uncharacterized lipoprotein SAOUHSC_00052 => putative lipoprotein
[19:55:47] Modify product: Probable tRNA-dihydrouridine synthase => putative tRNA-dihydrouridine synthase
[19:55:47] Modify product: Probable GTP-binding protein EngB => putative GTP-binding protein EngB
[19:55:47] Modify product: Putative zinc metalloprotease SA1105 => Putative zinc metalloprotease
[19:55:47] Modify product: Probable ribosomal protein YlxQ => putative ribosomal protein YlxQ
[19:55:47] Modify product: Probable transcriptional regulator PhnF => putative transcriptional regulator PhnF
[19:55:47] Modify product: Uncharacterized zinc protease Rv2782c => putative zinc protease
[19:55:47] Modify product: Glutathione peroxidase homolog BsaA => Glutathione peroxidase  BsaA
[19:55:47] Modify product: TelA-like protein SA1238 => TelA-like protein
[19:55:47] Modify product: Probable CtpA-like serine protease => putative CtpA-like serine protease
[19:55:47] Modify product: DegV domain-containing protein MW1315 => DegV domain-containing protein
[19:55:47] Modify product: Probable ATP-dependent helicase DinG homolog => putative ATP-dependent helicase DinG 
[19:55:47] Modify product: Uncharacterized ABC transporter ATP-binding protein YxlF => putative ABC transporter ATP-binding protein YxlF
[19:55:47] Modify product: Probable glucose uptake protein GlcU => putative glucose uptake protein GlcU
[19:55:47] Modify product: Uncharacterized HTH-type transcriptional regulator YydK => putative HTH-type transcriptional regulator YydK
[19:55:47] Modify product: Uncharacterized glycosyltransferase EpsJ => putative glycosyltransferase EpsJ
[19:55:47] Modify product: Probable 3-hydroxyacyl-CoA dehydrogenase => putative 3-hydroxyacyl-CoA dehydrogenase
[19:55:47] Modify product: Uncharacterized sensor-like histidine kinase SACOL0202 => putative sensor-like histidine kinase
[19:55:47] Modify product: Uncharacterized response regulatory protein SA0215 => putative response regulatory protein
[19:55:47] Modify product: Uncharacterized lipoprotein SAOUHSC_00053 => putative lipoprotein
[19:55:47] Modify product: Probable sulfoacetate transporter SauU => putative sulfoacetate transporter SauU
[19:55:47] Modify product: Uncharacterized membrane protein Rv0364 => putative membrane protein
[19:55:47] Modify product: Uncharacterized ABC transporter ATP-binding protein YxlF => putative ABC transporter ATP-binding protein YxlF
[19:55:47] Modify product: Putative NAD(P)H nitroreductase SA2311 => Putative NAD(P)H nitroreductase
[19:55:47] Modify product: Probable peptide export ATP-binding protein YydI => putative peptide export ATP-binding protein YydI
[19:55:47] Modify product: Probable peptide export permease protein YydJ => putative peptide export permease protein YydJ
[19:55:47] Modify product: Uncharacterized inner membrane transporter YicL => putative inner membrane transporter YicL
[19:55:47] Modify product: Putative esterase aq_1494 => Putative esterase
[19:55:47] Modify product: Putative acetyltransferase SA2342 => Putative acetyltransferase
[19:55:47] Modify product: Probable transglycosylase IsaA => putative transglycosylase IsaA
[19:55:47] Modify product: Uncharacterized hydrolase SA2367 => putative hydrolase
[19:55:47] Modify product: N-acetylmuramoyl-L-alanine amidase domain-containing protein SAOUHSC_02979 => N-acetylmuramoyl-L-alanine amidase domain-containing protein
[19:55:47] Modify product: Glutathione peroxidase homolog BsaA => Glutathione peroxidase  BsaA
[19:55:47] Modify product: Probable transcriptional regulatory protein SA0624 => putative transcriptional regulatory protein
[19:55:47] Modify product: Putative multidrug export ATP-binding/permease protein SA1683 => Putative multidrug export ATP-binding/permease protein
[19:55:47] Modify product: Putative lipid kinase SA0681 => Putative lipid kinase
[19:55:47] Modify product: Probable ABC transporter permease protein HI_1471 => putative ABC transporter permease protein
[19:55:47] Modify product: Probable siderophore transport system ATP-binding protein YusV => putative siderophore transport system ATP-binding protein YusV
[19:55:47] Modify product: Uncharacterized ABC transporter solute-binding protein YclQ => putative ABC transporter solute-binding protein YclQ
[19:55:47] Modify product: Uncharacterized ABC transporter solute-binding protein YclQ => putative ABC transporter solute-binding protein YclQ
[19:55:47] Modify product: Probable undecaprenyl-phosphate N-acetylglucosaminyl 1-phosphate transferase => putative undecaprenyl-phosphate N-acetylglucosaminyl 1-phosphate transferase
[19:55:47] Modify product: DegV domain-containing protein SA0704 => DegV domain-containing protein
[19:55:48] Modify product: Nucleotide-binding protein SA0720 => Nucleotide-binding protein
[19:55:48] Modify product: Epimerase family protein SA0724 => Epimerase family protein
[19:55:48] Modify product: Probable protein-export membrane protein SecG => putative protein-export membrane protein SecG
[19:55:48] Modify product: Uncharacterized oxidoreductase SA2266 => putative oxidoreductase
[19:55:48] Modify product: Probable multidrug-efflux transporter Rv1258c => putative multidrug-efflux transporter
[19:55:48] Modify product: N utilization substance protein B homolog => N utilization substance protein B 
[19:55:48] Modify product: Probable adenylyltransferase/sulfurtransferase MoeZ => putative adenylyltransferase/sulfurtransferase MoeZ
[19:55:48] Modify product: Probable glycine dehydrogenase (decarboxylating) subunit 2 => putative glycine dehydrogenase (decarboxylating) subunit 2
[19:55:48] Modify product: Probable glycine dehydrogenase (decarboxylating) subunit 1 => putative glycine dehydrogenase (decarboxylating) subunit 1
[19:55:48] Modify product: Probable metallo-hydrolase M6_Spy0554 => putative metallo-hydrolase
[19:55:48] Modify product: Probable endonuclease 4 => putative endonuclease 4
[19:55:48] Modify product: GTP cyclohydrolase 1 type 2 homolog => GTP cyclohydrolase 1 type 2 
[19:55:48] Modify product: Probable nicotinate-nucleotide adenylyltransferase => putative nicotinate-nucleotide adenylyltransferase
[19:55:48] Modify product: RNA-binding protein HI_1333 => RNA-binding protein
[19:55:48] Modify product: Uncharacterized protease YdcP => putative protease YdcP
[19:55:48] Modify product: Uncharacterized protease YdcP => putative protease YdcP
[19:55:48] Modify product: Putative O-methyltransferase MSMEG_5073/MSMEI_4947 => Putative O-methyltransferase/MSMEI_4947
[19:55:48] Modify product: Probable dual-specificity RNA methyltransferase RlmN => putative dual-specificity RNA methyltransferase RlmN
[19:55:48] Modify product: Probable cell wall hydrolase LytN => putative cell wall hydrolase LytN
[19:55:48] Modify product: Probable D-methionine-binding lipoprotein MetQ => putative D-methionine-binding lipoprotein MetQ
[19:55:48] Modify product: Nucleoid-associated protein SA0437 => Nucleoid-associated protein
[19:55:48] Modify product: Uncharacterized N-acetyltransferase SA1019 => putative N-acetyltransferase
[19:55:48] Modify product: Uncharacterized AAA domain-containing protein Rv2559c => putative AAA domain-containing protein
[19:55:48] Modify product: Putative multidrug export ATP-binding/permease protein SA1683 => Putative multidrug export ATP-binding/permease protein
[19:55:48] Modify product: Uncharacterized acyl-CoA thioester hydrolase HI_0827 => putative acyl-CoA thioester hydrolase
[19:55:48] Modify product: Probable peptidoglycan glycosyltransferase FtsW => putative peptidoglycan glycosyltransferase FtsW
[19:55:48] Modify product: Uncharacterized ABC transporter ATP-binding protein YheS => putative ABC transporter ATP-binding protein YheS
[19:55:48] Modify product: Uncharacterized metallophosphoesterase YhaO => putative metallophosphoesterase YhaO
[19:55:48] Modify product: Probable glycerophosphodiester phosphodiesterase 1 => putative glycerophosphodiester phosphodiesterase 1
[19:55:48] Modify product: Probable heme-iron transport system permease protein IsdF => putative heme-iron transport system permease protein IsdF
[19:55:48] Modify product: Uncharacterized peptidase SA1530 => putative peptidase
[19:55:48] Modify product: Putative universal stress protein SA1532 => Putative universal stress protein
[19:55:48] Modify product: Probable thiol peroxidase => putative thiol peroxidase
[19:55:48] Modify product: Probable tRNA sulfurtransferase => putative tRNA sulfurtransferase
[19:55:48] Modify product: Putative dipeptidase SACOL1801 => Putative dipeptidase
[19:55:48] Modify product: Probable quorum-quenching lactonase YtnP => putative quorum-quenching lactonase YtnP
[19:55:48] Modify product: Uncharacterized oxidoreductase SpyM50865 => putative oxidoreductase
[19:55:48] Modify product: Putative esterase PA1618 => Putative esterase
[19:55:48] Modify product: NADH dehydrogenase-like protein SA0802 => NADH dehydrogenase-like protein
[19:55:48] Modify product: Uncharacterized ABC transporter ATP-binding protein YknY => putative ABC transporter ATP-binding protein YknY
[19:55:48] Modify product: Uncharacterized HTH-type transcriptional regulator YbbH => putative HTH-type transcriptional regulator YbbH
[19:55:48] Modify product: PTS system EIIBC component SA0186 => PTS system EIIBC component
[19:55:48] Modify product: Uncharacterized sugar transferase EpsL => putative sugar transferase EpsL
[19:55:48] Modify product: Probable branched-chain-amino-acid aminotransferase => putative branched-chain-amino-acid aminotransferase
[19:55:48] Modify product: Uncharacterized epimerase/dehydratase SA0511 => putative epimerase/dehydratase
[19:55:48] Modify product: Uncharacterized hydrolase YxeP => putative hydrolase YxeP
[19:55:48] Modify product: Ribosome-associated protein L7Ae-like => Ribosome-associated protein L7Ae-like protein
[19:55:48] Modify product: Uncharacterized PIN and TRAM-domain containing protein YacL => putative PIN and TRAM-domain containing protein YacL
[19:55:48] Modify product: Uncharacterized lipoprotein SA0397 => putative lipoprotein
[19:55:48] Modify product: Uncharacterized lipoprotein SA0397 => putative lipoprotein
[19:55:48] Modify product: Uncharacterized lipoprotein SAOUHSC_00053 => putative lipoprotein
[19:55:48] Modify product: Uncharacterized lipoprotein SAOUHSC_00053 => putative lipoprotein
[19:55:48] Modify product: Uncharacterized lipoprotein SA0397 => putative lipoprotein
[19:55:48] Modify product: Uncharacterized lipoprotein SAOUHSC_00053 => putative lipoprotein
[19:55:48] Modify product: Uncharacterized lipoprotein SA0397 => putative lipoprotein
[19:55:48] Modify product: Uncharacterized lipoprotein SA0397 => putative lipoprotein
[19:55:48] Modify product: Uncharacterized lipoprotein SAOUHSC_00053 => putative lipoprotein
[19:55:48] Modify product: Uncharacterized lipoprotein SA0397 => putative lipoprotein
[19:55:49] Modify product: Organic hydroperoxide resistance protein-like => Organic hydroperoxide resistance protein-like protein
[19:55:49] Modify product: Putative esterase aq_1494 => Putative esterase
[19:55:49] Modify product: Uncharacterized oxidoreductase SA2266 => putative oxidoreductase
[19:55:49] Modify product: Uncharacterized lipoprotein SA2273 => putative lipoprotein
[19:55:49] Modify product: Uncharacterized lipoprotein SA2273 => putative lipoprotein
[19:55:49] Modify product: Uncharacterized lipoprotein SA2273 => putative lipoprotein
[19:55:49] Modify product: Uncharacterized lipoprotein SA2273 => putative lipoprotein
[19:55:49] Modify product: Putative monooxygenase Rv1533 => Putative monooxygenase
[19:55:49] Modify product: Probable cysteine desulfurase => putative cysteine desulfurase
[19:55:49] Modify product: N-acetylmuramoyl-L-alanine amidase domain-containing protein SAOUHSC_02979 => N-acetylmuramoyl-L-alanine amidase domain-containing protein
[19:55:49] Modify product: Uncharacterized hydrolase YxeP => putative hydrolase YxeP
[19:55:49] Modify product: Uncharacterized ABC transporter ATP-binding protein YbiT => putative ABC transporter ATP-binding protein YbiT
[19:55:49] Modify product: Uncharacterized ABC transporter ATP-binding protein YknY => putative ABC transporter ATP-binding protein YknY
[19:55:49] Modify product: Probable ABC transporter permease protein HI_1471 => putative ABC transporter permease protein
[19:55:49] Modify product: Uncharacterized beta-barrel protein YwiB => putative beta-barrel protein YwiB
[19:55:49] Modify product: Probable L-asparaginase => putative L-asparaginase
[19:55:49] Modify product: Uncharacterized leukocidin-like protein 1 => putative leukocidin-like protein 1
[19:55:49] Modify product: Uncharacterized leukocidin-like protein 2 => putative leukocidin-like protein 2
[19:55:49] Modify product: Probable succinyl-diaminopimelate desuccinylase => putative succinyl-diaminopimelate desuccinylase
[19:55:49] Modify product: Probable cadmium-transporting ATPase => putative cadmium-transporting ATPase
[19:55:49] Modify product: Putative metallophosphoesterase MG207 homolog => Putative metallophosphoesterase MG207 
[19:55:49] Modify product: Probable malate:quinone oxidoreductase 2 => putative malate:quinone oxidoreductase 2
[19:55:49] Modify product: Uncharacterized amino acid permease YhdG => putative amino acid permease YhdG
[19:55:49] Modify product: Uncharacterized ABC transporter ATP-binding protein YlmA => putative ABC transporter ATP-binding protein YlmA
[19:55:49] Modify product: Uncharacterized sugar epimerase YhfK => putative sugar epimerase YhfK
[19:55:49] Modify product: Putative phosphatase M6_Spy0533 => Putative phosphatase
[19:55:49] Modify product: Probable tautomerase SA1195.1 => putative tautomerase.1
[19:55:49] Modify product: Probable cell wall hydrolase LytN => putative cell wall hydrolase LytN
[19:55:49] Modify product: Probable N-acetyl-alpha-D-glucosaminyl L-malate deacetylase 2 => putative N-acetyl-alpha-D-glucosaminyl L-malate deacetylase 2
[19:55:49] Modify product: Uncharacterized acyl--CoA ligase YhfT => putative acyl--CoA ligase YhfT
[19:55:49] Modify product: Uncharacterized amino acid permease YhdG => putative amino acid permease YhdG
[19:55:49] Modify product: Putative heme-dependent peroxidase SA0544 => Putative heme-dependent peroxidase
[19:55:49] Modify product: Probable pyridine nucleotide-disulfide oxidoreductase RclA => putative pyridine nucleotide-disulfide oxidoreductase RclA
[19:55:49] Modify product: Ribonuclease BC_0920 => Ribonuclease
[19:55:49] Modify product: Probable cell wall hydrolase LytN => putative cell wall hydrolase LytN
[19:55:49] Modify product: Zinc-type alcohol dehydrogenase-like protein SA1988 => Zinc-type alcohol dehydrogenase-like protein
[19:55:49] Modify product: Probable siderophore transport system permease protein YfiZ => putative siderophore transport system permease protein YfiZ
[19:55:49] Modify product: Probable uridylyltransferase SA1974 => putative uridylyltransferase
[19:55:49] Modify product: Probable transport protein HsrA => putative transport protein HsrA
[19:55:49] Modify product: Probable multidrug resistance protein EmrY => putative multidrug resistance protein EmrY
[19:55:49] Modify product: Uncharacterized ABC transporter ATP-binding protein YxlF => putative ABC transporter ATP-binding protein YxlF
[19:55:49] Modify product: Probable manganese-dependent inorganic pyrophosphatase => putative manganese-dependent inorganic pyrophosphatase
[19:55:49] Cleaned 211 /product names
[19:55:49] Deleting unwanted file: /home/fsepulveda/Desktop/working_dir/output_sa7172/output_prokka/sprot.faa
[19:55:49] Deleting unwanted file: /home/fsepulveda/Desktop/working_dir/output_sa7172/output_prokka/sprot.blast
[19:55:49] There are still 973 unannotated CDS left (started with 2767)
[19:55:49] Will use hmmer3 to search against /home/fsepulveda/Desktop/tesis/sccmec_classification/prokka-1.12/bin/../db/hmm/HAMAP.hmm with 4 CPUs
[19:55:49] Running: cat \/home\/fsepulveda\/Desktop\/working_dir\/output_sa7172\/output_prokka\/HAMAP\.hmm\.faa | parallel --gnu --plain -j 4 --block 24520 --recstart '>' --pipe hmmscan --noali --notextw --acc -E 1e-06 --cpu 1 /home/fsepulveda/Desktop/tesis/sccmec_classification/prokka-1.12/bin/../db/hmm/HAMAP.hmm /dev/stdin > \/home\/fsepulveda\/Desktop\/working_dir\/output_sa7172\/output_prokka\/HAMAP\.hmm\.hmmer3 2> /dev/null
[19:56:07] Modify product: Protein SprT-like => Protein SprT-like protein
[19:56:07] Cleaned 1 /product names
[19:56:07] Deleting unwanted file: /home/fsepulveda/Desktop/working_dir/output_sa7172/output_prokka/HAMAP.hmm.faa
[19:56:07] Deleting unwanted file: /home/fsepulveda/Desktop/working_dir/output_sa7172/output_prokka/HAMAP.hmm.hmmer3
[19:56:07] Labelling remaining 918 proteins as 'hypothetical protein'
[19:56:07] Possible /pseudo 'Ornithine carbamoyltransferase, catabolic' at gnl|10|saureus_2 position 126393
[19:56:07] Possible /pseudo 'putative ABC transporter solute-binding protein YclQ' at gnl|10|saureus_3 position 77031
[19:56:07] Possible /pseudo 'Enterotoxin type A' at gnl|10|saureus_4 position 105047
[19:56:07] Possible /pseudo 'putative protease YdcP' at gnl|10|saureus_4 position 116023
[19:56:07] Possible /pseudo 'Glucose--fructose oxidoreductase' at gnl|10|saureus_7 position 76718
[19:56:07] Possible /pseudo 'PTS system glucoside-specific EIICBA component' at gnl|10|saureus_8 position 42536
[19:56:07] Possible /pseudo 'putative antitoxin YezG' at gnl|10|saureus_9 position 16739
[19:56:07] Possible /pseudo 'putative antitoxin YezG' at gnl|10|saureus_9 position 17250
[19:56:07] Possible /pseudo 'putative antitoxin YezG' at gnl|10|saureus_9 position 17760
[19:56:07] Possible /pseudo 'putative antitoxin YezG' at gnl|10|saureus_9 position 18271
[19:56:07] Possible /pseudo 'Phosphate-import permease protein PhnE' at gnl|10|saureus_12 position 11567
[19:56:07] Possible /pseudo 'putative lipoprotein' at gnl|10|saureus_12 position 60562
[19:56:07] Possible /pseudo 'putative lipoprotein' at gnl|10|saureus_12 position 61397
[19:56:07] Possible /pseudo 'putative lipoprotein' at gnl|10|saureus_12 position 62232
[19:56:07] Possible /pseudo 'putative lipoprotein' at gnl|10|saureus_12 position 63054
[19:56:07] Possible /pseudo 'Putative fluoride ion transporter CrcB' at gnl|10|saureus_14 position 19250
[19:56:07] Possible /pseudo 'Signal peptidase IB' at gnl|10|saureus_15 position 35615
[19:56:07] Possible /pseudo 'putative lipoprotein' at gnl|10|saureus_18 position 4899
[19:56:07] Possible /pseudo 'putative lipoprotein' at gnl|10|saureus_18 position 5738
[19:56:07] Possible /pseudo 'putative lipoprotein' at gnl|10|saureus_18 position 6571
[19:56:07] Possible /pseudo 'putative lipoprotein' at gnl|10|saureus_18 position 7393
[19:56:07] Possible /pseudo 'putative lipoprotein' at gnl|10|saureus_18 position 8197
[19:56:07] Possible /pseudo 'putative lipoprotein' at gnl|10|saureus_18 position 9036
[19:56:07] Possible /pseudo 'putative lipoprotein' at gnl|10|saureus_18 position 9882
[19:56:07] Possible /pseudo 'putative lipoprotein' at gnl|10|saureus_18 position 10701
[19:56:07] Possible /pseudo 'putative lipoprotein' at gnl|10|saureus_18 position 11662
[19:56:07] Possible /pseudo 'Antibacterial protein 3' at gnl|10|saureus_19 position 10751
[19:56:07] Possible /pseudo 'Enterotoxin type D' at gnl|10|saureus_25 position 3066
[19:56:07] Possible /pseudo 'tRNA (cytidine(34)-2'-O)-methyltransferase' at gnl|10|saureus_25 position 31328
[19:56:07] Possible /pseudo 'N-(5'-phosphoribosyl)anthranilate isomerase' at gnl|10|saureus_30 position 18766
[19:56:07] Possible /pseudo 'Extracellular matrix protein-binding protein emp' at gnl|10|saureus_38 position 7284
[19:56:07] Possible /pseudo 'putative lipoprotein' at gnl|10|saureus_45 position 6972
[19:56:07] Possible /pseudo 'putative lipoprotein' at gnl|10|saureus_45 position 7857
[19:56:07] Possible /pseudo 'Na(+)/H(+) antiporter subunit A' at gnl|10|saureus_53 position 6933
[19:56:07] Possible /pseudo 'UDP-N-acetylmuramoyl-tripeptide--D-alanyl-D-alanine ligase' at gnl|10|saureus_67 position 4502
[19:56:07] Found 1459 unique /gene codes.
[19:56:07] Fixed 2 duplicate /gene - ugpQ_1 ugpQ_2
[19:56:07] Fixed 2 duplicate /gene - mnaA_1 mnaA_2
[19:56:07] Fixed 2 duplicate /gene - nhaK_1 nhaK_2
[19:56:07] Fixed 2 duplicate /gene - nth_1 nth_2
[19:56:07] Fixed 2 duplicate /gene - yclQ_1 yclQ_2
[19:56:07] Fixed 2 duplicate /gene - dnaX_1 dnaX_2
[19:56:07] Fixed 2 duplicate /gene - gatB_1 gatB_2
[19:56:07] Fixed 2 duplicate /gene - sdpR_1 sdpR_2
[19:56:07] Fixed 2 duplicate /gene - hsdM_1 hsdM_2
[19:56:07] Fixed 6 duplicate /gene - yezG_1 yezG_2 yezG_3 yezG_4 yezG_5 yezG_6
[19:56:07] Fixed 4 duplicate /gene - hin_1 hin_2 hin_3 hin_4
[19:56:07] Fixed 2 duplicate /gene - rnmV_1 rnmV_2
[19:56:07] Fixed 3 duplicate /gene - gsiD_1 gsiD_2 gsiD_3
[19:56:07] Fixed 2 duplicate /gene - gtf1_1 gtf1_2
[19:56:07] Fixed 2 duplicate /gene - queE_1 queE_2
[19:56:07] Fixed 2 duplicate /gene - yknY_1 yknY_2
[19:56:07] Fixed 2 duplicate /gene - oppF_1 oppF_2
[19:56:07] Fixed 6 duplicate /gene - lpl2_1 lpl2_2 lpl2_3 lpl2_4 lpl2_5 lpl2_6
[19:56:07] Fixed 2 duplicate /gene - pepT_1 pepT_2
[19:56:07] Fixed 2 duplicate /gene - lacC_1 lacC_2
[19:56:07] Fixed 2 duplicate /gene - ktrB_1 ktrB_2
[19:56:07] Fixed 2 duplicate /gene - est_1 est_2
[19:56:07] Fixed 2 duplicate /gene - scn_1 scn_2
[19:56:07] Fixed 3 duplicate /gene - yxlF_1 yxlF_2 yxlF_3
[19:56:07] Fixed 2 duplicate /gene - cynR_1 cynR_2
[19:56:07] Fixed 2 duplicate /gene - gfo_1 gfo_2
[19:56:07] Fixed 2 duplicate /gene - lctP_1 lctP_2
[19:56:07] Fixed 2 duplicate /gene - gltB_1 gltB_2
[19:56:07] Fixed 2 duplicate /gene - alr1_1 alr1_2
[19:56:07] Fixed 2 duplicate /gene - rsmH_1 rsmH_2
[19:56:07] Fixed 2 duplicate /gene - oatA_1 oatA_2
[19:56:07] Fixed 2 duplicate /gene - ywqD_1 ywqD_2
[19:56:07] Fixed 2 duplicate /gene - ysdC_1 ysdC_2
[19:56:07] Fixed 2 duplicate /gene - ileS_1 ileS_2
[19:56:07] Fixed 3 duplicate /gene - polC_1 polC_2 polC_3
[19:56:07] Fixed 2 duplicate /gene - polA_1 polA_2
[19:56:07] Fixed 2 duplicate /gene - nikB_1 nikB_2
[19:56:07] Fixed 2 duplicate /gene - manR_1 manR_2
[19:56:07] Fixed 4 duplicate /gene - entA_1 entA_2 entA_3 entA_4
[19:56:07] Fixed 2 duplicate /gene - yfmC_1 yfmC_2
[19:56:07] Fixed 2 duplicate /gene - cadC_1 cadC_2
[19:56:07] Fixed 2 duplicate /gene - aldC_1 aldC_2
[19:56:07] Fixed 2 duplicate /gene - cap8A_1 cap8A_2
[19:56:07] Fixed 3 duplicate /gene - bceB_1 bceB_2 bceB_3
[19:56:07] Fixed 2 duplicate /gene - crcB_1 crcB_2
[19:56:07] Fixed 2 duplicate /gene - bsaA_1 bsaA_2
[19:56:07] Fixed 3 duplicate /gene - yciC_1 yciC_2 yciC_3
[19:56:07] Fixed 2 duplicate /gene - gpmA_1 gpmA_2
[19:56:07] Fixed 2 duplicate /gene - sle1_1 sle1_2
[19:56:07] Fixed 2 duplicate /gene - emp_1 emp_2
[19:56:07] Fixed 2 duplicate /gene - mntH_1 mntH_2
[19:56:07] Fixed 2 duplicate /gene - suhB_1 suhB_2
[19:56:07] Fixed 4 duplicate /gene - yxeP_1 yxeP_2 yxeP_3 yxeP_4
[19:56:07] Fixed 2 duplicate /gene - trmL_1 trmL_2
[19:56:07] Fixed 2 duplicate /gene - lytM_1 lytM_2
[19:56:07] Fixed 2 duplicate /gene - cls_1 cls_2
[19:56:07] Fixed 3 duplicate /gene - mhqA_1 mhqA_2 mhqA_3
[19:56:07] Fixed 2 duplicate /gene - gloC_1 gloC_2
[19:56:07] Fixed 2 duplicate /gene - bltD_1 bltD_2
[19:56:07] Fixed 2 duplicate /gene - glcB_1 glcB_2
[19:56:07] Fixed 2 duplicate /gene - czcD_1 czcD_2
[19:56:07] Fixed 2 duplicate /gene - iucA_1 iucA_2
[19:56:07] Fixed 2 duplicate /gene - garK_1 garK_2
[19:56:07] Fixed 2 duplicate /gene - ssaA_1 ssaA_2
[19:56:07] Fixed 2 duplicate /gene - graS_1 graS_2
[19:56:07] Fixed 2 duplicate /gene - feuC_1 feuC_2
[19:56:07] Fixed 2 duplicate /gene - yitU_1 yitU_2
[19:56:07] Fixed 2 duplicate /gene - bceA_1 bceA_2
[19:56:07] Fixed 2 duplicate /gene - accB_1 accB_2
[19:56:07] Fixed 2 duplicate /gene - tadA_1 tadA_2
[19:56:07] Fixed 2 duplicate /gene - treP_1 treP_2
[19:56:07] Fixed 3 duplicate /gene - lexA_1 lexA_2 lexA_3
[19:56:07] Fixed 2 duplicate /gene - pbpX_1 pbpX_2
[19:56:07] Fixed 2 duplicate /gene - bin3_1 bin3_2
[19:56:07] Fixed 2 duplicate /gene - patA_1 patA_2
[19:56:07] Fixed 4 duplicate /gene - lytN_1 lytN_2 lytN_3 lytN_4
[19:56:07] Fixed 2 duplicate /gene - leuA_1 leuA_2
[19:56:07] Fixed 2 duplicate /gene - rocD2_1 rocD2_2
[19:56:07] Fixed 3 duplicate /gene - opuD_1 opuD_2 opuD_3
[19:56:07] Fixed 3 duplicate /gene - iucC_1 iucC_2 iucC_3
[19:56:07] Fixed 2 duplicate /gene - lytR_1 lytR_2
[19:56:07] Fixed 2 duplicate /gene - nupC_1 nupC_2
[19:56:07] Fixed 3 duplicate /gene - slyA_1 slyA_2 slyA_3
[19:56:07] Fixed 2 duplicate /gene - mrpA_1 mrpA_2
[19:56:07] Fixed 2 duplicate /gene - carA_1 carA_2
[19:56:07] Fixed 4 duplicate /gene - murF_1 murF_2 murF_3 murF_4
[19:56:07] Fixed 2 duplicate /gene - citN_1 citN_2
[19:56:07] Fixed 2 duplicate /gene - metP_1 metP_2
[19:56:07] Fixed 2 duplicate /gene - lipA_1 lipA_2
[19:56:07] Fixed 3 duplicate /gene - ybbH_1 ybbH_2 ybbH_3
[19:56:07] Fixed 4 duplicate /gene - atl_1 atl_2 atl_3 atl_4
[19:56:07] Fixed 2 duplicate /gene - rpsA_1 rpsA_2
[19:56:07] Fixed 4 duplicate /gene - oppD_1 oppD_2 oppD_3 oppD_4
[19:56:07] Fixed 2 duplicate /gene - secA_1 secA_2
[19:56:07] Fixed 2 duplicate /gene - tagH_1 tagH_2
[19:56:07] Fixed 2 duplicate /gene - fhuD_1 fhuD_2
[19:56:07] Fixed 2 duplicate /gene - tst_1 tst_2
[19:56:07] Fixed 2 duplicate /gene - metQ_1 metQ_2
[19:56:07] Fixed 2 duplicate /gene - mnhD1_1 mnhD1_2
[19:56:07] Fixed 3 duplicate /gene - ssbA_1 ssbA_2 ssbA_3
[19:56:07] Fixed 2 duplicate /gene - mutS_1 mutS_2
[19:56:07] Fixed 2 duplicate /gene - tarF_1 tarF_2
[19:56:07] Fixed 2 duplicate /gene - cspA_1 cspA_2
[19:56:07] Fixed 2 duplicate /gene - ebh_1 ebh_2
[19:56:07] Fixed 3 duplicate /gene - xerD_1 xerD_2 xerD_3
[19:56:07] Fixed 2 duplicate /gene - iscS_1 iscS_2
[19:56:07] Fixed 4 duplicate /gene - ssaA2_1 ssaA2_2 ssaA2_3 ssaA2_4
[19:56:07] Fixed 2 duplicate /gene - trpG_1 trpG_2
[19:56:07] Fixed 2 duplicate /gene - murJ_1 murJ_2
[19:56:07] Fixed 2 duplicate /gene - thrB_1 thrB_2
[19:56:07] Fixed 2 duplicate /gene - mleN_1 mleN_2
[19:56:07] Fixed 2 duplicate /gene - limB_1 limB_2
[19:56:07] Fixed 2 duplicate /gene - pls_1 pls_2
[19:56:07] Fixed 2 duplicate /gene - tagE_1 tagE_2
[19:56:07] Fixed 3 duplicate /gene - treR_1 treR_2 treR_3
[19:56:07] Fixed 2 duplicate /gene - dut_1 dut_2
[19:56:07] Fixed 5 duplicate /gene - norB_1 norB_2 norB_3 norB_4 norB_5
[19:56:07] Fixed 2 duplicate /gene - trpF_1 trpF_2
[19:56:07] Fixed 2 duplicate /gene - feoB_1 feoB_2
[19:56:07] Fixed 2 duplicate /gene - gatC_1 gatC_2
[19:56:07] Fixed 2 duplicate /gene - znuC_1 znuC_2
[19:56:07] Fixed 2 duplicate /gene - pepF1_1 pepF1_2
[19:56:07] Fixed 2 duplicate /gene - fib_1 fib_2
[19:56:07] Fixed 2 duplicate /gene - speC_1 speC_2
[19:56:07] Fixed 2 duplicate /gene - ykoC_1 ykoC_2
[19:56:07] Fixed 3 duplicate /gene - der_1 der_2 der_3
[19:56:07] Fixed 2 duplicate /gene - ldhD_1 ldhD_2
[19:56:07] Fixed 2 duplicate /gene - pdhC_1 pdhC_2
[19:56:07] Fixed 2 duplicate /gene - glcU_1 glcU_2
[19:56:07] Fixed 2 duplicate /gene - mobA_1 mobA_2
[19:56:07] Fixed 2 duplicate /gene - mggB_1 mggB_2
[19:56:07] Fixed 2 duplicate /gene - tetA_1 tetA_2
[19:56:07] Fixed 2 duplicate /gene - rimI_1 rimI_2
[19:56:07] Fixed 3 duplicate /gene - ricR_1 ricR_2 ricR_3
[19:56:07] Fixed 2 duplicate /gene - graR_1 graR_2
[19:56:07] Fixed 2 duplicate /gene - hisC_1 hisC_2
[19:56:07] Fixed 3 duplicate /gene - dnaC_1 dnaC_2 dnaC_3
[19:56:07] Fixed 2 duplicate /gene - nagB_1 nagB_2
[19:56:07] Fixed 2 duplicate /gene - yugI_1 yugI_2
[19:56:07] Fixed 2 duplicate /gene - ghrB_1 ghrB_2
[19:56:07] Fixed 2 duplicate /gene - ywqE_1 ywqE_2
[19:56:07] Fixed 2 duplicate /gene - topB_1 topB_2
[19:56:07] Fixed 2 duplicate /gene - arsB_1 arsB_2
[19:56:07] Fixed 2 duplicate /gene - emrB_1 emrB_2
[19:56:07] Fixed 2 duplicate /gene - trxA_1 trxA_2
[19:56:07] Fixed 2 duplicate /gene - ykoD_1 ykoD_2
[19:56:07] Fixed 3 duplicate /gene - arcB_1 arcB_2 arcB_3
[19:56:07] Fixed 2 duplicate /gene - hrtA_1 hrtA_2
[19:56:07] Fixed 3 duplicate /gene - rluD_1 rluD_2 rluD_3
[19:56:07] Fixed 2 duplicate /gene - gatA_1 gatA_2
[19:56:07] Fixed 2 duplicate /gene - recQ_1 recQ_2
[19:56:07] Fixed 2 duplicate /gene - yfiZ_1 yfiZ_2
[19:56:07] Fixed 2 duplicate /gene - phnE_1 phnE_2
[19:56:07] Fixed 2 duplicate /gene - pitA_1 pitA_2
[19:56:07] Fixed 2 duplicate /gene - cfiB_1 cfiB_2
[19:56:07] Fixed 2 duplicate /gene - ydcP_1 ydcP_2
[19:56:07] Fixed 2 duplicate /gene - spsB_1 spsB_2
[19:56:07] Fixed 3 duplicate /gene - femA_1 femA_2 femA_3
[19:56:07] Fixed 2 duplicate /gene - argR_1 argR_2
[19:56:07] Fixed 2 duplicate /gene - immR_1 immR_2
[19:56:07] Fixed 2 duplicate /gene - Int-Tn_1 Int-Tn_2
[19:56:07] Fixed 2 duplicate /gene - pepA_1 pepA_2
[19:56:07] Fixed 3 duplicate /gene - natA_1 natA_2 natA_3
[19:56:07] Fixed 2 duplicate /gene - yfkN_1 yfkN_2
[19:56:07] Fixed 2 duplicate /gene - sufB_1 sufB_2
[19:56:07] Fixed 3 duplicate /gene - brnQ_1 brnQ_2 brnQ_3
[19:56:07] Fixed 2 duplicate /gene - tcaA_1 tcaA_2
[19:56:07] Fixed 2 duplicate /gene - kipA_1 kipA_2
[19:56:07] Fixed 2 duplicate /gene - lacG_1 lacG_2
[19:56:07] Fixed 2 duplicate /gene - glpQ_1 glpQ_2
[19:56:07] Fixed 2 duplicate /gene - tcyC_1 tcyC_2
[19:56:07] Fixed 2 duplicate /gene - lysP_1 lysP_2
[19:56:07] Fixed 2 duplicate /gene - cycA_1 cycA_2
[19:56:07] Fixed 2 duplicate /gene - bioB_1 bioB_2
[19:56:07] Fixed 2 duplicate /gene - rpmG2_1 rpmG2_2
[19:56:07] Fixed 2 duplicate /gene - pheT_1 pheT_2
[19:56:07] Fixed 2 duplicate /gene - kipI_1 kipI_2
[19:56:07] Fixed 3 duplicate /gene - ptsG_1 ptsG_2 ptsG_3
[19:56:07] Fixed 2 duplicate /gene - yhdG_1 yhdG_2
[19:56:07] Fixed 2 duplicate /gene - melR_1 melR_2
[19:56:07] Fixed 2 duplicate /gene - entD_1 entD_2
[19:56:07] Fixed 3 duplicate /gene - gph_1 gph_2 gph_3
[19:56:07] Fixed 4 duplicate /gene - glpE_1 glpE_2 glpE_3 glpE_4
[19:56:07] Fixed 2 duplicate /gene - acsA_1 acsA_2
[19:56:07] Fixed 2 duplicate /gene - bcr_1 bcr_2
[19:56:07] Fixed 2 duplicate /gene - yhdN_1 yhdN_2
[19:56:07] Fixed 3 duplicate /gene - lss_1 lss_2 lss_3
[19:56:07] Fixed 187 colliding /gene names.
[19:56:07] Adding /locus_tag identifiers
[19:56:07] Assigned 2815 locus_tags to CDS and RNA features.
[19:56:07] Writing outputs to /home/fsepulveda/Desktop/working_dir/output_sa7172/output_prokka/
[19:56:09] Generating annotation statistics file
[19:56:09] Generating Genbank and Sequin files
[19:56:09] Running: tbl2asn -V b -a r10k -l paired-ends -M n -N 1 -y 'Annotated using prokka 1.12 from https://github.com/tseemann/prokka' -Z \/home\/fsepulveda\/Desktop\/working_dir\/output_sa7172\/output_prokka\/PROKKA_05072017\.err -i \/home\/fsepulveda\/Desktop\/working_dir\/output_sa7172\/output_prokka\/PROKKA_05072017\.fsa 2> /dev/null
[19:56:17] Deleting unwanted file: /home/fsepulveda/Desktop/working_dir/output_sa7172/output_prokka/errorsummary.val
[19:56:17] Deleting unwanted file: /home/fsepulveda/Desktop/working_dir/output_sa7172/output_prokka/PROKKA_05072017.dr
[19:56:17] Deleting unwanted file: /home/fsepulveda/Desktop/working_dir/output_sa7172/output_prokka/PROKKA_05072017.fixedproducts
[19:56:17] Deleting unwanted file: /home/fsepulveda/Desktop/working_dir/output_sa7172/output_prokka/PROKKA_05072017.ecn
[19:56:17] Deleting unwanted file: /home/fsepulveda/Desktop/working_dir/output_sa7172/output_prokka/PROKKA_05072017.val
[19:56:17] Repairing broken .GBK output that tbl2asn produces...
[19:56:17] Running: sed 's/COORDINATES: profile/COORDINATES:profile/' < \/home\/fsepulveda\/Desktop\/working_dir\/output_sa7172\/output_prokka\/PROKKA_05072017\.gbf > \/home\/fsepulveda\/Desktop\/working_dir\/output_sa7172\/output_prokka\/PROKKA_05072017\.gbk
[19:56:17] Deleting unwanted file: /home/fsepulveda/Desktop/working_dir/output_sa7172/output_prokka/PROKKA_05072017.gbf
[19:56:17] Output files:
[19:56:17] /home/fsepulveda/Desktop/working_dir/output_sa7172/output_prokka/PROKKA_05072017.fna
[19:56:17] /home/fsepulveda/Desktop/working_dir/output_sa7172/output_prokka/PROKKA_05072017.txt
[19:56:17] /home/fsepulveda/Desktop/working_dir/output_sa7172/output_prokka/PROKKA_05072017.gff
[19:56:17] /home/fsepulveda/Desktop/working_dir/output_sa7172/output_prokka/PROKKA_05072017.gbk
[19:56:17] /home/fsepulveda/Desktop/working_dir/output_sa7172/output_prokka/PROKKA_05072017.err
[19:56:17] /home/fsepulveda/Desktop/working_dir/output_sa7172/output_prokka/PROKKA_05072017.fsa
[19:56:17] /home/fsepulveda/Desktop/working_dir/output_sa7172/output_prokka/PROKKA_05072017.tbl
[19:56:17] /home/fsepulveda/Desktop/working_dir/output_sa7172/output_prokka/PROKKA_05072017.ffn
[19:56:17] /home/fsepulveda/Desktop/working_dir/output_sa7172/output_prokka/PROKKA_05072017.tsv
[19:56:17] /home/fsepulveda/Desktop/working_dir/output_sa7172/output_prokka/PROKKA_05072017.sqn
[19:56:17] /home/fsepulveda/Desktop/working_dir/output_sa7172/output_prokka/PROKKA_05072017.log
[19:56:17] /home/fsepulveda/Desktop/working_dir/output_sa7172/output_prokka/PROKKA_05072017.faa
[19:56:17] Annotation finished successfully.
[19:56:17] Walltime used: 1.58 minutes
[19:56:17] If you use this result please cite the Prokka paper:
[19:56:17] Seemann T (2014) Prokka: rapid prokaryotic genome annotation. Bioinformatics. 30(14):2068-9.
[19:56:17] Type 'prokka --citation' for more details.
[19:56:17] Share and enjoy!
