Discrepancy Report Results

Summary
FATAL: BAD_LOCUS_TAG_FORMAT:99 locus tags are incorrectly formatted.
FATAL: MISSING_PROTEIN_ID:99 proteins have invalid IDs.
DISC_SOURCE_QUALS_ASNDISC:strain (all present, all unique)
DISC_SOURCE_QUALS_ASNDISC:taxname (all present, all unique)
DISC_FEATURE_COUNT:gene: 99 present
DISC_FEATURE_COUNT:CDS: 99 present
DISC_FEATURE_COUNT:mRNA: 99 present
DISC_FEATURE_COUNT:repeat_region: 2 present
DISC_COUNT_NUCLEOTIDES:1 nucleotide Bioseqs are present
OVERLAPPING_GENES:33 genes overlap another gene on the same strand.
OVERLAPPING_CDS:2 coding regions overlap another coding region with a similar or identical name.
SUSPECT_PRODUCT_NAMES:2 product_names contain suspect phrase or characters
	May contain database identifier more appropriate in note; remove from product name
		2 features Three or more numbers together
DISC_QUALITY_SCORES:Quality scores are missing on all sequences.
ONCALLER_COMMENT_PRESENT:1 comment descriptors were found (all same)
SHORT_PROT_SEQUENCES:5 protein sequences are shorter than 50 aa.
MISSING_GENOMEASSEMBLY_COMMENTS:1 bioseqs are missing GenomeAssembly structured comments
MOLTYPE_NOT_MRNA:1 molecule types are not set as mRNA.
TECHNIQUE_NOT_TSA:1 technique are not set as TSA
MISSING_STRUCTURED_COMMENT:1 sequences do not include structured comments.
MISSING_PROJECT:100 sequences do not include project.
DISC_INCONSISTENT_MOLINFO_TECH:Molinfo Technique Report (some missing, all same)


Detailed Report

FATAL: DiscRep_ALL:BAD_LOCUS_TAG_FORMAT::99 locus tags are incorrectly formatted.
PROKKA_CP012756/PROKKA_CP012756:Gene	rlmH	sccmec_saures_CP012756_l88232:1-480	CP012756_SCCmec_00001
PROKKA_CP012756/PROKKA_CP012756:Gene	CP012756_SCCmec_00002	sccmec_saures_CP012756_l88232:535-2235	CP012756_SCCmec_00002
PROKKA_CP012756/PROKKA_CP012756:Gene	CP012756_SCCmec_00003	sccmec_saures_CP012756_l88232:c2950-2276	CP012756_SCCmec_00003
PROKKA_CP012756/PROKKA_CP012756:Gene	pre_1	sccmec_saures_CP012756_l88232:c3369-2980	CP012756_SCCmec_00004
PROKKA_CP012756/PROKKA_CP012756:Gene	hsrA	sccmec_saures_CP012756_l88232:c4934-3555	CP012756_SCCmec_00005
PROKKA_CP012756/PROKKA_CP012756:Gene	CP012756_SCCmec_00006	sccmec_saures_CP012756_l88232:c5807-5133	CP012756_SCCmec_00006
PROKKA_CP012756/PROKKA_CP012756:Gene	CP012756_SCCmec_00007	sccmec_saures_CP012756_l88232:6065-6232	CP012756_SCCmec_00007
PROKKA_CP012756/PROKKA_CP012756:Gene	CP012756_SCCmec_00008	sccmec_saures_CP012756_l88232:6330-6560	CP012756_SCCmec_00008
PROKKA_CP012756/PROKKA_CP012756:Gene	ugpQ	sccmec_saures_CP012756_l88232:7069-7812	CP012756_SCCmec_00009
PROKKA_CP012756/PROKKA_CP012756:Gene	paaZ	sccmec_saures_CP012756_l88232:7909-8337	CP012756_SCCmec_00010
PROKKA_CP012756/PROKKA_CP012756:Gene	pbp	sccmec_saures_CP012756_l88232:c10389-8383	CP012756_SCCmec_00011
PROKKA_CP012756/PROKKA_CP012756:Gene	CP012756_SCCmec_00012	sccmec_saures_CP012756_l88232:10637-10780	CP012756_SCCmec_00012
PROKKA_CP012756/PROKKA_CP012756:Gene	CP012756_SCCmec_00013	sccmec_saures_CP012756_l88232:c11799-11371	CP012756_SCCmec_00013
PROKKA_CP012756/PROKKA_CP012756:Gene	CP012756_SCCmec_00014	sccmec_saures_CP012756_l88232:11880-12809	CP012756_SCCmec_00014
PROKKA_CP012756/PROKKA_CP012756:Gene	CP012756_SCCmec_00015	sccmec_saures_CP012756_l88232:12971-14959	CP012756_SCCmec_00015
PROKKA_CP012756/PROKKA_CP012756:Gene	CP012756_SCCmec_00016	sccmec_saures_CP012756_l88232:15154-16263	CP012756_SCCmec_00016
PROKKA_CP012756/PROKKA_CP012756:Gene	CP012756_SCCmec_00017	sccmec_saures_CP012756_l88232:16256-16624	CP012756_SCCmec_00017
PROKKA_CP012756/PROKKA_CP012756:Gene	CP012756_SCCmec_00018	sccmec_saures_CP012756_l88232:16624-18240	CP012756_SCCmec_00018
PROKKA_CP012756/PROKKA_CP012756:Gene	hin_1	sccmec_saures_CP012756_l88232:18465-20144	CP012756_SCCmec_00019
PROKKA_CP012756/PROKKA_CP012756:Gene	CP012756_SCCmec_00020	sccmec_saures_CP012756_l88232:20233-20571	CP012756_SCCmec_00020
PROKKA_CP012756/PROKKA_CP012756:Gene	CP012756_SCCmec_00021	sccmec_saures_CP012756_l88232:20574-20663	CP012756_SCCmec_00021
PROKKA_CP012756/PROKKA_CP012756:Gene	CP012756_SCCmec_00022	sccmec_saures_CP012756_l88232:20665-20976	CP012756_SCCmec_00022
PROKKA_CP012756/PROKKA_CP012756:Gene	CP012756_SCCmec_00023	sccmec_saures_CP012756_l88232:20991-21494	CP012756_SCCmec_00023
PROKKA_CP012756/PROKKA_CP012756:Gene	CP012756_SCCmec_00024	sccmec_saures_CP012756_l88232:21479-21730	CP012756_SCCmec_00024
PROKKA_CP012756/PROKKA_CP012756:Gene	CP012756_SCCmec_00025	sccmec_saures_CP012756_l88232:c22025-21894	CP012756_SCCmec_00025
PROKKA_CP012756/PROKKA_CP012756:Gene	CP012756_SCCmec_00026	sccmec_saures_CP012756_l88232:c22282-22022	CP012756_SCCmec_00026
PROKKA_CP012756/PROKKA_CP012756:Gene	cas1	sccmec_saures_CP012756_l88232:23282-24187	CP012756_SCCmec_00027
PROKKA_CP012756/PROKKA_CP012756:Gene	cas2	sccmec_saures_CP012756_l88232:24187-24492	CP012756_SCCmec_00028
PROKKA_CP012756/PROKKA_CP012756:Gene	CP012756_SCCmec_00029	sccmec_saures_CP012756_l88232:24506-26779	CP012756_SCCmec_00029
PROKKA_CP012756/PROKKA_CP012756:Gene	csm2	sccmec_saures_CP012756_l88232:26782-27207	CP012756_SCCmec_00030
PROKKA_CP012756/PROKKA_CP012756:Gene	csm3	sccmec_saures_CP012756_l88232:27209-27853	CP012756_SCCmec_00031
PROKKA_CP012756/PROKKA_CP012756:Gene	csm4	sccmec_saures_CP012756_l88232:27864-28772	CP012756_SCCmec_00032
PROKKA_CP012756/PROKKA_CP012756:Gene	CP012756_SCCmec_00033	sccmec_saures_CP012756_l88232:28757-29797	CP012756_SCCmec_00033
PROKKA_CP012756/PROKKA_CP012756:Gene	csm6	sccmec_saures_CP012756_l88232:29797-31065	CP012756_SCCmec_00034
PROKKA_CP012756/PROKKA_CP012756:Gene	cas6	sccmec_saures_CP012756_l88232:31062-31796	CP012756_SCCmec_00035
PROKKA_CP012756/PROKKA_CP012756:Gene	CP012756_SCCmec_00036	sccmec_saures_CP012756_l88232:32906-33064	CP012756_SCCmec_00036
PROKKA_CP012756/PROKKA_CP012756:Gene	CP012756_SCCmec_00037	sccmec_saures_CP012756_l88232:33247-33624	CP012756_SCCmec_00037
PROKKA_CP012756/PROKKA_CP012756:Gene	CP012756_SCCmec_00038	sccmec_saures_CP012756_l88232:c33935-33741	CP012756_SCCmec_00038
PROKKA_CP012756/PROKKA_CP012756:Gene	CP012756_SCCmec_00039	sccmec_saures_CP012756_l88232:c34303-33902	CP012756_SCCmec_00039
PROKKA_CP012756/PROKKA_CP012756:Gene	CP012756_SCCmec_00040	sccmec_saures_CP012756_l88232:34458-35006	CP012756_SCCmec_00040
PROKKA_CP012756/PROKKA_CP012756:Gene	merB	sccmec_saures_CP012756_l88232:c35851-35201	CP012756_SCCmec_00041
PROKKA_CP012756/PROKKA_CP012756:Gene	merA	sccmec_saures_CP012756_l88232:c37576-35933	CP012756_SCCmec_00042
PROKKA_CP012756/PROKKA_CP012756:Gene	CP012756_SCCmec_00043	sccmec_saures_CP012756_l88232:c37960-37634	CP012756_SCCmec_00043
PROKKA_CP012756/PROKKA_CP012756:Gene	CP012756_SCCmec_00044	sccmec_saures_CP012756_l88232:c38775-38095	CP012756_SCCmec_00044
PROKKA_CP012756/PROKKA_CP012756:Gene	stoA	sccmec_saures_CP012756_l88232:c39125-38772	CP012756_SCCmec_00045
PROKKA_CP012756/PROKKA_CP012756:Gene	merR1	sccmec_saures_CP012756_l88232:c39549-39142	CP012756_SCCmec_00046
PROKKA_CP012756/PROKKA_CP012756:Gene	garB	sccmec_saures_CP012756_l88232:c41195-39849	CP012756_SCCmec_00047
PROKKA_CP012756/PROKKA_CP012756:Gene	CP012756_SCCmec_00048	sccmec_saures_CP012756_l88232:41478-42152	CP012756_SCCmec_00048
PROKKA_CP012756/PROKKA_CP012756:Gene	CP012756_SCCmec_00049	sccmec_saures_CP012756_l88232:42340-42765	CP012756_SCCmec_00049
PROKKA_CP012756/PROKKA_CP012756:Gene	CP012756_SCCmec_00050	sccmec_saures_CP012756_l88232:42895-43074	CP012756_SCCmec_00050
PROKKA_CP012756/PROKKA_CP012756:Gene	CP012756_SCCmec_00051	sccmec_saures_CP012756_l88232:43626-43847	CP012756_SCCmec_00051
PROKKA_CP012756/PROKKA_CP012756:Gene	CP012756_SCCmec_00052	sccmec_saures_CP012756_l88232:44493-44939	CP012756_SCCmec_00052
PROKKA_CP012756/PROKKA_CP012756:Gene	CP012756_SCCmec_00053	sccmec_saures_CP012756_l88232:c45194-44910	CP012756_SCCmec_00053
PROKKA_CP012756/PROKKA_CP012756:Gene	CP012756_SCCmec_00054	sccmec_saures_CP012756_l88232:c45507-45307	CP012756_SCCmec_00054
PROKKA_CP012756/PROKKA_CP012756:Gene	CP012756_SCCmec_00055	sccmec_saures_CP012756_l88232:c47213-46395	CP012756_SCCmec_00055
PROKKA_CP012756/PROKKA_CP012756:Gene	CP012756_SCCmec_00056	sccmec_saures_CP012756_l88232:c47501-47280	CP012756_SCCmec_00056
PROKKA_CP012756/PROKKA_CP012756:Gene	sasG	sccmec_saures_CP012756_l88232:47609-47743	CP012756_SCCmec_00057
PROKKA_CP012756/PROKKA_CP012756:Gene	CP012756_SCCmec_00058	sccmec_saures_CP012756_l88232:48117-52580	CP012756_SCCmec_00058
PROKKA_CP012756/PROKKA_CP012756:Gene	CP012756_SCCmec_00059	sccmec_saures_CP012756_l88232:52992-53282	CP012756_SCCmec_00059
PROKKA_CP012756/PROKKA_CP012756:Gene	CP012756_SCCmec_00060	sccmec_saures_CP012756_l88232:c54090-53350	CP012756_SCCmec_00060
PROKKA_CP012756/PROKKA_CP012756:Gene	cysL	sccmec_saures_CP012756_l88232:c55493-54672	CP012756_SCCmec_00061
PROKKA_CP012756/PROKKA_CP012756:Gene	CP012756_SCCmec_00062	sccmec_saures_CP012756_l88232:55618-56613	CP012756_SCCmec_00062
PROKKA_CP012756/PROKKA_CP012756:Gene	bin3_1	sccmec_saures_CP012756_l88232:56941-57543	CP012756_SCCmec_00063
PROKKA_CP012756/PROKKA_CP012756:Gene	cadA	sccmec_saures_CP012756_l88232:c60225-58045	CP012756_SCCmec_00064
PROKKA_CP012756/PROKKA_CP012756:Gene	cadC	sccmec_saures_CP012756_l88232:c60583-60218	CP012756_SCCmec_00065
PROKKA_CP012756/PROKKA_CP012756:Gene	CP012756_SCCmec_00066	sccmec_saures_CP012756_l88232:c61198-60821	CP012756_SCCmec_00066
PROKKA_CP012756/PROKKA_CP012756:Gene	CP012756_SCCmec_00067	sccmec_saures_CP012756_l88232:61293-61967	CP012756_SCCmec_00067
PROKKA_CP012756/PROKKA_CP012756:Gene	CP012756_SCCmec_00068	sccmec_saures_CP012756_l88232:c62214-62002	CP012756_SCCmec_00068
PROKKA_CP012756/PROKKA_CP012756:Gene	CP012756_SCCmec_00069	sccmec_saures_CP012756_l88232:62404-62562	CP012756_SCCmec_00069
PROKKA_CP012756/PROKKA_CP012756:Gene	bin3_2	sccmec_saures_CP012756_l88232:62534-62869	CP012756_SCCmec_00070
PROKKA_CP012756/PROKKA_CP012756:Gene	sdpR	sccmec_saures_CP012756_l88232:62930-63244	CP012756_SCCmec_00071
PROKKA_CP012756/PROKKA_CP012756:Gene	arsB	sccmec_saures_CP012756_l88232:63244-64533	CP012756_SCCmec_00072
PROKKA_CP012756/PROKKA_CP012756:Gene	arsC	sccmec_saures_CP012756_l88232:64551-64946	CP012756_SCCmec_00073
PROKKA_CP012756/PROKKA_CP012756:Gene	CP012756_SCCmec_00074	sccmec_saures_CP012756_l88232:65325-65618	CP012756_SCCmec_00074
PROKKA_CP012756/PROKKA_CP012756:Gene	CP012756_SCCmec_00075	sccmec_saures_CP012756_l88232:65693-67627	CP012756_SCCmec_00075
PROKKA_CP012756/PROKKA_CP012756:Gene	CP012756_SCCmec_00076	sccmec_saures_CP012756_l88232:67631-67942	CP012756_SCCmec_00076
PROKKA_CP012756/PROKKA_CP012756:Gene	CP012756_SCCmec_00077	sccmec_saures_CP012756_l88232:67954-68580	CP012756_SCCmec_00077
PROKKA_CP012756/PROKKA_CP012756:Gene	pre_2	sccmec_saures_CP012756_l88232:68818-69195	CP012756_SCCmec_00078
PROKKA_CP012756/PROKKA_CP012756:Gene	pre_3	sccmec_saures_CP012756_l88232:69135-69461	CP012756_SCCmec_00079
PROKKA_CP012756/PROKKA_CP012756:Gene	CP012756_SCCmec_00080	sccmec_saures_CP012756_l88232:69528-70028	CP012756_SCCmec_00080
PROKKA_CP012756/PROKKA_CP012756:Gene	CP012756_SCCmec_00081	sccmec_saures_CP012756_l88232:70392-71252	CP012756_SCCmec_00081
PROKKA_CP012756/PROKKA_CP012756:Gene	CP012756_SCCmec_00082	sccmec_saures_CP012756_l88232:71339-71662	CP012756_SCCmec_00082
PROKKA_CP012756/PROKKA_CP012756:Gene	CP012756_SCCmec_00083	sccmec_saures_CP012756_l88232:71687-72361	CP012756_SCCmec_00083
PROKKA_CP012756/PROKKA_CP012756:Gene	speG	sccmec_saures_CP012756_l88232:c73123-72626	CP012756_SCCmec_00084
PROKKA_CP012756/PROKKA_CP012756:Gene	CP012756_SCCmec_00085	sccmec_saures_CP012756_l88232:c74201-73791	CP012756_SCCmec_00085
PROKKA_CP012756/PROKKA_CP012756:Gene	CP012756_SCCmec_00086	sccmec_saures_CP012756_l88232:c74585-74364	CP012756_SCCmec_00086
PROKKA_CP012756/PROKKA_CP012756:Gene	CP012756_SCCmec_00087	sccmec_saures_CP012756_l88232:c75102-74599	CP012756_SCCmec_00087
PROKKA_CP012756/PROKKA_CP012756:Gene	CP012756_SCCmec_00088	sccmec_saures_CP012756_l88232:c75428-75117	CP012756_SCCmec_00088
PROKKA_CP012756/PROKKA_CP012756:Gene	CP012756_SCCmec_00089	sccmec_saures_CP012756_l88232:c75522-75430	CP012756_SCCmec_00089
PROKKA_CP012756/PROKKA_CP012756:Gene	CP012756_SCCmec_00090	sccmec_saures_CP012756_l88232:c75865-75515	CP012756_SCCmec_00090
PROKKA_CP012756/PROKKA_CP012756:Gene	hin_2	sccmec_saures_CP012756_l88232:c78014-76386	CP012756_SCCmec_00091
PROKKA_CP012756/PROKKA_CP012756:Gene	hin_3	sccmec_saures_CP012756_l88232:c79385-78036	CP012756_SCCmec_00092
PROKKA_CP012756/PROKKA_CP012756:Gene	CP012756_SCCmec_00093	sccmec_saures_CP012756_l88232:c81412-79619	CP012756_SCCmec_00093
PROKKA_CP012756/PROKKA_CP012756:Gene	CP012756_SCCmec_00094	sccmec_saures_CP012756_l88232:c81705-81412	CP012756_SCCmec_00094
PROKKA_CP012756/PROKKA_CP012756:Gene	CP012756_SCCmec_00095	sccmec_saures_CP012756_l88232:81912-82253	CP012756_SCCmec_00095
PROKKA_CP012756/PROKKA_CP012756:Gene	CP012756_SCCmec_00096	sccmec_saures_CP012756_l88232:82238-83080	CP012756_SCCmec_00096
PROKKA_CP012756/PROKKA_CP012756:Gene	CP012756_SCCmec_00097	sccmec_saures_CP012756_l88232:c84666-83152	CP012756_SCCmec_00097
PROKKA_CP012756/PROKKA_CP012756:Gene	ftsH	sccmec_saures_CP012756_l88232:84836-85885	CP012756_SCCmec_00098
PROKKA_CP012756/PROKKA_CP012756:Gene	CP012756_SCCmec_00099	sccmec_saures_CP012756_l88232:85878-88091	CP012756_SCCmec_00099

FATAL: DiscRep_ALL:MISSING_PROTEIN_ID::99 proteins have invalid IDs.
PROKKA_CP012756/PROKKA_CP012756:sccmec_saures_CP012756_l88232_1 (length 159)
PROKKA_CP012756/PROKKA_CP012756:sccmec_saures_CP012756_l88232_2 (length 566)
PROKKA_CP012756/PROKKA_CP012756:sccmec_saures_CP012756_l88232_3 (length 224)
PROKKA_CP012756/PROKKA_CP012756:sccmec_saures_CP012756_l88232_4 (length 129)
PROKKA_CP012756/PROKKA_CP012756:sccmec_saures_CP012756_l88232_5 (length 459)
PROKKA_CP012756/PROKKA_CP012756:sccmec_saures_CP012756_l88232_6 (length 224)
PROKKA_CP012756/PROKKA_CP012756:sccmec_saures_CP012756_l88232_7 (length 55)
PROKKA_CP012756/PROKKA_CP012756:sccmec_saures_CP012756_l88232_8 (length 76)
PROKKA_CP012756/PROKKA_CP012756:sccmec_saures_CP012756_l88232_9 (length 247)
PROKKA_CP012756/PROKKA_CP012756:sccmec_saures_CP012756_l88232_10 (length 142)
PROKKA_CP012756/PROKKA_CP012756:sccmec_saures_CP012756_l88232_11 (length 668)
PROKKA_CP012756/PROKKA_CP012756:sccmec_saures_CP012756_l88232_12 (length 47)
PROKKA_CP012756/PROKKA_CP012756:sccmec_saures_CP012756_l88232_13 (length 142)
PROKKA_CP012756/PROKKA_CP012756:sccmec_saures_CP012756_l88232_14 (length 309)
PROKKA_CP012756/PROKKA_CP012756:sccmec_saures_CP012756_l88232_15 (length 662)
PROKKA_CP012756/PROKKA_CP012756:sccmec_saures_CP012756_l88232_16 (length 369)
PROKKA_CP012756/PROKKA_CP012756:sccmec_saures_CP012756_l88232_17 (length 122)
PROKKA_CP012756/PROKKA_CP012756:sccmec_saures_CP012756_l88232_18 (length 538)
PROKKA_CP012756/PROKKA_CP012756:sccmec_saures_CP012756_l88232_19 (length 559)
PROKKA_CP012756/PROKKA_CP012756:sccmec_saures_CP012756_l88232_20 (length 112)
PROKKA_CP012756/PROKKA_CP012756:sccmec_saures_CP012756_l88232_21 (length 29)
PROKKA_CP012756/PROKKA_CP012756:sccmec_saures_CP012756_l88232_22 (length 103)
PROKKA_CP012756/PROKKA_CP012756:sccmec_saures_CP012756_l88232_23 (length 167)
PROKKA_CP012756/PROKKA_CP012756:sccmec_saures_CP012756_l88232_24 (length 83)
PROKKA_CP012756/PROKKA_CP012756:sccmec_saures_CP012756_l88232_25 (length 43)
PROKKA_CP012756/PROKKA_CP012756:sccmec_saures_CP012756_l88232_26 (length 86)
PROKKA_CP012756/PROKKA_CP012756:sccmec_saures_CP012756_l88232_27 (length 301)
PROKKA_CP012756/PROKKA_CP012756:sccmec_saures_CP012756_l88232_28 (length 101)
PROKKA_CP012756/PROKKA_CP012756:sccmec_saures_CP012756_l88232_29 (length 757)
PROKKA_CP012756/PROKKA_CP012756:sccmec_saures_CP012756_l88232_30 (length 141)
PROKKA_CP012756/PROKKA_CP012756:sccmec_saures_CP012756_l88232_31 (length 214)
PROKKA_CP012756/PROKKA_CP012756:sccmec_saures_CP012756_l88232_32 (length 302)
PROKKA_CP012756/PROKKA_CP012756:sccmec_saures_CP012756_l88232_33 (length 346)
PROKKA_CP012756/PROKKA_CP012756:sccmec_saures_CP012756_l88232_34 (length 422)
PROKKA_CP012756/PROKKA_CP012756:sccmec_saures_CP012756_l88232_35 (length 244)
PROKKA_CP012756/PROKKA_CP012756:sccmec_saures_CP012756_l88232_36 (length 52)
PROKKA_CP012756/PROKKA_CP012756:sccmec_saures_CP012756_l88232_37 (length 125)
PROKKA_CP012756/PROKKA_CP012756:sccmec_saures_CP012756_l88232_38 (length 64)
PROKKA_CP012756/PROKKA_CP012756:sccmec_saures_CP012756_l88232_39 (length 133)
PROKKA_CP012756/PROKKA_CP012756:sccmec_saures_CP012756_l88232_40 (length 182)
PROKKA_CP012756/PROKKA_CP012756:sccmec_saures_CP012756_l88232_41 (length 216)
PROKKA_CP012756/PROKKA_CP012756:sccmec_saures_CP012756_l88232_42 (length 547)
PROKKA_CP012756/PROKKA_CP012756:sccmec_saures_CP012756_l88232_43 (length 108)
PROKKA_CP012756/PROKKA_CP012756:sccmec_saures_CP012756_l88232_44 (length 226)
PROKKA_CP012756/PROKKA_CP012756:sccmec_saures_CP012756_l88232_45 (length 117)
PROKKA_CP012756/PROKKA_CP012756:sccmec_saures_CP012756_l88232_46 (length 135)
PROKKA_CP012756/PROKKA_CP012756:sccmec_saures_CP012756_l88232_47 (length 448)
PROKKA_CP012756/PROKKA_CP012756:sccmec_saures_CP012756_l88232_48 (length 224)
PROKKA_CP012756/PROKKA_CP012756:sccmec_saures_CP012756_l88232_49 (length 141)
PROKKA_CP012756/PROKKA_CP012756:sccmec_saures_CP012756_l88232_50 (length 59)
PROKKA_CP012756/PROKKA_CP012756:sccmec_saures_CP012756_l88232_51 (length 73)
PROKKA_CP012756/PROKKA_CP012756:sccmec_saures_CP012756_l88232_52 (length 148)
PROKKA_CP012756/PROKKA_CP012756:sccmec_saures_CP012756_l88232_53 (length 94)
PROKKA_CP012756/PROKKA_CP012756:sccmec_saures_CP012756_l88232_54 (length 66)
PROKKA_CP012756/PROKKA_CP012756:sccmec_saures_CP012756_l88232_55 (length 272)
PROKKA_CP012756/PROKKA_CP012756:sccmec_saures_CP012756_l88232_56 (length 73)
PROKKA_CP012756/PROKKA_CP012756:sccmec_saures_CP012756_l88232_57 (length 44)
PROKKA_CP012756/PROKKA_CP012756:sccmec_saures_CP012756_l88232_58 (length 1487)
PROKKA_CP012756/PROKKA_CP012756:sccmec_saures_CP012756_l88232_59 (length 96)
PROKKA_CP012756/PROKKA_CP012756:sccmec_saures_CP012756_l88232_60 (length 246)
PROKKA_CP012756/PROKKA_CP012756:sccmec_saures_CP012756_l88232_61 (length 273)
PROKKA_CP012756/PROKKA_CP012756:sccmec_saures_CP012756_l88232_62 (length 331)
PROKKA_CP012756/PROKKA_CP012756:sccmec_saures_CP012756_l88232_63 (length 200)
PROKKA_CP012756/PROKKA_CP012756:sccmec_saures_CP012756_l88232_64 (length 726)
PROKKA_CP012756/PROKKA_CP012756:sccmec_saures_CP012756_l88232_65 (length 121)
PROKKA_CP012756/PROKKA_CP012756:sccmec_saures_CP012756_l88232_66 (length 125)
PROKKA_CP012756/PROKKA_CP012756:sccmec_saures_CP012756_l88232_67 (length 224)
PROKKA_CP012756/PROKKA_CP012756:sccmec_saures_CP012756_l88232_68 (length 70)
PROKKA_CP012756/PROKKA_CP012756:sccmec_saures_CP012756_l88232_69 (length 52)
PROKKA_CP012756/PROKKA_CP012756:sccmec_saures_CP012756_l88232_70 (length 111)
PROKKA_CP012756/PROKKA_CP012756:sccmec_saures_CP012756_l88232_71 (length 104)
PROKKA_CP012756/PROKKA_CP012756:sccmec_saures_CP012756_l88232_72 (length 429)
PROKKA_CP012756/PROKKA_CP012756:sccmec_saures_CP012756_l88232_73 (length 131)
PROKKA_CP012756/PROKKA_CP012756:sccmec_saures_CP012756_l88232_74 (length 97)
PROKKA_CP012756/PROKKA_CP012756:sccmec_saures_CP012756_l88232_75 (length 644)
PROKKA_CP012756/PROKKA_CP012756:sccmec_saures_CP012756_l88232_76 (length 103)
PROKKA_CP012756/PROKKA_CP012756:sccmec_saures_CP012756_l88232_77 (length 208)
PROKKA_CP012756/PROKKA_CP012756:sccmec_saures_CP012756_l88232_78 (length 125)
PROKKA_CP012756/PROKKA_CP012756:sccmec_saures_CP012756_l88232_79 (length 108)
PROKKA_CP012756/PROKKA_CP012756:sccmec_saures_CP012756_l88232_80 (length 166)
PROKKA_CP012756/PROKKA_CP012756:sccmec_saures_CP012756_l88232_81 (length 286)
PROKKA_CP012756/PROKKA_CP012756:sccmec_saures_CP012756_l88232_82 (length 107)
PROKKA_CP012756/PROKKA_CP012756:sccmec_saures_CP012756_l88232_83 (length 224)
PROKKA_CP012756/PROKKA_CP012756:sccmec_saures_CP012756_l88232_84 (length 165)
PROKKA_CP012756/PROKKA_CP012756:sccmec_saures_CP012756_l88232_85 (length 136)
PROKKA_CP012756/PROKKA_CP012756:sccmec_saures_CP012756_l88232_86 (length 73)
PROKKA_CP012756/PROKKA_CP012756:sccmec_saures_CP012756_l88232_87 (length 167)
PROKKA_CP012756/PROKKA_CP012756:sccmec_saures_CP012756_l88232_88 (length 103)
PROKKA_CP012756/PROKKA_CP012756:sccmec_saures_CP012756_l88232_89 (length 30)
PROKKA_CP012756/PROKKA_CP012756:sccmec_saures_CP012756_l88232_90 (length 116)
PROKKA_CP012756/PROKKA_CP012756:sccmec_saures_CP012756_l88232_91 (length 542)
PROKKA_CP012756/PROKKA_CP012756:sccmec_saures_CP012756_l88232_92 (length 449)
PROKKA_CP012756/PROKKA_CP012756:sccmec_saures_CP012756_l88232_93 (length 597)
PROKKA_CP012756/PROKKA_CP012756:sccmec_saures_CP012756_l88232_94 (length 97)
PROKKA_CP012756/PROKKA_CP012756:sccmec_saures_CP012756_l88232_95 (length 113)
PROKKA_CP012756/PROKKA_CP012756:sccmec_saures_CP012756_l88232_96 (length 280)
PROKKA_CP012756/PROKKA_CP012756:sccmec_saures_CP012756_l88232_97 (length 504)
PROKKA_CP012756/PROKKA_CP012756:sccmec_saures_CP012756_l88232_98 (length 349)
PROKKA_CP012756/PROKKA_CP012756:sccmec_saures_CP012756_l88232_99 (length 737)

DiscRep_ALL:DISC_SOURCE_QUALS_ASNDISC::strain (all present, all unique)
DiscRep_SUB:DISC_SOURCE_QUALS_ASNDISC::1 sources have unique values for strain
DiscRep_ALL:DISC_SOURCE_QUALS_ASNDISC::taxname (all present, all unique)
DiscRep_SUB:DISC_SOURCE_QUALS_ASNDISC::1 sources have unique values for taxname
DiscRep_ALL:DISC_FEATURE_COUNT::gene: 99 present
DiscRep_ALL:DISC_FEATURE_COUNT::CDS: 99 present
DiscRep_ALL:DISC_FEATURE_COUNT::mRNA: 99 present
DiscRep_ALL:DISC_FEATURE_COUNT::repeat_region: 2 present
DiscRep_ALL:DISC_COUNT_NUCLEOTIDES::1 nucleotide Bioseqs are present
PROKKA_CP012756/PROKKA_CP012756:sccmec_saures_CP012756_l88232 (length 88232)

DiscRep_ALL:OVERLAPPING_GENES::33 genes overlap another gene on the same strand.
PROKKA_CP012756/PROKKA_CP012756:Gene	CP012756_SCCmec_00016	sccmec_saures_CP012756_l88232:15154-16263	CP012756_SCCmec_00016
PROKKA_CP012756/PROKKA_CP012756:Gene	CP012756_SCCmec_00017	sccmec_saures_CP012756_l88232:16256-16624	CP012756_SCCmec_00017
PROKKA_CP012756/PROKKA_CP012756:Gene	CP012756_SCCmec_00018	sccmec_saures_CP012756_l88232:16624-18240	CP012756_SCCmec_00018
PROKKA_CP012756/PROKKA_CP012756:Gene	CP012756_SCCmec_00023	sccmec_saures_CP012756_l88232:20991-21494	CP012756_SCCmec_00023
PROKKA_CP012756/PROKKA_CP012756:Gene	CP012756_SCCmec_00024	sccmec_saures_CP012756_l88232:21479-21730	CP012756_SCCmec_00024
PROKKA_CP012756/PROKKA_CP012756:Gene	CP012756_SCCmec_00025	sccmec_saures_CP012756_l88232:c22025-21894	CP012756_SCCmec_00025
PROKKA_CP012756/PROKKA_CP012756:Gene	CP012756_SCCmec_00026	sccmec_saures_CP012756_l88232:c22282-22022	CP012756_SCCmec_00026
PROKKA_CP012756/PROKKA_CP012756:Gene	cas1	sccmec_saures_CP012756_l88232:23282-24187	CP012756_SCCmec_00027
PROKKA_CP012756/PROKKA_CP012756:Gene	cas2	sccmec_saures_CP012756_l88232:24187-24492	CP012756_SCCmec_00028
PROKKA_CP012756/PROKKA_CP012756:Gene	csm4	sccmec_saures_CP012756_l88232:27864-28772	CP012756_SCCmec_00032
PROKKA_CP012756/PROKKA_CP012756:Gene	CP012756_SCCmec_00033	sccmec_saures_CP012756_l88232:28757-29797	CP012756_SCCmec_00033
PROKKA_CP012756/PROKKA_CP012756:Gene	csm6	sccmec_saures_CP012756_l88232:29797-31065	CP012756_SCCmec_00034
PROKKA_CP012756/PROKKA_CP012756:Gene	cas6	sccmec_saures_CP012756_l88232:31062-31796	CP012756_SCCmec_00035
PROKKA_CP012756/PROKKA_CP012756:Gene	CP012756_SCCmec_00038	sccmec_saures_CP012756_l88232:c33935-33741	CP012756_SCCmec_00038
PROKKA_CP012756/PROKKA_CP012756:Gene	CP012756_SCCmec_00039	sccmec_saures_CP012756_l88232:c34303-33902	CP012756_SCCmec_00039
PROKKA_CP012756/PROKKA_CP012756:Gene	CP012756_SCCmec_00044	sccmec_saures_CP012756_l88232:c38775-38095	CP012756_SCCmec_00044
PROKKA_CP012756/PROKKA_CP012756:Gene	stoA	sccmec_saures_CP012756_l88232:c39125-38772	CP012756_SCCmec_00045
PROKKA_CP012756/PROKKA_CP012756:Gene	cadA	sccmec_saures_CP012756_l88232:c60225-58045	CP012756_SCCmec_00064
PROKKA_CP012756/PROKKA_CP012756:Gene	cadC	sccmec_saures_CP012756_l88232:c60583-60218	CP012756_SCCmec_00065
PROKKA_CP012756/PROKKA_CP012756:Gene	CP012756_SCCmec_00069	sccmec_saures_CP012756_l88232:62404-62562	CP012756_SCCmec_00069
PROKKA_CP012756/PROKKA_CP012756:Gene	bin3_2	sccmec_saures_CP012756_l88232:62534-62869	CP012756_SCCmec_00070
PROKKA_CP012756/PROKKA_CP012756:Gene	sdpR	sccmec_saures_CP012756_l88232:62930-63244	CP012756_SCCmec_00071
PROKKA_CP012756/PROKKA_CP012756:Gene	arsB	sccmec_saures_CP012756_l88232:63244-64533	CP012756_SCCmec_00072
PROKKA_CP012756/PROKKA_CP012756:Gene	pre_2	sccmec_saures_CP012756_l88232:68818-69195	CP012756_SCCmec_00078
PROKKA_CP012756/PROKKA_CP012756:Gene	pre_3	sccmec_saures_CP012756_l88232:69135-69461	CP012756_SCCmec_00079
PROKKA_CP012756/PROKKA_CP012756:Gene	CP012756_SCCmec_00089	sccmec_saures_CP012756_l88232:c75522-75430	CP012756_SCCmec_00089
PROKKA_CP012756/PROKKA_CP012756:Gene	CP012756_SCCmec_00090	sccmec_saures_CP012756_l88232:c75865-75515	CP012756_SCCmec_00090
PROKKA_CP012756/PROKKA_CP012756:Gene	CP012756_SCCmec_00093	sccmec_saures_CP012756_l88232:c81412-79619	CP012756_SCCmec_00093
PROKKA_CP012756/PROKKA_CP012756:Gene	CP012756_SCCmec_00094	sccmec_saures_CP012756_l88232:c81705-81412	CP012756_SCCmec_00094
PROKKA_CP012756/PROKKA_CP012756:Gene	CP012756_SCCmec_00095	sccmec_saures_CP012756_l88232:81912-82253	CP012756_SCCmec_00095
PROKKA_CP012756/PROKKA_CP012756:Gene	CP012756_SCCmec_00096	sccmec_saures_CP012756_l88232:82238-83080	CP012756_SCCmec_00096
PROKKA_CP012756/PROKKA_CP012756:Gene	ftsH	sccmec_saures_CP012756_l88232:84836-85885	CP012756_SCCmec_00098
PROKKA_CP012756/PROKKA_CP012756:Gene	CP012756_SCCmec_00099	sccmec_saures_CP012756_l88232:85878-88091	CP012756_SCCmec_00099

DiscRep_ALL:OVERLAPPING_CDS::2 coding regions overlap another coding region with a similar or identical name.
DiscRep_SUB:OVERLAPPING_CDS::2 coding regions overlap another coding region with a similar or identical name that do not have the appropriate note text
PROKKA_CP012756/PROKKA_CP012756:CDS	Plasmid recombination enzyme	sccmec_saures_CP012756_l88232:68818-69195	CP012756_SCCmec_00078
PROKKA_CP012756/PROKKA_CP012756:CDS	Plasmid recombination enzyme	sccmec_saures_CP012756_l88232:69135-69461	CP012756_SCCmec_00079

DiscRep_ALL:SUSPECT_PRODUCT_NAMES::2 product_names contain suspect phrase or characters
DiscRep_SUB:SUSPECT_PRODUCT_NAMES::May contain database identifier more appropriate in note; remove from product name
DiscRep_SUB:SUSPECT_PRODUCT_NAMES::2 features Three or more numbers together
PROKKA_CP012756/PROKKA_CP012756:CDS	Putative transposon Tn552 DNA-invertase bin3	sccmec_saures_CP012756_l88232:56941-57543	CP012756_SCCmec_00063
PROKKA_CP012756/PROKKA_CP012756:CDS	Putative transposon Tn552 DNA-invertase bin3	sccmec_saures_CP012756_l88232:62534-62869	CP012756_SCCmec_00070

DiscRep_ALL:DISC_QUALITY_SCORES::Quality scores are missing on all sequences.

DiscRep_ALL:ONCALLER_COMMENT_PRESENT::1 comment descriptors were found (all same)
PROKKA_CP012756/PROKKA_CP012756:sccmec_saures_CP012756_l88232:Annotated using prokka 1.12 from https://github.com/tseemann/prokka

DiscRep_ALL:SHORT_PROT_SEQUENCES::5 protein sequences are shorter than 50 aa.
PROKKA_CP012756/PROKKA_CP012756:sccmec_saures_CP012756_l88232_12 (length 47)
PROKKA_CP012756/PROKKA_CP012756:sccmec_saures_CP012756_l88232_21 (length 29)
PROKKA_CP012756/PROKKA_CP012756:sccmec_saures_CP012756_l88232_25 (length 43)
PROKKA_CP012756/PROKKA_CP012756:sccmec_saures_CP012756_l88232_57 (length 44)
PROKKA_CP012756/PROKKA_CP012756:sccmec_saures_CP012756_l88232_89 (length 30)

DiscRep_ALL:MISSING_GENOMEASSEMBLY_COMMENTS::1 bioseqs are missing GenomeAssembly structured comments
PROKKA_CP012756/PROKKA_CP012756:sccmec_saures_CP012756_l88232 (length 88232)

DiscRep_ALL:MOLTYPE_NOT_MRNA::1 molecule types are not set as mRNA.
PROKKA_CP012756/PROKKA_CP012756:sccmec_saures_CP012756_l88232 (length 88232)

DiscRep_ALL:TECHNIQUE_NOT_TSA::1 technique are not set as TSA
PROKKA_CP012756/PROKKA_CP012756:sccmec_saures_CP012756_l88232 (length 88232)

DiscRep_ALL:MISSING_STRUCTURED_COMMENT::1 sequences do not include structured comments.
PROKKA_CP012756/PROKKA_CP012756:sccmec_saures_CP012756_l88232 (length 88232)

DiscRep_ALL:MISSING_PROJECT::100 sequences do not include project.
PROKKA_CP012756/PROKKA_CP012756:sccmec_saures_CP012756_l88232 (length 88232)
PROKKA_CP012756/PROKKA_CP012756:sccmec_saures_CP012756_l88232_1 (length 159)
PROKKA_CP012756/PROKKA_CP012756:sccmec_saures_CP012756_l88232_2 (length 566)
PROKKA_CP012756/PROKKA_CP012756:sccmec_saures_CP012756_l88232_3 (length 224)
PROKKA_CP012756/PROKKA_CP012756:sccmec_saures_CP012756_l88232_4 (length 129)
PROKKA_CP012756/PROKKA_CP012756:sccmec_saures_CP012756_l88232_5 (length 459)
PROKKA_CP012756/PROKKA_CP012756:sccmec_saures_CP012756_l88232_6 (length 224)
PROKKA_CP012756/PROKKA_CP012756:sccmec_saures_CP012756_l88232_7 (length 55)
PROKKA_CP012756/PROKKA_CP012756:sccmec_saures_CP012756_l88232_8 (length 76)
PROKKA_CP012756/PROKKA_CP012756:sccmec_saures_CP012756_l88232_9 (length 247)
PROKKA_CP012756/PROKKA_CP012756:sccmec_saures_CP012756_l88232_10 (length 142)
PROKKA_CP012756/PROKKA_CP012756:sccmec_saures_CP012756_l88232_11 (length 668)
PROKKA_CP012756/PROKKA_CP012756:sccmec_saures_CP012756_l88232_12 (length 47)
PROKKA_CP012756/PROKKA_CP012756:sccmec_saures_CP012756_l88232_13 (length 142)
PROKKA_CP012756/PROKKA_CP012756:sccmec_saures_CP012756_l88232_14 (length 309)
PROKKA_CP012756/PROKKA_CP012756:sccmec_saures_CP012756_l88232_15 (length 662)
PROKKA_CP012756/PROKKA_CP012756:sccmec_saures_CP012756_l88232_16 (length 369)
PROKKA_CP012756/PROKKA_CP012756:sccmec_saures_CP012756_l88232_17 (length 122)
PROKKA_CP012756/PROKKA_CP012756:sccmec_saures_CP012756_l88232_18 (length 538)
PROKKA_CP012756/PROKKA_CP012756:sccmec_saures_CP012756_l88232_19 (length 559)
PROKKA_CP012756/PROKKA_CP012756:sccmec_saures_CP012756_l88232_20 (length 112)
PROKKA_CP012756/PROKKA_CP012756:sccmec_saures_CP012756_l88232_21 (length 29)
PROKKA_CP012756/PROKKA_CP012756:sccmec_saures_CP012756_l88232_22 (length 103)
PROKKA_CP012756/PROKKA_CP012756:sccmec_saures_CP012756_l88232_23 (length 167)
PROKKA_CP012756/PROKKA_CP012756:sccmec_saures_CP012756_l88232_24 (length 83)
PROKKA_CP012756/PROKKA_CP012756:sccmec_saures_CP012756_l88232_25 (length 43)
PROKKA_CP012756/PROKKA_CP012756:sccmec_saures_CP012756_l88232_26 (length 86)
PROKKA_CP012756/PROKKA_CP012756:sccmec_saures_CP012756_l88232_27 (length 301)
PROKKA_CP012756/PROKKA_CP012756:sccmec_saures_CP012756_l88232_28 (length 101)
PROKKA_CP012756/PROKKA_CP012756:sccmec_saures_CP012756_l88232_29 (length 757)
PROKKA_CP012756/PROKKA_CP012756:sccmec_saures_CP012756_l88232_30 (length 141)
PROKKA_CP012756/PROKKA_CP012756:sccmec_saures_CP012756_l88232_31 (length 214)
PROKKA_CP012756/PROKKA_CP012756:sccmec_saures_CP012756_l88232_32 (length 302)
PROKKA_CP012756/PROKKA_CP012756:sccmec_saures_CP012756_l88232_33 (length 346)
PROKKA_CP012756/PROKKA_CP012756:sccmec_saures_CP012756_l88232_34 (length 422)
PROKKA_CP012756/PROKKA_CP012756:sccmec_saures_CP012756_l88232_35 (length 244)
PROKKA_CP012756/PROKKA_CP012756:sccmec_saures_CP012756_l88232_36 (length 52)
PROKKA_CP012756/PROKKA_CP012756:sccmec_saures_CP012756_l88232_37 (length 125)
PROKKA_CP012756/PROKKA_CP012756:sccmec_saures_CP012756_l88232_38 (length 64)
PROKKA_CP012756/PROKKA_CP012756:sccmec_saures_CP012756_l88232_39 (length 133)
PROKKA_CP012756/PROKKA_CP012756:sccmec_saures_CP012756_l88232_40 (length 182)
PROKKA_CP012756/PROKKA_CP012756:sccmec_saures_CP012756_l88232_41 (length 216)
PROKKA_CP012756/PROKKA_CP012756:sccmec_saures_CP012756_l88232_42 (length 547)
PROKKA_CP012756/PROKKA_CP012756:sccmec_saures_CP012756_l88232_43 (length 108)
PROKKA_CP012756/PROKKA_CP012756:sccmec_saures_CP012756_l88232_44 (length 226)
PROKKA_CP012756/PROKKA_CP012756:sccmec_saures_CP012756_l88232_45 (length 117)
PROKKA_CP012756/PROKKA_CP012756:sccmec_saures_CP012756_l88232_46 (length 135)
PROKKA_CP012756/PROKKA_CP012756:sccmec_saures_CP012756_l88232_47 (length 448)
PROKKA_CP012756/PROKKA_CP012756:sccmec_saures_CP012756_l88232_48 (length 224)
PROKKA_CP012756/PROKKA_CP012756:sccmec_saures_CP012756_l88232_49 (length 141)
PROKKA_CP012756/PROKKA_CP012756:sccmec_saures_CP012756_l88232_50 (length 59)
PROKKA_CP012756/PROKKA_CP012756:sccmec_saures_CP012756_l88232_51 (length 73)
PROKKA_CP012756/PROKKA_CP012756:sccmec_saures_CP012756_l88232_52 (length 148)
PROKKA_CP012756/PROKKA_CP012756:sccmec_saures_CP012756_l88232_53 (length 94)
PROKKA_CP012756/PROKKA_CP012756:sccmec_saures_CP012756_l88232_54 (length 66)
PROKKA_CP012756/PROKKA_CP012756:sccmec_saures_CP012756_l88232_55 (length 272)
PROKKA_CP012756/PROKKA_CP012756:sccmec_saures_CP012756_l88232_56 (length 73)
PROKKA_CP012756/PROKKA_CP012756:sccmec_saures_CP012756_l88232_57 (length 44)
PROKKA_CP012756/PROKKA_CP012756:sccmec_saures_CP012756_l88232_58 (length 1487)
PROKKA_CP012756/PROKKA_CP012756:sccmec_saures_CP012756_l88232_59 (length 96)
PROKKA_CP012756/PROKKA_CP012756:sccmec_saures_CP012756_l88232_60 (length 246)
PROKKA_CP012756/PROKKA_CP012756:sccmec_saures_CP012756_l88232_61 (length 273)
PROKKA_CP012756/PROKKA_CP012756:sccmec_saures_CP012756_l88232_62 (length 331)
PROKKA_CP012756/PROKKA_CP012756:sccmec_saures_CP012756_l88232_63 (length 200)
PROKKA_CP012756/PROKKA_CP012756:sccmec_saures_CP012756_l88232_64 (length 726)
PROKKA_CP012756/PROKKA_CP012756:sccmec_saures_CP012756_l88232_65 (length 121)
PROKKA_CP012756/PROKKA_CP012756:sccmec_saures_CP012756_l88232_66 (length 125)
PROKKA_CP012756/PROKKA_CP012756:sccmec_saures_CP012756_l88232_67 (length 224)
PROKKA_CP012756/PROKKA_CP012756:sccmec_saures_CP012756_l88232_68 (length 70)
PROKKA_CP012756/PROKKA_CP012756:sccmec_saures_CP012756_l88232_69 (length 52)
PROKKA_CP012756/PROKKA_CP012756:sccmec_saures_CP012756_l88232_70 (length 111)
PROKKA_CP012756/PROKKA_CP012756:sccmec_saures_CP012756_l88232_71 (length 104)
PROKKA_CP012756/PROKKA_CP012756:sccmec_saures_CP012756_l88232_72 (length 429)
PROKKA_CP012756/PROKKA_CP012756:sccmec_saures_CP012756_l88232_73 (length 131)
PROKKA_CP012756/PROKKA_CP012756:sccmec_saures_CP012756_l88232_74 (length 97)
PROKKA_CP012756/PROKKA_CP012756:sccmec_saures_CP012756_l88232_75 (length 644)
PROKKA_CP012756/PROKKA_CP012756:sccmec_saures_CP012756_l88232_76 (length 103)
PROKKA_CP012756/PROKKA_CP012756:sccmec_saures_CP012756_l88232_77 (length 208)
PROKKA_CP012756/PROKKA_CP012756:sccmec_saures_CP012756_l88232_78 (length 125)
PROKKA_CP012756/PROKKA_CP012756:sccmec_saures_CP012756_l88232_79 (length 108)
PROKKA_CP012756/PROKKA_CP012756:sccmec_saures_CP012756_l88232_80 (length 166)
PROKKA_CP012756/PROKKA_CP012756:sccmec_saures_CP012756_l88232_81 (length 286)
PROKKA_CP012756/PROKKA_CP012756:sccmec_saures_CP012756_l88232_82 (length 107)
PROKKA_CP012756/PROKKA_CP012756:sccmec_saures_CP012756_l88232_83 (length 224)
PROKKA_CP012756/PROKKA_CP012756:sccmec_saures_CP012756_l88232_84 (length 165)
PROKKA_CP012756/PROKKA_CP012756:sccmec_saures_CP012756_l88232_85 (length 136)
PROKKA_CP012756/PROKKA_CP012756:sccmec_saures_CP012756_l88232_86 (length 73)
PROKKA_CP012756/PROKKA_CP012756:sccmec_saures_CP012756_l88232_87 (length 167)
PROKKA_CP012756/PROKKA_CP012756:sccmec_saures_CP012756_l88232_88 (length 103)
PROKKA_CP012756/PROKKA_CP012756:sccmec_saures_CP012756_l88232_89 (length 30)
PROKKA_CP012756/PROKKA_CP012756:sccmec_saures_CP012756_l88232_90 (length 116)
PROKKA_CP012756/PROKKA_CP012756:sccmec_saures_CP012756_l88232_91 (length 542)
PROKKA_CP012756/PROKKA_CP012756:sccmec_saures_CP012756_l88232_92 (length 449)
PROKKA_CP012756/PROKKA_CP012756:sccmec_saures_CP012756_l88232_93 (length 597)
PROKKA_CP012756/PROKKA_CP012756:sccmec_saures_CP012756_l88232_94 (length 97)
PROKKA_CP012756/PROKKA_CP012756:sccmec_saures_CP012756_l88232_95 (length 113)
PROKKA_CP012756/PROKKA_CP012756:sccmec_saures_CP012756_l88232_96 (length 280)
PROKKA_CP012756/PROKKA_CP012756:sccmec_saures_CP012756_l88232_97 (length 504)
PROKKA_CP012756/PROKKA_CP012756:sccmec_saures_CP012756_l88232_98 (length 349)
PROKKA_CP012756/PROKKA_CP012756:sccmec_saures_CP012756_l88232_99 (length 737)

DiscRep_ALL:DISC_INCONSISTENT_MOLINFO_TECH::Molinfo Technique Report (some missing, all same)
DiscRep_SUB:DISC_INCONSISTENT_MOLINFO_TECH::technique (all missing)
DiscRep_SUB:DISC_INCONSISTENT_MOLINFO_TECH::1 Molinfos are missing field technique
PROKKA_CP012756/PROKKA_CP012756:sccmec_saures_CP012756_l88232 (length 88232)

