Discrepancy Report Results

Summary
FATAL: BAD_LOCUS_TAG_FORMAT:26 locus tags are incorrectly formatted.
FATAL: MISSING_PROTEIN_ID:26 proteins have invalid IDs.
DISC_SOURCE_QUALS_ASNDISC:strain (all present, all unique)
DISC_SOURCE_QUALS_ASNDISC:taxname (all present, all unique)
DISC_FEATURE_COUNT:gene: 26 present
DISC_FEATURE_COUNT:CDS: 26 present
DISC_FEATURE_COUNT:mRNA: 26 present
DISC_COUNT_NUCLEOTIDES:1 nucleotide Bioseqs are present
OVERLAPPING_GENES:8 genes overlap another gene on the same strand.
DISC_QUALITY_SCORES:Quality scores are missing on all sequences.
ONCALLER_COMMENT_PRESENT:1 comment descriptors were found (all same)
SHORT_PROT_SEQUENCES:1 protein sequences are shorter than 50 aa.
MISSING_GENOMEASSEMBLY_COMMENTS:1 bioseqs are missing GenomeAssembly structured comments
MOLTYPE_NOT_MRNA:1 molecule types are not set as mRNA.
TECHNIQUE_NOT_TSA:1 technique are not set as TSA
MISSING_STRUCTURED_COMMENT:1 sequences do not include structured comments.
MISSING_PROJECT:27 sequences do not include project.
DISC_INCONSISTENT_MOLINFO_TECH:Molinfo Technique Report (some missing, all same)


Detailed Report

FATAL: DiscRep_ALL:BAD_LOCUS_TAG_FORMAT::26 locus tags are incorrectly formatted.
PROKKA_CP007657/PROKKA_CP007657:Gene	rlmH	sccmec_saures_CP007657_l24746:1-480	CP007657_SCCmec_00001
PROKKA_CP007657/PROKKA_CP007657:Gene	CP007657_SCCmec_00002	sccmec_saures_CP007657_l24746:763-1176	CP007657_SCCmec_00002
PROKKA_CP007657/PROKKA_CP007657:Gene	CP007657_SCCmec_00003	sccmec_saures_CP007657_l24746:1134-2057	CP007657_SCCmec_00003
PROKKA_CP007657/PROKKA_CP007657:Gene	CP007657_SCCmec_00004	sccmec_saures_CP007657_l24746:2472-2711	CP007657_SCCmec_00004
PROKKA_CP007657/PROKKA_CP007657:Gene	CP007657_SCCmec_00005	sccmec_saures_CP007657_l24746:c3417-2743	CP007657_SCCmec_00005
PROKKA_CP007657/PROKKA_CP007657:Gene	CP007657_SCCmec_00006	sccmec_saures_CP007657_l24746:3675-3842	CP007657_SCCmec_00006
PROKKA_CP007657/PROKKA_CP007657:Gene	CP007657_SCCmec_00007	sccmec_saures_CP007657_l24746:3940-4170	CP007657_SCCmec_00007
PROKKA_CP007657/PROKKA_CP007657:Gene	ugpQ	sccmec_saures_CP007657_l24746:4719-5462	CP007657_SCCmec_00008
PROKKA_CP007657/PROKKA_CP007657:Gene	paaZ	sccmec_saures_CP007657_l24746:5559-5987	CP007657_SCCmec_00009
PROKKA_CP007657/PROKKA_CP007657:Gene	pbp	sccmec_saures_CP007657_l24746:c8039-6033	CP007657_SCCmec_00010
PROKKA_CP007657/PROKKA_CP007657:Gene	mecR1	sccmec_saures_CP007657_l24746:8241-9125	CP007657_SCCmec_00011
PROKKA_CP007657/PROKKA_CP007657:Gene	CP007657_SCCmec_00012	sccmec_saures_CP007657_l24746:9085-9357	CP007657_SCCmec_00012
PROKKA_CP007657/PROKKA_CP007657:Gene	CP007657_SCCmec_00013	sccmec_saures_CP007657_l24746:c10868-9348	CP007657_SCCmec_00013
PROKKA_CP007657/PROKKA_CP007657:Gene	CP007657_SCCmec_00014	sccmec_saures_CP007657_l24746:c11516-11007	CP007657_SCCmec_00014
PROKKA_CP007657/PROKKA_CP007657:Gene	CP007657_SCCmec_00015	sccmec_saures_CP007657_l24746:c11839-11528	CP007657_SCCmec_00015
PROKKA_CP007657/PROKKA_CP007657:Gene	CP007657_SCCmec_00016	sccmec_saures_CP007657_l24746:c12276-11926	CP007657_SCCmec_00016
PROKKA_CP007657/PROKKA_CP007657:Gene	hin_1	sccmec_saures_CP007657_l24746:c14426-12798	CP007657_SCCmec_00017
PROKKA_CP007657/PROKKA_CP007657:Gene	hin_2	sccmec_saures_CP007657_l24746:c15815-14448	CP007657_SCCmec_00018
PROKKA_CP007657/PROKKA_CP007657:Gene	CP007657_SCCmec_00019	sccmec_saures_CP007657_l24746:c17818-16031	CP007657_SCCmec_00019
PROKKA_CP007657/PROKKA_CP007657:Gene	CP007657_SCCmec_00020	sccmec_saures_CP007657_l24746:c18108-17818	CP007657_SCCmec_00020
PROKKA_CP007657/PROKKA_CP007657:Gene	CP007657_SCCmec_00021	sccmec_saures_CP007657_l24746:18205-19296	CP007657_SCCmec_00021
PROKKA_CP007657/PROKKA_CP007657:Gene	CP007657_SCCmec_00022	sccmec_saures_CP007657_l24746:19914-21404	CP007657_SCCmec_00022
PROKKA_CP007657/PROKKA_CP007657:Gene	gloC	sccmec_saures_CP007657_l24746:c23032-22028	CP007657_SCCmec_00023
PROKKA_CP007657/PROKKA_CP007657:Gene	CP007657_SCCmec_00024	sccmec_saures_CP007657_l24746:23151-23288	CP007657_SCCmec_00024
PROKKA_CP007657/PROKKA_CP007657:Gene	CP007657_SCCmec_00025	sccmec_saures_CP007657_l24746:23285-23656	CP007657_SCCmec_00025
PROKKA_CP007657/PROKKA_CP007657:Gene	CP007657_SCCmec_00026	sccmec_saures_CP007657_l24746:23785-24405	CP007657_SCCmec_00026

FATAL: DiscRep_ALL:MISSING_PROTEIN_ID::26 proteins have invalid IDs.
PROKKA_CP007657/PROKKA_CP007657:sccmec_saures_CP007657_l24746_1 (length 159)
PROKKA_CP007657/PROKKA_CP007657:sccmec_saures_CP007657_l24746_2 (length 137)
PROKKA_CP007657/PROKKA_CP007657:sccmec_saures_CP007657_l24746_3 (length 307)
PROKKA_CP007657/PROKKA_CP007657:sccmec_saures_CP007657_l24746_4 (length 79)
PROKKA_CP007657/PROKKA_CP007657:sccmec_saures_CP007657_l24746_5 (length 224)
PROKKA_CP007657/PROKKA_CP007657:sccmec_saures_CP007657_l24746_6 (length 55)
PROKKA_CP007657/PROKKA_CP007657:sccmec_saures_CP007657_l24746_7 (length 76)
PROKKA_CP007657/PROKKA_CP007657:sccmec_saures_CP007657_l24746_8 (length 247)
PROKKA_CP007657/PROKKA_CP007657:sccmec_saures_CP007657_l24746_9 (length 142)
PROKKA_CP007657/PROKKA_CP007657:sccmec_saures_CP007657_l24746_10 (length 668)
PROKKA_CP007657/PROKKA_CP007657:sccmec_saures_CP007657_l24746_11 (length 294)
PROKKA_CP007657/PROKKA_CP007657:sccmec_saures_CP007657_l24746_12 (length 90)
PROKKA_CP007657/PROKKA_CP007657:sccmec_saures_CP007657_l24746_13 (length 506)
PROKKA_CP007657/PROKKA_CP007657:sccmec_saures_CP007657_l24746_14 (length 169)
PROKKA_CP007657/PROKKA_CP007657:sccmec_saures_CP007657_l24746_15 (length 103)
PROKKA_CP007657/PROKKA_CP007657:sccmec_saures_CP007657_l24746_16 (length 116)
PROKKA_CP007657/PROKKA_CP007657:sccmec_saures_CP007657_l24746_17 (length 542)
PROKKA_CP007657/PROKKA_CP007657:sccmec_saures_CP007657_l24746_18 (length 455)
PROKKA_CP007657/PROKKA_CP007657:sccmec_saures_CP007657_l24746_19 (length 595)
PROKKA_CP007657/PROKKA_CP007657:sccmec_saures_CP007657_l24746_20 (length 96)
PROKKA_CP007657/PROKKA_CP007657:sccmec_saures_CP007657_l24746_21 (length 363)
PROKKA_CP007657/PROKKA_CP007657:sccmec_saures_CP007657_l24746_22 (length 496)
PROKKA_CP007657/PROKKA_CP007657:sccmec_saures_CP007657_l24746_23 (length 334)
PROKKA_CP007657/PROKKA_CP007657:sccmec_saures_CP007657_l24746_24 (length 45)
PROKKA_CP007657/PROKKA_CP007657:sccmec_saures_CP007657_l24746_25 (length 123)
PROKKA_CP007657/PROKKA_CP007657:sccmec_saures_CP007657_l24746_26 (length 206)

DiscRep_ALL:DISC_SOURCE_QUALS_ASNDISC::strain (all present, all unique)
DiscRep_SUB:DISC_SOURCE_QUALS_ASNDISC::1 sources have unique values for strain
DiscRep_ALL:DISC_SOURCE_QUALS_ASNDISC::taxname (all present, all unique)
DiscRep_SUB:DISC_SOURCE_QUALS_ASNDISC::1 sources have unique values for taxname
DiscRep_ALL:DISC_FEATURE_COUNT::gene: 26 present
DiscRep_ALL:DISC_FEATURE_COUNT::CDS: 26 present
DiscRep_ALL:DISC_FEATURE_COUNT::mRNA: 26 present
DiscRep_ALL:DISC_COUNT_NUCLEOTIDES::1 nucleotide Bioseqs are present
PROKKA_CP007657/PROKKA_CP007657:sccmec_saures_CP007657_l24746 (length 24746)

DiscRep_ALL:OVERLAPPING_GENES::8 genes overlap another gene on the same strand.
PROKKA_CP007657/PROKKA_CP007657:Gene	CP007657_SCCmec_00002	sccmec_saures_CP007657_l24746:763-1176	CP007657_SCCmec_00002
PROKKA_CP007657/PROKKA_CP007657:Gene	CP007657_SCCmec_00003	sccmec_saures_CP007657_l24746:1134-2057	CP007657_SCCmec_00003
PROKKA_CP007657/PROKKA_CP007657:Gene	mecR1	sccmec_saures_CP007657_l24746:8241-9125	CP007657_SCCmec_00011
PROKKA_CP007657/PROKKA_CP007657:Gene	CP007657_SCCmec_00012	sccmec_saures_CP007657_l24746:9085-9357	CP007657_SCCmec_00012
PROKKA_CP007657/PROKKA_CP007657:Gene	CP007657_SCCmec_00019	sccmec_saures_CP007657_l24746:c17818-16031	CP007657_SCCmec_00019
PROKKA_CP007657/PROKKA_CP007657:Gene	CP007657_SCCmec_00020	sccmec_saures_CP007657_l24746:c18108-17818	CP007657_SCCmec_00020
PROKKA_CP007657/PROKKA_CP007657:Gene	CP007657_SCCmec_00024	sccmec_saures_CP007657_l24746:23151-23288	CP007657_SCCmec_00024
PROKKA_CP007657/PROKKA_CP007657:Gene	CP007657_SCCmec_00025	sccmec_saures_CP007657_l24746:23285-23656	CP007657_SCCmec_00025

DiscRep_ALL:DISC_QUALITY_SCORES::Quality scores are missing on all sequences.

DiscRep_ALL:ONCALLER_COMMENT_PRESENT::1 comment descriptors were found (all same)
PROKKA_CP007657/PROKKA_CP007657:sccmec_saures_CP007657_l24746:Annotated using prokka 1.12 from https://github.com/tseemann/prokka

DiscRep_ALL:SHORT_PROT_SEQUENCES::1 protein sequences are shorter than 50 aa.
PROKKA_CP007657/PROKKA_CP007657:sccmec_saures_CP007657_l24746_24 (length 45)

DiscRep_ALL:MISSING_GENOMEASSEMBLY_COMMENTS::1 bioseqs are missing GenomeAssembly structured comments
PROKKA_CP007657/PROKKA_CP007657:sccmec_saures_CP007657_l24746 (length 24746)

DiscRep_ALL:MOLTYPE_NOT_MRNA::1 molecule types are not set as mRNA.
PROKKA_CP007657/PROKKA_CP007657:sccmec_saures_CP007657_l24746 (length 24746)

DiscRep_ALL:TECHNIQUE_NOT_TSA::1 technique are not set as TSA
PROKKA_CP007657/PROKKA_CP007657:sccmec_saures_CP007657_l24746 (length 24746)

DiscRep_ALL:MISSING_STRUCTURED_COMMENT::1 sequences do not include structured comments.
PROKKA_CP007657/PROKKA_CP007657:sccmec_saures_CP007657_l24746 (length 24746)

DiscRep_ALL:MISSING_PROJECT::27 sequences do not include project.
PROKKA_CP007657/PROKKA_CP007657:sccmec_saures_CP007657_l24746 (length 24746)
PROKKA_CP007657/PROKKA_CP007657:sccmec_saures_CP007657_l24746_1 (length 159)
PROKKA_CP007657/PROKKA_CP007657:sccmec_saures_CP007657_l24746_2 (length 137)
PROKKA_CP007657/PROKKA_CP007657:sccmec_saures_CP007657_l24746_3 (length 307)
PROKKA_CP007657/PROKKA_CP007657:sccmec_saures_CP007657_l24746_4 (length 79)
PROKKA_CP007657/PROKKA_CP007657:sccmec_saures_CP007657_l24746_5 (length 224)
PROKKA_CP007657/PROKKA_CP007657:sccmec_saures_CP007657_l24746_6 (length 55)
PROKKA_CP007657/PROKKA_CP007657:sccmec_saures_CP007657_l24746_7 (length 76)
PROKKA_CP007657/PROKKA_CP007657:sccmec_saures_CP007657_l24746_8 (length 247)
PROKKA_CP007657/PROKKA_CP007657:sccmec_saures_CP007657_l24746_9 (length 142)
PROKKA_CP007657/PROKKA_CP007657:sccmec_saures_CP007657_l24746_10 (length 668)
PROKKA_CP007657/PROKKA_CP007657:sccmec_saures_CP007657_l24746_11 (length 294)
PROKKA_CP007657/PROKKA_CP007657:sccmec_saures_CP007657_l24746_12 (length 90)
PROKKA_CP007657/PROKKA_CP007657:sccmec_saures_CP007657_l24746_13 (length 506)
PROKKA_CP007657/PROKKA_CP007657:sccmec_saures_CP007657_l24746_14 (length 169)
PROKKA_CP007657/PROKKA_CP007657:sccmec_saures_CP007657_l24746_15 (length 103)
PROKKA_CP007657/PROKKA_CP007657:sccmec_saures_CP007657_l24746_16 (length 116)
PROKKA_CP007657/PROKKA_CP007657:sccmec_saures_CP007657_l24746_17 (length 542)
PROKKA_CP007657/PROKKA_CP007657:sccmec_saures_CP007657_l24746_18 (length 455)
PROKKA_CP007657/PROKKA_CP007657:sccmec_saures_CP007657_l24746_19 (length 595)
PROKKA_CP007657/PROKKA_CP007657:sccmec_saures_CP007657_l24746_20 (length 96)
PROKKA_CP007657/PROKKA_CP007657:sccmec_saures_CP007657_l24746_21 (length 363)
PROKKA_CP007657/PROKKA_CP007657:sccmec_saures_CP007657_l24746_22 (length 496)
PROKKA_CP007657/PROKKA_CP007657:sccmec_saures_CP007657_l24746_23 (length 334)
PROKKA_CP007657/PROKKA_CP007657:sccmec_saures_CP007657_l24746_24 (length 45)
PROKKA_CP007657/PROKKA_CP007657:sccmec_saures_CP007657_l24746_25 (length 123)
PROKKA_CP007657/PROKKA_CP007657:sccmec_saures_CP007657_l24746_26 (length 206)

DiscRep_ALL:DISC_INCONSISTENT_MOLINFO_TECH::Molinfo Technique Report (some missing, all same)
DiscRep_SUB:DISC_INCONSISTENT_MOLINFO_TECH::technique (all missing)
DiscRep_SUB:DISC_INCONSISTENT_MOLINFO_TECH::1 Molinfos are missing field technique
PROKKA_CP007657/PROKKA_CP007657:sccmec_saures_CP007657_l24746 (length 24746)

