Discrepancy Report Results

Summary
FATAL: BAD_LOCUS_TAG_FORMAT:50 locus tags are incorrectly formatted.
FATAL: MISSING_PROTEIN_ID:50 proteins have invalid IDs.
DISC_SOURCE_QUALS_ASNDISC:strain (all present, all unique)
DISC_SOURCE_QUALS_ASNDISC:taxname (all present, all unique)
DISC_FEATURE_COUNT:gene: 50 present
DISC_FEATURE_COUNT:CDS: 50 present
DISC_FEATURE_COUNT:mRNA: 50 present
DISC_COUNT_NUCLEOTIDES:1 nucleotide Bioseqs are present
OVERLAPPING_GENES:8 genes overlap another gene on the same strand.
DISC_QUALITY_SCORES:Quality scores are missing on all sequences.
ONCALLER_COMMENT_PRESENT:1 comment descriptors were found (all same)
SHORT_PROT_SEQUENCES:4 protein sequences are shorter than 50 aa.
MISSING_GENOMEASSEMBLY_COMMENTS:1 bioseqs are missing GenomeAssembly structured comments
MOLTYPE_NOT_MRNA:1 molecule types are not set as mRNA.
TECHNIQUE_NOT_TSA:1 technique are not set as TSA
MISSING_STRUCTURED_COMMENT:1 sequences do not include structured comments.
MISSING_PROJECT:51 sequences do not include project.
DISC_INCONSISTENT_MOLINFO_TECH:Molinfo Technique Report (some missing, all same)


Detailed Report

FATAL: DiscRep_ALL:BAD_LOCUS_TAG_FORMAT::50 locus tags are incorrectly formatted.
PROKKA_NZ_CP020019/PROKKA_NZ_CP020019:Gene	rlmH	sccmec_saures_NZ_CP020019_l43869:1-480	NZ_CP020019_SCCmec_00001
PROKKA_NZ_CP020019/PROKKA_NZ_CP020019:Gene	NZ_CP020019_SCCmec_00002	sccmec_saures_NZ_CP020019_l43869:522-677	NZ_CP020019_SCCmec_00002
PROKKA_NZ_CP020019/PROKKA_NZ_CP020019:Gene	NZ_CP020019_SCCmec_00003	sccmec_saures_NZ_CP020019_l43869:726-1031	NZ_CP020019_SCCmec_00003
PROKKA_NZ_CP020019/PROKKA_NZ_CP020019:Gene	NZ_CP020019_SCCmec_00004	sccmec_saures_NZ_CP020019_l43869:1230-2093	NZ_CP020019_SCCmec_00004
PROKKA_NZ_CP020019/PROKKA_NZ_CP020019:Gene	NZ_CP020019_SCCmec_00005	sccmec_saures_NZ_CP020019_l43869:2177-3676	NZ_CP020019_SCCmec_00005
PROKKA_NZ_CP020019/PROKKA_NZ_CP020019:Gene	NZ_CP020019_SCCmec_00006	sccmec_saures_NZ_CP020019_l43869:3902-5002	NZ_CP020019_SCCmec_00006
PROKKA_NZ_CP020019/PROKKA_NZ_CP020019:Gene	NZ_CP020019_SCCmec_00007	sccmec_saures_NZ_CP020019_l43869:4995-5366	NZ_CP020019_SCCmec_00007
PROKKA_NZ_CP020019/PROKKA_NZ_CP020019:Gene	NZ_CP020019_SCCmec_00008	sccmec_saures_NZ_CP020019_l43869:5363-7006	NZ_CP020019_SCCmec_00008
PROKKA_NZ_CP020019/PROKKA_NZ_CP020019:Gene	hin_1	sccmec_saures_NZ_CP020019_l43869:7232-8908	NZ_CP020019_SCCmec_00009
PROKKA_NZ_CP020019/PROKKA_NZ_CP020019:Gene	NZ_CP020019_SCCmec_00010	sccmec_saures_NZ_CP020019_l43869:9014-9352	NZ_CP020019_SCCmec_00010
PROKKA_NZ_CP020019/PROKKA_NZ_CP020019:Gene	NZ_CP020019_SCCmec_00011	sccmec_saures_NZ_CP020019_l43869:9448-9759	NZ_CP020019_SCCmec_00011
PROKKA_NZ_CP020019/PROKKA_NZ_CP020019:Gene	NZ_CP020019_SCCmec_00012	sccmec_saures_NZ_CP020019_l43869:9775-10281	NZ_CP020019_SCCmec_00012
PROKKA_NZ_CP020019/PROKKA_NZ_CP020019:Gene	NZ_CP020019_SCCmec_00013	sccmec_saures_NZ_CP020019_l43869:c11104-10430	NZ_CP020019_SCCmec_00013
PROKKA_NZ_CP020019/PROKKA_NZ_CP020019:Gene	NZ_CP020019_SCCmec_00014	sccmec_saures_NZ_CP020019_l43869:11362-11529	NZ_CP020019_SCCmec_00014
PROKKA_NZ_CP020019/PROKKA_NZ_CP020019:Gene	NZ_CP020019_SCCmec_00015	sccmec_saures_NZ_CP020019_l43869:11627-11857	NZ_CP020019_SCCmec_00015
PROKKA_NZ_CP020019/PROKKA_NZ_CP020019:Gene	ugpQ	sccmec_saures_NZ_CP020019_l43869:12446-13189	NZ_CP020019_SCCmec_00016
PROKKA_NZ_CP020019/PROKKA_NZ_CP020019:Gene	paaZ	sccmec_saures_NZ_CP020019_l43869:13286-13714	NZ_CP020019_SCCmec_00017
PROKKA_NZ_CP020019/PROKKA_NZ_CP020019:Gene	pbp	sccmec_saures_NZ_CP020019_l43869:c15766-13760	NZ_CP020019_SCCmec_00018
PROKKA_NZ_CP020019/PROKKA_NZ_CP020019:Gene	NZ_CP020019_SCCmec_00019	sccmec_saures_NZ_CP020019_l43869:16014-16157	NZ_CP020019_SCCmec_00019
PROKKA_NZ_CP020019/PROKKA_NZ_CP020019:Gene	NZ_CP020019_SCCmec_00020	sccmec_saures_NZ_CP020019_l43869:c17176-16748	NZ_CP020019_SCCmec_00020
PROKKA_NZ_CP020019/PROKKA_NZ_CP020019:Gene	NZ_CP020019_SCCmec_00021	sccmec_saures_NZ_CP020019_l43869:17257-18186	NZ_CP020019_SCCmec_00021
PROKKA_NZ_CP020019/PROKKA_NZ_CP020019:Gene	NZ_CP020019_SCCmec_00022	sccmec_saures_NZ_CP020019_l43869:18220-18318	NZ_CP020019_SCCmec_00022
PROKKA_NZ_CP020019/PROKKA_NZ_CP020019:Gene	NZ_CP020019_SCCmec_00023	sccmec_saures_NZ_CP020019_l43869:18348-20336	NZ_CP020019_SCCmec_00023
PROKKA_NZ_CP020019/PROKKA_NZ_CP020019:Gene	NZ_CP020019_SCCmec_00024	sccmec_saures_NZ_CP020019_l43869:20531-21640	NZ_CP020019_SCCmec_00024
PROKKA_NZ_CP020019/PROKKA_NZ_CP020019:Gene	NZ_CP020019_SCCmec_00025	sccmec_saures_NZ_CP020019_l43869:21633-22001	NZ_CP020019_SCCmec_00025
PROKKA_NZ_CP020019/PROKKA_NZ_CP020019:Gene	NZ_CP020019_SCCmec_00026	sccmec_saures_NZ_CP020019_l43869:22001-23617	NZ_CP020019_SCCmec_00026
PROKKA_NZ_CP020019/PROKKA_NZ_CP020019:Gene	hin_2	sccmec_saures_NZ_CP020019_l43869:23842-25521	NZ_CP020019_SCCmec_00027
PROKKA_NZ_CP020019/PROKKA_NZ_CP020019:Gene	NZ_CP020019_SCCmec_00028	sccmec_saures_NZ_CP020019_l43869:25574-25948	NZ_CP020019_SCCmec_00028
PROKKA_NZ_CP020019/PROKKA_NZ_CP020019:Gene	NZ_CP020019_SCCmec_00029	sccmec_saures_NZ_CP020019_l43869:26042-26353	NZ_CP020019_SCCmec_00029
PROKKA_NZ_CP020019/PROKKA_NZ_CP020019:Gene	NZ_CP020019_SCCmec_00030	sccmec_saures_NZ_CP020019_l43869:26365-26838	NZ_CP020019_SCCmec_00030
PROKKA_NZ_CP020019/PROKKA_NZ_CP020019:Gene	NZ_CP020019_SCCmec_00031	sccmec_saures_NZ_CP020019_l43869:c27553-26879	NZ_CP020019_SCCmec_00031
PROKKA_NZ_CP020019/PROKKA_NZ_CP020019:Gene	hsrA	sccmec_saures_NZ_CP020019_l43869:27840-29129	NZ_CP020019_SCCmec_00032
PROKKA_NZ_CP020019/PROKKA_NZ_CP020019:Gene	pre	sccmec_saures_NZ_CP020019_l43869:29315-30556	NZ_CP020019_SCCmec_00033
PROKKA_NZ_CP020019/PROKKA_NZ_CP020019:Gene	NZ_CP020019_SCCmec_00034	sccmec_saures_NZ_CP020019_l43869:30742-30843	NZ_CP020019_SCCmec_00034
PROKKA_NZ_CP020019/PROKKA_NZ_CP020019:Gene	repN	sccmec_saures_NZ_CP020019_l43869:31234-32037	NZ_CP020019_SCCmec_00035
PROKKA_NZ_CP020019/PROKKA_NZ_CP020019:Gene	NZ_CP020019_SCCmec_00036	sccmec_saures_NZ_CP020019_l43869:c32799-32125	NZ_CP020019_SCCmec_00036
PROKKA_NZ_CP020019/PROKKA_NZ_CP020019:Gene	topB	sccmec_saures_NZ_CP020019_l43869:32843-33472	NZ_CP020019_SCCmec_00037
PROKKA_NZ_CP020019/PROKKA_NZ_CP020019:Gene	NZ_CP020019_SCCmec_00038	sccmec_saures_NZ_CP020019_l43869:33616-33816	NZ_CP020019_SCCmec_00038
PROKKA_NZ_CP020019/PROKKA_NZ_CP020019:Gene	NZ_CP020019_SCCmec_00039	sccmec_saures_NZ_CP020019_l43869:c34330-33749	NZ_CP020019_SCCmec_00039
PROKKA_NZ_CP020019/PROKKA_NZ_CP020019:Gene	NZ_CP020019_SCCmec_00040	sccmec_saures_NZ_CP020019_l43869:34737-34889	NZ_CP020019_SCCmec_00040
PROKKA_NZ_CP020019/PROKKA_NZ_CP020019:Gene	NZ_CP020019_SCCmec_00041	sccmec_saures_NZ_CP020019_l43869:c35196-34837	NZ_CP020019_SCCmec_00041
PROKKA_NZ_CP020019/PROKKA_NZ_CP020019:Gene	czrA	sccmec_saures_NZ_CP020019_l43869:35403-35729	NZ_CP020019_SCCmec_00042
PROKKA_NZ_CP020019/PROKKA_NZ_CP020019:Gene	NZ_CP020019_SCCmec_00043	sccmec_saures_NZ_CP020019_l43869:35832-35930	NZ_CP020019_SCCmec_00043
PROKKA_NZ_CP020019/PROKKA_NZ_CP020019:Gene	zosA	sccmec_saures_NZ_CP020019_l43869:36059-37972	NZ_CP020019_SCCmec_00044
PROKKA_NZ_CP020019/PROKKA_NZ_CP020019:Gene	gloC	sccmec_saures_NZ_CP020019_l43869:c40446-39118	NZ_CP020019_SCCmec_00045
PROKKA_NZ_CP020019/PROKKA_NZ_CP020019:Gene	glpE	sccmec_saures_NZ_CP020019_l43869:c41532-40465	NZ_CP020019_SCCmec_00046
PROKKA_NZ_CP020019/PROKKA_NZ_CP020019:Gene	ricR	sccmec_saures_NZ_CP020019_l43869:41689-41931	NZ_CP020019_SCCmec_00047
PROKKA_NZ_CP020019/PROKKA_NZ_CP020019:Gene	NZ_CP020019_SCCmec_00048	sccmec_saures_NZ_CP020019_l43869:41928-42686	NZ_CP020019_SCCmec_00048
PROKKA_NZ_CP020019/PROKKA_NZ_CP020019:Gene	copB	sccmec_saures_NZ_CP020019_l43869:42895-43065	NZ_CP020019_SCCmec_00049
PROKKA_NZ_CP020019/PROKKA_NZ_CP020019:Gene	NZ_CP020019_SCCmec_00050	sccmec_saures_NZ_CP020019_l43869:43083-43628	NZ_CP020019_SCCmec_00050

FATAL: DiscRep_ALL:MISSING_PROTEIN_ID::50 proteins have invalid IDs.
PROKKA_NZ_CP020019/PROKKA_NZ_CP020019:sccmec_saures_NZ_CP020019_l43869_1 (length 159)
PROKKA_NZ_CP020019/PROKKA_NZ_CP020019:sccmec_saures_NZ_CP020019_l43869_2 (length 51)
PROKKA_NZ_CP020019/PROKKA_NZ_CP020019:sccmec_saures_NZ_CP020019_l43869_3 (length 101)
PROKKA_NZ_CP020019/PROKKA_NZ_CP020019:sccmec_saures_NZ_CP020019_l43869_4 (length 287)
PROKKA_NZ_CP020019/PROKKA_NZ_CP020019:sccmec_saures_NZ_CP020019_l43869_5 (length 499)
PROKKA_NZ_CP020019/PROKKA_NZ_CP020019:sccmec_saures_NZ_CP020019_l43869_6 (length 366)
PROKKA_NZ_CP020019/PROKKA_NZ_CP020019:sccmec_saures_NZ_CP020019_l43869_7 (length 123)
PROKKA_NZ_CP020019/PROKKA_NZ_CP020019:sccmec_saures_NZ_CP020019_l43869_8 (length 547)
PROKKA_NZ_CP020019/PROKKA_NZ_CP020019:sccmec_saures_NZ_CP020019_l43869_9 (length 558)
PROKKA_NZ_CP020019/PROKKA_NZ_CP020019:sccmec_saures_NZ_CP020019_l43869_10 (length 112)
PROKKA_NZ_CP020019/PROKKA_NZ_CP020019:sccmec_saures_NZ_CP020019_l43869_11 (length 103)
PROKKA_NZ_CP020019/PROKKA_NZ_CP020019:sccmec_saures_NZ_CP020019_l43869_12 (length 168)
PROKKA_NZ_CP020019/PROKKA_NZ_CP020019:sccmec_saures_NZ_CP020019_l43869_13 (length 224)
PROKKA_NZ_CP020019/PROKKA_NZ_CP020019:sccmec_saures_NZ_CP020019_l43869_14 (length 55)
PROKKA_NZ_CP020019/PROKKA_NZ_CP020019:sccmec_saures_NZ_CP020019_l43869_15 (length 76)
PROKKA_NZ_CP020019/PROKKA_NZ_CP020019:sccmec_saures_NZ_CP020019_l43869_16 (length 247)
PROKKA_NZ_CP020019/PROKKA_NZ_CP020019:sccmec_saures_NZ_CP020019_l43869_17 (length 142)
PROKKA_NZ_CP020019/PROKKA_NZ_CP020019:sccmec_saures_NZ_CP020019_l43869_18 (length 668)
PROKKA_NZ_CP020019/PROKKA_NZ_CP020019:sccmec_saures_NZ_CP020019_l43869_19 (length 47)
PROKKA_NZ_CP020019/PROKKA_NZ_CP020019:sccmec_saures_NZ_CP020019_l43869_20 (length 142)
PROKKA_NZ_CP020019/PROKKA_NZ_CP020019:sccmec_saures_NZ_CP020019_l43869_21 (length 309)
PROKKA_NZ_CP020019/PROKKA_NZ_CP020019:sccmec_saures_NZ_CP020019_l43869_22 (length 32)
PROKKA_NZ_CP020019/PROKKA_NZ_CP020019:sccmec_saures_NZ_CP020019_l43869_23 (length 662)
PROKKA_NZ_CP020019/PROKKA_NZ_CP020019:sccmec_saures_NZ_CP020019_l43869_24 (length 369)
PROKKA_NZ_CP020019/PROKKA_NZ_CP020019:sccmec_saures_NZ_CP020019_l43869_25 (length 122)
PROKKA_NZ_CP020019/PROKKA_NZ_CP020019:sccmec_saures_NZ_CP020019_l43869_26 (length 538)
PROKKA_NZ_CP020019/PROKKA_NZ_CP020019:sccmec_saures_NZ_CP020019_l43869_27 (length 559)
PROKKA_NZ_CP020019/PROKKA_NZ_CP020019:sccmec_saures_NZ_CP020019_l43869_28 (length 124)
PROKKA_NZ_CP020019/PROKKA_NZ_CP020019:sccmec_saures_NZ_CP020019_l43869_29 (length 103)
PROKKA_NZ_CP020019/PROKKA_NZ_CP020019:sccmec_saures_NZ_CP020019_l43869_30 (length 157)
PROKKA_NZ_CP020019/PROKKA_NZ_CP020019:sccmec_saures_NZ_CP020019_l43869_31 (length 224)
PROKKA_NZ_CP020019/PROKKA_NZ_CP020019:sccmec_saures_NZ_CP020019_l43869_32 (length 429)
PROKKA_NZ_CP020019/PROKKA_NZ_CP020019:sccmec_saures_NZ_CP020019_l43869_33 (length 413)
PROKKA_NZ_CP020019/PROKKA_NZ_CP020019:sccmec_saures_NZ_CP020019_l43869_34 (length 33)
PROKKA_NZ_CP020019/PROKKA_NZ_CP020019:sccmec_saures_NZ_CP020019_l43869_35 (length 267)
PROKKA_NZ_CP020019/PROKKA_NZ_CP020019:sccmec_saures_NZ_CP020019_l43869_36 (length 224)
PROKKA_NZ_CP020019/PROKKA_NZ_CP020019:sccmec_saures_NZ_CP020019_l43869_37 (length 209)
PROKKA_NZ_CP020019/PROKKA_NZ_CP020019:sccmec_saures_NZ_CP020019_l43869_38 (length 66)
PROKKA_NZ_CP020019/PROKKA_NZ_CP020019:sccmec_saures_NZ_CP020019_l43869_39 (length 193)
PROKKA_NZ_CP020019/PROKKA_NZ_CP020019:sccmec_saures_NZ_CP020019_l43869_40 (length 50)
PROKKA_NZ_CP020019/PROKKA_NZ_CP020019:sccmec_saures_NZ_CP020019_l43869_41 (length 119)
PROKKA_NZ_CP020019/PROKKA_NZ_CP020019:sccmec_saures_NZ_CP020019_l43869_42 (length 108)
PROKKA_NZ_CP020019/PROKKA_NZ_CP020019:sccmec_saures_NZ_CP020019_l43869_43 (length 32)
PROKKA_NZ_CP020019/PROKKA_NZ_CP020019:sccmec_saures_NZ_CP020019_l43869_44 (length 637)
PROKKA_NZ_CP020019/PROKKA_NZ_CP020019:sccmec_saures_NZ_CP020019_l43869_45 (length 442)
PROKKA_NZ_CP020019/PROKKA_NZ_CP020019:sccmec_saures_NZ_CP020019_l43869_46 (length 355)
PROKKA_NZ_CP020019/PROKKA_NZ_CP020019:sccmec_saures_NZ_CP020019_l43869_47 (length 80)
PROKKA_NZ_CP020019/PROKKA_NZ_CP020019:sccmec_saures_NZ_CP020019_l43869_48 (length 252)
PROKKA_NZ_CP020019/PROKKA_NZ_CP020019:sccmec_saures_NZ_CP020019_l43869_49 (length 56)
PROKKA_NZ_CP020019/PROKKA_NZ_CP020019:sccmec_saures_NZ_CP020019_l43869_50 (length 181)

DiscRep_ALL:DISC_SOURCE_QUALS_ASNDISC::strain (all present, all unique)
DiscRep_SUB:DISC_SOURCE_QUALS_ASNDISC::1 sources have unique values for strain
DiscRep_ALL:DISC_SOURCE_QUALS_ASNDISC::taxname (all present, all unique)
DiscRep_SUB:DISC_SOURCE_QUALS_ASNDISC::1 sources have unique values for taxname
DiscRep_ALL:DISC_FEATURE_COUNT::gene: 50 present
DiscRep_ALL:DISC_FEATURE_COUNT::CDS: 50 present
DiscRep_ALL:DISC_FEATURE_COUNT::mRNA: 50 present
DiscRep_ALL:DISC_COUNT_NUCLEOTIDES::1 nucleotide Bioseqs are present
PROKKA_NZ_CP020019/PROKKA_NZ_CP020019:sccmec_saures_NZ_CP020019_l43869 (length 43869)

DiscRep_ALL:OVERLAPPING_GENES::8 genes overlap another gene on the same strand.
PROKKA_NZ_CP020019/PROKKA_NZ_CP020019:Gene	NZ_CP020019_SCCmec_00006	sccmec_saures_NZ_CP020019_l43869:3902-5002	NZ_CP020019_SCCmec_00006
PROKKA_NZ_CP020019/PROKKA_NZ_CP020019:Gene	NZ_CP020019_SCCmec_00007	sccmec_saures_NZ_CP020019_l43869:4995-5366	NZ_CP020019_SCCmec_00007
PROKKA_NZ_CP020019/PROKKA_NZ_CP020019:Gene	NZ_CP020019_SCCmec_00008	sccmec_saures_NZ_CP020019_l43869:5363-7006	NZ_CP020019_SCCmec_00008
PROKKA_NZ_CP020019/PROKKA_NZ_CP020019:Gene	NZ_CP020019_SCCmec_00024	sccmec_saures_NZ_CP020019_l43869:20531-21640	NZ_CP020019_SCCmec_00024
PROKKA_NZ_CP020019/PROKKA_NZ_CP020019:Gene	NZ_CP020019_SCCmec_00025	sccmec_saures_NZ_CP020019_l43869:21633-22001	NZ_CP020019_SCCmec_00025
PROKKA_NZ_CP020019/PROKKA_NZ_CP020019:Gene	NZ_CP020019_SCCmec_00026	sccmec_saures_NZ_CP020019_l43869:22001-23617	NZ_CP020019_SCCmec_00026
PROKKA_NZ_CP020019/PROKKA_NZ_CP020019:Gene	ricR	sccmec_saures_NZ_CP020019_l43869:41689-41931	NZ_CP020019_SCCmec_00047
PROKKA_NZ_CP020019/PROKKA_NZ_CP020019:Gene	NZ_CP020019_SCCmec_00048	sccmec_saures_NZ_CP020019_l43869:41928-42686	NZ_CP020019_SCCmec_00048

DiscRep_ALL:DISC_QUALITY_SCORES::Quality scores are missing on all sequences.

DiscRep_ALL:ONCALLER_COMMENT_PRESENT::1 comment descriptors were found (all same)
PROKKA_NZ_CP020019/PROKKA_NZ_CP020019:sccmec_saures_NZ_CP020019_l43869:Annotated using prokka 1.12 from https://github.com/tseemann/prokka

DiscRep_ALL:SHORT_PROT_SEQUENCES::4 protein sequences are shorter than 50 aa.
PROKKA_NZ_CP020019/PROKKA_NZ_CP020019:sccmec_saures_NZ_CP020019_l43869_19 (length 47)
PROKKA_NZ_CP020019/PROKKA_NZ_CP020019:sccmec_saures_NZ_CP020019_l43869_22 (length 32)
PROKKA_NZ_CP020019/PROKKA_NZ_CP020019:sccmec_saures_NZ_CP020019_l43869_34 (length 33)
PROKKA_NZ_CP020019/PROKKA_NZ_CP020019:sccmec_saures_NZ_CP020019_l43869_43 (length 32)

DiscRep_ALL:MISSING_GENOMEASSEMBLY_COMMENTS::1 bioseqs are missing GenomeAssembly structured comments
PROKKA_NZ_CP020019/PROKKA_NZ_CP020019:sccmec_saures_NZ_CP020019_l43869 (length 43869)

DiscRep_ALL:MOLTYPE_NOT_MRNA::1 molecule types are not set as mRNA.
PROKKA_NZ_CP020019/PROKKA_NZ_CP020019:sccmec_saures_NZ_CP020019_l43869 (length 43869)

DiscRep_ALL:TECHNIQUE_NOT_TSA::1 technique are not set as TSA
PROKKA_NZ_CP020019/PROKKA_NZ_CP020019:sccmec_saures_NZ_CP020019_l43869 (length 43869)

DiscRep_ALL:MISSING_STRUCTURED_COMMENT::1 sequences do not include structured comments.
PROKKA_NZ_CP020019/PROKKA_NZ_CP020019:sccmec_saures_NZ_CP020019_l43869 (length 43869)

DiscRep_ALL:MISSING_PROJECT::51 sequences do not include project.
PROKKA_NZ_CP020019/PROKKA_NZ_CP020019:sccmec_saures_NZ_CP020019_l43869 (length 43869)
PROKKA_NZ_CP020019/PROKKA_NZ_CP020019:sccmec_saures_NZ_CP020019_l43869_1 (length 159)
PROKKA_NZ_CP020019/PROKKA_NZ_CP020019:sccmec_saures_NZ_CP020019_l43869_2 (length 51)
PROKKA_NZ_CP020019/PROKKA_NZ_CP020019:sccmec_saures_NZ_CP020019_l43869_3 (length 101)
PROKKA_NZ_CP020019/PROKKA_NZ_CP020019:sccmec_saures_NZ_CP020019_l43869_4 (length 287)
PROKKA_NZ_CP020019/PROKKA_NZ_CP020019:sccmec_saures_NZ_CP020019_l43869_5 (length 499)
PROKKA_NZ_CP020019/PROKKA_NZ_CP020019:sccmec_saures_NZ_CP020019_l43869_6 (length 366)
PROKKA_NZ_CP020019/PROKKA_NZ_CP020019:sccmec_saures_NZ_CP020019_l43869_7 (length 123)
PROKKA_NZ_CP020019/PROKKA_NZ_CP020019:sccmec_saures_NZ_CP020019_l43869_8 (length 547)
PROKKA_NZ_CP020019/PROKKA_NZ_CP020019:sccmec_saures_NZ_CP020019_l43869_9 (length 558)
PROKKA_NZ_CP020019/PROKKA_NZ_CP020019:sccmec_saures_NZ_CP020019_l43869_10 (length 112)
PROKKA_NZ_CP020019/PROKKA_NZ_CP020019:sccmec_saures_NZ_CP020019_l43869_11 (length 103)
PROKKA_NZ_CP020019/PROKKA_NZ_CP020019:sccmec_saures_NZ_CP020019_l43869_12 (length 168)
PROKKA_NZ_CP020019/PROKKA_NZ_CP020019:sccmec_saures_NZ_CP020019_l43869_13 (length 224)
PROKKA_NZ_CP020019/PROKKA_NZ_CP020019:sccmec_saures_NZ_CP020019_l43869_14 (length 55)
PROKKA_NZ_CP020019/PROKKA_NZ_CP020019:sccmec_saures_NZ_CP020019_l43869_15 (length 76)
PROKKA_NZ_CP020019/PROKKA_NZ_CP020019:sccmec_saures_NZ_CP020019_l43869_16 (length 247)
PROKKA_NZ_CP020019/PROKKA_NZ_CP020019:sccmec_saures_NZ_CP020019_l43869_17 (length 142)
PROKKA_NZ_CP020019/PROKKA_NZ_CP020019:sccmec_saures_NZ_CP020019_l43869_18 (length 668)
PROKKA_NZ_CP020019/PROKKA_NZ_CP020019:sccmec_saures_NZ_CP020019_l43869_19 (length 47)
PROKKA_NZ_CP020019/PROKKA_NZ_CP020019:sccmec_saures_NZ_CP020019_l43869_20 (length 142)
PROKKA_NZ_CP020019/PROKKA_NZ_CP020019:sccmec_saures_NZ_CP020019_l43869_21 (length 309)
PROKKA_NZ_CP020019/PROKKA_NZ_CP020019:sccmec_saures_NZ_CP020019_l43869_22 (length 32)
PROKKA_NZ_CP020019/PROKKA_NZ_CP020019:sccmec_saures_NZ_CP020019_l43869_23 (length 662)
PROKKA_NZ_CP020019/PROKKA_NZ_CP020019:sccmec_saures_NZ_CP020019_l43869_24 (length 369)
PROKKA_NZ_CP020019/PROKKA_NZ_CP020019:sccmec_saures_NZ_CP020019_l43869_25 (length 122)
PROKKA_NZ_CP020019/PROKKA_NZ_CP020019:sccmec_saures_NZ_CP020019_l43869_26 (length 538)
PROKKA_NZ_CP020019/PROKKA_NZ_CP020019:sccmec_saures_NZ_CP020019_l43869_27 (length 559)
PROKKA_NZ_CP020019/PROKKA_NZ_CP020019:sccmec_saures_NZ_CP020019_l43869_28 (length 124)
PROKKA_NZ_CP020019/PROKKA_NZ_CP020019:sccmec_saures_NZ_CP020019_l43869_29 (length 103)
PROKKA_NZ_CP020019/PROKKA_NZ_CP020019:sccmec_saures_NZ_CP020019_l43869_30 (length 157)
PROKKA_NZ_CP020019/PROKKA_NZ_CP020019:sccmec_saures_NZ_CP020019_l43869_31 (length 224)
PROKKA_NZ_CP020019/PROKKA_NZ_CP020019:sccmec_saures_NZ_CP020019_l43869_32 (length 429)
PROKKA_NZ_CP020019/PROKKA_NZ_CP020019:sccmec_saures_NZ_CP020019_l43869_33 (length 413)
PROKKA_NZ_CP020019/PROKKA_NZ_CP020019:sccmec_saures_NZ_CP020019_l43869_34 (length 33)
PROKKA_NZ_CP020019/PROKKA_NZ_CP020019:sccmec_saures_NZ_CP020019_l43869_35 (length 267)
PROKKA_NZ_CP020019/PROKKA_NZ_CP020019:sccmec_saures_NZ_CP020019_l43869_36 (length 224)
PROKKA_NZ_CP020019/PROKKA_NZ_CP020019:sccmec_saures_NZ_CP020019_l43869_37 (length 209)
PROKKA_NZ_CP020019/PROKKA_NZ_CP020019:sccmec_saures_NZ_CP020019_l43869_38 (length 66)
PROKKA_NZ_CP020019/PROKKA_NZ_CP020019:sccmec_saures_NZ_CP020019_l43869_39 (length 193)
PROKKA_NZ_CP020019/PROKKA_NZ_CP020019:sccmec_saures_NZ_CP020019_l43869_40 (length 50)
PROKKA_NZ_CP020019/PROKKA_NZ_CP020019:sccmec_saures_NZ_CP020019_l43869_41 (length 119)
PROKKA_NZ_CP020019/PROKKA_NZ_CP020019:sccmec_saures_NZ_CP020019_l43869_42 (length 108)
PROKKA_NZ_CP020019/PROKKA_NZ_CP020019:sccmec_saures_NZ_CP020019_l43869_43 (length 32)
PROKKA_NZ_CP020019/PROKKA_NZ_CP020019:sccmec_saures_NZ_CP020019_l43869_44 (length 637)
PROKKA_NZ_CP020019/PROKKA_NZ_CP020019:sccmec_saures_NZ_CP020019_l43869_45 (length 442)
PROKKA_NZ_CP020019/PROKKA_NZ_CP020019:sccmec_saures_NZ_CP020019_l43869_46 (length 355)
PROKKA_NZ_CP020019/PROKKA_NZ_CP020019:sccmec_saures_NZ_CP020019_l43869_47 (length 80)
PROKKA_NZ_CP020019/PROKKA_NZ_CP020019:sccmec_saures_NZ_CP020019_l43869_48 (length 252)
PROKKA_NZ_CP020019/PROKKA_NZ_CP020019:sccmec_saures_NZ_CP020019_l43869_49 (length 56)
PROKKA_NZ_CP020019/PROKKA_NZ_CP020019:sccmec_saures_NZ_CP020019_l43869_50 (length 181)

DiscRep_ALL:DISC_INCONSISTENT_MOLINFO_TECH::Molinfo Technique Report (some missing, all same)
DiscRep_SUB:DISC_INCONSISTENT_MOLINFO_TECH::technique (all missing)
DiscRep_SUB:DISC_INCONSISTENT_MOLINFO_TECH::1 Molinfos are missing field technique
PROKKA_NZ_CP020019/PROKKA_NZ_CP020019:sccmec_saures_NZ_CP020019_l43869 (length 43869)

