Discrepancy Report Results

Summary
FATAL: BAD_LOCUS_TAG_FORMAT:56 locus tags are incorrectly formatted.
DISC_SOURCE_QUALS_ASNDISC:strain (all present, all unique)
DISC_SOURCE_QUALS_ASNDISC:taxname (all present, all unique)
DISC_FEATURE_COUNT:gene: 56 present
DISC_FEATURE_COUNT:CDS: 56 present
DISC_COUNT_NUCLEOTIDES:1 nucleotide Bioseqs are present
OVERLAPPING_GENES:14 genes overlap another gene on the same strand.
DISC_QUALITY_SCORES:Quality scores are missing on all sequences.
ONCALLER_COMMENT_PRESENT:1 comment descriptors were found (all same)
SHORT_PROT_SEQUENCES:2 protein sequences are shorter than 50 aa.
MISSING_GENOMEASSEMBLY_COMMENTS:1 bioseqs are missing GenomeAssembly structured comments
MOLTYPE_NOT_MRNA:1 molecule types are not set as mRNA.
TECHNIQUE_NOT_TSA:1 technique are not set as TSA
MISSING_STRUCTURED_COMMENT:1 sequences do not include structured comments.
MISSING_PROJECT:57 sequences do not include project.
DISC_INCONSISTENT_MOLINFO_TECH:Molinfo Technique Report (some missing, all same)


Detailed Report

FATAL: DiscRep_ALL:BAD_LOCUS_TAG_FORMAT::56 locus tags are incorrectly formatted.
SCCmec_NC_007793_Type-IV/SCCmec_NC_007793_Type-IV:Gene	rlmH	SCCmec_NC_007793_Type-IV_1:1-480	SCCmec_NC_007793_Type-IV_00001
SCCmec_NC_007793_Type-IV/SCCmec_NC_007793_Type-IV:Gene	SCCmec_NC_007793_Type-IV_00002	SCCmec_NC_007793_Type-IV_1:802-2058	SCCmec_NC_007793_Type-IV_00002
SCCmec_NC_007793_Type-IV/SCCmec_NC_007793_Type-IV:Gene	SCCmec_NC_007793_Type-IV_00003	SCCmec_NC_007793_Type-IV_1:c2840-2166	SCCmec_NC_007793_Type-IV_00003
SCCmec_NC_007793_Type-IV/SCCmec_NC_007793_Type-IV:Gene	SCCmec_NC_007793_Type-IV_00004	SCCmec_NC_007793_Type-IV_1:3098-3265	SCCmec_NC_007793_Type-IV_00004
SCCmec_NC_007793_Type-IV/SCCmec_NC_007793_Type-IV:Gene	SCCmec_NC_007793_Type-IV_00005	SCCmec_NC_007793_Type-IV_1:3363-3593	SCCmec_NC_007793_Type-IV_00005
SCCmec_NC_007793_Type-IV/SCCmec_NC_007793_Type-IV:Gene	ugpQ	SCCmec_NC_007793_Type-IV_1:4102-4845	SCCmec_NC_007793_Type-IV_00006
SCCmec_NC_007793_Type-IV/SCCmec_NC_007793_Type-IV:Gene	paaZ	SCCmec_NC_007793_Type-IV_1:4942-5370	SCCmec_NC_007793_Type-IV_00007
SCCmec_NC_007793_Type-IV/SCCmec_NC_007793_Type-IV:Gene	pbp	SCCmec_NC_007793_Type-IV_1:c7422-5416	SCCmec_NC_007793_Type-IV_00008
SCCmec_NC_007793_Type-IV/SCCmec_NC_007793_Type-IV:Gene	mecR1	SCCmec_NC_007793_Type-IV_1:7522-8508	SCCmec_NC_007793_Type-IV_00009
SCCmec_NC_007793_Type-IV/SCCmec_NC_007793_Type-IV:Gene	SCCmec_NC_007793_Type-IV_00010	SCCmec_NC_007793_Type-IV_1:8468-8740	SCCmec_NC_007793_Type-IV_00010
SCCmec_NC_007793_Type-IV/SCCmec_NC_007793_Type-IV:Gene	SCCmec_NC_007793_Type-IV_00011	SCCmec_NC_007793_Type-IV_1:c10254-8731	SCCmec_NC_007793_Type-IV_00011
SCCmec_NC_007793_Type-IV/SCCmec_NC_007793_Type-IV:Gene	SCCmec_NC_007793_Type-IV_00012	SCCmec_NC_007793_Type-IV_1:c10896-10390	SCCmec_NC_007793_Type-IV_00012
SCCmec_NC_007793_Type-IV/SCCmec_NC_007793_Type-IV:Gene	SCCmec_NC_007793_Type-IV_00013	SCCmec_NC_007793_Type-IV_1:c11222-10911	SCCmec_NC_007793_Type-IV_00013
SCCmec_NC_007793_Type-IV/SCCmec_NC_007793_Type-IV:Gene	SCCmec_NC_007793_Type-IV_00014	SCCmec_NC_007793_Type-IV_1:c11659-11309	SCCmec_NC_007793_Type-IV_00014
SCCmec_NC_007793_Type-IV/SCCmec_NC_007793_Type-IV:Gene	hin_1	SCCmec_NC_007793_Type-IV_1:c13809-12181	SCCmec_NC_007793_Type-IV_00015
SCCmec_NC_007793_Type-IV/SCCmec_NC_007793_Type-IV:Gene	hin_2	SCCmec_NC_007793_Type-IV_1:c15180-13831	SCCmec_NC_007793_Type-IV_00016
SCCmec_NC_007793_Type-IV/SCCmec_NC_007793_Type-IV:Gene	SCCmec_NC_007793_Type-IV_00017	SCCmec_NC_007793_Type-IV_1:c17201-15414	SCCmec_NC_007793_Type-IV_00017
SCCmec_NC_007793_Type-IV/SCCmec_NC_007793_Type-IV:Gene	SCCmec_NC_007793_Type-IV_00018	SCCmec_NC_007793_Type-IV_1:c17491-17201	SCCmec_NC_007793_Type-IV_00018
SCCmec_NC_007793_Type-IV/SCCmec_NC_007793_Type-IV:Gene	SCCmec_NC_007793_Type-IV_00019	SCCmec_NC_007793_Type-IV_1:17588-18679	SCCmec_NC_007793_Type-IV_00019
SCCmec_NC_007793_Type-IV/SCCmec_NC_007793_Type-IV:Gene	SCCmec_NC_007793_Type-IV_00020	SCCmec_NC_007793_Type-IV_1:19407-20897	SCCmec_NC_007793_Type-IV_00020
SCCmec_NC_007793_Type-IV/SCCmec_NC_007793_Type-IV:Gene	gloC	SCCmec_NC_007793_Type-IV_1:c22525-21521	SCCmec_NC_007793_Type-IV_00021
SCCmec_NC_007793_Type-IV/SCCmec_NC_007793_Type-IV:Gene	SCCmec_NC_007793_Type-IV_00022	SCCmec_NC_007793_Type-IV_1:22644-22781	SCCmec_NC_007793_Type-IV_00022
SCCmec_NC_007793_Type-IV/SCCmec_NC_007793_Type-IV:Gene	SCCmec_NC_007793_Type-IV_00023	SCCmec_NC_007793_Type-IV_1:22778-23149	SCCmec_NC_007793_Type-IV_00023
SCCmec_NC_007793_Type-IV/SCCmec_NC_007793_Type-IV:Gene	SCCmec_NC_007793_Type-IV_00024	SCCmec_NC_007793_Type-IV_1:23278-23898	SCCmec_NC_007793_Type-IV_00024
SCCmec_NC_007793_Type-IV/SCCmec_NC_007793_Type-IV:Gene	SCCmec_NC_007793_Type-IV_00025	SCCmec_NC_007793_Type-IV_1:c24985-24815	SCCmec_NC_007793_Type-IV_00025
SCCmec_NC_007793_Type-IV/SCCmec_NC_007793_Type-IV:Gene	SCCmec_NC_007793_Type-IV_00026	SCCmec_NC_007793_Type-IV_1:25387-26352	SCCmec_NC_007793_Type-IV_00026
SCCmec_NC_007793_Type-IV/SCCmec_NC_007793_Type-IV:Gene	SCCmec_NC_007793_Type-IV_00027	SCCmec_NC_007793_Type-IV_1:26732-27061	SCCmec_NC_007793_Type-IV_00027
SCCmec_NC_007793_Type-IV/SCCmec_NC_007793_Type-IV:Gene	SCCmec_NC_007793_Type-IV_00028	SCCmec_NC_007793_Type-IV_1:c27497-27138	SCCmec_NC_007793_Type-IV_00028
SCCmec_NC_007793_Type-IV/SCCmec_NC_007793_Type-IV:Gene	SCCmec_NC_007793_Type-IV_00029	SCCmec_NC_007793_Type-IV_1:c28877-28068	SCCmec_NC_007793_Type-IV_00029
SCCmec_NC_007793_Type-IV/SCCmec_NC_007793_Type-IV:Gene	SCCmec_NC_007793_Type-IV_00030	SCCmec_NC_007793_Type-IV_1:28896-29078	SCCmec_NC_007793_Type-IV_00030
SCCmec_NC_007793_Type-IV/SCCmec_NC_007793_Type-IV:Gene	speG	SCCmec_NC_007793_Type-IV_1:c29886-29389	SCCmec_NC_007793_Type-IV_00031
SCCmec_NC_007793_Type-IV/SCCmec_NC_007793_Type-IV:Gene	adhD	SCCmec_NC_007793_Type-IV_1:30384-31511	SCCmec_NC_007793_Type-IV_00032
SCCmec_NC_007793_Type-IV/SCCmec_NC_007793_Type-IV:Gene	SCCmec_NC_007793_Type-IV_00033	SCCmec_NC_007793_Type-IV_1:c31990-31766	SCCmec_NC_007793_Type-IV_00033
SCCmec_NC_007793_Type-IV/SCCmec_NC_007793_Type-IV:Gene	SCCmec_NC_007793_Type-IV_00034	SCCmec_NC_007793_Type-IV_1:c32507-32004	SCCmec_NC_007793_Type-IV_00034
SCCmec_NC_007793_Type-IV/SCCmec_NC_007793_Type-IV:Gene	SCCmec_NC_007793_Type-IV_00035	SCCmec_NC_007793_Type-IV_1:c32834-32523	SCCmec_NC_007793_Type-IV_00035
SCCmec_NC_007793_Type-IV/SCCmec_NC_007793_Type-IV:Gene	SCCmec_NC_007793_Type-IV_00036	SCCmec_NC_007793_Type-IV_1:c32928-32836	SCCmec_NC_007793_Type-IV_00036
SCCmec_NC_007793_Type-IV/SCCmec_NC_007793_Type-IV:Gene	SCCmec_NC_007793_Type-IV_00037	SCCmec_NC_007793_Type-IV_1:c33271-32921	SCCmec_NC_007793_Type-IV_00037
SCCmec_NC_007793_Type-IV/SCCmec_NC_007793_Type-IV:Gene	SCCmec_NC_007793_Type-IV_00038	SCCmec_NC_007793_Type-IV_1:34228-35079	SCCmec_NC_007793_Type-IV_00038
SCCmec_NC_007793_Type-IV/SCCmec_NC_007793_Type-IV:Gene	arcC1	SCCmec_NC_007793_Type-IV_1:c36108-35179	SCCmec_NC_007793_Type-IV_00039
SCCmec_NC_007793_Type-IV/SCCmec_NC_007793_Type-IV:Gene	argF	SCCmec_NC_007793_Type-IV_1:c37126-36128	SCCmec_NC_007793_Type-IV_00040
SCCmec_NC_007793_Type-IV/SCCmec_NC_007793_Type-IV:Gene	arcR	SCCmec_NC_007793_Type-IV_1:c37853-37164	SCCmec_NC_007793_Type-IV_00041
SCCmec_NC_007793_Type-IV/SCCmec_NC_007793_Type-IV:Gene	arcD	SCCmec_NC_007793_Type-IV_1:c39316-37895	SCCmec_NC_007793_Type-IV_00042
SCCmec_NC_007793_Type-IV/SCCmec_NC_007793_Type-IV:Gene	arcA	SCCmec_NC_007793_Type-IV_1:c40637-39402	SCCmec_NC_007793_Type-IV_00043
SCCmec_NC_007793_Type-IV/SCCmec_NC_007793_Type-IV:Gene	argR	SCCmec_NC_007793_Type-IV_1:c41352-40906	SCCmec_NC_007793_Type-IV_00044
SCCmec_NC_007793_Type-IV/SCCmec_NC_007793_Type-IV:Gene	SCCmec_NC_007793_Type-IV_00045	SCCmec_NC_007793_Type-IV_1:41854-42285	SCCmec_NC_007793_Type-IV_00045
SCCmec_NC_007793_Type-IV/SCCmec_NC_007793_Type-IV:Gene	SCCmec_NC_007793_Type-IV_00046	SCCmec_NC_007793_Type-IV_1:42558-42803	SCCmec_NC_007793_Type-IV_00046
SCCmec_NC_007793_Type-IV/SCCmec_NC_007793_Type-IV:Gene	SCCmec_NC_007793_Type-IV_00047	SCCmec_NC_007793_Type-IV_1:43419-44234	SCCmec_NC_007793_Type-IV_00047
SCCmec_NC_007793_Type-IV/SCCmec_NC_007793_Type-IV:Gene	SCCmec_NC_007793_Type-IV_00048	SCCmec_NC_007793_Type-IV_1:44661-45734	SCCmec_NC_007793_Type-IV_00048
SCCmec_NC_007793_Type-IV/SCCmec_NC_007793_Type-IV:Gene	cmoB	SCCmec_NC_007793_Type-IV_1:45994-46686	SCCmec_NC_007793_Type-IV_00049
SCCmec_NC_007793_Type-IV/SCCmec_NC_007793_Type-IV:Gene	nikA	SCCmec_NC_007793_Type-IV_1:46683-48236	SCCmec_NC_007793_Type-IV_00050
SCCmec_NC_007793_Type-IV/SCCmec_NC_007793_Type-IV:Gene	nikB	SCCmec_NC_007793_Type-IV_1:48239-49195	SCCmec_NC_007793_Type-IV_00051
SCCmec_NC_007793_Type-IV/SCCmec_NC_007793_Type-IV:Gene	gsiD	SCCmec_NC_007793_Type-IV_1:49195-49962	SCCmec_NC_007793_Type-IV_00052
SCCmec_NC_007793_Type-IV/SCCmec_NC_007793_Type-IV:Gene	oppD	SCCmec_NC_007793_Type-IV_1:49929-50696	SCCmec_NC_007793_Type-IV_00053
SCCmec_NC_007793_Type-IV/SCCmec_NC_007793_Type-IV:Gene	nikE	SCCmec_NC_007793_Type-IV_1:50689-51324	SCCmec_NC_007793_Type-IV_00054
SCCmec_NC_007793_Type-IV/SCCmec_NC_007793_Type-IV:Gene	copB	SCCmec_NC_007793_Type-IV_1:52284-54407	SCCmec_NC_007793_Type-IV_00055
SCCmec_NC_007793_Type-IV/SCCmec_NC_007793_Type-IV:Gene	SCCmec_NC_007793_Type-IV_00056	SCCmec_NC_007793_Type-IV_1:54425-54970	SCCmec_NC_007793_Type-IV_00056

DiscRep_ALL:DISC_SOURCE_QUALS_ASNDISC::strain (all present, all unique)
DiscRep_SUB:DISC_SOURCE_QUALS_ASNDISC::1 sources have unique values for strain
DiscRep_ALL:DISC_SOURCE_QUALS_ASNDISC::taxname (all present, all unique)
DiscRep_SUB:DISC_SOURCE_QUALS_ASNDISC::1 sources have unique values for taxname
DiscRep_ALL:DISC_FEATURE_COUNT::gene: 56 present
DiscRep_ALL:DISC_FEATURE_COUNT::CDS: 56 present
DiscRep_ALL:DISC_COUNT_NUCLEOTIDES::1 nucleotide Bioseqs are present
SCCmec_NC_007793_Type-IV/SCCmec_NC_007793_Type-IV:10:SCCmec_NC_007793_Type-IV_1 (length 55211)

DiscRep_ALL:OVERLAPPING_GENES::14 genes overlap another gene on the same strand.
SCCmec_NC_007793_Type-IV/SCCmec_NC_007793_Type-IV:Gene	mecR1	SCCmec_NC_007793_Type-IV_1:7522-8508	SCCmec_NC_007793_Type-IV_00009
SCCmec_NC_007793_Type-IV/SCCmec_NC_007793_Type-IV:Gene	SCCmec_NC_007793_Type-IV_00010	SCCmec_NC_007793_Type-IV_1:8468-8740	SCCmec_NC_007793_Type-IV_00010
SCCmec_NC_007793_Type-IV/SCCmec_NC_007793_Type-IV:Gene	SCCmec_NC_007793_Type-IV_00017	SCCmec_NC_007793_Type-IV_1:c17201-15414	SCCmec_NC_007793_Type-IV_00017
SCCmec_NC_007793_Type-IV/SCCmec_NC_007793_Type-IV:Gene	SCCmec_NC_007793_Type-IV_00018	SCCmec_NC_007793_Type-IV_1:c17491-17201	SCCmec_NC_007793_Type-IV_00018
SCCmec_NC_007793_Type-IV/SCCmec_NC_007793_Type-IV:Gene	SCCmec_NC_007793_Type-IV_00022	SCCmec_NC_007793_Type-IV_1:22644-22781	SCCmec_NC_007793_Type-IV_00022
SCCmec_NC_007793_Type-IV/SCCmec_NC_007793_Type-IV:Gene	SCCmec_NC_007793_Type-IV_00023	SCCmec_NC_007793_Type-IV_1:22778-23149	SCCmec_NC_007793_Type-IV_00023
SCCmec_NC_007793_Type-IV/SCCmec_NC_007793_Type-IV:Gene	SCCmec_NC_007793_Type-IV_00036	SCCmec_NC_007793_Type-IV_1:c32928-32836	SCCmec_NC_007793_Type-IV_00036
SCCmec_NC_007793_Type-IV/SCCmec_NC_007793_Type-IV:Gene	SCCmec_NC_007793_Type-IV_00037	SCCmec_NC_007793_Type-IV_1:c33271-32921	SCCmec_NC_007793_Type-IV_00037
SCCmec_NC_007793_Type-IV/SCCmec_NC_007793_Type-IV:Gene	cmoB	SCCmec_NC_007793_Type-IV_1:45994-46686	SCCmec_NC_007793_Type-IV_00049
SCCmec_NC_007793_Type-IV/SCCmec_NC_007793_Type-IV:Gene	nikA	SCCmec_NC_007793_Type-IV_1:46683-48236	SCCmec_NC_007793_Type-IV_00050
SCCmec_NC_007793_Type-IV/SCCmec_NC_007793_Type-IV:Gene	nikB	SCCmec_NC_007793_Type-IV_1:48239-49195	SCCmec_NC_007793_Type-IV_00051
SCCmec_NC_007793_Type-IV/SCCmec_NC_007793_Type-IV:Gene	gsiD	SCCmec_NC_007793_Type-IV_1:49195-49962	SCCmec_NC_007793_Type-IV_00052
SCCmec_NC_007793_Type-IV/SCCmec_NC_007793_Type-IV:Gene	oppD	SCCmec_NC_007793_Type-IV_1:49929-50696	SCCmec_NC_007793_Type-IV_00053
SCCmec_NC_007793_Type-IV/SCCmec_NC_007793_Type-IV:Gene	nikE	SCCmec_NC_007793_Type-IV_1:50689-51324	SCCmec_NC_007793_Type-IV_00054

DiscRep_ALL:DISC_QUALITY_SCORES::Quality scores are missing on all sequences.

DiscRep_ALL:ONCALLER_COMMENT_PRESENT::1 comment descriptors were found (all same)
SCCmec_NC_007793_Type-IV/SCCmec_NC_007793_Type-IV:10:SCCmec_NC_007793_Type-IV_1:Annotated using prokka 1.12 from https://github.com/tseemann/prokka

DiscRep_ALL:SHORT_PROT_SEQUENCES::2 protein sequences are shorter than 50 aa.
SCCmec_NC_007793_Type-IV/SCCmec_NC_007793_Type-IV:10:SCCmec_NC_007793_Type-IV_00022 (length 45)
SCCmec_NC_007793_Type-IV/SCCmec_NC_007793_Type-IV:10:SCCmec_NC_007793_Type-IV_00036 (length 30)

DiscRep_ALL:MISSING_GENOMEASSEMBLY_COMMENTS::1 bioseqs are missing GenomeAssembly structured comments
SCCmec_NC_007793_Type-IV/SCCmec_NC_007793_Type-IV:10:SCCmec_NC_007793_Type-IV_1 (length 55211)

DiscRep_ALL:MOLTYPE_NOT_MRNA::1 molecule types are not set as mRNA.
SCCmec_NC_007793_Type-IV/SCCmec_NC_007793_Type-IV:10:SCCmec_NC_007793_Type-IV_1 (length 55211)

DiscRep_ALL:TECHNIQUE_NOT_TSA::1 technique are not set as TSA
SCCmec_NC_007793_Type-IV/SCCmec_NC_007793_Type-IV:10:SCCmec_NC_007793_Type-IV_1 (length 55211)

DiscRep_ALL:MISSING_STRUCTURED_COMMENT::1 sequences do not include structured comments.
SCCmec_NC_007793_Type-IV/SCCmec_NC_007793_Type-IV:10:SCCmec_NC_007793_Type-IV_1 (length 55211)

DiscRep_ALL:MISSING_PROJECT::57 sequences do not include project.
SCCmec_NC_007793_Type-IV/SCCmec_NC_007793_Type-IV:10:SCCmec_NC_007793_Type-IV_1 (length 55211)
SCCmec_NC_007793_Type-IV/SCCmec_NC_007793_Type-IV:10:SCCmec_NC_007793_Type-IV_00001 (length 159)
SCCmec_NC_007793_Type-IV/SCCmec_NC_007793_Type-IV:10:SCCmec_NC_007793_Type-IV_00002 (length 418)
SCCmec_NC_007793_Type-IV/SCCmec_NC_007793_Type-IV:10:SCCmec_NC_007793_Type-IV_00003 (length 224)
SCCmec_NC_007793_Type-IV/SCCmec_NC_007793_Type-IV:10:SCCmec_NC_007793_Type-IV_00004 (length 55)
SCCmec_NC_007793_Type-IV/SCCmec_NC_007793_Type-IV:10:SCCmec_NC_007793_Type-IV_00005 (length 76)
SCCmec_NC_007793_Type-IV/SCCmec_NC_007793_Type-IV:10:SCCmec_NC_007793_Type-IV_00006 (length 247)
SCCmec_NC_007793_Type-IV/SCCmec_NC_007793_Type-IV:10:SCCmec_NC_007793_Type-IV_00007 (length 142)
SCCmec_NC_007793_Type-IV/SCCmec_NC_007793_Type-IV:10:SCCmec_NC_007793_Type-IV_00008 (length 668)
SCCmec_NC_007793_Type-IV/SCCmec_NC_007793_Type-IV:10:SCCmec_NC_007793_Type-IV_00009 (length 328)
SCCmec_NC_007793_Type-IV/SCCmec_NC_007793_Type-IV:10:SCCmec_NC_007793_Type-IV_00010 (length 90)
SCCmec_NC_007793_Type-IV/SCCmec_NC_007793_Type-IV:10:SCCmec_NC_007793_Type-IV_00011 (length 507)
SCCmec_NC_007793_Type-IV/SCCmec_NC_007793_Type-IV:10:SCCmec_NC_007793_Type-IV_00012 (length 168)
SCCmec_NC_007793_Type-IV/SCCmec_NC_007793_Type-IV:10:SCCmec_NC_007793_Type-IV_00013 (length 103)
SCCmec_NC_007793_Type-IV/SCCmec_NC_007793_Type-IV:10:SCCmec_NC_007793_Type-IV_00014 (length 116)
SCCmec_NC_007793_Type-IV/SCCmec_NC_007793_Type-IV:10:SCCmec_NC_007793_Type-IV_00015 (length 542)
SCCmec_NC_007793_Type-IV/SCCmec_NC_007793_Type-IV:10:SCCmec_NC_007793_Type-IV_00016 (length 449)
SCCmec_NC_007793_Type-IV/SCCmec_NC_007793_Type-IV:10:SCCmec_NC_007793_Type-IV_00017 (length 595)
SCCmec_NC_007793_Type-IV/SCCmec_NC_007793_Type-IV:10:SCCmec_NC_007793_Type-IV_00018 (length 96)
SCCmec_NC_007793_Type-IV/SCCmec_NC_007793_Type-IV:10:SCCmec_NC_007793_Type-IV_00019 (length 363)
SCCmec_NC_007793_Type-IV/SCCmec_NC_007793_Type-IV:10:SCCmec_NC_007793_Type-IV_00020 (length 496)
SCCmec_NC_007793_Type-IV/SCCmec_NC_007793_Type-IV:10:SCCmec_NC_007793_Type-IV_00021 (length 334)
SCCmec_NC_007793_Type-IV/SCCmec_NC_007793_Type-IV:10:SCCmec_NC_007793_Type-IV_00022 (length 45)
SCCmec_NC_007793_Type-IV/SCCmec_NC_007793_Type-IV:10:SCCmec_NC_007793_Type-IV_00023 (length 123)
SCCmec_NC_007793_Type-IV/SCCmec_NC_007793_Type-IV:10:SCCmec_NC_007793_Type-IV_00024 (length 206)
SCCmec_NC_007793_Type-IV/SCCmec_NC_007793_Type-IV:10:SCCmec_NC_007793_Type-IV_00025 (length 56)
SCCmec_NC_007793_Type-IV/SCCmec_NC_007793_Type-IV:10:SCCmec_NC_007793_Type-IV_00026 (length 321)
SCCmec_NC_007793_Type-IV/SCCmec_NC_007793_Type-IV:10:SCCmec_NC_007793_Type-IV_00027 (length 109)
SCCmec_NC_007793_Type-IV/SCCmec_NC_007793_Type-IV:10:SCCmec_NC_007793_Type-IV_00028 (length 119)
SCCmec_NC_007793_Type-IV/SCCmec_NC_007793_Type-IV:10:SCCmec_NC_007793_Type-IV_00029 (length 269)
SCCmec_NC_007793_Type-IV/SCCmec_NC_007793_Type-IV:10:SCCmec_NC_007793_Type-IV_00030 (length 60)
SCCmec_NC_007793_Type-IV/SCCmec_NC_007793_Type-IV:10:SCCmec_NC_007793_Type-IV_00031 (length 165)
SCCmec_NC_007793_Type-IV/SCCmec_NC_007793_Type-IV:10:SCCmec_NC_007793_Type-IV_00032 (length 375)
SCCmec_NC_007793_Type-IV/SCCmec_NC_007793_Type-IV:10:SCCmec_NC_007793_Type-IV_00033 (length 74)
SCCmec_NC_007793_Type-IV/SCCmec_NC_007793_Type-IV:10:SCCmec_NC_007793_Type-IV_00034 (length 167)
SCCmec_NC_007793_Type-IV/SCCmec_NC_007793_Type-IV:10:SCCmec_NC_007793_Type-IV_00035 (length 103)
SCCmec_NC_007793_Type-IV/SCCmec_NC_007793_Type-IV:10:SCCmec_NC_007793_Type-IV_00036 (length 30)
SCCmec_NC_007793_Type-IV/SCCmec_NC_007793_Type-IV:10:SCCmec_NC_007793_Type-IV_00037 (length 116)
SCCmec_NC_007793_Type-IV/SCCmec_NC_007793_Type-IV:10:SCCmec_NC_007793_Type-IV_00038 (length 283)
SCCmec_NC_007793_Type-IV/SCCmec_NC_007793_Type-IV:10:SCCmec_NC_007793_Type-IV_00039 (length 309)
SCCmec_NC_007793_Type-IV/SCCmec_NC_007793_Type-IV:10:SCCmec_NC_007793_Type-IV_00040 (length 332)
SCCmec_NC_007793_Type-IV/SCCmec_NC_007793_Type-IV:10:SCCmec_NC_007793_Type-IV_00041 (length 229)
SCCmec_NC_007793_Type-IV/SCCmec_NC_007793_Type-IV:10:SCCmec_NC_007793_Type-IV_00042 (length 473)
SCCmec_NC_007793_Type-IV/SCCmec_NC_007793_Type-IV:10:SCCmec_NC_007793_Type-IV_00043 (length 411)
SCCmec_NC_007793_Type-IV/SCCmec_NC_007793_Type-IV:10:SCCmec_NC_007793_Type-IV_00044 (length 148)
SCCmec_NC_007793_Type-IV/SCCmec_NC_007793_Type-IV:10:SCCmec_NC_007793_Type-IV_00045 (length 143)
SCCmec_NC_007793_Type-IV/SCCmec_NC_007793_Type-IV:10:SCCmec_NC_007793_Type-IV_00046 (length 81)
SCCmec_NC_007793_Type-IV/SCCmec_NC_007793_Type-IV:10:SCCmec_NC_007793_Type-IV_00047 (length 271)
SCCmec_NC_007793_Type-IV/SCCmec_NC_007793_Type-IV:10:SCCmec_NC_007793_Type-IV_00048 (length 357)
SCCmec_NC_007793_Type-IV/SCCmec_NC_007793_Type-IV:10:SCCmec_NC_007793_Type-IV_00049 (length 230)
SCCmec_NC_007793_Type-IV/SCCmec_NC_007793_Type-IV:10:SCCmec_NC_007793_Type-IV_00050 (length 517)
SCCmec_NC_007793_Type-IV/SCCmec_NC_007793_Type-IV:10:SCCmec_NC_007793_Type-IV_00051 (length 318)
SCCmec_NC_007793_Type-IV/SCCmec_NC_007793_Type-IV:10:SCCmec_NC_007793_Type-IV_00052 (length 255)
SCCmec_NC_007793_Type-IV/SCCmec_NC_007793_Type-IV:10:SCCmec_NC_007793_Type-IV_00053 (length 255)
SCCmec_NC_007793_Type-IV/SCCmec_NC_007793_Type-IV:10:SCCmec_NC_007793_Type-IV_00054 (length 211)
SCCmec_NC_007793_Type-IV/SCCmec_NC_007793_Type-IV:10:SCCmec_NC_007793_Type-IV_00055 (length 707)
SCCmec_NC_007793_Type-IV/SCCmec_NC_007793_Type-IV:10:SCCmec_NC_007793_Type-IV_00056 (length 181)

DiscRep_ALL:DISC_INCONSISTENT_MOLINFO_TECH::Molinfo Technique Report (some missing, all same)
DiscRep_SUB:DISC_INCONSISTENT_MOLINFO_TECH::technique (all missing)
DiscRep_SUB:DISC_INCONSISTENT_MOLINFO_TECH::1 Molinfos are missing field technique
SCCmec_NC_007793_Type-IV/SCCmec_NC_007793_Type-IV:10:SCCmec_NC_007793_Type-IV_1 (length 55211)

