Discrepancy Report Results

Summary
FATAL: BAD_LOCUS_TAG_FORMAT:56 locus tags are incorrectly formatted.
FATAL: MISSING_PROTEIN_ID:56 proteins have invalid IDs.
DISC_SOURCE_QUALS_ASNDISC:strain (all present, all unique)
DISC_SOURCE_QUALS_ASNDISC:taxname (all present, all unique)
DISC_FEATURE_COUNT:gene: 56 present
DISC_FEATURE_COUNT:CDS: 56 present
DISC_FEATURE_COUNT:mRNA: 56 present
DISC_COUNT_NUCLEOTIDES:1 nucleotide Bioseqs are present
OVERLAPPING_GENES:14 genes overlap another gene on the same strand.
DISC_QUALITY_SCORES:Quality scores are missing on all sequences.
ONCALLER_COMMENT_PRESENT:1 comment descriptors were found (all same)
SHORT_PROT_SEQUENCES:2 protein sequences are shorter than 50 aa.
MISSING_GENOMEASSEMBLY_COMMENTS:1 bioseqs are missing GenomeAssembly structured comments
MOLTYPE_NOT_MRNA:1 molecule types are not set as mRNA.
TECHNIQUE_NOT_TSA:1 technique are not set as TSA
MISSING_STRUCTURED_COMMENT:1 sequences do not include structured comments.
MISSING_PROJECT:57 sequences do not include project.
DISC_INCONSISTENT_MOLINFO_TECH:Molinfo Technique Report (some missing, all same)


Detailed Report

FATAL: DiscRep_ALL:BAD_LOCUS_TAG_FORMAT::56 locus tags are incorrectly formatted.
PROKKA_NZ_CP014392/PROKKA_NZ_CP014392:Gene	rlmH	sccmec_saures_NZ_CP014392_l54966:1-480	NZ_CP014392_SCCmec_00001
PROKKA_NZ_CP014392/PROKKA_NZ_CP014392:Gene	NZ_CP014392_SCCmec_00002	sccmec_saures_NZ_CP014392_l54966:802-2058	NZ_CP014392_SCCmec_00002
PROKKA_NZ_CP014392/PROKKA_NZ_CP014392:Gene	NZ_CP014392_SCCmec_00003	sccmec_saures_NZ_CP014392_l54966:c2840-2166	NZ_CP014392_SCCmec_00003
PROKKA_NZ_CP014392/PROKKA_NZ_CP014392:Gene	NZ_CP014392_SCCmec_00004	sccmec_saures_NZ_CP014392_l54966:3098-3265	NZ_CP014392_SCCmec_00004
PROKKA_NZ_CP014392/PROKKA_NZ_CP014392:Gene	NZ_CP014392_SCCmec_00005	sccmec_saures_NZ_CP014392_l54966:3363-3593	NZ_CP014392_SCCmec_00005
PROKKA_NZ_CP014392/PROKKA_NZ_CP014392:Gene	ugpQ	sccmec_saures_NZ_CP014392_l54966:4022-4765	NZ_CP014392_SCCmec_00006
PROKKA_NZ_CP014392/PROKKA_NZ_CP014392:Gene	paaZ	sccmec_saures_NZ_CP014392_l54966:4862-5290	NZ_CP014392_SCCmec_00007
PROKKA_NZ_CP014392/PROKKA_NZ_CP014392:Gene	pbp	sccmec_saures_NZ_CP014392_l54966:c7342-5336	NZ_CP014392_SCCmec_00008
PROKKA_NZ_CP014392/PROKKA_NZ_CP014392:Gene	mecR1	sccmec_saures_NZ_CP014392_l54966:7442-8428	NZ_CP014392_SCCmec_00009
PROKKA_NZ_CP014392/PROKKA_NZ_CP014392:Gene	NZ_CP014392_SCCmec_00010	sccmec_saures_NZ_CP014392_l54966:8388-8660	NZ_CP014392_SCCmec_00010
PROKKA_NZ_CP014392/PROKKA_NZ_CP014392:Gene	NZ_CP014392_SCCmec_00011	sccmec_saures_NZ_CP014392_l54966:c10174-8651	NZ_CP014392_SCCmec_00011
PROKKA_NZ_CP014392/PROKKA_NZ_CP014392:Gene	NZ_CP014392_SCCmec_00012	sccmec_saures_NZ_CP014392_l54966:c10816-10310	NZ_CP014392_SCCmec_00012
PROKKA_NZ_CP014392/PROKKA_NZ_CP014392:Gene	NZ_CP014392_SCCmec_00013	sccmec_saures_NZ_CP014392_l54966:c11142-10831	NZ_CP014392_SCCmec_00013
PROKKA_NZ_CP014392/PROKKA_NZ_CP014392:Gene	NZ_CP014392_SCCmec_00014	sccmec_saures_NZ_CP014392_l54966:c11579-11229	NZ_CP014392_SCCmec_00014
PROKKA_NZ_CP014392/PROKKA_NZ_CP014392:Gene	hin_1	sccmec_saures_NZ_CP014392_l54966:c13729-12101	NZ_CP014392_SCCmec_00015
PROKKA_NZ_CP014392/PROKKA_NZ_CP014392:Gene	hin_2	sccmec_saures_NZ_CP014392_l54966:c15100-13751	NZ_CP014392_SCCmec_00016
PROKKA_NZ_CP014392/PROKKA_NZ_CP014392:Gene	NZ_CP014392_SCCmec_00017	sccmec_saures_NZ_CP014392_l54966:c17121-15334	NZ_CP014392_SCCmec_00017
PROKKA_NZ_CP014392/PROKKA_NZ_CP014392:Gene	NZ_CP014392_SCCmec_00018	sccmec_saures_NZ_CP014392_l54966:c17411-17121	NZ_CP014392_SCCmec_00018
PROKKA_NZ_CP014392/PROKKA_NZ_CP014392:Gene	NZ_CP014392_SCCmec_00019	sccmec_saures_NZ_CP014392_l54966:17508-18599	NZ_CP014392_SCCmec_00019
PROKKA_NZ_CP014392/PROKKA_NZ_CP014392:Gene	NZ_CP014392_SCCmec_00020	sccmec_saures_NZ_CP014392_l54966:19162-20652	NZ_CP014392_SCCmec_00020
PROKKA_NZ_CP014392/PROKKA_NZ_CP014392:Gene	gloC	sccmec_saures_NZ_CP014392_l54966:c22280-21276	NZ_CP014392_SCCmec_00021
PROKKA_NZ_CP014392/PROKKA_NZ_CP014392:Gene	NZ_CP014392_SCCmec_00022	sccmec_saures_NZ_CP014392_l54966:22399-22536	NZ_CP014392_SCCmec_00022
PROKKA_NZ_CP014392/PROKKA_NZ_CP014392:Gene	NZ_CP014392_SCCmec_00023	sccmec_saures_NZ_CP014392_l54966:22533-22904	NZ_CP014392_SCCmec_00023
PROKKA_NZ_CP014392/PROKKA_NZ_CP014392:Gene	NZ_CP014392_SCCmec_00024	sccmec_saures_NZ_CP014392_l54966:23033-23653	NZ_CP014392_SCCmec_00024
PROKKA_NZ_CP014392/PROKKA_NZ_CP014392:Gene	NZ_CP014392_SCCmec_00025	sccmec_saures_NZ_CP014392_l54966:c24740-24570	NZ_CP014392_SCCmec_00025
PROKKA_NZ_CP014392/PROKKA_NZ_CP014392:Gene	NZ_CP014392_SCCmec_00026	sccmec_saures_NZ_CP014392_l54966:25142-26107	NZ_CP014392_SCCmec_00026
PROKKA_NZ_CP014392/PROKKA_NZ_CP014392:Gene	NZ_CP014392_SCCmec_00027	sccmec_saures_NZ_CP014392_l54966:26487-26816	NZ_CP014392_SCCmec_00027
PROKKA_NZ_CP014392/PROKKA_NZ_CP014392:Gene	NZ_CP014392_SCCmec_00028	sccmec_saures_NZ_CP014392_l54966:c27252-26893	NZ_CP014392_SCCmec_00028
PROKKA_NZ_CP014392/PROKKA_NZ_CP014392:Gene	NZ_CP014392_SCCmec_00029	sccmec_saures_NZ_CP014392_l54966:c28632-27823	NZ_CP014392_SCCmec_00029
PROKKA_NZ_CP014392/PROKKA_NZ_CP014392:Gene	NZ_CP014392_SCCmec_00030	sccmec_saures_NZ_CP014392_l54966:28651-28833	NZ_CP014392_SCCmec_00030
PROKKA_NZ_CP014392/PROKKA_NZ_CP014392:Gene	speG	sccmec_saures_NZ_CP014392_l54966:c29641-29144	NZ_CP014392_SCCmec_00031
PROKKA_NZ_CP014392/PROKKA_NZ_CP014392:Gene	adhD	sccmec_saures_NZ_CP014392_l54966:30139-31266	NZ_CP014392_SCCmec_00032
PROKKA_NZ_CP014392/PROKKA_NZ_CP014392:Gene	NZ_CP014392_SCCmec_00033	sccmec_saures_NZ_CP014392_l54966:c31745-31521	NZ_CP014392_SCCmec_00033
PROKKA_NZ_CP014392/PROKKA_NZ_CP014392:Gene	NZ_CP014392_SCCmec_00034	sccmec_saures_NZ_CP014392_l54966:c32262-31759	NZ_CP014392_SCCmec_00034
PROKKA_NZ_CP014392/PROKKA_NZ_CP014392:Gene	NZ_CP014392_SCCmec_00035	sccmec_saures_NZ_CP014392_l54966:c32589-32278	NZ_CP014392_SCCmec_00035
PROKKA_NZ_CP014392/PROKKA_NZ_CP014392:Gene	NZ_CP014392_SCCmec_00036	sccmec_saures_NZ_CP014392_l54966:c32683-32591	NZ_CP014392_SCCmec_00036
PROKKA_NZ_CP014392/PROKKA_NZ_CP014392:Gene	NZ_CP014392_SCCmec_00037	sccmec_saures_NZ_CP014392_l54966:c33026-32676	NZ_CP014392_SCCmec_00037
PROKKA_NZ_CP014392/PROKKA_NZ_CP014392:Gene	NZ_CP014392_SCCmec_00038	sccmec_saures_NZ_CP014392_l54966:33983-34834	NZ_CP014392_SCCmec_00038
PROKKA_NZ_CP014392/PROKKA_NZ_CP014392:Gene	arcC1	sccmec_saures_NZ_CP014392_l54966:c35863-34934	NZ_CP014392_SCCmec_00039
PROKKA_NZ_CP014392/PROKKA_NZ_CP014392:Gene	argF	sccmec_saures_NZ_CP014392_l54966:c36881-35883	NZ_CP014392_SCCmec_00040
PROKKA_NZ_CP014392/PROKKA_NZ_CP014392:Gene	arcR	sccmec_saures_NZ_CP014392_l54966:c37608-36919	NZ_CP014392_SCCmec_00041
PROKKA_NZ_CP014392/PROKKA_NZ_CP014392:Gene	arcD	sccmec_saures_NZ_CP014392_l54966:c39071-37650	NZ_CP014392_SCCmec_00042
PROKKA_NZ_CP014392/PROKKA_NZ_CP014392:Gene	arcA	sccmec_saures_NZ_CP014392_l54966:c40392-39157	NZ_CP014392_SCCmec_00043
PROKKA_NZ_CP014392/PROKKA_NZ_CP014392:Gene	argR	sccmec_saures_NZ_CP014392_l54966:c41107-40661	NZ_CP014392_SCCmec_00044
PROKKA_NZ_CP014392/PROKKA_NZ_CP014392:Gene	NZ_CP014392_SCCmec_00045	sccmec_saures_NZ_CP014392_l54966:41609-42040	NZ_CP014392_SCCmec_00045
PROKKA_NZ_CP014392/PROKKA_NZ_CP014392:Gene	NZ_CP014392_SCCmec_00046	sccmec_saures_NZ_CP014392_l54966:42313-42558	NZ_CP014392_SCCmec_00046
PROKKA_NZ_CP014392/PROKKA_NZ_CP014392:Gene	NZ_CP014392_SCCmec_00047	sccmec_saures_NZ_CP014392_l54966:43174-43989	NZ_CP014392_SCCmec_00047
PROKKA_NZ_CP014392/PROKKA_NZ_CP014392:Gene	NZ_CP014392_SCCmec_00048	sccmec_saures_NZ_CP014392_l54966:44416-45489	NZ_CP014392_SCCmec_00048
PROKKA_NZ_CP014392/PROKKA_NZ_CP014392:Gene	cmoB	sccmec_saures_NZ_CP014392_l54966:45749-46441	NZ_CP014392_SCCmec_00049
PROKKA_NZ_CP014392/PROKKA_NZ_CP014392:Gene	nikA	sccmec_saures_NZ_CP014392_l54966:46438-47991	NZ_CP014392_SCCmec_00050
PROKKA_NZ_CP014392/PROKKA_NZ_CP014392:Gene	nikB	sccmec_saures_NZ_CP014392_l54966:47994-48950	NZ_CP014392_SCCmec_00051
PROKKA_NZ_CP014392/PROKKA_NZ_CP014392:Gene	gsiD	sccmec_saures_NZ_CP014392_l54966:48950-49717	NZ_CP014392_SCCmec_00052
PROKKA_NZ_CP014392/PROKKA_NZ_CP014392:Gene	oppD	sccmec_saures_NZ_CP014392_l54966:49684-50451	NZ_CP014392_SCCmec_00053
PROKKA_NZ_CP014392/PROKKA_NZ_CP014392:Gene	nikE	sccmec_saures_NZ_CP014392_l54966:50444-51079	NZ_CP014392_SCCmec_00054
PROKKA_NZ_CP014392/PROKKA_NZ_CP014392:Gene	copB	sccmec_saures_NZ_CP014392_l54966:52039-54162	NZ_CP014392_SCCmec_00055
PROKKA_NZ_CP014392/PROKKA_NZ_CP014392:Gene	NZ_CP014392_SCCmec_00056	sccmec_saures_NZ_CP014392_l54966:54180-54725	NZ_CP014392_SCCmec_00056

FATAL: DiscRep_ALL:MISSING_PROTEIN_ID::56 proteins have invalid IDs.
PROKKA_NZ_CP014392/PROKKA_NZ_CP014392:sccmec_saures_NZ_CP014392_l54966_1 (length 159)
PROKKA_NZ_CP014392/PROKKA_NZ_CP014392:sccmec_saures_NZ_CP014392_l54966_2 (length 418)
PROKKA_NZ_CP014392/PROKKA_NZ_CP014392:sccmec_saures_NZ_CP014392_l54966_3 (length 224)
PROKKA_NZ_CP014392/PROKKA_NZ_CP014392:sccmec_saures_NZ_CP014392_l54966_4 (length 55)
PROKKA_NZ_CP014392/PROKKA_NZ_CP014392:sccmec_saures_NZ_CP014392_l54966_5 (length 76)
PROKKA_NZ_CP014392/PROKKA_NZ_CP014392:sccmec_saures_NZ_CP014392_l54966_6 (length 247)
PROKKA_NZ_CP014392/PROKKA_NZ_CP014392:sccmec_saures_NZ_CP014392_l54966_7 (length 142)
PROKKA_NZ_CP014392/PROKKA_NZ_CP014392:sccmec_saures_NZ_CP014392_l54966_8 (length 668)
PROKKA_NZ_CP014392/PROKKA_NZ_CP014392:sccmec_saures_NZ_CP014392_l54966_9 (length 328)
PROKKA_NZ_CP014392/PROKKA_NZ_CP014392:sccmec_saures_NZ_CP014392_l54966_10 (length 90)
PROKKA_NZ_CP014392/PROKKA_NZ_CP014392:sccmec_saures_NZ_CP014392_l54966_11 (length 507)
PROKKA_NZ_CP014392/PROKKA_NZ_CP014392:sccmec_saures_NZ_CP014392_l54966_12 (length 168)
PROKKA_NZ_CP014392/PROKKA_NZ_CP014392:sccmec_saures_NZ_CP014392_l54966_13 (length 103)
PROKKA_NZ_CP014392/PROKKA_NZ_CP014392:sccmec_saures_NZ_CP014392_l54966_14 (length 116)
PROKKA_NZ_CP014392/PROKKA_NZ_CP014392:sccmec_saures_NZ_CP014392_l54966_15 (length 542)
PROKKA_NZ_CP014392/PROKKA_NZ_CP014392:sccmec_saures_NZ_CP014392_l54966_16 (length 449)
PROKKA_NZ_CP014392/PROKKA_NZ_CP014392:sccmec_saures_NZ_CP014392_l54966_17 (length 595)
PROKKA_NZ_CP014392/PROKKA_NZ_CP014392:sccmec_saures_NZ_CP014392_l54966_18 (length 96)
PROKKA_NZ_CP014392/PROKKA_NZ_CP014392:sccmec_saures_NZ_CP014392_l54966_19 (length 363)
PROKKA_NZ_CP014392/PROKKA_NZ_CP014392:sccmec_saures_NZ_CP014392_l54966_20 (length 496)
PROKKA_NZ_CP014392/PROKKA_NZ_CP014392:sccmec_saures_NZ_CP014392_l54966_21 (length 334)
PROKKA_NZ_CP014392/PROKKA_NZ_CP014392:sccmec_saures_NZ_CP014392_l54966_22 (length 45)
PROKKA_NZ_CP014392/PROKKA_NZ_CP014392:sccmec_saures_NZ_CP014392_l54966_23 (length 123)
PROKKA_NZ_CP014392/PROKKA_NZ_CP014392:sccmec_saures_NZ_CP014392_l54966_24 (length 206)
PROKKA_NZ_CP014392/PROKKA_NZ_CP014392:sccmec_saures_NZ_CP014392_l54966_25 (length 56)
PROKKA_NZ_CP014392/PROKKA_NZ_CP014392:sccmec_saures_NZ_CP014392_l54966_26 (length 321)
PROKKA_NZ_CP014392/PROKKA_NZ_CP014392:sccmec_saures_NZ_CP014392_l54966_27 (length 109)
PROKKA_NZ_CP014392/PROKKA_NZ_CP014392:sccmec_saures_NZ_CP014392_l54966_28 (length 119)
PROKKA_NZ_CP014392/PROKKA_NZ_CP014392:sccmec_saures_NZ_CP014392_l54966_29 (length 269)
PROKKA_NZ_CP014392/PROKKA_NZ_CP014392:sccmec_saures_NZ_CP014392_l54966_30 (length 60)
PROKKA_NZ_CP014392/PROKKA_NZ_CP014392:sccmec_saures_NZ_CP014392_l54966_31 (length 165)
PROKKA_NZ_CP014392/PROKKA_NZ_CP014392:sccmec_saures_NZ_CP014392_l54966_32 (length 375)
PROKKA_NZ_CP014392/PROKKA_NZ_CP014392:sccmec_saures_NZ_CP014392_l54966_33 (length 74)
PROKKA_NZ_CP014392/PROKKA_NZ_CP014392:sccmec_saures_NZ_CP014392_l54966_34 (length 167)
PROKKA_NZ_CP014392/PROKKA_NZ_CP014392:sccmec_saures_NZ_CP014392_l54966_35 (length 103)
PROKKA_NZ_CP014392/PROKKA_NZ_CP014392:sccmec_saures_NZ_CP014392_l54966_36 (length 30)
PROKKA_NZ_CP014392/PROKKA_NZ_CP014392:sccmec_saures_NZ_CP014392_l54966_37 (length 116)
PROKKA_NZ_CP014392/PROKKA_NZ_CP014392:sccmec_saures_NZ_CP014392_l54966_38 (length 283)
PROKKA_NZ_CP014392/PROKKA_NZ_CP014392:sccmec_saures_NZ_CP014392_l54966_39 (length 309)
PROKKA_NZ_CP014392/PROKKA_NZ_CP014392:sccmec_saures_NZ_CP014392_l54966_40 (length 332)
PROKKA_NZ_CP014392/PROKKA_NZ_CP014392:sccmec_saures_NZ_CP014392_l54966_41 (length 229)
PROKKA_NZ_CP014392/PROKKA_NZ_CP014392:sccmec_saures_NZ_CP014392_l54966_42 (length 473)
PROKKA_NZ_CP014392/PROKKA_NZ_CP014392:sccmec_saures_NZ_CP014392_l54966_43 (length 411)
PROKKA_NZ_CP014392/PROKKA_NZ_CP014392:sccmec_saures_NZ_CP014392_l54966_44 (length 148)
PROKKA_NZ_CP014392/PROKKA_NZ_CP014392:sccmec_saures_NZ_CP014392_l54966_45 (length 143)
PROKKA_NZ_CP014392/PROKKA_NZ_CP014392:sccmec_saures_NZ_CP014392_l54966_46 (length 81)
PROKKA_NZ_CP014392/PROKKA_NZ_CP014392:sccmec_saures_NZ_CP014392_l54966_47 (length 271)
PROKKA_NZ_CP014392/PROKKA_NZ_CP014392:sccmec_saures_NZ_CP014392_l54966_48 (length 357)
PROKKA_NZ_CP014392/PROKKA_NZ_CP014392:sccmec_saures_NZ_CP014392_l54966_49 (length 230)
PROKKA_NZ_CP014392/PROKKA_NZ_CP014392:sccmec_saures_NZ_CP014392_l54966_50 (length 517)
PROKKA_NZ_CP014392/PROKKA_NZ_CP014392:sccmec_saures_NZ_CP014392_l54966_51 (length 318)
PROKKA_NZ_CP014392/PROKKA_NZ_CP014392:sccmec_saures_NZ_CP014392_l54966_52 (length 255)
PROKKA_NZ_CP014392/PROKKA_NZ_CP014392:sccmec_saures_NZ_CP014392_l54966_53 (length 255)
PROKKA_NZ_CP014392/PROKKA_NZ_CP014392:sccmec_saures_NZ_CP014392_l54966_54 (length 211)
PROKKA_NZ_CP014392/PROKKA_NZ_CP014392:sccmec_saures_NZ_CP014392_l54966_55 (length 707)
PROKKA_NZ_CP014392/PROKKA_NZ_CP014392:sccmec_saures_NZ_CP014392_l54966_56 (length 181)

DiscRep_ALL:DISC_SOURCE_QUALS_ASNDISC::strain (all present, all unique)
DiscRep_SUB:DISC_SOURCE_QUALS_ASNDISC::1 sources have unique values for strain
DiscRep_ALL:DISC_SOURCE_QUALS_ASNDISC::taxname (all present, all unique)
DiscRep_SUB:DISC_SOURCE_QUALS_ASNDISC::1 sources have unique values for taxname
DiscRep_ALL:DISC_FEATURE_COUNT::gene: 56 present
DiscRep_ALL:DISC_FEATURE_COUNT::CDS: 56 present
DiscRep_ALL:DISC_FEATURE_COUNT::mRNA: 56 present
DiscRep_ALL:DISC_COUNT_NUCLEOTIDES::1 nucleotide Bioseqs are present
PROKKA_NZ_CP014392/PROKKA_NZ_CP014392:sccmec_saures_NZ_CP014392_l54966 (length 54966)

DiscRep_ALL:OVERLAPPING_GENES::14 genes overlap another gene on the same strand.
PROKKA_NZ_CP014392/PROKKA_NZ_CP014392:Gene	mecR1	sccmec_saures_NZ_CP014392_l54966:7442-8428	NZ_CP014392_SCCmec_00009
PROKKA_NZ_CP014392/PROKKA_NZ_CP014392:Gene	NZ_CP014392_SCCmec_00010	sccmec_saures_NZ_CP014392_l54966:8388-8660	NZ_CP014392_SCCmec_00010
PROKKA_NZ_CP014392/PROKKA_NZ_CP014392:Gene	NZ_CP014392_SCCmec_00017	sccmec_saures_NZ_CP014392_l54966:c17121-15334	NZ_CP014392_SCCmec_00017
PROKKA_NZ_CP014392/PROKKA_NZ_CP014392:Gene	NZ_CP014392_SCCmec_00018	sccmec_saures_NZ_CP014392_l54966:c17411-17121	NZ_CP014392_SCCmec_00018
PROKKA_NZ_CP014392/PROKKA_NZ_CP014392:Gene	NZ_CP014392_SCCmec_00022	sccmec_saures_NZ_CP014392_l54966:22399-22536	NZ_CP014392_SCCmec_00022
PROKKA_NZ_CP014392/PROKKA_NZ_CP014392:Gene	NZ_CP014392_SCCmec_00023	sccmec_saures_NZ_CP014392_l54966:22533-22904	NZ_CP014392_SCCmec_00023
PROKKA_NZ_CP014392/PROKKA_NZ_CP014392:Gene	NZ_CP014392_SCCmec_00036	sccmec_saures_NZ_CP014392_l54966:c32683-32591	NZ_CP014392_SCCmec_00036
PROKKA_NZ_CP014392/PROKKA_NZ_CP014392:Gene	NZ_CP014392_SCCmec_00037	sccmec_saures_NZ_CP014392_l54966:c33026-32676	NZ_CP014392_SCCmec_00037
PROKKA_NZ_CP014392/PROKKA_NZ_CP014392:Gene	cmoB	sccmec_saures_NZ_CP014392_l54966:45749-46441	NZ_CP014392_SCCmec_00049
PROKKA_NZ_CP014392/PROKKA_NZ_CP014392:Gene	nikA	sccmec_saures_NZ_CP014392_l54966:46438-47991	NZ_CP014392_SCCmec_00050
PROKKA_NZ_CP014392/PROKKA_NZ_CP014392:Gene	nikB	sccmec_saures_NZ_CP014392_l54966:47994-48950	NZ_CP014392_SCCmec_00051
PROKKA_NZ_CP014392/PROKKA_NZ_CP014392:Gene	gsiD	sccmec_saures_NZ_CP014392_l54966:48950-49717	NZ_CP014392_SCCmec_00052
PROKKA_NZ_CP014392/PROKKA_NZ_CP014392:Gene	oppD	sccmec_saures_NZ_CP014392_l54966:49684-50451	NZ_CP014392_SCCmec_00053
PROKKA_NZ_CP014392/PROKKA_NZ_CP014392:Gene	nikE	sccmec_saures_NZ_CP014392_l54966:50444-51079	NZ_CP014392_SCCmec_00054

DiscRep_ALL:DISC_QUALITY_SCORES::Quality scores are missing on all sequences.

DiscRep_ALL:ONCALLER_COMMENT_PRESENT::1 comment descriptors were found (all same)
PROKKA_NZ_CP014392/PROKKA_NZ_CP014392:sccmec_saures_NZ_CP014392_l54966:Annotated using prokka 1.12 from https://github.com/tseemann/prokka

DiscRep_ALL:SHORT_PROT_SEQUENCES::2 protein sequences are shorter than 50 aa.
PROKKA_NZ_CP014392/PROKKA_NZ_CP014392:sccmec_saures_NZ_CP014392_l54966_22 (length 45)
PROKKA_NZ_CP014392/PROKKA_NZ_CP014392:sccmec_saures_NZ_CP014392_l54966_36 (length 30)

DiscRep_ALL:MISSING_GENOMEASSEMBLY_COMMENTS::1 bioseqs are missing GenomeAssembly structured comments
PROKKA_NZ_CP014392/PROKKA_NZ_CP014392:sccmec_saures_NZ_CP014392_l54966 (length 54966)

DiscRep_ALL:MOLTYPE_NOT_MRNA::1 molecule types are not set as mRNA.
PROKKA_NZ_CP014392/PROKKA_NZ_CP014392:sccmec_saures_NZ_CP014392_l54966 (length 54966)

DiscRep_ALL:TECHNIQUE_NOT_TSA::1 technique are not set as TSA
PROKKA_NZ_CP014392/PROKKA_NZ_CP014392:sccmec_saures_NZ_CP014392_l54966 (length 54966)

DiscRep_ALL:MISSING_STRUCTURED_COMMENT::1 sequences do not include structured comments.
PROKKA_NZ_CP014392/PROKKA_NZ_CP014392:sccmec_saures_NZ_CP014392_l54966 (length 54966)

DiscRep_ALL:MISSING_PROJECT::57 sequences do not include project.
PROKKA_NZ_CP014392/PROKKA_NZ_CP014392:sccmec_saures_NZ_CP014392_l54966 (length 54966)
PROKKA_NZ_CP014392/PROKKA_NZ_CP014392:sccmec_saures_NZ_CP014392_l54966_1 (length 159)
PROKKA_NZ_CP014392/PROKKA_NZ_CP014392:sccmec_saures_NZ_CP014392_l54966_2 (length 418)
PROKKA_NZ_CP014392/PROKKA_NZ_CP014392:sccmec_saures_NZ_CP014392_l54966_3 (length 224)
PROKKA_NZ_CP014392/PROKKA_NZ_CP014392:sccmec_saures_NZ_CP014392_l54966_4 (length 55)
PROKKA_NZ_CP014392/PROKKA_NZ_CP014392:sccmec_saures_NZ_CP014392_l54966_5 (length 76)
PROKKA_NZ_CP014392/PROKKA_NZ_CP014392:sccmec_saures_NZ_CP014392_l54966_6 (length 247)
PROKKA_NZ_CP014392/PROKKA_NZ_CP014392:sccmec_saures_NZ_CP014392_l54966_7 (length 142)
PROKKA_NZ_CP014392/PROKKA_NZ_CP014392:sccmec_saures_NZ_CP014392_l54966_8 (length 668)
PROKKA_NZ_CP014392/PROKKA_NZ_CP014392:sccmec_saures_NZ_CP014392_l54966_9 (length 328)
PROKKA_NZ_CP014392/PROKKA_NZ_CP014392:sccmec_saures_NZ_CP014392_l54966_10 (length 90)
PROKKA_NZ_CP014392/PROKKA_NZ_CP014392:sccmec_saures_NZ_CP014392_l54966_11 (length 507)
PROKKA_NZ_CP014392/PROKKA_NZ_CP014392:sccmec_saures_NZ_CP014392_l54966_12 (length 168)
PROKKA_NZ_CP014392/PROKKA_NZ_CP014392:sccmec_saures_NZ_CP014392_l54966_13 (length 103)
PROKKA_NZ_CP014392/PROKKA_NZ_CP014392:sccmec_saures_NZ_CP014392_l54966_14 (length 116)
PROKKA_NZ_CP014392/PROKKA_NZ_CP014392:sccmec_saures_NZ_CP014392_l54966_15 (length 542)
PROKKA_NZ_CP014392/PROKKA_NZ_CP014392:sccmec_saures_NZ_CP014392_l54966_16 (length 449)
PROKKA_NZ_CP014392/PROKKA_NZ_CP014392:sccmec_saures_NZ_CP014392_l54966_17 (length 595)
PROKKA_NZ_CP014392/PROKKA_NZ_CP014392:sccmec_saures_NZ_CP014392_l54966_18 (length 96)
PROKKA_NZ_CP014392/PROKKA_NZ_CP014392:sccmec_saures_NZ_CP014392_l54966_19 (length 363)
PROKKA_NZ_CP014392/PROKKA_NZ_CP014392:sccmec_saures_NZ_CP014392_l54966_20 (length 496)
PROKKA_NZ_CP014392/PROKKA_NZ_CP014392:sccmec_saures_NZ_CP014392_l54966_21 (length 334)
PROKKA_NZ_CP014392/PROKKA_NZ_CP014392:sccmec_saures_NZ_CP014392_l54966_22 (length 45)
PROKKA_NZ_CP014392/PROKKA_NZ_CP014392:sccmec_saures_NZ_CP014392_l54966_23 (length 123)
PROKKA_NZ_CP014392/PROKKA_NZ_CP014392:sccmec_saures_NZ_CP014392_l54966_24 (length 206)
PROKKA_NZ_CP014392/PROKKA_NZ_CP014392:sccmec_saures_NZ_CP014392_l54966_25 (length 56)
PROKKA_NZ_CP014392/PROKKA_NZ_CP014392:sccmec_saures_NZ_CP014392_l54966_26 (length 321)
PROKKA_NZ_CP014392/PROKKA_NZ_CP014392:sccmec_saures_NZ_CP014392_l54966_27 (length 109)
PROKKA_NZ_CP014392/PROKKA_NZ_CP014392:sccmec_saures_NZ_CP014392_l54966_28 (length 119)
PROKKA_NZ_CP014392/PROKKA_NZ_CP014392:sccmec_saures_NZ_CP014392_l54966_29 (length 269)
PROKKA_NZ_CP014392/PROKKA_NZ_CP014392:sccmec_saures_NZ_CP014392_l54966_30 (length 60)
PROKKA_NZ_CP014392/PROKKA_NZ_CP014392:sccmec_saures_NZ_CP014392_l54966_31 (length 165)
PROKKA_NZ_CP014392/PROKKA_NZ_CP014392:sccmec_saures_NZ_CP014392_l54966_32 (length 375)
PROKKA_NZ_CP014392/PROKKA_NZ_CP014392:sccmec_saures_NZ_CP014392_l54966_33 (length 74)
PROKKA_NZ_CP014392/PROKKA_NZ_CP014392:sccmec_saures_NZ_CP014392_l54966_34 (length 167)
PROKKA_NZ_CP014392/PROKKA_NZ_CP014392:sccmec_saures_NZ_CP014392_l54966_35 (length 103)
PROKKA_NZ_CP014392/PROKKA_NZ_CP014392:sccmec_saures_NZ_CP014392_l54966_36 (length 30)
PROKKA_NZ_CP014392/PROKKA_NZ_CP014392:sccmec_saures_NZ_CP014392_l54966_37 (length 116)
PROKKA_NZ_CP014392/PROKKA_NZ_CP014392:sccmec_saures_NZ_CP014392_l54966_38 (length 283)
PROKKA_NZ_CP014392/PROKKA_NZ_CP014392:sccmec_saures_NZ_CP014392_l54966_39 (length 309)
PROKKA_NZ_CP014392/PROKKA_NZ_CP014392:sccmec_saures_NZ_CP014392_l54966_40 (length 332)
PROKKA_NZ_CP014392/PROKKA_NZ_CP014392:sccmec_saures_NZ_CP014392_l54966_41 (length 229)
PROKKA_NZ_CP014392/PROKKA_NZ_CP014392:sccmec_saures_NZ_CP014392_l54966_42 (length 473)
PROKKA_NZ_CP014392/PROKKA_NZ_CP014392:sccmec_saures_NZ_CP014392_l54966_43 (length 411)
PROKKA_NZ_CP014392/PROKKA_NZ_CP014392:sccmec_saures_NZ_CP014392_l54966_44 (length 148)
PROKKA_NZ_CP014392/PROKKA_NZ_CP014392:sccmec_saures_NZ_CP014392_l54966_45 (length 143)
PROKKA_NZ_CP014392/PROKKA_NZ_CP014392:sccmec_saures_NZ_CP014392_l54966_46 (length 81)
PROKKA_NZ_CP014392/PROKKA_NZ_CP014392:sccmec_saures_NZ_CP014392_l54966_47 (length 271)
PROKKA_NZ_CP014392/PROKKA_NZ_CP014392:sccmec_saures_NZ_CP014392_l54966_48 (length 357)
PROKKA_NZ_CP014392/PROKKA_NZ_CP014392:sccmec_saures_NZ_CP014392_l54966_49 (length 230)
PROKKA_NZ_CP014392/PROKKA_NZ_CP014392:sccmec_saures_NZ_CP014392_l54966_50 (length 517)
PROKKA_NZ_CP014392/PROKKA_NZ_CP014392:sccmec_saures_NZ_CP014392_l54966_51 (length 318)
PROKKA_NZ_CP014392/PROKKA_NZ_CP014392:sccmec_saures_NZ_CP014392_l54966_52 (length 255)
PROKKA_NZ_CP014392/PROKKA_NZ_CP014392:sccmec_saures_NZ_CP014392_l54966_53 (length 255)
PROKKA_NZ_CP014392/PROKKA_NZ_CP014392:sccmec_saures_NZ_CP014392_l54966_54 (length 211)
PROKKA_NZ_CP014392/PROKKA_NZ_CP014392:sccmec_saures_NZ_CP014392_l54966_55 (length 707)
PROKKA_NZ_CP014392/PROKKA_NZ_CP014392:sccmec_saures_NZ_CP014392_l54966_56 (length 181)

DiscRep_ALL:DISC_INCONSISTENT_MOLINFO_TECH::Molinfo Technique Report (some missing, all same)
DiscRep_SUB:DISC_INCONSISTENT_MOLINFO_TECH::technique (all missing)
DiscRep_SUB:DISC_INCONSISTENT_MOLINFO_TECH::1 Molinfos are missing field technique
PROKKA_NZ_CP014392/PROKKA_NZ_CP014392:sccmec_saures_NZ_CP014392_l54966 (length 54966)

