Discrepancy Report Results

Summary
FATAL: BAD_LOCUS_TAG_FORMAT:56 locus tags are incorrectly formatted.
FATAL: MISSING_PROTEIN_ID:56 proteins have invalid IDs.
DISC_SOURCE_QUALS_ASNDISC:strain (all present, all unique)
DISC_SOURCE_QUALS_ASNDISC:taxname (all present, all unique)
DISC_FEATURE_COUNT:gene: 56 present
DISC_FEATURE_COUNT:CDS: 56 present
DISC_FEATURE_COUNT:mRNA: 56 present
DISC_COUNT_NUCLEOTIDES:1 nucleotide Bioseqs are present
OVERLAPPING_GENES:14 genes overlap another gene on the same strand.
DISC_QUALITY_SCORES:Quality scores are missing on all sequences.
ONCALLER_COMMENT_PRESENT:1 comment descriptors were found (all same)
SHORT_PROT_SEQUENCES:2 protein sequences are shorter than 50 aa.
MISSING_GENOMEASSEMBLY_COMMENTS:1 bioseqs are missing GenomeAssembly structured comments
MOLTYPE_NOT_MRNA:1 molecule types are not set as mRNA.
TECHNIQUE_NOT_TSA:1 technique are not set as TSA
MISSING_STRUCTURED_COMMENT:1 sequences do not include structured comments.
MISSING_PROJECT:57 sequences do not include project.
DISC_INCONSISTENT_MOLINFO_TECH:Molinfo Technique Report (some missing, all same)


Detailed Report

FATAL: DiscRep_ALL:BAD_LOCUS_TAG_FORMAT::56 locus tags are incorrectly formatted.
PROKKA_NZ_CP010295/PROKKA_NZ_CP010295:Gene	rlmH	sccmec_saures_NZ_CP010295_l55213:1-480	NZ_CP010295_SCCmec_00001
PROKKA_NZ_CP010295/PROKKA_NZ_CP010295:Gene	NZ_CP010295_SCCmec_00002	sccmec_saures_NZ_CP010295_l55213:802-2058	NZ_CP010295_SCCmec_00002
PROKKA_NZ_CP010295/PROKKA_NZ_CP010295:Gene	NZ_CP010295_SCCmec_00003	sccmec_saures_NZ_CP010295_l55213:c2840-2166	NZ_CP010295_SCCmec_00003
PROKKA_NZ_CP010295/PROKKA_NZ_CP010295:Gene	NZ_CP010295_SCCmec_00004	sccmec_saures_NZ_CP010295_l55213:3098-3265	NZ_CP010295_SCCmec_00004
PROKKA_NZ_CP010295/PROKKA_NZ_CP010295:Gene	NZ_CP010295_SCCmec_00005	sccmec_saures_NZ_CP010295_l55213:3363-3593	NZ_CP010295_SCCmec_00005
PROKKA_NZ_CP010295/PROKKA_NZ_CP010295:Gene	ugpQ	sccmec_saures_NZ_CP010295_l55213:4102-4845	NZ_CP010295_SCCmec_00006
PROKKA_NZ_CP010295/PROKKA_NZ_CP010295:Gene	paaZ	sccmec_saures_NZ_CP010295_l55213:4942-5370	NZ_CP010295_SCCmec_00007
PROKKA_NZ_CP010295/PROKKA_NZ_CP010295:Gene	pbp	sccmec_saures_NZ_CP010295_l55213:c7422-5416	NZ_CP010295_SCCmec_00008
PROKKA_NZ_CP010295/PROKKA_NZ_CP010295:Gene	mecR1	sccmec_saures_NZ_CP010295_l55213:7522-8508	NZ_CP010295_SCCmec_00009
PROKKA_NZ_CP010295/PROKKA_NZ_CP010295:Gene	NZ_CP010295_SCCmec_00010	sccmec_saures_NZ_CP010295_l55213:8468-8740	NZ_CP010295_SCCmec_00010
PROKKA_NZ_CP010295/PROKKA_NZ_CP010295:Gene	NZ_CP010295_SCCmec_00011	sccmec_saures_NZ_CP010295_l55213:c10254-8731	NZ_CP010295_SCCmec_00011
PROKKA_NZ_CP010295/PROKKA_NZ_CP010295:Gene	NZ_CP010295_SCCmec_00012	sccmec_saures_NZ_CP010295_l55213:c10896-10390	NZ_CP010295_SCCmec_00012
PROKKA_NZ_CP010295/PROKKA_NZ_CP010295:Gene	NZ_CP010295_SCCmec_00013	sccmec_saures_NZ_CP010295_l55213:c11222-10911	NZ_CP010295_SCCmec_00013
PROKKA_NZ_CP010295/PROKKA_NZ_CP010295:Gene	NZ_CP010295_SCCmec_00014	sccmec_saures_NZ_CP010295_l55213:c11659-11309	NZ_CP010295_SCCmec_00014
PROKKA_NZ_CP010295/PROKKA_NZ_CP010295:Gene	hin_1	sccmec_saures_NZ_CP010295_l55213:c13809-12181	NZ_CP010295_SCCmec_00015
PROKKA_NZ_CP010295/PROKKA_NZ_CP010295:Gene	hin_2	sccmec_saures_NZ_CP010295_l55213:c15180-13831	NZ_CP010295_SCCmec_00016
PROKKA_NZ_CP010295/PROKKA_NZ_CP010295:Gene	NZ_CP010295_SCCmec_00017	sccmec_saures_NZ_CP010295_l55213:c17201-15414	NZ_CP010295_SCCmec_00017
PROKKA_NZ_CP010295/PROKKA_NZ_CP010295:Gene	NZ_CP010295_SCCmec_00018	sccmec_saures_NZ_CP010295_l55213:c17491-17201	NZ_CP010295_SCCmec_00018
PROKKA_NZ_CP010295/PROKKA_NZ_CP010295:Gene	NZ_CP010295_SCCmec_00019	sccmec_saures_NZ_CP010295_l55213:17588-18679	NZ_CP010295_SCCmec_00019
PROKKA_NZ_CP010295/PROKKA_NZ_CP010295:Gene	NZ_CP010295_SCCmec_00020	sccmec_saures_NZ_CP010295_l55213:19407-20897	NZ_CP010295_SCCmec_00020
PROKKA_NZ_CP010295/PROKKA_NZ_CP010295:Gene	gloC	sccmec_saures_NZ_CP010295_l55213:c22525-21521	NZ_CP010295_SCCmec_00021
PROKKA_NZ_CP010295/PROKKA_NZ_CP010295:Gene	NZ_CP010295_SCCmec_00022	sccmec_saures_NZ_CP010295_l55213:22644-22781	NZ_CP010295_SCCmec_00022
PROKKA_NZ_CP010295/PROKKA_NZ_CP010295:Gene	NZ_CP010295_SCCmec_00023	sccmec_saures_NZ_CP010295_l55213:22778-23149	NZ_CP010295_SCCmec_00023
PROKKA_NZ_CP010295/PROKKA_NZ_CP010295:Gene	NZ_CP010295_SCCmec_00024	sccmec_saures_NZ_CP010295_l55213:23278-23898	NZ_CP010295_SCCmec_00024
PROKKA_NZ_CP010295/PROKKA_NZ_CP010295:Gene	NZ_CP010295_SCCmec_00025	sccmec_saures_NZ_CP010295_l55213:c24985-24815	NZ_CP010295_SCCmec_00025
PROKKA_NZ_CP010295/PROKKA_NZ_CP010295:Gene	NZ_CP010295_SCCmec_00026	sccmec_saures_NZ_CP010295_l55213:25387-26352	NZ_CP010295_SCCmec_00026
PROKKA_NZ_CP010295/PROKKA_NZ_CP010295:Gene	NZ_CP010295_SCCmec_00027	sccmec_saures_NZ_CP010295_l55213:26732-27061	NZ_CP010295_SCCmec_00027
PROKKA_NZ_CP010295/PROKKA_NZ_CP010295:Gene	NZ_CP010295_SCCmec_00028	sccmec_saures_NZ_CP010295_l55213:c27497-27138	NZ_CP010295_SCCmec_00028
PROKKA_NZ_CP010295/PROKKA_NZ_CP010295:Gene	NZ_CP010295_SCCmec_00029	sccmec_saures_NZ_CP010295_l55213:c28877-28068	NZ_CP010295_SCCmec_00029
PROKKA_NZ_CP010295/PROKKA_NZ_CP010295:Gene	NZ_CP010295_SCCmec_00030	sccmec_saures_NZ_CP010295_l55213:28897-29079	NZ_CP010295_SCCmec_00030
PROKKA_NZ_CP010295/PROKKA_NZ_CP010295:Gene	speG	sccmec_saures_NZ_CP010295_l55213:c29887-29390	NZ_CP010295_SCCmec_00031
PROKKA_NZ_CP010295/PROKKA_NZ_CP010295:Gene	adhD	sccmec_saures_NZ_CP010295_l55213:30385-31512	NZ_CP010295_SCCmec_00032
PROKKA_NZ_CP010295/PROKKA_NZ_CP010295:Gene	NZ_CP010295_SCCmec_00033	sccmec_saures_NZ_CP010295_l55213:c31991-31767	NZ_CP010295_SCCmec_00033
PROKKA_NZ_CP010295/PROKKA_NZ_CP010295:Gene	NZ_CP010295_SCCmec_00034	sccmec_saures_NZ_CP010295_l55213:c32508-32005	NZ_CP010295_SCCmec_00034
PROKKA_NZ_CP010295/PROKKA_NZ_CP010295:Gene	NZ_CP010295_SCCmec_00035	sccmec_saures_NZ_CP010295_l55213:c32835-32524	NZ_CP010295_SCCmec_00035
PROKKA_NZ_CP010295/PROKKA_NZ_CP010295:Gene	NZ_CP010295_SCCmec_00036	sccmec_saures_NZ_CP010295_l55213:c32929-32837	NZ_CP010295_SCCmec_00036
PROKKA_NZ_CP010295/PROKKA_NZ_CP010295:Gene	NZ_CP010295_SCCmec_00037	sccmec_saures_NZ_CP010295_l55213:c33272-32922	NZ_CP010295_SCCmec_00037
PROKKA_NZ_CP010295/PROKKA_NZ_CP010295:Gene	NZ_CP010295_SCCmec_00038	sccmec_saures_NZ_CP010295_l55213:34229-35080	NZ_CP010295_SCCmec_00038
PROKKA_NZ_CP010295/PROKKA_NZ_CP010295:Gene	arcC1	sccmec_saures_NZ_CP010295_l55213:c36109-35180	NZ_CP010295_SCCmec_00039
PROKKA_NZ_CP010295/PROKKA_NZ_CP010295:Gene	argF	sccmec_saures_NZ_CP010295_l55213:c37127-36129	NZ_CP010295_SCCmec_00040
PROKKA_NZ_CP010295/PROKKA_NZ_CP010295:Gene	arcR	sccmec_saures_NZ_CP010295_l55213:c37854-37165	NZ_CP010295_SCCmec_00041
PROKKA_NZ_CP010295/PROKKA_NZ_CP010295:Gene	arcD	sccmec_saures_NZ_CP010295_l55213:c39317-37896	NZ_CP010295_SCCmec_00042
PROKKA_NZ_CP010295/PROKKA_NZ_CP010295:Gene	arcA	sccmec_saures_NZ_CP010295_l55213:c40638-39403	NZ_CP010295_SCCmec_00043
PROKKA_NZ_CP010295/PROKKA_NZ_CP010295:Gene	argR	sccmec_saures_NZ_CP010295_l55213:c41353-40907	NZ_CP010295_SCCmec_00044
PROKKA_NZ_CP010295/PROKKA_NZ_CP010295:Gene	NZ_CP010295_SCCmec_00045	sccmec_saures_NZ_CP010295_l55213:41855-42286	NZ_CP010295_SCCmec_00045
PROKKA_NZ_CP010295/PROKKA_NZ_CP010295:Gene	NZ_CP010295_SCCmec_00046	sccmec_saures_NZ_CP010295_l55213:42559-43233	NZ_CP010295_SCCmec_00046
PROKKA_NZ_CP010295/PROKKA_NZ_CP010295:Gene	NZ_CP010295_SCCmec_00047	sccmec_saures_NZ_CP010295_l55213:43421-44236	NZ_CP010295_SCCmec_00047
PROKKA_NZ_CP010295/PROKKA_NZ_CP010295:Gene	NZ_CP010295_SCCmec_00048	sccmec_saures_NZ_CP010295_l55213:44663-45736	NZ_CP010295_SCCmec_00048
PROKKA_NZ_CP010295/PROKKA_NZ_CP010295:Gene	cmoB	sccmec_saures_NZ_CP010295_l55213:45996-46688	NZ_CP010295_SCCmec_00049
PROKKA_NZ_CP010295/PROKKA_NZ_CP010295:Gene	nikA	sccmec_saures_NZ_CP010295_l55213:46685-48238	NZ_CP010295_SCCmec_00050
PROKKA_NZ_CP010295/PROKKA_NZ_CP010295:Gene	nikB	sccmec_saures_NZ_CP010295_l55213:48241-49197	NZ_CP010295_SCCmec_00051
PROKKA_NZ_CP010295/PROKKA_NZ_CP010295:Gene	gsiD	sccmec_saures_NZ_CP010295_l55213:49197-49964	NZ_CP010295_SCCmec_00052
PROKKA_NZ_CP010295/PROKKA_NZ_CP010295:Gene	oppD	sccmec_saures_NZ_CP010295_l55213:49931-50698	NZ_CP010295_SCCmec_00053
PROKKA_NZ_CP010295/PROKKA_NZ_CP010295:Gene	nikE	sccmec_saures_NZ_CP010295_l55213:50691-51326	NZ_CP010295_SCCmec_00054
PROKKA_NZ_CP010295/PROKKA_NZ_CP010295:Gene	copB	sccmec_saures_NZ_CP010295_l55213:52286-54409	NZ_CP010295_SCCmec_00055
PROKKA_NZ_CP010295/PROKKA_NZ_CP010295:Gene	NZ_CP010295_SCCmec_00056	sccmec_saures_NZ_CP010295_l55213:54427-54972	NZ_CP010295_SCCmec_00056

FATAL: DiscRep_ALL:MISSING_PROTEIN_ID::56 proteins have invalid IDs.
PROKKA_NZ_CP010295/PROKKA_NZ_CP010295:sccmec_saures_NZ_CP010295_l55213_1 (length 159)
PROKKA_NZ_CP010295/PROKKA_NZ_CP010295:sccmec_saures_NZ_CP010295_l55213_2 (length 418)
PROKKA_NZ_CP010295/PROKKA_NZ_CP010295:sccmec_saures_NZ_CP010295_l55213_3 (length 224)
PROKKA_NZ_CP010295/PROKKA_NZ_CP010295:sccmec_saures_NZ_CP010295_l55213_4 (length 55)
PROKKA_NZ_CP010295/PROKKA_NZ_CP010295:sccmec_saures_NZ_CP010295_l55213_5 (length 76)
PROKKA_NZ_CP010295/PROKKA_NZ_CP010295:sccmec_saures_NZ_CP010295_l55213_6 (length 247)
PROKKA_NZ_CP010295/PROKKA_NZ_CP010295:sccmec_saures_NZ_CP010295_l55213_7 (length 142)
PROKKA_NZ_CP010295/PROKKA_NZ_CP010295:sccmec_saures_NZ_CP010295_l55213_8 (length 668)
PROKKA_NZ_CP010295/PROKKA_NZ_CP010295:sccmec_saures_NZ_CP010295_l55213_9 (length 328)
PROKKA_NZ_CP010295/PROKKA_NZ_CP010295:sccmec_saures_NZ_CP010295_l55213_10 (length 90)
PROKKA_NZ_CP010295/PROKKA_NZ_CP010295:sccmec_saures_NZ_CP010295_l55213_11 (length 507)
PROKKA_NZ_CP010295/PROKKA_NZ_CP010295:sccmec_saures_NZ_CP010295_l55213_12 (length 168)
PROKKA_NZ_CP010295/PROKKA_NZ_CP010295:sccmec_saures_NZ_CP010295_l55213_13 (length 103)
PROKKA_NZ_CP010295/PROKKA_NZ_CP010295:sccmec_saures_NZ_CP010295_l55213_14 (length 116)
PROKKA_NZ_CP010295/PROKKA_NZ_CP010295:sccmec_saures_NZ_CP010295_l55213_15 (length 542)
PROKKA_NZ_CP010295/PROKKA_NZ_CP010295:sccmec_saures_NZ_CP010295_l55213_16 (length 449)
PROKKA_NZ_CP010295/PROKKA_NZ_CP010295:sccmec_saures_NZ_CP010295_l55213_17 (length 595)
PROKKA_NZ_CP010295/PROKKA_NZ_CP010295:sccmec_saures_NZ_CP010295_l55213_18 (length 96)
PROKKA_NZ_CP010295/PROKKA_NZ_CP010295:sccmec_saures_NZ_CP010295_l55213_19 (length 363)
PROKKA_NZ_CP010295/PROKKA_NZ_CP010295:sccmec_saures_NZ_CP010295_l55213_20 (length 496)
PROKKA_NZ_CP010295/PROKKA_NZ_CP010295:sccmec_saures_NZ_CP010295_l55213_21 (length 334)
PROKKA_NZ_CP010295/PROKKA_NZ_CP010295:sccmec_saures_NZ_CP010295_l55213_22 (length 45)
PROKKA_NZ_CP010295/PROKKA_NZ_CP010295:sccmec_saures_NZ_CP010295_l55213_23 (length 123)
PROKKA_NZ_CP010295/PROKKA_NZ_CP010295:sccmec_saures_NZ_CP010295_l55213_24 (length 206)
PROKKA_NZ_CP010295/PROKKA_NZ_CP010295:sccmec_saures_NZ_CP010295_l55213_25 (length 56)
PROKKA_NZ_CP010295/PROKKA_NZ_CP010295:sccmec_saures_NZ_CP010295_l55213_26 (length 321)
PROKKA_NZ_CP010295/PROKKA_NZ_CP010295:sccmec_saures_NZ_CP010295_l55213_27 (length 109)
PROKKA_NZ_CP010295/PROKKA_NZ_CP010295:sccmec_saures_NZ_CP010295_l55213_28 (length 119)
PROKKA_NZ_CP010295/PROKKA_NZ_CP010295:sccmec_saures_NZ_CP010295_l55213_29 (length 269)
PROKKA_NZ_CP010295/PROKKA_NZ_CP010295:sccmec_saures_NZ_CP010295_l55213_30 (length 60)
PROKKA_NZ_CP010295/PROKKA_NZ_CP010295:sccmec_saures_NZ_CP010295_l55213_31 (length 165)
PROKKA_NZ_CP010295/PROKKA_NZ_CP010295:sccmec_saures_NZ_CP010295_l55213_32 (length 375)
PROKKA_NZ_CP010295/PROKKA_NZ_CP010295:sccmec_saures_NZ_CP010295_l55213_33 (length 74)
PROKKA_NZ_CP010295/PROKKA_NZ_CP010295:sccmec_saures_NZ_CP010295_l55213_34 (length 167)
PROKKA_NZ_CP010295/PROKKA_NZ_CP010295:sccmec_saures_NZ_CP010295_l55213_35 (length 103)
PROKKA_NZ_CP010295/PROKKA_NZ_CP010295:sccmec_saures_NZ_CP010295_l55213_36 (length 30)
PROKKA_NZ_CP010295/PROKKA_NZ_CP010295:sccmec_saures_NZ_CP010295_l55213_37 (length 116)
PROKKA_NZ_CP010295/PROKKA_NZ_CP010295:sccmec_saures_NZ_CP010295_l55213_38 (length 283)
PROKKA_NZ_CP010295/PROKKA_NZ_CP010295:sccmec_saures_NZ_CP010295_l55213_39 (length 309)
PROKKA_NZ_CP010295/PROKKA_NZ_CP010295:sccmec_saures_NZ_CP010295_l55213_40 (length 332)
PROKKA_NZ_CP010295/PROKKA_NZ_CP010295:sccmec_saures_NZ_CP010295_l55213_41 (length 229)
PROKKA_NZ_CP010295/PROKKA_NZ_CP010295:sccmec_saures_NZ_CP010295_l55213_42 (length 473)
PROKKA_NZ_CP010295/PROKKA_NZ_CP010295:sccmec_saures_NZ_CP010295_l55213_43 (length 411)
PROKKA_NZ_CP010295/PROKKA_NZ_CP010295:sccmec_saures_NZ_CP010295_l55213_44 (length 148)
PROKKA_NZ_CP010295/PROKKA_NZ_CP010295:sccmec_saures_NZ_CP010295_l55213_45 (length 143)
PROKKA_NZ_CP010295/PROKKA_NZ_CP010295:sccmec_saures_NZ_CP010295_l55213_46 (length 224)
PROKKA_NZ_CP010295/PROKKA_NZ_CP010295:sccmec_saures_NZ_CP010295_l55213_47 (length 271)
PROKKA_NZ_CP010295/PROKKA_NZ_CP010295:sccmec_saures_NZ_CP010295_l55213_48 (length 357)
PROKKA_NZ_CP010295/PROKKA_NZ_CP010295:sccmec_saures_NZ_CP010295_l55213_49 (length 230)
PROKKA_NZ_CP010295/PROKKA_NZ_CP010295:sccmec_saures_NZ_CP010295_l55213_50 (length 517)
PROKKA_NZ_CP010295/PROKKA_NZ_CP010295:sccmec_saures_NZ_CP010295_l55213_51 (length 318)
PROKKA_NZ_CP010295/PROKKA_NZ_CP010295:sccmec_saures_NZ_CP010295_l55213_52 (length 255)
PROKKA_NZ_CP010295/PROKKA_NZ_CP010295:sccmec_saures_NZ_CP010295_l55213_53 (length 255)
PROKKA_NZ_CP010295/PROKKA_NZ_CP010295:sccmec_saures_NZ_CP010295_l55213_54 (length 211)
PROKKA_NZ_CP010295/PROKKA_NZ_CP010295:sccmec_saures_NZ_CP010295_l55213_55 (length 707)
PROKKA_NZ_CP010295/PROKKA_NZ_CP010295:sccmec_saures_NZ_CP010295_l55213_56 (length 181)

DiscRep_ALL:DISC_SOURCE_QUALS_ASNDISC::strain (all present, all unique)
DiscRep_SUB:DISC_SOURCE_QUALS_ASNDISC::1 sources have unique values for strain
DiscRep_ALL:DISC_SOURCE_QUALS_ASNDISC::taxname (all present, all unique)
DiscRep_SUB:DISC_SOURCE_QUALS_ASNDISC::1 sources have unique values for taxname
DiscRep_ALL:DISC_FEATURE_COUNT::gene: 56 present
DiscRep_ALL:DISC_FEATURE_COUNT::CDS: 56 present
DiscRep_ALL:DISC_FEATURE_COUNT::mRNA: 56 present
DiscRep_ALL:DISC_COUNT_NUCLEOTIDES::1 nucleotide Bioseqs are present
PROKKA_NZ_CP010295/PROKKA_NZ_CP010295:sccmec_saures_NZ_CP010295_l55213 (length 55213, 26 other)

DiscRep_ALL:OVERLAPPING_GENES::14 genes overlap another gene on the same strand.
PROKKA_NZ_CP010295/PROKKA_NZ_CP010295:Gene	mecR1	sccmec_saures_NZ_CP010295_l55213:7522-8508	NZ_CP010295_SCCmec_00009
PROKKA_NZ_CP010295/PROKKA_NZ_CP010295:Gene	NZ_CP010295_SCCmec_00010	sccmec_saures_NZ_CP010295_l55213:8468-8740	NZ_CP010295_SCCmec_00010
PROKKA_NZ_CP010295/PROKKA_NZ_CP010295:Gene	NZ_CP010295_SCCmec_00017	sccmec_saures_NZ_CP010295_l55213:c17201-15414	NZ_CP010295_SCCmec_00017
PROKKA_NZ_CP010295/PROKKA_NZ_CP010295:Gene	NZ_CP010295_SCCmec_00018	sccmec_saures_NZ_CP010295_l55213:c17491-17201	NZ_CP010295_SCCmec_00018
PROKKA_NZ_CP010295/PROKKA_NZ_CP010295:Gene	NZ_CP010295_SCCmec_00022	sccmec_saures_NZ_CP010295_l55213:22644-22781	NZ_CP010295_SCCmec_00022
PROKKA_NZ_CP010295/PROKKA_NZ_CP010295:Gene	NZ_CP010295_SCCmec_00023	sccmec_saures_NZ_CP010295_l55213:22778-23149	NZ_CP010295_SCCmec_00023
PROKKA_NZ_CP010295/PROKKA_NZ_CP010295:Gene	NZ_CP010295_SCCmec_00036	sccmec_saures_NZ_CP010295_l55213:c32929-32837	NZ_CP010295_SCCmec_00036
PROKKA_NZ_CP010295/PROKKA_NZ_CP010295:Gene	NZ_CP010295_SCCmec_00037	sccmec_saures_NZ_CP010295_l55213:c33272-32922	NZ_CP010295_SCCmec_00037
PROKKA_NZ_CP010295/PROKKA_NZ_CP010295:Gene	cmoB	sccmec_saures_NZ_CP010295_l55213:45996-46688	NZ_CP010295_SCCmec_00049
PROKKA_NZ_CP010295/PROKKA_NZ_CP010295:Gene	nikA	sccmec_saures_NZ_CP010295_l55213:46685-48238	NZ_CP010295_SCCmec_00050
PROKKA_NZ_CP010295/PROKKA_NZ_CP010295:Gene	nikB	sccmec_saures_NZ_CP010295_l55213:48241-49197	NZ_CP010295_SCCmec_00051
PROKKA_NZ_CP010295/PROKKA_NZ_CP010295:Gene	gsiD	sccmec_saures_NZ_CP010295_l55213:49197-49964	NZ_CP010295_SCCmec_00052
PROKKA_NZ_CP010295/PROKKA_NZ_CP010295:Gene	oppD	sccmec_saures_NZ_CP010295_l55213:49931-50698	NZ_CP010295_SCCmec_00053
PROKKA_NZ_CP010295/PROKKA_NZ_CP010295:Gene	nikE	sccmec_saures_NZ_CP010295_l55213:50691-51326	NZ_CP010295_SCCmec_00054

DiscRep_ALL:DISC_QUALITY_SCORES::Quality scores are missing on all sequences.

DiscRep_ALL:ONCALLER_COMMENT_PRESENT::1 comment descriptors were found (all same)
PROKKA_NZ_CP010295/PROKKA_NZ_CP010295:sccmec_saures_NZ_CP010295_l55213:Annotated using prokka 1.12 from https://github.com/tseemann/prokka

DiscRep_ALL:SHORT_PROT_SEQUENCES::2 protein sequences are shorter than 50 aa.
PROKKA_NZ_CP010295/PROKKA_NZ_CP010295:sccmec_saures_NZ_CP010295_l55213_22 (length 45)
PROKKA_NZ_CP010295/PROKKA_NZ_CP010295:sccmec_saures_NZ_CP010295_l55213_36 (length 30)

DiscRep_ALL:MISSING_GENOMEASSEMBLY_COMMENTS::1 bioseqs are missing GenomeAssembly structured comments
PROKKA_NZ_CP010295/PROKKA_NZ_CP010295:sccmec_saures_NZ_CP010295_l55213 (length 55213, 26 other)

DiscRep_ALL:MOLTYPE_NOT_MRNA::1 molecule types are not set as mRNA.
PROKKA_NZ_CP010295/PROKKA_NZ_CP010295:sccmec_saures_NZ_CP010295_l55213 (length 55213, 26 other)

DiscRep_ALL:TECHNIQUE_NOT_TSA::1 technique are not set as TSA
PROKKA_NZ_CP010295/PROKKA_NZ_CP010295:sccmec_saures_NZ_CP010295_l55213 (length 55213, 26 other)

DiscRep_ALL:MISSING_STRUCTURED_COMMENT::1 sequences do not include structured comments.
PROKKA_NZ_CP010295/PROKKA_NZ_CP010295:sccmec_saures_NZ_CP010295_l55213 (length 55213, 26 other)

DiscRep_ALL:MISSING_PROJECT::57 sequences do not include project.
PROKKA_NZ_CP010295/PROKKA_NZ_CP010295:sccmec_saures_NZ_CP010295_l55213 (length 55213, 26 other)
PROKKA_NZ_CP010295/PROKKA_NZ_CP010295:sccmec_saures_NZ_CP010295_l55213_1 (length 159)
PROKKA_NZ_CP010295/PROKKA_NZ_CP010295:sccmec_saures_NZ_CP010295_l55213_2 (length 418)
PROKKA_NZ_CP010295/PROKKA_NZ_CP010295:sccmec_saures_NZ_CP010295_l55213_3 (length 224)
PROKKA_NZ_CP010295/PROKKA_NZ_CP010295:sccmec_saures_NZ_CP010295_l55213_4 (length 55)
PROKKA_NZ_CP010295/PROKKA_NZ_CP010295:sccmec_saures_NZ_CP010295_l55213_5 (length 76)
PROKKA_NZ_CP010295/PROKKA_NZ_CP010295:sccmec_saures_NZ_CP010295_l55213_6 (length 247)
PROKKA_NZ_CP010295/PROKKA_NZ_CP010295:sccmec_saures_NZ_CP010295_l55213_7 (length 142)
PROKKA_NZ_CP010295/PROKKA_NZ_CP010295:sccmec_saures_NZ_CP010295_l55213_8 (length 668)
PROKKA_NZ_CP010295/PROKKA_NZ_CP010295:sccmec_saures_NZ_CP010295_l55213_9 (length 328)
PROKKA_NZ_CP010295/PROKKA_NZ_CP010295:sccmec_saures_NZ_CP010295_l55213_10 (length 90)
PROKKA_NZ_CP010295/PROKKA_NZ_CP010295:sccmec_saures_NZ_CP010295_l55213_11 (length 507)
PROKKA_NZ_CP010295/PROKKA_NZ_CP010295:sccmec_saures_NZ_CP010295_l55213_12 (length 168)
PROKKA_NZ_CP010295/PROKKA_NZ_CP010295:sccmec_saures_NZ_CP010295_l55213_13 (length 103)
PROKKA_NZ_CP010295/PROKKA_NZ_CP010295:sccmec_saures_NZ_CP010295_l55213_14 (length 116)
PROKKA_NZ_CP010295/PROKKA_NZ_CP010295:sccmec_saures_NZ_CP010295_l55213_15 (length 542)
PROKKA_NZ_CP010295/PROKKA_NZ_CP010295:sccmec_saures_NZ_CP010295_l55213_16 (length 449)
PROKKA_NZ_CP010295/PROKKA_NZ_CP010295:sccmec_saures_NZ_CP010295_l55213_17 (length 595)
PROKKA_NZ_CP010295/PROKKA_NZ_CP010295:sccmec_saures_NZ_CP010295_l55213_18 (length 96)
PROKKA_NZ_CP010295/PROKKA_NZ_CP010295:sccmec_saures_NZ_CP010295_l55213_19 (length 363)
PROKKA_NZ_CP010295/PROKKA_NZ_CP010295:sccmec_saures_NZ_CP010295_l55213_20 (length 496)
PROKKA_NZ_CP010295/PROKKA_NZ_CP010295:sccmec_saures_NZ_CP010295_l55213_21 (length 334)
PROKKA_NZ_CP010295/PROKKA_NZ_CP010295:sccmec_saures_NZ_CP010295_l55213_22 (length 45)
PROKKA_NZ_CP010295/PROKKA_NZ_CP010295:sccmec_saures_NZ_CP010295_l55213_23 (length 123)
PROKKA_NZ_CP010295/PROKKA_NZ_CP010295:sccmec_saures_NZ_CP010295_l55213_24 (length 206)
PROKKA_NZ_CP010295/PROKKA_NZ_CP010295:sccmec_saures_NZ_CP010295_l55213_25 (length 56)
PROKKA_NZ_CP010295/PROKKA_NZ_CP010295:sccmec_saures_NZ_CP010295_l55213_26 (length 321)
PROKKA_NZ_CP010295/PROKKA_NZ_CP010295:sccmec_saures_NZ_CP010295_l55213_27 (length 109)
PROKKA_NZ_CP010295/PROKKA_NZ_CP010295:sccmec_saures_NZ_CP010295_l55213_28 (length 119)
PROKKA_NZ_CP010295/PROKKA_NZ_CP010295:sccmec_saures_NZ_CP010295_l55213_29 (length 269)
PROKKA_NZ_CP010295/PROKKA_NZ_CP010295:sccmec_saures_NZ_CP010295_l55213_30 (length 60)
PROKKA_NZ_CP010295/PROKKA_NZ_CP010295:sccmec_saures_NZ_CP010295_l55213_31 (length 165)
PROKKA_NZ_CP010295/PROKKA_NZ_CP010295:sccmec_saures_NZ_CP010295_l55213_32 (length 375)
PROKKA_NZ_CP010295/PROKKA_NZ_CP010295:sccmec_saures_NZ_CP010295_l55213_33 (length 74)
PROKKA_NZ_CP010295/PROKKA_NZ_CP010295:sccmec_saures_NZ_CP010295_l55213_34 (length 167)
PROKKA_NZ_CP010295/PROKKA_NZ_CP010295:sccmec_saures_NZ_CP010295_l55213_35 (length 103)
PROKKA_NZ_CP010295/PROKKA_NZ_CP010295:sccmec_saures_NZ_CP010295_l55213_36 (length 30)
PROKKA_NZ_CP010295/PROKKA_NZ_CP010295:sccmec_saures_NZ_CP010295_l55213_37 (length 116)
PROKKA_NZ_CP010295/PROKKA_NZ_CP010295:sccmec_saures_NZ_CP010295_l55213_38 (length 283)
PROKKA_NZ_CP010295/PROKKA_NZ_CP010295:sccmec_saures_NZ_CP010295_l55213_39 (length 309)
PROKKA_NZ_CP010295/PROKKA_NZ_CP010295:sccmec_saures_NZ_CP010295_l55213_40 (length 332)
PROKKA_NZ_CP010295/PROKKA_NZ_CP010295:sccmec_saures_NZ_CP010295_l55213_41 (length 229)
PROKKA_NZ_CP010295/PROKKA_NZ_CP010295:sccmec_saures_NZ_CP010295_l55213_42 (length 473)
PROKKA_NZ_CP010295/PROKKA_NZ_CP010295:sccmec_saures_NZ_CP010295_l55213_43 (length 411)
PROKKA_NZ_CP010295/PROKKA_NZ_CP010295:sccmec_saures_NZ_CP010295_l55213_44 (length 148)
PROKKA_NZ_CP010295/PROKKA_NZ_CP010295:sccmec_saures_NZ_CP010295_l55213_45 (length 143)
PROKKA_NZ_CP010295/PROKKA_NZ_CP010295:sccmec_saures_NZ_CP010295_l55213_46 (length 224)
PROKKA_NZ_CP010295/PROKKA_NZ_CP010295:sccmec_saures_NZ_CP010295_l55213_47 (length 271)
PROKKA_NZ_CP010295/PROKKA_NZ_CP010295:sccmec_saures_NZ_CP010295_l55213_48 (length 357)
PROKKA_NZ_CP010295/PROKKA_NZ_CP010295:sccmec_saures_NZ_CP010295_l55213_49 (length 230)
PROKKA_NZ_CP010295/PROKKA_NZ_CP010295:sccmec_saures_NZ_CP010295_l55213_50 (length 517)
PROKKA_NZ_CP010295/PROKKA_NZ_CP010295:sccmec_saures_NZ_CP010295_l55213_51 (length 318)
PROKKA_NZ_CP010295/PROKKA_NZ_CP010295:sccmec_saures_NZ_CP010295_l55213_52 (length 255)
PROKKA_NZ_CP010295/PROKKA_NZ_CP010295:sccmec_saures_NZ_CP010295_l55213_53 (length 255)
PROKKA_NZ_CP010295/PROKKA_NZ_CP010295:sccmec_saures_NZ_CP010295_l55213_54 (length 211)
PROKKA_NZ_CP010295/PROKKA_NZ_CP010295:sccmec_saures_NZ_CP010295_l55213_55 (length 707)
PROKKA_NZ_CP010295/PROKKA_NZ_CP010295:sccmec_saures_NZ_CP010295_l55213_56 (length 181)

DiscRep_ALL:DISC_INCONSISTENT_MOLINFO_TECH::Molinfo Technique Report (some missing, all same)
DiscRep_SUB:DISC_INCONSISTENT_MOLINFO_TECH::technique (all missing)
DiscRep_SUB:DISC_INCONSISTENT_MOLINFO_TECH::1 Molinfos are missing field technique
PROKKA_NZ_CP010295/PROKKA_NZ_CP010295:sccmec_saures_NZ_CP010295_l55213 (length 55213, 26 other)

