Discrepancy Report Results

Summary
FATAL: BAD_LOCUS_TAG_FORMAT:74 locus tags are incorrectly formatted.
FATAL: MISSING_PROTEIN_ID:74 proteins have invalid IDs.
DISC_SOURCE_QUALS_ASNDISC:strain (all present, all unique)
DISC_SOURCE_QUALS_ASNDISC:taxname (all present, all unique)
DISC_FEATURE_COUNT:gene: 74 present
DISC_FEATURE_COUNT:CDS: 74 present
DISC_FEATURE_COUNT:mRNA: 74 present
DISC_COUNT_NUCLEOTIDES:1 nucleotide Bioseqs are present
OVERLAPPING_GENES:15 genes overlap another gene on the same strand.
OVERLAPPING_CDS:2 coding regions overlap another coding region with a similar or identical name.
DISC_QUALITY_SCORES:Quality scores are missing on all sequences.
ONCALLER_COMMENT_PRESENT:1 comment descriptors were found (all same)
SHORT_PROT_SEQUENCES:1 protein sequences are shorter than 50 aa.
MISSING_GENOMEASSEMBLY_COMMENTS:1 bioseqs are missing GenomeAssembly structured comments
MOLTYPE_NOT_MRNA:1 molecule types are not set as mRNA.
TECHNIQUE_NOT_TSA:1 technique are not set as TSA
MISSING_STRUCTURED_COMMENT:1 sequences do not include structured comments.
MISSING_PROJECT:75 sequences do not include project.
DISC_INCONSISTENT_MOLINFO_TECH:Molinfo Technique Report (some missing, all same)


Detailed Report

FATAL: DiscRep_ALL:BAD_LOCUS_TAG_FORMAT::74 locus tags are incorrectly formatted.
PROKKA_CP013959/PROKKA_CP013959:Gene	rlmH	sccmec_saures_CP013959_l67294:1-480	CP013959_SCCmec_00001
PROKKA_CP013959/PROKKA_CP013959:Gene	CP013959_SCCmec_00002	sccmec_saures_CP013959_l67294:522-677	CP013959_SCCmec_00002
PROKKA_CP013959/PROKKA_CP013959:Gene	CP013959_SCCmec_00003	sccmec_saures_CP013959_l67294:726-1031	CP013959_SCCmec_00003
PROKKA_CP013959/PROKKA_CP013959:Gene	CP013959_SCCmec_00004	sccmec_saures_CP013959_l67294:1229-2092	CP013959_SCCmec_00004
PROKKA_CP013959/PROKKA_CP013959:Gene	CP013959_SCCmec_00005	sccmec_saures_CP013959_l67294:2176-2898	CP013959_SCCmec_00005
PROKKA_CP013959/PROKKA_CP013959:Gene	CP013959_SCCmec_00006	sccmec_saures_CP013959_l67294:2966-3688	CP013959_SCCmec_00006
PROKKA_CP013959/PROKKA_CP013959:Gene	CP013959_SCCmec_00007	sccmec_saures_CP013959_l67294:3901-5001	CP013959_SCCmec_00007
PROKKA_CP013959/PROKKA_CP013959:Gene	CP013959_SCCmec_00008	sccmec_saures_CP013959_l67294:4994-5365	CP013959_SCCmec_00008
PROKKA_CP013959/PROKKA_CP013959:Gene	CP013959_SCCmec_00009	sccmec_saures_CP013959_l67294:5362-7005	CP013959_SCCmec_00009
PROKKA_CP013959/PROKKA_CP013959:Gene	hin_1	sccmec_saures_CP013959_l67294:7230-8915	CP013959_SCCmec_00010
PROKKA_CP013959/PROKKA_CP013959:Gene	CP013959_SCCmec_00011	sccmec_saures_CP013959_l67294:8963-9448	CP013959_SCCmec_00011
PROKKA_CP013959/PROKKA_CP013959:Gene	CP013959_SCCmec_00012	sccmec_saures_CP013959_l67294:9704-10078	CP013959_SCCmec_00012
PROKKA_CP013959/PROKKA_CP013959:Gene	CP013959_SCCmec_00013	sccmec_saures_CP013959_l67294:10157-10483	CP013959_SCCmec_00013
PROKKA_CP013959/PROKKA_CP013959:Gene	CP013959_SCCmec_00014	sccmec_saures_CP013959_l67294:10499-11005	CP013959_SCCmec_00014
PROKKA_CP013959/PROKKA_CP013959:Gene	CP013959_SCCmec_00015	sccmec_saures_CP013959_l67294:11026-11343	CP013959_SCCmec_00015
PROKKA_CP013959/PROKKA_CP013959:Gene	xerC_1	sccmec_saures_CP013959_l67294:11462-12547	CP013959_SCCmec_00016
PROKKA_CP013959/PROKKA_CP013959:Gene	xerC_2	sccmec_saures_CP013959_l67294:12544-14436	CP013959_SCCmec_00017
PROKKA_CP013959/PROKKA_CP013959:Gene	CP013959_SCCmec_00018	sccmec_saures_CP013959_l67294:14443-14820	CP013959_SCCmec_00018
PROKKA_CP013959/PROKKA_CP013959:Gene	ant1	sccmec_saures_CP013959_l67294:14971-15753	CP013959_SCCmec_00019
PROKKA_CP013959/PROKKA_CP013959:Gene	ermA1	sccmec_saures_CP013959_l67294:c16610-15879	CP013959_SCCmec_00020
PROKKA_CP013959/PROKKA_CP013959:Gene	ycgJ	sccmec_saures_CP013959_l67294:17119-17781	CP013959_SCCmec_00021
PROKKA_CP013959/PROKKA_CP013959:Gene	CP013959_SCCmec_00022	sccmec_saures_CP013959_l67294:18329-19201	CP013959_SCCmec_00022
PROKKA_CP013959/PROKKA_CP013959:Gene	CP013959_SCCmec_00023	sccmec_saures_CP013959_l67294:19240-19548	CP013959_SCCmec_00023
PROKKA_CP013959/PROKKA_CP013959:Gene	CP013959_SCCmec_00024	sccmec_saures_CP013959_l67294:19564-20052	CP013959_SCCmec_00024
PROKKA_CP013959/PROKKA_CP013959:Gene	CP013959_SCCmec_00025	sccmec_saures_CP013959_l67294:20187-20714	CP013959_SCCmec_00025
PROKKA_CP013959/PROKKA_CP013959:Gene	CP013959_SCCmec_00026	sccmec_saures_CP013959_l67294:20777-21193	CP013959_SCCmec_00026
PROKKA_CP013959/PROKKA_CP013959:Gene	CP013959_SCCmec_00027	sccmec_saures_CP013959_l67294:21660-21881	CP013959_SCCmec_00027
PROKKA_CP013959/PROKKA_CP013959:Gene	CP013959_SCCmec_00028	sccmec_saures_CP013959_l67294:22032-22598	CP013959_SCCmec_00028
PROKKA_CP013959/PROKKA_CP013959:Gene	hsdR	sccmec_saures_CP013959_l67294:c24867-22678	CP013959_SCCmec_00029
PROKKA_CP013959/PROKKA_CP013959:Gene	CP013959_SCCmec_00030	sccmec_saures_CP013959_l67294:c25627-24953	CP013959_SCCmec_00030
PROKKA_CP013959/PROKKA_CP013959:Gene	garB	sccmec_saures_CP013959_l67294:25895-27256	CP013959_SCCmec_00031
PROKKA_CP013959/PROKKA_CP013959:Gene	merR1	sccmec_saures_CP013959_l67294:27556-27963	CP013959_SCCmec_00032
PROKKA_CP013959/PROKKA_CP013959:Gene	stoA	sccmec_saures_CP013959_l67294:27980-28465	CP013959_SCCmec_00033
PROKKA_CP013959/PROKKA_CP013959:Gene	CP013959_SCCmec_00034	sccmec_saures_CP013959_l67294:28462-29142	CP013959_SCCmec_00034
PROKKA_CP013959/PROKKA_CP013959:Gene	CP013959_SCCmec_00035	sccmec_saures_CP013959_l67294:29230-29616	CP013959_SCCmec_00035
PROKKA_CP013959/PROKKA_CP013959:Gene	merA	sccmec_saures_CP013959_l67294:29674-31317	CP013959_SCCmec_00036
PROKKA_CP013959/PROKKA_CP013959:Gene	merB	sccmec_saures_CP013959_l67294:31399-32049	CP013959_SCCmec_00037
PROKKA_CP013959/PROKKA_CP013959:Gene	CP013959_SCCmec_00038	sccmec_saures_CP013959_l67294:c32792-32244	CP013959_SCCmec_00038
PROKKA_CP013959/PROKKA_CP013959:Gene	CP013959_SCCmec_00039	sccmec_saures_CP013959_l67294:c33552-32878	CP013959_SCCmec_00039
PROKKA_CP013959/PROKKA_CP013959:Gene	hsrA	sccmec_saures_CP013959_l67294:33839-35128	CP013959_SCCmec_00040
PROKKA_CP013959/PROKKA_CP013959:Gene	pre	sccmec_saures_CP013959_l67294:35317-36558	CP013959_SCCmec_00041
PROKKA_CP013959/PROKKA_CP013959:Gene	CP013959_SCCmec_00042	sccmec_saures_CP013959_l67294:36744-36845	CP013959_SCCmec_00042
PROKKA_CP013959/PROKKA_CP013959:Gene	repN	sccmec_saures_CP013959_l67294:37236-38039	CP013959_SCCmec_00043
PROKKA_CP013959/PROKKA_CP013959:Gene	CP013959_SCCmec_00044	sccmec_saures_CP013959_l67294:c38802-38128	CP013959_SCCmec_00044
PROKKA_CP013959/PROKKA_CP013959:Gene	CP013959_SCCmec_00045	sccmec_saures_CP013959_l67294:39060-39227	CP013959_SCCmec_00045
PROKKA_CP013959/PROKKA_CP013959:Gene	CP013959_SCCmec_00046	sccmec_saures_CP013959_l67294:39325-39534	CP013959_SCCmec_00046
PROKKA_CP013959/PROKKA_CP013959:Gene	ugpQ	sccmec_saures_CP013959_l67294:40304-41047	CP013959_SCCmec_00047
PROKKA_CP013959/PROKKA_CP013959:Gene	paaZ	sccmec_saures_CP013959_l67294:41144-41572	CP013959_SCCmec_00048
PROKKA_CP013959/PROKKA_CP013959:Gene	pbp	sccmec_saures_CP013959_l67294:c43624-41618	CP013959_SCCmec_00049
PROKKA_CP013959/PROKKA_CP013959:Gene	mecR1	sccmec_saures_CP013959_l67294:43826-45481	CP013959_SCCmec_00050
PROKKA_CP013959/PROKKA_CP013959:Gene	mecI	sccmec_saures_CP013959_l67294:45481-45684	CP013959_SCCmec_00051
PROKKA_CP013959/PROKKA_CP013959:Gene	nagC	sccmec_saures_CP013959_l67294:46325-47473	CP013959_SCCmec_00052
PROKKA_CP013959/PROKKA_CP013959:Gene	pspE_1	sccmec_saures_CP013959_l67294:c47892-47587	CP013959_SCCmec_00053
PROKKA_CP013959/PROKKA_CP013959:Gene	gloC	sccmec_saures_CP013959_l67294:c48921-47983	CP013959_SCCmec_00054
PROKKA_CP013959/PROKKA_CP013959:Gene	pspE_2	sccmec_saures_CP013959_l67294:c50017-48953	CP013959_SCCmec_00055
PROKKA_CP013959/PROKKA_CP013959:Gene	csoR	sccmec_saures_CP013959_l67294:50153-50413	CP013959_SCCmec_00056
PROKKA_CP013959/PROKKA_CP013959:Gene	CP013959_SCCmec_00057	sccmec_saures_CP013959_l67294:50428-51057	CP013959_SCCmec_00057
PROKKA_CP013959/PROKKA_CP013959:Gene	CP013959_SCCmec_00058	sccmec_saures_CP013959_l67294:c52011-51325	CP013959_SCCmec_00058
PROKKA_CP013959/PROKKA_CP013959:Gene	cadA	sccmec_saures_CP013959_l67294:c54437-52023	CP013959_SCCmec_00059
PROKKA_CP013959/PROKKA_CP013959:Gene	cadC	sccmec_saures_CP013959_l67294:c54795-54430	CP013959_SCCmec_00060
PROKKA_CP013959/PROKKA_CP013959:Gene	CP013959_SCCmec_00061	sccmec_saures_CP013959_l67294:c55358-54981	CP013959_SCCmec_00061
PROKKA_CP013959/PROKKA_CP013959:Gene	xerC_3	sccmec_saures_CP013959_l67294:c57257-55365	CP013959_SCCmec_00062
PROKKA_CP013959/PROKKA_CP013959:Gene	CP013959_SCCmec_00063	sccmec_saures_CP013959_l67294:c57775-57452	CP013959_SCCmec_00063
PROKKA_CP013959/PROKKA_CP013959:Gene	CP013959_SCCmec_00064	sccmec_saures_CP013959_l67294:c57974-57768	CP013959_SCCmec_00064
PROKKA_CP013959/PROKKA_CP013959:Gene	CP013959_SCCmec_00065	sccmec_saures_CP013959_l67294:c58497-57976	CP013959_SCCmec_00065
PROKKA_CP013959/PROKKA_CP013959:Gene	CP013959_SCCmec_00066	sccmec_saures_CP013959_l67294:c58911-58516	CP013959_SCCmec_00066
PROKKA_CP013959/PROKKA_CP013959:Gene	CP013959_SCCmec_00067	sccmec_saures_CP013959_l67294:c59262-58912	CP013959_SCCmec_00067
PROKKA_CP013959/PROKKA_CP013959:Gene	hin_2	sccmec_saures_CP013959_l67294:c61361-59733	CP013959_SCCmec_00068
PROKKA_CP013959/PROKKA_CP013959:Gene	tnpR	sccmec_saures_CP013959_l67294:c62728-61382	CP013959_SCCmec_00069
PROKKA_CP013959/PROKKA_CP013959:Gene	CP013959_SCCmec_00070	sccmec_saures_CP013959_l67294:c63259-62921	CP013959_SCCmec_00070
PROKKA_CP013959/PROKKA_CP013959:Gene	CP013959_SCCmec_00071	sccmec_saures_CP013959_l67294:c65073-63286	CP013959_SCCmec_00071
PROKKA_CP013959/PROKKA_CP013959:Gene	CP013959_SCCmec_00072	sccmec_saures_CP013959_l67294:c65360-65073	CP013959_SCCmec_00072
PROKKA_CP013959/PROKKA_CP013959:Gene	CP013959_SCCmec_00073	sccmec_saures_CP013959_l67294:65494-66543	CP013959_SCCmec_00073
PROKKA_CP013959/PROKKA_CP013959:Gene	CP013959_SCCmec_00074	sccmec_saures_CP013959_l67294:66596-67168	CP013959_SCCmec_00074

FATAL: DiscRep_ALL:MISSING_PROTEIN_ID::74 proteins have invalid IDs.
PROKKA_CP013959/PROKKA_CP013959:sccmec_saures_CP013959_l67294_1 (length 159)
PROKKA_CP013959/PROKKA_CP013959:sccmec_saures_CP013959_l67294_2 (length 51)
PROKKA_CP013959/PROKKA_CP013959:sccmec_saures_CP013959_l67294_3 (length 101)
PROKKA_CP013959/PROKKA_CP013959:sccmec_saures_CP013959_l67294_4 (length 287)
PROKKA_CP013959/PROKKA_CP013959:sccmec_saures_CP013959_l67294_5 (length 240)
PROKKA_CP013959/PROKKA_CP013959:sccmec_saures_CP013959_l67294_6 (length 240)
PROKKA_CP013959/PROKKA_CP013959:sccmec_saures_CP013959_l67294_7 (length 366)
PROKKA_CP013959/PROKKA_CP013959:sccmec_saures_CP013959_l67294_8 (length 123)
PROKKA_CP013959/PROKKA_CP013959:sccmec_saures_CP013959_l67294_9 (length 547)
PROKKA_CP013959/PROKKA_CP013959:sccmec_saures_CP013959_l67294_10 (length 561)
PROKKA_CP013959/PROKKA_CP013959:sccmec_saures_CP013959_l67294_11 (length 161)
PROKKA_CP013959/PROKKA_CP013959:sccmec_saures_CP013959_l67294_12 (length 124)
PROKKA_CP013959/PROKKA_CP013959:sccmec_saures_CP013959_l67294_13 (length 108)
PROKKA_CP013959/PROKKA_CP013959:sccmec_saures_CP013959_l67294_14 (length 168)
PROKKA_CP013959/PROKKA_CP013959:sccmec_saures_CP013959_l67294_15 (length 105)
PROKKA_CP013959/PROKKA_CP013959:sccmec_saures_CP013959_l67294_16 (length 361)
PROKKA_CP013959/PROKKA_CP013959:sccmec_saures_CP013959_l67294_17 (length 630)
PROKKA_CP013959/PROKKA_CP013959:sccmec_saures_CP013959_l67294_18 (length 125)
PROKKA_CP013959/PROKKA_CP013959:sccmec_saures_CP013959_l67294_19 (length 260)
PROKKA_CP013959/PROKKA_CP013959:sccmec_saures_CP013959_l67294_20 (length 243)
PROKKA_CP013959/PROKKA_CP013959:sccmec_saures_CP013959_l67294_21 (length 220)
PROKKA_CP013959/PROKKA_CP013959:sccmec_saures_CP013959_l67294_22 (length 290)
PROKKA_CP013959/PROKKA_CP013959:sccmec_saures_CP013959_l67294_23 (length 102)
PROKKA_CP013959/PROKKA_CP013959:sccmec_saures_CP013959_l67294_24 (length 162)
PROKKA_CP013959/PROKKA_CP013959:sccmec_saures_CP013959_l67294_25 (length 175)
PROKKA_CP013959/PROKKA_CP013959:sccmec_saures_CP013959_l67294_26 (length 138)
PROKKA_CP013959/PROKKA_CP013959:sccmec_saures_CP013959_l67294_27 (length 73)
PROKKA_CP013959/PROKKA_CP013959:sccmec_saures_CP013959_l67294_28 (length 188)
PROKKA_CP013959/PROKKA_CP013959:sccmec_saures_CP013959_l67294_29 (length 729)
PROKKA_CP013959/PROKKA_CP013959:sccmec_saures_CP013959_l67294_30 (length 224)
PROKKA_CP013959/PROKKA_CP013959:sccmec_saures_CP013959_l67294_31 (length 453)
PROKKA_CP013959/PROKKA_CP013959:sccmec_saures_CP013959_l67294_32 (length 135)
PROKKA_CP013959/PROKKA_CP013959:sccmec_saures_CP013959_l67294_33 (length 161)
PROKKA_CP013959/PROKKA_CP013959:sccmec_saures_CP013959_l67294_34 (length 226)
PROKKA_CP013959/PROKKA_CP013959:sccmec_saures_CP013959_l67294_35 (length 128)
PROKKA_CP013959/PROKKA_CP013959:sccmec_saures_CP013959_l67294_36 (length 547)
PROKKA_CP013959/PROKKA_CP013959:sccmec_saures_CP013959_l67294_37 (length 216)
PROKKA_CP013959/PROKKA_CP013959:sccmec_saures_CP013959_l67294_38 (length 182)
PROKKA_CP013959/PROKKA_CP013959:sccmec_saures_CP013959_l67294_39 (length 224)
PROKKA_CP013959/PROKKA_CP013959:sccmec_saures_CP013959_l67294_40 (length 429)
PROKKA_CP013959/PROKKA_CP013959:sccmec_saures_CP013959_l67294_41 (length 413)
PROKKA_CP013959/PROKKA_CP013959:sccmec_saures_CP013959_l67294_42 (length 33)
PROKKA_CP013959/PROKKA_CP013959:sccmec_saures_CP013959_l67294_43 (length 267)
PROKKA_CP013959/PROKKA_CP013959:sccmec_saures_CP013959_l67294_44 (length 224)
PROKKA_CP013959/PROKKA_CP013959:sccmec_saures_CP013959_l67294_45 (length 55)
PROKKA_CP013959/PROKKA_CP013959:sccmec_saures_CP013959_l67294_46 (length 69)
PROKKA_CP013959/PROKKA_CP013959:sccmec_saures_CP013959_l67294_47 (length 247)
PROKKA_CP013959/PROKKA_CP013959:sccmec_saures_CP013959_l67294_48 (length 142)
PROKKA_CP013959/PROKKA_CP013959:sccmec_saures_CP013959_l67294_49 (length 668)
PROKKA_CP013959/PROKKA_CP013959:sccmec_saures_CP013959_l67294_50 (length 551)
PROKKA_CP013959/PROKKA_CP013959:sccmec_saures_CP013959_l67294_51 (length 67)
PROKKA_CP013959/PROKKA_CP013959:sccmec_saures_CP013959_l67294_52 (length 382)
PROKKA_CP013959/PROKKA_CP013959:sccmec_saures_CP013959_l67294_53 (length 101)
PROKKA_CP013959/PROKKA_CP013959:sccmec_saures_CP013959_l67294_54 (length 312)
PROKKA_CP013959/PROKKA_CP013959:sccmec_saures_CP013959_l67294_55 (length 354)
PROKKA_CP013959/PROKKA_CP013959:sccmec_saures_CP013959_l67294_56 (length 86)
PROKKA_CP013959/PROKKA_CP013959:sccmec_saures_CP013959_l67294_57 (length 209)
PROKKA_CP013959/PROKKA_CP013959:sccmec_saures_CP013959_l67294_58 (length 228)
PROKKA_CP013959/PROKKA_CP013959:sccmec_saures_CP013959_l67294_59 (length 804)
PROKKA_CP013959/PROKKA_CP013959:sccmec_saures_CP013959_l67294_60 (length 121)
PROKKA_CP013959/PROKKA_CP013959:sccmec_saures_CP013959_l67294_61 (length 125)
PROKKA_CP013959/PROKKA_CP013959:sccmec_saures_CP013959_l67294_62 (length 630)
PROKKA_CP013959/PROKKA_CP013959:sccmec_saures_CP013959_l67294_63 (length 107)
PROKKA_CP013959/PROKKA_CP013959:sccmec_saures_CP013959_l67294_64 (length 68)
PROKKA_CP013959/PROKKA_CP013959:sccmec_saures_CP013959_l67294_65 (length 173)
PROKKA_CP013959/PROKKA_CP013959:sccmec_saures_CP013959_l67294_66 (length 131)
PROKKA_CP013959/PROKKA_CP013959:sccmec_saures_CP013959_l67294_67 (length 116)
PROKKA_CP013959/PROKKA_CP013959:sccmec_saures_CP013959_l67294_68 (length 542)
PROKKA_CP013959/PROKKA_CP013959:sccmec_saures_CP013959_l67294_69 (length 448)
PROKKA_CP013959/PROKKA_CP013959:sccmec_saures_CP013959_l67294_70 (length 112)
PROKKA_CP013959/PROKKA_CP013959:sccmec_saures_CP013959_l67294_71 (length 595)
PROKKA_CP013959/PROKKA_CP013959:sccmec_saures_CP013959_l67294_72 (length 95)
PROKKA_CP013959/PROKKA_CP013959:sccmec_saures_CP013959_l67294_73 (length 349)
PROKKA_CP013959/PROKKA_CP013959:sccmec_saures_CP013959_l67294_74 (length 190)

DiscRep_ALL:DISC_SOURCE_QUALS_ASNDISC::strain (all present, all unique)
DiscRep_SUB:DISC_SOURCE_QUALS_ASNDISC::1 sources have unique values for strain
DiscRep_ALL:DISC_SOURCE_QUALS_ASNDISC::taxname (all present, all unique)
DiscRep_SUB:DISC_SOURCE_QUALS_ASNDISC::1 sources have unique values for taxname
DiscRep_ALL:DISC_FEATURE_COUNT::gene: 74 present
DiscRep_ALL:DISC_FEATURE_COUNT::CDS: 74 present
DiscRep_ALL:DISC_FEATURE_COUNT::mRNA: 74 present
DiscRep_ALL:DISC_COUNT_NUCLEOTIDES::1 nucleotide Bioseqs are present
PROKKA_CP013959/PROKKA_CP013959:sccmec_saures_CP013959_l67294 (length 67294)

DiscRep_ALL:OVERLAPPING_GENES::15 genes overlap another gene on the same strand.
PROKKA_CP013959/PROKKA_CP013959:Gene	CP013959_SCCmec_00007	sccmec_saures_CP013959_l67294:3901-5001	CP013959_SCCmec_00007
PROKKA_CP013959/PROKKA_CP013959:Gene	CP013959_SCCmec_00008	sccmec_saures_CP013959_l67294:4994-5365	CP013959_SCCmec_00008
PROKKA_CP013959/PROKKA_CP013959:Gene	CP013959_SCCmec_00009	sccmec_saures_CP013959_l67294:5362-7005	CP013959_SCCmec_00009
PROKKA_CP013959/PROKKA_CP013959:Gene	xerC_1	sccmec_saures_CP013959_l67294:11462-12547	CP013959_SCCmec_00016
PROKKA_CP013959/PROKKA_CP013959:Gene	xerC_2	sccmec_saures_CP013959_l67294:12544-14436	CP013959_SCCmec_00017
PROKKA_CP013959/PROKKA_CP013959:Gene	stoA	sccmec_saures_CP013959_l67294:27980-28465	CP013959_SCCmec_00033
PROKKA_CP013959/PROKKA_CP013959:Gene	CP013959_SCCmec_00034	sccmec_saures_CP013959_l67294:28462-29142	CP013959_SCCmec_00034
PROKKA_CP013959/PROKKA_CP013959:Gene	mecR1	sccmec_saures_CP013959_l67294:43826-45481	CP013959_SCCmec_00050
PROKKA_CP013959/PROKKA_CP013959:Gene	mecI	sccmec_saures_CP013959_l67294:45481-45684	CP013959_SCCmec_00051
PROKKA_CP013959/PROKKA_CP013959:Gene	cadA	sccmec_saures_CP013959_l67294:c54437-52023	CP013959_SCCmec_00059
PROKKA_CP013959/PROKKA_CP013959:Gene	cadC	sccmec_saures_CP013959_l67294:c54795-54430	CP013959_SCCmec_00060
PROKKA_CP013959/PROKKA_CP013959:Gene	CP013959_SCCmec_00063	sccmec_saures_CP013959_l67294:c57775-57452	CP013959_SCCmec_00063
PROKKA_CP013959/PROKKA_CP013959:Gene	CP013959_SCCmec_00064	sccmec_saures_CP013959_l67294:c57974-57768	CP013959_SCCmec_00064
PROKKA_CP013959/PROKKA_CP013959:Gene	CP013959_SCCmec_00071	sccmec_saures_CP013959_l67294:c65073-63286	CP013959_SCCmec_00071
PROKKA_CP013959/PROKKA_CP013959:Gene	CP013959_SCCmec_00072	sccmec_saures_CP013959_l67294:c65360-65073	CP013959_SCCmec_00072

DiscRep_ALL:OVERLAPPING_CDS::2 coding regions overlap another coding region with a similar or identical name.
DiscRep_SUB:OVERLAPPING_CDS::2 coding regions overlap another coding region with a similar or identical name that do not have the appropriate note text
PROKKA_CP013959/PROKKA_CP013959:CDS	Tyrosine recombinase XerC	sccmec_saures_CP013959_l67294:11462-12547	CP013959_SCCmec_00016
PROKKA_CP013959/PROKKA_CP013959:CDS	Tyrosine recombinase XerC	sccmec_saures_CP013959_l67294:12544-14436	CP013959_SCCmec_00017

DiscRep_ALL:DISC_QUALITY_SCORES::Quality scores are missing on all sequences.

DiscRep_ALL:ONCALLER_COMMENT_PRESENT::1 comment descriptors were found (all same)
PROKKA_CP013959/PROKKA_CP013959:sccmec_saures_CP013959_l67294:Annotated using prokka 1.12 from https://github.com/tseemann/prokka

DiscRep_ALL:SHORT_PROT_SEQUENCES::1 protein sequences are shorter than 50 aa.
PROKKA_CP013959/PROKKA_CP013959:sccmec_saures_CP013959_l67294_42 (length 33)

DiscRep_ALL:MISSING_GENOMEASSEMBLY_COMMENTS::1 bioseqs are missing GenomeAssembly structured comments
PROKKA_CP013959/PROKKA_CP013959:sccmec_saures_CP013959_l67294 (length 67294)

DiscRep_ALL:MOLTYPE_NOT_MRNA::1 molecule types are not set as mRNA.
PROKKA_CP013959/PROKKA_CP013959:sccmec_saures_CP013959_l67294 (length 67294)

DiscRep_ALL:TECHNIQUE_NOT_TSA::1 technique are not set as TSA
PROKKA_CP013959/PROKKA_CP013959:sccmec_saures_CP013959_l67294 (length 67294)

DiscRep_ALL:MISSING_STRUCTURED_COMMENT::1 sequences do not include structured comments.
PROKKA_CP013959/PROKKA_CP013959:sccmec_saures_CP013959_l67294 (length 67294)

DiscRep_ALL:MISSING_PROJECT::75 sequences do not include project.
PROKKA_CP013959/PROKKA_CP013959:sccmec_saures_CP013959_l67294 (length 67294)
PROKKA_CP013959/PROKKA_CP013959:sccmec_saures_CP013959_l67294_1 (length 159)
PROKKA_CP013959/PROKKA_CP013959:sccmec_saures_CP013959_l67294_2 (length 51)
PROKKA_CP013959/PROKKA_CP013959:sccmec_saures_CP013959_l67294_3 (length 101)
PROKKA_CP013959/PROKKA_CP013959:sccmec_saures_CP013959_l67294_4 (length 287)
PROKKA_CP013959/PROKKA_CP013959:sccmec_saures_CP013959_l67294_5 (length 240)
PROKKA_CP013959/PROKKA_CP013959:sccmec_saures_CP013959_l67294_6 (length 240)
PROKKA_CP013959/PROKKA_CP013959:sccmec_saures_CP013959_l67294_7 (length 366)
PROKKA_CP013959/PROKKA_CP013959:sccmec_saures_CP013959_l67294_8 (length 123)
PROKKA_CP013959/PROKKA_CP013959:sccmec_saures_CP013959_l67294_9 (length 547)
PROKKA_CP013959/PROKKA_CP013959:sccmec_saures_CP013959_l67294_10 (length 561)
PROKKA_CP013959/PROKKA_CP013959:sccmec_saures_CP013959_l67294_11 (length 161)
PROKKA_CP013959/PROKKA_CP013959:sccmec_saures_CP013959_l67294_12 (length 124)
PROKKA_CP013959/PROKKA_CP013959:sccmec_saures_CP013959_l67294_13 (length 108)
PROKKA_CP013959/PROKKA_CP013959:sccmec_saures_CP013959_l67294_14 (length 168)
PROKKA_CP013959/PROKKA_CP013959:sccmec_saures_CP013959_l67294_15 (length 105)
PROKKA_CP013959/PROKKA_CP013959:sccmec_saures_CP013959_l67294_16 (length 361)
PROKKA_CP013959/PROKKA_CP013959:sccmec_saures_CP013959_l67294_17 (length 630)
PROKKA_CP013959/PROKKA_CP013959:sccmec_saures_CP013959_l67294_18 (length 125)
PROKKA_CP013959/PROKKA_CP013959:sccmec_saures_CP013959_l67294_19 (length 260)
PROKKA_CP013959/PROKKA_CP013959:sccmec_saures_CP013959_l67294_20 (length 243)
PROKKA_CP013959/PROKKA_CP013959:sccmec_saures_CP013959_l67294_21 (length 220)
PROKKA_CP013959/PROKKA_CP013959:sccmec_saures_CP013959_l67294_22 (length 290)
PROKKA_CP013959/PROKKA_CP013959:sccmec_saures_CP013959_l67294_23 (length 102)
PROKKA_CP013959/PROKKA_CP013959:sccmec_saures_CP013959_l67294_24 (length 162)
PROKKA_CP013959/PROKKA_CP013959:sccmec_saures_CP013959_l67294_25 (length 175)
PROKKA_CP013959/PROKKA_CP013959:sccmec_saures_CP013959_l67294_26 (length 138)
PROKKA_CP013959/PROKKA_CP013959:sccmec_saures_CP013959_l67294_27 (length 73)
PROKKA_CP013959/PROKKA_CP013959:sccmec_saures_CP013959_l67294_28 (length 188)
PROKKA_CP013959/PROKKA_CP013959:sccmec_saures_CP013959_l67294_29 (length 729)
PROKKA_CP013959/PROKKA_CP013959:sccmec_saures_CP013959_l67294_30 (length 224)
PROKKA_CP013959/PROKKA_CP013959:sccmec_saures_CP013959_l67294_31 (length 453)
PROKKA_CP013959/PROKKA_CP013959:sccmec_saures_CP013959_l67294_32 (length 135)
PROKKA_CP013959/PROKKA_CP013959:sccmec_saures_CP013959_l67294_33 (length 161)
PROKKA_CP013959/PROKKA_CP013959:sccmec_saures_CP013959_l67294_34 (length 226)
PROKKA_CP013959/PROKKA_CP013959:sccmec_saures_CP013959_l67294_35 (length 128)
PROKKA_CP013959/PROKKA_CP013959:sccmec_saures_CP013959_l67294_36 (length 547)
PROKKA_CP013959/PROKKA_CP013959:sccmec_saures_CP013959_l67294_37 (length 216)
PROKKA_CP013959/PROKKA_CP013959:sccmec_saures_CP013959_l67294_38 (length 182)
PROKKA_CP013959/PROKKA_CP013959:sccmec_saures_CP013959_l67294_39 (length 224)
PROKKA_CP013959/PROKKA_CP013959:sccmec_saures_CP013959_l67294_40 (length 429)
PROKKA_CP013959/PROKKA_CP013959:sccmec_saures_CP013959_l67294_41 (length 413)
PROKKA_CP013959/PROKKA_CP013959:sccmec_saures_CP013959_l67294_42 (length 33)
PROKKA_CP013959/PROKKA_CP013959:sccmec_saures_CP013959_l67294_43 (length 267)
PROKKA_CP013959/PROKKA_CP013959:sccmec_saures_CP013959_l67294_44 (length 224)
PROKKA_CP013959/PROKKA_CP013959:sccmec_saures_CP013959_l67294_45 (length 55)
PROKKA_CP013959/PROKKA_CP013959:sccmec_saures_CP013959_l67294_46 (length 69)
PROKKA_CP013959/PROKKA_CP013959:sccmec_saures_CP013959_l67294_47 (length 247)
PROKKA_CP013959/PROKKA_CP013959:sccmec_saures_CP013959_l67294_48 (length 142)
PROKKA_CP013959/PROKKA_CP013959:sccmec_saures_CP013959_l67294_49 (length 668)
PROKKA_CP013959/PROKKA_CP013959:sccmec_saures_CP013959_l67294_50 (length 551)
PROKKA_CP013959/PROKKA_CP013959:sccmec_saures_CP013959_l67294_51 (length 67)
PROKKA_CP013959/PROKKA_CP013959:sccmec_saures_CP013959_l67294_52 (length 382)
PROKKA_CP013959/PROKKA_CP013959:sccmec_saures_CP013959_l67294_53 (length 101)
PROKKA_CP013959/PROKKA_CP013959:sccmec_saures_CP013959_l67294_54 (length 312)
PROKKA_CP013959/PROKKA_CP013959:sccmec_saures_CP013959_l67294_55 (length 354)
PROKKA_CP013959/PROKKA_CP013959:sccmec_saures_CP013959_l67294_56 (length 86)
PROKKA_CP013959/PROKKA_CP013959:sccmec_saures_CP013959_l67294_57 (length 209)
PROKKA_CP013959/PROKKA_CP013959:sccmec_saures_CP013959_l67294_58 (length 228)
PROKKA_CP013959/PROKKA_CP013959:sccmec_saures_CP013959_l67294_59 (length 804)
PROKKA_CP013959/PROKKA_CP013959:sccmec_saures_CP013959_l67294_60 (length 121)
PROKKA_CP013959/PROKKA_CP013959:sccmec_saures_CP013959_l67294_61 (length 125)
PROKKA_CP013959/PROKKA_CP013959:sccmec_saures_CP013959_l67294_62 (length 630)
PROKKA_CP013959/PROKKA_CP013959:sccmec_saures_CP013959_l67294_63 (length 107)
PROKKA_CP013959/PROKKA_CP013959:sccmec_saures_CP013959_l67294_64 (length 68)
PROKKA_CP013959/PROKKA_CP013959:sccmec_saures_CP013959_l67294_65 (length 173)
PROKKA_CP013959/PROKKA_CP013959:sccmec_saures_CP013959_l67294_66 (length 131)
PROKKA_CP013959/PROKKA_CP013959:sccmec_saures_CP013959_l67294_67 (length 116)
PROKKA_CP013959/PROKKA_CP013959:sccmec_saures_CP013959_l67294_68 (length 542)
PROKKA_CP013959/PROKKA_CP013959:sccmec_saures_CP013959_l67294_69 (length 448)
PROKKA_CP013959/PROKKA_CP013959:sccmec_saures_CP013959_l67294_70 (length 112)
PROKKA_CP013959/PROKKA_CP013959:sccmec_saures_CP013959_l67294_71 (length 595)
PROKKA_CP013959/PROKKA_CP013959:sccmec_saures_CP013959_l67294_72 (length 95)
PROKKA_CP013959/PROKKA_CP013959:sccmec_saures_CP013959_l67294_73 (length 349)
PROKKA_CP013959/PROKKA_CP013959:sccmec_saures_CP013959_l67294_74 (length 190)

DiscRep_ALL:DISC_INCONSISTENT_MOLINFO_TECH::Molinfo Technique Report (some missing, all same)
DiscRep_SUB:DISC_INCONSISTENT_MOLINFO_TECH::technique (all missing)
DiscRep_SUB:DISC_INCONSISTENT_MOLINFO_TECH::1 Molinfos are missing field technique
PROKKA_CP013959/PROKKA_CP013959:sccmec_saures_CP013959_l67294 (length 67294)

