Discrepancy Report Results

Summary
FATAL: BAD_LOCUS_TAG_FORMAT:68 locus tags are incorrectly formatted.
FATAL: MISSING_PROTEIN_ID:68 proteins have invalid IDs.
DISC_SOURCE_QUALS_ASNDISC:strain (all present, all unique)
DISC_SOURCE_QUALS_ASNDISC:taxname (all present, all unique)
DISC_FEATURE_COUNT:gene: 68 present
DISC_FEATURE_COUNT:CDS: 68 present
DISC_FEATURE_COUNT:mRNA: 68 present
DISC_COUNT_NUCLEOTIDES:1 nucleotide Bioseqs are present
OVERLAPPING_GENES:12 genes overlap another gene on the same strand.
DISC_QUALITY_SCORES:Quality scores are missing on all sequences.
ONCALLER_COMMENT_PRESENT:1 comment descriptors were found (all same)
MISSING_GENOMEASSEMBLY_COMMENTS:1 bioseqs are missing GenomeAssembly structured comments
MOLTYPE_NOT_MRNA:1 molecule types are not set as mRNA.
TECHNIQUE_NOT_TSA:1 technique are not set as TSA
MISSING_STRUCTURED_COMMENT:1 sequences do not include structured comments.
MISSING_PROJECT:69 sequences do not include project.
DISC_INCONSISTENT_MOLINFO_TECH:Molinfo Technique Report (some missing, all same)


Detailed Report

FATAL: DiscRep_ALL:BAD_LOCUS_TAG_FORMAT::68 locus tags are incorrectly formatted.
PROKKA_CP012015/PROKKA_CP012015:Gene	rlmH	sccmec_saures_CP012015_l60783:1-480	CP012015_SCCmec_00001
PROKKA_CP012015/PROKKA_CP012015:Gene	CP012015_SCCmec_00002	sccmec_saures_CP012015_l60783:522-677	CP012015_SCCmec_00002
PROKKA_CP012015/PROKKA_CP012015:Gene	CP012015_SCCmec_00003	sccmec_saures_CP012015_l60783:726-1031	CP012015_SCCmec_00003
PROKKA_CP012015/PROKKA_CP012015:Gene	CP012015_SCCmec_00004	sccmec_saures_CP012015_l60783:1229-2092	CP012015_SCCmec_00004
PROKKA_CP012015/PROKKA_CP012015:Gene	CP012015_SCCmec_00005	sccmec_saures_CP012015_l60783:2176-3675	CP012015_SCCmec_00005
PROKKA_CP012015/PROKKA_CP012015:Gene	CP012015_SCCmec_00006	sccmec_saures_CP012015_l60783:3825-5000	CP012015_SCCmec_00006
PROKKA_CP012015/PROKKA_CP012015:Gene	CP012015_SCCmec_00007	sccmec_saures_CP012015_l60783:4993-5364	CP012015_SCCmec_00007
PROKKA_CP012015/PROKKA_CP012015:Gene	CP012015_SCCmec_00008	sccmec_saures_CP012015_l60783:5361-7004	CP012015_SCCmec_00008
PROKKA_CP012015/PROKKA_CP012015:Gene	hin_1	sccmec_saures_CP012015_l60783:7229-8908	CP012015_SCCmec_00009
PROKKA_CP012015/PROKKA_CP012015:Gene	CP012015_SCCmec_00010	sccmec_saures_CP012015_l60783:8961-9335	CP012015_SCCmec_00010
PROKKA_CP012015/PROKKA_CP012015:Gene	CP012015_SCCmec_00011	sccmec_saures_CP012015_l60783:9414-9740	CP012015_SCCmec_00011
PROKKA_CP012015/PROKKA_CP012015:Gene	CP012015_SCCmec_00012	sccmec_saures_CP012015_l60783:9756-10262	CP012015_SCCmec_00012
PROKKA_CP012015/PROKKA_CP012015:Gene	CP012015_SCCmec_00013	sccmec_saures_CP012015_l60783:10283-10600	CP012015_SCCmec_00013
PROKKA_CP012015/PROKKA_CP012015:Gene	xerC_1	sccmec_saures_CP012015_l60783:10719-11804	CP012015_SCCmec_00014
PROKKA_CP012015/PROKKA_CP012015:Gene	CP012015_SCCmec_00015	sccmec_saures_CP012015_l60783:11801-12898	CP012015_SCCmec_00015
PROKKA_CP012015/PROKKA_CP012015:Gene	CP012015_SCCmec_00016	sccmec_saures_CP012015_l60783:12858-13067	CP012015_SCCmec_00016
PROKKA_CP012015/PROKKA_CP012015:Gene	xerC_2	sccmec_saures_CP012015_l60783:13159-13695	CP012015_SCCmec_00017
PROKKA_CP012015/PROKKA_CP012015:Gene	CP012015_SCCmec_00018	sccmec_saures_CP012015_l60783:13702-14088	CP012015_SCCmec_00018
PROKKA_CP012015/PROKKA_CP012015:Gene	ant1_1	sccmec_saures_CP012015_l60783:14232-14531	CP012015_SCCmec_00019
PROKKA_CP012015/PROKKA_CP012015:Gene	ant1_2	sccmec_saures_CP012015_l60783:14622-15014	CP012015_SCCmec_00020
PROKKA_CP012015/PROKKA_CP012015:Gene	ermA1	sccmec_saures_CP012015_l60783:c15871-15140	CP012015_SCCmec_00021
PROKKA_CP012015/PROKKA_CP012015:Gene	ycgJ	sccmec_saures_CP012015_l60783:16406-16927	CP012015_SCCmec_00022
PROKKA_CP012015/PROKKA_CP012015:Gene	CP012015_SCCmec_00023	sccmec_saures_CP012015_l60783:17618-18490	CP012015_SCCmec_00023
PROKKA_CP012015/PROKKA_CP012015:Gene	CP012015_SCCmec_00024	sccmec_saures_CP012015_l60783:18529-18837	CP012015_SCCmec_00024
PROKKA_CP012015/PROKKA_CP012015:Gene	CP012015_SCCmec_00025	sccmec_saures_CP012015_l60783:18853-19341	CP012015_SCCmec_00025
PROKKA_CP012015/PROKKA_CP012015:Gene	CP012015_SCCmec_00026	sccmec_saures_CP012015_l60783:19476-20003	CP012015_SCCmec_00026
PROKKA_CP012015/PROKKA_CP012015:Gene	CP012015_SCCmec_00027	sccmec_saures_CP012015_l60783:20065-20481	CP012015_SCCmec_00027
PROKKA_CP012015/PROKKA_CP012015:Gene	CP012015_SCCmec_00028	sccmec_saures_CP012015_l60783:20948-21169	CP012015_SCCmec_00028
PROKKA_CP012015/PROKKA_CP012015:Gene	CP012015_SCCmec_00029	sccmec_saures_CP012015_l60783:21305-21883	CP012015_SCCmec_00029
PROKKA_CP012015/PROKKA_CP012015:Gene	hsdR	sccmec_saures_CP012015_l60783:c24152-21963	CP012015_SCCmec_00030
PROKKA_CP012015/PROKKA_CP012015:Gene	CP012015_SCCmec_00031	sccmec_saures_CP012015_l60783:c24912-24238	CP012015_SCCmec_00031
PROKKA_CP012015/PROKKA_CP012015:Gene	garB	sccmec_saures_CP012015_l60783:25180-26541	CP012015_SCCmec_00032
PROKKA_CP012015/PROKKA_CP012015:Gene	merR1	sccmec_saures_CP012015_l60783:26841-27248	CP012015_SCCmec_00033
PROKKA_CP012015/PROKKA_CP012015:Gene	CP012015_SCCmec_00034	sccmec_saures_CP012015_l60783:27265-28296	CP012015_SCCmec_00034
PROKKA_CP012015/PROKKA_CP012015:Gene	CP012015_SCCmec_00035	sccmec_saures_CP012015_l60783:28434-28811	CP012015_SCCmec_00035
PROKKA_CP012015/PROKKA_CP012015:Gene	merA	sccmec_saures_CP012015_l60783:28826-30469	CP012015_SCCmec_00036
PROKKA_CP012015/PROKKA_CP012015:Gene	merB	sccmec_saures_CP012015_l60783:30551-31201	CP012015_SCCmec_00037
PROKKA_CP012015/PROKKA_CP012015:Gene	CP012015_SCCmec_00038	sccmec_saures_CP012015_l60783:c31887-31396	CP012015_SCCmec_00038
PROKKA_CP012015/PROKKA_CP012015:Gene	CP012015_SCCmec_00039	sccmec_saures_CP012015_l60783:c32635-31961	CP012015_SCCmec_00039
PROKKA_CP012015/PROKKA_CP012015:Gene	CP012015_SCCmec_00040	sccmec_saures_CP012015_l60783:32893-33060	CP012015_SCCmec_00040
PROKKA_CP012015/PROKKA_CP012015:Gene	CP012015_SCCmec_00041	sccmec_saures_CP012015_l60783:33158-33388	CP012015_SCCmec_00041
PROKKA_CP012015/PROKKA_CP012015:Gene	ugpQ	sccmec_saures_CP012015_l60783:33977-34720	CP012015_SCCmec_00042
PROKKA_CP012015/PROKKA_CP012015:Gene	paaZ	sccmec_saures_CP012015_l60783:34817-35245	CP012015_SCCmec_00043
PROKKA_CP012015/PROKKA_CP012015:Gene	pbp	sccmec_saures_CP012015_l60783:c37297-35291	CP012015_SCCmec_00044
PROKKA_CP012015/PROKKA_CP012015:Gene	mecR1	sccmec_saures_CP012015_l60783:37499-39154	CP012015_SCCmec_00045
PROKKA_CP012015/PROKKA_CP012015:Gene	mecI	sccmec_saures_CP012015_l60783:39154-39357	CP012015_SCCmec_00046
PROKKA_CP012015/PROKKA_CP012015:Gene	nagC	sccmec_saures_CP012015_l60783:39997-41145	CP012015_SCCmec_00047
PROKKA_CP012015/PROKKA_CP012015:Gene	pspE_1	sccmec_saures_CP012015_l60783:c41564-41259	CP012015_SCCmec_00048
PROKKA_CP012015/PROKKA_CP012015:Gene	gloC	sccmec_saures_CP012015_l60783:c42593-41655	CP012015_SCCmec_00049
PROKKA_CP012015/PROKKA_CP012015:Gene	pspE_2	sccmec_saures_CP012015_l60783:c43689-42625	CP012015_SCCmec_00050
PROKKA_CP012015/PROKKA_CP012015:Gene	csoR	sccmec_saures_CP012015_l60783:43825-44085	CP012015_SCCmec_00051
PROKKA_CP012015/PROKKA_CP012015:Gene	CP012015_SCCmec_00052	sccmec_saures_CP012015_l60783:44100-44729	CP012015_SCCmec_00052
PROKKA_CP012015/PROKKA_CP012015:Gene	CP012015_SCCmec_00053	sccmec_saures_CP012015_l60783:c45683-44997	CP012015_SCCmec_00053
PROKKA_CP012015/PROKKA_CP012015:Gene	cadA	sccmec_saures_CP012015_l60783:c47875-45695	CP012015_SCCmec_00054
PROKKA_CP012015/PROKKA_CP012015:Gene	cadC	sccmec_saures_CP012015_l60783:c48233-47868	CP012015_SCCmec_00055
PROKKA_CP012015/PROKKA_CP012015:Gene	CP012015_SCCmec_00056	sccmec_saures_CP012015_l60783:c48848-48471	CP012015_SCCmec_00056
PROKKA_CP012015/PROKKA_CP012015:Gene	xerD	sccmec_saures_CP012015_l60783:c50747-48855	CP012015_SCCmec_00057
PROKKA_CP012015/PROKKA_CP012015:Gene	CP012015_SCCmec_00058	sccmec_saures_CP012015_l60783:c51265-50942	CP012015_SCCmec_00058
PROKKA_CP012015/PROKKA_CP012015:Gene	CP012015_SCCmec_00059	sccmec_saures_CP012015_l60783:c51986-51465	CP012015_SCCmec_00059
PROKKA_CP012015/PROKKA_CP012015:Gene	CP012015_SCCmec_00060	sccmec_saures_CP012015_l60783:c52400-52005	CP012015_SCCmec_00060
PROKKA_CP012015/PROKKA_CP012015:Gene	CP012015_SCCmec_00061	sccmec_saures_CP012015_l60783:c52751-52401	CP012015_SCCmec_00061
PROKKA_CP012015/PROKKA_CP012015:Gene	hin_2	sccmec_saures_CP012015_l60783:c54850-53222	CP012015_SCCmec_00062
PROKKA_CP012015/PROKKA_CP012015:Gene	tnpR	sccmec_saures_CP012015_l60783:c56217-54871	CP012015_SCCmec_00063
PROKKA_CP012015/PROKKA_CP012015:Gene	CP012015_SCCmec_00064	sccmec_saures_CP012015_l60783:c56748-56410	CP012015_SCCmec_00064
PROKKA_CP012015/PROKKA_CP012015:Gene	CP012015_SCCmec_00065	sccmec_saures_CP012015_l60783:c58562-56775	CP012015_SCCmec_00065
PROKKA_CP012015/PROKKA_CP012015:Gene	CP012015_SCCmec_00066	sccmec_saures_CP012015_l60783:c58849-58562	CP012015_SCCmec_00066
PROKKA_CP012015/PROKKA_CP012015:Gene	CP012015_SCCmec_00067	sccmec_saures_CP012015_l60783:58983-60032	CP012015_SCCmec_00067
PROKKA_CP012015/PROKKA_CP012015:Gene	CP012015_SCCmec_00068	sccmec_saures_CP012015_l60783:60085-60657	CP012015_SCCmec_00068

FATAL: DiscRep_ALL:MISSING_PROTEIN_ID::68 proteins have invalid IDs.
PROKKA_CP012015/PROKKA_CP012015:sccmec_saures_CP012015_l60783_1 (length 159)
PROKKA_CP012015/PROKKA_CP012015:sccmec_saures_CP012015_l60783_2 (length 51)
PROKKA_CP012015/PROKKA_CP012015:sccmec_saures_CP012015_l60783_3 (length 101)
PROKKA_CP012015/PROKKA_CP012015:sccmec_saures_CP012015_l60783_4 (length 287)
PROKKA_CP012015/PROKKA_CP012015:sccmec_saures_CP012015_l60783_5 (length 499)
PROKKA_CP012015/PROKKA_CP012015:sccmec_saures_CP012015_l60783_6 (length 391)
PROKKA_CP012015/PROKKA_CP012015:sccmec_saures_CP012015_l60783_7 (length 123)
PROKKA_CP012015/PROKKA_CP012015:sccmec_saures_CP012015_l60783_8 (length 547)
PROKKA_CP012015/PROKKA_CP012015:sccmec_saures_CP012015_l60783_9 (length 559)
PROKKA_CP012015/PROKKA_CP012015:sccmec_saures_CP012015_l60783_10 (length 124)
PROKKA_CP012015/PROKKA_CP012015:sccmec_saures_CP012015_l60783_11 (length 108)
PROKKA_CP012015/PROKKA_CP012015:sccmec_saures_CP012015_l60783_12 (length 168)
PROKKA_CP012015/PROKKA_CP012015:sccmec_saures_CP012015_l60783_13 (length 105)
PROKKA_CP012015/PROKKA_CP012015:sccmec_saures_CP012015_l60783_14 (length 361)
PROKKA_CP012015/PROKKA_CP012015:sccmec_saures_CP012015_l60783_15 (length 365)
PROKKA_CP012015/PROKKA_CP012015:sccmec_saures_CP012015_l60783_16 (length 69)
PROKKA_CP012015/PROKKA_CP012015:sccmec_saures_CP012015_l60783_17 (length 178)
PROKKA_CP012015/PROKKA_CP012015:sccmec_saures_CP012015_l60783_18 (length 128)
PROKKA_CP012015/PROKKA_CP012015:sccmec_saures_CP012015_l60783_19 (length 99)
PROKKA_CP012015/PROKKA_CP012015:sccmec_saures_CP012015_l60783_20 (length 130)
PROKKA_CP012015/PROKKA_CP012015:sccmec_saures_CP012015_l60783_21 (length 243)
PROKKA_CP012015/PROKKA_CP012015:sccmec_saures_CP012015_l60783_22 (length 173)
PROKKA_CP012015/PROKKA_CP012015:sccmec_saures_CP012015_l60783_23 (length 290)
PROKKA_CP012015/PROKKA_CP012015:sccmec_saures_CP012015_l60783_24 (length 102)
PROKKA_CP012015/PROKKA_CP012015:sccmec_saures_CP012015_l60783_25 (length 162)
PROKKA_CP012015/PROKKA_CP012015:sccmec_saures_CP012015_l60783_26 (length 175)
PROKKA_CP012015/PROKKA_CP012015:sccmec_saures_CP012015_l60783_27 (length 138)
PROKKA_CP012015/PROKKA_CP012015:sccmec_saures_CP012015_l60783_28 (length 73)
PROKKA_CP012015/PROKKA_CP012015:sccmec_saures_CP012015_l60783_29 (length 192)
PROKKA_CP012015/PROKKA_CP012015:sccmec_saures_CP012015_l60783_30 (length 729)
PROKKA_CP012015/PROKKA_CP012015:sccmec_saures_CP012015_l60783_31 (length 224)
PROKKA_CP012015/PROKKA_CP012015:sccmec_saures_CP012015_l60783_32 (length 453)
PROKKA_CP012015/PROKKA_CP012015:sccmec_saures_CP012015_l60783_33 (length 135)
PROKKA_CP012015/PROKKA_CP012015:sccmec_saures_CP012015_l60783_34 (length 343)
PROKKA_CP012015/PROKKA_CP012015:sccmec_saures_CP012015_l60783_35 (length 125)
PROKKA_CP012015/PROKKA_CP012015:sccmec_saures_CP012015_l60783_36 (length 547)
PROKKA_CP012015/PROKKA_CP012015:sccmec_saures_CP012015_l60783_37 (length 216)
PROKKA_CP012015/PROKKA_CP012015:sccmec_saures_CP012015_l60783_38 (length 163)
PROKKA_CP012015/PROKKA_CP012015:sccmec_saures_CP012015_l60783_39 (length 224)
PROKKA_CP012015/PROKKA_CP012015:sccmec_saures_CP012015_l60783_40 (length 55)
PROKKA_CP012015/PROKKA_CP012015:sccmec_saures_CP012015_l60783_41 (length 76)
PROKKA_CP012015/PROKKA_CP012015:sccmec_saures_CP012015_l60783_42 (length 247)
PROKKA_CP012015/PROKKA_CP012015:sccmec_saures_CP012015_l60783_43 (length 142)
PROKKA_CP012015/PROKKA_CP012015:sccmec_saures_CP012015_l60783_44 (length 668)
PROKKA_CP012015/PROKKA_CP012015:sccmec_saures_CP012015_l60783_45 (length 551)
PROKKA_CP012015/PROKKA_CP012015:sccmec_saures_CP012015_l60783_46 (length 67)
PROKKA_CP012015/PROKKA_CP012015:sccmec_saures_CP012015_l60783_47 (length 382)
PROKKA_CP012015/PROKKA_CP012015:sccmec_saures_CP012015_l60783_48 (length 101)
PROKKA_CP012015/PROKKA_CP012015:sccmec_saures_CP012015_l60783_49 (length 312)
PROKKA_CP012015/PROKKA_CP012015:sccmec_saures_CP012015_l60783_50 (length 354)
PROKKA_CP012015/PROKKA_CP012015:sccmec_saures_CP012015_l60783_51 (length 86)
PROKKA_CP012015/PROKKA_CP012015:sccmec_saures_CP012015_l60783_52 (length 209)
PROKKA_CP012015/PROKKA_CP012015:sccmec_saures_CP012015_l60783_53 (length 228)
PROKKA_CP012015/PROKKA_CP012015:sccmec_saures_CP012015_l60783_54 (length 726)
PROKKA_CP012015/PROKKA_CP012015:sccmec_saures_CP012015_l60783_55 (length 121)
PROKKA_CP012015/PROKKA_CP012015:sccmec_saures_CP012015_l60783_56 (length 125)
PROKKA_CP012015/PROKKA_CP012015:sccmec_saures_CP012015_l60783_57 (length 630)
PROKKA_CP012015/PROKKA_CP012015:sccmec_saures_CP012015_l60783_58 (length 107)
PROKKA_CP012015/PROKKA_CP012015:sccmec_saures_CP012015_l60783_59 (length 173)
PROKKA_CP012015/PROKKA_CP012015:sccmec_saures_CP012015_l60783_60 (length 131)
PROKKA_CP012015/PROKKA_CP012015:sccmec_saures_CP012015_l60783_61 (length 116)
PROKKA_CP012015/PROKKA_CP012015:sccmec_saures_CP012015_l60783_62 (length 542)
PROKKA_CP012015/PROKKA_CP012015:sccmec_saures_CP012015_l60783_63 (length 448)
PROKKA_CP012015/PROKKA_CP012015:sccmec_saures_CP012015_l60783_64 (length 112)
PROKKA_CP012015/PROKKA_CP012015:sccmec_saures_CP012015_l60783_65 (length 595)
PROKKA_CP012015/PROKKA_CP012015:sccmec_saures_CP012015_l60783_66 (length 95)
PROKKA_CP012015/PROKKA_CP012015:sccmec_saures_CP012015_l60783_67 (length 349)
PROKKA_CP012015/PROKKA_CP012015:sccmec_saures_CP012015_l60783_68 (length 190)

DiscRep_ALL:DISC_SOURCE_QUALS_ASNDISC::strain (all present, all unique)
DiscRep_SUB:DISC_SOURCE_QUALS_ASNDISC::1 sources have unique values for strain
DiscRep_ALL:DISC_SOURCE_QUALS_ASNDISC::taxname (all present, all unique)
DiscRep_SUB:DISC_SOURCE_QUALS_ASNDISC::1 sources have unique values for taxname
DiscRep_ALL:DISC_FEATURE_COUNT::gene: 68 present
DiscRep_ALL:DISC_FEATURE_COUNT::CDS: 68 present
DiscRep_ALL:DISC_FEATURE_COUNT::mRNA: 68 present
DiscRep_ALL:DISC_COUNT_NUCLEOTIDES::1 nucleotide Bioseqs are present
PROKKA_CP012015/PROKKA_CP012015:sccmec_saures_CP012015_l60783 (length 60783)

DiscRep_ALL:OVERLAPPING_GENES::12 genes overlap another gene on the same strand.
PROKKA_CP012015/PROKKA_CP012015:Gene	CP012015_SCCmec_00006	sccmec_saures_CP012015_l60783:3825-5000	CP012015_SCCmec_00006
PROKKA_CP012015/PROKKA_CP012015:Gene	CP012015_SCCmec_00007	sccmec_saures_CP012015_l60783:4993-5364	CP012015_SCCmec_00007
PROKKA_CP012015/PROKKA_CP012015:Gene	CP012015_SCCmec_00008	sccmec_saures_CP012015_l60783:5361-7004	CP012015_SCCmec_00008
PROKKA_CP012015/PROKKA_CP012015:Gene	xerC_1	sccmec_saures_CP012015_l60783:10719-11804	CP012015_SCCmec_00014
PROKKA_CP012015/PROKKA_CP012015:Gene	CP012015_SCCmec_00015	sccmec_saures_CP012015_l60783:11801-12898	CP012015_SCCmec_00015
PROKKA_CP012015/PROKKA_CP012015:Gene	CP012015_SCCmec_00016	sccmec_saures_CP012015_l60783:12858-13067	CP012015_SCCmec_00016
PROKKA_CP012015/PROKKA_CP012015:Gene	mecR1	sccmec_saures_CP012015_l60783:37499-39154	CP012015_SCCmec_00045
PROKKA_CP012015/PROKKA_CP012015:Gene	mecI	sccmec_saures_CP012015_l60783:39154-39357	CP012015_SCCmec_00046
PROKKA_CP012015/PROKKA_CP012015:Gene	cadA	sccmec_saures_CP012015_l60783:c47875-45695	CP012015_SCCmec_00054
PROKKA_CP012015/PROKKA_CP012015:Gene	cadC	sccmec_saures_CP012015_l60783:c48233-47868	CP012015_SCCmec_00055
PROKKA_CP012015/PROKKA_CP012015:Gene	CP012015_SCCmec_00065	sccmec_saures_CP012015_l60783:c58562-56775	CP012015_SCCmec_00065
PROKKA_CP012015/PROKKA_CP012015:Gene	CP012015_SCCmec_00066	sccmec_saures_CP012015_l60783:c58849-58562	CP012015_SCCmec_00066

DiscRep_ALL:DISC_QUALITY_SCORES::Quality scores are missing on all sequences.

DiscRep_ALL:ONCALLER_COMMENT_PRESENT::1 comment descriptors were found (all same)
PROKKA_CP012015/PROKKA_CP012015:sccmec_saures_CP012015_l60783:Annotated using prokka 1.12 from https://github.com/tseemann/prokka

DiscRep_ALL:MISSING_GENOMEASSEMBLY_COMMENTS::1 bioseqs are missing GenomeAssembly structured comments
PROKKA_CP012015/PROKKA_CP012015:sccmec_saures_CP012015_l60783 (length 60783)

DiscRep_ALL:MOLTYPE_NOT_MRNA::1 molecule types are not set as mRNA.
PROKKA_CP012015/PROKKA_CP012015:sccmec_saures_CP012015_l60783 (length 60783)

DiscRep_ALL:TECHNIQUE_NOT_TSA::1 technique are not set as TSA
PROKKA_CP012015/PROKKA_CP012015:sccmec_saures_CP012015_l60783 (length 60783)

DiscRep_ALL:MISSING_STRUCTURED_COMMENT::1 sequences do not include structured comments.
PROKKA_CP012015/PROKKA_CP012015:sccmec_saures_CP012015_l60783 (length 60783)

DiscRep_ALL:MISSING_PROJECT::69 sequences do not include project.
PROKKA_CP012015/PROKKA_CP012015:sccmec_saures_CP012015_l60783 (length 60783)
PROKKA_CP012015/PROKKA_CP012015:sccmec_saures_CP012015_l60783_1 (length 159)
PROKKA_CP012015/PROKKA_CP012015:sccmec_saures_CP012015_l60783_2 (length 51)
PROKKA_CP012015/PROKKA_CP012015:sccmec_saures_CP012015_l60783_3 (length 101)
PROKKA_CP012015/PROKKA_CP012015:sccmec_saures_CP012015_l60783_4 (length 287)
PROKKA_CP012015/PROKKA_CP012015:sccmec_saures_CP012015_l60783_5 (length 499)
PROKKA_CP012015/PROKKA_CP012015:sccmec_saures_CP012015_l60783_6 (length 391)
PROKKA_CP012015/PROKKA_CP012015:sccmec_saures_CP012015_l60783_7 (length 123)
PROKKA_CP012015/PROKKA_CP012015:sccmec_saures_CP012015_l60783_8 (length 547)
PROKKA_CP012015/PROKKA_CP012015:sccmec_saures_CP012015_l60783_9 (length 559)
PROKKA_CP012015/PROKKA_CP012015:sccmec_saures_CP012015_l60783_10 (length 124)
PROKKA_CP012015/PROKKA_CP012015:sccmec_saures_CP012015_l60783_11 (length 108)
PROKKA_CP012015/PROKKA_CP012015:sccmec_saures_CP012015_l60783_12 (length 168)
PROKKA_CP012015/PROKKA_CP012015:sccmec_saures_CP012015_l60783_13 (length 105)
PROKKA_CP012015/PROKKA_CP012015:sccmec_saures_CP012015_l60783_14 (length 361)
PROKKA_CP012015/PROKKA_CP012015:sccmec_saures_CP012015_l60783_15 (length 365)
PROKKA_CP012015/PROKKA_CP012015:sccmec_saures_CP012015_l60783_16 (length 69)
PROKKA_CP012015/PROKKA_CP012015:sccmec_saures_CP012015_l60783_17 (length 178)
PROKKA_CP012015/PROKKA_CP012015:sccmec_saures_CP012015_l60783_18 (length 128)
PROKKA_CP012015/PROKKA_CP012015:sccmec_saures_CP012015_l60783_19 (length 99)
PROKKA_CP012015/PROKKA_CP012015:sccmec_saures_CP012015_l60783_20 (length 130)
PROKKA_CP012015/PROKKA_CP012015:sccmec_saures_CP012015_l60783_21 (length 243)
PROKKA_CP012015/PROKKA_CP012015:sccmec_saures_CP012015_l60783_22 (length 173)
PROKKA_CP012015/PROKKA_CP012015:sccmec_saures_CP012015_l60783_23 (length 290)
PROKKA_CP012015/PROKKA_CP012015:sccmec_saures_CP012015_l60783_24 (length 102)
PROKKA_CP012015/PROKKA_CP012015:sccmec_saures_CP012015_l60783_25 (length 162)
PROKKA_CP012015/PROKKA_CP012015:sccmec_saures_CP012015_l60783_26 (length 175)
PROKKA_CP012015/PROKKA_CP012015:sccmec_saures_CP012015_l60783_27 (length 138)
PROKKA_CP012015/PROKKA_CP012015:sccmec_saures_CP012015_l60783_28 (length 73)
PROKKA_CP012015/PROKKA_CP012015:sccmec_saures_CP012015_l60783_29 (length 192)
PROKKA_CP012015/PROKKA_CP012015:sccmec_saures_CP012015_l60783_30 (length 729)
PROKKA_CP012015/PROKKA_CP012015:sccmec_saures_CP012015_l60783_31 (length 224)
PROKKA_CP012015/PROKKA_CP012015:sccmec_saures_CP012015_l60783_32 (length 453)
PROKKA_CP012015/PROKKA_CP012015:sccmec_saures_CP012015_l60783_33 (length 135)
PROKKA_CP012015/PROKKA_CP012015:sccmec_saures_CP012015_l60783_34 (length 343)
PROKKA_CP012015/PROKKA_CP012015:sccmec_saures_CP012015_l60783_35 (length 125)
PROKKA_CP012015/PROKKA_CP012015:sccmec_saures_CP012015_l60783_36 (length 547)
PROKKA_CP012015/PROKKA_CP012015:sccmec_saures_CP012015_l60783_37 (length 216)
PROKKA_CP012015/PROKKA_CP012015:sccmec_saures_CP012015_l60783_38 (length 163)
PROKKA_CP012015/PROKKA_CP012015:sccmec_saures_CP012015_l60783_39 (length 224)
PROKKA_CP012015/PROKKA_CP012015:sccmec_saures_CP012015_l60783_40 (length 55)
PROKKA_CP012015/PROKKA_CP012015:sccmec_saures_CP012015_l60783_41 (length 76)
PROKKA_CP012015/PROKKA_CP012015:sccmec_saures_CP012015_l60783_42 (length 247)
PROKKA_CP012015/PROKKA_CP012015:sccmec_saures_CP012015_l60783_43 (length 142)
PROKKA_CP012015/PROKKA_CP012015:sccmec_saures_CP012015_l60783_44 (length 668)
PROKKA_CP012015/PROKKA_CP012015:sccmec_saures_CP012015_l60783_45 (length 551)
PROKKA_CP012015/PROKKA_CP012015:sccmec_saures_CP012015_l60783_46 (length 67)
PROKKA_CP012015/PROKKA_CP012015:sccmec_saures_CP012015_l60783_47 (length 382)
PROKKA_CP012015/PROKKA_CP012015:sccmec_saures_CP012015_l60783_48 (length 101)
PROKKA_CP012015/PROKKA_CP012015:sccmec_saures_CP012015_l60783_49 (length 312)
PROKKA_CP012015/PROKKA_CP012015:sccmec_saures_CP012015_l60783_50 (length 354)
PROKKA_CP012015/PROKKA_CP012015:sccmec_saures_CP012015_l60783_51 (length 86)
PROKKA_CP012015/PROKKA_CP012015:sccmec_saures_CP012015_l60783_52 (length 209)
PROKKA_CP012015/PROKKA_CP012015:sccmec_saures_CP012015_l60783_53 (length 228)
PROKKA_CP012015/PROKKA_CP012015:sccmec_saures_CP012015_l60783_54 (length 726)
PROKKA_CP012015/PROKKA_CP012015:sccmec_saures_CP012015_l60783_55 (length 121)
PROKKA_CP012015/PROKKA_CP012015:sccmec_saures_CP012015_l60783_56 (length 125)
PROKKA_CP012015/PROKKA_CP012015:sccmec_saures_CP012015_l60783_57 (length 630)
PROKKA_CP012015/PROKKA_CP012015:sccmec_saures_CP012015_l60783_58 (length 107)
PROKKA_CP012015/PROKKA_CP012015:sccmec_saures_CP012015_l60783_59 (length 173)
PROKKA_CP012015/PROKKA_CP012015:sccmec_saures_CP012015_l60783_60 (length 131)
PROKKA_CP012015/PROKKA_CP012015:sccmec_saures_CP012015_l60783_61 (length 116)
PROKKA_CP012015/PROKKA_CP012015:sccmec_saures_CP012015_l60783_62 (length 542)
PROKKA_CP012015/PROKKA_CP012015:sccmec_saures_CP012015_l60783_63 (length 448)
PROKKA_CP012015/PROKKA_CP012015:sccmec_saures_CP012015_l60783_64 (length 112)
PROKKA_CP012015/PROKKA_CP012015:sccmec_saures_CP012015_l60783_65 (length 595)
PROKKA_CP012015/PROKKA_CP012015:sccmec_saures_CP012015_l60783_66 (length 95)
PROKKA_CP012015/PROKKA_CP012015:sccmec_saures_CP012015_l60783_67 (length 349)
PROKKA_CP012015/PROKKA_CP012015:sccmec_saures_CP012015_l60783_68 (length 190)

DiscRep_ALL:DISC_INCONSISTENT_MOLINFO_TECH::Molinfo Technique Report (some missing, all same)
DiscRep_SUB:DISC_INCONSISTENT_MOLINFO_TECH::technique (all missing)
DiscRep_SUB:DISC_INCONSISTENT_MOLINFO_TECH::1 Molinfos are missing field technique
PROKKA_CP012015/PROKKA_CP012015:sccmec_saures_CP012015_l60783 (length 60783)

