[17:13:52] This is prokka 1.12
[17:13:52] Written by Torsten Seemann <torsten.seemann@gmail.com>
[17:13:52] Homepage is https://github.com/tseemann/prokka
[17:13:52] Local time is Mon May 15 17:13:52 2017
[17:13:52] You are fsepulveda
[17:13:52] Operating system is linux
[17:13:52] You have BioPerl 1.006924
[17:13:52] System has 4 cores.
[17:13:52] Option --cpu asked for 8 cores, but system only has 4
[17:13:52] Will use maximum of 4 cores.
[17:13:52] Annotating as >>> Bacteria <<<
[17:13:52] Creating new output folder: PROKKA_NZ_CP007676
[17:13:52] Running: mkdir -p PROKKA_NZ_CP007676
[17:13:52] Using filename prefix: PROKKA_NZ_CP007676.XXX
[17:13:52] Setting HMMER_NCPU=1
[17:13:52] Writing log to: PROKKA_NZ_CP007676/PROKKA_NZ_CP007676.log
[17:13:52] Command: /home/fsepulveda/Desktop/tesis/sccmec_classification/prokka-1.12/bin/prokka --genus Staphylococcus --prefix PROKKA_NZ_CP007676 --addgenes --addmrna --locustag NZ_CP007676_SCCmec /home/fsepulveda/Documents/parte2/229_sccmec/sccmec_NZ_CP007676.fasta
[17:13:52] Appending to PATH: /home/fsepulveda/Desktop/tesis/sccmec_classification/prokka-1.12/bin/../binaries/linux
[17:13:52] Appending to PATH: /home/fsepulveda/Desktop/tesis/sccmec_classification/prokka-1.12/bin/../binaries/linux/../common
[17:13:52] Appending to PATH: /home/fsepulveda/Desktop/tesis/sccmec_classification/prokka-1.12/bin
[17:13:52] Looking for 'aragorn' - found /home/fsepulveda/Desktop/tesis/sccmec_classification/prokka-1.12/bin/../binaries/linux/aragorn
[17:13:52] Determined aragorn version is 1.2
[17:13:52] Looking for 'blastp' - found /usr/bin/blastp
[17:13:52] Determined blastp version is 2.2
[17:13:52] Looking for 'cmpress' - found /usr/bin/cmpress
[17:13:52] Determined cmpress version is 1.1
[17:13:52] Looking for 'cmscan' - found /usr/bin/cmscan
[17:13:52] Determined cmscan version is 1.1
[17:13:52] Looking for 'egrep' - found /bin/egrep
[17:13:52] Looking for 'find' - found /usr/bin/find
[17:13:52] Looking for 'grep' - found /bin/grep
[17:13:52] Looking for 'hmmpress' - found /usr/bin/hmmpress
[17:13:52] Determined hmmpress version is 3.1
[17:13:52] Looking for 'hmmscan' - found /usr/bin/hmmscan
[17:13:52] Determined hmmscan version is 3.1
[17:13:52] Looking for 'java' - found /usr/bin/java
[17:13:52] Looking for 'less' - found /usr/bin/less
[17:13:52] Looking for 'makeblastdb' - found /usr/bin/makeblastdb
[17:13:52] Determined makeblastdb version is 2.2
[17:13:52] Looking for 'minced' - found /home/fsepulveda/Desktop/tesis/sccmec_classification/prokka-1.12/bin/../binaries/linux/../common/minced
[17:13:52] Determined minced version is 2.0
[17:13:52] Looking for 'parallel' - found /home/fsepulveda/Desktop/tesis/sccmec_classification/prokka-1.12/bin/../binaries/linux/../common/parallel
[17:13:52] Determined parallel version is 20150122
[17:13:52] Looking for 'prodigal' - found /home/fsepulveda/Desktop/tesis/sccmec_classification/prokka-1.12/bin/../binaries/linux/prodigal
[17:13:52] Determined prodigal version is 2.6
[17:13:52] Looking for 'prokka-genbank_to_fasta_db' - found /home/fsepulveda/Desktop/tesis/sccmec_classification/prokka-1.12/bin/prokka-genbank_to_fasta_db
[17:13:52] Looking for 'sed' - found /bin/sed
[17:13:52] Looking for 'tbl2asn' - found /home/fsepulveda/Desktop/tesis/sccmec_classification/prokka-1.12/bin/../binaries/linux/tbl2asn
[17:13:52] Determined tbl2asn version is 25.3
[17:13:52] Using genetic code table 11.
[17:13:52] Loading and checking input file: /home/fsepulveda/Documents/parte2/229_sccmec/sccmec_NZ_CP007676.fasta
[17:13:52] Wrote 1 contigs totalling 21727 bp.
[17:13:52] Predicting tRNAs and tmRNAs
[17:13:52] Running: aragorn -l -gc11  -w PROKKA_NZ_CP007676\/PROKKA_NZ_CP007676\.fna
[17:13:52] Found 0 tRNAs
[17:13:52] Predicting Ribosomal RNAs
[17:13:52] You need either Barrnap or RNAmmer installed to predict rRNAs!
[17:13:52] Skipping ncRNA search, enable with --rfam if desired.
[17:13:52] Total of 0 tRNA + rRNA features
[17:13:52] Searching for CRISPR repeats
[17:13:52] Found 0 CRISPRs
[17:13:52] Predicting coding sequences
[17:13:52] Contigs total 21727 bp, so using meta mode
[17:13:52] Running: prodigal -i PROKKA_NZ_CP007676\/PROKKA_NZ_CP007676\.fna -c -m -g 11 -p meta -f sco -q
[17:13:53] Found 22 CDS
[17:13:53] Connecting features back to sequences
[17:13:53] Not using genus-specific database. Try --usegenus to enable it.
[17:13:53] Annotating CDS, please be patient.
[17:13:53] Will use 4 CPUs for similarity searching.
[17:13:53] There are still 22 unannotated CDS left (started with 22)
[17:13:53] Will use blast to search against /home/fsepulveda/Desktop/tesis/sccmec_classification/prokka-1.12/bin/../db/kingdom/Bacteria/sprot with 4 CPUs
[17:13:53] Running: cat PROKKA_NZ_CP007676\/sprot\.faa | parallel --gnu --plain -j 4 --block 757 --recstart '>' --pipe blastp -query - -db /home/fsepulveda/Desktop/tesis/sccmec_classification/prokka-1.12/bin/../db/kingdom/Bacteria/sprot -evalue 1e-06 -num_threads 1 -num_descriptions 1 -num_alignments 1 -seg no > PROKKA_NZ_CP007676\/sprot\.blast 2> /dev/null
[17:13:54] Deleting unwanted file: PROKKA_NZ_CP007676/sprot.faa
[17:13:54] Deleting unwanted file: PROKKA_NZ_CP007676/sprot.blast
[17:13:54] There are still 15 unannotated CDS left (started with 22)
[17:13:54] Will use hmmer3 to search against /home/fsepulveda/Desktop/tesis/sccmec_classification/prokka-1.12/bin/../db/hmm/HAMAP.hmm with 4 CPUs
[17:13:54] Running: cat PROKKA_NZ_CP007676\/HAMAP\.hmm\.faa | parallel --gnu --plain -j 4 --block 439 --recstart '>' --pipe hmmscan --noali --notextw --acc -E 1e-06 --cpu 1 /home/fsepulveda/Desktop/tesis/sccmec_classification/prokka-1.12/bin/../db/hmm/HAMAP.hmm /dev/stdin > PROKKA_NZ_CP007676\/HAMAP\.hmm\.hmmer3 2> /dev/null
[17:13:54] Deleting unwanted file: PROKKA_NZ_CP007676/HAMAP.hmm.faa
[17:13:54] Deleting unwanted file: PROKKA_NZ_CP007676/HAMAP.hmm.hmmer3
[17:13:54] Labelling remaining 15 proteins as 'hypothetical protein'
[17:13:54] Possible /pseudo 'DNA-invertase hin' at sccmec_saures_NZ_CP007676_l21727 position 14281
[17:13:54] Found 6 unique /gene codes.
[17:13:54] Fixed 2 duplicate /gene - hin_1 hin_2
[17:13:54] Fixed 1 colliding /gene names.
[17:13:54] Adding /locus_tag identifiers
[17:13:54] Assigned 22 locus_tags to CDS and RNA features.
[17:13:54] Writing outputs to PROKKA_NZ_CP007676/
[17:13:54] Generating annotation statistics file
[17:13:54] Generating Genbank and Sequin files
[17:13:54] Running: tbl2asn -V b -a r10k -l paired-ends -M n -N 1 -y 'Annotated using prokka 1.12 from https://github.com/tseemann/prokka' -Z PROKKA_NZ_CP007676\/PROKKA_NZ_CP007676\.err -i PROKKA_NZ_CP007676\/PROKKA_NZ_CP007676\.fsa 2> /dev/null
[17:13:54] Deleting unwanted file: PROKKA_NZ_CP007676/errorsummary.val
[17:13:54] Deleting unwanted file: PROKKA_NZ_CP007676/PROKKA_NZ_CP007676.dr
[17:13:54] Deleting unwanted file: PROKKA_NZ_CP007676/PROKKA_NZ_CP007676.fixedproducts
[17:13:54] Deleting unwanted file: PROKKA_NZ_CP007676/PROKKA_NZ_CP007676.ecn
[17:13:54] Deleting unwanted file: PROKKA_NZ_CP007676/PROKKA_NZ_CP007676.val
[17:13:54] Repairing broken .GBK output that tbl2asn produces...
[17:13:54] Running: sed 's/COORDINATES: profile/COORDINATES:profile/' < PROKKA_NZ_CP007676\/PROKKA_NZ_CP007676\.gbf > PROKKA_NZ_CP007676\/PROKKA_NZ_CP007676\.gbk
[17:13:54] Deleting unwanted file: PROKKA_NZ_CP007676/PROKKA_NZ_CP007676.gbf
[17:13:54] Output files:
[17:13:54] PROKKA_NZ_CP007676/PROKKA_NZ_CP007676.fna
[17:13:54] PROKKA_NZ_CP007676/PROKKA_NZ_CP007676.txt
[17:13:54] PROKKA_NZ_CP007676/PROKKA_NZ_CP007676.err
[17:13:54] PROKKA_NZ_CP007676/PROKKA_NZ_CP007676.gff
[17:13:54] PROKKA_NZ_CP007676/PROKKA_NZ_CP007676.faa
[17:13:54] PROKKA_NZ_CP007676/PROKKA_NZ_CP007676.fsa
[17:13:54] PROKKA_NZ_CP007676/PROKKA_NZ_CP007676.gbk
[17:13:54] PROKKA_NZ_CP007676/PROKKA_NZ_CP007676.ffn
[17:13:54] PROKKA_NZ_CP007676/PROKKA_NZ_CP007676.tbl
[17:13:54] PROKKA_NZ_CP007676/PROKKA_NZ_CP007676.sqn
[17:13:54] PROKKA_NZ_CP007676/PROKKA_NZ_CP007676.tsv
[17:13:54] PROKKA_NZ_CP007676/PROKKA_NZ_CP007676.log
[17:13:54] Annotation finished successfully.
[17:13:54] Walltime used: 0.03 minutes
[17:13:54] If you use this result please cite the Prokka paper:
[17:13:54] Seemann T (2014) Prokka: rapid prokaryotic genome annotation. Bioinformatics. 30(14):2068-9.
[17:13:54] Type 'prokka --citation' for more details.
[17:13:54] Thank you, come again.
