Discrepancy Report Results

Summary
FATAL: BAD_LOCUS_TAG_FORMAT:28 locus tags are incorrectly formatted.
FATAL: MISSING_PROTEIN_ID:28 proteins have invalid IDs.
DISC_SOURCE_QUALS_ASNDISC:strain (all present, all unique)
DISC_SOURCE_QUALS_ASNDISC:taxname (all present, all unique)
DISC_FEATURE_COUNT:gene: 28 present
DISC_FEATURE_COUNT:CDS: 28 present
DISC_FEATURE_COUNT:mRNA: 28 present
DISC_COUNT_NUCLEOTIDES:1 nucleotide Bioseqs are present
OVERLAPPING_GENES:8 genes overlap another gene on the same strand.
OVERLAPPING_CDS:2 coding regions overlap another coding region with a similar or identical name.
DISC_QUALITY_SCORES:Quality scores are missing on all sequences.
ONCALLER_COMMENT_PRESENT:1 comment descriptors were found (all same)
MISSING_GENOMEASSEMBLY_COMMENTS:1 bioseqs are missing GenomeAssembly structured comments
MOLTYPE_NOT_MRNA:1 molecule types are not set as mRNA.
TECHNIQUE_NOT_TSA:1 technique are not set as TSA
MISSING_STRUCTURED_COMMENT:1 sequences do not include structured comments.
MISSING_PROJECT:29 sequences do not include project.
DISC_INCONSISTENT_MOLINFO_TECH:Molinfo Technique Report (some missing, all same)


Detailed Report

FATAL: DiscRep_ALL:BAD_LOCUS_TAG_FORMAT::28 locus tags are incorrectly formatted.
PROKKA_HE579069/PROKKA_HE579069:Gene	rlmH	sccmec_saures_HE579069_l29292:1-480	HE579069_SCCmec_00001
PROKKA_HE579069/PROKKA_HE579069:Gene	HE579069_SCCmec_00002	sccmec_saures_HE579069_l29292:763-2058	HE579069_SCCmec_00002
PROKKA_HE579069/PROKKA_HE579069:Gene	HE579069_SCCmec_00003	sccmec_saures_HE579069_l29292:2724-2891	HE579069_SCCmec_00003
PROKKA_HE579069/PROKKA_HE579069:Gene	HE579069_SCCmec_00004	sccmec_saures_HE579069_l29292:2989-3219	HE579069_SCCmec_00004
PROKKA_HE579069/PROKKA_HE579069:Gene	ugpQ	sccmec_saures_HE579069_l29292:3648-4391	HE579069_SCCmec_00005
PROKKA_HE579069/PROKKA_HE579069:Gene	paaZ	sccmec_saures_HE579069_l29292:4488-4916	HE579069_SCCmec_00006
PROKKA_HE579069/PROKKA_HE579069:Gene	pbp	sccmec_saures_HE579069_l29292:c6968-4962	HE579069_SCCmec_00007
PROKKA_HE579069/PROKKA_HE579069:Gene	mecR1	sccmec_saures_HE579069_l29292:7170-8054	HE579069_SCCmec_00008
PROKKA_HE579069/PROKKA_HE579069:Gene	HE579069_SCCmec_00009	sccmec_saures_HE579069_l29292:8014-8286	HE579069_SCCmec_00009
PROKKA_HE579069/PROKKA_HE579069:Gene	HE579069_SCCmec_00010	sccmec_saures_HE579069_l29292:c9797-8277	HE579069_SCCmec_00010
PROKKA_HE579069/PROKKA_HE579069:Gene	HE579069_SCCmec_00011	sccmec_saures_HE579069_l29292:c10445-9936	HE579069_SCCmec_00011
PROKKA_HE579069/PROKKA_HE579069:Gene	HE579069_SCCmec_00012	sccmec_saures_HE579069_l29292:c10768-10457	HE579069_SCCmec_00012
PROKKA_HE579069/PROKKA_HE579069:Gene	HE579069_SCCmec_00013	sccmec_saures_HE579069_l29292:c11205-10855	HE579069_SCCmec_00013
PROKKA_HE579069/PROKKA_HE579069:Gene	HE579069_SCCmec_00014	sccmec_saures_HE579069_l29292:c12231-11671	HE579069_SCCmec_00014
PROKKA_HE579069/PROKKA_HE579069:Gene	hin_1	sccmec_saures_HE579069_l29292:c13286-12858	HE579069_SCCmec_00015
PROKKA_HE579069/PROKKA_HE579069:Gene	hin_2	sccmec_saures_HE579069_l29292:c14684-13317	HE579069_SCCmec_00016
PROKKA_HE579069/PROKKA_HE579069:Gene	HE579069_SCCmec_00017	sccmec_saures_HE579069_l29292:c16623-14854	HE579069_SCCmec_00017
PROKKA_HE579069/PROKKA_HE579069:Gene	HE579069_SCCmec_00018	sccmec_saures_HE579069_l29292:c16919-16623	HE579069_SCCmec_00018
PROKKA_HE579069/PROKKA_HE579069:Gene	HE579069_SCCmec_00019	sccmec_saures_HE579069_l29292:17090-18667	HE579069_SCCmec_00019
PROKKA_HE579069/PROKKA_HE579069:Gene	gloC	sccmec_saures_HE579069_l29292:c20075-18747	HE579069_SCCmec_00020
PROKKA_HE579069/PROKKA_HE579069:Gene	glpE	sccmec_saures_HE579069_l29292:c21161-20094	HE579069_SCCmec_00021
PROKKA_HE579069/PROKKA_HE579069:Gene	ricR	sccmec_saures_HE579069_l29292:21318-21560	HE579069_SCCmec_00022
PROKKA_HE579069/PROKKA_HE579069:Gene	HE579069_SCCmec_00023	sccmec_saures_HE579069_l29292:21557-22315	HE579069_SCCmec_00023
PROKKA_HE579069/PROKKA_HE579069:Gene	pls	sccmec_saures_HE579069_l29292:22531-22986	HE579069_SCCmec_00024
PROKKA_HE579069/PROKKA_HE579069:Gene	HE579069_SCCmec_00025	sccmec_saures_HE579069_l29292:23112-24767	HE579069_SCCmec_00025
PROKKA_HE579069/PROKKA_HE579069:Gene	tagE	sccmec_saures_HE579069_l29292:c26438-24927	HE579069_SCCmec_00026
PROKKA_HE579069/PROKKA_HE579069:Gene	murF_1	sccmec_saures_HE579069_l29292:c27499-26462	HE579069_SCCmec_00027
PROKKA_HE579069/PROKKA_HE579069:Gene	murF_2	sccmec_saures_HE579069_l29292:c28514-27462	HE579069_SCCmec_00028

FATAL: DiscRep_ALL:MISSING_PROTEIN_ID::28 proteins have invalid IDs.
PROKKA_HE579069/PROKKA_HE579069:sccmec_saures_HE579069_l29292_1 (length 159)
PROKKA_HE579069/PROKKA_HE579069:sccmec_saures_HE579069_l29292_2 (length 431)
PROKKA_HE579069/PROKKA_HE579069:sccmec_saures_HE579069_l29292_3 (length 55)
PROKKA_HE579069/PROKKA_HE579069:sccmec_saures_HE579069_l29292_4 (length 76)
PROKKA_HE579069/PROKKA_HE579069:sccmec_saures_HE579069_l29292_5 (length 247)
PROKKA_HE579069/PROKKA_HE579069:sccmec_saures_HE579069_l29292_6 (length 142)
PROKKA_HE579069/PROKKA_HE579069:sccmec_saures_HE579069_l29292_7 (length 668)
PROKKA_HE579069/PROKKA_HE579069:sccmec_saures_HE579069_l29292_8 (length 294)
PROKKA_HE579069/PROKKA_HE579069:sccmec_saures_HE579069_l29292_9 (length 90)
PROKKA_HE579069/PROKKA_HE579069:sccmec_saures_HE579069_l29292_10 (length 506)
PROKKA_HE579069/PROKKA_HE579069:sccmec_saures_HE579069_l29292_11 (length 169)
PROKKA_HE579069/PROKKA_HE579069:sccmec_saures_HE579069_l29292_12 (length 103)
PROKKA_HE579069/PROKKA_HE579069:sccmec_saures_HE579069_l29292_13 (length 116)
PROKKA_HE579069/PROKKA_HE579069:sccmec_saures_HE579069_l29292_14 (length 186)
PROKKA_HE579069/PROKKA_HE579069:sccmec_saures_HE579069_l29292_15 (length 142)
PROKKA_HE579069/PROKKA_HE579069:sccmec_saures_HE579069_l29292_16 (length 455)
PROKKA_HE579069/PROKKA_HE579069:sccmec_saures_HE579069_l29292_17 (length 589)
PROKKA_HE579069/PROKKA_HE579069:sccmec_saures_HE579069_l29292_18 (length 98)
PROKKA_HE579069/PROKKA_HE579069:sccmec_saures_HE579069_l29292_19 (length 525)
PROKKA_HE579069/PROKKA_HE579069:sccmec_saures_HE579069_l29292_20 (length 442)
PROKKA_HE579069/PROKKA_HE579069:sccmec_saures_HE579069_l29292_21 (length 355)
PROKKA_HE579069/PROKKA_HE579069:sccmec_saures_HE579069_l29292_22 (length 80)
PROKKA_HE579069/PROKKA_HE579069:sccmec_saures_HE579069_l29292_23 (length 252)
PROKKA_HE579069/PROKKA_HE579069:sccmec_saures_HE579069_l29292_24 (length 151)
PROKKA_HE579069/PROKKA_HE579069:sccmec_saures_HE579069_l29292_25 (length 551)
PROKKA_HE579069/PROKKA_HE579069:sccmec_saures_HE579069_l29292_26 (length 503)
PROKKA_HE579069/PROKKA_HE579069:sccmec_saures_HE579069_l29292_27 (length 345)
PROKKA_HE579069/PROKKA_HE579069:sccmec_saures_HE579069_l29292_28 (length 350)

DiscRep_ALL:DISC_SOURCE_QUALS_ASNDISC::strain (all present, all unique)
DiscRep_SUB:DISC_SOURCE_QUALS_ASNDISC::1 sources have unique values for strain
DiscRep_ALL:DISC_SOURCE_QUALS_ASNDISC::taxname (all present, all unique)
DiscRep_SUB:DISC_SOURCE_QUALS_ASNDISC::1 sources have unique values for taxname
DiscRep_ALL:DISC_FEATURE_COUNT::gene: 28 present
DiscRep_ALL:DISC_FEATURE_COUNT::CDS: 28 present
DiscRep_ALL:DISC_FEATURE_COUNT::mRNA: 28 present
DiscRep_ALL:DISC_COUNT_NUCLEOTIDES::1 nucleotide Bioseqs are present
PROKKA_HE579069/PROKKA_HE579069:sccmec_saures_HE579069_l29292 (length 29292)

DiscRep_ALL:OVERLAPPING_GENES::8 genes overlap another gene on the same strand.
PROKKA_HE579069/PROKKA_HE579069:Gene	mecR1	sccmec_saures_HE579069_l29292:7170-8054	HE579069_SCCmec_00008
PROKKA_HE579069/PROKKA_HE579069:Gene	HE579069_SCCmec_00009	sccmec_saures_HE579069_l29292:8014-8286	HE579069_SCCmec_00009
PROKKA_HE579069/PROKKA_HE579069:Gene	HE579069_SCCmec_00017	sccmec_saures_HE579069_l29292:c16623-14854	HE579069_SCCmec_00017
PROKKA_HE579069/PROKKA_HE579069:Gene	HE579069_SCCmec_00018	sccmec_saures_HE579069_l29292:c16919-16623	HE579069_SCCmec_00018
PROKKA_HE579069/PROKKA_HE579069:Gene	ricR	sccmec_saures_HE579069_l29292:21318-21560	HE579069_SCCmec_00022
PROKKA_HE579069/PROKKA_HE579069:Gene	HE579069_SCCmec_00023	sccmec_saures_HE579069_l29292:21557-22315	HE579069_SCCmec_00023
PROKKA_HE579069/PROKKA_HE579069:Gene	murF_1	sccmec_saures_HE579069_l29292:c27499-26462	HE579069_SCCmec_00027
PROKKA_HE579069/PROKKA_HE579069:Gene	murF_2	sccmec_saures_HE579069_l29292:c28514-27462	HE579069_SCCmec_00028

DiscRep_ALL:OVERLAPPING_CDS::2 coding regions overlap another coding region with a similar or identical name.
DiscRep_SUB:OVERLAPPING_CDS::2 coding regions overlap another coding region with a similar or identical name that do not have the appropriate note text
PROKKA_HE579069/PROKKA_HE579069:CDS	UDP-N-acetylmuramoyl-tripeptide--D-alanyl-D-alanine ligase	sccmec_saures_HE579069_l29292:c27499-26462	HE579069_SCCmec_00027
PROKKA_HE579069/PROKKA_HE579069:CDS	UDP-N-acetylmuramoyl-tripeptide--D-alanyl-D-alanine ligase	sccmec_saures_HE579069_l29292:c28514-27462	HE579069_SCCmec_00028

DiscRep_ALL:DISC_QUALITY_SCORES::Quality scores are missing on all sequences.

DiscRep_ALL:ONCALLER_COMMENT_PRESENT::1 comment descriptors were found (all same)
PROKKA_HE579069/PROKKA_HE579069:sccmec_saures_HE579069_l29292:Annotated using prokka 1.12 from https://github.com/tseemann/prokka

DiscRep_ALL:MISSING_GENOMEASSEMBLY_COMMENTS::1 bioseqs are missing GenomeAssembly structured comments
PROKKA_HE579069/PROKKA_HE579069:sccmec_saures_HE579069_l29292 (length 29292)

DiscRep_ALL:MOLTYPE_NOT_MRNA::1 molecule types are not set as mRNA.
PROKKA_HE579069/PROKKA_HE579069:sccmec_saures_HE579069_l29292 (length 29292)

DiscRep_ALL:TECHNIQUE_NOT_TSA::1 technique are not set as TSA
PROKKA_HE579069/PROKKA_HE579069:sccmec_saures_HE579069_l29292 (length 29292)

DiscRep_ALL:MISSING_STRUCTURED_COMMENT::1 sequences do not include structured comments.
PROKKA_HE579069/PROKKA_HE579069:sccmec_saures_HE579069_l29292 (length 29292)

DiscRep_ALL:MISSING_PROJECT::29 sequences do not include project.
PROKKA_HE579069/PROKKA_HE579069:sccmec_saures_HE579069_l29292 (length 29292)
PROKKA_HE579069/PROKKA_HE579069:sccmec_saures_HE579069_l29292_1 (length 159)
PROKKA_HE579069/PROKKA_HE579069:sccmec_saures_HE579069_l29292_2 (length 431)
PROKKA_HE579069/PROKKA_HE579069:sccmec_saures_HE579069_l29292_3 (length 55)
PROKKA_HE579069/PROKKA_HE579069:sccmec_saures_HE579069_l29292_4 (length 76)
PROKKA_HE579069/PROKKA_HE579069:sccmec_saures_HE579069_l29292_5 (length 247)
PROKKA_HE579069/PROKKA_HE579069:sccmec_saures_HE579069_l29292_6 (length 142)
PROKKA_HE579069/PROKKA_HE579069:sccmec_saures_HE579069_l29292_7 (length 668)
PROKKA_HE579069/PROKKA_HE579069:sccmec_saures_HE579069_l29292_8 (length 294)
PROKKA_HE579069/PROKKA_HE579069:sccmec_saures_HE579069_l29292_9 (length 90)
PROKKA_HE579069/PROKKA_HE579069:sccmec_saures_HE579069_l29292_10 (length 506)
PROKKA_HE579069/PROKKA_HE579069:sccmec_saures_HE579069_l29292_11 (length 169)
PROKKA_HE579069/PROKKA_HE579069:sccmec_saures_HE579069_l29292_12 (length 103)
PROKKA_HE579069/PROKKA_HE579069:sccmec_saures_HE579069_l29292_13 (length 116)
PROKKA_HE579069/PROKKA_HE579069:sccmec_saures_HE579069_l29292_14 (length 186)
PROKKA_HE579069/PROKKA_HE579069:sccmec_saures_HE579069_l29292_15 (length 142)
PROKKA_HE579069/PROKKA_HE579069:sccmec_saures_HE579069_l29292_16 (length 455)
PROKKA_HE579069/PROKKA_HE579069:sccmec_saures_HE579069_l29292_17 (length 589)
PROKKA_HE579069/PROKKA_HE579069:sccmec_saures_HE579069_l29292_18 (length 98)
PROKKA_HE579069/PROKKA_HE579069:sccmec_saures_HE579069_l29292_19 (length 525)
PROKKA_HE579069/PROKKA_HE579069:sccmec_saures_HE579069_l29292_20 (length 442)
PROKKA_HE579069/PROKKA_HE579069:sccmec_saures_HE579069_l29292_21 (length 355)
PROKKA_HE579069/PROKKA_HE579069:sccmec_saures_HE579069_l29292_22 (length 80)
PROKKA_HE579069/PROKKA_HE579069:sccmec_saures_HE579069_l29292_23 (length 252)
PROKKA_HE579069/PROKKA_HE579069:sccmec_saures_HE579069_l29292_24 (length 151)
PROKKA_HE579069/PROKKA_HE579069:sccmec_saures_HE579069_l29292_25 (length 551)
PROKKA_HE579069/PROKKA_HE579069:sccmec_saures_HE579069_l29292_26 (length 503)
PROKKA_HE579069/PROKKA_HE579069:sccmec_saures_HE579069_l29292_27 (length 345)
PROKKA_HE579069/PROKKA_HE579069:sccmec_saures_HE579069_l29292_28 (length 350)

DiscRep_ALL:DISC_INCONSISTENT_MOLINFO_TECH::Molinfo Technique Report (some missing, all same)
DiscRep_SUB:DISC_INCONSISTENT_MOLINFO_TECH::technique (all missing)
DiscRep_SUB:DISC_INCONSISTENT_MOLINFO_TECH::1 Molinfos are missing field technique
PROKKA_HE579069/PROKKA_HE579069:sccmec_saures_HE579069_l29292 (length 29292)

