[17:06:07] This is prokka 1.12
[17:06:07] Written by Torsten Seemann <torsten.seemann@gmail.com>
[17:06:07] Homepage is https://github.com/tseemann/prokka
[17:06:07] Local time is Mon May 15 17:06:07 2017
[17:06:07] You are fsepulveda
[17:06:07] Operating system is linux
[17:06:07] You have BioPerl 1.006924
[17:06:07] System has 4 cores.
[17:06:07] Option --cpu asked for 8 cores, but system only has 4
[17:06:07] Will use maximum of 4 cores.
[17:06:07] Annotating as >>> Bacteria <<<
[17:06:07] Creating new output folder: PROKKA_CP007539
[17:06:07] Running: mkdir -p PROKKA_CP007539
[17:06:07] Using filename prefix: PROKKA_CP007539.XXX
[17:06:07] Setting HMMER_NCPU=1
[17:06:07] Writing log to: PROKKA_CP007539/PROKKA_CP007539.log
[17:06:07] Command: /home/fsepulveda/Desktop/tesis/sccmec_classification/prokka-1.12/bin/prokka --genus Staphylococcus --prefix PROKKA_CP007539 --addgenes --addmrna --locustag CP007539_SCCmec /home/fsepulveda/Documents/parte2/229_sccmec/sccmec_CP007539.fasta
[17:06:07] Appending to PATH: /home/fsepulveda/Desktop/tesis/sccmec_classification/prokka-1.12/bin/../binaries/linux
[17:06:07] Appending to PATH: /home/fsepulveda/Desktop/tesis/sccmec_classification/prokka-1.12/bin/../binaries/linux/../common
[17:06:07] Appending to PATH: /home/fsepulveda/Desktop/tesis/sccmec_classification/prokka-1.12/bin
[17:06:07] Looking for 'aragorn' - found /home/fsepulveda/Desktop/tesis/sccmec_classification/prokka-1.12/bin/../binaries/linux/aragorn
[17:06:07] Determined aragorn version is 1.2
[17:06:07] Looking for 'blastp' - found /usr/bin/blastp
[17:06:07] Determined blastp version is 2.2
[17:06:07] Looking for 'cmpress' - found /usr/bin/cmpress
[17:06:07] Determined cmpress version is 1.1
[17:06:07] Looking for 'cmscan' - found /usr/bin/cmscan
[17:06:07] Determined cmscan version is 1.1
[17:06:07] Looking for 'egrep' - found /bin/egrep
[17:06:07] Looking for 'find' - found /usr/bin/find
[17:06:07] Looking for 'grep' - found /bin/grep
[17:06:07] Looking for 'hmmpress' - found /usr/bin/hmmpress
[17:06:07] Determined hmmpress version is 3.1
[17:06:07] Looking for 'hmmscan' - found /usr/bin/hmmscan
[17:06:07] Determined hmmscan version is 3.1
[17:06:07] Looking for 'java' - found /usr/bin/java
[17:06:07] Looking for 'less' - found /usr/bin/less
[17:06:07] Looking for 'makeblastdb' - found /usr/bin/makeblastdb
[17:06:07] Determined makeblastdb version is 2.2
[17:06:07] Looking for 'minced' - found /home/fsepulveda/Desktop/tesis/sccmec_classification/prokka-1.12/bin/../binaries/linux/../common/minced
[17:06:07] Determined minced version is 2.0
[17:06:07] Looking for 'parallel' - found /home/fsepulveda/Desktop/tesis/sccmec_classification/prokka-1.12/bin/../binaries/linux/../common/parallel
[17:06:07] Determined parallel version is 20150122
[17:06:07] Looking for 'prodigal' - found /home/fsepulveda/Desktop/tesis/sccmec_classification/prokka-1.12/bin/../binaries/linux/prodigal
[17:06:07] Determined prodigal version is 2.6
[17:06:07] Looking for 'prokka-genbank_to_fasta_db' - found /home/fsepulveda/Desktop/tesis/sccmec_classification/prokka-1.12/bin/prokka-genbank_to_fasta_db
[17:06:07] Looking for 'sed' - found /bin/sed
[17:06:07] Looking for 'tbl2asn' - found /home/fsepulveda/Desktop/tesis/sccmec_classification/prokka-1.12/bin/../binaries/linux/tbl2asn
[17:06:07] Determined tbl2asn version is 25.3
[17:06:07] Using genetic code table 11.
[17:06:07] Loading and checking input file: /home/fsepulveda/Documents/parte2/229_sccmec/sccmec_CP007539.fasta
[17:06:07] Wrote 1 contigs totalling 34409 bp.
[17:06:07] Predicting tRNAs and tmRNAs
[17:06:07] Running: aragorn -l -gc11  -w PROKKA_CP007539\/PROKKA_CP007539\.fna
[17:06:07] Found 0 tRNAs
[17:06:07] Predicting Ribosomal RNAs
[17:06:07] You need either Barrnap or RNAmmer installed to predict rRNAs!
[17:06:07] Skipping ncRNA search, enable with --rfam if desired.
[17:06:07] Total of 0 tRNA + rRNA features
[17:06:07] Searching for CRISPR repeats
[17:06:08] Found 0 CRISPRs
[17:06:08] Predicting coding sequences
[17:06:08] Contigs total 34409 bp, so using meta mode
[17:06:08] Running: prodigal -i PROKKA_CP007539\/PROKKA_CP007539\.fna -c -m -g 11 -p meta -f sco -q
[17:06:08] Found 31 CDS
[17:06:08] Connecting features back to sequences
[17:06:08] Not using genus-specific database. Try --usegenus to enable it.
[17:06:08] Annotating CDS, please be patient.
[17:06:08] Will use 4 CPUs for similarity searching.
[17:06:08] There are still 31 unannotated CDS left (started with 31)
[17:06:08] Will use blast to search against /home/fsepulveda/Desktop/tesis/sccmec_classification/prokka-1.12/bin/../db/kingdom/Bacteria/sprot with 4 CPUs
[17:06:08] Running: cat PROKKA_CP007539\/sprot\.faa | parallel --gnu --plain -j 4 --block 1248 --recstart '>' --pipe blastp -query - -db /home/fsepulveda/Desktop/tesis/sccmec_classification/prokka-1.12/bin/../db/kingdom/Bacteria/sprot -evalue 1e-06 -num_threads 1 -num_descriptions 1 -num_alignments 1 -seg no > PROKKA_CP007539\/sprot\.blast 2> /dev/null
[17:06:10] Deleting unwanted file: PROKKA_CP007539/sprot.faa
[17:06:10] Deleting unwanted file: PROKKA_CP007539/sprot.blast
[17:06:10] There are still 17 unannotated CDS left (started with 31)
[17:06:10] Will use hmmer3 to search against /home/fsepulveda/Desktop/tesis/sccmec_classification/prokka-1.12/bin/../db/hmm/HAMAP.hmm with 4 CPUs
[17:06:10] Running: cat PROKKA_CP007539\/HAMAP\.hmm\.faa | parallel --gnu --plain -j 4 --block 535 --recstart '>' --pipe hmmscan --noali --notextw --acc -E 1e-06 --cpu 1 /home/fsepulveda/Desktop/tesis/sccmec_classification/prokka-1.12/bin/../db/hmm/HAMAP.hmm /dev/stdin > PROKKA_CP007539\/HAMAP\.hmm\.hmmer3 2> /dev/null
[17:06:10] Deleting unwanted file: PROKKA_CP007539/HAMAP.hmm.faa
[17:06:10] Deleting unwanted file: PROKKA_CP007539/HAMAP.hmm.hmmer3
[17:06:10] Labelling remaining 16 proteins as 'hypothetical protein'
[17:06:10] Possible /pseudo 'Beta-lactam-inducible penicillin-binding protein' at sccmec_saures_CP007539_l34409 position 7653
[17:06:10] Possible /pseudo 'UDP-N-acetylmuramoyl-tripeptide--D-alanyl-D-alanine ligase' at sccmec_saures_CP007539_l34409 position 32579
[17:06:10] Found 13 unique /gene codes.
[17:06:10] Fixed 2 duplicate /gene - pbp_1 pbp_2
[17:06:10] Fixed 2 duplicate /gene - murF_1 murF_2
[17:06:10] Fixed 2 colliding /gene names.
[17:06:10] Adding /locus_tag identifiers
[17:06:10] Assigned 31 locus_tags to CDS and RNA features.
[17:06:10] Writing outputs to PROKKA_CP007539/
[17:06:10] Generating annotation statistics file
[17:06:10] Generating Genbank and Sequin files
[17:06:10] Running: tbl2asn -V b -a r10k -l paired-ends -M n -N 1 -y 'Annotated using prokka 1.12 from https://github.com/tseemann/prokka' -Z PROKKA_CP007539\/PROKKA_CP007539\.err -i PROKKA_CP007539\/PROKKA_CP007539\.fsa 2> /dev/null
[17:06:10] Deleting unwanted file: PROKKA_CP007539/errorsummary.val
[17:06:10] Deleting unwanted file: PROKKA_CP007539/PROKKA_CP007539.dr
[17:06:10] Deleting unwanted file: PROKKA_CP007539/PROKKA_CP007539.fixedproducts
[17:06:10] Deleting unwanted file: PROKKA_CP007539/PROKKA_CP007539.ecn
[17:06:10] Deleting unwanted file: PROKKA_CP007539/PROKKA_CP007539.val
[17:06:10] Repairing broken .GBK output that tbl2asn produces...
[17:06:10] Running: sed 's/COORDINATES: profile/COORDINATES:profile/' < PROKKA_CP007539\/PROKKA_CP007539\.gbf > PROKKA_CP007539\/PROKKA_CP007539\.gbk
[17:06:10] Deleting unwanted file: PROKKA_CP007539/PROKKA_CP007539.gbf
[17:06:10] Output files:
[17:06:10] PROKKA_CP007539/PROKKA_CP007539.fsa
[17:06:10] PROKKA_CP007539/PROKKA_CP007539.gbk
[17:06:10] PROKKA_CP007539/PROKKA_CP007539.fna
[17:06:10] PROKKA_CP007539/PROKKA_CP007539.tbl
[17:06:10] PROKKA_CP007539/PROKKA_CP007539.log
[17:06:10] PROKKA_CP007539/PROKKA_CP007539.tsv
[17:06:10] PROKKA_CP007539/PROKKA_CP007539.txt
[17:06:10] PROKKA_CP007539/PROKKA_CP007539.gff
[17:06:10] PROKKA_CP007539/PROKKA_CP007539.ffn
[17:06:10] PROKKA_CP007539/PROKKA_CP007539.err
[17:06:10] PROKKA_CP007539/PROKKA_CP007539.sqn
[17:06:10] PROKKA_CP007539/PROKKA_CP007539.faa
[17:06:10] Annotation finished successfully.
[17:06:10] Walltime used: 0.05 minutes
[17:06:10] If you use this result please cite the Prokka paper:
[17:06:10] Seemann T (2014) Prokka: rapid prokaryotic genome annotation. Bioinformatics. 30(14):2068-9.
[17:06:10] Type 'prokka --citation' for more details.
[17:06:10] Share and enjoy!
