[17:07:35] This is prokka 1.12
[17:07:35] Written by Torsten Seemann <torsten.seemann@gmail.com>
[17:07:35] Homepage is https://github.com/tseemann/prokka
[17:07:35] Local time is Mon May 15 17:07:35 2017
[17:07:35] You are fsepulveda
[17:07:35] Operating system is linux
[17:07:35] You have BioPerl 1.006924
[17:07:35] System has 4 cores.
[17:07:35] Option --cpu asked for 8 cores, but system only has 4
[17:07:35] Will use maximum of 4 cores.
[17:07:35] Annotating as >>> Bacteria <<<
[17:07:35] Creating new output folder: PROKKA_CP012018
[17:07:35] Running: mkdir -p PROKKA_CP012018
[17:07:35] Using filename prefix: PROKKA_CP012018.XXX
[17:07:35] Setting HMMER_NCPU=1
[17:07:35] Writing log to: PROKKA_CP012018/PROKKA_CP012018.log
[17:07:35] Command: /home/fsepulveda/Desktop/tesis/sccmec_classification/prokka-1.12/bin/prokka --genus Staphylococcus --prefix PROKKA_CP012018 --addgenes --addmrna --locustag CP012018_SCCmec /home/fsepulveda/Documents/parte2/229_sccmec/sccmec_CP012018.fasta
[17:07:35] Appending to PATH: /home/fsepulveda/Desktop/tesis/sccmec_classification/prokka-1.12/bin/../binaries/linux
[17:07:35] Appending to PATH: /home/fsepulveda/Desktop/tesis/sccmec_classification/prokka-1.12/bin/../binaries/linux/../common
[17:07:35] Appending to PATH: /home/fsepulveda/Desktop/tesis/sccmec_classification/prokka-1.12/bin
[17:07:35] Looking for 'aragorn' - found /home/fsepulveda/Desktop/tesis/sccmec_classification/prokka-1.12/bin/../binaries/linux/aragorn
[17:07:35] Determined aragorn version is 1.2
[17:07:35] Looking for 'blastp' - found /usr/bin/blastp
[17:07:35] Determined blastp version is 2.2
[17:07:35] Looking for 'cmpress' - found /usr/bin/cmpress
[17:07:35] Determined cmpress version is 1.1
[17:07:35] Looking for 'cmscan' - found /usr/bin/cmscan
[17:07:35] Determined cmscan version is 1.1
[17:07:35] Looking for 'egrep' - found /bin/egrep
[17:07:35] Looking for 'find' - found /usr/bin/find
[17:07:35] Looking for 'grep' - found /bin/grep
[17:07:35] Looking for 'hmmpress' - found /usr/bin/hmmpress
[17:07:35] Determined hmmpress version is 3.1
[17:07:35] Looking for 'hmmscan' - found /usr/bin/hmmscan
[17:07:35] Determined hmmscan version is 3.1
[17:07:35] Looking for 'java' - found /usr/bin/java
[17:07:35] Looking for 'less' - found /usr/bin/less
[17:07:35] Looking for 'makeblastdb' - found /usr/bin/makeblastdb
[17:07:35] Determined makeblastdb version is 2.2
[17:07:35] Looking for 'minced' - found /home/fsepulveda/Desktop/tesis/sccmec_classification/prokka-1.12/bin/../binaries/linux/../common/minced
[17:07:35] Determined minced version is 2.0
[17:07:35] Looking for 'parallel' - found /home/fsepulveda/Desktop/tesis/sccmec_classification/prokka-1.12/bin/../binaries/linux/../common/parallel
[17:07:35] Determined parallel version is 20150122
[17:07:35] Looking for 'prodigal' - found /home/fsepulveda/Desktop/tesis/sccmec_classification/prokka-1.12/bin/../binaries/linux/prodigal
[17:07:35] Determined prodigal version is 2.6
[17:07:35] Looking for 'prokka-genbank_to_fasta_db' - found /home/fsepulveda/Desktop/tesis/sccmec_classification/prokka-1.12/bin/prokka-genbank_to_fasta_db
[17:07:35] Looking for 'sed' - found /bin/sed
[17:07:35] Looking for 'tbl2asn' - found /home/fsepulveda/Desktop/tesis/sccmec_classification/prokka-1.12/bin/../binaries/linux/tbl2asn
[17:07:35] Determined tbl2asn version is 25.3
[17:07:35] Using genetic code table 11.
[17:07:35] Loading and checking input file: /home/fsepulveda/Documents/parte2/229_sccmec/sccmec_CP012018.fasta
[17:07:35] Wrote 1 contigs totalling 60780 bp.
[17:07:35] Predicting tRNAs and tmRNAs
[17:07:35] Running: aragorn -l -gc11  -w PROKKA_CP012018\/PROKKA_CP012018\.fna
[17:07:35] Found 0 tRNAs
[17:07:35] Predicting Ribosomal RNAs
[17:07:35] You need either Barrnap or RNAmmer installed to predict rRNAs!
[17:07:35] Skipping ncRNA search, enable with --rfam if desired.
[17:07:35] Total of 0 tRNA + rRNA features
[17:07:35] Searching for CRISPR repeats
[17:07:36] Found 0 CRISPRs
[17:07:36] Predicting coding sequences
[17:07:36] Contigs total 60780 bp, so using meta mode
[17:07:36] Running: prodigal -i PROKKA_CP012018\/PROKKA_CP012018\.fna -c -m -g 11 -p meta -f sco -q
[17:07:36] Found 68 CDS
[17:07:36] Connecting features back to sequences
[17:07:36] Not using genus-specific database. Try --usegenus to enable it.
[17:07:36] Annotating CDS, please be patient.
[17:07:36] Will use 4 CPUs for similarity searching.
[17:07:36] There are still 68 unannotated CDS left (started with 68)
[17:07:36] Will use blast to search against /home/fsepulveda/Desktop/tesis/sccmec_classification/prokka-1.12/bin/../db/kingdom/Bacteria/sprot with 4 CPUs
[17:07:36] Running: cat PROKKA_CP012018\/sprot\.faa | parallel --gnu --plain -j 4 --block 2206 --recstart '>' --pipe blastp -query - -db /home/fsepulveda/Desktop/tesis/sccmec_classification/prokka-1.12/bin/../db/kingdom/Bacteria/sprot -evalue 1e-06 -num_threads 1 -num_descriptions 1 -num_alignments 1 -seg no > PROKKA_CP012018\/sprot\.blast 2> /dev/null
[17:07:38] Modify product: Uncharacterized methyltransferase YcgJ => putative methyltransferase YcgJ
[17:07:38] Modify product: Probable cadmium-transporting ATPase => putative cadmium-transporting ATPase
[17:07:38] Cleaned 2 /product names
[17:07:38] Deleting unwanted file: PROKKA_CP012018/sprot.faa
[17:07:38] Deleting unwanted file: PROKKA_CP012018/sprot.blast
[17:07:38] There are still 41 unannotated CDS left (started with 68)
[17:07:38] Will use hmmer3 to search against /home/fsepulveda/Desktop/tesis/sccmec_classification/prokka-1.12/bin/../db/hmm/HAMAP.hmm with 4 CPUs
[17:07:38] Running: cat PROKKA_CP012018\/HAMAP\.hmm\.faa | parallel --gnu --plain -j 4 --block 1036 --recstart '>' --pipe hmmscan --noali --notextw --acc -E 1e-06 --cpu 1 /home/fsepulveda/Desktop/tesis/sccmec_classification/prokka-1.12/bin/../db/hmm/HAMAP.hmm /dev/stdin > PROKKA_CP012018\/HAMAP\.hmm\.hmmer3 2> /dev/null
[17:07:39] Deleting unwanted file: PROKKA_CP012018/HAMAP.hmm.faa
[17:07:39] Deleting unwanted file: PROKKA_CP012018/HAMAP.hmm.hmmer3
[17:07:39] Labelling remaining 39 proteins as 'hypothetical protein'
[17:07:39] Possible /pseudo 'Tyrosine recombinase XerC' at sccmec_saures_CP012018_l60780 position 11801
[17:07:39] Possible /pseudo 'Tyrosine recombinase XerC' at sccmec_saures_CP012018_l60780 position 13065
[17:07:39] Possible /pseudo 'Streptomycin 3''-adenylyltransferase' at sccmec_saures_CP012018_l60780 position 14619
[17:07:39] Found 24 unique /gene codes.
[17:07:39] Fixed 2 duplicate /gene - hin_1 hin_2
[17:07:39] Fixed 2 duplicate /gene - ant1_1 ant1_2
[17:07:39] Fixed 3 duplicate /gene - xerC_1 xerC_2 xerC_3
[17:07:39] Fixed 2 duplicate /gene - pspE_1 pspE_2
[17:07:39] Fixed 4 colliding /gene names.
[17:07:39] Adding /locus_tag identifiers
[17:07:39] Assigned 68 locus_tags to CDS and RNA features.
[17:07:39] Writing outputs to PROKKA_CP012018/
[17:07:39] Generating annotation statistics file
[17:07:39] Generating Genbank and Sequin files
[17:07:39] Running: tbl2asn -V b -a r10k -l paired-ends -M n -N 1 -y 'Annotated using prokka 1.12 from https://github.com/tseemann/prokka' -Z PROKKA_CP012018\/PROKKA_CP012018\.err -i PROKKA_CP012018\/PROKKA_CP012018\.fsa 2> /dev/null
[17:07:39] Deleting unwanted file: PROKKA_CP012018/errorsummary.val
[17:07:39] Deleting unwanted file: PROKKA_CP012018/PROKKA_CP012018.dr
[17:07:39] Deleting unwanted file: PROKKA_CP012018/PROKKA_CP012018.fixedproducts
[17:07:39] Deleting unwanted file: PROKKA_CP012018/PROKKA_CP012018.ecn
[17:07:39] Deleting unwanted file: PROKKA_CP012018/PROKKA_CP012018.val
[17:07:39] Repairing broken .GBK output that tbl2asn produces...
[17:07:39] Running: sed 's/COORDINATES: profile/COORDINATES:profile/' < PROKKA_CP012018\/PROKKA_CP012018\.gbf > PROKKA_CP012018\/PROKKA_CP012018\.gbk
[17:07:39] Deleting unwanted file: PROKKA_CP012018/PROKKA_CP012018.gbf
[17:07:39] Output files:
[17:07:39] PROKKA_CP012018/PROKKA_CP012018.txt
[17:07:39] PROKKA_CP012018/PROKKA_CP012018.log
[17:07:39] PROKKA_CP012018/PROKKA_CP012018.sqn
[17:07:39] PROKKA_CP012018/PROKKA_CP012018.tbl
[17:07:39] PROKKA_CP012018/PROKKA_CP012018.tsv
[17:07:39] PROKKA_CP012018/PROKKA_CP012018.gff
[17:07:39] PROKKA_CP012018/PROKKA_CP012018.err
[17:07:39] PROKKA_CP012018/PROKKA_CP012018.fsa
[17:07:39] PROKKA_CP012018/PROKKA_CP012018.fna
[17:07:39] PROKKA_CP012018/PROKKA_CP012018.ffn
[17:07:39] PROKKA_CP012018/PROKKA_CP012018.gbk
[17:07:39] PROKKA_CP012018/PROKKA_CP012018.faa
[17:07:39] Annotation finished successfully.
[17:07:39] Walltime used: 0.07 minutes
[17:07:39] If you use this result please cite the Prokka paper:
[17:07:39] Seemann T (2014) Prokka: rapid prokaryotic genome annotation. Bioinformatics. 30(14):2068-9.
[17:07:39] Type 'prokka --citation' for more details.
[17:07:39] Thank you, come again.
