Discrepancy Report Results

Summary
FATAL: BAD_LOCUS_TAG_FORMAT:30 locus tags are incorrectly formatted.
FATAL: MISSING_PROTEIN_ID:30 proteins have invalid IDs.
DISC_SOURCE_QUALS_ASNDISC:strain (all present, all unique)
DISC_SOURCE_QUALS_ASNDISC:taxname (all present, all unique)
DISC_FEATURE_COUNT:gene: 30 present
DISC_FEATURE_COUNT:CDS: 30 present
DISC_FEATURE_COUNT:mRNA: 30 present
DISC_COUNT_NUCLEOTIDES:1 nucleotide Bioseqs are present
OVERLAPPING_GENES:6 genes overlap another gene on the same strand.
DISC_QUALITY_SCORES:Quality scores are missing on all sequences.
ONCALLER_COMMENT_PRESENT:1 comment descriptors were found (all same)
SHORT_PROT_SEQUENCES:2 protein sequences are shorter than 50 aa.
MISSING_GENOMEASSEMBLY_COMMENTS:1 bioseqs are missing GenomeAssembly structured comments
MOLTYPE_NOT_MRNA:1 molecule types are not set as mRNA.
TECHNIQUE_NOT_TSA:1 technique are not set as TSA
MISSING_STRUCTURED_COMMENT:1 sequences do not include structured comments.
MISSING_PROJECT:31 sequences do not include project.
DISC_INCONSISTENT_MOLINFO_TECH:Molinfo Technique Report (some missing, all same)


Detailed Report

FATAL: DiscRep_ALL:BAD_LOCUS_TAG_FORMAT::30 locus tags are incorrectly formatted.
PROKKA_NZ_CP010526/PROKKA_NZ_CP010526:Gene	rlmH	sccmec_saures_NZ_CP010526_l29678:1-480	NZ_CP010526_SCCmec_00001
PROKKA_NZ_CP010526/PROKKA_NZ_CP010526:Gene	NZ_CP010526_SCCmec_00002	sccmec_saures_NZ_CP010526_l29678:534-719	NZ_CP010526_SCCmec_00002
PROKKA_NZ_CP010526/PROKKA_NZ_CP010526:Gene	NZ_CP010526_SCCmec_00003	sccmec_saures_NZ_CP010526_l29678:c1503-829	NZ_CP010526_SCCmec_00003
PROKKA_NZ_CP010526/PROKKA_NZ_CP010526:Gene	pbp	sccmec_saures_NZ_CP010526_l29678:1751-3757	NZ_CP010526_SCCmec_00004
PROKKA_NZ_CP010526/PROKKA_NZ_CP010526:Gene	paaZ	sccmec_saures_NZ_CP010526_l29678:c4231-3803	NZ_CP010526_SCCmec_00005
PROKKA_NZ_CP010526/PROKKA_NZ_CP010526:Gene	ugpQ	sccmec_saures_NZ_CP010526_l29678:c5071-4328	NZ_CP010526_SCCmec_00006
PROKKA_NZ_CP010526/PROKKA_NZ_CP010526:Gene	NZ_CP010526_SCCmec_00007	sccmec_saures_NZ_CP010526_l29678:c5850-5620	NZ_CP010526_SCCmec_00007
PROKKA_NZ_CP010526/PROKKA_NZ_CP010526:Gene	NZ_CP010526_SCCmec_00008	sccmec_saures_NZ_CP010526_l29678:c6115-5948	NZ_CP010526_SCCmec_00008
PROKKA_NZ_CP010526/PROKKA_NZ_CP010526:Gene	NZ_CP010526_SCCmec_00009	sccmec_saures_NZ_CP010526_l29678:6373-6516	NZ_CP010526_SCCmec_00009
PROKKA_NZ_CP010526/PROKKA_NZ_CP010526:Gene	NZ_CP010526_SCCmec_00010	sccmec_saures_NZ_CP010526_l29678:c7535-7107	NZ_CP010526_SCCmec_00010
PROKKA_NZ_CP010526/PROKKA_NZ_CP010526:Gene	NZ_CP010526_SCCmec_00011	sccmec_saures_NZ_CP010526_l29678:7616-8545	NZ_CP010526_SCCmec_00011
PROKKA_NZ_CP010526/PROKKA_NZ_CP010526:Gene	NZ_CP010526_SCCmec_00012	sccmec_saures_NZ_CP010526_l29678:8579-8677	NZ_CP010526_SCCmec_00012
PROKKA_NZ_CP010526/PROKKA_NZ_CP010526:Gene	NZ_CP010526_SCCmec_00013	sccmec_saures_NZ_CP010526_l29678:8707-10695	NZ_CP010526_SCCmec_00013
PROKKA_NZ_CP010526/PROKKA_NZ_CP010526:Gene	NZ_CP010526_SCCmec_00014	sccmec_saures_NZ_CP010526_l29678:10890-11999	NZ_CP010526_SCCmec_00014
PROKKA_NZ_CP010526/PROKKA_NZ_CP010526:Gene	NZ_CP010526_SCCmec_00015	sccmec_saures_NZ_CP010526_l29678:11992-12360	NZ_CP010526_SCCmec_00015
PROKKA_NZ_CP010526/PROKKA_NZ_CP010526:Gene	NZ_CP010526_SCCmec_00016	sccmec_saures_NZ_CP010526_l29678:12360-13976	NZ_CP010526_SCCmec_00016
PROKKA_NZ_CP010526/PROKKA_NZ_CP010526:Gene	hin	sccmec_saures_NZ_CP010526_l29678:14201-15880	NZ_CP010526_SCCmec_00017
PROKKA_NZ_CP010526/PROKKA_NZ_CP010526:Gene	NZ_CP010526_SCCmec_00018	sccmec_saures_NZ_CP010526_l29678:15933-16307	NZ_CP010526_SCCmec_00018
PROKKA_NZ_CP010526/PROKKA_NZ_CP010526:Gene	NZ_CP010526_SCCmec_00019	sccmec_saures_NZ_CP010526_l29678:16401-16712	NZ_CP010526_SCCmec_00019
PROKKA_NZ_CP010526/PROKKA_NZ_CP010526:Gene	NZ_CP010526_SCCmec_00020	sccmec_saures_NZ_CP010526_l29678:16730-17233	NZ_CP010526_SCCmec_00020
PROKKA_NZ_CP010526/PROKKA_NZ_CP010526:Gene	NZ_CP010526_SCCmec_00021	sccmec_saures_NZ_CP010526_l29678:17247-17468	NZ_CP010526_SCCmec_00021
PROKKA_NZ_CP010526/PROKKA_NZ_CP010526:Gene	hsdR	sccmec_saures_NZ_CP010526_l29678:c20667-17542	NZ_CP010526_SCCmec_00022
PROKKA_NZ_CP010526/PROKKA_NZ_CP010526:Gene	NZ_CP010526_SCCmec_00023	sccmec_saures_NZ_CP010526_l29678:c21802-20645	NZ_CP010526_SCCmec_00023
PROKKA_NZ_CP010526/PROKKA_NZ_CP010526:Gene	hsdM	sccmec_saures_NZ_CP010526_l29678:c23306-21792	NZ_CP010526_SCCmec_00024
PROKKA_NZ_CP010526/PROKKA_NZ_CP010526:Gene	NZ_CP010526_SCCmec_00025	sccmec_saures_NZ_CP010526_l29678:23473-24366	NZ_CP010526_SCCmec_00025
PROKKA_NZ_CP010526/PROKKA_NZ_CP010526:Gene	NZ_CP010526_SCCmec_00026	sccmec_saures_NZ_CP010526_l29678:24463-25635	NZ_CP010526_SCCmec_00026
PROKKA_NZ_CP010526/PROKKA_NZ_CP010526:Gene	NZ_CP010526_SCCmec_00027	sccmec_saures_NZ_CP010526_l29678:25638-26084	NZ_CP010526_SCCmec_00027
PROKKA_NZ_CP010526/PROKKA_NZ_CP010526:Gene	aacA-aphD	sccmec_saures_NZ_CP010526_l29678:26085-27524	NZ_CP010526_SCCmec_00028
PROKKA_NZ_CP010526/PROKKA_NZ_CP010526:Gene	NZ_CP010526_SCCmec_00029	sccmec_saures_NZ_CP010526_l29678:c28826-27654	NZ_CP010526_SCCmec_00029
PROKKA_NZ_CP010526/PROKKA_NZ_CP010526:Gene	NZ_CP010526_SCCmec_00030	sccmec_saures_NZ_CP010526_l29678:28845-29579	NZ_CP010526_SCCmec_00030

FATAL: DiscRep_ALL:MISSING_PROTEIN_ID::30 proteins have invalid IDs.
PROKKA_NZ_CP010526/PROKKA_NZ_CP010526:sccmec_saures_NZ_CP010526_l29678_1 (length 159)
PROKKA_NZ_CP010526/PROKKA_NZ_CP010526:sccmec_saures_NZ_CP010526_l29678_2 (length 61)
PROKKA_NZ_CP010526/PROKKA_NZ_CP010526:sccmec_saures_NZ_CP010526_l29678_3 (length 224)
PROKKA_NZ_CP010526/PROKKA_NZ_CP010526:sccmec_saures_NZ_CP010526_l29678_4 (length 668)
PROKKA_NZ_CP010526/PROKKA_NZ_CP010526:sccmec_saures_NZ_CP010526_l29678_5 (length 142)
PROKKA_NZ_CP010526/PROKKA_NZ_CP010526:sccmec_saures_NZ_CP010526_l29678_6 (length 247)
PROKKA_NZ_CP010526/PROKKA_NZ_CP010526:sccmec_saures_NZ_CP010526_l29678_7 (length 76)
PROKKA_NZ_CP010526/PROKKA_NZ_CP010526:sccmec_saures_NZ_CP010526_l29678_8 (length 55)
PROKKA_NZ_CP010526/PROKKA_NZ_CP010526:sccmec_saures_NZ_CP010526_l29678_9 (length 47)
PROKKA_NZ_CP010526/PROKKA_NZ_CP010526:sccmec_saures_NZ_CP010526_l29678_10 (length 142)
PROKKA_NZ_CP010526/PROKKA_NZ_CP010526:sccmec_saures_NZ_CP010526_l29678_11 (length 309)
PROKKA_NZ_CP010526/PROKKA_NZ_CP010526:sccmec_saures_NZ_CP010526_l29678_12 (length 32)
PROKKA_NZ_CP010526/PROKKA_NZ_CP010526:sccmec_saures_NZ_CP010526_l29678_13 (length 662)
PROKKA_NZ_CP010526/PROKKA_NZ_CP010526:sccmec_saures_NZ_CP010526_l29678_14 (length 369)
PROKKA_NZ_CP010526/PROKKA_NZ_CP010526:sccmec_saures_NZ_CP010526_l29678_15 (length 122)
PROKKA_NZ_CP010526/PROKKA_NZ_CP010526:sccmec_saures_NZ_CP010526_l29678_16 (length 538)
PROKKA_NZ_CP010526/PROKKA_NZ_CP010526:sccmec_saures_NZ_CP010526_l29678_17 (length 559)
PROKKA_NZ_CP010526/PROKKA_NZ_CP010526:sccmec_saures_NZ_CP010526_l29678_18 (length 124)
PROKKA_NZ_CP010526/PROKKA_NZ_CP010526:sccmec_saures_NZ_CP010526_l29678_19 (length 103)
PROKKA_NZ_CP010526/PROKKA_NZ_CP010526:sccmec_saures_NZ_CP010526_l29678_20 (length 167)
PROKKA_NZ_CP010526/PROKKA_NZ_CP010526:sccmec_saures_NZ_CP010526_l29678_21 (length 73)
PROKKA_NZ_CP010526/PROKKA_NZ_CP010526:sccmec_saures_NZ_CP010526_l29678_22 (length 1041)
PROKKA_NZ_CP010526/PROKKA_NZ_CP010526:sccmec_saures_NZ_CP010526_l29678_23 (length 385)
PROKKA_NZ_CP010526/PROKKA_NZ_CP010526:sccmec_saures_NZ_CP010526_l29678_24 (length 504)
PROKKA_NZ_CP010526/PROKKA_NZ_CP010526:sccmec_saures_NZ_CP010526_l29678_25 (length 297)
PROKKA_NZ_CP010526/PROKKA_NZ_CP010526:sccmec_saures_NZ_CP010526_l29678_26 (length 390)
PROKKA_NZ_CP010526/PROKKA_NZ_CP010526:sccmec_saures_NZ_CP010526_l29678_27 (length 148)
PROKKA_NZ_CP010526/PROKKA_NZ_CP010526:sccmec_saures_NZ_CP010526_l29678_28 (length 479)
PROKKA_NZ_CP010526/PROKKA_NZ_CP010526:sccmec_saures_NZ_CP010526_l29678_29 (length 390)
PROKKA_NZ_CP010526/PROKKA_NZ_CP010526:sccmec_saures_NZ_CP010526_l29678_30 (length 244)

DiscRep_ALL:DISC_SOURCE_QUALS_ASNDISC::strain (all present, all unique)
DiscRep_SUB:DISC_SOURCE_QUALS_ASNDISC::1 sources have unique values for strain
DiscRep_ALL:DISC_SOURCE_QUALS_ASNDISC::taxname (all present, all unique)
DiscRep_SUB:DISC_SOURCE_QUALS_ASNDISC::1 sources have unique values for taxname
DiscRep_ALL:DISC_FEATURE_COUNT::gene: 30 present
DiscRep_ALL:DISC_FEATURE_COUNT::CDS: 30 present
DiscRep_ALL:DISC_FEATURE_COUNT::mRNA: 30 present
DiscRep_ALL:DISC_COUNT_NUCLEOTIDES::1 nucleotide Bioseqs are present
PROKKA_NZ_CP010526/PROKKA_NZ_CP010526:sccmec_saures_NZ_CP010526_l29678 (length 29678)

DiscRep_ALL:OVERLAPPING_GENES::6 genes overlap another gene on the same strand.
PROKKA_NZ_CP010526/PROKKA_NZ_CP010526:Gene	NZ_CP010526_SCCmec_00014	sccmec_saures_NZ_CP010526_l29678:10890-11999	NZ_CP010526_SCCmec_00014
PROKKA_NZ_CP010526/PROKKA_NZ_CP010526:Gene	NZ_CP010526_SCCmec_00015	sccmec_saures_NZ_CP010526_l29678:11992-12360	NZ_CP010526_SCCmec_00015
PROKKA_NZ_CP010526/PROKKA_NZ_CP010526:Gene	NZ_CP010526_SCCmec_00016	sccmec_saures_NZ_CP010526_l29678:12360-13976	NZ_CP010526_SCCmec_00016
PROKKA_NZ_CP010526/PROKKA_NZ_CP010526:Gene	hsdR	sccmec_saures_NZ_CP010526_l29678:c20667-17542	NZ_CP010526_SCCmec_00022
PROKKA_NZ_CP010526/PROKKA_NZ_CP010526:Gene	NZ_CP010526_SCCmec_00023	sccmec_saures_NZ_CP010526_l29678:c21802-20645	NZ_CP010526_SCCmec_00023
PROKKA_NZ_CP010526/PROKKA_NZ_CP010526:Gene	hsdM	sccmec_saures_NZ_CP010526_l29678:c23306-21792	NZ_CP010526_SCCmec_00024

DiscRep_ALL:DISC_QUALITY_SCORES::Quality scores are missing on all sequences.

DiscRep_ALL:ONCALLER_COMMENT_PRESENT::1 comment descriptors were found (all same)
PROKKA_NZ_CP010526/PROKKA_NZ_CP010526:sccmec_saures_NZ_CP010526_l29678:Annotated using prokka 1.12 from https://github.com/tseemann/prokka

DiscRep_ALL:SHORT_PROT_SEQUENCES::2 protein sequences are shorter than 50 aa.
PROKKA_NZ_CP010526/PROKKA_NZ_CP010526:sccmec_saures_NZ_CP010526_l29678_9 (length 47)
PROKKA_NZ_CP010526/PROKKA_NZ_CP010526:sccmec_saures_NZ_CP010526_l29678_12 (length 32)

DiscRep_ALL:MISSING_GENOMEASSEMBLY_COMMENTS::1 bioseqs are missing GenomeAssembly structured comments
PROKKA_NZ_CP010526/PROKKA_NZ_CP010526:sccmec_saures_NZ_CP010526_l29678 (length 29678)

DiscRep_ALL:MOLTYPE_NOT_MRNA::1 molecule types are not set as mRNA.
PROKKA_NZ_CP010526/PROKKA_NZ_CP010526:sccmec_saures_NZ_CP010526_l29678 (length 29678)

DiscRep_ALL:TECHNIQUE_NOT_TSA::1 technique are not set as TSA
PROKKA_NZ_CP010526/PROKKA_NZ_CP010526:sccmec_saures_NZ_CP010526_l29678 (length 29678)

DiscRep_ALL:MISSING_STRUCTURED_COMMENT::1 sequences do not include structured comments.
PROKKA_NZ_CP010526/PROKKA_NZ_CP010526:sccmec_saures_NZ_CP010526_l29678 (length 29678)

DiscRep_ALL:MISSING_PROJECT::31 sequences do not include project.
PROKKA_NZ_CP010526/PROKKA_NZ_CP010526:sccmec_saures_NZ_CP010526_l29678 (length 29678)
PROKKA_NZ_CP010526/PROKKA_NZ_CP010526:sccmec_saures_NZ_CP010526_l29678_1 (length 159)
PROKKA_NZ_CP010526/PROKKA_NZ_CP010526:sccmec_saures_NZ_CP010526_l29678_2 (length 61)
PROKKA_NZ_CP010526/PROKKA_NZ_CP010526:sccmec_saures_NZ_CP010526_l29678_3 (length 224)
PROKKA_NZ_CP010526/PROKKA_NZ_CP010526:sccmec_saures_NZ_CP010526_l29678_4 (length 668)
PROKKA_NZ_CP010526/PROKKA_NZ_CP010526:sccmec_saures_NZ_CP010526_l29678_5 (length 142)
PROKKA_NZ_CP010526/PROKKA_NZ_CP010526:sccmec_saures_NZ_CP010526_l29678_6 (length 247)
PROKKA_NZ_CP010526/PROKKA_NZ_CP010526:sccmec_saures_NZ_CP010526_l29678_7 (length 76)
PROKKA_NZ_CP010526/PROKKA_NZ_CP010526:sccmec_saures_NZ_CP010526_l29678_8 (length 55)
PROKKA_NZ_CP010526/PROKKA_NZ_CP010526:sccmec_saures_NZ_CP010526_l29678_9 (length 47)
PROKKA_NZ_CP010526/PROKKA_NZ_CP010526:sccmec_saures_NZ_CP010526_l29678_10 (length 142)
PROKKA_NZ_CP010526/PROKKA_NZ_CP010526:sccmec_saures_NZ_CP010526_l29678_11 (length 309)
PROKKA_NZ_CP010526/PROKKA_NZ_CP010526:sccmec_saures_NZ_CP010526_l29678_12 (length 32)
PROKKA_NZ_CP010526/PROKKA_NZ_CP010526:sccmec_saures_NZ_CP010526_l29678_13 (length 662)
PROKKA_NZ_CP010526/PROKKA_NZ_CP010526:sccmec_saures_NZ_CP010526_l29678_14 (length 369)
PROKKA_NZ_CP010526/PROKKA_NZ_CP010526:sccmec_saures_NZ_CP010526_l29678_15 (length 122)
PROKKA_NZ_CP010526/PROKKA_NZ_CP010526:sccmec_saures_NZ_CP010526_l29678_16 (length 538)
PROKKA_NZ_CP010526/PROKKA_NZ_CP010526:sccmec_saures_NZ_CP010526_l29678_17 (length 559)
PROKKA_NZ_CP010526/PROKKA_NZ_CP010526:sccmec_saures_NZ_CP010526_l29678_18 (length 124)
PROKKA_NZ_CP010526/PROKKA_NZ_CP010526:sccmec_saures_NZ_CP010526_l29678_19 (length 103)
PROKKA_NZ_CP010526/PROKKA_NZ_CP010526:sccmec_saures_NZ_CP010526_l29678_20 (length 167)
PROKKA_NZ_CP010526/PROKKA_NZ_CP010526:sccmec_saures_NZ_CP010526_l29678_21 (length 73)
PROKKA_NZ_CP010526/PROKKA_NZ_CP010526:sccmec_saures_NZ_CP010526_l29678_22 (length 1041)
PROKKA_NZ_CP010526/PROKKA_NZ_CP010526:sccmec_saures_NZ_CP010526_l29678_23 (length 385)
PROKKA_NZ_CP010526/PROKKA_NZ_CP010526:sccmec_saures_NZ_CP010526_l29678_24 (length 504)
PROKKA_NZ_CP010526/PROKKA_NZ_CP010526:sccmec_saures_NZ_CP010526_l29678_25 (length 297)
PROKKA_NZ_CP010526/PROKKA_NZ_CP010526:sccmec_saures_NZ_CP010526_l29678_26 (length 390)
PROKKA_NZ_CP010526/PROKKA_NZ_CP010526:sccmec_saures_NZ_CP010526_l29678_27 (length 148)
PROKKA_NZ_CP010526/PROKKA_NZ_CP010526:sccmec_saures_NZ_CP010526_l29678_28 (length 479)
PROKKA_NZ_CP010526/PROKKA_NZ_CP010526:sccmec_saures_NZ_CP010526_l29678_29 (length 390)
PROKKA_NZ_CP010526/PROKKA_NZ_CP010526:sccmec_saures_NZ_CP010526_l29678_30 (length 244)

DiscRep_ALL:DISC_INCONSISTENT_MOLINFO_TECH::Molinfo Technique Report (some missing, all same)
DiscRep_SUB:DISC_INCONSISTENT_MOLINFO_TECH::technique (all missing)
DiscRep_SUB:DISC_INCONSISTENT_MOLINFO_TECH::1 Molinfos are missing field technique
PROKKA_NZ_CP010526/PROKKA_NZ_CP010526:sccmec_saures_NZ_CP010526_l29678 (length 29678)

