[17:14:36] This is prokka 1.12
[17:14:36] Written by Torsten Seemann <torsten.seemann@gmail.com>
[17:14:36] Homepage is https://github.com/tseemann/prokka
[17:14:36] Local time is Mon May 15 17:14:36 2017
[17:14:36] You are fsepulveda
[17:14:36] Operating system is linux
[17:14:36] You have BioPerl 1.006924
[17:14:36] System has 4 cores.
[17:14:36] Option --cpu asked for 8 cores, but system only has 4
[17:14:36] Will use maximum of 4 cores.
[17:14:36] Annotating as >>> Bacteria <<<
[17:14:36] Creating new output folder: PROKKA_NZ_CP010526
[17:14:36] Running: mkdir -p PROKKA_NZ_CP010526
[17:14:36] Using filename prefix: PROKKA_NZ_CP010526.XXX
[17:14:36] Setting HMMER_NCPU=1
[17:14:36] Writing log to: PROKKA_NZ_CP010526/PROKKA_NZ_CP010526.log
[17:14:36] Command: /home/fsepulveda/Desktop/tesis/sccmec_classification/prokka-1.12/bin/prokka --genus Staphylococcus --prefix PROKKA_NZ_CP010526 --addgenes --addmrna --locustag NZ_CP010526_SCCmec /home/fsepulveda/Documents/parte2/229_sccmec/sccmec_NZ_CP010526.fasta
[17:14:36] Appending to PATH: /home/fsepulveda/Desktop/tesis/sccmec_classification/prokka-1.12/bin/../binaries/linux
[17:14:36] Appending to PATH: /home/fsepulveda/Desktop/tesis/sccmec_classification/prokka-1.12/bin/../binaries/linux/../common
[17:14:36] Appending to PATH: /home/fsepulveda/Desktop/tesis/sccmec_classification/prokka-1.12/bin
[17:14:36] Looking for 'aragorn' - found /home/fsepulveda/Desktop/tesis/sccmec_classification/prokka-1.12/bin/../binaries/linux/aragorn
[17:14:36] Determined aragorn version is 1.2
[17:14:36] Looking for 'blastp' - found /usr/bin/blastp
[17:14:36] Determined blastp version is 2.2
[17:14:36] Looking for 'cmpress' - found /usr/bin/cmpress
[17:14:36] Determined cmpress version is 1.1
[17:14:36] Looking for 'cmscan' - found /usr/bin/cmscan
[17:14:36] Determined cmscan version is 1.1
[17:14:36] Looking for 'egrep' - found /bin/egrep
[17:14:36] Looking for 'find' - found /usr/bin/find
[17:14:36] Looking for 'grep' - found /bin/grep
[17:14:36] Looking for 'hmmpress' - found /usr/bin/hmmpress
[17:14:36] Determined hmmpress version is 3.1
[17:14:36] Looking for 'hmmscan' - found /usr/bin/hmmscan
[17:14:36] Determined hmmscan version is 3.1
[17:14:36] Looking for 'java' - found /usr/bin/java
[17:14:36] Looking for 'less' - found /usr/bin/less
[17:14:36] Looking for 'makeblastdb' - found /usr/bin/makeblastdb
[17:14:36] Determined makeblastdb version is 2.2
[17:14:36] Looking for 'minced' - found /home/fsepulveda/Desktop/tesis/sccmec_classification/prokka-1.12/bin/../binaries/linux/../common/minced
[17:14:36] Determined minced version is 2.0
[17:14:36] Looking for 'parallel' - found /home/fsepulveda/Desktop/tesis/sccmec_classification/prokka-1.12/bin/../binaries/linux/../common/parallel
[17:14:36] Determined parallel version is 20150122
[17:14:36] Looking for 'prodigal' - found /home/fsepulveda/Desktop/tesis/sccmec_classification/prokka-1.12/bin/../binaries/linux/prodigal
[17:14:36] Determined prodigal version is 2.6
[17:14:36] Looking for 'prokka-genbank_to_fasta_db' - found /home/fsepulveda/Desktop/tesis/sccmec_classification/prokka-1.12/bin/prokka-genbank_to_fasta_db
[17:14:36] Looking for 'sed' - found /bin/sed
[17:14:36] Looking for 'tbl2asn' - found /home/fsepulveda/Desktop/tesis/sccmec_classification/prokka-1.12/bin/../binaries/linux/tbl2asn
[17:14:36] Determined tbl2asn version is 25.3
[17:14:36] Using genetic code table 11.
[17:14:36] Loading and checking input file: /home/fsepulveda/Documents/parte2/229_sccmec/sccmec_NZ_CP010526.fasta
[17:14:36] Wrote 1 contigs totalling 29678 bp.
[17:14:36] Predicting tRNAs and tmRNAs
[17:14:36] Running: aragorn -l -gc11  -w PROKKA_NZ_CP010526\/PROKKA_NZ_CP010526\.fna
[17:14:36] Found 0 tRNAs
[17:14:36] Predicting Ribosomal RNAs
[17:14:36] You need either Barrnap or RNAmmer installed to predict rRNAs!
[17:14:36] Skipping ncRNA search, enable with --rfam if desired.
[17:14:36] Total of 0 tRNA + rRNA features
[17:14:36] Searching for CRISPR repeats
[17:14:36] Found 0 CRISPRs
[17:14:36] Predicting coding sequences
[17:14:36] Contigs total 29678 bp, so using meta mode
[17:14:36] Running: prodigal -i PROKKA_NZ_CP010526\/PROKKA_NZ_CP010526\.fna -c -m -g 11 -p meta -f sco -q
[17:14:36] Found 30 CDS
[17:14:36] Connecting features back to sequences
[17:14:36] Not using genus-specific database. Try --usegenus to enable it.
[17:14:36] Annotating CDS, please be patient.
[17:14:36] Will use 4 CPUs for similarity searching.
[17:14:36] There are still 30 unannotated CDS left (started with 30)
[17:14:37] Will use blast to search against /home/fsepulveda/Desktop/tesis/sccmec_classification/prokka-1.12/bin/../db/kingdom/Bacteria/sprot with 4 CPUs
[17:14:37] Running: cat PROKKA_NZ_CP010526\/sprot\.faa | parallel --gnu --plain -j 4 --block 1112 --recstart '>' --pipe blastp -query - -db /home/fsepulveda/Desktop/tesis/sccmec_classification/prokka-1.12/bin/../db/kingdom/Bacteria/sprot -evalue 1e-06 -num_threads 1 -num_descriptions 1 -num_alignments 1 -seg no > PROKKA_NZ_CP010526\/sprot\.blast 2> /dev/null
[17:14:38] Deleting unwanted file: PROKKA_NZ_CP010526/sprot.faa
[17:14:38] Deleting unwanted file: PROKKA_NZ_CP010526/sprot.blast
[17:14:38] There are still 22 unannotated CDS left (started with 30)
[17:14:38] Will use hmmer3 to search against /home/fsepulveda/Desktop/tesis/sccmec_classification/prokka-1.12/bin/../db/hmm/HAMAP.hmm with 4 CPUs
[17:14:38] Running: cat PROKKA_NZ_CP010526\/HAMAP\.hmm\.faa | parallel --gnu --plain -j 4 --block 632 --recstart '>' --pipe hmmscan --noali --notextw --acc -E 1e-06 --cpu 1 /home/fsepulveda/Desktop/tesis/sccmec_classification/prokka-1.12/bin/../db/hmm/HAMAP.hmm /dev/stdin > PROKKA_NZ_CP010526\/HAMAP\.hmm\.hmmer3 2> /dev/null
[17:14:38] Deleting unwanted file: PROKKA_NZ_CP010526/HAMAP.hmm.faa
[17:14:38] Deleting unwanted file: PROKKA_NZ_CP010526/HAMAP.hmm.hmmer3
[17:14:38] Labelling remaining 22 proteins as 'hypothetical protein'
[17:14:38] Found 8 unique /gene codes.
[17:14:38] Fixed 0 colliding /gene names.
[17:14:38] Adding /locus_tag identifiers
[17:14:38] Assigned 30 locus_tags to CDS and RNA features.
[17:14:38] Writing outputs to PROKKA_NZ_CP010526/
[17:14:38] Generating annotation statistics file
[17:14:38] Generating Genbank and Sequin files
[17:14:38] Running: tbl2asn -V b -a r10k -l paired-ends -M n -N 1 -y 'Annotated using prokka 1.12 from https://github.com/tseemann/prokka' -Z PROKKA_NZ_CP010526\/PROKKA_NZ_CP010526\.err -i PROKKA_NZ_CP010526\/PROKKA_NZ_CP010526\.fsa 2> /dev/null
[17:14:39] Deleting unwanted file: PROKKA_NZ_CP010526/errorsummary.val
[17:14:39] Deleting unwanted file: PROKKA_NZ_CP010526/PROKKA_NZ_CP010526.dr
[17:14:39] Deleting unwanted file: PROKKA_NZ_CP010526/PROKKA_NZ_CP010526.fixedproducts
[17:14:39] Deleting unwanted file: PROKKA_NZ_CP010526/PROKKA_NZ_CP010526.ecn
[17:14:39] Deleting unwanted file: PROKKA_NZ_CP010526/PROKKA_NZ_CP010526.val
[17:14:39] Repairing broken .GBK output that tbl2asn produces...
[17:14:39] Running: sed 's/COORDINATES: profile/COORDINATES:profile/' < PROKKA_NZ_CP010526\/PROKKA_NZ_CP010526\.gbf > PROKKA_NZ_CP010526\/PROKKA_NZ_CP010526\.gbk
[17:14:39] Deleting unwanted file: PROKKA_NZ_CP010526/PROKKA_NZ_CP010526.gbf
[17:14:39] Output files:
[17:14:39] PROKKA_NZ_CP010526/PROKKA_NZ_CP010526.gff
[17:14:39] PROKKA_NZ_CP010526/PROKKA_NZ_CP010526.fsa
[17:14:39] PROKKA_NZ_CP010526/PROKKA_NZ_CP010526.tsv
[17:14:39] PROKKA_NZ_CP010526/PROKKA_NZ_CP010526.gbk
[17:14:39] PROKKA_NZ_CP010526/PROKKA_NZ_CP010526.err
[17:14:39] PROKKA_NZ_CP010526/PROKKA_NZ_CP010526.ffn
[17:14:39] PROKKA_NZ_CP010526/PROKKA_NZ_CP010526.faa
[17:14:39] PROKKA_NZ_CP010526/PROKKA_NZ_CP010526.txt
[17:14:39] PROKKA_NZ_CP010526/PROKKA_NZ_CP010526.fna
[17:14:39] PROKKA_NZ_CP010526/PROKKA_NZ_CP010526.tbl
[17:14:39] PROKKA_NZ_CP010526/PROKKA_NZ_CP010526.log
[17:14:39] PROKKA_NZ_CP010526/PROKKA_NZ_CP010526.sqn
[17:14:39] Annotation finished successfully.
[17:14:39] Walltime used: 0.05 minutes
[17:14:39] If you use this result please cite the Prokka paper:
[17:14:39] Seemann T (2014) Prokka: rapid prokaryotic genome annotation. Bioinformatics. 30(14):2068-9.
[17:14:39] Type 'prokka --citation' for more details.
[17:14:39] Share and enjoy!
