[00:27:28] This is prokka 1.12
[00:27:28] Written by Torsten Seemann <torsten.seemann@gmail.com>
[00:27:28] Homepage is https://github.com/tseemann/prokka
[00:27:28] Local time is Wed May 31 00:27:28 2017
[00:27:28] You are fsepulveda
[00:27:28] Operating system is linux
[00:27:28] You have BioPerl 1.006924
[00:27:28] System has 4 cores.
[00:27:28] Option --cpu asked for 8 cores, but system only has 4
[00:27:28] Will use maximum of 4 cores.
[00:27:28] Annotating as >>> Bacteria <<<
[00:27:28] Enabling options to ensure Genbank/ENA/DDJB submission compliance.
[00:27:28] Creating new output folder: SCCmec_AB512767_Type-V
[00:27:28] Running: mkdir -p SCCmec_AB512767_Type\-V
[00:27:28] Using filename prefix: SCCmec_AB512767_Type-V.XXX
[00:27:28] Setting HMMER_NCPU=1
[00:27:28] Writing log to: SCCmec_AB512767_Type-V/SCCmec_AB512767_Type-V.log
[00:27:28] Command: /home/fsepulveda/Documents/PROGRAMS/prokka-1.12/bin/prokka --kingdom Bacteria --outdir SCCmec_AB512767_Type-V --quiet --genus Staphylococcus --locustag SCCmec_AB512767_Type-V --centre 10 --compliant --prefix SCCmec_AB512767_Type-V --force SCCmec_AB512767_Type-V.fasta
[00:27:28] Appending to PATH: /home/fsepulveda/Documents/PROGRAMS/prokka-1.12/bin/../binaries/linux
[00:27:28] Appending to PATH: /home/fsepulveda/Documents/PROGRAMS/prokka-1.12/bin/../binaries/linux/../common
[00:27:28] Appending to PATH: /home/fsepulveda/Documents/PROGRAMS/prokka-1.12/bin
[00:27:28] Looking for 'aragorn' - found /home/fsepulveda/Documents/PROGRAMS/prokka-1.12/bin/../binaries/linux/aragorn
[00:27:28] Determined aragorn version is 1.2
[00:27:28] Looking for 'blastp' - found /usr/bin/blastp
[00:27:28] Determined blastp version is 2.2
[00:27:28] Looking for 'cmpress' - found /usr/bin/cmpress
[00:27:28] Determined cmpress version is 1.1
[00:27:28] Looking for 'cmscan' - found /usr/bin/cmscan
[00:27:28] Determined cmscan version is 1.1
[00:27:28] Looking for 'egrep' - found /bin/egrep
[00:27:28] Looking for 'find' - found /usr/bin/find
[00:27:28] Looking for 'grep' - found /bin/grep
[00:27:28] Looking for 'hmmpress' - found /usr/bin/hmmpress
[00:27:28] Determined hmmpress version is 3.1
[00:27:28] Looking for 'hmmscan' - found /usr/bin/hmmscan
[00:27:28] Determined hmmscan version is 3.1
[00:27:28] Looking for 'java' - found /usr/bin/java
[00:27:28] Looking for 'less' - found /usr/bin/less
[00:27:28] Looking for 'makeblastdb' - found /usr/bin/makeblastdb
[00:27:28] Determined makeblastdb version is 2.2
[00:27:28] Looking for 'minced' - found /home/fsepulveda/Documents/PROGRAMS/prokka-1.12/bin/../binaries/linux/../common/minced
[00:27:28] Determined minced version is 2.0
[00:27:28] Looking for 'parallel' - found /home/fsepulveda/Documents/PROGRAMS/prokka-1.12/bin/../binaries/linux/../common/parallel
[00:27:28] Determined parallel version is 20150122
[00:27:28] Looking for 'prodigal' - found /home/fsepulveda/Documents/PROGRAMS/prokka-1.12/bin/../binaries/linux/prodigal
[00:27:28] Determined prodigal version is 2.6
[00:27:28] Looking for 'prokka-genbank_to_fasta_db' - found /home/fsepulveda/Documents/PROGRAMS/prokka-1.12/bin/prokka-genbank_to_fasta_db
[00:27:28] Looking for 'sed' - found /bin/sed
[00:27:28] Looking for 'tbl2asn' - found /home/fsepulveda/Documents/PROGRAMS/prokka-1.12/bin/../binaries/linux/tbl2asn
[00:27:28] Determined tbl2asn version is 25.3
[00:27:28] Using genetic code table 11.
[00:27:28] Loading and checking input file: SCCmec_AB512767_Type-V.fasta
[00:27:28] Wrote 1 contigs totalling 41826 bp.
[00:27:28] Predicting tRNAs and tmRNAs
[00:27:28] Running: aragorn -l -gc11  -w SCCmec_AB512767_Type\-V\/SCCmec_AB512767_Type\-V\.fna
[00:27:28] Found 0 tRNAs
[00:27:28] Predicting Ribosomal RNAs
[00:27:28] You need either Barrnap or RNAmmer installed to predict rRNAs!
[00:27:28] Skipping ncRNA search, enable with --rfam if desired.
[00:27:28] Total of 0 tRNA + rRNA features
[00:27:28] Searching for CRISPR repeats
[00:27:28] Found 0 CRISPRs
[00:27:28] Predicting coding sequences
[00:27:28] Contigs total 41826 bp, so using meta mode
[00:27:28] Running: prodigal -i SCCmec_AB512767_Type\-V\/SCCmec_AB512767_Type\-V\.fna -c -m -g 11 -p meta -f sco -q
[00:27:28] Found 42 CDS
[00:27:28] Connecting features back to sequences
[00:27:28] Not using genus-specific database. Try --usegenus to enable it.
[00:27:28] Annotating CDS, please be patient.
[00:27:28] Will use 4 CPUs for similarity searching.
[00:27:28] There are still 42 unannotated CDS left (started with 42)
[00:27:28] Will use blast to search against /home/fsepulveda/Documents/PROGRAMS/prokka-1.12/bin/../db/kingdom/Bacteria/sprot with 4 CPUs
[00:27:28] Running: cat SCCmec_AB512767_Type\-V\/sprot\.faa | parallel --gnu --plain -j 4 --block 1523 --recstart '>' --pipe blastp -query - -db /home/fsepulveda/Documents/PROGRAMS/prokka-1.12/bin/../db/kingdom/Bacteria/sprot -evalue 1e-06 -num_threads 1 -num_descriptions 1 -num_alignments 1 -seg no > SCCmec_AB512767_Type\-V\/sprot\.blast 2> /dev/null
[00:27:30] Deleting unwanted file: SCCmec_AB512767_Type-V/sprot.faa
[00:27:30] Deleting unwanted file: SCCmec_AB512767_Type-V/sprot.blast
[00:27:30] There are still 31 unannotated CDS left (started with 42)
[00:27:30] Will use hmmer3 to search against /home/fsepulveda/Documents/PROGRAMS/prokka-1.12/bin/../db/hmm/HAMAP.hmm with 4 CPUs
[00:27:30] Running: cat SCCmec_AB512767_Type\-V\/HAMAP\.hmm\.faa | parallel --gnu --plain -j 4 --block 812 --recstart '>' --pipe hmmscan --noali --notextw --acc -E 1e-06 --cpu 1 /home/fsepulveda/Documents/PROGRAMS/prokka-1.12/bin/../db/hmm/HAMAP.hmm /dev/stdin > SCCmec_AB512767_Type\-V\/HAMAP\.hmm\.hmmer3 2> /dev/null
[00:27:30] Deleting unwanted file: SCCmec_AB512767_Type-V/HAMAP.hmm.faa
[00:27:30] Deleting unwanted file: SCCmec_AB512767_Type-V/HAMAP.hmm.hmmer3
[00:27:30] Labelling remaining 31 proteins as 'hypothetical protein'
[00:27:30] Found 9 unique /gene codes.
[00:27:30] Fixed 2 duplicate /gene - hin_1 hin_2
[00:27:30] Fixed 1 colliding /gene names.
[00:27:30] Adding /locus_tag identifiers
[00:27:30] Assigned 42 locus_tags to CDS and RNA features.
[00:27:30] Writing outputs to SCCmec_AB512767_Type-V/
[00:27:30] Generating annotation statistics file
[00:27:30] Generating Genbank and Sequin files
[00:27:30] Running: tbl2asn -V b -a r10k -l paired-ends -M n -N 1 -y 'Annotated using prokka 1.12 from https://github.com/tseemann/prokka' -Z SCCmec_AB512767_Type\-V\/SCCmec_AB512767_Type\-V\.err -i SCCmec_AB512767_Type\-V\/SCCmec_AB512767_Type\-V\.fsa 2> /dev/null
[00:27:31] Deleting unwanted file: SCCmec_AB512767_Type-V/errorsummary.val
[00:27:31] Deleting unwanted file: SCCmec_AB512767_Type-V/SCCmec_AB512767_Type-V.dr
[00:27:31] Deleting unwanted file: SCCmec_AB512767_Type-V/SCCmec_AB512767_Type-V.fixedproducts
[00:27:31] Deleting unwanted file: SCCmec_AB512767_Type-V/SCCmec_AB512767_Type-V.ecn
[00:27:31] Deleting unwanted file: SCCmec_AB512767_Type-V/SCCmec_AB512767_Type-V.val
[00:27:31] Repairing broken .GBK output that tbl2asn produces...
[00:27:31] Running: sed 's/COORDINATES: profile/COORDINATES:profile/' < SCCmec_AB512767_Type\-V\/SCCmec_AB512767_Type\-V\.gbf > SCCmec_AB512767_Type\-V\/SCCmec_AB512767_Type\-V\.gbk
[00:27:31] Deleting unwanted file: SCCmec_AB512767_Type-V/SCCmec_AB512767_Type-V.gbf
[00:27:31] Output files:
[00:27:31] SCCmec_AB512767_Type-V/SCCmec_AB512767_Type-V.ffn
[00:27:31] SCCmec_AB512767_Type-V/SCCmec_AB512767_Type-V.sqn
[00:27:31] SCCmec_AB512767_Type-V/SCCmec_AB512767_Type-V.tsv
[00:27:31] SCCmec_AB512767_Type-V/SCCmec_AB512767_Type-V.txt
[00:27:31] SCCmec_AB512767_Type-V/SCCmec_AB512767_Type-V.faa
[00:27:31] SCCmec_AB512767_Type-V/SCCmec_AB512767_Type-V.fna
[00:27:31] SCCmec_AB512767_Type-V/SCCmec_AB512767_Type-V.err
[00:27:31] SCCmec_AB512767_Type-V/SCCmec_AB512767_Type-V.fsa
[00:27:31] SCCmec_AB512767_Type-V/SCCmec_AB512767_Type-V.gbk
[00:27:31] SCCmec_AB512767_Type-V/SCCmec_AB512767_Type-V.log
[00:27:31] SCCmec_AB512767_Type-V/SCCmec_AB512767_Type-V.tbl
[00:27:31] SCCmec_AB512767_Type-V/SCCmec_AB512767_Type-V.gff
[00:27:31] Annotation finished successfully.
[00:27:31] Walltime used: 0.05 minutes
[00:27:31] If you use this result please cite the Prokka paper:
[00:27:31] Seemann T (2014) Prokka: rapid prokaryotic genome annotation. Bioinformatics. 30(14):2068-9.
[00:27:31] Type 'prokka --citation' for more details.
[00:27:31] Share and enjoy!
