[17:17:10] This is prokka 1.12
[17:17:10] Written by Torsten Seemann <torsten.seemann@gmail.com>
[17:17:10] Homepage is https://github.com/tseemann/prokka
[17:17:10] Local time is Mon May 15 17:17:10 2017
[17:17:10] You are fsepulveda
[17:17:10] Operating system is linux
[17:17:10] You have BioPerl 1.006924
[17:17:10] System has 4 cores.
[17:17:10] Option --cpu asked for 8 cores, but system only has 4
[17:17:10] Will use maximum of 4 cores.
[17:17:10] Annotating as >>> Bacteria <<<
[17:17:10] Creating new output folder: PROKKA_NZ_CP019563
[17:17:10] Running: mkdir -p PROKKA_NZ_CP019563
[17:17:10] Using filename prefix: PROKKA_NZ_CP019563.XXX
[17:17:10] Setting HMMER_NCPU=1
[17:17:10] Writing log to: PROKKA_NZ_CP019563/PROKKA_NZ_CP019563.log
[17:17:10] Command: /home/fsepulveda/Desktop/tesis/sccmec_classification/prokka-1.12/bin/prokka --genus Staphylococcus --prefix PROKKA_NZ_CP019563 --addgenes --addmrna --locustag NZ_CP019563_SCCmec /home/fsepulveda/Documents/parte2/229_sccmec/sccmec_NZ_CP019563.fasta
[17:17:10] Appending to PATH: /home/fsepulveda/Desktop/tesis/sccmec_classification/prokka-1.12/bin/../binaries/linux
[17:17:10] Appending to PATH: /home/fsepulveda/Desktop/tesis/sccmec_classification/prokka-1.12/bin/../binaries/linux/../common
[17:17:10] Appending to PATH: /home/fsepulveda/Desktop/tesis/sccmec_classification/prokka-1.12/bin
[17:17:10] Looking for 'aragorn' - found /home/fsepulveda/Desktop/tesis/sccmec_classification/prokka-1.12/bin/../binaries/linux/aragorn
[17:17:10] Determined aragorn version is 1.2
[17:17:10] Looking for 'blastp' - found /usr/bin/blastp
[17:17:10] Determined blastp version is 2.2
[17:17:10] Looking for 'cmpress' - found /usr/bin/cmpress
[17:17:10] Determined cmpress version is 1.1
[17:17:10] Looking for 'cmscan' - found /usr/bin/cmscan
[17:17:10] Determined cmscan version is 1.1
[17:17:10] Looking for 'egrep' - found /bin/egrep
[17:17:10] Looking for 'find' - found /usr/bin/find
[17:17:10] Looking for 'grep' - found /bin/grep
[17:17:10] Looking for 'hmmpress' - found /usr/bin/hmmpress
[17:17:10] Determined hmmpress version is 3.1
[17:17:10] Looking for 'hmmscan' - found /usr/bin/hmmscan
[17:17:10] Determined hmmscan version is 3.1
[17:17:10] Looking for 'java' - found /usr/bin/java
[17:17:10] Looking for 'less' - found /usr/bin/less
[17:17:10] Looking for 'makeblastdb' - found /usr/bin/makeblastdb
[17:17:10] Determined makeblastdb version is 2.2
[17:17:10] Looking for 'minced' - found /home/fsepulveda/Desktop/tesis/sccmec_classification/prokka-1.12/bin/../binaries/linux/../common/minced
[17:17:10] Determined minced version is 2.0
[17:17:10] Looking for 'parallel' - found /home/fsepulveda/Desktop/tesis/sccmec_classification/prokka-1.12/bin/../binaries/linux/../common/parallel
[17:17:10] Determined parallel version is 20150122
[17:17:10] Looking for 'prodigal' - found /home/fsepulveda/Desktop/tesis/sccmec_classification/prokka-1.12/bin/../binaries/linux/prodigal
[17:17:10] Determined prodigal version is 2.6
[17:17:10] Looking for 'prokka-genbank_to_fasta_db' - found /home/fsepulveda/Desktop/tesis/sccmec_classification/prokka-1.12/bin/prokka-genbank_to_fasta_db
[17:17:10] Looking for 'sed' - found /bin/sed
[17:17:10] Looking for 'tbl2asn' - found /home/fsepulveda/Desktop/tesis/sccmec_classification/prokka-1.12/bin/../binaries/linux/tbl2asn
[17:17:10] Determined tbl2asn version is 25.3
[17:17:10] Using genetic code table 11.
[17:17:10] Loading and checking input file: /home/fsepulveda/Documents/parte2/229_sccmec/sccmec_NZ_CP019563.fasta
[17:17:10] Wrote 1 contigs totalling 26210 bp.
[17:17:10] Predicting tRNAs and tmRNAs
[17:17:10] Running: aragorn -l -gc11  -w PROKKA_NZ_CP019563\/PROKKA_NZ_CP019563\.fna
[17:17:10] Found 0 tRNAs
[17:17:10] Predicting Ribosomal RNAs
[17:17:10] You need either Barrnap or RNAmmer installed to predict rRNAs!
[17:17:10] Skipping ncRNA search, enable with --rfam if desired.
[17:17:10] Total of 0 tRNA + rRNA features
[17:17:10] Searching for CRISPR repeats
[17:17:11] Found 0 CRISPRs
[17:17:11] Predicting coding sequences
[17:17:11] Contigs total 26210 bp, so using meta mode
[17:17:11] Running: prodigal -i PROKKA_NZ_CP019563\/PROKKA_NZ_CP019563\.fna -c -m -g 11 -p meta -f sco -q
[17:17:11] Found 27 CDS
[17:17:11] Connecting features back to sequences
[17:17:11] Not using genus-specific database. Try --usegenus to enable it.
[17:17:11] Annotating CDS, please be patient.
[17:17:11] Will use 4 CPUs for similarity searching.
[17:17:11] There are still 27 unannotated CDS left (started with 27)
[17:17:11] Will use blast to search against /home/fsepulveda/Desktop/tesis/sccmec_classification/prokka-1.12/bin/../db/kingdom/Bacteria/sprot with 4 CPUs
[17:17:11] Running: cat PROKKA_NZ_CP019563\/sprot\.faa | parallel --gnu --plain -j 4 --block 929 --recstart '>' --pipe blastp -query - -db /home/fsepulveda/Desktop/tesis/sccmec_classification/prokka-1.12/bin/../db/kingdom/Bacteria/sprot -evalue 1e-06 -num_threads 1 -num_descriptions 1 -num_alignments 1 -seg no > PROKKA_NZ_CP019563\/sprot\.blast 2> /dev/null
[17:17:12] Deleting unwanted file: PROKKA_NZ_CP019563/sprot.faa
[17:17:12] Deleting unwanted file: PROKKA_NZ_CP019563/sprot.blast
[17:17:12] There are still 17 unannotated CDS left (started with 27)
[17:17:12] Will use hmmer3 to search against /home/fsepulveda/Desktop/tesis/sccmec_classification/prokka-1.12/bin/../db/hmm/HAMAP.hmm with 4 CPUs
[17:17:12] Running: cat PROKKA_NZ_CP019563\/HAMAP\.hmm\.faa | parallel --gnu --plain -j 4 --block 508 --recstart '>' --pipe hmmscan --noali --notextw --acc -E 1e-06 --cpu 1 /home/fsepulveda/Desktop/tesis/sccmec_classification/prokka-1.12/bin/../db/hmm/HAMAP.hmm /dev/stdin > PROKKA_NZ_CP019563\/HAMAP\.hmm\.hmmer3 2> /dev/null
[17:17:12] Deleting unwanted file: PROKKA_NZ_CP019563/HAMAP.hmm.faa
[17:17:12] Deleting unwanted file: PROKKA_NZ_CP019563/HAMAP.hmm.hmmer3
[17:17:12] Labelling remaining 17 proteins as 'hypothetical protein'
[17:17:12] Possible /pseudo 'DNA-invertase hin' at sccmec_saures_NZ_CP019563_l26210 position 18758
[17:17:12] Found 9 unique /gene codes.
[17:17:12] Fixed 2 duplicate /gene - hin_1 hin_2
[17:17:12] Fixed 1 colliding /gene names.
[17:17:12] Adding /locus_tag identifiers
[17:17:12] Assigned 27 locus_tags to CDS and RNA features.
[17:17:12] Writing outputs to PROKKA_NZ_CP019563/
[17:17:12] Generating annotation statistics file
[17:17:12] Generating Genbank and Sequin files
[17:17:12] Running: tbl2asn -V b -a r10k -l paired-ends -M n -N 1 -y 'Annotated using prokka 1.12 from https://github.com/tseemann/prokka' -Z PROKKA_NZ_CP019563\/PROKKA_NZ_CP019563\.err -i PROKKA_NZ_CP019563\/PROKKA_NZ_CP019563\.fsa 2> /dev/null
[17:17:13] Deleting unwanted file: PROKKA_NZ_CP019563/errorsummary.val
[17:17:13] Deleting unwanted file: PROKKA_NZ_CP019563/PROKKA_NZ_CP019563.dr
[17:17:13] Deleting unwanted file: PROKKA_NZ_CP019563/PROKKA_NZ_CP019563.fixedproducts
[17:17:13] Deleting unwanted file: PROKKA_NZ_CP019563/PROKKA_NZ_CP019563.ecn
[17:17:13] Deleting unwanted file: PROKKA_NZ_CP019563/PROKKA_NZ_CP019563.val
[17:17:13] Repairing broken .GBK output that tbl2asn produces...
[17:17:13] Running: sed 's/COORDINATES: profile/COORDINATES:profile/' < PROKKA_NZ_CP019563\/PROKKA_NZ_CP019563\.gbf > PROKKA_NZ_CP019563\/PROKKA_NZ_CP019563\.gbk
[17:17:13] Deleting unwanted file: PROKKA_NZ_CP019563/PROKKA_NZ_CP019563.gbf
[17:17:13] Output files:
[17:17:13] PROKKA_NZ_CP019563/PROKKA_NZ_CP019563.fsa
[17:17:13] PROKKA_NZ_CP019563/PROKKA_NZ_CP019563.gff
[17:17:13] PROKKA_NZ_CP019563/PROKKA_NZ_CP019563.gbk
[17:17:13] PROKKA_NZ_CP019563/PROKKA_NZ_CP019563.txt
[17:17:13] PROKKA_NZ_CP019563/PROKKA_NZ_CP019563.tbl
[17:17:13] PROKKA_NZ_CP019563/PROKKA_NZ_CP019563.fna
[17:17:13] PROKKA_NZ_CP019563/PROKKA_NZ_CP019563.tsv
[17:17:13] PROKKA_NZ_CP019563/PROKKA_NZ_CP019563.sqn
[17:17:13] PROKKA_NZ_CP019563/PROKKA_NZ_CP019563.log
[17:17:13] PROKKA_NZ_CP019563/PROKKA_NZ_CP019563.ffn
[17:17:13] PROKKA_NZ_CP019563/PROKKA_NZ_CP019563.faa
[17:17:13] PROKKA_NZ_CP019563/PROKKA_NZ_CP019563.err
[17:17:13] Annotation finished successfully.
[17:17:13] Walltime used: 0.05 minutes
[17:17:13] If you use this result please cite the Prokka paper:
[17:17:13] Seemann T (2014) Prokka: rapid prokaryotic genome annotation. Bioinformatics. 30(14):2068-9.
[17:17:13] Type 'prokka --citation' for more details.
[17:17:13] Share and enjoy!
