[17:13:18] This is prokka 1.12
[17:13:18] Written by Torsten Seemann <torsten.seemann@gmail.com>
[17:13:18] Homepage is https://github.com/tseemann/prokka
[17:13:18] Local time is Mon May 15 17:13:18 2017
[17:13:18] You are fsepulveda
[17:13:18] Operating system is linux
[17:13:18] You have BioPerl 1.006924
[17:13:18] System has 4 cores.
[17:13:18] Option --cpu asked for 8 cores, but system only has 4
[17:13:18] Will use maximum of 4 cores.
[17:13:18] Annotating as >>> Bacteria <<<
[17:13:18] Creating new output folder: PROKKA_NZ_AP014653
[17:13:18] Running: mkdir -p PROKKA_NZ_AP014653
[17:13:18] Using filename prefix: PROKKA_NZ_AP014653.XXX
[17:13:18] Setting HMMER_NCPU=1
[17:13:18] Writing log to: PROKKA_NZ_AP014653/PROKKA_NZ_AP014653.log
[17:13:18] Command: /home/fsepulveda/Desktop/tesis/sccmec_classification/prokka-1.12/bin/prokka --genus Staphylococcus --prefix PROKKA_NZ_AP014653 --addgenes --addmrna --locustag NZ_AP014653_SCCmec /home/fsepulveda/Documents/parte2/229_sccmec/sccmec_NZ_AP014653.fasta
[17:13:18] Appending to PATH: /home/fsepulveda/Desktop/tesis/sccmec_classification/prokka-1.12/bin/../binaries/linux
[17:13:18] Appending to PATH: /home/fsepulveda/Desktop/tesis/sccmec_classification/prokka-1.12/bin/../binaries/linux/../common
[17:13:18] Appending to PATH: /home/fsepulveda/Desktop/tesis/sccmec_classification/prokka-1.12/bin
[17:13:18] Looking for 'aragorn' - found /home/fsepulveda/Desktop/tesis/sccmec_classification/prokka-1.12/bin/../binaries/linux/aragorn
[17:13:18] Determined aragorn version is 1.2
[17:13:18] Looking for 'blastp' - found /usr/bin/blastp
[17:13:18] Determined blastp version is 2.2
[17:13:18] Looking for 'cmpress' - found /usr/bin/cmpress
[17:13:18] Determined cmpress version is 1.1
[17:13:18] Looking for 'cmscan' - found /usr/bin/cmscan
[17:13:18] Determined cmscan version is 1.1
[17:13:18] Looking for 'egrep' - found /bin/egrep
[17:13:18] Looking for 'find' - found /usr/bin/find
[17:13:18] Looking for 'grep' - found /bin/grep
[17:13:18] Looking for 'hmmpress' - found /usr/bin/hmmpress
[17:13:18] Determined hmmpress version is 3.1
[17:13:18] Looking for 'hmmscan' - found /usr/bin/hmmscan
[17:13:18] Determined hmmscan version is 3.1
[17:13:18] Looking for 'java' - found /usr/bin/java
[17:13:18] Looking for 'less' - found /usr/bin/less
[17:13:18] Looking for 'makeblastdb' - found /usr/bin/makeblastdb
[17:13:18] Determined makeblastdb version is 2.2
[17:13:18] Looking for 'minced' - found /home/fsepulveda/Desktop/tesis/sccmec_classification/prokka-1.12/bin/../binaries/linux/../common/minced
[17:13:18] Determined minced version is 2.0
[17:13:18] Looking for 'parallel' - found /home/fsepulveda/Desktop/tesis/sccmec_classification/prokka-1.12/bin/../binaries/linux/../common/parallel
[17:13:18] Determined parallel version is 20150122
[17:13:18] Looking for 'prodigal' - found /home/fsepulveda/Desktop/tesis/sccmec_classification/prokka-1.12/bin/../binaries/linux/prodigal
[17:13:18] Determined prodigal version is 2.6
[17:13:18] Looking for 'prokka-genbank_to_fasta_db' - found /home/fsepulveda/Desktop/tesis/sccmec_classification/prokka-1.12/bin/prokka-genbank_to_fasta_db
[17:13:18] Looking for 'sed' - found /bin/sed
[17:13:18] Looking for 'tbl2asn' - found /home/fsepulveda/Desktop/tesis/sccmec_classification/prokka-1.12/bin/../binaries/linux/tbl2asn
[17:13:18] Determined tbl2asn version is 25.3
[17:13:18] Using genetic code table 11.
[17:13:18] Loading and checking input file: /home/fsepulveda/Documents/parte2/229_sccmec/sccmec_NZ_AP014653.fasta
[17:13:18] Wrote 1 contigs totalling 26599 bp.
[17:13:18] Predicting tRNAs and tmRNAs
[17:13:18] Running: aragorn -l -gc11  -w PROKKA_NZ_AP014653\/PROKKA_NZ_AP014653\.fna
[17:13:18] Found 0 tRNAs
[17:13:18] Predicting Ribosomal RNAs
[17:13:18] You need either Barrnap or RNAmmer installed to predict rRNAs!
[17:13:18] Skipping ncRNA search, enable with --rfam if desired.
[17:13:18] Total of 0 tRNA + rRNA features
[17:13:18] Searching for CRISPR repeats
[17:13:18] Found 0 CRISPRs
[17:13:18] Predicting coding sequences
[17:13:18] Contigs total 26599 bp, so using meta mode
[17:13:18] Running: prodigal -i PROKKA_NZ_AP014653\/PROKKA_NZ_AP014653\.fna -c -m -g 11 -p meta -f sco -q
[17:13:18] Found 29 CDS
[17:13:18] Connecting features back to sequences
[17:13:18] Not using genus-specific database. Try --usegenus to enable it.
[17:13:18] Annotating CDS, please be patient.
[17:13:18] Will use 4 CPUs for similarity searching.
[17:13:18] There are still 29 unannotated CDS left (started with 29)
[17:13:18] Will use blast to search against /home/fsepulveda/Desktop/tesis/sccmec_classification/prokka-1.12/bin/../db/kingdom/Bacteria/sprot with 4 CPUs
[17:13:18] Running: cat PROKKA_NZ_AP014653\/sprot\.faa | parallel --gnu --plain -j 4 --block 939 --recstart '>' --pipe blastp -query - -db /home/fsepulveda/Desktop/tesis/sccmec_classification/prokka-1.12/bin/../db/kingdom/Bacteria/sprot -evalue 1e-06 -num_threads 1 -num_descriptions 1 -num_alignments 1 -seg no > PROKKA_NZ_AP014653\/sprot\.blast 2> /dev/null
[17:13:19] Deleting unwanted file: PROKKA_NZ_AP014653/sprot.faa
[17:13:19] Deleting unwanted file: PROKKA_NZ_AP014653/sprot.blast
[17:13:19] There are still 21 unannotated CDS left (started with 29)
[17:13:19] Will use hmmer3 to search against /home/fsepulveda/Desktop/tesis/sccmec_classification/prokka-1.12/bin/../db/hmm/HAMAP.hmm with 4 CPUs
[17:13:19] Running: cat PROKKA_NZ_AP014653\/HAMAP\.hmm\.faa | parallel --gnu --plain -j 4 --block 568 --recstart '>' --pipe hmmscan --noali --notextw --acc -E 1e-06 --cpu 1 /home/fsepulveda/Desktop/tesis/sccmec_classification/prokka-1.12/bin/../db/hmm/HAMAP.hmm /dev/stdin > PROKKA_NZ_AP014653\/HAMAP\.hmm\.hmmer3 2> /dev/null
[17:13:20] Deleting unwanted file: PROKKA_NZ_AP014653/HAMAP.hmm.faa
[17:13:20] Deleting unwanted file: PROKKA_NZ_AP014653/HAMAP.hmm.hmmer3
[17:13:20] Labelling remaining 21 proteins as 'hypothetical protein'
[17:13:20] Possible /pseudo 'DNA-invertase hin' at sccmec_saures_NZ_AP014653_l26599 position 19148
[17:13:20] Found 7 unique /gene codes.
[17:13:20] Fixed 2 duplicate /gene - hin_1 hin_2
[17:13:20] Fixed 1 colliding /gene names.
[17:13:20] Adding /locus_tag identifiers
[17:13:20] Assigned 29 locus_tags to CDS and RNA features.
[17:13:20] Writing outputs to PROKKA_NZ_AP014653/
[17:13:20] Generating annotation statistics file
[17:13:20] Generating Genbank and Sequin files
[17:13:20] Running: tbl2asn -V b -a r10k -l paired-ends -M n -N 1 -y 'Annotated using prokka 1.12 from https://github.com/tseemann/prokka' -Z PROKKA_NZ_AP014653\/PROKKA_NZ_AP014653\.err -i PROKKA_NZ_AP014653\/PROKKA_NZ_AP014653\.fsa 2> /dev/null
[17:13:20] Deleting unwanted file: PROKKA_NZ_AP014653/errorsummary.val
[17:13:20] Deleting unwanted file: PROKKA_NZ_AP014653/PROKKA_NZ_AP014653.dr
[17:13:20] Deleting unwanted file: PROKKA_NZ_AP014653/PROKKA_NZ_AP014653.fixedproducts
[17:13:20] Deleting unwanted file: PROKKA_NZ_AP014653/PROKKA_NZ_AP014653.ecn
[17:13:20] Deleting unwanted file: PROKKA_NZ_AP014653/PROKKA_NZ_AP014653.val
[17:13:20] Repairing broken .GBK output that tbl2asn produces...
[17:13:20] Running: sed 's/COORDINATES: profile/COORDINATES:profile/' < PROKKA_NZ_AP014653\/PROKKA_NZ_AP014653\.gbf > PROKKA_NZ_AP014653\/PROKKA_NZ_AP014653\.gbk
[17:13:20] Deleting unwanted file: PROKKA_NZ_AP014653/PROKKA_NZ_AP014653.gbf
[17:13:20] Output files:
[17:13:20] PROKKA_NZ_AP014653/PROKKA_NZ_AP014653.gbk
[17:13:20] PROKKA_NZ_AP014653/PROKKA_NZ_AP014653.fna
[17:13:20] PROKKA_NZ_AP014653/PROKKA_NZ_AP014653.gff
[17:13:20] PROKKA_NZ_AP014653/PROKKA_NZ_AP014653.log
[17:13:20] PROKKA_NZ_AP014653/PROKKA_NZ_AP014653.fsa
[17:13:20] PROKKA_NZ_AP014653/PROKKA_NZ_AP014653.txt
[17:13:20] PROKKA_NZ_AP014653/PROKKA_NZ_AP014653.sqn
[17:13:20] PROKKA_NZ_AP014653/PROKKA_NZ_AP014653.ffn
[17:13:20] PROKKA_NZ_AP014653/PROKKA_NZ_AP014653.tbl
[17:13:20] PROKKA_NZ_AP014653/PROKKA_NZ_AP014653.faa
[17:13:20] PROKKA_NZ_AP014653/PROKKA_NZ_AP014653.tsv
[17:13:20] PROKKA_NZ_AP014653/PROKKA_NZ_AP014653.err
[17:13:20] Annotation finished successfully.
[17:13:20] Walltime used: 0.03 minutes
[17:13:20] If you use this result please cite the Prokka paper:
[17:13:20] Seemann T (2014) Prokka: rapid prokaryotic genome annotation. Bioinformatics. 30(14):2068-9.
[17:13:20] Type 'prokka --citation' for more details.
[17:13:20] Thank you, come again.
