[17:16:06] This is prokka 1.12
[17:16:06] Written by Torsten Seemann <torsten.seemann@gmail.com>
[17:16:06] Homepage is https://github.com/tseemann/prokka
[17:16:06] Local time is Mon May 15 17:16:06 2017
[17:16:06] You are fsepulveda
[17:16:06] Operating system is linux
[17:16:06] You have BioPerl 1.006924
[17:16:06] System has 4 cores.
[17:16:06] Option --cpu asked for 8 cores, but system only has 4
[17:16:06] Will use maximum of 4 cores.
[17:16:06] Annotating as >>> Bacteria <<<
[17:16:06] Creating new output folder: PROKKA_NZ_CP014407
[17:16:06] Running: mkdir -p PROKKA_NZ_CP014407
[17:16:06] Using filename prefix: PROKKA_NZ_CP014407.XXX
[17:16:06] Setting HMMER_NCPU=1
[17:16:06] Writing log to: PROKKA_NZ_CP014407/PROKKA_NZ_CP014407.log
[17:16:06] Command: /home/fsepulveda/Desktop/tesis/sccmec_classification/prokka-1.12/bin/prokka --genus Staphylococcus --prefix PROKKA_NZ_CP014407 --addgenes --addmrna --locustag NZ_CP014407_SCCmec /home/fsepulveda/Documents/parte2/229_sccmec/sccmec_NZ_CP014407.fasta
[17:16:06] Appending to PATH: /home/fsepulveda/Desktop/tesis/sccmec_classification/prokka-1.12/bin/../binaries/linux
[17:16:07] Appending to PATH: /home/fsepulveda/Desktop/tesis/sccmec_classification/prokka-1.12/bin/../binaries/linux/../common
[17:16:07] Appending to PATH: /home/fsepulveda/Desktop/tesis/sccmec_classification/prokka-1.12/bin
[17:16:07] Looking for 'aragorn' - found /home/fsepulveda/Desktop/tesis/sccmec_classification/prokka-1.12/bin/../binaries/linux/aragorn
[17:16:07] Determined aragorn version is 1.2
[17:16:07] Looking for 'blastp' - found /usr/bin/blastp
[17:16:07] Determined blastp version is 2.2
[17:16:07] Looking for 'cmpress' - found /usr/bin/cmpress
[17:16:07] Determined cmpress version is 1.1
[17:16:07] Looking for 'cmscan' - found /usr/bin/cmscan
[17:16:07] Determined cmscan version is 1.1
[17:16:07] Looking for 'egrep' - found /bin/egrep
[17:16:07] Looking for 'find' - found /usr/bin/find
[17:16:07] Looking for 'grep' - found /bin/grep
[17:16:07] Looking for 'hmmpress' - found /usr/bin/hmmpress
[17:16:07] Determined hmmpress version is 3.1
[17:16:07] Looking for 'hmmscan' - found /usr/bin/hmmscan
[17:16:07] Determined hmmscan version is 3.1
[17:16:07] Looking for 'java' - found /usr/bin/java
[17:16:07] Looking for 'less' - found /usr/bin/less
[17:16:07] Looking for 'makeblastdb' - found /usr/bin/makeblastdb
[17:16:07] Determined makeblastdb version is 2.2
[17:16:07] Looking for 'minced' - found /home/fsepulveda/Desktop/tesis/sccmec_classification/prokka-1.12/bin/../binaries/linux/../common/minced
[17:16:07] Determined minced version is 2.0
[17:16:07] Looking for 'parallel' - found /home/fsepulveda/Desktop/tesis/sccmec_classification/prokka-1.12/bin/../binaries/linux/../common/parallel
[17:16:07] Determined parallel version is 20150122
[17:16:07] Looking for 'prodigal' - found /home/fsepulveda/Desktop/tesis/sccmec_classification/prokka-1.12/bin/../binaries/linux/prodigal
[17:16:07] Determined prodigal version is 2.6
[17:16:07] Looking for 'prokka-genbank_to_fasta_db' - found /home/fsepulveda/Desktop/tesis/sccmec_classification/prokka-1.12/bin/prokka-genbank_to_fasta_db
[17:16:07] Looking for 'sed' - found /bin/sed
[17:16:07] Looking for 'tbl2asn' - found /home/fsepulveda/Desktop/tesis/sccmec_classification/prokka-1.12/bin/../binaries/linux/tbl2asn
[17:16:07] Determined tbl2asn version is 25.3
[17:16:07] Using genetic code table 11.
[17:16:07] Loading and checking input file: /home/fsepulveda/Documents/parte2/229_sccmec/sccmec_NZ_CP014407.fasta
[17:16:07] Wrote 1 contigs totalling 55046 bp.
[17:16:07] Predicting tRNAs and tmRNAs
[17:16:07] Running: aragorn -l -gc11  -w PROKKA_NZ_CP014407\/PROKKA_NZ_CP014407\.fna
[17:16:07] Found 0 tRNAs
[17:16:07] Predicting Ribosomal RNAs
[17:16:07] You need either Barrnap or RNAmmer installed to predict rRNAs!
[17:16:07] Skipping ncRNA search, enable with --rfam if desired.
[17:16:07] Total of 0 tRNA + rRNA features
[17:16:07] Searching for CRISPR repeats
[17:16:07] Found 0 CRISPRs
[17:16:07] Predicting coding sequences
[17:16:07] Contigs total 55046 bp, so using meta mode
[17:16:07] Running: prodigal -i PROKKA_NZ_CP014407\/PROKKA_NZ_CP014407\.fna -c -m -g 11 -p meta -f sco -q
[17:16:07] Found 56 CDS
[17:16:07] Connecting features back to sequences
[17:16:07] Not using genus-specific database. Try --usegenus to enable it.
[17:16:07] Annotating CDS, please be patient.
[17:16:07] Will use 4 CPUs for similarity searching.
[17:16:07] There are still 56 unannotated CDS left (started with 56)
[17:16:07] Will use blast to search against /home/fsepulveda/Desktop/tesis/sccmec_classification/prokka-1.12/bin/../db/kingdom/Bacteria/sprot with 4 CPUs
[17:16:07] Running: cat PROKKA_NZ_CP014407\/sprot\.faa | parallel --gnu --plain -j 4 --block 1812 --recstart '>' --pipe blastp -query - -db /home/fsepulveda/Desktop/tesis/sccmec_classification/prokka-1.12/bin/../db/kingdom/Bacteria/sprot -evalue 1e-06 -num_threads 1 -num_descriptions 1 -num_alignments 1 -seg no > PROKKA_NZ_CP014407\/sprot\.blast 2> /dev/null
[17:16:09] Deleting unwanted file: PROKKA_NZ_CP014407/sprot.faa
[17:16:09] Deleting unwanted file: PROKKA_NZ_CP014407/sprot.blast
[17:16:09] There are still 33 unannotated CDS left (started with 56)
[17:16:09] Will use hmmer3 to search against /home/fsepulveda/Desktop/tesis/sccmec_classification/prokka-1.12/bin/../db/hmm/HAMAP.hmm with 4 CPUs
[17:16:09] Running: cat PROKKA_NZ_CP014407\/HAMAP\.hmm\.faa | parallel --gnu --plain -j 4 --block 817 --recstart '>' --pipe hmmscan --noali --notextw --acc -E 1e-06 --cpu 1 /home/fsepulveda/Desktop/tesis/sccmec_classification/prokka-1.12/bin/../db/hmm/HAMAP.hmm /dev/stdin > PROKKA_NZ_CP014407\/HAMAP\.hmm\.hmmer3 2> /dev/null
[17:16:10] Deleting unwanted file: PROKKA_NZ_CP014407/HAMAP.hmm.faa
[17:16:10] Deleting unwanted file: PROKKA_NZ_CP014407/HAMAP.hmm.hmmer3
[17:16:10] Labelling remaining 32 proteins as 'hypothetical protein'
[17:16:10] Possible /pseudo 'DNA-invertase hin' at sccmec_saures_NZ_CP014407_l55046 position 13831
[17:16:10] Found 22 unique /gene codes.
[17:16:10] Fixed 2 duplicate /gene - hin_1 hin_2
[17:16:10] Fixed 1 colliding /gene names.
[17:16:10] Adding /locus_tag identifiers
[17:16:10] Assigned 56 locus_tags to CDS and RNA features.
[17:16:10] Writing outputs to PROKKA_NZ_CP014407/
[17:16:10] Generating annotation statistics file
[17:16:10] Generating Genbank and Sequin files
[17:16:10] Running: tbl2asn -V b -a r10k -l paired-ends -M n -N 1 -y 'Annotated using prokka 1.12 from https://github.com/tseemann/prokka' -Z PROKKA_NZ_CP014407\/PROKKA_NZ_CP014407\.err -i PROKKA_NZ_CP014407\/PROKKA_NZ_CP014407\.fsa 2> /dev/null
[17:16:10] Deleting unwanted file: PROKKA_NZ_CP014407/errorsummary.val
[17:16:10] Deleting unwanted file: PROKKA_NZ_CP014407/PROKKA_NZ_CP014407.dr
[17:16:10] Deleting unwanted file: PROKKA_NZ_CP014407/PROKKA_NZ_CP014407.fixedproducts
[17:16:10] Deleting unwanted file: PROKKA_NZ_CP014407/PROKKA_NZ_CP014407.ecn
[17:16:10] Deleting unwanted file: PROKKA_NZ_CP014407/PROKKA_NZ_CP014407.val
[17:16:10] Repairing broken .GBK output that tbl2asn produces...
[17:16:10] Running: sed 's/COORDINATES: profile/COORDINATES:profile/' < PROKKA_NZ_CP014407\/PROKKA_NZ_CP014407\.gbf > PROKKA_NZ_CP014407\/PROKKA_NZ_CP014407\.gbk
[17:16:10] Deleting unwanted file: PROKKA_NZ_CP014407/PROKKA_NZ_CP014407.gbf
[17:16:10] Output files:
[17:16:10] PROKKA_NZ_CP014407/PROKKA_NZ_CP014407.sqn
[17:16:10] PROKKA_NZ_CP014407/PROKKA_NZ_CP014407.faa
[17:16:10] PROKKA_NZ_CP014407/PROKKA_NZ_CP014407.txt
[17:16:10] PROKKA_NZ_CP014407/PROKKA_NZ_CP014407.tsv
[17:16:10] PROKKA_NZ_CP014407/PROKKA_NZ_CP014407.ffn
[17:16:10] PROKKA_NZ_CP014407/PROKKA_NZ_CP014407.tbl
[17:16:10] PROKKA_NZ_CP014407/PROKKA_NZ_CP014407.err
[17:16:10] PROKKA_NZ_CP014407/PROKKA_NZ_CP014407.fna
[17:16:10] PROKKA_NZ_CP014407/PROKKA_NZ_CP014407.gff
[17:16:10] PROKKA_NZ_CP014407/PROKKA_NZ_CP014407.gbk
[17:16:10] PROKKA_NZ_CP014407/PROKKA_NZ_CP014407.log
[17:16:10] PROKKA_NZ_CP014407/PROKKA_NZ_CP014407.fsa
[17:16:10] Annotation finished successfully.
[17:16:10] Walltime used: 0.07 minutes
[17:16:10] If you use this result please cite the Prokka paper:
[17:16:10] Seemann T (2014) Prokka: rapid prokaryotic genome annotation. Bioinformatics. 30(14):2068-9.
[17:16:10] Type 'prokka --citation' for more details.
[17:16:10] Thank you, come again.
