[17:14:06] This is prokka 1.12
[17:14:06] Written by Torsten Seemann <torsten.seemann@gmail.com>
[17:14:06] Homepage is https://github.com/tseemann/prokka
[17:14:06] Local time is Mon May 15 17:14:06 2017
[17:14:06] You are fsepulveda
[17:14:06] Operating system is linux
[17:14:06] You have BioPerl 1.006924
[17:14:06] System has 4 cores.
[17:14:06] Option --cpu asked for 8 cores, but system only has 4
[17:14:06] Will use maximum of 4 cores.
[17:14:06] Annotating as >>> Bacteria <<<
[17:14:06] Creating new output folder: PROKKA_NZ_CP009828
[17:14:06] Running: mkdir -p PROKKA_NZ_CP009828
[17:14:06] Using filename prefix: PROKKA_NZ_CP009828.XXX
[17:14:06] Setting HMMER_NCPU=1
[17:14:06] Writing log to: PROKKA_NZ_CP009828/PROKKA_NZ_CP009828.log
[17:14:06] Command: /home/fsepulveda/Desktop/tesis/sccmec_classification/prokka-1.12/bin/prokka --genus Staphylococcus --prefix PROKKA_NZ_CP009828 --addgenes --addmrna --locustag NZ_CP009828_SCCmec /home/fsepulveda/Documents/parte2/229_sccmec/sccmec_NZ_CP009828.fasta
[17:14:06] Appending to PATH: /home/fsepulveda/Desktop/tesis/sccmec_classification/prokka-1.12/bin/../binaries/linux
[17:14:06] Appending to PATH: /home/fsepulveda/Desktop/tesis/sccmec_classification/prokka-1.12/bin/../binaries/linux/../common
[17:14:06] Appending to PATH: /home/fsepulveda/Desktop/tesis/sccmec_classification/prokka-1.12/bin
[17:14:06] Looking for 'aragorn' - found /home/fsepulveda/Desktop/tesis/sccmec_classification/prokka-1.12/bin/../binaries/linux/aragorn
[17:14:06] Determined aragorn version is 1.2
[17:14:06] Looking for 'blastp' - found /usr/bin/blastp
[17:14:06] Determined blastp version is 2.2
[17:14:06] Looking for 'cmpress' - found /usr/bin/cmpress
[17:14:06] Determined cmpress version is 1.1
[17:14:06] Looking for 'cmscan' - found /usr/bin/cmscan
[17:14:06] Determined cmscan version is 1.1
[17:14:06] Looking for 'egrep' - found /bin/egrep
[17:14:06] Looking for 'find' - found /usr/bin/find
[17:14:06] Looking for 'grep' - found /bin/grep
[17:14:06] Looking for 'hmmpress' - found /usr/bin/hmmpress
[17:14:06] Determined hmmpress version is 3.1
[17:14:06] Looking for 'hmmscan' - found /usr/bin/hmmscan
[17:14:06] Determined hmmscan version is 3.1
[17:14:06] Looking for 'java' - found /usr/bin/java
[17:14:06] Looking for 'less' - found /usr/bin/less
[17:14:06] Looking for 'makeblastdb' - found /usr/bin/makeblastdb
[17:14:06] Determined makeblastdb version is 2.2
[17:14:06] Looking for 'minced' - found /home/fsepulveda/Desktop/tesis/sccmec_classification/prokka-1.12/bin/../binaries/linux/../common/minced
[17:14:06] Determined minced version is 2.0
[17:14:06] Looking for 'parallel' - found /home/fsepulveda/Desktop/tesis/sccmec_classification/prokka-1.12/bin/../binaries/linux/../common/parallel
[17:14:07] Determined parallel version is 20150122
[17:14:07] Looking for 'prodigal' - found /home/fsepulveda/Desktop/tesis/sccmec_classification/prokka-1.12/bin/../binaries/linux/prodigal
[17:14:07] Determined prodigal version is 2.6
[17:14:07] Looking for 'prokka-genbank_to_fasta_db' - found /home/fsepulveda/Desktop/tesis/sccmec_classification/prokka-1.12/bin/prokka-genbank_to_fasta_db
[17:14:07] Looking for 'sed' - found /bin/sed
[17:14:07] Looking for 'tbl2asn' - found /home/fsepulveda/Desktop/tesis/sccmec_classification/prokka-1.12/bin/../binaries/linux/tbl2asn
[17:14:07] Determined tbl2asn version is 25.3
[17:14:07] Using genetic code table 11.
[17:14:07] Loading and checking input file: /home/fsepulveda/Documents/parte2/229_sccmec/sccmec_NZ_CP009828.fasta
[17:14:07] Wrote 1 contigs totalling 41866 bp.
[17:14:07] Predicting tRNAs and tmRNAs
[17:14:07] Running: aragorn -l -gc11  -w PROKKA_NZ_CP009828\/PROKKA_NZ_CP009828\.fna
[17:14:07] Found 0 tRNAs
[17:14:07] Predicting Ribosomal RNAs
[17:14:07] You need either Barrnap or RNAmmer installed to predict rRNAs!
[17:14:07] Skipping ncRNA search, enable with --rfam if desired.
[17:14:07] Total of 0 tRNA + rRNA features
[17:14:07] Searching for CRISPR repeats
[17:14:07] Found 0 CRISPRs
[17:14:07] Predicting coding sequences
[17:14:07] Contigs total 41866 bp, so using meta mode
[17:14:07] Running: prodigal -i PROKKA_NZ_CP009828\/PROKKA_NZ_CP009828\.fna -c -m -g 11 -p meta -f sco -q
[17:14:07] Found 42 CDS
[17:14:07] Connecting features back to sequences
[17:14:07] Not using genus-specific database. Try --usegenus to enable it.
[17:14:07] Annotating CDS, please be patient.
[17:14:07] Will use 4 CPUs for similarity searching.
[17:14:07] There are still 42 unannotated CDS left (started with 42)
[17:14:07] Will use blast to search against /home/fsepulveda/Desktop/tesis/sccmec_classification/prokka-1.12/bin/../db/kingdom/Bacteria/sprot with 4 CPUs
[17:14:07] Running: cat PROKKA_NZ_CP009828\/sprot\.faa | parallel --gnu --plain -j 4 --block 1523 --recstart '>' --pipe blastp -query - -db /home/fsepulveda/Desktop/tesis/sccmec_classification/prokka-1.12/bin/../db/kingdom/Bacteria/sprot -evalue 1e-06 -num_threads 1 -num_descriptions 1 -num_alignments 1 -seg no > PROKKA_NZ_CP009828\/sprot\.blast 2> /dev/null
[17:14:08] Deleting unwanted file: PROKKA_NZ_CP009828/sprot.faa
[17:14:08] Deleting unwanted file: PROKKA_NZ_CP009828/sprot.blast
[17:14:08] There are still 31 unannotated CDS left (started with 42)
[17:14:08] Will use hmmer3 to search against /home/fsepulveda/Desktop/tesis/sccmec_classification/prokka-1.12/bin/../db/hmm/HAMAP.hmm with 4 CPUs
[17:14:08] Running: cat PROKKA_NZ_CP009828\/HAMAP\.hmm\.faa | parallel --gnu --plain -j 4 --block 812 --recstart '>' --pipe hmmscan --noali --notextw --acc -E 1e-06 --cpu 1 /home/fsepulveda/Desktop/tesis/sccmec_classification/prokka-1.12/bin/../db/hmm/HAMAP.hmm /dev/stdin > PROKKA_NZ_CP009828\/HAMAP\.hmm\.hmmer3 2> /dev/null
[17:14:09] Deleting unwanted file: PROKKA_NZ_CP009828/HAMAP.hmm.faa
[17:14:09] Deleting unwanted file: PROKKA_NZ_CP009828/HAMAP.hmm.hmmer3
[17:14:09] Labelling remaining 31 proteins as 'hypothetical protein'
[17:14:09] Found 9 unique /gene codes.
[17:14:09] Fixed 2 duplicate /gene - hin_1 hin_2
[17:14:09] Fixed 1 colliding /gene names.
[17:14:09] Adding /locus_tag identifiers
[17:14:09] Assigned 42 locus_tags to CDS and RNA features.
[17:14:09] Writing outputs to PROKKA_NZ_CP009828/
[17:14:09] Generating annotation statistics file
[17:14:09] Generating Genbank and Sequin files
[17:14:09] Running: tbl2asn -V b -a r10k -l paired-ends -M n -N 1 -y 'Annotated using prokka 1.12 from https://github.com/tseemann/prokka' -Z PROKKA_NZ_CP009828\/PROKKA_NZ_CP009828\.err -i PROKKA_NZ_CP009828\/PROKKA_NZ_CP009828\.fsa 2> /dev/null
[17:14:10] Deleting unwanted file: PROKKA_NZ_CP009828/errorsummary.val
[17:14:10] Deleting unwanted file: PROKKA_NZ_CP009828/PROKKA_NZ_CP009828.dr
[17:14:10] Deleting unwanted file: PROKKA_NZ_CP009828/PROKKA_NZ_CP009828.fixedproducts
[17:14:10] Deleting unwanted file: PROKKA_NZ_CP009828/PROKKA_NZ_CP009828.ecn
[17:14:10] Deleting unwanted file: PROKKA_NZ_CP009828/PROKKA_NZ_CP009828.val
[17:14:10] Repairing broken .GBK output that tbl2asn produces...
[17:14:10] Running: sed 's/COORDINATES: profile/COORDINATES:profile/' < PROKKA_NZ_CP009828\/PROKKA_NZ_CP009828\.gbf > PROKKA_NZ_CP009828\/PROKKA_NZ_CP009828\.gbk
[17:14:10] Deleting unwanted file: PROKKA_NZ_CP009828/PROKKA_NZ_CP009828.gbf
[17:14:10] Output files:
[17:14:10] PROKKA_NZ_CP009828/PROKKA_NZ_CP009828.txt
[17:14:10] PROKKA_NZ_CP009828/PROKKA_NZ_CP009828.faa
[17:14:10] PROKKA_NZ_CP009828/PROKKA_NZ_CP009828.fsa
[17:14:10] PROKKA_NZ_CP009828/PROKKA_NZ_CP009828.fna
[17:14:10] PROKKA_NZ_CP009828/PROKKA_NZ_CP009828.ffn
[17:14:10] PROKKA_NZ_CP009828/PROKKA_NZ_CP009828.err
[17:14:10] PROKKA_NZ_CP009828/PROKKA_NZ_CP009828.gbk
[17:14:10] PROKKA_NZ_CP009828/PROKKA_NZ_CP009828.log
[17:14:10] PROKKA_NZ_CP009828/PROKKA_NZ_CP009828.sqn
[17:14:10] PROKKA_NZ_CP009828/PROKKA_NZ_CP009828.tsv
[17:14:10] PROKKA_NZ_CP009828/PROKKA_NZ_CP009828.tbl
[17:14:10] PROKKA_NZ_CP009828/PROKKA_NZ_CP009828.gff
[17:14:10] Annotation finished successfully.
[17:14:10] Walltime used: 0.07 minutes
[17:14:10] If you use this result please cite the Prokka paper:
[17:14:10] Seemann T (2014) Prokka: rapid prokaryotic genome annotation. Bioinformatics. 30(14):2068-9.
[17:14:10] Type 'prokka --citation' for more details.
[17:14:10] Thank you, come again.
