Discrepancy Report Results

Summary
FATAL: BAD_LOCUS_TAG_FORMAT:42 locus tags are incorrectly formatted.
FATAL: MISSING_PROTEIN_ID:42 proteins have invalid IDs.
DISC_SOURCE_QUALS_ASNDISC:strain (all present, all unique)
DISC_SOURCE_QUALS_ASNDISC:taxname (all present, all unique)
DISC_FEATURE_COUNT:gene: 42 present
DISC_FEATURE_COUNT:CDS: 42 present
DISC_FEATURE_COUNT:mRNA: 42 present
DISC_COUNT_NUCLEOTIDES:1 nucleotide Bioseqs are present
OVERLAPPING_GENES:11 genes overlap another gene on the same strand.
DISC_QUALITY_SCORES:Quality scores are missing on all sequences.
ONCALLER_COMMENT_PRESENT:1 comment descriptors were found (all same)
SHORT_PROT_SEQUENCES:2 protein sequences are shorter than 50 aa.
MISSING_GENOMEASSEMBLY_COMMENTS:1 bioseqs are missing GenomeAssembly structured comments
MOLTYPE_NOT_MRNA:1 molecule types are not set as mRNA.
TECHNIQUE_NOT_TSA:1 technique are not set as TSA
MISSING_STRUCTURED_COMMENT:1 sequences do not include structured comments.
MISSING_PROJECT:43 sequences do not include project.
DISC_INCONSISTENT_MOLINFO_TECH:Molinfo Technique Report (some missing, all same)


Detailed Report

FATAL: DiscRep_ALL:BAD_LOCUS_TAG_FORMAT::42 locus tags are incorrectly formatted.
PROKKA_NZ_CP009828/PROKKA_NZ_CP009828:Gene	rlmH	sccmec_saures_NZ_CP009828_l41866:1-480	NZ_CP009828_SCCmec_00001
PROKKA_NZ_CP009828/PROKKA_NZ_CP009828:Gene	NZ_CP009828_SCCmec_00002	sccmec_saures_NZ_CP009828_l41866:522-677	NZ_CP009828_SCCmec_00002
PROKKA_NZ_CP009828/PROKKA_NZ_CP009828:Gene	NZ_CP009828_SCCmec_00003	sccmec_saures_NZ_CP009828_l41866:726-1031	NZ_CP009828_SCCmec_00003
PROKKA_NZ_CP009828/PROKKA_NZ_CP009828:Gene	NZ_CP009828_SCCmec_00004	sccmec_saures_NZ_CP009828_l41866:1230-2093	NZ_CP009828_SCCmec_00004
PROKKA_NZ_CP009828/PROKKA_NZ_CP009828:Gene	NZ_CP009828_SCCmec_00005	sccmec_saures_NZ_CP009828_l41866:2177-3676	NZ_CP009828_SCCmec_00005
PROKKA_NZ_CP009828/PROKKA_NZ_CP009828:Gene	NZ_CP009828_SCCmec_00006	sccmec_saures_NZ_CP009828_l41866:3902-5002	NZ_CP009828_SCCmec_00006
PROKKA_NZ_CP009828/PROKKA_NZ_CP009828:Gene	NZ_CP009828_SCCmec_00007	sccmec_saures_NZ_CP009828_l41866:4995-5366	NZ_CP009828_SCCmec_00007
PROKKA_NZ_CP009828/PROKKA_NZ_CP009828:Gene	NZ_CP009828_SCCmec_00008	sccmec_saures_NZ_CP009828_l41866:5363-7006	NZ_CP009828_SCCmec_00008
PROKKA_NZ_CP009828/PROKKA_NZ_CP009828:Gene	hin_1	sccmec_saures_NZ_CP009828_l41866:7232-8908	NZ_CP009828_SCCmec_00009
PROKKA_NZ_CP009828/PROKKA_NZ_CP009828:Gene	NZ_CP009828_SCCmec_00010	sccmec_saures_NZ_CP009828_l41866:9014-9352	NZ_CP009828_SCCmec_00010
PROKKA_NZ_CP009828/PROKKA_NZ_CP009828:Gene	NZ_CP009828_SCCmec_00011	sccmec_saures_NZ_CP009828_l41866:9448-9759	NZ_CP009828_SCCmec_00011
PROKKA_NZ_CP009828/PROKKA_NZ_CP009828:Gene	NZ_CP009828_SCCmec_00012	sccmec_saures_NZ_CP009828_l41866:9775-10281	NZ_CP009828_SCCmec_00012
PROKKA_NZ_CP009828/PROKKA_NZ_CP009828:Gene	NZ_CP009828_SCCmec_00013	sccmec_saures_NZ_CP009828_l41866:c11104-10430	NZ_CP009828_SCCmec_00013
PROKKA_NZ_CP009828/PROKKA_NZ_CP009828:Gene	NZ_CP009828_SCCmec_00014	sccmec_saures_NZ_CP009828_l41866:11362-11529	NZ_CP009828_SCCmec_00014
PROKKA_NZ_CP009828/PROKKA_NZ_CP009828:Gene	NZ_CP009828_SCCmec_00015	sccmec_saures_NZ_CP009828_l41866:11627-11857	NZ_CP009828_SCCmec_00015
PROKKA_NZ_CP009828/PROKKA_NZ_CP009828:Gene	ugpQ	sccmec_saures_NZ_CP009828_l41866:12526-13269	NZ_CP009828_SCCmec_00016
PROKKA_NZ_CP009828/PROKKA_NZ_CP009828:Gene	paaZ	sccmec_saures_NZ_CP009828_l41866:13366-13794	NZ_CP009828_SCCmec_00017
PROKKA_NZ_CP009828/PROKKA_NZ_CP009828:Gene	pbp	sccmec_saures_NZ_CP009828_l41866:c15846-13840	NZ_CP009828_SCCmec_00018
PROKKA_NZ_CP009828/PROKKA_NZ_CP009828:Gene	NZ_CP009828_SCCmec_00019	sccmec_saures_NZ_CP009828_l41866:16094-16237	NZ_CP009828_SCCmec_00019
PROKKA_NZ_CP009828/PROKKA_NZ_CP009828:Gene	NZ_CP009828_SCCmec_00020	sccmec_saures_NZ_CP009828_l41866:c17256-16828	NZ_CP009828_SCCmec_00020
PROKKA_NZ_CP009828/PROKKA_NZ_CP009828:Gene	NZ_CP009828_SCCmec_00021	sccmec_saures_NZ_CP009828_l41866:17337-18266	NZ_CP009828_SCCmec_00021
PROKKA_NZ_CP009828/PROKKA_NZ_CP009828:Gene	NZ_CP009828_SCCmec_00022	sccmec_saures_NZ_CP009828_l41866:18300-18398	NZ_CP009828_SCCmec_00022
PROKKA_NZ_CP009828/PROKKA_NZ_CP009828:Gene	NZ_CP009828_SCCmec_00023	sccmec_saures_NZ_CP009828_l41866:18428-18910	NZ_CP009828_SCCmec_00023
PROKKA_NZ_CP009828/PROKKA_NZ_CP009828:Gene	NZ_CP009828_SCCmec_00024	sccmec_saures_NZ_CP009828_l41866:18978-19292	NZ_CP009828_SCCmec_00024
PROKKA_NZ_CP009828/PROKKA_NZ_CP009828:Gene	NZ_CP009828_SCCmec_00025	sccmec_saures_NZ_CP009828_l41866:19277-20119	NZ_CP009828_SCCmec_00025
PROKKA_NZ_CP009828/PROKKA_NZ_CP009828:Gene	NZ_CP009828_SCCmec_00026	sccmec_saures_NZ_CP009828_l41866:20126-21691	NZ_CP009828_SCCmec_00026
PROKKA_NZ_CP009828/PROKKA_NZ_CP009828:Gene	NZ_CP009828_SCCmec_00027	sccmec_saures_NZ_CP009828_l41866:21886-22995	NZ_CP009828_SCCmec_00027
PROKKA_NZ_CP009828/PROKKA_NZ_CP009828:Gene	NZ_CP009828_SCCmec_00028	sccmec_saures_NZ_CP009828_l41866:22988-23356	NZ_CP009828_SCCmec_00028
PROKKA_NZ_CP009828/PROKKA_NZ_CP009828:Gene	NZ_CP009828_SCCmec_00029	sccmec_saures_NZ_CP009828_l41866:23356-24972	NZ_CP009828_SCCmec_00029
PROKKA_NZ_CP009828/PROKKA_NZ_CP009828:Gene	hin_2	sccmec_saures_NZ_CP009828_l41866:25197-26876	NZ_CP009828_SCCmec_00030
PROKKA_NZ_CP009828/PROKKA_NZ_CP009828:Gene	NZ_CP009828_SCCmec_00031	sccmec_saures_NZ_CP009828_l41866:26929-27303	NZ_CP009828_SCCmec_00031
PROKKA_NZ_CP009828/PROKKA_NZ_CP009828:Gene	NZ_CP009828_SCCmec_00032	sccmec_saures_NZ_CP009828_l41866:27382-27708	NZ_CP009828_SCCmec_00032
PROKKA_NZ_CP009828/PROKKA_NZ_CP009828:Gene	NZ_CP009828_SCCmec_00033	sccmec_saures_NZ_CP009828_l41866:27720-28226	NZ_CP009828_SCCmec_00033
PROKKA_NZ_CP009828/PROKKA_NZ_CP009828:Gene	NZ_CP009828_SCCmec_00034	sccmec_saures_NZ_CP009828_l41866:28240-28461	NZ_CP009828_SCCmec_00034
PROKKA_NZ_CP009828/PROKKA_NZ_CP009828:Gene	hsdR	sccmec_saures_NZ_CP009828_l41866:c31655-28536	NZ_CP009828_SCCmec_00035
PROKKA_NZ_CP009828/PROKKA_NZ_CP009828:Gene	NZ_CP009828_SCCmec_00036	sccmec_saures_NZ_CP009828_l41866:c32940-31639	NZ_CP009828_SCCmec_00036
PROKKA_NZ_CP009828/PROKKA_NZ_CP009828:Gene	hsdM	sccmec_saures_NZ_CP009828_l41866:c34444-32930	NZ_CP009828_SCCmec_00037
PROKKA_NZ_CP009828/PROKKA_NZ_CP009828:Gene	NZ_CP009828_SCCmec_00038	sccmec_saures_NZ_CP009828_l41866:34853-36949	NZ_CP009828_SCCmec_00038
PROKKA_NZ_CP009828/PROKKA_NZ_CP009828:Gene	pcrA	sccmec_saures_NZ_CP009828_l41866:36951-38699	NZ_CP009828_SCCmec_00039
PROKKA_NZ_CP009828/PROKKA_NZ_CP009828:Gene	NZ_CP009828_SCCmec_00040	sccmec_saures_NZ_CP009828_l41866:38909-39091	NZ_CP009828_SCCmec_00040
PROKKA_NZ_CP009828/PROKKA_NZ_CP009828:Gene	ddc	sccmec_saures_NZ_CP009828_l41866:c40583-39159	NZ_CP009828_SCCmec_00041
PROKKA_NZ_CP009828/PROKKA_NZ_CP009828:Gene	NZ_CP009828_SCCmec_00042	sccmec_saures_NZ_CP009828_l41866:41528-41695	NZ_CP009828_SCCmec_00042

FATAL: DiscRep_ALL:MISSING_PROTEIN_ID::42 proteins have invalid IDs.
PROKKA_NZ_CP009828/PROKKA_NZ_CP009828:sccmec_saures_NZ_CP009828_l41866_1 (length 159)
PROKKA_NZ_CP009828/PROKKA_NZ_CP009828:sccmec_saures_NZ_CP009828_l41866_2 (length 51)
PROKKA_NZ_CP009828/PROKKA_NZ_CP009828:sccmec_saures_NZ_CP009828_l41866_3 (length 101)
PROKKA_NZ_CP009828/PROKKA_NZ_CP009828:sccmec_saures_NZ_CP009828_l41866_4 (length 287)
PROKKA_NZ_CP009828/PROKKA_NZ_CP009828:sccmec_saures_NZ_CP009828_l41866_5 (length 499)
PROKKA_NZ_CP009828/PROKKA_NZ_CP009828:sccmec_saures_NZ_CP009828_l41866_6 (length 366)
PROKKA_NZ_CP009828/PROKKA_NZ_CP009828:sccmec_saures_NZ_CP009828_l41866_7 (length 123)
PROKKA_NZ_CP009828/PROKKA_NZ_CP009828:sccmec_saures_NZ_CP009828_l41866_8 (length 547)
PROKKA_NZ_CP009828/PROKKA_NZ_CP009828:sccmec_saures_NZ_CP009828_l41866_9 (length 558)
PROKKA_NZ_CP009828/PROKKA_NZ_CP009828:sccmec_saures_NZ_CP009828_l41866_10 (length 112)
PROKKA_NZ_CP009828/PROKKA_NZ_CP009828:sccmec_saures_NZ_CP009828_l41866_11 (length 103)
PROKKA_NZ_CP009828/PROKKA_NZ_CP009828:sccmec_saures_NZ_CP009828_l41866_12 (length 168)
PROKKA_NZ_CP009828/PROKKA_NZ_CP009828:sccmec_saures_NZ_CP009828_l41866_13 (length 224)
PROKKA_NZ_CP009828/PROKKA_NZ_CP009828:sccmec_saures_NZ_CP009828_l41866_14 (length 55)
PROKKA_NZ_CP009828/PROKKA_NZ_CP009828:sccmec_saures_NZ_CP009828_l41866_15 (length 76)
PROKKA_NZ_CP009828/PROKKA_NZ_CP009828:sccmec_saures_NZ_CP009828_l41866_16 (length 247)
PROKKA_NZ_CP009828/PROKKA_NZ_CP009828:sccmec_saures_NZ_CP009828_l41866_17 (length 142)
PROKKA_NZ_CP009828/PROKKA_NZ_CP009828:sccmec_saures_NZ_CP009828_l41866_18 (length 668)
PROKKA_NZ_CP009828/PROKKA_NZ_CP009828:sccmec_saures_NZ_CP009828_l41866_19 (length 47)
PROKKA_NZ_CP009828/PROKKA_NZ_CP009828:sccmec_saures_NZ_CP009828_l41866_20 (length 142)
PROKKA_NZ_CP009828/PROKKA_NZ_CP009828:sccmec_saures_NZ_CP009828_l41866_21 (length 309)
PROKKA_NZ_CP009828/PROKKA_NZ_CP009828:sccmec_saures_NZ_CP009828_l41866_22 (length 32)
PROKKA_NZ_CP009828/PROKKA_NZ_CP009828:sccmec_saures_NZ_CP009828_l41866_23 (length 160)
PROKKA_NZ_CP009828/PROKKA_NZ_CP009828:sccmec_saures_NZ_CP009828_l41866_24 (length 104)
PROKKA_NZ_CP009828/PROKKA_NZ_CP009828:sccmec_saures_NZ_CP009828_l41866_25 (length 280)
PROKKA_NZ_CP009828/PROKKA_NZ_CP009828:sccmec_saures_NZ_CP009828_l41866_26 (length 521)
PROKKA_NZ_CP009828/PROKKA_NZ_CP009828:sccmec_saures_NZ_CP009828_l41866_27 (length 369)
PROKKA_NZ_CP009828/PROKKA_NZ_CP009828:sccmec_saures_NZ_CP009828_l41866_28 (length 122)
PROKKA_NZ_CP009828/PROKKA_NZ_CP009828:sccmec_saures_NZ_CP009828_l41866_29 (length 538)
PROKKA_NZ_CP009828/PROKKA_NZ_CP009828:sccmec_saures_NZ_CP009828_l41866_30 (length 559)
PROKKA_NZ_CP009828/PROKKA_NZ_CP009828:sccmec_saures_NZ_CP009828_l41866_31 (length 124)
PROKKA_NZ_CP009828/PROKKA_NZ_CP009828:sccmec_saures_NZ_CP009828_l41866_32 (length 108)
PROKKA_NZ_CP009828/PROKKA_NZ_CP009828:sccmec_saures_NZ_CP009828_l41866_33 (length 168)
PROKKA_NZ_CP009828/PROKKA_NZ_CP009828:sccmec_saures_NZ_CP009828_l41866_34 (length 73)
PROKKA_NZ_CP009828/PROKKA_NZ_CP009828:sccmec_saures_NZ_CP009828_l41866_35 (length 1039)
PROKKA_NZ_CP009828/PROKKA_NZ_CP009828:sccmec_saures_NZ_CP009828_l41866_36 (length 433)
PROKKA_NZ_CP009828/PROKKA_NZ_CP009828:sccmec_saures_NZ_CP009828_l41866_37 (length 504)
PROKKA_NZ_CP009828/PROKKA_NZ_CP009828:sccmec_saures_NZ_CP009828_l41866_38 (length 698)
PROKKA_NZ_CP009828/PROKKA_NZ_CP009828:sccmec_saures_NZ_CP009828_l41866_39 (length 582)
PROKKA_NZ_CP009828/PROKKA_NZ_CP009828:sccmec_saures_NZ_CP009828_l41866_40 (length 60)
PROKKA_NZ_CP009828/PROKKA_NZ_CP009828:sccmec_saures_NZ_CP009828_l41866_41 (length 474)
PROKKA_NZ_CP009828/PROKKA_NZ_CP009828:sccmec_saures_NZ_CP009828_l41866_42 (length 55)

DiscRep_ALL:DISC_SOURCE_QUALS_ASNDISC::strain (all present, all unique)
DiscRep_SUB:DISC_SOURCE_QUALS_ASNDISC::1 sources have unique values for strain
DiscRep_ALL:DISC_SOURCE_QUALS_ASNDISC::taxname (all present, all unique)
DiscRep_SUB:DISC_SOURCE_QUALS_ASNDISC::1 sources have unique values for taxname
DiscRep_ALL:DISC_FEATURE_COUNT::gene: 42 present
DiscRep_ALL:DISC_FEATURE_COUNT::CDS: 42 present
DiscRep_ALL:DISC_FEATURE_COUNT::mRNA: 42 present
DiscRep_ALL:DISC_COUNT_NUCLEOTIDES::1 nucleotide Bioseqs are present
PROKKA_NZ_CP009828/PROKKA_NZ_CP009828:sccmec_saures_NZ_CP009828_l41866 (length 41866)

DiscRep_ALL:OVERLAPPING_GENES::11 genes overlap another gene on the same strand.
PROKKA_NZ_CP009828/PROKKA_NZ_CP009828:Gene	NZ_CP009828_SCCmec_00006	sccmec_saures_NZ_CP009828_l41866:3902-5002	NZ_CP009828_SCCmec_00006
PROKKA_NZ_CP009828/PROKKA_NZ_CP009828:Gene	NZ_CP009828_SCCmec_00007	sccmec_saures_NZ_CP009828_l41866:4995-5366	NZ_CP009828_SCCmec_00007
PROKKA_NZ_CP009828/PROKKA_NZ_CP009828:Gene	NZ_CP009828_SCCmec_00008	sccmec_saures_NZ_CP009828_l41866:5363-7006	NZ_CP009828_SCCmec_00008
PROKKA_NZ_CP009828/PROKKA_NZ_CP009828:Gene	NZ_CP009828_SCCmec_00024	sccmec_saures_NZ_CP009828_l41866:18978-19292	NZ_CP009828_SCCmec_00024
PROKKA_NZ_CP009828/PROKKA_NZ_CP009828:Gene	NZ_CP009828_SCCmec_00025	sccmec_saures_NZ_CP009828_l41866:19277-20119	NZ_CP009828_SCCmec_00025
PROKKA_NZ_CP009828/PROKKA_NZ_CP009828:Gene	NZ_CP009828_SCCmec_00027	sccmec_saures_NZ_CP009828_l41866:21886-22995	NZ_CP009828_SCCmec_00027
PROKKA_NZ_CP009828/PROKKA_NZ_CP009828:Gene	NZ_CP009828_SCCmec_00028	sccmec_saures_NZ_CP009828_l41866:22988-23356	NZ_CP009828_SCCmec_00028
PROKKA_NZ_CP009828/PROKKA_NZ_CP009828:Gene	NZ_CP009828_SCCmec_00029	sccmec_saures_NZ_CP009828_l41866:23356-24972	NZ_CP009828_SCCmec_00029
PROKKA_NZ_CP009828/PROKKA_NZ_CP009828:Gene	hsdR	sccmec_saures_NZ_CP009828_l41866:c31655-28536	NZ_CP009828_SCCmec_00035
PROKKA_NZ_CP009828/PROKKA_NZ_CP009828:Gene	NZ_CP009828_SCCmec_00036	sccmec_saures_NZ_CP009828_l41866:c32940-31639	NZ_CP009828_SCCmec_00036
PROKKA_NZ_CP009828/PROKKA_NZ_CP009828:Gene	hsdM	sccmec_saures_NZ_CP009828_l41866:c34444-32930	NZ_CP009828_SCCmec_00037

DiscRep_ALL:DISC_QUALITY_SCORES::Quality scores are missing on all sequences.

DiscRep_ALL:ONCALLER_COMMENT_PRESENT::1 comment descriptors were found (all same)
PROKKA_NZ_CP009828/PROKKA_NZ_CP009828:sccmec_saures_NZ_CP009828_l41866:Annotated using prokka 1.12 from https://github.com/tseemann/prokka

DiscRep_ALL:SHORT_PROT_SEQUENCES::2 protein sequences are shorter than 50 aa.
PROKKA_NZ_CP009828/PROKKA_NZ_CP009828:sccmec_saures_NZ_CP009828_l41866_19 (length 47)
PROKKA_NZ_CP009828/PROKKA_NZ_CP009828:sccmec_saures_NZ_CP009828_l41866_22 (length 32)

DiscRep_ALL:MISSING_GENOMEASSEMBLY_COMMENTS::1 bioseqs are missing GenomeAssembly structured comments
PROKKA_NZ_CP009828/PROKKA_NZ_CP009828:sccmec_saures_NZ_CP009828_l41866 (length 41866)

DiscRep_ALL:MOLTYPE_NOT_MRNA::1 molecule types are not set as mRNA.
PROKKA_NZ_CP009828/PROKKA_NZ_CP009828:sccmec_saures_NZ_CP009828_l41866 (length 41866)

DiscRep_ALL:TECHNIQUE_NOT_TSA::1 technique are not set as TSA
PROKKA_NZ_CP009828/PROKKA_NZ_CP009828:sccmec_saures_NZ_CP009828_l41866 (length 41866)

DiscRep_ALL:MISSING_STRUCTURED_COMMENT::1 sequences do not include structured comments.
PROKKA_NZ_CP009828/PROKKA_NZ_CP009828:sccmec_saures_NZ_CP009828_l41866 (length 41866)

DiscRep_ALL:MISSING_PROJECT::43 sequences do not include project.
PROKKA_NZ_CP009828/PROKKA_NZ_CP009828:sccmec_saures_NZ_CP009828_l41866 (length 41866)
PROKKA_NZ_CP009828/PROKKA_NZ_CP009828:sccmec_saures_NZ_CP009828_l41866_1 (length 159)
PROKKA_NZ_CP009828/PROKKA_NZ_CP009828:sccmec_saures_NZ_CP009828_l41866_2 (length 51)
PROKKA_NZ_CP009828/PROKKA_NZ_CP009828:sccmec_saures_NZ_CP009828_l41866_3 (length 101)
PROKKA_NZ_CP009828/PROKKA_NZ_CP009828:sccmec_saures_NZ_CP009828_l41866_4 (length 287)
PROKKA_NZ_CP009828/PROKKA_NZ_CP009828:sccmec_saures_NZ_CP009828_l41866_5 (length 499)
PROKKA_NZ_CP009828/PROKKA_NZ_CP009828:sccmec_saures_NZ_CP009828_l41866_6 (length 366)
PROKKA_NZ_CP009828/PROKKA_NZ_CP009828:sccmec_saures_NZ_CP009828_l41866_7 (length 123)
PROKKA_NZ_CP009828/PROKKA_NZ_CP009828:sccmec_saures_NZ_CP009828_l41866_8 (length 547)
PROKKA_NZ_CP009828/PROKKA_NZ_CP009828:sccmec_saures_NZ_CP009828_l41866_9 (length 558)
PROKKA_NZ_CP009828/PROKKA_NZ_CP009828:sccmec_saures_NZ_CP009828_l41866_10 (length 112)
PROKKA_NZ_CP009828/PROKKA_NZ_CP009828:sccmec_saures_NZ_CP009828_l41866_11 (length 103)
PROKKA_NZ_CP009828/PROKKA_NZ_CP009828:sccmec_saures_NZ_CP009828_l41866_12 (length 168)
PROKKA_NZ_CP009828/PROKKA_NZ_CP009828:sccmec_saures_NZ_CP009828_l41866_13 (length 224)
PROKKA_NZ_CP009828/PROKKA_NZ_CP009828:sccmec_saures_NZ_CP009828_l41866_14 (length 55)
PROKKA_NZ_CP009828/PROKKA_NZ_CP009828:sccmec_saures_NZ_CP009828_l41866_15 (length 76)
PROKKA_NZ_CP009828/PROKKA_NZ_CP009828:sccmec_saures_NZ_CP009828_l41866_16 (length 247)
PROKKA_NZ_CP009828/PROKKA_NZ_CP009828:sccmec_saures_NZ_CP009828_l41866_17 (length 142)
PROKKA_NZ_CP009828/PROKKA_NZ_CP009828:sccmec_saures_NZ_CP009828_l41866_18 (length 668)
PROKKA_NZ_CP009828/PROKKA_NZ_CP009828:sccmec_saures_NZ_CP009828_l41866_19 (length 47)
PROKKA_NZ_CP009828/PROKKA_NZ_CP009828:sccmec_saures_NZ_CP009828_l41866_20 (length 142)
PROKKA_NZ_CP009828/PROKKA_NZ_CP009828:sccmec_saures_NZ_CP009828_l41866_21 (length 309)
PROKKA_NZ_CP009828/PROKKA_NZ_CP009828:sccmec_saures_NZ_CP009828_l41866_22 (length 32)
PROKKA_NZ_CP009828/PROKKA_NZ_CP009828:sccmec_saures_NZ_CP009828_l41866_23 (length 160)
PROKKA_NZ_CP009828/PROKKA_NZ_CP009828:sccmec_saures_NZ_CP009828_l41866_24 (length 104)
PROKKA_NZ_CP009828/PROKKA_NZ_CP009828:sccmec_saures_NZ_CP009828_l41866_25 (length 280)
PROKKA_NZ_CP009828/PROKKA_NZ_CP009828:sccmec_saures_NZ_CP009828_l41866_26 (length 521)
PROKKA_NZ_CP009828/PROKKA_NZ_CP009828:sccmec_saures_NZ_CP009828_l41866_27 (length 369)
PROKKA_NZ_CP009828/PROKKA_NZ_CP009828:sccmec_saures_NZ_CP009828_l41866_28 (length 122)
PROKKA_NZ_CP009828/PROKKA_NZ_CP009828:sccmec_saures_NZ_CP009828_l41866_29 (length 538)
PROKKA_NZ_CP009828/PROKKA_NZ_CP009828:sccmec_saures_NZ_CP009828_l41866_30 (length 559)
PROKKA_NZ_CP009828/PROKKA_NZ_CP009828:sccmec_saures_NZ_CP009828_l41866_31 (length 124)
PROKKA_NZ_CP009828/PROKKA_NZ_CP009828:sccmec_saures_NZ_CP009828_l41866_32 (length 108)
PROKKA_NZ_CP009828/PROKKA_NZ_CP009828:sccmec_saures_NZ_CP009828_l41866_33 (length 168)
PROKKA_NZ_CP009828/PROKKA_NZ_CP009828:sccmec_saures_NZ_CP009828_l41866_34 (length 73)
PROKKA_NZ_CP009828/PROKKA_NZ_CP009828:sccmec_saures_NZ_CP009828_l41866_35 (length 1039)
PROKKA_NZ_CP009828/PROKKA_NZ_CP009828:sccmec_saures_NZ_CP009828_l41866_36 (length 433)
PROKKA_NZ_CP009828/PROKKA_NZ_CP009828:sccmec_saures_NZ_CP009828_l41866_37 (length 504)
PROKKA_NZ_CP009828/PROKKA_NZ_CP009828:sccmec_saures_NZ_CP009828_l41866_38 (length 698)
PROKKA_NZ_CP009828/PROKKA_NZ_CP009828:sccmec_saures_NZ_CP009828_l41866_39 (length 582)
PROKKA_NZ_CP009828/PROKKA_NZ_CP009828:sccmec_saures_NZ_CP009828_l41866_40 (length 60)
PROKKA_NZ_CP009828/PROKKA_NZ_CP009828:sccmec_saures_NZ_CP009828_l41866_41 (length 474)
PROKKA_NZ_CP009828/PROKKA_NZ_CP009828:sccmec_saures_NZ_CP009828_l41866_42 (length 55)

DiscRep_ALL:DISC_INCONSISTENT_MOLINFO_TECH::Molinfo Technique Report (some missing, all same)
DiscRep_SUB:DISC_INCONSISTENT_MOLINFO_TECH::technique (all missing)
DiscRep_SUB:DISC_INCONSISTENT_MOLINFO_TECH::1 Molinfos are missing field technique
PROKKA_NZ_CP009828/PROKKA_NZ_CP009828:sccmec_saures_NZ_CP009828_l41866 (length 41866)

