Discrepancy Report Results

Summary
FATAL: BAD_LOCUS_TAG_FORMAT:57 locus tags are incorrectly formatted.
FATAL: MISSING_PROTEIN_ID:57 proteins have invalid IDs.
DISC_SOURCE_QUALS_ASNDISC:strain (all present, all unique)
DISC_SOURCE_QUALS_ASNDISC:taxname (all present, all unique)
DISC_FEATURE_COUNT:gene: 57 present
DISC_FEATURE_COUNT:CDS: 57 present
DISC_FEATURE_COUNT:mRNA: 57 present
DISC_COUNT_NUCLEOTIDES:1 nucleotide Bioseqs are present
OVERLAPPING_GENES:10 genes overlap another gene on the same strand.
OVERLAPPING_CDS:2 coding regions overlap another coding region with a similar or identical name.
DISC_QUALITY_SCORES:Quality scores are missing on all sequences.
ONCALLER_COMMENT_PRESENT:1 comment descriptors were found (all same)
SHORT_PROT_SEQUENCES:2 protein sequences are shorter than 50 aa.
MISSING_GENOMEASSEMBLY_COMMENTS:1 bioseqs are missing GenomeAssembly structured comments
MOLTYPE_NOT_MRNA:1 molecule types are not set as mRNA.
TECHNIQUE_NOT_TSA:1 technique are not set as TSA
MISSING_STRUCTURED_COMMENT:1 sequences do not include structured comments.
MISSING_PROJECT:58 sequences do not include project.
DISC_INCONSISTENT_MOLINFO_TECH:Molinfo Technique Report (some missing, all same)


Detailed Report

FATAL: DiscRep_ALL:BAD_LOCUS_TAG_FORMAT::57 locus tags are incorrectly formatted.
PROKKA_NZ_CP013953/PROKKA_NZ_CP013953:Gene	rlmH	sccmec_saures_NZ_CP013953_l54574:1-480	NZ_CP013953_SCCmec_00001
PROKKA_NZ_CP013953/PROKKA_NZ_CP013953:Gene	NZ_CP013953_SCCmec_00002	sccmec_saures_NZ_CP013953_l54574:763-2058	NZ_CP013953_SCCmec_00002
PROKKA_NZ_CP013953/PROKKA_NZ_CP013953:Gene	NZ_CP013953_SCCmec_00003	sccmec_saures_NZ_CP013953_l54574:2473-2712	NZ_CP013953_SCCmec_00003
PROKKA_NZ_CP013953/PROKKA_NZ_CP013953:Gene	NZ_CP013953_SCCmec_00004	sccmec_saures_NZ_CP013953_l54574:c3418-2744	NZ_CP013953_SCCmec_00004
PROKKA_NZ_CP013953/PROKKA_NZ_CP013953:Gene	NZ_CP013953_SCCmec_00005	sccmec_saures_NZ_CP013953_l54574:c3706-3509	NZ_CP013953_SCCmec_00005
PROKKA_NZ_CP013953/PROKKA_NZ_CP013953:Gene	NZ_CP013953_SCCmec_00006	sccmec_saures_NZ_CP013953_l54574:c4513-3719	NZ_CP013953_SCCmec_00006
PROKKA_NZ_CP013953/PROKKA_NZ_CP013953:Gene	NZ_CP013953_SCCmec_00007	sccmec_saures_NZ_CP013953_l54574:4666-4755	NZ_CP013953_SCCmec_00007
PROKKA_NZ_CP013953/PROKKA_NZ_CP013953:Gene	pre	sccmec_saures_NZ_CP013953_l54574:c5999-4737	NZ_CP013953_SCCmec_00008
PROKKA_NZ_CP013953/PROKKA_NZ_CP013953:Gene	ble	sccmec_saures_NZ_CP013953_l54574:c6904-6506	NZ_CP013953_SCCmec_00009
PROKKA_NZ_CP013953/PROKKA_NZ_CP013953:Gene	knt	sccmec_saures_NZ_CP013953_l54574:c7897-7127	NZ_CP013953_SCCmec_00010
PROKKA_NZ_CP013953/PROKKA_NZ_CP013953:Gene	NZ_CP013953_SCCmec_00011	sccmec_saures_NZ_CP013953_l54574:c8764-8090	NZ_CP013953_SCCmec_00011
PROKKA_NZ_CP013953/PROKKA_NZ_CP013953:Gene	NZ_CP013953_SCCmec_00012	sccmec_saures_NZ_CP013953_l54574:9022-9189	NZ_CP013953_SCCmec_00012
PROKKA_NZ_CP013953/PROKKA_NZ_CP013953:Gene	NZ_CP013953_SCCmec_00013	sccmec_saures_NZ_CP013953_l54574:9287-9517	NZ_CP013953_SCCmec_00013
PROKKA_NZ_CP013953/PROKKA_NZ_CP013953:Gene	ugpQ	sccmec_saures_NZ_CP013953_l54574:9906-10649	NZ_CP013953_SCCmec_00014
PROKKA_NZ_CP013953/PROKKA_NZ_CP013953:Gene	paaZ	sccmec_saures_NZ_CP013953_l54574:10746-11174	NZ_CP013953_SCCmec_00015
PROKKA_NZ_CP013953/PROKKA_NZ_CP013953:Gene	pbp	sccmec_saures_NZ_CP013953_l54574:c13226-11220	NZ_CP013953_SCCmec_00016
PROKKA_NZ_CP013953/PROKKA_NZ_CP013953:Gene	mecR1	sccmec_saures_NZ_CP013953_l54574:13428-15083	NZ_CP013953_SCCmec_00017
PROKKA_NZ_CP013953/PROKKA_NZ_CP013953:Gene	mecI	sccmec_saures_NZ_CP013953_l54574:15083-15454	NZ_CP013953_SCCmec_00018
PROKKA_NZ_CP013953/PROKKA_NZ_CP013953:Gene	NZ_CP013953_SCCmec_00019	sccmec_saures_NZ_CP013953_l54574:15555-15767	NZ_CP013953_SCCmec_00019
PROKKA_NZ_CP013953/PROKKA_NZ_CP013953:Gene	nagC	sccmec_saures_NZ_CP013953_l54574:15962-17071	NZ_CP013953_SCCmec_00020
PROKKA_NZ_CP013953/PROKKA_NZ_CP013953:Gene	pspE_1	sccmec_saures_NZ_CP013953_l54574:c17490-17185	NZ_CP013953_SCCmec_00021
PROKKA_NZ_CP013953/PROKKA_NZ_CP013953:Gene	gloC	sccmec_saures_NZ_CP013953_l54574:c18519-17581	NZ_CP013953_SCCmec_00022
PROKKA_NZ_CP013953/PROKKA_NZ_CP013953:Gene	pspE_2	sccmec_saures_NZ_CP013953_l54574:c19616-18552	NZ_CP013953_SCCmec_00023
PROKKA_NZ_CP013953/PROKKA_NZ_CP013953:Gene	csoR	sccmec_saures_NZ_CP013953_l54574:19752-20012	NZ_CP013953_SCCmec_00024
PROKKA_NZ_CP013953/PROKKA_NZ_CP013953:Gene	NZ_CP013953_SCCmec_00025	sccmec_saures_NZ_CP013953_l54574:20027-20656	NZ_CP013953_SCCmec_00025
PROKKA_NZ_CP013953/PROKKA_NZ_CP013953:Gene	ycgJ	sccmec_saures_NZ_CP013953_l54574:c21657-20995	NZ_CP013953_SCCmec_00026
PROKKA_NZ_CP013953/PROKKA_NZ_CP013953:Gene	ermA1	sccmec_saures_NZ_CP013953_l54574:22088-22819	NZ_CP013953_SCCmec_00027
PROKKA_NZ_CP013953/PROKKA_NZ_CP013953:Gene	ant1	sccmec_saures_NZ_CP013953_l54574:c23727-22945	NZ_CP013953_SCCmec_00028
PROKKA_NZ_CP013953/PROKKA_NZ_CP013953:Gene	NZ_CP013953_SCCmec_00029	sccmec_saures_NZ_CP013953_l54574:c24255-23878	NZ_CP013953_SCCmec_00029
PROKKA_NZ_CP013953/PROKKA_NZ_CP013953:Gene	xerC_1	sccmec_saures_NZ_CP013953_l54574:c26154-24262	NZ_CP013953_SCCmec_00030
PROKKA_NZ_CP013953/PROKKA_NZ_CP013953:Gene	xerC_2	sccmec_saures_NZ_CP013953_l54574:c27236-26151	NZ_CP013953_SCCmec_00031
PROKKA_NZ_CP013953/PROKKA_NZ_CP013953:Gene	NZ_CP013953_SCCmec_00032	sccmec_saures_NZ_CP013953_l54574:c27672-27355	NZ_CP013953_SCCmec_00032
PROKKA_NZ_CP013953/PROKKA_NZ_CP013953:Gene	NZ_CP013953_SCCmec_00033	sccmec_saures_NZ_CP013953_l54574:c28199-27693	NZ_CP013953_SCCmec_00033
PROKKA_NZ_CP013953/PROKKA_NZ_CP013953:Gene	NZ_CP013953_SCCmec_00034	sccmec_saures_NZ_CP013953_l54574:c28528-28217	NZ_CP013953_SCCmec_00034
PROKKA_NZ_CP013953/PROKKA_NZ_CP013953:Gene	NZ_CP013953_SCCmec_00035	sccmec_saures_NZ_CP013953_l54574:c28965-28615	NZ_CP013953_SCCmec_00035
PROKKA_NZ_CP013953/PROKKA_NZ_CP013953:Gene	hin_1	sccmec_saures_NZ_CP013953_l54574:c31111-29483	NZ_CP013953_SCCmec_00036
PROKKA_NZ_CP013953/PROKKA_NZ_CP013953:Gene	hin_2	sccmec_saures_NZ_CP013953_l54574:c32500-31133	NZ_CP013953_SCCmec_00037
PROKKA_NZ_CP013953/PROKKA_NZ_CP013953:Gene	NZ_CP013953_SCCmec_00038	sccmec_saures_NZ_CP013953_l54574:c34509-32716	NZ_CP013953_SCCmec_00038
PROKKA_NZ_CP013953/PROKKA_NZ_CP013953:Gene	NZ_CP013953_SCCmec_00039	sccmec_saures_NZ_CP013953_l54574:c34805-34509	NZ_CP013953_SCCmec_00039
PROKKA_NZ_CP013953/PROKKA_NZ_CP013953:Gene	NZ_CP013953_SCCmec_00040	sccmec_saures_NZ_CP013953_l54574:c36044-34998	NZ_CP013953_SCCmec_00040
PROKKA_NZ_CP013953/PROKKA_NZ_CP013953:Gene	NZ_CP013953_SCCmec_00041	sccmec_saures_NZ_CP013953_l54574:c36717-36295	NZ_CP013953_SCCmec_00041
PROKKA_NZ_CP013953/PROKKA_NZ_CP013953:Gene	NZ_CP013953_SCCmec_00042	sccmec_saures_NZ_CP013953_l54574:c37137-36784	NZ_CP013953_SCCmec_00042
PROKKA_NZ_CP013953/PROKKA_NZ_CP013953:Gene	NZ_CP013953_SCCmec_00043	sccmec_saures_NZ_CP013953_l54574:c37436-37122	NZ_CP013953_SCCmec_00043
PROKKA_NZ_CP013953/PROKKA_NZ_CP013953:Gene	NZ_CP013953_SCCmec_00044	sccmec_saures_NZ_CP013953_l54574:c38849-37947	NZ_CP013953_SCCmec_00044
PROKKA_NZ_CP013953/PROKKA_NZ_CP013953:Gene	NZ_CP013953_SCCmec_00045	sccmec_saures_NZ_CP013953_l54574:c40269-39097	NZ_CP013953_SCCmec_00045
PROKKA_NZ_CP013953/PROKKA_NZ_CP013953:Gene	kdpE	sccmec_saures_NZ_CP013953_l54574:c41622-40927	NZ_CP013953_SCCmec_00046
PROKKA_NZ_CP013953/PROKKA_NZ_CP013953:Gene	kdpD	sccmec_saures_NZ_CP013953_l54574:c44317-41597	NZ_CP013953_SCCmec_00047
PROKKA_NZ_CP013953/PROKKA_NZ_CP013953:Gene	NZ_CP013953_SCCmec_00048	sccmec_saures_NZ_CP013953_l54574:c44461-44318	NZ_CP013953_SCCmec_00048
PROKKA_NZ_CP013953/PROKKA_NZ_CP013953:Gene	kdpA	sccmec_saures_NZ_CP013953_l54574:44534-46210	NZ_CP013953_SCCmec_00049
PROKKA_NZ_CP013953/PROKKA_NZ_CP013953:Gene	kdpB	sccmec_saures_NZ_CP013953_l54574:46229-48250	NZ_CP013953_SCCmec_00050
PROKKA_NZ_CP013953/PROKKA_NZ_CP013953:Gene	kdpC	sccmec_saures_NZ_CP013953_l54574:48266-48823	NZ_CP013953_SCCmec_00051
PROKKA_NZ_CP013953/PROKKA_NZ_CP013953:Gene	NZ_CP013953_SCCmec_00052	sccmec_saures_NZ_CP013953_l54574:c50237-49368	NZ_CP013953_SCCmec_00052
PROKKA_NZ_CP013953/PROKKA_NZ_CP013953:Gene	NZ_CP013953_SCCmec_00053	sccmec_saures_NZ_CP013953_l54574:c51143-50247	NZ_CP013953_SCCmec_00053
PROKKA_NZ_CP013953/PROKKA_NZ_CP013953:Gene	NZ_CP013953_SCCmec_00054	sccmec_saures_NZ_CP013953_l54574:c51717-51343	NZ_CP013953_SCCmec_00054
PROKKA_NZ_CP013953/PROKKA_NZ_CP013953:Gene	NZ_CP013953_SCCmec_00055	sccmec_saures_NZ_CP013953_l54574:c52172-51885	NZ_CP013953_SCCmec_00055
PROKKA_NZ_CP013953/PROKKA_NZ_CP013953:Gene	NZ_CP013953_SCCmec_00056	sccmec_saures_NZ_CP013953_l54574:c52888-52262	NZ_CP013953_SCCmec_00056
PROKKA_NZ_CP013953/PROKKA_NZ_CP013953:Gene	prkC	sccmec_saures_NZ_CP013953_l54574:53003-54511	NZ_CP013953_SCCmec_00057

FATAL: DiscRep_ALL:MISSING_PROTEIN_ID::57 proteins have invalid IDs.
PROKKA_NZ_CP013953/PROKKA_NZ_CP013953:sccmec_saures_NZ_CP013953_l54574_1 (length 159)
PROKKA_NZ_CP013953/PROKKA_NZ_CP013953:sccmec_saures_NZ_CP013953_l54574_2 (length 431)
PROKKA_NZ_CP013953/PROKKA_NZ_CP013953:sccmec_saures_NZ_CP013953_l54574_3 (length 79)
PROKKA_NZ_CP013953/PROKKA_NZ_CP013953:sccmec_saures_NZ_CP013953_l54574_4 (length 224)
PROKKA_NZ_CP013953/PROKKA_NZ_CP013953:sccmec_saures_NZ_CP013953_l54574_5 (length 65)
PROKKA_NZ_CP013953/PROKKA_NZ_CP013953:sccmec_saures_NZ_CP013953_l54574_6 (length 264)
PROKKA_NZ_CP013953/PROKKA_NZ_CP013953:sccmec_saures_NZ_CP013953_l54574_7 (length 29)
PROKKA_NZ_CP013953/PROKKA_NZ_CP013953:sccmec_saures_NZ_CP013953_l54574_8 (length 420)
PROKKA_NZ_CP013953/PROKKA_NZ_CP013953:sccmec_saures_NZ_CP013953_l54574_9 (length 132)
PROKKA_NZ_CP013953/PROKKA_NZ_CP013953:sccmec_saures_NZ_CP013953_l54574_10 (length 256)
PROKKA_NZ_CP013953/PROKKA_NZ_CP013953:sccmec_saures_NZ_CP013953_l54574_11 (length 224)
PROKKA_NZ_CP013953/PROKKA_NZ_CP013953:sccmec_saures_NZ_CP013953_l54574_12 (length 55)
PROKKA_NZ_CP013953/PROKKA_NZ_CP013953:sccmec_saures_NZ_CP013953_l54574_13 (length 76)
PROKKA_NZ_CP013953/PROKKA_NZ_CP013953:sccmec_saures_NZ_CP013953_l54574_14 (length 247)
PROKKA_NZ_CP013953/PROKKA_NZ_CP013953:sccmec_saures_NZ_CP013953_l54574_15 (length 142)
PROKKA_NZ_CP013953/PROKKA_NZ_CP013953:sccmec_saures_NZ_CP013953_l54574_16 (length 668)
PROKKA_NZ_CP013953/PROKKA_NZ_CP013953:sccmec_saures_NZ_CP013953_l54574_17 (length 551)
PROKKA_NZ_CP013953/PROKKA_NZ_CP013953:sccmec_saures_NZ_CP013953_l54574_18 (length 123)
PROKKA_NZ_CP013953/PROKKA_NZ_CP013953:sccmec_saures_NZ_CP013953_l54574_19 (length 70)
PROKKA_NZ_CP013953/PROKKA_NZ_CP013953:sccmec_saures_NZ_CP013953_l54574_20 (length 369)
PROKKA_NZ_CP013953/PROKKA_NZ_CP013953:sccmec_saures_NZ_CP013953_l54574_21 (length 101)
PROKKA_NZ_CP013953/PROKKA_NZ_CP013953:sccmec_saures_NZ_CP013953_l54574_22 (length 312)
PROKKA_NZ_CP013953/PROKKA_NZ_CP013953:sccmec_saures_NZ_CP013953_l54574_23 (length 354)
PROKKA_NZ_CP013953/PROKKA_NZ_CP013953:sccmec_saures_NZ_CP013953_l54574_24 (length 86)
PROKKA_NZ_CP013953/PROKKA_NZ_CP013953:sccmec_saures_NZ_CP013953_l54574_25 (length 209)
PROKKA_NZ_CP013953/PROKKA_NZ_CP013953:sccmec_saures_NZ_CP013953_l54574_26 (length 220)
PROKKA_NZ_CP013953/PROKKA_NZ_CP013953:sccmec_saures_NZ_CP013953_l54574_27 (length 243)
PROKKA_NZ_CP013953/PROKKA_NZ_CP013953:sccmec_saures_NZ_CP013953_l54574_28 (length 260)
PROKKA_NZ_CP013953/PROKKA_NZ_CP013953:sccmec_saures_NZ_CP013953_l54574_29 (length 125)
PROKKA_NZ_CP013953/PROKKA_NZ_CP013953:sccmec_saures_NZ_CP013953_l54574_30 (length 630)
PROKKA_NZ_CP013953/PROKKA_NZ_CP013953:sccmec_saures_NZ_CP013953_l54574_31 (length 361)
PROKKA_NZ_CP013953/PROKKA_NZ_CP013953:sccmec_saures_NZ_CP013953_l54574_32 (length 105)
PROKKA_NZ_CP013953/PROKKA_NZ_CP013953:sccmec_saures_NZ_CP013953_l54574_33 (length 168)
PROKKA_NZ_CP013953/PROKKA_NZ_CP013953:sccmec_saures_NZ_CP013953_l54574_34 (length 103)
PROKKA_NZ_CP013953/PROKKA_NZ_CP013953:sccmec_saures_NZ_CP013953_l54574_35 (length 116)
PROKKA_NZ_CP013953/PROKKA_NZ_CP013953:sccmec_saures_NZ_CP013953_l54574_36 (length 542)
PROKKA_NZ_CP013953/PROKKA_NZ_CP013953:sccmec_saures_NZ_CP013953_l54574_37 (length 455)
PROKKA_NZ_CP013953/PROKKA_NZ_CP013953:sccmec_saures_NZ_CP013953_l54574_38 (length 597)
PROKKA_NZ_CP013953/PROKKA_NZ_CP013953:sccmec_saures_NZ_CP013953_l54574_39 (length 98)
PROKKA_NZ_CP013953/PROKKA_NZ_CP013953:sccmec_saures_NZ_CP013953_l54574_40 (length 348)
PROKKA_NZ_CP013953/PROKKA_NZ_CP013953:sccmec_saures_NZ_CP013953_l54574_41 (length 140)
PROKKA_NZ_CP013953/PROKKA_NZ_CP013953:sccmec_saures_NZ_CP013953_l54574_42 (length 117)
PROKKA_NZ_CP013953/PROKKA_NZ_CP013953:sccmec_saures_NZ_CP013953_l54574_43 (length 104)
PROKKA_NZ_CP013953/PROKKA_NZ_CP013953:sccmec_saures_NZ_CP013953_l54574_44 (length 300)
PROKKA_NZ_CP013953/PROKKA_NZ_CP013953:sccmec_saures_NZ_CP013953_l54574_45 (length 390)
PROKKA_NZ_CP013953/PROKKA_NZ_CP013953:sccmec_saures_NZ_CP013953_l54574_46 (length 231)
PROKKA_NZ_CP013953/PROKKA_NZ_CP013953:sccmec_saures_NZ_CP013953_l54574_47 (length 906)
PROKKA_NZ_CP013953/PROKKA_NZ_CP013953:sccmec_saures_NZ_CP013953_l54574_48 (length 47)
PROKKA_NZ_CP013953/PROKKA_NZ_CP013953:sccmec_saures_NZ_CP013953_l54574_49 (length 558)
PROKKA_NZ_CP013953/PROKKA_NZ_CP013953:sccmec_saures_NZ_CP013953_l54574_50 (length 673)
PROKKA_NZ_CP013953/PROKKA_NZ_CP013953:sccmec_saures_NZ_CP013953_l54574_51 (length 185)
PROKKA_NZ_CP013953/PROKKA_NZ_CP013953:sccmec_saures_NZ_CP013953_l54574_52 (length 289)
PROKKA_NZ_CP013953/PROKKA_NZ_CP013953:sccmec_saures_NZ_CP013953_l54574_53 (length 298)
PROKKA_NZ_CP013953/PROKKA_NZ_CP013953:sccmec_saures_NZ_CP013953_l54574_54 (length 124)
PROKKA_NZ_CP013953/PROKKA_NZ_CP013953:sccmec_saures_NZ_CP013953_l54574_55 (length 95)
PROKKA_NZ_CP013953/PROKKA_NZ_CP013953:sccmec_saures_NZ_CP013953_l54574_56 (length 208)
PROKKA_NZ_CP013953/PROKKA_NZ_CP013953:sccmec_saures_NZ_CP013953_l54574_57 (length 502)

DiscRep_ALL:DISC_SOURCE_QUALS_ASNDISC::strain (all present, all unique)
DiscRep_SUB:DISC_SOURCE_QUALS_ASNDISC::1 sources have unique values for strain
DiscRep_ALL:DISC_SOURCE_QUALS_ASNDISC::taxname (all present, all unique)
DiscRep_SUB:DISC_SOURCE_QUALS_ASNDISC::1 sources have unique values for taxname
DiscRep_ALL:DISC_FEATURE_COUNT::gene: 57 present
DiscRep_ALL:DISC_FEATURE_COUNT::CDS: 57 present
DiscRep_ALL:DISC_FEATURE_COUNT::mRNA: 57 present
DiscRep_ALL:DISC_COUNT_NUCLEOTIDES::1 nucleotide Bioseqs are present
PROKKA_NZ_CP013953/PROKKA_NZ_CP013953:sccmec_saures_NZ_CP013953_l54574 (length 54574)

DiscRep_ALL:OVERLAPPING_GENES::10 genes overlap another gene on the same strand.
PROKKA_NZ_CP013953/PROKKA_NZ_CP013953:Gene	mecR1	sccmec_saures_NZ_CP013953_l54574:13428-15083	NZ_CP013953_SCCmec_00017
PROKKA_NZ_CP013953/PROKKA_NZ_CP013953:Gene	mecI	sccmec_saures_NZ_CP013953_l54574:15083-15454	NZ_CP013953_SCCmec_00018
PROKKA_NZ_CP013953/PROKKA_NZ_CP013953:Gene	xerC_1	sccmec_saures_NZ_CP013953_l54574:c26154-24262	NZ_CP013953_SCCmec_00030
PROKKA_NZ_CP013953/PROKKA_NZ_CP013953:Gene	xerC_2	sccmec_saures_NZ_CP013953_l54574:c27236-26151	NZ_CP013953_SCCmec_00031
PROKKA_NZ_CP013953/PROKKA_NZ_CP013953:Gene	NZ_CP013953_SCCmec_00038	sccmec_saures_NZ_CP013953_l54574:c34509-32716	NZ_CP013953_SCCmec_00038
PROKKA_NZ_CP013953/PROKKA_NZ_CP013953:Gene	NZ_CP013953_SCCmec_00039	sccmec_saures_NZ_CP013953_l54574:c34805-34509	NZ_CP013953_SCCmec_00039
PROKKA_NZ_CP013953/PROKKA_NZ_CP013953:Gene	NZ_CP013953_SCCmec_00042	sccmec_saures_NZ_CP013953_l54574:c37137-36784	NZ_CP013953_SCCmec_00042
PROKKA_NZ_CP013953/PROKKA_NZ_CP013953:Gene	NZ_CP013953_SCCmec_00043	sccmec_saures_NZ_CP013953_l54574:c37436-37122	NZ_CP013953_SCCmec_00043
PROKKA_NZ_CP013953/PROKKA_NZ_CP013953:Gene	kdpE	sccmec_saures_NZ_CP013953_l54574:c41622-40927	NZ_CP013953_SCCmec_00046
PROKKA_NZ_CP013953/PROKKA_NZ_CP013953:Gene	kdpD	sccmec_saures_NZ_CP013953_l54574:c44317-41597	NZ_CP013953_SCCmec_00047

DiscRep_ALL:OVERLAPPING_CDS::2 coding regions overlap another coding region with a similar or identical name.
DiscRep_SUB:OVERLAPPING_CDS::2 coding regions overlap another coding region with a similar or identical name that do not have the appropriate note text
PROKKA_NZ_CP013953/PROKKA_NZ_CP013953:CDS	Tyrosine recombinase XerC	sccmec_saures_NZ_CP013953_l54574:c26154-24262	NZ_CP013953_SCCmec_00030
PROKKA_NZ_CP013953/PROKKA_NZ_CP013953:CDS	Tyrosine recombinase XerC	sccmec_saures_NZ_CP013953_l54574:c27236-26151	NZ_CP013953_SCCmec_00031

DiscRep_ALL:DISC_QUALITY_SCORES::Quality scores are missing on all sequences.

DiscRep_ALL:ONCALLER_COMMENT_PRESENT::1 comment descriptors were found (all same)
PROKKA_NZ_CP013953/PROKKA_NZ_CP013953:sccmec_saures_NZ_CP013953_l54574:Annotated using prokka 1.12 from https://github.com/tseemann/prokka

DiscRep_ALL:SHORT_PROT_SEQUENCES::2 protein sequences are shorter than 50 aa.
PROKKA_NZ_CP013953/PROKKA_NZ_CP013953:sccmec_saures_NZ_CP013953_l54574_7 (length 29)
PROKKA_NZ_CP013953/PROKKA_NZ_CP013953:sccmec_saures_NZ_CP013953_l54574_48 (length 47)

DiscRep_ALL:MISSING_GENOMEASSEMBLY_COMMENTS::1 bioseqs are missing GenomeAssembly structured comments
PROKKA_NZ_CP013953/PROKKA_NZ_CP013953:sccmec_saures_NZ_CP013953_l54574 (length 54574)

DiscRep_ALL:MOLTYPE_NOT_MRNA::1 molecule types are not set as mRNA.
PROKKA_NZ_CP013953/PROKKA_NZ_CP013953:sccmec_saures_NZ_CP013953_l54574 (length 54574)

DiscRep_ALL:TECHNIQUE_NOT_TSA::1 technique are not set as TSA
PROKKA_NZ_CP013953/PROKKA_NZ_CP013953:sccmec_saures_NZ_CP013953_l54574 (length 54574)

DiscRep_ALL:MISSING_STRUCTURED_COMMENT::1 sequences do not include structured comments.
PROKKA_NZ_CP013953/PROKKA_NZ_CP013953:sccmec_saures_NZ_CP013953_l54574 (length 54574)

DiscRep_ALL:MISSING_PROJECT::58 sequences do not include project.
PROKKA_NZ_CP013953/PROKKA_NZ_CP013953:sccmec_saures_NZ_CP013953_l54574 (length 54574)
PROKKA_NZ_CP013953/PROKKA_NZ_CP013953:sccmec_saures_NZ_CP013953_l54574_1 (length 159)
PROKKA_NZ_CP013953/PROKKA_NZ_CP013953:sccmec_saures_NZ_CP013953_l54574_2 (length 431)
PROKKA_NZ_CP013953/PROKKA_NZ_CP013953:sccmec_saures_NZ_CP013953_l54574_3 (length 79)
PROKKA_NZ_CP013953/PROKKA_NZ_CP013953:sccmec_saures_NZ_CP013953_l54574_4 (length 224)
PROKKA_NZ_CP013953/PROKKA_NZ_CP013953:sccmec_saures_NZ_CP013953_l54574_5 (length 65)
PROKKA_NZ_CP013953/PROKKA_NZ_CP013953:sccmec_saures_NZ_CP013953_l54574_6 (length 264)
PROKKA_NZ_CP013953/PROKKA_NZ_CP013953:sccmec_saures_NZ_CP013953_l54574_7 (length 29)
PROKKA_NZ_CP013953/PROKKA_NZ_CP013953:sccmec_saures_NZ_CP013953_l54574_8 (length 420)
PROKKA_NZ_CP013953/PROKKA_NZ_CP013953:sccmec_saures_NZ_CP013953_l54574_9 (length 132)
PROKKA_NZ_CP013953/PROKKA_NZ_CP013953:sccmec_saures_NZ_CP013953_l54574_10 (length 256)
PROKKA_NZ_CP013953/PROKKA_NZ_CP013953:sccmec_saures_NZ_CP013953_l54574_11 (length 224)
PROKKA_NZ_CP013953/PROKKA_NZ_CP013953:sccmec_saures_NZ_CP013953_l54574_12 (length 55)
PROKKA_NZ_CP013953/PROKKA_NZ_CP013953:sccmec_saures_NZ_CP013953_l54574_13 (length 76)
PROKKA_NZ_CP013953/PROKKA_NZ_CP013953:sccmec_saures_NZ_CP013953_l54574_14 (length 247)
PROKKA_NZ_CP013953/PROKKA_NZ_CP013953:sccmec_saures_NZ_CP013953_l54574_15 (length 142)
PROKKA_NZ_CP013953/PROKKA_NZ_CP013953:sccmec_saures_NZ_CP013953_l54574_16 (length 668)
PROKKA_NZ_CP013953/PROKKA_NZ_CP013953:sccmec_saures_NZ_CP013953_l54574_17 (length 551)
PROKKA_NZ_CP013953/PROKKA_NZ_CP013953:sccmec_saures_NZ_CP013953_l54574_18 (length 123)
PROKKA_NZ_CP013953/PROKKA_NZ_CP013953:sccmec_saures_NZ_CP013953_l54574_19 (length 70)
PROKKA_NZ_CP013953/PROKKA_NZ_CP013953:sccmec_saures_NZ_CP013953_l54574_20 (length 369)
PROKKA_NZ_CP013953/PROKKA_NZ_CP013953:sccmec_saures_NZ_CP013953_l54574_21 (length 101)
PROKKA_NZ_CP013953/PROKKA_NZ_CP013953:sccmec_saures_NZ_CP013953_l54574_22 (length 312)
PROKKA_NZ_CP013953/PROKKA_NZ_CP013953:sccmec_saures_NZ_CP013953_l54574_23 (length 354)
PROKKA_NZ_CP013953/PROKKA_NZ_CP013953:sccmec_saures_NZ_CP013953_l54574_24 (length 86)
PROKKA_NZ_CP013953/PROKKA_NZ_CP013953:sccmec_saures_NZ_CP013953_l54574_25 (length 209)
PROKKA_NZ_CP013953/PROKKA_NZ_CP013953:sccmec_saures_NZ_CP013953_l54574_26 (length 220)
PROKKA_NZ_CP013953/PROKKA_NZ_CP013953:sccmec_saures_NZ_CP013953_l54574_27 (length 243)
PROKKA_NZ_CP013953/PROKKA_NZ_CP013953:sccmec_saures_NZ_CP013953_l54574_28 (length 260)
PROKKA_NZ_CP013953/PROKKA_NZ_CP013953:sccmec_saures_NZ_CP013953_l54574_29 (length 125)
PROKKA_NZ_CP013953/PROKKA_NZ_CP013953:sccmec_saures_NZ_CP013953_l54574_30 (length 630)
PROKKA_NZ_CP013953/PROKKA_NZ_CP013953:sccmec_saures_NZ_CP013953_l54574_31 (length 361)
PROKKA_NZ_CP013953/PROKKA_NZ_CP013953:sccmec_saures_NZ_CP013953_l54574_32 (length 105)
PROKKA_NZ_CP013953/PROKKA_NZ_CP013953:sccmec_saures_NZ_CP013953_l54574_33 (length 168)
PROKKA_NZ_CP013953/PROKKA_NZ_CP013953:sccmec_saures_NZ_CP013953_l54574_34 (length 103)
PROKKA_NZ_CP013953/PROKKA_NZ_CP013953:sccmec_saures_NZ_CP013953_l54574_35 (length 116)
PROKKA_NZ_CP013953/PROKKA_NZ_CP013953:sccmec_saures_NZ_CP013953_l54574_36 (length 542)
PROKKA_NZ_CP013953/PROKKA_NZ_CP013953:sccmec_saures_NZ_CP013953_l54574_37 (length 455)
PROKKA_NZ_CP013953/PROKKA_NZ_CP013953:sccmec_saures_NZ_CP013953_l54574_38 (length 597)
PROKKA_NZ_CP013953/PROKKA_NZ_CP013953:sccmec_saures_NZ_CP013953_l54574_39 (length 98)
PROKKA_NZ_CP013953/PROKKA_NZ_CP013953:sccmec_saures_NZ_CP013953_l54574_40 (length 348)
PROKKA_NZ_CP013953/PROKKA_NZ_CP013953:sccmec_saures_NZ_CP013953_l54574_41 (length 140)
PROKKA_NZ_CP013953/PROKKA_NZ_CP013953:sccmec_saures_NZ_CP013953_l54574_42 (length 117)
PROKKA_NZ_CP013953/PROKKA_NZ_CP013953:sccmec_saures_NZ_CP013953_l54574_43 (length 104)
PROKKA_NZ_CP013953/PROKKA_NZ_CP013953:sccmec_saures_NZ_CP013953_l54574_44 (length 300)
PROKKA_NZ_CP013953/PROKKA_NZ_CP013953:sccmec_saures_NZ_CP013953_l54574_45 (length 390)
PROKKA_NZ_CP013953/PROKKA_NZ_CP013953:sccmec_saures_NZ_CP013953_l54574_46 (length 231)
PROKKA_NZ_CP013953/PROKKA_NZ_CP013953:sccmec_saures_NZ_CP013953_l54574_47 (length 906)
PROKKA_NZ_CP013953/PROKKA_NZ_CP013953:sccmec_saures_NZ_CP013953_l54574_48 (length 47)
PROKKA_NZ_CP013953/PROKKA_NZ_CP013953:sccmec_saures_NZ_CP013953_l54574_49 (length 558)
PROKKA_NZ_CP013953/PROKKA_NZ_CP013953:sccmec_saures_NZ_CP013953_l54574_50 (length 673)
PROKKA_NZ_CP013953/PROKKA_NZ_CP013953:sccmec_saures_NZ_CP013953_l54574_51 (length 185)
PROKKA_NZ_CP013953/PROKKA_NZ_CP013953:sccmec_saures_NZ_CP013953_l54574_52 (length 289)
PROKKA_NZ_CP013953/PROKKA_NZ_CP013953:sccmec_saures_NZ_CP013953_l54574_53 (length 298)
PROKKA_NZ_CP013953/PROKKA_NZ_CP013953:sccmec_saures_NZ_CP013953_l54574_54 (length 124)
PROKKA_NZ_CP013953/PROKKA_NZ_CP013953:sccmec_saures_NZ_CP013953_l54574_55 (length 95)
PROKKA_NZ_CP013953/PROKKA_NZ_CP013953:sccmec_saures_NZ_CP013953_l54574_56 (length 208)
PROKKA_NZ_CP013953/PROKKA_NZ_CP013953:sccmec_saures_NZ_CP013953_l54574_57 (length 502)

DiscRep_ALL:DISC_INCONSISTENT_MOLINFO_TECH::Molinfo Technique Report (some missing, all same)
DiscRep_SUB:DISC_INCONSISTENT_MOLINFO_TECH::technique (all missing)
DiscRep_SUB:DISC_INCONSISTENT_MOLINFO_TECH::1 Molinfos are missing field technique
PROKKA_NZ_CP013953/PROKKA_NZ_CP013953:sccmec_saures_NZ_CP013953_l54574 (length 54574)

