[21:40:52] This is prokka 1.12
[21:40:52] Written by Torsten Seemann <torsten.seemann@gmail.com>
[21:40:52] Homepage is https://github.com/tseemann/prokka
[21:40:52] Local time is Mon Apr 17 21:40:52 2017
[21:40:52] You are fsepulveda
[21:40:52] Operating system is linux
[21:40:52] You have BioPerl 1.006924
[21:40:52] System has 4 cores.
[21:40:52] Option --cpu asked for 8 cores, but system only has 4
[21:40:52] Will use maximum of 4 cores.
[21:40:52] Annotating as >>> Bacteria <<<
[21:40:52] Enabling options to ensure Genbank/ENA/DDJB submission compliance.
[21:40:52] Creating new output folder: /home/fsepulveda/Desktop/test_script/output_secret_sequence/output_prokka
[21:40:52] Running: mkdir -p \/home\/fsepulveda\/Desktop\/test_script\/output_secret_sequence\/output_prokka
[21:40:52] Using filename prefix: PROKKA_04172017.XXX
[21:40:52] Setting HMMER_NCPU=1
[21:40:52] Writing log to: /home/fsepulveda/Desktop/test_script/output_secret_sequence/output_prokka/PROKKA_04172017.log
[21:40:52] Command: /home/fsepulveda/Desktop/tesis/sccmec_classification/prokka-1.12/bin/prokka --kingdom Bacteria --outdir /home/fsepulveda/Desktop/test_script/output_secret_sequence/output_prokka --quiet --genus Staphylococcus --locustag saureus --centre 10 --compliant /home/fsepulveda/Desktop/test_script/input/secret_sequence.fasta
[21:40:52] Appending to PATH: /home/fsepulveda/Desktop/tesis/sccmec_classification/prokka-1.12/bin/../binaries/linux
[21:40:52] Appending to PATH: /home/fsepulveda/Desktop/tesis/sccmec_classification/prokka-1.12/bin/../binaries/linux/../common
[21:40:52] Appending to PATH: /home/fsepulveda/Desktop/tesis/sccmec_classification/prokka-1.12/bin
[21:40:52] Looking for 'aragorn' - found /home/fsepulveda/Desktop/tesis/sccmec_classification/prokka-1.12/bin/../binaries/linux/aragorn
[21:40:52] Determined aragorn version is 1.2
[21:40:52] Looking for 'blastp' - found /usr/bin/blastp
[21:40:52] Determined blastp version is 2.2
[21:40:52] Looking for 'cmpress' - found /usr/bin/cmpress
[21:40:52] Determined cmpress version is 1.1
[21:40:52] Looking for 'cmscan' - found /usr/bin/cmscan
[21:40:52] Determined cmscan version is 1.1
[21:40:52] Looking for 'egrep' - found /bin/egrep
[21:40:52] Looking for 'find' - found /usr/bin/find
[21:40:52] Looking for 'grep' - found /bin/grep
[21:40:52] Looking for 'hmmpress' - found /usr/bin/hmmpress
[21:40:52] Determined hmmpress version is 3.1
[21:40:52] Looking for 'hmmscan' - found /usr/bin/hmmscan
[21:40:52] Determined hmmscan version is 3.1
[21:40:52] Looking for 'java' - found /usr/bin/java
[21:40:52] Looking for 'less' - found /usr/bin/less
[21:40:52] Looking for 'makeblastdb' - found /usr/bin/makeblastdb
[21:40:52] Determined makeblastdb version is 2.2
[21:40:52] Looking for 'minced' - found /home/fsepulveda/Desktop/tesis/sccmec_classification/prokka-1.12/bin/../binaries/linux/../common/minced
[21:40:53] Determined minced version is 2.0
[21:40:53] Looking for 'parallel' - found /home/fsepulveda/Desktop/tesis/sccmec_classification/prokka-1.12/bin/../binaries/linux/../common/parallel
[21:40:53] Determined parallel version is 20150122
[21:40:53] Looking for 'prodigal' - found /home/fsepulveda/Desktop/tesis/sccmec_classification/prokka-1.12/bin/../binaries/linux/prodigal
[21:40:53] Determined prodigal version is 2.6
[21:40:53] Looking for 'prokka-genbank_to_fasta_db' - found /home/fsepulveda/Desktop/tesis/sccmec_classification/prokka-1.12/bin/prokka-genbank_to_fasta_db
[21:40:53] Looking for 'sed' - found /bin/sed
[21:40:53] Looking for 'tbl2asn' - found /home/fsepulveda/Desktop/tesis/sccmec_classification/prokka-1.12/bin/../binaries/linux/tbl2asn
[21:40:53] Determined tbl2asn version is 25.3
[21:40:53] Using genetic code table 11.
[21:40:53] Loading and checking input file: /home/fsepulveda/Desktop/test_script/input/secret_sequence.fasta
[21:40:53] Wrote 1 contigs totalling 23124 bp.
[21:40:53] Predicting tRNAs and tmRNAs
[21:40:53] Running: aragorn -l -gc11  -w \/home\/fsepulveda\/Desktop\/test_script\/output_secret_sequence\/output_prokka\/PROKKA_04172017\.fna
[21:40:53] Found 0 tRNAs
[21:40:53] Predicting Ribosomal RNAs
[21:40:53] You need either Barrnap or RNAmmer installed to predict rRNAs!
[21:40:53] Skipping ncRNA search, enable with --rfam if desired.
[21:40:53] Total of 0 tRNA + rRNA features
[21:40:53] Searching for CRISPR repeats
[21:40:53] Found 0 CRISPRs
[21:40:53] Predicting coding sequences
[21:40:53] Contigs total 23124 bp, so using meta mode
[21:40:53] Running: prodigal -i \/home\/fsepulveda\/Desktop\/test_script\/output_secret_sequence\/output_prokka\/PROKKA_04172017\.fna -c -m -g 11 -p meta -f sco -q
[21:40:53] Found 23 CDS
[21:40:53] Connecting features back to sequences
[21:40:53] Not using genus-specific database. Try --usegenus to enable it.
[21:40:53] Annotating CDS, please be patient.
[21:40:53] Will use 4 CPUs for similarity searching.
[21:40:53] There are still 23 unannotated CDS left (started with 23)
[21:40:53] Will use blast to search against /home/fsepulveda/Desktop/tesis/sccmec_classification/prokka-1.12/bin/../db/kingdom/Bacteria/sprot with 4 CPUs
[21:40:53] Running: cat \/home\/fsepulveda\/Desktop\/test_script\/output_secret_sequence\/output_prokka\/sprot\.faa | parallel --gnu --plain -j 4 --block 796 --recstart '>' --pipe blastp -query - -db /home/fsepulveda/Desktop/tesis/sccmec_classification/prokka-1.12/bin/../db/kingdom/Bacteria/sprot -evalue 1e-06 -num_threads 1 -num_descriptions 1 -num_alignments 1 -seg no > \/home\/fsepulveda\/Desktop\/test_script\/output_secret_sequence\/output_prokka\/sprot\.blast 2> /dev/null
[21:40:54] Deleting unwanted file: /home/fsepulveda/Desktop/test_script/output_secret_sequence/output_prokka/sprot.faa
[21:40:54] Deleting unwanted file: /home/fsepulveda/Desktop/test_script/output_secret_sequence/output_prokka/sprot.blast
[21:40:54] There are still 16 unannotated CDS left (started with 23)
[21:40:54] Will use hmmer3 to search against /home/fsepulveda/Desktop/tesis/sccmec_classification/prokka-1.12/bin/../db/hmm/HAMAP.hmm with 4 CPUs
[21:40:54] Running: cat \/home\/fsepulveda\/Desktop\/test_script\/output_secret_sequence\/output_prokka\/HAMAP\.hmm\.faa | parallel --gnu --plain -j 4 --block 478 --recstart '>' --pipe hmmscan --noali --notextw --acc -E 1e-06 --cpu 1 /home/fsepulveda/Desktop/tesis/sccmec_classification/prokka-1.12/bin/../db/hmm/HAMAP.hmm /dev/stdin > \/home\/fsepulveda\/Desktop\/test_script\/output_secret_sequence\/output_prokka\/HAMAP\.hmm\.hmmer3 2> /dev/null
[21:40:55] Deleting unwanted file: /home/fsepulveda/Desktop/test_script/output_secret_sequence/output_prokka/HAMAP.hmm.faa
[21:40:55] Deleting unwanted file: /home/fsepulveda/Desktop/test_script/output_secret_sequence/output_prokka/HAMAP.hmm.hmmer3
[21:40:55] Labelling remaining 16 proteins as 'hypothetical protein'
[21:40:55] Possible /pseudo 'DNA-invertase hin' at gnl|10|saureus_1 position 16010
[21:40:55] Found 6 unique /gene codes.
[21:40:55] Fixed 2 duplicate /gene - hin_1 hin_2
[21:40:55] Fixed 1 colliding /gene names.
[21:40:55] Adding /locus_tag identifiers
[21:40:55] Assigned 23 locus_tags to CDS and RNA features.
[21:40:55] Writing outputs to /home/fsepulveda/Desktop/test_script/output_secret_sequence/output_prokka/
[21:40:55] Generating annotation statistics file
[21:40:55] Generating Genbank and Sequin files
[21:40:55] Running: tbl2asn -V b -a r10k -l paired-ends -M n -N 1 -y 'Annotated using prokka 1.12 from https://github.com/tseemann/prokka' -Z \/home\/fsepulveda\/Desktop\/test_script\/output_secret_sequence\/output_prokka\/PROKKA_04172017\.err -i \/home\/fsepulveda\/Desktop\/test_script\/output_secret_sequence\/output_prokka\/PROKKA_04172017\.fsa 2> /dev/null
[21:40:55] Deleting unwanted file: /home/fsepulveda/Desktop/test_script/output_secret_sequence/output_prokka/errorsummary.val
[21:40:55] Deleting unwanted file: /home/fsepulveda/Desktop/test_script/output_secret_sequence/output_prokka/PROKKA_04172017.dr
[21:40:55] Deleting unwanted file: /home/fsepulveda/Desktop/test_script/output_secret_sequence/output_prokka/PROKKA_04172017.fixedproducts
[21:40:55] Deleting unwanted file: /home/fsepulveda/Desktop/test_script/output_secret_sequence/output_prokka/PROKKA_04172017.ecn
[21:40:55] Deleting unwanted file: /home/fsepulveda/Desktop/test_script/output_secret_sequence/output_prokka/PROKKA_04172017.val
[21:40:55] Repairing broken .GBK output that tbl2asn produces...
[21:40:55] Running: sed 's/COORDINATES: profile/COORDINATES:profile/' < \/home\/fsepulveda\/Desktop\/test_script\/output_secret_sequence\/output_prokka\/PROKKA_04172017\.gbf > \/home\/fsepulveda\/Desktop\/test_script\/output_secret_sequence\/output_prokka\/PROKKA_04172017\.gbk
[21:40:55] Deleting unwanted file: /home/fsepulveda/Desktop/test_script/output_secret_sequence/output_prokka/PROKKA_04172017.gbf
[21:40:55] Output files:
[21:40:55] /home/fsepulveda/Desktop/test_script/output_secret_sequence/output_prokka/PROKKA_04172017.tsv
[21:40:55] /home/fsepulveda/Desktop/test_script/output_secret_sequence/output_prokka/PROKKA_04172017.txt
[21:40:55] /home/fsepulveda/Desktop/test_script/output_secret_sequence/output_prokka/PROKKA_04172017.ffn
[21:40:55] /home/fsepulveda/Desktop/test_script/output_secret_sequence/output_prokka/PROKKA_04172017.gbk
[21:40:55] /home/fsepulveda/Desktop/test_script/output_secret_sequence/output_prokka/PROKKA_04172017.faa
[21:40:55] /home/fsepulveda/Desktop/test_script/output_secret_sequence/output_prokka/PROKKA_04172017.log
[21:40:55] /home/fsepulveda/Desktop/test_script/output_secret_sequence/output_prokka/PROKKA_04172017.err
[21:40:55] /home/fsepulveda/Desktop/test_script/output_secret_sequence/output_prokka/PROKKA_04172017.fsa
[21:40:55] /home/fsepulveda/Desktop/test_script/output_secret_sequence/output_prokka/PROKKA_04172017.sqn
[21:40:55] /home/fsepulveda/Desktop/test_script/output_secret_sequence/output_prokka/PROKKA_04172017.fna
[21:40:55] /home/fsepulveda/Desktop/test_script/output_secret_sequence/output_prokka/PROKKA_04172017.gff
[21:40:55] /home/fsepulveda/Desktop/test_script/output_secret_sequence/output_prokka/PROKKA_04172017.tbl
[21:40:55] Annotation finished successfully.
[21:40:55] Walltime used: 0.05 minutes
[21:40:55] If you use this result please cite the Prokka paper:
[21:40:55] Seemann T (2014) Prokka: rapid prokaryotic genome annotation. Bioinformatics. 30(14):2068-9.
[21:40:55] Type 'prokka --citation' for more details.
[21:40:55] Share and enjoy!
