[00:27:52] This is prokka 1.12
[00:27:52] Written by Torsten Seemann <torsten.seemann@gmail.com>
[00:27:52] Homepage is https://github.com/tseemann/prokka
[00:27:52] Local time is Wed May 31 00:27:52 2017
[00:27:52] You are fsepulveda
[00:27:52] Operating system is linux
[00:27:52] You have BioPerl 1.006924
[00:27:52] System has 4 cores.
[00:27:52] Option --cpu asked for 8 cores, but system only has 4
[00:27:52] Will use maximum of 4 cores.
[00:27:52] Annotating as >>> Bacteria <<<
[00:27:52] Enabling options to ensure Genbank/ENA/DDJB submission compliance.
[00:27:52] Creating new output folder: SCCmec_FJ670542_Type-VIII
[00:27:52] Running: mkdir -p SCCmec_FJ670542_Type\-VIII
[00:27:52] Using filename prefix: SCCmec_FJ670542_Type-VIII.XXX
[00:27:52] Setting HMMER_NCPU=1
[00:27:52] Writing log to: SCCmec_FJ670542_Type-VIII/SCCmec_FJ670542_Type-VIII.log
[00:27:52] Command: /home/fsepulveda/Documents/PROGRAMS/prokka-1.12/bin/prokka --kingdom Bacteria --outdir SCCmec_FJ670542_Type-VIII --quiet --genus Staphylococcus --locustag SCCmec_FJ670542_Type-VIII --centre 10 --compliant --prefix SCCmec_FJ670542_Type-VIII --force SCCmec_FJ670542_Type-VIII.fasta
[00:27:52] Appending to PATH: /home/fsepulveda/Documents/PROGRAMS/prokka-1.12/bin/../binaries/linux
[00:27:52] Appending to PATH: /home/fsepulveda/Documents/PROGRAMS/prokka-1.12/bin/../binaries/linux/../common
[00:27:52] Appending to PATH: /home/fsepulveda/Documents/PROGRAMS/prokka-1.12/bin
[00:27:52] Looking for 'aragorn' - found /home/fsepulveda/Documents/PROGRAMS/prokka-1.12/bin/../binaries/linux/aragorn
[00:27:52] Determined aragorn version is 1.2
[00:27:52] Looking for 'blastp' - found /usr/bin/blastp
[00:27:52] Determined blastp version is 2.2
[00:27:52] Looking for 'cmpress' - found /usr/bin/cmpress
[00:27:52] Determined cmpress version is 1.1
[00:27:52] Looking for 'cmscan' - found /usr/bin/cmscan
[00:27:52] Determined cmscan version is 1.1
[00:27:52] Looking for 'egrep' - found /bin/egrep
[00:27:52] Looking for 'find' - found /usr/bin/find
[00:27:52] Looking for 'grep' - found /bin/grep
[00:27:52] Looking for 'hmmpress' - found /usr/bin/hmmpress
[00:27:52] Determined hmmpress version is 3.1
[00:27:52] Looking for 'hmmscan' - found /usr/bin/hmmscan
[00:27:52] Determined hmmscan version is 3.1
[00:27:52] Looking for 'java' - found /usr/bin/java
[00:27:52] Looking for 'less' - found /usr/bin/less
[00:27:52] Looking for 'makeblastdb' - found /usr/bin/makeblastdb
[00:27:52] Determined makeblastdb version is 2.2
[00:27:52] Looking for 'minced' - found /home/fsepulveda/Documents/PROGRAMS/prokka-1.12/bin/../binaries/linux/../common/minced
[00:27:52] Determined minced version is 2.0
[00:27:52] Looking for 'parallel' - found /home/fsepulveda/Documents/PROGRAMS/prokka-1.12/bin/../binaries/linux/../common/parallel
[00:27:52] Determined parallel version is 20150122
[00:27:52] Looking for 'prodigal' - found /home/fsepulveda/Documents/PROGRAMS/prokka-1.12/bin/../binaries/linux/prodigal
[00:27:52] Determined prodigal version is 2.6
[00:27:52] Looking for 'prokka-genbank_to_fasta_db' - found /home/fsepulveda/Documents/PROGRAMS/prokka-1.12/bin/prokka-genbank_to_fasta_db
[00:27:52] Looking for 'sed' - found /bin/sed
[00:27:52] Looking for 'tbl2asn' - found /home/fsepulveda/Documents/PROGRAMS/prokka-1.12/bin/../binaries/linux/tbl2asn
[00:27:52] Determined tbl2asn version is 25.3
[00:27:52] Using genetic code table 11.
[00:27:52] Loading and checking input file: SCCmec_FJ670542_Type-VIII.fasta
[00:27:52] Wrote 1 contigs totalling 32672 bp.
[00:27:52] Predicting tRNAs and tmRNAs
[00:27:52] Running: aragorn -l -gc11  -w SCCmec_FJ670542_Type\-VIII\/SCCmec_FJ670542_Type\-VIII\.fna
[00:27:52] Found 0 tRNAs
[00:27:52] Predicting Ribosomal RNAs
[00:27:52] You need either Barrnap or RNAmmer installed to predict rRNAs!
[00:27:52] Skipping ncRNA search, enable with --rfam if desired.
[00:27:52] Total of 0 tRNA + rRNA features
[00:27:52] Searching for CRISPR repeats
[00:27:52] Found 0 CRISPRs
[00:27:52] Predicting coding sequences
[00:27:52] Contigs total 32672 bp, so using meta mode
[00:27:52] Running: prodigal -i SCCmec_FJ670542_Type\-VIII\/SCCmec_FJ670542_Type\-VIII\.fna -c -m -g 11 -p meta -f sco -q
[00:27:52] Found 38 CDS
[00:27:52] Connecting features back to sequences
[00:27:52] Not using genus-specific database. Try --usegenus to enable it.
[00:27:52] Annotating CDS, please be patient.
[00:27:52] Will use 4 CPUs for similarity searching.
[00:27:52] There are still 38 unannotated CDS left (started with 38)
[00:27:52] Will use blast to search against /home/fsepulveda/Documents/PROGRAMS/prokka-1.12/bin/../db/kingdom/Bacteria/sprot with 4 CPUs
[00:27:52] Running: cat SCCmec_FJ670542_Type\-VIII\/sprot\.faa | parallel --gnu --plain -j 4 --block 1116 --recstart '>' --pipe blastp -query - -db /home/fsepulveda/Documents/PROGRAMS/prokka-1.12/bin/../db/kingdom/Bacteria/sprot -evalue 1e-06 -num_threads 1 -num_descriptions 1 -num_alignments 1 -seg no > SCCmec_FJ670542_Type\-VIII\/sprot\.blast 2> /dev/null
[00:27:53] Modify product: Uncharacterized methyltransferase YcgJ => putative methyltransferase YcgJ
[00:27:53] Cleaned 1 /product names
[00:27:53] Deleting unwanted file: SCCmec_FJ670542_Type-VIII/sprot.faa
[00:27:53] Deleting unwanted file: SCCmec_FJ670542_Type-VIII/sprot.blast
[00:27:53] There are still 18 unannotated CDS left (started with 38)
[00:27:53] Will use hmmer3 to search against /home/fsepulveda/Documents/PROGRAMS/prokka-1.12/bin/../db/hmm/HAMAP.hmm with 4 CPUs
[00:27:53] Running: cat SCCmec_FJ670542_Type\-VIII\/HAMAP\.hmm\.faa | parallel --gnu --plain -j 4 --block 334 --recstart '>' --pipe hmmscan --noali --notextw --acc -E 1e-06 --cpu 1 /home/fsepulveda/Documents/PROGRAMS/prokka-1.12/bin/../db/hmm/HAMAP.hmm /dev/stdin > SCCmec_FJ670542_Type\-VIII\/HAMAP\.hmm\.hmmer3 2> /dev/null
[00:27:54] Deleting unwanted file: SCCmec_FJ670542_Type-VIII/HAMAP.hmm.faa
[00:27:54] Deleting unwanted file: SCCmec_FJ670542_Type-VIII/HAMAP.hmm.hmmer3
[00:27:54] Labelling remaining 18 proteins as 'hypothetical protein'
[00:27:54] Possible /pseudo 'Methicillin resistance regulatory protein MecI' at gnl|10|SCCmec_FJ670542_Type-VIII_1 position 9861
[00:27:54] Possible /pseudo 'Tyrosine recombinase XerC' at gnl|10|SCCmec_FJ670542_Type-VIII_1 position 20927
[00:27:54] Found 17 unique /gene codes.
[00:27:54] Fixed 2 duplicate /gene - xerC_1 xerC_2
[00:27:54] Fixed 2 duplicate /gene - mecI_1 mecI_2
[00:27:54] Fixed 2 duplicate /gene - pspE_1 pspE_2
[00:27:54] Fixed 3 colliding /gene names.
[00:27:54] Adding /locus_tag identifiers
[00:27:54] Assigned 38 locus_tags to CDS and RNA features.
[00:27:54] Writing outputs to SCCmec_FJ670542_Type-VIII/
[00:27:54] Generating annotation statistics file
[00:27:54] Generating Genbank and Sequin files
[00:27:54] Running: tbl2asn -V b -a r10k -l paired-ends -M n -N 1 -y 'Annotated using prokka 1.12 from https://github.com/tseemann/prokka' -Z SCCmec_FJ670542_Type\-VIII\/SCCmec_FJ670542_Type\-VIII\.err -i SCCmec_FJ670542_Type\-VIII\/SCCmec_FJ670542_Type\-VIII\.fsa 2> /dev/null
[00:27:54] Deleting unwanted file: SCCmec_FJ670542_Type-VIII/errorsummary.val
[00:27:54] Deleting unwanted file: SCCmec_FJ670542_Type-VIII/SCCmec_FJ670542_Type-VIII.dr
[00:27:54] Deleting unwanted file: SCCmec_FJ670542_Type-VIII/SCCmec_FJ670542_Type-VIII.fixedproducts
[00:27:54] Deleting unwanted file: SCCmec_FJ670542_Type-VIII/SCCmec_FJ670542_Type-VIII.ecn
[00:27:54] Deleting unwanted file: SCCmec_FJ670542_Type-VIII/SCCmec_FJ670542_Type-VIII.val
[00:27:54] Repairing broken .GBK output that tbl2asn produces...
[00:27:54] Running: sed 's/COORDINATES: profile/COORDINATES:profile/' < SCCmec_FJ670542_Type\-VIII\/SCCmec_FJ670542_Type\-VIII\.gbf > SCCmec_FJ670542_Type\-VIII\/SCCmec_FJ670542_Type\-VIII\.gbk
[00:27:54] Deleting unwanted file: SCCmec_FJ670542_Type-VIII/SCCmec_FJ670542_Type-VIII.gbf
[00:27:54] Output files:
[00:27:54] SCCmec_FJ670542_Type-VIII/SCCmec_FJ670542_Type-VIII.fna
[00:27:54] SCCmec_FJ670542_Type-VIII/SCCmec_FJ670542_Type-VIII.gff
[00:27:54] SCCmec_FJ670542_Type-VIII/SCCmec_FJ670542_Type-VIII.txt
[00:27:54] SCCmec_FJ670542_Type-VIII/SCCmec_FJ670542_Type-VIII.tsv
[00:27:54] SCCmec_FJ670542_Type-VIII/SCCmec_FJ670542_Type-VIII.err
[00:27:54] SCCmec_FJ670542_Type-VIII/SCCmec_FJ670542_Type-VIII.fsa
[00:27:54] SCCmec_FJ670542_Type-VIII/SCCmec_FJ670542_Type-VIII.faa
[00:27:54] SCCmec_FJ670542_Type-VIII/SCCmec_FJ670542_Type-VIII.sqn
[00:27:54] SCCmec_FJ670542_Type-VIII/SCCmec_FJ670542_Type-VIII.gbk
[00:27:54] SCCmec_FJ670542_Type-VIII/SCCmec_FJ670542_Type-VIII.tbl
[00:27:54] SCCmec_FJ670542_Type-VIII/SCCmec_FJ670542_Type-VIII.log
[00:27:54] SCCmec_FJ670542_Type-VIII/SCCmec_FJ670542_Type-VIII.ffn
[00:27:54] Annotation finished successfully.
[00:27:54] Walltime used: 0.03 minutes
[00:27:54] If you use this result please cite the Prokka paper:
[00:27:54] Seemann T (2014) Prokka: rapid prokaryotic genome annotation. Bioinformatics. 30(14):2068-9.
[00:27:54] Type 'prokka --citation' for more details.
[00:27:54] Thank you, come again.
