Discrepancy Report Results

Summary
FATAL: BAD_LOCUS_TAG_FORMAT:38 locus tags are incorrectly formatted.
DISC_SOURCE_QUALS_ASNDISC:strain (all present, all unique)
DISC_SOURCE_QUALS_ASNDISC:taxname (all present, all unique)
DISC_FEATURE_COUNT:gene: 38 present
DISC_FEATURE_COUNT:CDS: 38 present
DISC_COUNT_NUCLEOTIDES:1 nucleotide Bioseqs are present
OVERLAPPING_GENES:9 genes overlap another gene on the same strand.
OVERLAPPING_CDS:4 coding regions overlap another coding region with a similar or identical name.
DISC_QUALITY_SCORES:Quality scores are missing on all sequences.
ONCALLER_COMMENT_PRESENT:1 comment descriptors were found (all same)
SHORT_PROT_SEQUENCES:4 protein sequences are shorter than 50 aa.
MISSING_GENOMEASSEMBLY_COMMENTS:1 bioseqs are missing GenomeAssembly structured comments
MOLTYPE_NOT_MRNA:1 molecule types are not set as mRNA.
TECHNIQUE_NOT_TSA:1 technique are not set as TSA
MISSING_STRUCTURED_COMMENT:1 sequences do not include structured comments.
MISSING_PROJECT:39 sequences do not include project.
DISC_INCONSISTENT_MOLINFO_TECH:Molinfo Technique Report (some missing, all same)


Detailed Report

FATAL: DiscRep_ALL:BAD_LOCUS_TAG_FORMAT::38 locus tags are incorrectly formatted.
SCCmec_FJ670542_Type-VIII/SCCmec_FJ670542_Type-VIII:Gene	rlmH	SCCmec_FJ670542_Type-VIII_1:1-480	SCCmec_FJ670542_Type-VIII_00001
SCCmec_FJ670542_Type-VIII/SCCmec_FJ670542_Type-VIII:Gene	SCCmec_FJ670542_Type-VIII_00002	SCCmec_FJ670542_Type-VIII_1:700-1956	SCCmec_FJ670542_Type-VIII_00002
SCCmec_FJ670542_Type-VIII/SCCmec_FJ670542_Type-VIII:Gene	SCCmec_FJ670542_Type-VIII_00003	SCCmec_FJ670542_Type-VIII_1:2141-2242	SCCmec_FJ670542_Type-VIII_00003
SCCmec_FJ670542_Type-VIII/SCCmec_FJ670542_Type-VIII:Gene	SCCmec_FJ670542_Type-VIII_00004	SCCmec_FJ670542_Type-VIII_1:2371-2610	SCCmec_FJ670542_Type-VIII_00004
SCCmec_FJ670542_Type-VIII/SCCmec_FJ670542_Type-VIII:Gene	SCCmec_FJ670542_Type-VIII_00005	SCCmec_FJ670542_Type-VIII_1:c3316-2642	SCCmec_FJ670542_Type-VIII_00005
SCCmec_FJ670542_Type-VIII/SCCmec_FJ670542_Type-VIII:Gene	SCCmec_FJ670542_Type-VIII_00006	SCCmec_FJ670542_Type-VIII_1:3574-3741	SCCmec_FJ670542_Type-VIII_00006
SCCmec_FJ670542_Type-VIII/SCCmec_FJ670542_Type-VIII:Gene	SCCmec_FJ670542_Type-VIII_00007	SCCmec_FJ670542_Type-VIII_1:3839-4069	SCCmec_FJ670542_Type-VIII_00007
SCCmec_FJ670542_Type-VIII/SCCmec_FJ670542_Type-VIII:Gene	ugpQ	SCCmec_FJ670542_Type-VIII_1:4578-5321	SCCmec_FJ670542_Type-VIII_00008
SCCmec_FJ670542_Type-VIII/SCCmec_FJ670542_Type-VIII:Gene	paaZ	SCCmec_FJ670542_Type-VIII_1:5418-5846	SCCmec_FJ670542_Type-VIII_00009
SCCmec_FJ670542_Type-VIII/SCCmec_FJ670542_Type-VIII:Gene	pbp	SCCmec_FJ670542_Type-VIII_1:c7898-5892	SCCmec_FJ670542_Type-VIII_00010
SCCmec_FJ670542_Type-VIII/SCCmec_FJ670542_Type-VIII:Gene	mecR1	SCCmec_FJ670542_Type-VIII_1:7998-9755	SCCmec_FJ670542_Type-VIII_00011
SCCmec_FJ670542_Type-VIII/SCCmec_FJ670542_Type-VIII:Gene	mecI_1	SCCmec_FJ670542_Type-VIII_1:9755-9916	SCCmec_FJ670542_Type-VIII_00012
SCCmec_FJ670542_Type-VIII/SCCmec_FJ670542_Type-VIII:Gene	mecI_2	SCCmec_FJ670542_Type-VIII_1:9861-10127	SCCmec_FJ670542_Type-VIII_00013
SCCmec_FJ670542_Type-VIII/SCCmec_FJ670542_Type-VIII:Gene	nagC	SCCmec_FJ670542_Type-VIII_1:10635-11744	SCCmec_FJ670542_Type-VIII_00014
SCCmec_FJ670542_Type-VIII/SCCmec_FJ670542_Type-VIII:Gene	pspE_1	SCCmec_FJ670542_Type-VIII_1:c12118-11858	SCCmec_FJ670542_Type-VIII_00015
SCCmec_FJ670542_Type-VIII/SCCmec_FJ670542_Type-VIII:Gene	gloC	SCCmec_FJ670542_Type-VIII_1:c13192-12254	SCCmec_FJ670542_Type-VIII_00016
SCCmec_FJ670542_Type-VIII/SCCmec_FJ670542_Type-VIII:Gene	pspE_2	SCCmec_FJ670542_Type-VIII_1:c14289-13225	SCCmec_FJ670542_Type-VIII_00017
SCCmec_FJ670542_Type-VIII/SCCmec_FJ670542_Type-VIII:Gene	csoR	SCCmec_FJ670542_Type-VIII_1:14425-14685	SCCmec_FJ670542_Type-VIII_00018
SCCmec_FJ670542_Type-VIII/SCCmec_FJ670542_Type-VIII:Gene	SCCmec_FJ670542_Type-VIII_00019	SCCmec_FJ670542_Type-VIII_1:14700-15329	SCCmec_FJ670542_Type-VIII_00019
SCCmec_FJ670542_Type-VIII/SCCmec_FJ670542_Type-VIII:Gene	ycgJ	SCCmec_FJ670542_Type-VIII_1:c16330-15668	SCCmec_FJ670542_Type-VIII_00020
SCCmec_FJ670542_Type-VIII/SCCmec_FJ670542_Type-VIII:Gene	ermA1	SCCmec_FJ670542_Type-VIII_1:16864-17595	SCCmec_FJ670542_Type-VIII_00021
SCCmec_FJ670542_Type-VIII/SCCmec_FJ670542_Type-VIII:Gene	ant1	SCCmec_FJ670542_Type-VIII_1:c18503-17721	SCCmec_FJ670542_Type-VIII_00022
SCCmec_FJ670542_Type-VIII/SCCmec_FJ670542_Type-VIII:Gene	SCCmec_FJ670542_Type-VIII_00023	SCCmec_FJ670542_Type-VIII_1:c19031-18654	SCCmec_FJ670542_Type-VIII_00023
SCCmec_FJ670542_Type-VIII/SCCmec_FJ670542_Type-VIII:Gene	xerC_1	SCCmec_FJ670542_Type-VIII_1:c20930-19038	SCCmec_FJ670542_Type-VIII_00024
SCCmec_FJ670542_Type-VIII/SCCmec_FJ670542_Type-VIII:Gene	xerC_2	SCCmec_FJ670542_Type-VIII_1:c22012-20927	SCCmec_FJ670542_Type-VIII_00025
SCCmec_FJ670542_Type-VIII/SCCmec_FJ670542_Type-VIII:Gene	SCCmec_FJ670542_Type-VIII_00026	SCCmec_FJ670542_Type-VIII_1:c22448-22131	SCCmec_FJ670542_Type-VIII_00026
SCCmec_FJ670542_Type-VIII/SCCmec_FJ670542_Type-VIII:Gene	SCCmec_FJ670542_Type-VIII_00027	SCCmec_FJ670542_Type-VIII_1:c22975-22469	SCCmec_FJ670542_Type-VIII_00027
SCCmec_FJ670542_Type-VIII/SCCmec_FJ670542_Type-VIII:Gene	SCCmec_FJ670542_Type-VIII_00028	SCCmec_FJ670542_Type-VIII_1:c23302-22991	SCCmec_FJ670542_Type-VIII_00028
SCCmec_FJ670542_Type-VIII/SCCmec_FJ670542_Type-VIII:Gene	SCCmec_FJ670542_Type-VIII_00029	SCCmec_FJ670542_Type-VIII_1:c23396-23304	SCCmec_FJ670542_Type-VIII_00029
SCCmec_FJ670542_Type-VIII/SCCmec_FJ670542_Type-VIII:Gene	SCCmec_FJ670542_Type-VIII_00030	SCCmec_FJ670542_Type-VIII_1:c23739-23389	SCCmec_FJ670542_Type-VIII_00030
SCCmec_FJ670542_Type-VIII/SCCmec_FJ670542_Type-VIII:Gene	hin	SCCmec_FJ670542_Type-VIII_1:c25868-24240	SCCmec_FJ670542_Type-VIII_00031
SCCmec_FJ670542_Type-VIII/SCCmec_FJ670542_Type-VIII:Gene	SCCmec_FJ670542_Type-VIII_00032	SCCmec_FJ670542_Type-VIII_1:c27226-25865	SCCmec_FJ670542_Type-VIII_00032
SCCmec_FJ670542_Type-VIII/SCCmec_FJ670542_Type-VIII:Gene	SCCmec_FJ670542_Type-VIII_00033	SCCmec_FJ670542_Type-VIII_1:c28027-27413	SCCmec_FJ670542_Type-VIII_00033
SCCmec_FJ670542_Type-VIII/SCCmec_FJ670542_Type-VIII:Gene	SCCmec_FJ670542_Type-VIII_00034	SCCmec_FJ670542_Type-VIII_1:28410-28553	SCCmec_FJ670542_Type-VIII_00034
SCCmec_FJ670542_Type-VIII/SCCmec_FJ670542_Type-VIII:Gene	SCCmec_FJ670542_Type-VIII_00035	SCCmec_FJ670542_Type-VIII_1:c28860-28501	SCCmec_FJ670542_Type-VIII_00035
SCCmec_FJ670542_Type-VIII/SCCmec_FJ670542_Type-VIII:Gene	czrA	SCCmec_FJ670542_Type-VIII_1:29067-29393	SCCmec_FJ670542_Type-VIII_00036
SCCmec_FJ670542_Type-VIII/SCCmec_FJ670542_Type-VIII:Gene	SCCmec_FJ670542_Type-VIII_00037	SCCmec_FJ670542_Type-VIII_1:29496-29594	SCCmec_FJ670542_Type-VIII_00037
SCCmec_FJ670542_Type-VIII/SCCmec_FJ670542_Type-VIII:Gene	zosA	SCCmec_FJ670542_Type-VIII_1:29723-31648	SCCmec_FJ670542_Type-VIII_00038

DiscRep_ALL:DISC_SOURCE_QUALS_ASNDISC::strain (all present, all unique)
DiscRep_SUB:DISC_SOURCE_QUALS_ASNDISC::1 sources have unique values for strain
DiscRep_ALL:DISC_SOURCE_QUALS_ASNDISC::taxname (all present, all unique)
DiscRep_SUB:DISC_SOURCE_QUALS_ASNDISC::1 sources have unique values for taxname
DiscRep_ALL:DISC_FEATURE_COUNT::gene: 38 present
DiscRep_ALL:DISC_FEATURE_COUNT::CDS: 38 present
DiscRep_ALL:DISC_COUNT_NUCLEOTIDES::1 nucleotide Bioseqs are present
SCCmec_FJ670542_Type-VIII/SCCmec_FJ670542_Type-VIII:10:SCCmec_FJ670542_Type-VIII_1 (length 32672)

DiscRep_ALL:OVERLAPPING_GENES::9 genes overlap another gene on the same strand.
SCCmec_FJ670542_Type-VIII/SCCmec_FJ670542_Type-VIII:Gene	mecR1	SCCmec_FJ670542_Type-VIII_1:7998-9755	SCCmec_FJ670542_Type-VIII_00011
SCCmec_FJ670542_Type-VIII/SCCmec_FJ670542_Type-VIII:Gene	mecI_1	SCCmec_FJ670542_Type-VIII_1:9755-9916	SCCmec_FJ670542_Type-VIII_00012
SCCmec_FJ670542_Type-VIII/SCCmec_FJ670542_Type-VIII:Gene	mecI_2	SCCmec_FJ670542_Type-VIII_1:9861-10127	SCCmec_FJ670542_Type-VIII_00013
SCCmec_FJ670542_Type-VIII/SCCmec_FJ670542_Type-VIII:Gene	xerC_1	SCCmec_FJ670542_Type-VIII_1:c20930-19038	SCCmec_FJ670542_Type-VIII_00024
SCCmec_FJ670542_Type-VIII/SCCmec_FJ670542_Type-VIII:Gene	xerC_2	SCCmec_FJ670542_Type-VIII_1:c22012-20927	SCCmec_FJ670542_Type-VIII_00025
SCCmec_FJ670542_Type-VIII/SCCmec_FJ670542_Type-VIII:Gene	SCCmec_FJ670542_Type-VIII_00029	SCCmec_FJ670542_Type-VIII_1:c23396-23304	SCCmec_FJ670542_Type-VIII_00029
SCCmec_FJ670542_Type-VIII/SCCmec_FJ670542_Type-VIII:Gene	SCCmec_FJ670542_Type-VIII_00030	SCCmec_FJ670542_Type-VIII_1:c23739-23389	SCCmec_FJ670542_Type-VIII_00030
SCCmec_FJ670542_Type-VIII/SCCmec_FJ670542_Type-VIII:Gene	hin	SCCmec_FJ670542_Type-VIII_1:c25868-24240	SCCmec_FJ670542_Type-VIII_00031
SCCmec_FJ670542_Type-VIII/SCCmec_FJ670542_Type-VIII:Gene	SCCmec_FJ670542_Type-VIII_00032	SCCmec_FJ670542_Type-VIII_1:c27226-25865	SCCmec_FJ670542_Type-VIII_00032

DiscRep_ALL:OVERLAPPING_CDS::4 coding regions overlap another coding region with a similar or identical name.
DiscRep_SUB:OVERLAPPING_CDS::4 coding regions overlap another coding region with a similar or identical name that do not have the appropriate note text
SCCmec_FJ670542_Type-VIII/SCCmec_FJ670542_Type-VIII:CDS	Methicillin resistance regulatory protein MecI	SCCmec_FJ670542_Type-VIII_1:9755-9916	SCCmec_FJ670542_Type-VIII_00012
SCCmec_FJ670542_Type-VIII/SCCmec_FJ670542_Type-VIII:CDS	Methicillin resistance regulatory protein MecI	SCCmec_FJ670542_Type-VIII_1:9861-10127	SCCmec_FJ670542_Type-VIII_00013
SCCmec_FJ670542_Type-VIII/SCCmec_FJ670542_Type-VIII:CDS	Tyrosine recombinase XerC	SCCmec_FJ670542_Type-VIII_1:c20930-19038	SCCmec_FJ670542_Type-VIII_00024
SCCmec_FJ670542_Type-VIII/SCCmec_FJ670542_Type-VIII:CDS	Tyrosine recombinase XerC	SCCmec_FJ670542_Type-VIII_1:c22012-20927	SCCmec_FJ670542_Type-VIII_00025

DiscRep_ALL:DISC_QUALITY_SCORES::Quality scores are missing on all sequences.

DiscRep_ALL:ONCALLER_COMMENT_PRESENT::1 comment descriptors were found (all same)
SCCmec_FJ670542_Type-VIII/SCCmec_FJ670542_Type-VIII:10:SCCmec_FJ670542_Type-VIII_1:Annotated using prokka 1.12 from https://github.com/tseemann/prokka

DiscRep_ALL:SHORT_PROT_SEQUENCES::4 protein sequences are shorter than 50 aa.
SCCmec_FJ670542_Type-VIII/SCCmec_FJ670542_Type-VIII:10:SCCmec_FJ670542_Type-VIII_00003 (length 33)
SCCmec_FJ670542_Type-VIII/SCCmec_FJ670542_Type-VIII:10:SCCmec_FJ670542_Type-VIII_00029 (length 30)
SCCmec_FJ670542_Type-VIII/SCCmec_FJ670542_Type-VIII:10:SCCmec_FJ670542_Type-VIII_00034 (length 47)
SCCmec_FJ670542_Type-VIII/SCCmec_FJ670542_Type-VIII:10:SCCmec_FJ670542_Type-VIII_00037 (length 32)

DiscRep_ALL:MISSING_GENOMEASSEMBLY_COMMENTS::1 bioseqs are missing GenomeAssembly structured comments
SCCmec_FJ670542_Type-VIII/SCCmec_FJ670542_Type-VIII:10:SCCmec_FJ670542_Type-VIII_1 (length 32672)

DiscRep_ALL:MOLTYPE_NOT_MRNA::1 molecule types are not set as mRNA.
SCCmec_FJ670542_Type-VIII/SCCmec_FJ670542_Type-VIII:10:SCCmec_FJ670542_Type-VIII_1 (length 32672)

DiscRep_ALL:TECHNIQUE_NOT_TSA::1 technique are not set as TSA
SCCmec_FJ670542_Type-VIII/SCCmec_FJ670542_Type-VIII:10:SCCmec_FJ670542_Type-VIII_1 (length 32672)

DiscRep_ALL:MISSING_STRUCTURED_COMMENT::1 sequences do not include structured comments.
SCCmec_FJ670542_Type-VIII/SCCmec_FJ670542_Type-VIII:10:SCCmec_FJ670542_Type-VIII_1 (length 32672)

DiscRep_ALL:MISSING_PROJECT::39 sequences do not include project.
SCCmec_FJ670542_Type-VIII/SCCmec_FJ670542_Type-VIII:10:SCCmec_FJ670542_Type-VIII_1 (length 32672)
SCCmec_FJ670542_Type-VIII/SCCmec_FJ670542_Type-VIII:10:SCCmec_FJ670542_Type-VIII_00001 (length 159)
SCCmec_FJ670542_Type-VIII/SCCmec_FJ670542_Type-VIII:10:SCCmec_FJ670542_Type-VIII_00002 (length 418)
SCCmec_FJ670542_Type-VIII/SCCmec_FJ670542_Type-VIII:10:SCCmec_FJ670542_Type-VIII_00003 (length 33)
SCCmec_FJ670542_Type-VIII/SCCmec_FJ670542_Type-VIII:10:SCCmec_FJ670542_Type-VIII_00004 (length 79)
SCCmec_FJ670542_Type-VIII/SCCmec_FJ670542_Type-VIII:10:SCCmec_FJ670542_Type-VIII_00005 (length 224)
SCCmec_FJ670542_Type-VIII/SCCmec_FJ670542_Type-VIII:10:SCCmec_FJ670542_Type-VIII_00006 (length 55)
SCCmec_FJ670542_Type-VIII/SCCmec_FJ670542_Type-VIII:10:SCCmec_FJ670542_Type-VIII_00007 (length 76)
SCCmec_FJ670542_Type-VIII/SCCmec_FJ670542_Type-VIII:10:SCCmec_FJ670542_Type-VIII_00008 (length 247)
SCCmec_FJ670542_Type-VIII/SCCmec_FJ670542_Type-VIII:10:SCCmec_FJ670542_Type-VIII_00009 (length 142)
SCCmec_FJ670542_Type-VIII/SCCmec_FJ670542_Type-VIII:10:SCCmec_FJ670542_Type-VIII_00010 (length 668)
SCCmec_FJ670542_Type-VIII/SCCmec_FJ670542_Type-VIII:10:SCCmec_FJ670542_Type-VIII_00011 (length 585)
SCCmec_FJ670542_Type-VIII/SCCmec_FJ670542_Type-VIII:10:SCCmec_FJ670542_Type-VIII_00012 (length 53)
SCCmec_FJ670542_Type-VIII/SCCmec_FJ670542_Type-VIII:10:SCCmec_FJ670542_Type-VIII_00013 (length 88)
SCCmec_FJ670542_Type-VIII/SCCmec_FJ670542_Type-VIII:10:SCCmec_FJ670542_Type-VIII_00014 (length 369)
SCCmec_FJ670542_Type-VIII/SCCmec_FJ670542_Type-VIII:10:SCCmec_FJ670542_Type-VIII_00015 (length 86)
SCCmec_FJ670542_Type-VIII/SCCmec_FJ670542_Type-VIII:10:SCCmec_FJ670542_Type-VIII_00016 (length 312)
SCCmec_FJ670542_Type-VIII/SCCmec_FJ670542_Type-VIII:10:SCCmec_FJ670542_Type-VIII_00017 (length 354)
SCCmec_FJ670542_Type-VIII/SCCmec_FJ670542_Type-VIII:10:SCCmec_FJ670542_Type-VIII_00018 (length 86)
SCCmec_FJ670542_Type-VIII/SCCmec_FJ670542_Type-VIII:10:SCCmec_FJ670542_Type-VIII_00019 (length 209)
SCCmec_FJ670542_Type-VIII/SCCmec_FJ670542_Type-VIII:10:SCCmec_FJ670542_Type-VIII_00020 (length 220)
SCCmec_FJ670542_Type-VIII/SCCmec_FJ670542_Type-VIII:10:SCCmec_FJ670542_Type-VIII_00021 (length 243)
SCCmec_FJ670542_Type-VIII/SCCmec_FJ670542_Type-VIII:10:SCCmec_FJ670542_Type-VIII_00022 (length 260)
SCCmec_FJ670542_Type-VIII/SCCmec_FJ670542_Type-VIII:10:SCCmec_FJ670542_Type-VIII_00023 (length 125)
SCCmec_FJ670542_Type-VIII/SCCmec_FJ670542_Type-VIII:10:SCCmec_FJ670542_Type-VIII_00024 (length 630)
SCCmec_FJ670542_Type-VIII/SCCmec_FJ670542_Type-VIII:10:SCCmec_FJ670542_Type-VIII_00025 (length 361)
SCCmec_FJ670542_Type-VIII/SCCmec_FJ670542_Type-VIII:10:SCCmec_FJ670542_Type-VIII_00026 (length 105)
SCCmec_FJ670542_Type-VIII/SCCmec_FJ670542_Type-VIII:10:SCCmec_FJ670542_Type-VIII_00027 (length 168)
SCCmec_FJ670542_Type-VIII/SCCmec_FJ670542_Type-VIII:10:SCCmec_FJ670542_Type-VIII_00028 (length 103)
SCCmec_FJ670542_Type-VIII/SCCmec_FJ670542_Type-VIII:10:SCCmec_FJ670542_Type-VIII_00029 (length 30)
SCCmec_FJ670542_Type-VIII/SCCmec_FJ670542_Type-VIII:10:SCCmec_FJ670542_Type-VIII_00030 (length 116)
SCCmec_FJ670542_Type-VIII/SCCmec_FJ670542_Type-VIII:10:SCCmec_FJ670542_Type-VIII_00031 (length 542)
SCCmec_FJ670542_Type-VIII/SCCmec_FJ670542_Type-VIII:10:SCCmec_FJ670542_Type-VIII_00032 (length 453)
SCCmec_FJ670542_Type-VIII/SCCmec_FJ670542_Type-VIII:10:SCCmec_FJ670542_Type-VIII_00033 (length 204)
SCCmec_FJ670542_Type-VIII/SCCmec_FJ670542_Type-VIII:10:SCCmec_FJ670542_Type-VIII_00034 (length 47)
SCCmec_FJ670542_Type-VIII/SCCmec_FJ670542_Type-VIII:10:SCCmec_FJ670542_Type-VIII_00035 (length 119)
SCCmec_FJ670542_Type-VIII/SCCmec_FJ670542_Type-VIII:10:SCCmec_FJ670542_Type-VIII_00036 (length 108)
SCCmec_FJ670542_Type-VIII/SCCmec_FJ670542_Type-VIII:10:SCCmec_FJ670542_Type-VIII_00037 (length 32)
SCCmec_FJ670542_Type-VIII/SCCmec_FJ670542_Type-VIII:10:SCCmec_FJ670542_Type-VIII_00038 (length 641)

DiscRep_ALL:DISC_INCONSISTENT_MOLINFO_TECH::Molinfo Technique Report (some missing, all same)
DiscRep_SUB:DISC_INCONSISTENT_MOLINFO_TECH::technique (all missing)
DiscRep_SUB:DISC_INCONSISTENT_MOLINFO_TECH::1 Molinfos are missing field technique
SCCmec_FJ670542_Type-VIII/SCCmec_FJ670542_Type-VIII:10:SCCmec_FJ670542_Type-VIII_1 (length 32672)

