[17:07:23] This is prokka 1.12
[17:07:23] Written by Torsten Seemann <torsten.seemann@gmail.com>
[17:07:23] Homepage is https://github.com/tseemann/prokka
[17:07:23] Local time is Mon May 15 17:07:23 2017
[17:07:23] You are fsepulveda
[17:07:23] Operating system is linux
[17:07:23] You have BioPerl 1.006924
[17:07:23] System has 4 cores.
[17:07:23] Option --cpu asked for 8 cores, but system only has 4
[17:07:23] Will use maximum of 4 cores.
[17:07:23] Annotating as >>> Bacteria <<<
[17:07:23] Creating new output folder: PROKKA_CP012012
[17:07:23] Running: mkdir -p PROKKA_CP012012
[17:07:23] Using filename prefix: PROKKA_CP012012.XXX
[17:07:23] Setting HMMER_NCPU=1
[17:07:23] Writing log to: PROKKA_CP012012/PROKKA_CP012012.log
[17:07:23] Command: /home/fsepulveda/Desktop/tesis/sccmec_classification/prokka-1.12/bin/prokka --genus Staphylococcus --prefix PROKKA_CP012012 --addgenes --addmrna --locustag CP012012_SCCmec /home/fsepulveda/Documents/parte2/229_sccmec/sccmec_CP012012.fasta
[17:07:23] Appending to PATH: /home/fsepulveda/Desktop/tesis/sccmec_classification/prokka-1.12/bin/../binaries/linux
[17:07:23] Appending to PATH: /home/fsepulveda/Desktop/tesis/sccmec_classification/prokka-1.12/bin/../binaries/linux/../common
[17:07:23] Appending to PATH: /home/fsepulveda/Desktop/tesis/sccmec_classification/prokka-1.12/bin
[17:07:23] Looking for 'aragorn' - found /home/fsepulveda/Desktop/tesis/sccmec_classification/prokka-1.12/bin/../binaries/linux/aragorn
[17:07:23] Determined aragorn version is 1.2
[17:07:23] Looking for 'blastp' - found /usr/bin/blastp
[17:07:23] Determined blastp version is 2.2
[17:07:23] Looking for 'cmpress' - found /usr/bin/cmpress
[17:07:23] Determined cmpress version is 1.1
[17:07:23] Looking for 'cmscan' - found /usr/bin/cmscan
[17:07:23] Determined cmscan version is 1.1
[17:07:23] Looking for 'egrep' - found /bin/egrep
[17:07:23] Looking for 'find' - found /usr/bin/find
[17:07:23] Looking for 'grep' - found /bin/grep
[17:07:23] Looking for 'hmmpress' - found /usr/bin/hmmpress
[17:07:23] Determined hmmpress version is 3.1
[17:07:23] Looking for 'hmmscan' - found /usr/bin/hmmscan
[17:07:23] Determined hmmscan version is 3.1
[17:07:23] Looking for 'java' - found /usr/bin/java
[17:07:23] Looking for 'less' - found /usr/bin/less
[17:07:23] Looking for 'makeblastdb' - found /usr/bin/makeblastdb
[17:07:23] Determined makeblastdb version is 2.2
[17:07:23] Looking for 'minced' - found /home/fsepulveda/Desktop/tesis/sccmec_classification/prokka-1.12/bin/../binaries/linux/../common/minced
[17:07:23] Determined minced version is 2.0
[17:07:23] Looking for 'parallel' - found /home/fsepulveda/Desktop/tesis/sccmec_classification/prokka-1.12/bin/../binaries/linux/../common/parallel
[17:07:24] Determined parallel version is 20150122
[17:07:24] Looking for 'prodigal' - found /home/fsepulveda/Desktop/tesis/sccmec_classification/prokka-1.12/bin/../binaries/linux/prodigal
[17:07:24] Determined prodigal version is 2.6
[17:07:24] Looking for 'prokka-genbank_to_fasta_db' - found /home/fsepulveda/Desktop/tesis/sccmec_classification/prokka-1.12/bin/prokka-genbank_to_fasta_db
[17:07:24] Looking for 'sed' - found /bin/sed
[17:07:24] Looking for 'tbl2asn' - found /home/fsepulveda/Desktop/tesis/sccmec_classification/prokka-1.12/bin/../binaries/linux/tbl2asn
[17:07:24] Determined tbl2asn version is 25.3
[17:07:24] Using genetic code table 11.
[17:07:24] Loading and checking input file: /home/fsepulveda/Documents/parte2/229_sccmec/sccmec_CP012012.fasta
[17:07:24] Wrote 1 contigs totalling 60996 bp.
[17:07:24] Predicting tRNAs and tmRNAs
[17:07:24] Running: aragorn -l -gc11  -w PROKKA_CP012012\/PROKKA_CP012012\.fna
[17:07:24] Found 0 tRNAs
[17:07:24] Predicting Ribosomal RNAs
[17:07:24] You need either Barrnap or RNAmmer installed to predict rRNAs!
[17:07:24] Skipping ncRNA search, enable with --rfam if desired.
[17:07:24] Total of 0 tRNA + rRNA features
[17:07:24] Searching for CRISPR repeats
[17:07:24] Found 0 CRISPRs
[17:07:24] Predicting coding sequences
[17:07:24] Contigs total 60996 bp, so using meta mode
[17:07:24] Running: prodigal -i PROKKA_CP012012\/PROKKA_CP012012\.fna -c -m -g 11 -p meta -f sco -q
[17:07:24] Found 68 CDS
[17:07:24] Connecting features back to sequences
[17:07:24] Not using genus-specific database. Try --usegenus to enable it.
[17:07:24] Annotating CDS, please be patient.
[17:07:24] Will use 4 CPUs for similarity searching.
[17:07:24] There are still 68 unannotated CDS left (started with 68)
[17:07:24] Will use blast to search against /home/fsepulveda/Desktop/tesis/sccmec_classification/prokka-1.12/bin/../db/kingdom/Bacteria/sprot with 4 CPUs
[17:07:24] Running: cat PROKKA_CP012012\/sprot\.faa | parallel --gnu --plain -j 4 --block 2182 --recstart '>' --pipe blastp -query - -db /home/fsepulveda/Desktop/tesis/sccmec_classification/prokka-1.12/bin/../db/kingdom/Bacteria/sprot -evalue 1e-06 -num_threads 1 -num_descriptions 1 -num_alignments 1 -seg no > PROKKA_CP012012\/sprot\.blast 2> /dev/null
[17:07:26] Modify product: Uncharacterized methyltransferase YcgJ => putative methyltransferase YcgJ
[17:07:26] Modify product: Probable cadmium-transporting ATPase => putative cadmium-transporting ATPase
[17:07:26] Cleaned 2 /product names
[17:07:26] Deleting unwanted file: PROKKA_CP012012/sprot.faa
[17:07:26] Deleting unwanted file: PROKKA_CP012012/sprot.blast
[17:07:26] There are still 40 unannotated CDS left (started with 68)
[17:07:26] Will use hmmer3 to search against /home/fsepulveda/Desktop/tesis/sccmec_classification/prokka-1.12/bin/../db/hmm/HAMAP.hmm with 4 CPUs
[17:07:26] Running: cat PROKKA_CP012012\/HAMAP\.hmm\.faa | parallel --gnu --plain -j 4 --block 1003 --recstart '>' --pipe hmmscan --noali --notextw --acc -E 1e-06 --cpu 1 /home/fsepulveda/Desktop/tesis/sccmec_classification/prokka-1.12/bin/../db/hmm/HAMAP.hmm /dev/stdin > PROKKA_CP012012\/HAMAP\.hmm\.hmmer3 2> /dev/null
[17:07:27] Deleting unwanted file: PROKKA_CP012012/HAMAP.hmm.faa
[17:07:27] Deleting unwanted file: PROKKA_CP012012/HAMAP.hmm.hmmer3
[17:07:27] Labelling remaining 39 proteins as 'hypothetical protein'
[17:07:27] Possible /pseudo 'Tyrosine recombinase XerC' at sccmec_saures_CP012012_l60996 position 13169
[17:07:27] Possible /pseudo 'Streptomycin 3''-adenylyltransferase' at sccmec_saures_CP012012_l60996 position 14813
[17:07:27] Found 24 unique /gene codes.
[17:07:27] Fixed 2 duplicate /gene - xerD_1 xerD_2
[17:07:27] Fixed 2 duplicate /gene - xerC_1 xerC_2
[17:07:27] Fixed 2 duplicate /gene - pspE_1 pspE_2
[17:07:27] Fixed 2 duplicate /gene - hin_1 hin_2
[17:07:27] Fixed 2 duplicate /gene - ant1_1 ant1_2
[17:07:27] Fixed 5 colliding /gene names.
[17:07:27] Adding /locus_tag identifiers
[17:07:27] Assigned 68 locus_tags to CDS and RNA features.
[17:07:27] Writing outputs to PROKKA_CP012012/
[17:07:27] Generating annotation statistics file
[17:07:27] Generating Genbank and Sequin files
[17:07:27] Running: tbl2asn -V b -a r10k -l paired-ends -M n -N 1 -y 'Annotated using prokka 1.12 from https://github.com/tseemann/prokka' -Z PROKKA_CP012012\/PROKKA_CP012012\.err -i PROKKA_CP012012\/PROKKA_CP012012\.fsa 2> /dev/null
[17:07:27] Deleting unwanted file: PROKKA_CP012012/errorsummary.val
[17:07:27] Deleting unwanted file: PROKKA_CP012012/PROKKA_CP012012.dr
[17:07:27] Deleting unwanted file: PROKKA_CP012012/PROKKA_CP012012.fixedproducts
[17:07:27] Deleting unwanted file: PROKKA_CP012012/PROKKA_CP012012.ecn
[17:07:27] Deleting unwanted file: PROKKA_CP012012/PROKKA_CP012012.val
[17:07:27] Repairing broken .GBK output that tbl2asn produces...
[17:07:27] Running: sed 's/COORDINATES: profile/COORDINATES:profile/' < PROKKA_CP012012\/PROKKA_CP012012\.gbf > PROKKA_CP012012\/PROKKA_CP012012\.gbk
[17:07:27] Deleting unwanted file: PROKKA_CP012012/PROKKA_CP012012.gbf
[17:07:27] Output files:
[17:07:27] PROKKA_CP012012/PROKKA_CP012012.log
[17:07:27] PROKKA_CP012012/PROKKA_CP012012.gbk
[17:07:27] PROKKA_CP012012/PROKKA_CP012012.fna
[17:07:27] PROKKA_CP012012/PROKKA_CP012012.tbl
[17:07:27] PROKKA_CP012012/PROKKA_CP012012.ffn
[17:07:27] PROKKA_CP012012/PROKKA_CP012012.txt
[17:07:27] PROKKA_CP012012/PROKKA_CP012012.sqn
[17:07:27] PROKKA_CP012012/PROKKA_CP012012.tsv
[17:07:27] PROKKA_CP012012/PROKKA_CP012012.faa
[17:07:27] PROKKA_CP012012/PROKKA_CP012012.fsa
[17:07:27] PROKKA_CP012012/PROKKA_CP012012.gff
[17:07:27] PROKKA_CP012012/PROKKA_CP012012.err
[17:07:27] Annotation finished successfully.
[17:07:27] Walltime used: 0.07 minutes
[17:07:27] If you use this result please cite the Prokka paper:
[17:07:27] Seemann T (2014) Prokka: rapid prokaryotic genome annotation. Bioinformatics. 30(14):2068-9.
[17:07:27] Type 'prokka --citation' for more details.
[17:07:27] Thank you, come again.
