[17:14:02] This is prokka 1.12
[17:14:02] Written by Torsten Seemann <torsten.seemann@gmail.com>
[17:14:02] Homepage is https://github.com/tseemann/prokka
[17:14:02] Local time is Mon May 15 17:14:02 2017
[17:14:02] You are fsepulveda
[17:14:02] Operating system is linux
[17:14:02] You have BioPerl 1.006924
[17:14:02] System has 4 cores.
[17:14:02] Option --cpu asked for 8 cores, but system only has 4
[17:14:02] Will use maximum of 4 cores.
[17:14:02] Annotating as >>> Bacteria <<<
[17:14:02] Creating new output folder: PROKKA_NZ_CP009681
[17:14:02] Running: mkdir -p PROKKA_NZ_CP009681
[17:14:02] Using filename prefix: PROKKA_NZ_CP009681.XXX
[17:14:02] Setting HMMER_NCPU=1
[17:14:02] Writing log to: PROKKA_NZ_CP009681/PROKKA_NZ_CP009681.log
[17:14:02] Command: /home/fsepulveda/Desktop/tesis/sccmec_classification/prokka-1.12/bin/prokka --genus Staphylococcus --prefix PROKKA_NZ_CP009681 --addgenes --addmrna --locustag NZ_CP009681_SCCmec /home/fsepulveda/Documents/parte2/229_sccmec/sccmec_NZ_CP009681.fasta
[17:14:02] Appending to PATH: /home/fsepulveda/Desktop/tesis/sccmec_classification/prokka-1.12/bin/../binaries/linux
[17:14:02] Appending to PATH: /home/fsepulveda/Desktop/tesis/sccmec_classification/prokka-1.12/bin/../binaries/linux/../common
[17:14:02] Appending to PATH: /home/fsepulveda/Desktop/tesis/sccmec_classification/prokka-1.12/bin
[17:14:02] Looking for 'aragorn' - found /home/fsepulveda/Desktop/tesis/sccmec_classification/prokka-1.12/bin/../binaries/linux/aragorn
[17:14:02] Determined aragorn version is 1.2
[17:14:02] Looking for 'blastp' - found /usr/bin/blastp
[17:14:02] Determined blastp version is 2.2
[17:14:02] Looking for 'cmpress' - found /usr/bin/cmpress
[17:14:02] Determined cmpress version is 1.1
[17:14:02] Looking for 'cmscan' - found /usr/bin/cmscan
[17:14:02] Determined cmscan version is 1.1
[17:14:02] Looking for 'egrep' - found /bin/egrep
[17:14:02] Looking for 'find' - found /usr/bin/find
[17:14:02] Looking for 'grep' - found /bin/grep
[17:14:02] Looking for 'hmmpress' - found /usr/bin/hmmpress
[17:14:02] Determined hmmpress version is 3.1
[17:14:02] Looking for 'hmmscan' - found /usr/bin/hmmscan
[17:14:02] Determined hmmscan version is 3.1
[17:14:02] Looking for 'java' - found /usr/bin/java
[17:14:02] Looking for 'less' - found /usr/bin/less
[17:14:02] Looking for 'makeblastdb' - found /usr/bin/makeblastdb
[17:14:02] Determined makeblastdb version is 2.2
[17:14:02] Looking for 'minced' - found /home/fsepulveda/Desktop/tesis/sccmec_classification/prokka-1.12/bin/../binaries/linux/../common/minced
[17:14:02] Determined minced version is 2.0
[17:14:02] Looking for 'parallel' - found /home/fsepulveda/Desktop/tesis/sccmec_classification/prokka-1.12/bin/../binaries/linux/../common/parallel
[17:14:02] Determined parallel version is 20150122
[17:14:02] Looking for 'prodigal' - found /home/fsepulveda/Desktop/tesis/sccmec_classification/prokka-1.12/bin/../binaries/linux/prodigal
[17:14:03] Determined prodigal version is 2.6
[17:14:03] Looking for 'prokka-genbank_to_fasta_db' - found /home/fsepulveda/Desktop/tesis/sccmec_classification/prokka-1.12/bin/prokka-genbank_to_fasta_db
[17:14:03] Looking for 'sed' - found /bin/sed
[17:14:03] Looking for 'tbl2asn' - found /home/fsepulveda/Desktop/tesis/sccmec_classification/prokka-1.12/bin/../binaries/linux/tbl2asn
[17:14:03] Determined tbl2asn version is 25.3
[17:14:03] Using genetic code table 11.
[17:14:03] Loading and checking input file: /home/fsepulveda/Documents/parte2/229_sccmec/sccmec_NZ_CP009681.fasta
[17:14:03] Wrote 1 contigs totalling 62310 bp.
[17:14:03] Predicting tRNAs and tmRNAs
[17:14:03] Running: aragorn -l -gc11  -w PROKKA_NZ_CP009681\/PROKKA_NZ_CP009681\.fna
[17:14:03] Found 0 tRNAs
[17:14:03] Predicting Ribosomal RNAs
[17:14:03] You need either Barrnap or RNAmmer installed to predict rRNAs!
[17:14:03] Skipping ncRNA search, enable with --rfam if desired.
[17:14:03] Total of 0 tRNA + rRNA features
[17:14:03] Searching for CRISPR repeats
[17:14:03] Found 0 CRISPRs
[17:14:03] Predicting coding sequences
[17:14:03] Contigs total 62310 bp, so using meta mode
[17:14:03] Running: prodigal -i PROKKA_NZ_CP009681\/PROKKA_NZ_CP009681\.fna -c -m -g 11 -p meta -f sco -q
[17:14:03] Found 70 CDS
[17:14:03] Connecting features back to sequences
[17:14:03] Not using genus-specific database. Try --usegenus to enable it.
[17:14:03] Annotating CDS, please be patient.
[17:14:03] Will use 4 CPUs for similarity searching.
[17:14:03] There are still 70 unannotated CDS left (started with 70)
[17:14:03] Will use blast to search against /home/fsepulveda/Desktop/tesis/sccmec_classification/prokka-1.12/bin/../db/kingdom/Bacteria/sprot with 4 CPUs
[17:14:03] Running: cat PROKKA_NZ_CP009681\/sprot\.faa | parallel --gnu --plain -j 4 --block 2214 --recstart '>' --pipe blastp -query - -db /home/fsepulveda/Desktop/tesis/sccmec_classification/prokka-1.12/bin/../db/kingdom/Bacteria/sprot -evalue 1e-06 -num_threads 1 -num_descriptions 1 -num_alignments 1 -seg no > PROKKA_NZ_CP009681\/sprot\.blast 2> /dev/null
[17:14:05] Modify product: Uncharacterized methyltransferase YcgJ => putative methyltransferase YcgJ
[17:14:05] Modify product: Probable cadmium-transporting ATPase => putative cadmium-transporting ATPase
[17:14:05] Cleaned 2 /product names
[17:14:05] Deleting unwanted file: PROKKA_NZ_CP009681/sprot.faa
[17:14:05] Deleting unwanted file: PROKKA_NZ_CP009681/sprot.blast
[17:14:05] There are still 43 unannotated CDS left (started with 70)
[17:14:05] Will use hmmer3 to search against /home/fsepulveda/Desktop/tesis/sccmec_classification/prokka-1.12/bin/../db/hmm/HAMAP.hmm with 4 CPUs
[17:14:05] Running: cat PROKKA_NZ_CP009681\/HAMAP\.hmm\.faa | parallel --gnu --plain -j 4 --block 1045 --recstart '>' --pipe hmmscan --noali --notextw --acc -E 1e-06 --cpu 1 /home/fsepulveda/Desktop/tesis/sccmec_classification/prokka-1.12/bin/../db/hmm/HAMAP.hmm /dev/stdin > PROKKA_NZ_CP009681\/HAMAP\.hmm\.hmmer3 2> /dev/null
[17:14:06] Deleting unwanted file: PROKKA_NZ_CP009681/HAMAP.hmm.faa
[17:14:06] Deleting unwanted file: PROKKA_NZ_CP009681/HAMAP.hmm.hmmer3
[17:14:06] Labelling remaining 41 proteins as 'hypothetical protein'
[17:14:06] Possible /pseudo 'Tyrosine recombinase XerC' at sccmec_saures_NZ_CP009681_l62310 position 12106
[17:14:06] Possible /pseudo 'Tyrosine recombinase XerC' at sccmec_saures_NZ_CP009681_l62310 position 13160
[17:14:06] Possible /pseudo 'Streptomycin 3''-adenylyltransferase' at sccmec_saures_NZ_CP009681_l62310 position 14623
[17:14:06] Found 23 unique /gene codes.
[17:14:06] Fixed 2 duplicate /gene - ant1_1 ant1_2
[17:14:06] Fixed 2 duplicate /gene - hin_1 hin_2
[17:14:06] Fixed 4 duplicate /gene - xerC_1 xerC_2 xerC_3 xerC_4
[17:14:06] Fixed 2 duplicate /gene - pspE_1 pspE_2
[17:14:06] Fixed 4 colliding /gene names.
[17:14:06] Adding /locus_tag identifiers
[17:14:06] Assigned 70 locus_tags to CDS and RNA features.
[17:14:06] Writing outputs to PROKKA_NZ_CP009681/
[17:14:06] Generating annotation statistics file
[17:14:06] Generating Genbank and Sequin files
[17:14:06] Running: tbl2asn -V b -a r10k -l paired-ends -M n -N 1 -y 'Annotated using prokka 1.12 from https://github.com/tseemann/prokka' -Z PROKKA_NZ_CP009681\/PROKKA_NZ_CP009681\.err -i PROKKA_NZ_CP009681\/PROKKA_NZ_CP009681\.fsa 2> /dev/null
[17:14:06] Deleting unwanted file: PROKKA_NZ_CP009681/errorsummary.val
[17:14:06] Deleting unwanted file: PROKKA_NZ_CP009681/PROKKA_NZ_CP009681.dr
[17:14:06] Deleting unwanted file: PROKKA_NZ_CP009681/PROKKA_NZ_CP009681.fixedproducts
[17:14:06] Deleting unwanted file: PROKKA_NZ_CP009681/PROKKA_NZ_CP009681.ecn
[17:14:06] Deleting unwanted file: PROKKA_NZ_CP009681/PROKKA_NZ_CP009681.val
[17:14:06] Repairing broken .GBK output that tbl2asn produces...
[17:14:06] Running: sed 's/COORDINATES: profile/COORDINATES:profile/' < PROKKA_NZ_CP009681\/PROKKA_NZ_CP009681\.gbf > PROKKA_NZ_CP009681\/PROKKA_NZ_CP009681\.gbk
[17:14:06] Deleting unwanted file: PROKKA_NZ_CP009681/PROKKA_NZ_CP009681.gbf
[17:14:06] Output files:
[17:14:06] PROKKA_NZ_CP009681/PROKKA_NZ_CP009681.tsv
[17:14:06] PROKKA_NZ_CP009681/PROKKA_NZ_CP009681.sqn
[17:14:06] PROKKA_NZ_CP009681/PROKKA_NZ_CP009681.tbl
[17:14:06] PROKKA_NZ_CP009681/PROKKA_NZ_CP009681.gff
[17:14:06] PROKKA_NZ_CP009681/PROKKA_NZ_CP009681.fsa
[17:14:06] PROKKA_NZ_CP009681/PROKKA_NZ_CP009681.err
[17:14:06] PROKKA_NZ_CP009681/PROKKA_NZ_CP009681.gbk
[17:14:06] PROKKA_NZ_CP009681/PROKKA_NZ_CP009681.fna
[17:14:06] PROKKA_NZ_CP009681/PROKKA_NZ_CP009681.log
[17:14:06] PROKKA_NZ_CP009681/PROKKA_NZ_CP009681.faa
[17:14:06] PROKKA_NZ_CP009681/PROKKA_NZ_CP009681.ffn
[17:14:06] PROKKA_NZ_CP009681/PROKKA_NZ_CP009681.txt
[17:14:06] Annotation finished successfully.
[17:14:06] Walltime used: 0.07 minutes
[17:14:06] If you use this result please cite the Prokka paper:
[17:14:06] Seemann T (2014) Prokka: rapid prokaryotic genome annotation. Bioinformatics. 30(14):2068-9.
[17:14:06] Type 'prokka --citation' for more details.
[17:14:06] Thank you, come again.
