Discrepancy Report Results

Summary
FATAL: BAD_LOCUS_TAG_FORMAT:61 locus tags are incorrectly formatted.
FATAL: MISSING_PROTEIN_ID:61 proteins have invalid IDs.
DISC_SOURCE_QUALS_ASNDISC:strain (all present, all unique)
DISC_SOURCE_QUALS_ASNDISC:taxname (all present, all unique)
DISC_FEATURE_COUNT:gene: 61 present
DISC_FEATURE_COUNT:CDS: 61 present
DISC_FEATURE_COUNT:mRNA: 61 present
DISC_COUNT_NUCLEOTIDES:1 nucleotide Bioseqs are present
OVERLAPPING_GENES:8 genes overlap another gene on the same strand.
DISC_QUALITY_SCORES:Quality scores are missing on all sequences.
ONCALLER_COMMENT_PRESENT:1 comment descriptors were found (all same)
SHORT_PROT_SEQUENCES:2 protein sequences are shorter than 50 aa.
MISSING_GENOMEASSEMBLY_COMMENTS:1 bioseqs are missing GenomeAssembly structured comments
MOLTYPE_NOT_MRNA:1 molecule types are not set as mRNA.
TECHNIQUE_NOT_TSA:1 technique are not set as TSA
MISSING_STRUCTURED_COMMENT:1 sequences do not include structured comments.
MISSING_PROJECT:62 sequences do not include project.
DISC_INCONSISTENT_MOLINFO_TECH:Molinfo Technique Report (some missing, all same)


Detailed Report

FATAL: DiscRep_ALL:BAD_LOCUS_TAG_FORMAT::61 locus tags are incorrectly formatted.
PROKKA_CP019945/PROKKA_CP019945:Gene	rlmH	sccmec_saures_CP019945_l49757:1-480	CP019945_SCCmec_00001
PROKKA_CP019945/PROKKA_CP019945:Gene	CP019945_SCCmec_00002	sccmec_saures_CP019945_l49757:1073-1462	CP019945_SCCmec_00002
PROKKA_CP019945/PROKKA_CP019945:Gene	CP019945_SCCmec_00003	sccmec_saures_CP019945_l49757:1557-1835	CP019945_SCCmec_00003
PROKKA_CP019945/PROKKA_CP019945:Gene	CP019945_SCCmec_00004	sccmec_saures_CP019945_l49757:1843-2049	CP019945_SCCmec_00004
PROKKA_CP019945/PROKKA_CP019945:Gene	CP019945_SCCmec_00005	sccmec_saures_CP019945_l49757:2413-3501	CP019945_SCCmec_00005
PROKKA_CP019945/PROKKA_CP019945:Gene	CP019945_SCCmec_00006	sccmec_saures_CP019945_l49757:3527-4249	CP019945_SCCmec_00006
PROKKA_CP019945/PROKKA_CP019945:Gene	CP019945_SCCmec_00007	sccmec_saures_CP019945_l49757:4449-5543	CP019945_SCCmec_00007
PROKKA_CP019945/PROKKA_CP019945:Gene	glcA	sccmec_saures_CP019945_l49757:6361-7380	CP019945_SCCmec_00008
PROKKA_CP019945/PROKKA_CP019945:Gene	lutP	sccmec_saures_CP019945_l49757:7453-7953	CP019945_SCCmec_00009
PROKKA_CP019945/PROKKA_CP019945:Gene	CP019945_SCCmec_00010	sccmec_saures_CP019945_l49757:8139-8540	CP019945_SCCmec_00010
PROKKA_CP019945/PROKKA_CP019945:Gene	CP019945_SCCmec_00011	sccmec_saures_CP019945_l49757:c9087-8704	CP019945_SCCmec_00011
PROKKA_CP019945/PROKKA_CP019945:Gene	CP019945_SCCmec_00012	sccmec_saures_CP019945_l49757:c9292-9071	CP019945_SCCmec_00012
PROKKA_CP019945/PROKKA_CP019945:Gene	CP019945_SCCmec_00013	sccmec_saures_CP019945_l49757:c9855-9394	CP019945_SCCmec_00013
PROKKA_CP019945/PROKKA_CP019945:Gene	CP019945_SCCmec_00014	sccmec_saures_CP019945_l49757:c10606-10001	CP019945_SCCmec_00014
PROKKA_CP019945/PROKKA_CP019945:Gene	CP019945_SCCmec_00015	sccmec_saures_CP019945_l49757:10742-10945	CP019945_SCCmec_00015
PROKKA_CP019945/PROKKA_CP019945:Gene	CP019945_SCCmec_00016	sccmec_saures_CP019945_l49757:c12216-11122	CP019945_SCCmec_00016
PROKKA_CP019945/PROKKA_CP019945:Gene	CP019945_SCCmec_00017	sccmec_saures_CP019945_l49757:c13138-12416	CP019945_SCCmec_00017
PROKKA_CP019945/PROKKA_CP019945:Gene	CP019945_SCCmec_00018	sccmec_saures_CP019945_l49757:c14252-13164	CP019945_SCCmec_00018
PROKKA_CP019945/PROKKA_CP019945:Gene	CP019945_SCCmec_00019	sccmec_saures_CP019945_l49757:c14822-14616	CP019945_SCCmec_00019
PROKKA_CP019945/PROKKA_CP019945:Gene	CP019945_SCCmec_00020	sccmec_saures_CP019945_l49757:c15108-14830	CP019945_SCCmec_00020
PROKKA_CP019945/PROKKA_CP019945:Gene	CP019945_SCCmec_00021	sccmec_saures_CP019945_l49757:c15592-15203	CP019945_SCCmec_00021
PROKKA_CP019945/PROKKA_CP019945:Gene	tnpR	sccmec_saures_CP019945_l49757:c16502-15648	CP019945_SCCmec_00022
PROKKA_CP019945/PROKKA_CP019945:Gene	CP019945_SCCmec_00023	sccmec_saures_CP019945_l49757:c16937-16680	CP019945_SCCmec_00023
PROKKA_CP019945/PROKKA_CP019945:Gene	CP019945_SCCmec_00024	sccmec_saures_CP019945_l49757:c18795-17005	CP019945_SCCmec_00024
PROKKA_CP019945/PROKKA_CP019945:Gene	CP019945_SCCmec_00025	sccmec_saures_CP019945_l49757:c20348-18921	CP019945_SCCmec_00025
PROKKA_CP019945/PROKKA_CP019945:Gene	CP019945_SCCmec_00026	sccmec_saures_CP019945_l49757:20441-21229	CP019945_SCCmec_00026
PROKKA_CP019945/PROKKA_CP019945:Gene	clpL	sccmec_saures_CP019945_l49757:21219-22334	CP019945_SCCmec_00027
PROKKA_CP019945/PROKKA_CP019945:Gene	CP019945_SCCmec_00028	sccmec_saures_CP019945_l49757:22496-23719	CP019945_SCCmec_00028
PROKKA_CP019945/PROKKA_CP019945:Gene	CP019945_SCCmec_00029	sccmec_saures_CP019945_l49757:24126-24341	CP019945_SCCmec_00029
PROKKA_CP019945/PROKKA_CP019945:Gene	CP019945_SCCmec_00030	sccmec_saures_CP019945_l49757:24284-24559	CP019945_SCCmec_00030
PROKKA_CP019945/PROKKA_CP019945:Gene	CP019945_SCCmec_00031	sccmec_saures_CP019945_l49757:24841-25761	CP019945_SCCmec_00031
PROKKA_CP019945/PROKKA_CP019945:Gene	CP019945_SCCmec_00032	sccmec_saures_CP019945_l49757:25833-27293	CP019945_SCCmec_00032
PROKKA_CP019945/PROKKA_CP019945:Gene	CP019945_SCCmec_00033	sccmec_saures_CP019945_l49757:27495-28571	CP019945_SCCmec_00033
PROKKA_CP019945/PROKKA_CP019945:Gene	CP019945_SCCmec_00034	sccmec_saures_CP019945_l49757:28585-28962	CP019945_SCCmec_00034
PROKKA_CP019945/PROKKA_CP019945:Gene	CP019945_SCCmec_00035	sccmec_saures_CP019945_l49757:28955-30568	CP019945_SCCmec_00035
PROKKA_CP019945/PROKKA_CP019945:Gene	CP019945_SCCmec_00036	sccmec_saures_CP019945_l49757:30657-30788	CP019945_SCCmec_00036
PROKKA_CP019945/PROKKA_CP019945:Gene	hin	sccmec_saures_CP019945_l49757:30795-32480	CP019945_SCCmec_00037
PROKKA_CP019945/PROKKA_CP019945:Gene	CP019945_SCCmec_00038	sccmec_saures_CP019945_l49757:32569-32907	CP019945_SCCmec_00038
PROKKA_CP019945/PROKKA_CP019945:Gene	CP019945_SCCmec_00039	sccmec_saures_CP019945_l49757:32909-32998	CP019945_SCCmec_00039
PROKKA_CP019945/PROKKA_CP019945:Gene	CP019945_SCCmec_00040	sccmec_saures_CP019945_l49757:33000-33311	CP019945_SCCmec_00040
PROKKA_CP019945/PROKKA_CP019945:Gene	CP019945_SCCmec_00041	sccmec_saures_CP019945_l49757:33327-33830	CP019945_SCCmec_00041
PROKKA_CP019945/PROKKA_CP019945:Gene	CP019945_SCCmec_00042	sccmec_saures_CP019945_l49757:33844-34065	CP019945_SCCmec_00042
PROKKA_CP019945/PROKKA_CP019945:Gene	CP019945_SCCmec_00043	sccmec_saures_CP019945_l49757:34250-34993	CP019945_SCCmec_00043
PROKKA_CP019945/PROKKA_CP019945:Gene	CP019945_SCCmec_00044	sccmec_saures_CP019945_l49757:c35948-35532	CP019945_SCCmec_00044
PROKKA_CP019945/PROKKA_CP019945:Gene	CP019945_SCCmec_00045	sccmec_saures_CP019945_l49757:36206-36373	CP019945_SCCmec_00045
PROKKA_CP019945/PROKKA_CP019945:Gene	CP019945_SCCmec_00046	sccmec_saures_CP019945_l49757:36472-36702	CP019945_SCCmec_00046
PROKKA_CP019945/PROKKA_CP019945:Gene	ugpQ	sccmec_saures_CP019945_l49757:37331-38074	CP019945_SCCmec_00047
PROKKA_CP019945/PROKKA_CP019945:Gene	paaZ	sccmec_saures_CP019945_l49757:38171-38599	CP019945_SCCmec_00048
PROKKA_CP019945/PROKKA_CP019945:Gene	pbp	sccmec_saures_CP019945_l49757:c40651-38645	CP019945_SCCmec_00049
PROKKA_CP019945/PROKKA_CP019945:Gene	CP019945_SCCmec_00050	sccmec_saures_CP019945_l49757:40899-41573	CP019945_SCCmec_00050
PROKKA_CP019945/PROKKA_CP019945:Gene	CP019945_SCCmec_00051	sccmec_saures_CP019945_l49757:c42696-41605	CP019945_SCCmec_00051
PROKKA_CP019945/PROKKA_CP019945:Gene	CP019945_SCCmec_00052	sccmec_saures_CP019945_l49757:42877-43218	CP019945_SCCmec_00052
PROKKA_CP019945/PROKKA_CP019945:Gene	CP019945_SCCmec_00053	sccmec_saures_CP019945_l49757:43302-43460	CP019945_SCCmec_00053
PROKKA_CP019945/PROKKA_CP019945:Gene	CP019945_SCCmec_00054	sccmec_saures_CP019945_l49757:43490-44164	CP019945_SCCmec_00054
PROKKA_CP019945/PROKKA_CP019945:Gene	CP019945_SCCmec_00055	sccmec_saures_CP019945_l49757:44211-44861	CP019945_SCCmec_00055
PROKKA_CP019945/PROKKA_CP019945:Gene	CP019945_SCCmec_00056	sccmec_saures_CP019945_l49757:44874-47063	CP019945_SCCmec_00056
PROKKA_CP019945/PROKKA_CP019945:Gene	CP019945_SCCmec_00057	sccmec_saures_CP019945_l49757:c47324-47097	CP019945_SCCmec_00057
PROKKA_CP019945/PROKKA_CP019945:Gene	CP019945_SCCmec_00058	sccmec_saures_CP019945_l49757:c48154-47429	CP019945_SCCmec_00058
PROKKA_CP019945/PROKKA_CP019945:Gene	CP019945_SCCmec_00059	sccmec_saures_CP019945_l49757:c48540-48223	CP019945_SCCmec_00059
PROKKA_CP019945/PROKKA_CP019945:Gene	CP019945_SCCmec_00060	sccmec_saures_CP019945_l49757:c48903-48544	CP019945_SCCmec_00060
PROKKA_CP019945/PROKKA_CP019945:Gene	CP019945_SCCmec_00061	sccmec_saures_CP019945_l49757:49419-49586	CP019945_SCCmec_00061

FATAL: DiscRep_ALL:MISSING_PROTEIN_ID::61 proteins have invalid IDs.
PROKKA_CP019945/PROKKA_CP019945:sccmec_saures_CP019945_l49757_1 (length 159)
PROKKA_CP019945/PROKKA_CP019945:sccmec_saures_CP019945_l49757_2 (length 129)
PROKKA_CP019945/PROKKA_CP019945:sccmec_saures_CP019945_l49757_3 (length 92)
PROKKA_CP019945/PROKKA_CP019945:sccmec_saures_CP019945_l49757_4 (length 68)
PROKKA_CP019945/PROKKA_CP019945:sccmec_saures_CP019945_l49757_5 (length 362)
PROKKA_CP019945/PROKKA_CP019945:sccmec_saures_CP019945_l49757_6 (length 240)
PROKKA_CP019945/PROKKA_CP019945:sccmec_saures_CP019945_l49757_7 (length 364)
PROKKA_CP019945/PROKKA_CP019945:sccmec_saures_CP019945_l49757_8 (length 339)
PROKKA_CP019945/PROKKA_CP019945:sccmec_saures_CP019945_l49757_9 (length 166)
PROKKA_CP019945/PROKKA_CP019945:sccmec_saures_CP019945_l49757_10 (length 133)
PROKKA_CP019945/PROKKA_CP019945:sccmec_saures_CP019945_l49757_11 (length 127)
PROKKA_CP019945/PROKKA_CP019945:sccmec_saures_CP019945_l49757_12 (length 73)
PROKKA_CP019945/PROKKA_CP019945:sccmec_saures_CP019945_l49757_13 (length 153)
PROKKA_CP019945/PROKKA_CP019945:sccmec_saures_CP019945_l49757_14 (length 201)
PROKKA_CP019945/PROKKA_CP019945:sccmec_saures_CP019945_l49757_15 (length 67)
PROKKA_CP019945/PROKKA_CP019945:sccmec_saures_CP019945_l49757_16 (length 364)
PROKKA_CP019945/PROKKA_CP019945:sccmec_saures_CP019945_l49757_17 (length 240)
PROKKA_CP019945/PROKKA_CP019945:sccmec_saures_CP019945_l49757_18 (length 362)
PROKKA_CP019945/PROKKA_CP019945:sccmec_saures_CP019945_l49757_19 (length 68)
PROKKA_CP019945/PROKKA_CP019945:sccmec_saures_CP019945_l49757_20 (length 92)
PROKKA_CP019945/PROKKA_CP019945:sccmec_saures_CP019945_l49757_21 (length 129)
PROKKA_CP019945/PROKKA_CP019945:sccmec_saures_CP019945_l49757_22 (length 284)
PROKKA_CP019945/PROKKA_CP019945:sccmec_saures_CP019945_l49757_23 (length 85)
PROKKA_CP019945/PROKKA_CP019945:sccmec_saures_CP019945_l49757_24 (length 596)
PROKKA_CP019945/PROKKA_CP019945:sccmec_saures_CP019945_l49757_25 (length 475)
PROKKA_CP019945/PROKKA_CP019945:sccmec_saures_CP019945_l49757_26 (length 262)
PROKKA_CP019945/PROKKA_CP019945:sccmec_saures_CP019945_l49757_27 (length 371)
PROKKA_CP019945/PROKKA_CP019945:sccmec_saures_CP019945_l49757_28 (length 407)
PROKKA_CP019945/PROKKA_CP019945:sccmec_saures_CP019945_l49757_29 (length 71)
PROKKA_CP019945/PROKKA_CP019945:sccmec_saures_CP019945_l49757_30 (length 91)
PROKKA_CP019945/PROKKA_CP019945:sccmec_saures_CP019945_l49757_31 (length 306)
PROKKA_CP019945/PROKKA_CP019945:sccmec_saures_CP019945_l49757_32 (length 486)
PROKKA_CP019945/PROKKA_CP019945:sccmec_saures_CP019945_l49757_33 (length 358)
PROKKA_CP019945/PROKKA_CP019945:sccmec_saures_CP019945_l49757_34 (length 125)
PROKKA_CP019945/PROKKA_CP019945:sccmec_saures_CP019945_l49757_35 (length 537)
PROKKA_CP019945/PROKKA_CP019945:sccmec_saures_CP019945_l49757_36 (length 43)
PROKKA_CP019945/PROKKA_CP019945:sccmec_saures_CP019945_l49757_37 (length 561)
PROKKA_CP019945/PROKKA_CP019945:sccmec_saures_CP019945_l49757_38 (length 112)
PROKKA_CP019945/PROKKA_CP019945:sccmec_saures_CP019945_l49757_39 (length 29)
PROKKA_CP019945/PROKKA_CP019945:sccmec_saures_CP019945_l49757_40 (length 103)
PROKKA_CP019945/PROKKA_CP019945:sccmec_saures_CP019945_l49757_41 (length 167)
PROKKA_CP019945/PROKKA_CP019945:sccmec_saures_CP019945_l49757_42 (length 73)
PROKKA_CP019945/PROKKA_CP019945:sccmec_saures_CP019945_l49757_43 (length 247)
PROKKA_CP019945/PROKKA_CP019945:sccmec_saures_CP019945_l49757_44 (length 138)
PROKKA_CP019945/PROKKA_CP019945:sccmec_saures_CP019945_l49757_45 (length 55)
PROKKA_CP019945/PROKKA_CP019945:sccmec_saures_CP019945_l49757_46 (length 76)
PROKKA_CP019945/PROKKA_CP019945:sccmec_saures_CP019945_l49757_47 (length 247)
PROKKA_CP019945/PROKKA_CP019945:sccmec_saures_CP019945_l49757_48 (length 142)
PROKKA_CP019945/PROKKA_CP019945:sccmec_saures_CP019945_l49757_49 (length 668)
PROKKA_CP019945/PROKKA_CP019945:sccmec_saures_CP019945_l49757_50 (length 224)
PROKKA_CP019945/PROKKA_CP019945:sccmec_saures_CP019945_l49757_51 (length 363)
PROKKA_CP019945/PROKKA_CP019945:sccmec_saures_CP019945_l49757_52 (length 113)
PROKKA_CP019945/PROKKA_CP019945:sccmec_saures_CP019945_l49757_53 (length 52)
PROKKA_CP019945/PROKKA_CP019945:sccmec_saures_CP019945_l49757_54 (length 224)
PROKKA_CP019945/PROKKA_CP019945:sccmec_saures_CP019945_l49757_55 (length 216)
PROKKA_CP019945/PROKKA_CP019945:sccmec_saures_CP019945_l49757_56 (length 729)
PROKKA_CP019945/PROKKA_CP019945:sccmec_saures_CP019945_l49757_57 (length 75)
PROKKA_CP019945/PROKKA_CP019945:sccmec_saures_CP019945_l49757_58 (length 241)
PROKKA_CP019945/PROKKA_CP019945:sccmec_saures_CP019945_l49757_59 (length 105)
PROKKA_CP019945/PROKKA_CP019945:sccmec_saures_CP019945_l49757_60 (length 119)
PROKKA_CP019945/PROKKA_CP019945:sccmec_saures_CP019945_l49757_61 (length 55)

DiscRep_ALL:DISC_SOURCE_QUALS_ASNDISC::strain (all present, all unique)
DiscRep_SUB:DISC_SOURCE_QUALS_ASNDISC::1 sources have unique values for strain
DiscRep_ALL:DISC_SOURCE_QUALS_ASNDISC::taxname (all present, all unique)
DiscRep_SUB:DISC_SOURCE_QUALS_ASNDISC::1 sources have unique values for taxname
DiscRep_ALL:DISC_FEATURE_COUNT::gene: 61 present
DiscRep_ALL:DISC_FEATURE_COUNT::CDS: 61 present
DiscRep_ALL:DISC_FEATURE_COUNT::mRNA: 61 present
DiscRep_ALL:DISC_COUNT_NUCLEOTIDES::1 nucleotide Bioseqs are present
PROKKA_CP019945/PROKKA_CP019945:sccmec_saures_CP019945_l49757 (length 49757)

DiscRep_ALL:OVERLAPPING_GENES::8 genes overlap another gene on the same strand.
PROKKA_CP019945/PROKKA_CP019945:Gene	CP019945_SCCmec_00011	sccmec_saures_CP019945_l49757:c9087-8704	CP019945_SCCmec_00011
PROKKA_CP019945/PROKKA_CP019945:Gene	CP019945_SCCmec_00012	sccmec_saures_CP019945_l49757:c9292-9071	CP019945_SCCmec_00012
PROKKA_CP019945/PROKKA_CP019945:Gene	CP019945_SCCmec_00026	sccmec_saures_CP019945_l49757:20441-21229	CP019945_SCCmec_00026
PROKKA_CP019945/PROKKA_CP019945:Gene	clpL	sccmec_saures_CP019945_l49757:21219-22334	CP019945_SCCmec_00027
PROKKA_CP019945/PROKKA_CP019945:Gene	CP019945_SCCmec_00029	sccmec_saures_CP019945_l49757:24126-24341	CP019945_SCCmec_00029
PROKKA_CP019945/PROKKA_CP019945:Gene	CP019945_SCCmec_00030	sccmec_saures_CP019945_l49757:24284-24559	CP019945_SCCmec_00030
PROKKA_CP019945/PROKKA_CP019945:Gene	CP019945_SCCmec_00034	sccmec_saures_CP019945_l49757:28585-28962	CP019945_SCCmec_00034
PROKKA_CP019945/PROKKA_CP019945:Gene	CP019945_SCCmec_00035	sccmec_saures_CP019945_l49757:28955-30568	CP019945_SCCmec_00035

DiscRep_ALL:DISC_QUALITY_SCORES::Quality scores are missing on all sequences.

DiscRep_ALL:ONCALLER_COMMENT_PRESENT::1 comment descriptors were found (all same)
PROKKA_CP019945/PROKKA_CP019945:sccmec_saures_CP019945_l49757:Annotated using prokka 1.12 from https://github.com/tseemann/prokka

DiscRep_ALL:SHORT_PROT_SEQUENCES::2 protein sequences are shorter than 50 aa.
PROKKA_CP019945/PROKKA_CP019945:sccmec_saures_CP019945_l49757_36 (length 43)
PROKKA_CP019945/PROKKA_CP019945:sccmec_saures_CP019945_l49757_39 (length 29)

DiscRep_ALL:MISSING_GENOMEASSEMBLY_COMMENTS::1 bioseqs are missing GenomeAssembly structured comments
PROKKA_CP019945/PROKKA_CP019945:sccmec_saures_CP019945_l49757 (length 49757)

DiscRep_ALL:MOLTYPE_NOT_MRNA::1 molecule types are not set as mRNA.
PROKKA_CP019945/PROKKA_CP019945:sccmec_saures_CP019945_l49757 (length 49757)

DiscRep_ALL:TECHNIQUE_NOT_TSA::1 technique are not set as TSA
PROKKA_CP019945/PROKKA_CP019945:sccmec_saures_CP019945_l49757 (length 49757)

DiscRep_ALL:MISSING_STRUCTURED_COMMENT::1 sequences do not include structured comments.
PROKKA_CP019945/PROKKA_CP019945:sccmec_saures_CP019945_l49757 (length 49757)

DiscRep_ALL:MISSING_PROJECT::62 sequences do not include project.
PROKKA_CP019945/PROKKA_CP019945:sccmec_saures_CP019945_l49757 (length 49757)
PROKKA_CP019945/PROKKA_CP019945:sccmec_saures_CP019945_l49757_1 (length 159)
PROKKA_CP019945/PROKKA_CP019945:sccmec_saures_CP019945_l49757_2 (length 129)
PROKKA_CP019945/PROKKA_CP019945:sccmec_saures_CP019945_l49757_3 (length 92)
PROKKA_CP019945/PROKKA_CP019945:sccmec_saures_CP019945_l49757_4 (length 68)
PROKKA_CP019945/PROKKA_CP019945:sccmec_saures_CP019945_l49757_5 (length 362)
PROKKA_CP019945/PROKKA_CP019945:sccmec_saures_CP019945_l49757_6 (length 240)
PROKKA_CP019945/PROKKA_CP019945:sccmec_saures_CP019945_l49757_7 (length 364)
PROKKA_CP019945/PROKKA_CP019945:sccmec_saures_CP019945_l49757_8 (length 339)
PROKKA_CP019945/PROKKA_CP019945:sccmec_saures_CP019945_l49757_9 (length 166)
PROKKA_CP019945/PROKKA_CP019945:sccmec_saures_CP019945_l49757_10 (length 133)
PROKKA_CP019945/PROKKA_CP019945:sccmec_saures_CP019945_l49757_11 (length 127)
PROKKA_CP019945/PROKKA_CP019945:sccmec_saures_CP019945_l49757_12 (length 73)
PROKKA_CP019945/PROKKA_CP019945:sccmec_saures_CP019945_l49757_13 (length 153)
PROKKA_CP019945/PROKKA_CP019945:sccmec_saures_CP019945_l49757_14 (length 201)
PROKKA_CP019945/PROKKA_CP019945:sccmec_saures_CP019945_l49757_15 (length 67)
PROKKA_CP019945/PROKKA_CP019945:sccmec_saures_CP019945_l49757_16 (length 364)
PROKKA_CP019945/PROKKA_CP019945:sccmec_saures_CP019945_l49757_17 (length 240)
PROKKA_CP019945/PROKKA_CP019945:sccmec_saures_CP019945_l49757_18 (length 362)
PROKKA_CP019945/PROKKA_CP019945:sccmec_saures_CP019945_l49757_19 (length 68)
PROKKA_CP019945/PROKKA_CP019945:sccmec_saures_CP019945_l49757_20 (length 92)
PROKKA_CP019945/PROKKA_CP019945:sccmec_saures_CP019945_l49757_21 (length 129)
PROKKA_CP019945/PROKKA_CP019945:sccmec_saures_CP019945_l49757_22 (length 284)
PROKKA_CP019945/PROKKA_CP019945:sccmec_saures_CP019945_l49757_23 (length 85)
PROKKA_CP019945/PROKKA_CP019945:sccmec_saures_CP019945_l49757_24 (length 596)
PROKKA_CP019945/PROKKA_CP019945:sccmec_saures_CP019945_l49757_25 (length 475)
PROKKA_CP019945/PROKKA_CP019945:sccmec_saures_CP019945_l49757_26 (length 262)
PROKKA_CP019945/PROKKA_CP019945:sccmec_saures_CP019945_l49757_27 (length 371)
PROKKA_CP019945/PROKKA_CP019945:sccmec_saures_CP019945_l49757_28 (length 407)
PROKKA_CP019945/PROKKA_CP019945:sccmec_saures_CP019945_l49757_29 (length 71)
PROKKA_CP019945/PROKKA_CP019945:sccmec_saures_CP019945_l49757_30 (length 91)
PROKKA_CP019945/PROKKA_CP019945:sccmec_saures_CP019945_l49757_31 (length 306)
PROKKA_CP019945/PROKKA_CP019945:sccmec_saures_CP019945_l49757_32 (length 486)
PROKKA_CP019945/PROKKA_CP019945:sccmec_saures_CP019945_l49757_33 (length 358)
PROKKA_CP019945/PROKKA_CP019945:sccmec_saures_CP019945_l49757_34 (length 125)
PROKKA_CP019945/PROKKA_CP019945:sccmec_saures_CP019945_l49757_35 (length 537)
PROKKA_CP019945/PROKKA_CP019945:sccmec_saures_CP019945_l49757_36 (length 43)
PROKKA_CP019945/PROKKA_CP019945:sccmec_saures_CP019945_l49757_37 (length 561)
PROKKA_CP019945/PROKKA_CP019945:sccmec_saures_CP019945_l49757_38 (length 112)
PROKKA_CP019945/PROKKA_CP019945:sccmec_saures_CP019945_l49757_39 (length 29)
PROKKA_CP019945/PROKKA_CP019945:sccmec_saures_CP019945_l49757_40 (length 103)
PROKKA_CP019945/PROKKA_CP019945:sccmec_saures_CP019945_l49757_41 (length 167)
PROKKA_CP019945/PROKKA_CP019945:sccmec_saures_CP019945_l49757_42 (length 73)
PROKKA_CP019945/PROKKA_CP019945:sccmec_saures_CP019945_l49757_43 (length 247)
PROKKA_CP019945/PROKKA_CP019945:sccmec_saures_CP019945_l49757_44 (length 138)
PROKKA_CP019945/PROKKA_CP019945:sccmec_saures_CP019945_l49757_45 (length 55)
PROKKA_CP019945/PROKKA_CP019945:sccmec_saures_CP019945_l49757_46 (length 76)
PROKKA_CP019945/PROKKA_CP019945:sccmec_saures_CP019945_l49757_47 (length 247)
PROKKA_CP019945/PROKKA_CP019945:sccmec_saures_CP019945_l49757_48 (length 142)
PROKKA_CP019945/PROKKA_CP019945:sccmec_saures_CP019945_l49757_49 (length 668)
PROKKA_CP019945/PROKKA_CP019945:sccmec_saures_CP019945_l49757_50 (length 224)
PROKKA_CP019945/PROKKA_CP019945:sccmec_saures_CP019945_l49757_51 (length 363)
PROKKA_CP019945/PROKKA_CP019945:sccmec_saures_CP019945_l49757_52 (length 113)
PROKKA_CP019945/PROKKA_CP019945:sccmec_saures_CP019945_l49757_53 (length 52)
PROKKA_CP019945/PROKKA_CP019945:sccmec_saures_CP019945_l49757_54 (length 224)
PROKKA_CP019945/PROKKA_CP019945:sccmec_saures_CP019945_l49757_55 (length 216)
PROKKA_CP019945/PROKKA_CP019945:sccmec_saures_CP019945_l49757_56 (length 729)
PROKKA_CP019945/PROKKA_CP019945:sccmec_saures_CP019945_l49757_57 (length 75)
PROKKA_CP019945/PROKKA_CP019945:sccmec_saures_CP019945_l49757_58 (length 241)
PROKKA_CP019945/PROKKA_CP019945:sccmec_saures_CP019945_l49757_59 (length 105)
PROKKA_CP019945/PROKKA_CP019945:sccmec_saures_CP019945_l49757_60 (length 119)
PROKKA_CP019945/PROKKA_CP019945:sccmec_saures_CP019945_l49757_61 (length 55)

DiscRep_ALL:DISC_INCONSISTENT_MOLINFO_TECH::Molinfo Technique Report (some missing, all same)
DiscRep_SUB:DISC_INCONSISTENT_MOLINFO_TECH::technique (all missing)
DiscRep_SUB:DISC_INCONSISTENT_MOLINFO_TECH::1 Molinfos are missing field technique
PROKKA_CP019945/PROKKA_CP019945:sccmec_saures_CP019945_l49757 (length 49757)

