[17:10:51] This is prokka 1.12
[17:10:51] Written by Torsten Seemann <torsten.seemann@gmail.com>
[17:10:51] Homepage is https://github.com/tseemann/prokka
[17:10:51] Local time is Mon May 15 17:10:51 2017
[17:10:51] You are fsepulveda
[17:10:51] Operating system is linux
[17:10:51] You have BioPerl 1.006924
[17:10:51] System has 4 cores.
[17:10:51] Option --cpu asked for 8 cores, but system only has 4
[17:10:51] Will use maximum of 4 cores.
[17:10:51] Annotating as >>> Bacteria <<<
[17:10:51] Creating new output folder: PROKKA_HE579059
[17:10:51] Running: mkdir -p PROKKA_HE579059
[17:10:51] Using filename prefix: PROKKA_HE579059.XXX
[17:10:51] Setting HMMER_NCPU=1
[17:10:51] Writing log to: PROKKA_HE579059/PROKKA_HE579059.log
[17:10:51] Command: /home/fsepulveda/Desktop/tesis/sccmec_classification/prokka-1.12/bin/prokka --genus Staphylococcus --prefix PROKKA_HE579059 --addgenes --addmrna --locustag HE579059_SCCmec /home/fsepulveda/Documents/parte2/229_sccmec/sccmec_HE579059.fasta
[17:10:51] Appending to PATH: /home/fsepulveda/Desktop/tesis/sccmec_classification/prokka-1.12/bin/../binaries/linux
[17:10:51] Appending to PATH: /home/fsepulveda/Desktop/tesis/sccmec_classification/prokka-1.12/bin/../binaries/linux/../common
[17:10:51] Appending to PATH: /home/fsepulveda/Desktop/tesis/sccmec_classification/prokka-1.12/bin
[17:10:51] Looking for 'aragorn' - found /home/fsepulveda/Desktop/tesis/sccmec_classification/prokka-1.12/bin/../binaries/linux/aragorn
[17:10:51] Determined aragorn version is 1.2
[17:10:51] Looking for 'blastp' - found /usr/bin/blastp
[17:10:51] Determined blastp version is 2.2
[17:10:51] Looking for 'cmpress' - found /usr/bin/cmpress
[17:10:51] Determined cmpress version is 1.1
[17:10:51] Looking for 'cmscan' - found /usr/bin/cmscan
[17:10:51] Determined cmscan version is 1.1
[17:10:51] Looking for 'egrep' - found /bin/egrep
[17:10:51] Looking for 'find' - found /usr/bin/find
[17:10:51] Looking for 'grep' - found /bin/grep
[17:10:51] Looking for 'hmmpress' - found /usr/bin/hmmpress
[17:10:51] Determined hmmpress version is 3.1
[17:10:51] Looking for 'hmmscan' - found /usr/bin/hmmscan
[17:10:51] Determined hmmscan version is 3.1
[17:10:51] Looking for 'java' - found /usr/bin/java
[17:10:51] Looking for 'less' - found /usr/bin/less
[17:10:51] Looking for 'makeblastdb' - found /usr/bin/makeblastdb
[17:10:51] Determined makeblastdb version is 2.2
[17:10:51] Looking for 'minced' - found /home/fsepulveda/Desktop/tesis/sccmec_classification/prokka-1.12/bin/../binaries/linux/../common/minced
[17:10:51] Determined minced version is 2.0
[17:10:51] Looking for 'parallel' - found /home/fsepulveda/Desktop/tesis/sccmec_classification/prokka-1.12/bin/../binaries/linux/../common/parallel
[17:10:51] Determined parallel version is 20150122
[17:10:51] Looking for 'prodigal' - found /home/fsepulveda/Desktop/tesis/sccmec_classification/prokka-1.12/bin/../binaries/linux/prodigal
[17:10:51] Determined prodigal version is 2.6
[17:10:51] Looking for 'prokka-genbank_to_fasta_db' - found /home/fsepulveda/Desktop/tesis/sccmec_classification/prokka-1.12/bin/prokka-genbank_to_fasta_db
[17:10:51] Looking for 'sed' - found /bin/sed
[17:10:51] Looking for 'tbl2asn' - found /home/fsepulveda/Desktop/tesis/sccmec_classification/prokka-1.12/bin/../binaries/linux/tbl2asn
[17:10:51] Determined tbl2asn version is 25.3
[17:10:51] Using genetic code table 11.
[17:10:51] Loading and checking input file: /home/fsepulveda/Documents/parte2/229_sccmec/sccmec_HE579059.fasta
[17:10:51] Wrote 1 contigs totalling 29292 bp.
[17:10:51] Predicting tRNAs and tmRNAs
[17:10:51] Running: aragorn -l -gc11  -w PROKKA_HE579059\/PROKKA_HE579059\.fna
[17:10:51] Found 0 tRNAs
[17:10:51] Predicting Ribosomal RNAs
[17:10:51] You need either Barrnap or RNAmmer installed to predict rRNAs!
[17:10:51] Skipping ncRNA search, enable with --rfam if desired.
[17:10:51] Total of 0 tRNA + rRNA features
[17:10:51] Searching for CRISPR repeats
[17:10:51] Found 0 CRISPRs
[17:10:51] Predicting coding sequences
[17:10:51] Contigs total 29292 bp, so using meta mode
[17:10:51] Running: prodigal -i PROKKA_HE579059\/PROKKA_HE579059\.fna -c -m -g 11 -p meta -f sco -q
[17:10:51] Found 28 CDS
[17:10:51] Connecting features back to sequences
[17:10:51] Not using genus-specific database. Try --usegenus to enable it.
[17:10:51] Annotating CDS, please be patient.
[17:10:51] Will use 4 CPUs for similarity searching.
[17:10:51] There are still 28 unannotated CDS left (started with 28)
[17:10:51] Will use blast to search against /home/fsepulveda/Desktop/tesis/sccmec_classification/prokka-1.12/bin/../db/kingdom/Bacteria/sprot with 4 CPUs
[17:10:51] Running: cat PROKKA_HE579059\/sprot\.faa | parallel --gnu --plain -j 4 --block 1026 --recstart '>' --pipe blastp -query - -db /home/fsepulveda/Desktop/tesis/sccmec_classification/prokka-1.12/bin/../db/kingdom/Bacteria/sprot -evalue 1e-06 -num_threads 1 -num_descriptions 1 -num_alignments 1 -seg no > PROKKA_HE579059\/sprot\.blast 2> /dev/null
[17:10:52] Deleting unwanted file: PROKKA_HE579059/sprot.faa
[17:10:52] Deleting unwanted file: PROKKA_HE579059/sprot.blast
[17:10:52] There are still 15 unannotated CDS left (started with 28)
[17:10:52] Will use hmmer3 to search against /home/fsepulveda/Desktop/tesis/sccmec_classification/prokka-1.12/bin/../db/hmm/HAMAP.hmm with 4 CPUs
[17:10:52] Running: cat PROKKA_HE579059\/HAMAP\.hmm\.faa | parallel --gnu --plain -j 4 --block 519 --recstart '>' --pipe hmmscan --noali --notextw --acc -E 1e-06 --cpu 1 /home/fsepulveda/Desktop/tesis/sccmec_classification/prokka-1.12/bin/../db/hmm/HAMAP.hmm /dev/stdin > PROKKA_HE579059\/HAMAP\.hmm\.hmmer3 2> /dev/null
[17:10:53] Deleting unwanted file: PROKKA_HE579059/HAMAP.hmm.faa
[17:10:53] Deleting unwanted file: PROKKA_HE579059/HAMAP.hmm.hmmer3
[17:10:53] Labelling remaining 14 proteins as 'hypothetical protein'
[17:10:53] Possible /pseudo 'DNA-invertase hin' at sccmec_saures_HE579059_l29292 position 13317
[17:10:53] Possible /pseudo 'UDP-N-acetylmuramoyl-tripeptide--D-alanyl-D-alanine ligase' at sccmec_saures_HE579059_l29292 position 27462
[17:10:53] Found 12 unique /gene codes.
[17:10:53] Fixed 2 duplicate /gene - murF_1 murF_2
[17:10:53] Fixed 2 duplicate /gene - hin_1 hin_2
[17:10:53] Fixed 2 colliding /gene names.
[17:10:53] Adding /locus_tag identifiers
[17:10:53] Assigned 28 locus_tags to CDS and RNA features.
[17:10:53] Writing outputs to PROKKA_HE579059/
[17:10:53] Generating annotation statistics file
[17:10:53] Generating Genbank and Sequin files
[17:10:53] Running: tbl2asn -V b -a r10k -l paired-ends -M n -N 1 -y 'Annotated using prokka 1.12 from https://github.com/tseemann/prokka' -Z PROKKA_HE579059\/PROKKA_HE579059\.err -i PROKKA_HE579059\/PROKKA_HE579059\.fsa 2> /dev/null
[17:10:53] Deleting unwanted file: PROKKA_HE579059/errorsummary.val
[17:10:53] Deleting unwanted file: PROKKA_HE579059/PROKKA_HE579059.dr
[17:10:53] Deleting unwanted file: PROKKA_HE579059/PROKKA_HE579059.fixedproducts
[17:10:53] Deleting unwanted file: PROKKA_HE579059/PROKKA_HE579059.ecn
[17:10:53] Deleting unwanted file: PROKKA_HE579059/PROKKA_HE579059.val
[17:10:53] Repairing broken .GBK output that tbl2asn produces...
[17:10:53] Running: sed 's/COORDINATES: profile/COORDINATES:profile/' < PROKKA_HE579059\/PROKKA_HE579059\.gbf > PROKKA_HE579059\/PROKKA_HE579059\.gbk
[17:10:53] Deleting unwanted file: PROKKA_HE579059/PROKKA_HE579059.gbf
[17:10:53] Output files:
[17:10:53] PROKKA_HE579059/PROKKA_HE579059.tsv
[17:10:53] PROKKA_HE579059/PROKKA_HE579059.faa
[17:10:53] PROKKA_HE579059/PROKKA_HE579059.gbk
[17:10:53] PROKKA_HE579059/PROKKA_HE579059.err
[17:10:53] PROKKA_HE579059/PROKKA_HE579059.sqn
[17:10:53] PROKKA_HE579059/PROKKA_HE579059.txt
[17:10:53] PROKKA_HE579059/PROKKA_HE579059.log
[17:10:53] PROKKA_HE579059/PROKKA_HE579059.fsa
[17:10:53] PROKKA_HE579059/PROKKA_HE579059.tbl
[17:10:53] PROKKA_HE579059/PROKKA_HE579059.gff
[17:10:53] PROKKA_HE579059/PROKKA_HE579059.fna
[17:10:53] PROKKA_HE579059/PROKKA_HE579059.ffn
[17:10:53] Annotation finished successfully.
[17:10:53] Walltime used: 0.03 minutes
[17:10:53] If you use this result please cite the Prokka paper:
[17:10:53] Seemann T (2014) Prokka: rapid prokaryotic genome annotation. Bioinformatics. 30(14):2068-9.
[17:10:53] Type 'prokka --citation' for more details.
[17:10:53] Thank you, come again.
