[17:11:53] This is prokka 1.12
[17:11:53] Written by Torsten Seemann <torsten.seemann@gmail.com>
[17:11:53] Homepage is https://github.com/tseemann/prokka
[17:11:53] Local time is Mon May 15 17:11:53 2017
[17:11:53] You are fsepulveda
[17:11:53] Operating system is linux
[17:11:53] You have BioPerl 1.006924
[17:11:53] System has 4 cores.
[17:11:53] Option --cpu asked for 8 cores, but system only has 4
[17:11:53] Will use maximum of 4 cores.
[17:11:53] Annotating as >>> Bacteria <<<
[17:11:53] Creating new output folder: PROKKA_NC_016928
[17:11:53] Running: mkdir -p PROKKA_NC_016928
[17:11:53] Using filename prefix: PROKKA_NC_016928.XXX
[17:11:53] Setting HMMER_NCPU=1
[17:11:53] Writing log to: PROKKA_NC_016928/PROKKA_NC_016928.log
[17:11:53] Command: /home/fsepulveda/Desktop/tesis/sccmec_classification/prokka-1.12/bin/prokka --genus Staphylococcus --prefix PROKKA_NC_016928 --addgenes --addmrna --locustag NC_016928_SCCmec /home/fsepulveda/Documents/parte2/229_sccmec/sccmec_NC_016928.fasta
[17:11:53] Appending to PATH: /home/fsepulveda/Desktop/tesis/sccmec_classification/prokka-1.12/bin/../binaries/linux
[17:11:53] Appending to PATH: /home/fsepulveda/Desktop/tesis/sccmec_classification/prokka-1.12/bin/../binaries/linux/../common
[17:11:53] Appending to PATH: /home/fsepulveda/Desktop/tesis/sccmec_classification/prokka-1.12/bin
[17:11:53] Looking for 'aragorn' - found /home/fsepulveda/Desktop/tesis/sccmec_classification/prokka-1.12/bin/../binaries/linux/aragorn
[17:11:53] Determined aragorn version is 1.2
[17:11:53] Looking for 'blastp' - found /usr/bin/blastp
[17:11:53] Determined blastp version is 2.2
[17:11:53] Looking for 'cmpress' - found /usr/bin/cmpress
[17:11:53] Determined cmpress version is 1.1
[17:11:53] Looking for 'cmscan' - found /usr/bin/cmscan
[17:11:53] Determined cmscan version is 1.1
[17:11:53] Looking for 'egrep' - found /bin/egrep
[17:11:53] Looking for 'find' - found /usr/bin/find
[17:11:53] Looking for 'grep' - found /bin/grep
[17:11:53] Looking for 'hmmpress' - found /usr/bin/hmmpress
[17:11:53] Determined hmmpress version is 3.1
[17:11:53] Looking for 'hmmscan' - found /usr/bin/hmmscan
[17:11:53] Determined hmmscan version is 3.1
[17:11:53] Looking for 'java' - found /usr/bin/java
[17:11:53] Looking for 'less' - found /usr/bin/less
[17:11:53] Looking for 'makeblastdb' - found /usr/bin/makeblastdb
[17:11:53] Determined makeblastdb version is 2.2
[17:11:53] Looking for 'minced' - found /home/fsepulveda/Desktop/tesis/sccmec_classification/prokka-1.12/bin/../binaries/linux/../common/minced
[17:11:53] Determined minced version is 2.0
[17:11:53] Looking for 'parallel' - found /home/fsepulveda/Desktop/tesis/sccmec_classification/prokka-1.12/bin/../binaries/linux/../common/parallel
[17:11:53] Determined parallel version is 20150122
[17:11:53] Looking for 'prodigal' - found /home/fsepulveda/Desktop/tesis/sccmec_classification/prokka-1.12/bin/../binaries/linux/prodigal
[17:11:53] Determined prodigal version is 2.6
[17:11:53] Looking for 'prokka-genbank_to_fasta_db' - found /home/fsepulveda/Desktop/tesis/sccmec_classification/prokka-1.12/bin/prokka-genbank_to_fasta_db
[17:11:53] Looking for 'sed' - found /bin/sed
[17:11:53] Looking for 'tbl2asn' - found /home/fsepulveda/Desktop/tesis/sccmec_classification/prokka-1.12/bin/../binaries/linux/tbl2asn
[17:11:53] Determined tbl2asn version is 25.3
[17:11:53] Using genetic code table 11.
[17:11:53] Loading and checking input file: /home/fsepulveda/Documents/parte2/229_sccmec/sccmec_NC_016928.fasta
[17:11:53] Wrote 1 contigs totalling 41744 bp.
[17:11:53] Predicting tRNAs and tmRNAs
[17:11:53] Running: aragorn -l -gc11  -w PROKKA_NC_016928\/PROKKA_NC_016928\.fna
[17:11:53] Found 0 tRNAs
[17:11:53] Predicting Ribosomal RNAs
[17:11:53] You need either Barrnap or RNAmmer installed to predict rRNAs!
[17:11:53] Skipping ncRNA search, enable with --rfam if desired.
[17:11:53] Total of 0 tRNA + rRNA features
[17:11:53] Searching for CRISPR repeats
[17:11:54] Found 0 CRISPRs
[17:11:54] Predicting coding sequences
[17:11:54] Contigs total 41744 bp, so using meta mode
[17:11:54] Running: prodigal -i PROKKA_NC_016928\/PROKKA_NC_016928\.fna -c -m -g 11 -p meta -f sco -q
[17:11:54] Found 43 CDS
[17:11:54] Connecting features back to sequences
[17:11:54] Not using genus-specific database. Try --usegenus to enable it.
[17:11:54] Annotating CDS, please be patient.
[17:11:54] Will use 4 CPUs for similarity searching.
[17:11:54] There are still 43 unannotated CDS left (started with 43)
[17:11:54] Will use blast to search against /home/fsepulveda/Desktop/tesis/sccmec_classification/prokka-1.12/bin/../db/kingdom/Bacteria/sprot with 4 CPUs
[17:11:54] Running: cat PROKKA_NC_016928\/sprot\.faa | parallel --gnu --plain -j 4 --block 1521 --recstart '>' --pipe blastp -query - -db /home/fsepulveda/Desktop/tesis/sccmec_classification/prokka-1.12/bin/../db/kingdom/Bacteria/sprot -evalue 1e-06 -num_threads 1 -num_descriptions 1 -num_alignments 1 -seg no > PROKKA_NC_016928\/sprot\.blast 2> /dev/null
[17:11:55] Deleting unwanted file: PROKKA_NC_016928/sprot.faa
[17:11:55] Deleting unwanted file: PROKKA_NC_016928/sprot.blast
[17:11:55] There are still 32 unannotated CDS left (started with 43)
[17:11:55] Will use hmmer3 to search against /home/fsepulveda/Desktop/tesis/sccmec_classification/prokka-1.12/bin/../db/hmm/HAMAP.hmm with 4 CPUs
[17:11:55] Running: cat PROKKA_NC_016928\/HAMAP\.hmm\.faa | parallel --gnu --plain -j 4 --block 810 --recstart '>' --pipe hmmscan --noali --notextw --acc -E 1e-06 --cpu 1 /home/fsepulveda/Desktop/tesis/sccmec_classification/prokka-1.12/bin/../db/hmm/HAMAP.hmm /dev/stdin > PROKKA_NC_016928\/HAMAP\.hmm\.hmmer3 2> /dev/null
[17:11:56] Deleting unwanted file: PROKKA_NC_016928/HAMAP.hmm.faa
[17:11:56] Deleting unwanted file: PROKKA_NC_016928/HAMAP.hmm.hmmer3
[17:11:56] Labelling remaining 32 proteins as 'hypothetical protein'
[17:11:56] Found 9 unique /gene codes.
[17:11:56] Fixed 2 duplicate /gene - hin_1 hin_2
[17:11:56] Fixed 1 colliding /gene names.
[17:11:56] Adding /locus_tag identifiers
[17:11:56] Assigned 43 locus_tags to CDS and RNA features.
[17:11:56] Writing outputs to PROKKA_NC_016928/
[17:11:56] Generating annotation statistics file
[17:11:56] Generating Genbank and Sequin files
[17:11:56] Running: tbl2asn -V b -a r10k -l paired-ends -M n -N 1 -y 'Annotated using prokka 1.12 from https://github.com/tseemann/prokka' -Z PROKKA_NC_016928\/PROKKA_NC_016928\.err -i PROKKA_NC_016928\/PROKKA_NC_016928\.fsa 2> /dev/null
[17:11:56] Deleting unwanted file: PROKKA_NC_016928/errorsummary.val
[17:11:56] Deleting unwanted file: PROKKA_NC_016928/PROKKA_NC_016928.dr
[17:11:56] Deleting unwanted file: PROKKA_NC_016928/PROKKA_NC_016928.fixedproducts
[17:11:56] Deleting unwanted file: PROKKA_NC_016928/PROKKA_NC_016928.ecn
[17:11:56] Deleting unwanted file: PROKKA_NC_016928/PROKKA_NC_016928.val
[17:11:56] Repairing broken .GBK output that tbl2asn produces...
[17:11:56] Running: sed 's/COORDINATES: profile/COORDINATES:profile/' < PROKKA_NC_016928\/PROKKA_NC_016928\.gbf > PROKKA_NC_016928\/PROKKA_NC_016928\.gbk
[17:11:56] Deleting unwanted file: PROKKA_NC_016928/PROKKA_NC_016928.gbf
[17:11:56] Output files:
[17:11:56] PROKKA_NC_016928/PROKKA_NC_016928.err
[17:11:56] PROKKA_NC_016928/PROKKA_NC_016928.log
[17:11:56] PROKKA_NC_016928/PROKKA_NC_016928.ffn
[17:11:56] PROKKA_NC_016928/PROKKA_NC_016928.fsa
[17:11:56] PROKKA_NC_016928/PROKKA_NC_016928.tsv
[17:11:56] PROKKA_NC_016928/PROKKA_NC_016928.gbk
[17:11:56] PROKKA_NC_016928/PROKKA_NC_016928.tbl
[17:11:56] PROKKA_NC_016928/PROKKA_NC_016928.txt
[17:11:56] PROKKA_NC_016928/PROKKA_NC_016928.faa
[17:11:56] PROKKA_NC_016928/PROKKA_NC_016928.fna
[17:11:56] PROKKA_NC_016928/PROKKA_NC_016928.gff
[17:11:56] PROKKA_NC_016928/PROKKA_NC_016928.sqn
[17:11:56] Annotation finished successfully.
[17:11:56] Walltime used: 0.05 minutes
[17:11:56] If you use this result please cite the Prokka paper:
[17:11:56] Seemann T (2014) Prokka: rapid prokaryotic genome annotation. Bioinformatics. 30(14):2068-9.
[17:11:56] Type 'prokka --citation' for more details.
[17:11:56] Share and enjoy!
