Discrepancy Report Results

Summary
FATAL: BAD_LOCUS_TAG_FORMAT:29 locus tags are incorrectly formatted.
FATAL: MISSING_PROTEIN_ID:29 proteins have invalid IDs.
DISC_SOURCE_QUALS_ASNDISC:strain (all present, all unique)
DISC_SOURCE_QUALS_ASNDISC:taxname (all present, all unique)
DISC_FEATURE_COUNT:gene: 29 present
DISC_FEATURE_COUNT:CDS: 29 present
DISC_FEATURE_COUNT:mRNA: 29 present
DISC_COUNT_NUCLEOTIDES:1 nucleotide Bioseqs are present
OVERLAPPING_GENES:6 genes overlap another gene on the same strand.
DISC_QUALITY_SCORES:Quality scores are missing on all sequences.
ONCALLER_COMMENT_PRESENT:1 comment descriptors were found (all same)
SHORT_PROT_SEQUENCES:1 protein sequences are shorter than 50 aa.
MISSING_GENOMEASSEMBLY_COMMENTS:1 bioseqs are missing GenomeAssembly structured comments
MOLTYPE_NOT_MRNA:1 molecule types are not set as mRNA.
TECHNIQUE_NOT_TSA:1 technique are not set as TSA
MISSING_STRUCTURED_COMMENT:1 sequences do not include structured comments.
MISSING_PROJECT:30 sequences do not include project.
DISC_INCONSISTENT_MOLINFO_TECH:Molinfo Technique Report (some missing, all same)


Detailed Report

FATAL: DiscRep_ALL:BAD_LOCUS_TAG_FORMAT::29 locus tags are incorrectly formatted.
PROKKA_NC_022226/PROKKA_NC_022226:Gene	rlmH	sccmec_saures_NC_022226_l26600:1-480	NC_022226_SCCmec_00001
PROKKA_NC_022226/PROKKA_NC_022226:Gene	NC_022226_SCCmec_00002	sccmec_saures_NC_022226_l26600:763-2058	NC_022226_SCCmec_00002
PROKKA_NC_022226/PROKKA_NC_022226:Gene	NC_022226_SCCmec_00003	sccmec_saures_NC_022226_l26600:2473-2712	NC_022226_SCCmec_00003
PROKKA_NC_022226/PROKKA_NC_022226:Gene	NC_022226_SCCmec_00004	sccmec_saures_NC_022226_l26600:c3418-2744	NC_022226_SCCmec_00004
PROKKA_NC_022226/PROKKA_NC_022226:Gene	NC_022226_SCCmec_00005	sccmec_saures_NC_022226_l26600:c3706-3509	NC_022226_SCCmec_00005
PROKKA_NC_022226/PROKKA_NC_022226:Gene	NC_022226_SCCmec_00006	sccmec_saures_NC_022226_l26600:c4492-3719	NC_022226_SCCmec_00006
PROKKA_NC_022226/PROKKA_NC_022226:Gene	NC_022226_SCCmec_00007	sccmec_saures_NC_022226_l26600:4668-4757	NC_022226_SCCmec_00007
PROKKA_NC_022226/PROKKA_NC_022226:Gene	pre	sccmec_saures_NC_022226_l26600:c6001-4739	NC_022226_SCCmec_00008
PROKKA_NC_022226/PROKKA_NC_022226:Gene	ble	sccmec_saures_NC_022226_l26600:c6906-6508	NC_022226_SCCmec_00009
PROKKA_NC_022226/PROKKA_NC_022226:Gene	knt	sccmec_saures_NC_022226_l26600:c7899-7129	NC_022226_SCCmec_00010
PROKKA_NC_022226/PROKKA_NC_022226:Gene	NC_022226_SCCmec_00011	sccmec_saures_NC_022226_l26600:c8607-8092	NC_022226_SCCmec_00011
PROKKA_NC_022226/PROKKA_NC_022226:Gene	NC_022226_SCCmec_00012	sccmec_saures_NC_022226_l26600:c8767-8558	NC_022226_SCCmec_00012
PROKKA_NC_022226/PROKKA_NC_022226:Gene	NC_022226_SCCmec_00013	sccmec_saures_NC_022226_l26600:8811-9128	NC_022226_SCCmec_00013
PROKKA_NC_022226/PROKKA_NC_022226:Gene	pbp	sccmec_saures_NC_022226_l26600:c11180-9174	NC_022226_SCCmec_00014
PROKKA_NC_022226/PROKKA_NC_022226:Gene	mecR1	sccmec_saures_NC_022226_l26600:11382-12266	NC_022226_SCCmec_00015
PROKKA_NC_022226/PROKKA_NC_022226:Gene	NC_022226_SCCmec_00016	sccmec_saures_NC_022226_l26600:12226-12498	NC_022226_SCCmec_00016
PROKKA_NC_022226/PROKKA_NC_022226:Gene	NC_022226_SCCmec_00017	sccmec_saures_NC_022226_l26600:12891-13964	NC_022226_SCCmec_00017
PROKKA_NC_022226/PROKKA_NC_022226:Gene	NC_022226_SCCmec_00018	sccmec_saures_NC_022226_l26600:c15569-14061	NC_022226_SCCmec_00018
PROKKA_NC_022226/PROKKA_NC_022226:Gene	NC_022226_SCCmec_00019	sccmec_saures_NC_022226_l26600:c16217-15708	NC_022226_SCCmec_00019
PROKKA_NC_022226/PROKKA_NC_022226:Gene	NC_022226_SCCmec_00020	sccmec_saures_NC_022226_l26600:c16540-16229	NC_022226_SCCmec_00020
PROKKA_NC_022226/PROKKA_NC_022226:Gene	NC_022226_SCCmec_00021	sccmec_saures_NC_022226_l26600:c16977-16627	NC_022226_SCCmec_00021
PROKKA_NC_022226/PROKKA_NC_022226:Gene	hin_1	sccmec_saures_NC_022226_l26600:c19127-17499	NC_022226_SCCmec_00022
PROKKA_NC_022226/PROKKA_NC_022226:Gene	hin_2	sccmec_saures_NC_022226_l26600:c20516-19149	NC_022226_SCCmec_00023
PROKKA_NC_022226/PROKKA_NC_022226:Gene	NC_022226_SCCmec_00024	sccmec_saures_NC_022226_l26600:c22525-20732	NC_022226_SCCmec_00024
PROKKA_NC_022226/PROKKA_NC_022226:Gene	NC_022226_SCCmec_00025	sccmec_saures_NC_022226_l26600:c22821-22525	NC_022226_SCCmec_00025
PROKKA_NC_022226/PROKKA_NC_022226:Gene	NC_022226_SCCmec_00026	sccmec_saures_NC_022226_l26600:c24060-23014	NC_022226_SCCmec_00026
PROKKA_NC_022226/PROKKA_NC_022226:Gene	NC_022226_SCCmec_00027	sccmec_saures_NC_022226_l26600:24515-24964	NC_022226_SCCmec_00027
PROKKA_NC_022226/PROKKA_NC_022226:Gene	NC_022226_SCCmec_00028	sccmec_saures_NC_022226_l26600:25006-25668	NC_022226_SCCmec_00028
PROKKA_NC_022226/PROKKA_NC_022226:Gene	NC_022226_SCCmec_00029	sccmec_saures_NC_022226_l26600:25698-26498	NC_022226_SCCmec_00029

FATAL: DiscRep_ALL:MISSING_PROTEIN_ID::29 proteins have invalid IDs.
PROKKA_NC_022226/PROKKA_NC_022226:sccmec_saures_NC_022226_l26600_1 (length 159)
PROKKA_NC_022226/PROKKA_NC_022226:sccmec_saures_NC_022226_l26600_2 (length 431)
PROKKA_NC_022226/PROKKA_NC_022226:sccmec_saures_NC_022226_l26600_3 (length 79)
PROKKA_NC_022226/PROKKA_NC_022226:sccmec_saures_NC_022226_l26600_4 (length 224)
PROKKA_NC_022226/PROKKA_NC_022226:sccmec_saures_NC_022226_l26600_5 (length 65)
PROKKA_NC_022226/PROKKA_NC_022226:sccmec_saures_NC_022226_l26600_6 (length 257)
PROKKA_NC_022226/PROKKA_NC_022226:sccmec_saures_NC_022226_l26600_7 (length 29)
PROKKA_NC_022226/PROKKA_NC_022226:sccmec_saures_NC_022226_l26600_8 (length 420)
PROKKA_NC_022226/PROKKA_NC_022226:sccmec_saures_NC_022226_l26600_9 (length 132)
PROKKA_NC_022226/PROKKA_NC_022226:sccmec_saures_NC_022226_l26600_10 (length 256)
PROKKA_NC_022226/PROKKA_NC_022226:sccmec_saures_NC_022226_l26600_11 (length 171)
PROKKA_NC_022226/PROKKA_NC_022226:sccmec_saures_NC_022226_l26600_12 (length 69)
PROKKA_NC_022226/PROKKA_NC_022226:sccmec_saures_NC_022226_l26600_13 (length 105)
PROKKA_NC_022226/PROKKA_NC_022226:sccmec_saures_NC_022226_l26600_14 (length 668)
PROKKA_NC_022226/PROKKA_NC_022226:sccmec_saures_NC_022226_l26600_15 (length 294)
PROKKA_NC_022226/PROKKA_NC_022226:sccmec_saures_NC_022226_l26600_16 (length 90)
PROKKA_NC_022226/PROKKA_NC_022226:sccmec_saures_NC_022226_l26600_17 (length 357)
PROKKA_NC_022226/PROKKA_NC_022226:sccmec_saures_NC_022226_l26600_18 (length 502)
PROKKA_NC_022226/PROKKA_NC_022226:sccmec_saures_NC_022226_l26600_19 (length 169)
PROKKA_NC_022226/PROKKA_NC_022226:sccmec_saures_NC_022226_l26600_20 (length 103)
PROKKA_NC_022226/PROKKA_NC_022226:sccmec_saures_NC_022226_l26600_21 (length 116)
PROKKA_NC_022226/PROKKA_NC_022226:sccmec_saures_NC_022226_l26600_22 (length 542)
PROKKA_NC_022226/PROKKA_NC_022226:sccmec_saures_NC_022226_l26600_23 (length 455)
PROKKA_NC_022226/PROKKA_NC_022226:sccmec_saures_NC_022226_l26600_24 (length 597)
PROKKA_NC_022226/PROKKA_NC_022226:sccmec_saures_NC_022226_l26600_25 (length 98)
PROKKA_NC_022226/PROKKA_NC_022226:sccmec_saures_NC_022226_l26600_26 (length 348)
PROKKA_NC_022226/PROKKA_NC_022226:sccmec_saures_NC_022226_l26600_27 (length 149)
PROKKA_NC_022226/PROKKA_NC_022226:sccmec_saures_NC_022226_l26600_28 (length 220)
PROKKA_NC_022226/PROKKA_NC_022226:sccmec_saures_NC_022226_l26600_29 (length 266)

DiscRep_ALL:DISC_SOURCE_QUALS_ASNDISC::strain (all present, all unique)
DiscRep_SUB:DISC_SOURCE_QUALS_ASNDISC::1 sources have unique values for strain
DiscRep_ALL:DISC_SOURCE_QUALS_ASNDISC::taxname (all present, all unique)
DiscRep_SUB:DISC_SOURCE_QUALS_ASNDISC::1 sources have unique values for taxname
DiscRep_ALL:DISC_FEATURE_COUNT::gene: 29 present
DiscRep_ALL:DISC_FEATURE_COUNT::CDS: 29 present
DiscRep_ALL:DISC_FEATURE_COUNT::mRNA: 29 present
DiscRep_ALL:DISC_COUNT_NUCLEOTIDES::1 nucleotide Bioseqs are present
PROKKA_NC_022226/PROKKA_NC_022226:sccmec_saures_NC_022226_l26600 (length 26600)

DiscRep_ALL:OVERLAPPING_GENES::6 genes overlap another gene on the same strand.
PROKKA_NC_022226/PROKKA_NC_022226:Gene	NC_022226_SCCmec_00011	sccmec_saures_NC_022226_l26600:c8607-8092	NC_022226_SCCmec_00011
PROKKA_NC_022226/PROKKA_NC_022226:Gene	NC_022226_SCCmec_00012	sccmec_saures_NC_022226_l26600:c8767-8558	NC_022226_SCCmec_00012
PROKKA_NC_022226/PROKKA_NC_022226:Gene	mecR1	sccmec_saures_NC_022226_l26600:11382-12266	NC_022226_SCCmec_00015
PROKKA_NC_022226/PROKKA_NC_022226:Gene	NC_022226_SCCmec_00016	sccmec_saures_NC_022226_l26600:12226-12498	NC_022226_SCCmec_00016
PROKKA_NC_022226/PROKKA_NC_022226:Gene	NC_022226_SCCmec_00024	sccmec_saures_NC_022226_l26600:c22525-20732	NC_022226_SCCmec_00024
PROKKA_NC_022226/PROKKA_NC_022226:Gene	NC_022226_SCCmec_00025	sccmec_saures_NC_022226_l26600:c22821-22525	NC_022226_SCCmec_00025

DiscRep_ALL:DISC_QUALITY_SCORES::Quality scores are missing on all sequences.

DiscRep_ALL:ONCALLER_COMMENT_PRESENT::1 comment descriptors were found (all same)
PROKKA_NC_022226/PROKKA_NC_022226:sccmec_saures_NC_022226_l26600:Annotated using prokka 1.12 from https://github.com/tseemann/prokka

DiscRep_ALL:SHORT_PROT_SEQUENCES::1 protein sequences are shorter than 50 aa.
PROKKA_NC_022226/PROKKA_NC_022226:sccmec_saures_NC_022226_l26600_7 (length 29)

DiscRep_ALL:MISSING_GENOMEASSEMBLY_COMMENTS::1 bioseqs are missing GenomeAssembly structured comments
PROKKA_NC_022226/PROKKA_NC_022226:sccmec_saures_NC_022226_l26600 (length 26600)

DiscRep_ALL:MOLTYPE_NOT_MRNA::1 molecule types are not set as mRNA.
PROKKA_NC_022226/PROKKA_NC_022226:sccmec_saures_NC_022226_l26600 (length 26600)

DiscRep_ALL:TECHNIQUE_NOT_TSA::1 technique are not set as TSA
PROKKA_NC_022226/PROKKA_NC_022226:sccmec_saures_NC_022226_l26600 (length 26600)

DiscRep_ALL:MISSING_STRUCTURED_COMMENT::1 sequences do not include structured comments.
PROKKA_NC_022226/PROKKA_NC_022226:sccmec_saures_NC_022226_l26600 (length 26600)

DiscRep_ALL:MISSING_PROJECT::30 sequences do not include project.
PROKKA_NC_022226/PROKKA_NC_022226:sccmec_saures_NC_022226_l26600 (length 26600)
PROKKA_NC_022226/PROKKA_NC_022226:sccmec_saures_NC_022226_l26600_1 (length 159)
PROKKA_NC_022226/PROKKA_NC_022226:sccmec_saures_NC_022226_l26600_2 (length 431)
PROKKA_NC_022226/PROKKA_NC_022226:sccmec_saures_NC_022226_l26600_3 (length 79)
PROKKA_NC_022226/PROKKA_NC_022226:sccmec_saures_NC_022226_l26600_4 (length 224)
PROKKA_NC_022226/PROKKA_NC_022226:sccmec_saures_NC_022226_l26600_5 (length 65)
PROKKA_NC_022226/PROKKA_NC_022226:sccmec_saures_NC_022226_l26600_6 (length 257)
PROKKA_NC_022226/PROKKA_NC_022226:sccmec_saures_NC_022226_l26600_7 (length 29)
PROKKA_NC_022226/PROKKA_NC_022226:sccmec_saures_NC_022226_l26600_8 (length 420)
PROKKA_NC_022226/PROKKA_NC_022226:sccmec_saures_NC_022226_l26600_9 (length 132)
PROKKA_NC_022226/PROKKA_NC_022226:sccmec_saures_NC_022226_l26600_10 (length 256)
PROKKA_NC_022226/PROKKA_NC_022226:sccmec_saures_NC_022226_l26600_11 (length 171)
PROKKA_NC_022226/PROKKA_NC_022226:sccmec_saures_NC_022226_l26600_12 (length 69)
PROKKA_NC_022226/PROKKA_NC_022226:sccmec_saures_NC_022226_l26600_13 (length 105)
PROKKA_NC_022226/PROKKA_NC_022226:sccmec_saures_NC_022226_l26600_14 (length 668)
PROKKA_NC_022226/PROKKA_NC_022226:sccmec_saures_NC_022226_l26600_15 (length 294)
PROKKA_NC_022226/PROKKA_NC_022226:sccmec_saures_NC_022226_l26600_16 (length 90)
PROKKA_NC_022226/PROKKA_NC_022226:sccmec_saures_NC_022226_l26600_17 (length 357)
PROKKA_NC_022226/PROKKA_NC_022226:sccmec_saures_NC_022226_l26600_18 (length 502)
PROKKA_NC_022226/PROKKA_NC_022226:sccmec_saures_NC_022226_l26600_19 (length 169)
PROKKA_NC_022226/PROKKA_NC_022226:sccmec_saures_NC_022226_l26600_20 (length 103)
PROKKA_NC_022226/PROKKA_NC_022226:sccmec_saures_NC_022226_l26600_21 (length 116)
PROKKA_NC_022226/PROKKA_NC_022226:sccmec_saures_NC_022226_l26600_22 (length 542)
PROKKA_NC_022226/PROKKA_NC_022226:sccmec_saures_NC_022226_l26600_23 (length 455)
PROKKA_NC_022226/PROKKA_NC_022226:sccmec_saures_NC_022226_l26600_24 (length 597)
PROKKA_NC_022226/PROKKA_NC_022226:sccmec_saures_NC_022226_l26600_25 (length 98)
PROKKA_NC_022226/PROKKA_NC_022226:sccmec_saures_NC_022226_l26600_26 (length 348)
PROKKA_NC_022226/PROKKA_NC_022226:sccmec_saures_NC_022226_l26600_27 (length 149)
PROKKA_NC_022226/PROKKA_NC_022226:sccmec_saures_NC_022226_l26600_28 (length 220)
PROKKA_NC_022226/PROKKA_NC_022226:sccmec_saures_NC_022226_l26600_29 (length 266)

DiscRep_ALL:DISC_INCONSISTENT_MOLINFO_TECH::Molinfo Technique Report (some missing, all same)
DiscRep_SUB:DISC_INCONSISTENT_MOLINFO_TECH::technique (all missing)
DiscRep_SUB:DISC_INCONSISTENT_MOLINFO_TECH::1 Molinfos are missing field technique
PROKKA_NC_022226/PROKKA_NC_022226:sccmec_saures_NC_022226_l26600 (length 26600)

