Discrepancy Report Results

Summary
FATAL: BAD_LOCUS_TAG_FORMAT:56 locus tags are incorrectly formatted.
FATAL: MISSING_PROTEIN_ID:56 proteins have invalid IDs.
DISC_SOURCE_QUALS_ASNDISC:strain (all present, all unique)
DISC_SOURCE_QUALS_ASNDISC:taxname (all present, all unique)
DISC_FEATURE_COUNT:gene: 56 present
DISC_FEATURE_COUNT:CDS: 56 present
DISC_FEATURE_COUNT:mRNA: 56 present
DISC_COUNT_NUCLEOTIDES:1 nucleotide Bioseqs are present
OVERLAPPING_GENES:14 genes overlap another gene on the same strand.
DISC_QUALITY_SCORES:Quality scores are missing on all sequences.
ONCALLER_COMMENT_PRESENT:1 comment descriptors were found (all same)
SHORT_PROT_SEQUENCES:2 protein sequences are shorter than 50 aa.
MISSING_GENOMEASSEMBLY_COMMENTS:1 bioseqs are missing GenomeAssembly structured comments
MOLTYPE_NOT_MRNA:1 molecule types are not set as mRNA.
TECHNIQUE_NOT_TSA:1 technique are not set as TSA
MISSING_STRUCTURED_COMMENT:1 sequences do not include structured comments.
MISSING_PROJECT:57 sequences do not include project.
DISC_INCONSISTENT_MOLINFO_TECH:Molinfo Technique Report (some missing, all same)


Detailed Report

FATAL: DiscRep_ALL:BAD_LOCUS_TAG_FORMAT::56 locus tags are incorrectly formatted.
PROKKA_CP019590/PROKKA_CP019590:Gene	rlmH	sccmec_saures_CP019590_l55098:1-480	CP019590_SCCmec_00001
PROKKA_CP019590/PROKKA_CP019590:Gene	CP019590_SCCmec_00002	sccmec_saures_CP019590_l55098:802-2058	CP019590_SCCmec_00002
PROKKA_CP019590/PROKKA_CP019590:Gene	CP019590_SCCmec_00003	sccmec_saures_CP019590_l55098:c2840-2166	CP019590_SCCmec_00003
PROKKA_CP019590/PROKKA_CP019590:Gene	CP019590_SCCmec_00004	sccmec_saures_CP019590_l55098:3098-3265	CP019590_SCCmec_00004
PROKKA_CP019590/PROKKA_CP019590:Gene	CP019590_SCCmec_00005	sccmec_saures_CP019590_l55098:3363-3593	CP019590_SCCmec_00005
PROKKA_CP019590/PROKKA_CP019590:Gene	ugpQ	sccmec_saures_CP019590_l55098:4102-4845	CP019590_SCCmec_00006
PROKKA_CP019590/PROKKA_CP019590:Gene	paaZ	sccmec_saures_CP019590_l55098:4942-5370	CP019590_SCCmec_00007
PROKKA_CP019590/PROKKA_CP019590:Gene	pbp	sccmec_saures_CP019590_l55098:c7422-5416	CP019590_SCCmec_00008
PROKKA_CP019590/PROKKA_CP019590:Gene	mecR1	sccmec_saures_CP019590_l55098:7522-8508	CP019590_SCCmec_00009
PROKKA_CP019590/PROKKA_CP019590:Gene	CP019590_SCCmec_00010	sccmec_saures_CP019590_l55098:8468-8740	CP019590_SCCmec_00010
PROKKA_CP019590/PROKKA_CP019590:Gene	CP019590_SCCmec_00011	sccmec_saures_CP019590_l55098:c10254-8731	CP019590_SCCmec_00011
PROKKA_CP019590/PROKKA_CP019590:Gene	CP019590_SCCmec_00012	sccmec_saures_CP019590_l55098:c10896-10390	CP019590_SCCmec_00012
PROKKA_CP019590/PROKKA_CP019590:Gene	CP019590_SCCmec_00013	sccmec_saures_CP019590_l55098:c11222-10911	CP019590_SCCmec_00013
PROKKA_CP019590/PROKKA_CP019590:Gene	CP019590_SCCmec_00014	sccmec_saures_CP019590_l55098:c11659-11309	CP019590_SCCmec_00014
PROKKA_CP019590/PROKKA_CP019590:Gene	hin_1	sccmec_saures_CP019590_l55098:c13809-12181	CP019590_SCCmec_00015
PROKKA_CP019590/PROKKA_CP019590:Gene	hin_2	sccmec_saures_CP019590_l55098:c15180-13831	CP019590_SCCmec_00016
PROKKA_CP019590/PROKKA_CP019590:Gene	CP019590_SCCmec_00017	sccmec_saures_CP019590_l55098:c17201-15414	CP019590_SCCmec_00017
PROKKA_CP019590/PROKKA_CP019590:Gene	CP019590_SCCmec_00018	sccmec_saures_CP019590_l55098:c17491-17201	CP019590_SCCmec_00018
PROKKA_CP019590/PROKKA_CP019590:Gene	CP019590_SCCmec_00019	sccmec_saures_CP019590_l55098:17588-18679	CP019590_SCCmec_00019
PROKKA_CP019590/PROKKA_CP019590:Gene	CP019590_SCCmec_00020	sccmec_saures_CP019590_l55098:19297-20787	CP019590_SCCmec_00020
PROKKA_CP019590/PROKKA_CP019590:Gene	gloC	sccmec_saures_CP019590_l55098:c22415-21411	CP019590_SCCmec_00021
PROKKA_CP019590/PROKKA_CP019590:Gene	CP019590_SCCmec_00022	sccmec_saures_CP019590_l55098:22534-22671	CP019590_SCCmec_00022
PROKKA_CP019590/PROKKA_CP019590:Gene	CP019590_SCCmec_00023	sccmec_saures_CP019590_l55098:22668-23039	CP019590_SCCmec_00023
PROKKA_CP019590/PROKKA_CP019590:Gene	CP019590_SCCmec_00024	sccmec_saures_CP019590_l55098:23168-23788	CP019590_SCCmec_00024
PROKKA_CP019590/PROKKA_CP019590:Gene	CP019590_SCCmec_00025	sccmec_saures_CP019590_l55098:c24875-24705	CP019590_SCCmec_00025
PROKKA_CP019590/PROKKA_CP019590:Gene	CP019590_SCCmec_00026	sccmec_saures_CP019590_l55098:25277-26242	CP019590_SCCmec_00026
PROKKA_CP019590/PROKKA_CP019590:Gene	CP019590_SCCmec_00027	sccmec_saures_CP019590_l55098:26622-26951	CP019590_SCCmec_00027
PROKKA_CP019590/PROKKA_CP019590:Gene	CP019590_SCCmec_00028	sccmec_saures_CP019590_l55098:c27387-27028	CP019590_SCCmec_00028
PROKKA_CP019590/PROKKA_CP019590:Gene	CP019590_SCCmec_00029	sccmec_saures_CP019590_l55098:c28767-27958	CP019590_SCCmec_00029
PROKKA_CP019590/PROKKA_CP019590:Gene	CP019590_SCCmec_00030	sccmec_saures_CP019590_l55098:28786-28968	CP019590_SCCmec_00030
PROKKA_CP019590/PROKKA_CP019590:Gene	speG	sccmec_saures_CP019590_l55098:c29776-29279	CP019590_SCCmec_00031
PROKKA_CP019590/PROKKA_CP019590:Gene	adhD	sccmec_saures_CP019590_l55098:30274-31401	CP019590_SCCmec_00032
PROKKA_CP019590/PROKKA_CP019590:Gene	CP019590_SCCmec_00033	sccmec_saures_CP019590_l55098:c31880-31656	CP019590_SCCmec_00033
PROKKA_CP019590/PROKKA_CP019590:Gene	CP019590_SCCmec_00034	sccmec_saures_CP019590_l55098:c32397-31894	CP019590_SCCmec_00034
PROKKA_CP019590/PROKKA_CP019590:Gene	CP019590_SCCmec_00035	sccmec_saures_CP019590_l55098:c32724-32413	CP019590_SCCmec_00035
PROKKA_CP019590/PROKKA_CP019590:Gene	CP019590_SCCmec_00036	sccmec_saures_CP019590_l55098:c32818-32726	CP019590_SCCmec_00036
PROKKA_CP019590/PROKKA_CP019590:Gene	CP019590_SCCmec_00037	sccmec_saures_CP019590_l55098:c33161-32811	CP019590_SCCmec_00037
PROKKA_CP019590/PROKKA_CP019590:Gene	CP019590_SCCmec_00038	sccmec_saures_CP019590_l55098:34118-34966	CP019590_SCCmec_00038
PROKKA_CP019590/PROKKA_CP019590:Gene	arcC1	sccmec_saures_CP019590_l55098:c35995-35066	CP019590_SCCmec_00039
PROKKA_CP019590/PROKKA_CP019590:Gene	argF	sccmec_saures_CP019590_l55098:c37013-36015	CP019590_SCCmec_00040
PROKKA_CP019590/PROKKA_CP019590:Gene	arcR	sccmec_saures_CP019590_l55098:c37740-37051	CP019590_SCCmec_00041
PROKKA_CP019590/PROKKA_CP019590:Gene	arcD	sccmec_saures_CP019590_l55098:c39203-37782	CP019590_SCCmec_00042
PROKKA_CP019590/PROKKA_CP019590:Gene	arcA	sccmec_saures_CP019590_l55098:c40524-39289	CP019590_SCCmec_00043
PROKKA_CP019590/PROKKA_CP019590:Gene	argR	sccmec_saures_CP019590_l55098:c41239-40793	CP019590_SCCmec_00044
PROKKA_CP019590/PROKKA_CP019590:Gene	CP019590_SCCmec_00045	sccmec_saures_CP019590_l55098:41741-42172	CP019590_SCCmec_00045
PROKKA_CP019590/PROKKA_CP019590:Gene	CP019590_SCCmec_00046	sccmec_saures_CP019590_l55098:42445-42690	CP019590_SCCmec_00046
PROKKA_CP019590/PROKKA_CP019590:Gene	CP019590_SCCmec_00047	sccmec_saures_CP019590_l55098:43306-44121	CP019590_SCCmec_00047
PROKKA_CP019590/PROKKA_CP019590:Gene	CP019590_SCCmec_00048	sccmec_saures_CP019590_l55098:44548-45621	CP019590_SCCmec_00048
PROKKA_CP019590/PROKKA_CP019590:Gene	cmoB	sccmec_saures_CP019590_l55098:45881-46573	CP019590_SCCmec_00049
PROKKA_CP019590/PROKKA_CP019590:Gene	nikA	sccmec_saures_CP019590_l55098:46570-48123	CP019590_SCCmec_00050
PROKKA_CP019590/PROKKA_CP019590:Gene	nikB	sccmec_saures_CP019590_l55098:48126-49082	CP019590_SCCmec_00051
PROKKA_CP019590/PROKKA_CP019590:Gene	gsiD	sccmec_saures_CP019590_l55098:49082-49849	CP019590_SCCmec_00052
PROKKA_CP019590/PROKKA_CP019590:Gene	oppD	sccmec_saures_CP019590_l55098:49816-50583	CP019590_SCCmec_00053
PROKKA_CP019590/PROKKA_CP019590:Gene	nikE	sccmec_saures_CP019590_l55098:50576-51211	CP019590_SCCmec_00054
PROKKA_CP019590/PROKKA_CP019590:Gene	copB	sccmec_saures_CP019590_l55098:52171-54294	CP019590_SCCmec_00055
PROKKA_CP019590/PROKKA_CP019590:Gene	CP019590_SCCmec_00056	sccmec_saures_CP019590_l55098:54312-54857	CP019590_SCCmec_00056

FATAL: DiscRep_ALL:MISSING_PROTEIN_ID::56 proteins have invalid IDs.
PROKKA_CP019590/PROKKA_CP019590:sccmec_saures_CP019590_l55098_1 (length 159)
PROKKA_CP019590/PROKKA_CP019590:sccmec_saures_CP019590_l55098_2 (length 418)
PROKKA_CP019590/PROKKA_CP019590:sccmec_saures_CP019590_l55098_3 (length 224)
PROKKA_CP019590/PROKKA_CP019590:sccmec_saures_CP019590_l55098_4 (length 55)
PROKKA_CP019590/PROKKA_CP019590:sccmec_saures_CP019590_l55098_5 (length 76)
PROKKA_CP019590/PROKKA_CP019590:sccmec_saures_CP019590_l55098_6 (length 247)
PROKKA_CP019590/PROKKA_CP019590:sccmec_saures_CP019590_l55098_7 (length 142)
PROKKA_CP019590/PROKKA_CP019590:sccmec_saures_CP019590_l55098_8 (length 668)
PROKKA_CP019590/PROKKA_CP019590:sccmec_saures_CP019590_l55098_9 (length 328)
PROKKA_CP019590/PROKKA_CP019590:sccmec_saures_CP019590_l55098_10 (length 90)
PROKKA_CP019590/PROKKA_CP019590:sccmec_saures_CP019590_l55098_11 (length 507)
PROKKA_CP019590/PROKKA_CP019590:sccmec_saures_CP019590_l55098_12 (length 168)
PROKKA_CP019590/PROKKA_CP019590:sccmec_saures_CP019590_l55098_13 (length 103)
PROKKA_CP019590/PROKKA_CP019590:sccmec_saures_CP019590_l55098_14 (length 116)
PROKKA_CP019590/PROKKA_CP019590:sccmec_saures_CP019590_l55098_15 (length 542)
PROKKA_CP019590/PROKKA_CP019590:sccmec_saures_CP019590_l55098_16 (length 449)
PROKKA_CP019590/PROKKA_CP019590:sccmec_saures_CP019590_l55098_17 (length 595)
PROKKA_CP019590/PROKKA_CP019590:sccmec_saures_CP019590_l55098_18 (length 96)
PROKKA_CP019590/PROKKA_CP019590:sccmec_saures_CP019590_l55098_19 (length 363)
PROKKA_CP019590/PROKKA_CP019590:sccmec_saures_CP019590_l55098_20 (length 496)
PROKKA_CP019590/PROKKA_CP019590:sccmec_saures_CP019590_l55098_21 (length 334)
PROKKA_CP019590/PROKKA_CP019590:sccmec_saures_CP019590_l55098_22 (length 45)
PROKKA_CP019590/PROKKA_CP019590:sccmec_saures_CP019590_l55098_23 (length 123)
PROKKA_CP019590/PROKKA_CP019590:sccmec_saures_CP019590_l55098_24 (length 206)
PROKKA_CP019590/PROKKA_CP019590:sccmec_saures_CP019590_l55098_25 (length 56)
PROKKA_CP019590/PROKKA_CP019590:sccmec_saures_CP019590_l55098_26 (length 321)
PROKKA_CP019590/PROKKA_CP019590:sccmec_saures_CP019590_l55098_27 (length 109)
PROKKA_CP019590/PROKKA_CP019590:sccmec_saures_CP019590_l55098_28 (length 119)
PROKKA_CP019590/PROKKA_CP019590:sccmec_saures_CP019590_l55098_29 (length 269)
PROKKA_CP019590/PROKKA_CP019590:sccmec_saures_CP019590_l55098_30 (length 60)
PROKKA_CP019590/PROKKA_CP019590:sccmec_saures_CP019590_l55098_31 (length 165)
PROKKA_CP019590/PROKKA_CP019590:sccmec_saures_CP019590_l55098_32 (length 375)
PROKKA_CP019590/PROKKA_CP019590:sccmec_saures_CP019590_l55098_33 (length 74)
PROKKA_CP019590/PROKKA_CP019590:sccmec_saures_CP019590_l55098_34 (length 167)
PROKKA_CP019590/PROKKA_CP019590:sccmec_saures_CP019590_l55098_35 (length 103)
PROKKA_CP019590/PROKKA_CP019590:sccmec_saures_CP019590_l55098_36 (length 30)
PROKKA_CP019590/PROKKA_CP019590:sccmec_saures_CP019590_l55098_37 (length 116)
PROKKA_CP019590/PROKKA_CP019590:sccmec_saures_CP019590_l55098_38 (length 282)
PROKKA_CP019590/PROKKA_CP019590:sccmec_saures_CP019590_l55098_39 (length 309)
PROKKA_CP019590/PROKKA_CP019590:sccmec_saures_CP019590_l55098_40 (length 332)
PROKKA_CP019590/PROKKA_CP019590:sccmec_saures_CP019590_l55098_41 (length 229)
PROKKA_CP019590/PROKKA_CP019590:sccmec_saures_CP019590_l55098_42 (length 473)
PROKKA_CP019590/PROKKA_CP019590:sccmec_saures_CP019590_l55098_43 (length 411)
PROKKA_CP019590/PROKKA_CP019590:sccmec_saures_CP019590_l55098_44 (length 148)
PROKKA_CP019590/PROKKA_CP019590:sccmec_saures_CP019590_l55098_45 (length 143)
PROKKA_CP019590/PROKKA_CP019590:sccmec_saures_CP019590_l55098_46 (length 81)
PROKKA_CP019590/PROKKA_CP019590:sccmec_saures_CP019590_l55098_47 (length 271)
PROKKA_CP019590/PROKKA_CP019590:sccmec_saures_CP019590_l55098_48 (length 357)
PROKKA_CP019590/PROKKA_CP019590:sccmec_saures_CP019590_l55098_49 (length 230)
PROKKA_CP019590/PROKKA_CP019590:sccmec_saures_CP019590_l55098_50 (length 517)
PROKKA_CP019590/PROKKA_CP019590:sccmec_saures_CP019590_l55098_51 (length 318)
PROKKA_CP019590/PROKKA_CP019590:sccmec_saures_CP019590_l55098_52 (length 255)
PROKKA_CP019590/PROKKA_CP019590:sccmec_saures_CP019590_l55098_53 (length 255)
PROKKA_CP019590/PROKKA_CP019590:sccmec_saures_CP019590_l55098_54 (length 211)
PROKKA_CP019590/PROKKA_CP019590:sccmec_saures_CP019590_l55098_55 (length 707)
PROKKA_CP019590/PROKKA_CP019590:sccmec_saures_CP019590_l55098_56 (length 181)

DiscRep_ALL:DISC_SOURCE_QUALS_ASNDISC::strain (all present, all unique)
DiscRep_SUB:DISC_SOURCE_QUALS_ASNDISC::1 sources have unique values for strain
DiscRep_ALL:DISC_SOURCE_QUALS_ASNDISC::taxname (all present, all unique)
DiscRep_SUB:DISC_SOURCE_QUALS_ASNDISC::1 sources have unique values for taxname
DiscRep_ALL:DISC_FEATURE_COUNT::gene: 56 present
DiscRep_ALL:DISC_FEATURE_COUNT::CDS: 56 present
DiscRep_ALL:DISC_FEATURE_COUNT::mRNA: 56 present
DiscRep_ALL:DISC_COUNT_NUCLEOTIDES::1 nucleotide Bioseqs are present
PROKKA_CP019590/PROKKA_CP019590:sccmec_saures_CP019590_l55098 (length 55098)

DiscRep_ALL:OVERLAPPING_GENES::14 genes overlap another gene on the same strand.
PROKKA_CP019590/PROKKA_CP019590:Gene	mecR1	sccmec_saures_CP019590_l55098:7522-8508	CP019590_SCCmec_00009
PROKKA_CP019590/PROKKA_CP019590:Gene	CP019590_SCCmec_00010	sccmec_saures_CP019590_l55098:8468-8740	CP019590_SCCmec_00010
PROKKA_CP019590/PROKKA_CP019590:Gene	CP019590_SCCmec_00017	sccmec_saures_CP019590_l55098:c17201-15414	CP019590_SCCmec_00017
PROKKA_CP019590/PROKKA_CP019590:Gene	CP019590_SCCmec_00018	sccmec_saures_CP019590_l55098:c17491-17201	CP019590_SCCmec_00018
PROKKA_CP019590/PROKKA_CP019590:Gene	CP019590_SCCmec_00022	sccmec_saures_CP019590_l55098:22534-22671	CP019590_SCCmec_00022
PROKKA_CP019590/PROKKA_CP019590:Gene	CP019590_SCCmec_00023	sccmec_saures_CP019590_l55098:22668-23039	CP019590_SCCmec_00023
PROKKA_CP019590/PROKKA_CP019590:Gene	CP019590_SCCmec_00036	sccmec_saures_CP019590_l55098:c32818-32726	CP019590_SCCmec_00036
PROKKA_CP019590/PROKKA_CP019590:Gene	CP019590_SCCmec_00037	sccmec_saures_CP019590_l55098:c33161-32811	CP019590_SCCmec_00037
PROKKA_CP019590/PROKKA_CP019590:Gene	cmoB	sccmec_saures_CP019590_l55098:45881-46573	CP019590_SCCmec_00049
PROKKA_CP019590/PROKKA_CP019590:Gene	nikA	sccmec_saures_CP019590_l55098:46570-48123	CP019590_SCCmec_00050
PROKKA_CP019590/PROKKA_CP019590:Gene	nikB	sccmec_saures_CP019590_l55098:48126-49082	CP019590_SCCmec_00051
PROKKA_CP019590/PROKKA_CP019590:Gene	gsiD	sccmec_saures_CP019590_l55098:49082-49849	CP019590_SCCmec_00052
PROKKA_CP019590/PROKKA_CP019590:Gene	oppD	sccmec_saures_CP019590_l55098:49816-50583	CP019590_SCCmec_00053
PROKKA_CP019590/PROKKA_CP019590:Gene	nikE	sccmec_saures_CP019590_l55098:50576-51211	CP019590_SCCmec_00054

DiscRep_ALL:DISC_QUALITY_SCORES::Quality scores are missing on all sequences.

DiscRep_ALL:ONCALLER_COMMENT_PRESENT::1 comment descriptors were found (all same)
PROKKA_CP019590/PROKKA_CP019590:sccmec_saures_CP019590_l55098:Annotated using prokka 1.12 from https://github.com/tseemann/prokka

DiscRep_ALL:SHORT_PROT_SEQUENCES::2 protein sequences are shorter than 50 aa.
PROKKA_CP019590/PROKKA_CP019590:sccmec_saures_CP019590_l55098_22 (length 45)
PROKKA_CP019590/PROKKA_CP019590:sccmec_saures_CP019590_l55098_36 (length 30)

DiscRep_ALL:MISSING_GENOMEASSEMBLY_COMMENTS::1 bioseqs are missing GenomeAssembly structured comments
PROKKA_CP019590/PROKKA_CP019590:sccmec_saures_CP019590_l55098 (length 55098)

DiscRep_ALL:MOLTYPE_NOT_MRNA::1 molecule types are not set as mRNA.
PROKKA_CP019590/PROKKA_CP019590:sccmec_saures_CP019590_l55098 (length 55098)

DiscRep_ALL:TECHNIQUE_NOT_TSA::1 technique are not set as TSA
PROKKA_CP019590/PROKKA_CP019590:sccmec_saures_CP019590_l55098 (length 55098)

DiscRep_ALL:MISSING_STRUCTURED_COMMENT::1 sequences do not include structured comments.
PROKKA_CP019590/PROKKA_CP019590:sccmec_saures_CP019590_l55098 (length 55098)

DiscRep_ALL:MISSING_PROJECT::57 sequences do not include project.
PROKKA_CP019590/PROKKA_CP019590:sccmec_saures_CP019590_l55098 (length 55098)
PROKKA_CP019590/PROKKA_CP019590:sccmec_saures_CP019590_l55098_1 (length 159)
PROKKA_CP019590/PROKKA_CP019590:sccmec_saures_CP019590_l55098_2 (length 418)
PROKKA_CP019590/PROKKA_CP019590:sccmec_saures_CP019590_l55098_3 (length 224)
PROKKA_CP019590/PROKKA_CP019590:sccmec_saures_CP019590_l55098_4 (length 55)
PROKKA_CP019590/PROKKA_CP019590:sccmec_saures_CP019590_l55098_5 (length 76)
PROKKA_CP019590/PROKKA_CP019590:sccmec_saures_CP019590_l55098_6 (length 247)
PROKKA_CP019590/PROKKA_CP019590:sccmec_saures_CP019590_l55098_7 (length 142)
PROKKA_CP019590/PROKKA_CP019590:sccmec_saures_CP019590_l55098_8 (length 668)
PROKKA_CP019590/PROKKA_CP019590:sccmec_saures_CP019590_l55098_9 (length 328)
PROKKA_CP019590/PROKKA_CP019590:sccmec_saures_CP019590_l55098_10 (length 90)
PROKKA_CP019590/PROKKA_CP019590:sccmec_saures_CP019590_l55098_11 (length 507)
PROKKA_CP019590/PROKKA_CP019590:sccmec_saures_CP019590_l55098_12 (length 168)
PROKKA_CP019590/PROKKA_CP019590:sccmec_saures_CP019590_l55098_13 (length 103)
PROKKA_CP019590/PROKKA_CP019590:sccmec_saures_CP019590_l55098_14 (length 116)
PROKKA_CP019590/PROKKA_CP019590:sccmec_saures_CP019590_l55098_15 (length 542)
PROKKA_CP019590/PROKKA_CP019590:sccmec_saures_CP019590_l55098_16 (length 449)
PROKKA_CP019590/PROKKA_CP019590:sccmec_saures_CP019590_l55098_17 (length 595)
PROKKA_CP019590/PROKKA_CP019590:sccmec_saures_CP019590_l55098_18 (length 96)
PROKKA_CP019590/PROKKA_CP019590:sccmec_saures_CP019590_l55098_19 (length 363)
PROKKA_CP019590/PROKKA_CP019590:sccmec_saures_CP019590_l55098_20 (length 496)
PROKKA_CP019590/PROKKA_CP019590:sccmec_saures_CP019590_l55098_21 (length 334)
PROKKA_CP019590/PROKKA_CP019590:sccmec_saures_CP019590_l55098_22 (length 45)
PROKKA_CP019590/PROKKA_CP019590:sccmec_saures_CP019590_l55098_23 (length 123)
PROKKA_CP019590/PROKKA_CP019590:sccmec_saures_CP019590_l55098_24 (length 206)
PROKKA_CP019590/PROKKA_CP019590:sccmec_saures_CP019590_l55098_25 (length 56)
PROKKA_CP019590/PROKKA_CP019590:sccmec_saures_CP019590_l55098_26 (length 321)
PROKKA_CP019590/PROKKA_CP019590:sccmec_saures_CP019590_l55098_27 (length 109)
PROKKA_CP019590/PROKKA_CP019590:sccmec_saures_CP019590_l55098_28 (length 119)
PROKKA_CP019590/PROKKA_CP019590:sccmec_saures_CP019590_l55098_29 (length 269)
PROKKA_CP019590/PROKKA_CP019590:sccmec_saures_CP019590_l55098_30 (length 60)
PROKKA_CP019590/PROKKA_CP019590:sccmec_saures_CP019590_l55098_31 (length 165)
PROKKA_CP019590/PROKKA_CP019590:sccmec_saures_CP019590_l55098_32 (length 375)
PROKKA_CP019590/PROKKA_CP019590:sccmec_saures_CP019590_l55098_33 (length 74)
PROKKA_CP019590/PROKKA_CP019590:sccmec_saures_CP019590_l55098_34 (length 167)
PROKKA_CP019590/PROKKA_CP019590:sccmec_saures_CP019590_l55098_35 (length 103)
PROKKA_CP019590/PROKKA_CP019590:sccmec_saures_CP019590_l55098_36 (length 30)
PROKKA_CP019590/PROKKA_CP019590:sccmec_saures_CP019590_l55098_37 (length 116)
PROKKA_CP019590/PROKKA_CP019590:sccmec_saures_CP019590_l55098_38 (length 282)
PROKKA_CP019590/PROKKA_CP019590:sccmec_saures_CP019590_l55098_39 (length 309)
PROKKA_CP019590/PROKKA_CP019590:sccmec_saures_CP019590_l55098_40 (length 332)
PROKKA_CP019590/PROKKA_CP019590:sccmec_saures_CP019590_l55098_41 (length 229)
PROKKA_CP019590/PROKKA_CP019590:sccmec_saures_CP019590_l55098_42 (length 473)
PROKKA_CP019590/PROKKA_CP019590:sccmec_saures_CP019590_l55098_43 (length 411)
PROKKA_CP019590/PROKKA_CP019590:sccmec_saures_CP019590_l55098_44 (length 148)
PROKKA_CP019590/PROKKA_CP019590:sccmec_saures_CP019590_l55098_45 (length 143)
PROKKA_CP019590/PROKKA_CP019590:sccmec_saures_CP019590_l55098_46 (length 81)
PROKKA_CP019590/PROKKA_CP019590:sccmec_saures_CP019590_l55098_47 (length 271)
PROKKA_CP019590/PROKKA_CP019590:sccmec_saures_CP019590_l55098_48 (length 357)
PROKKA_CP019590/PROKKA_CP019590:sccmec_saures_CP019590_l55098_49 (length 230)
PROKKA_CP019590/PROKKA_CP019590:sccmec_saures_CP019590_l55098_50 (length 517)
PROKKA_CP019590/PROKKA_CP019590:sccmec_saures_CP019590_l55098_51 (length 318)
PROKKA_CP019590/PROKKA_CP019590:sccmec_saures_CP019590_l55098_52 (length 255)
PROKKA_CP019590/PROKKA_CP019590:sccmec_saures_CP019590_l55098_53 (length 255)
PROKKA_CP019590/PROKKA_CP019590:sccmec_saures_CP019590_l55098_54 (length 211)
PROKKA_CP019590/PROKKA_CP019590:sccmec_saures_CP019590_l55098_55 (length 707)
PROKKA_CP019590/PROKKA_CP019590:sccmec_saures_CP019590_l55098_56 (length 181)

DiscRep_ALL:DISC_INCONSISTENT_MOLINFO_TECH::Molinfo Technique Report (some missing, all same)
DiscRep_SUB:DISC_INCONSISTENT_MOLINFO_TECH::technique (all missing)
DiscRep_SUB:DISC_INCONSISTENT_MOLINFO_TECH::1 Molinfos are missing field technique
PROKKA_CP019590/PROKKA_CP019590:sccmec_saures_CP019590_l55098 (length 55098)

