Discrepancy Report Results

Summary
FATAL: BAD_LOCUS_TAG_FORMAT:56 locus tags are incorrectly formatted.
FATAL: MISSING_PROTEIN_ID:56 proteins have invalid IDs.
DISC_SOURCE_QUALS_ASNDISC:strain (all present, all unique)
DISC_SOURCE_QUALS_ASNDISC:taxname (all present, all unique)
DISC_FEATURE_COUNT:gene: 56 present
DISC_FEATURE_COUNT:CDS: 56 present
DISC_FEATURE_COUNT:mRNA: 56 present
DISC_COUNT_NUCLEOTIDES:1 nucleotide Bioseqs are present
OVERLAPPING_GENES:14 genes overlap another gene on the same strand.
DISC_QUALITY_SCORES:Quality scores are missing on all sequences.
ONCALLER_COMMENT_PRESENT:1 comment descriptors were found (all same)
SHORT_PROT_SEQUENCES:2 protein sequences are shorter than 50 aa.
MISSING_GENOMEASSEMBLY_COMMENTS:1 bioseqs are missing GenomeAssembly structured comments
MOLTYPE_NOT_MRNA:1 molecule types are not set as mRNA.
TECHNIQUE_NOT_TSA:1 technique are not set as TSA
MISSING_STRUCTURED_COMMENT:1 sequences do not include structured comments.
MISSING_PROJECT:57 sequences do not include project.
DISC_INCONSISTENT_MOLINFO_TECH:Molinfo Technique Report (some missing, all same)


Detailed Report

FATAL: DiscRep_ALL:BAD_LOCUS_TAG_FORMAT::56 locus tags are incorrectly formatted.
PROKKA_CP007176/PROKKA_CP007176:Gene	rlmH	sccmec_saures_CP007176_l55101:1-480	CP007176_SCCmec_00001
PROKKA_CP007176/PROKKA_CP007176:Gene	CP007176_SCCmec_00002	sccmec_saures_CP007176_l55101:802-2058	CP007176_SCCmec_00002
PROKKA_CP007176/PROKKA_CP007176:Gene	CP007176_SCCmec_00003	sccmec_saures_CP007176_l55101:c2840-2166	CP007176_SCCmec_00003
PROKKA_CP007176/PROKKA_CP007176:Gene	CP007176_SCCmec_00004	sccmec_saures_CP007176_l55101:3098-3265	CP007176_SCCmec_00004
PROKKA_CP007176/PROKKA_CP007176:Gene	CP007176_SCCmec_00005	sccmec_saures_CP007176_l55101:3363-3593	CP007176_SCCmec_00005
PROKKA_CP007176/PROKKA_CP007176:Gene	ugpQ	sccmec_saures_CP007176_l55101:4102-4845	CP007176_SCCmec_00006
PROKKA_CP007176/PROKKA_CP007176:Gene	paaZ	sccmec_saures_CP007176_l55101:4942-5370	CP007176_SCCmec_00007
PROKKA_CP007176/PROKKA_CP007176:Gene	pbp	sccmec_saures_CP007176_l55101:c7422-5416	CP007176_SCCmec_00008
PROKKA_CP007176/PROKKA_CP007176:Gene	mecR1	sccmec_saures_CP007176_l55101:7522-8508	CP007176_SCCmec_00009
PROKKA_CP007176/PROKKA_CP007176:Gene	CP007176_SCCmec_00010	sccmec_saures_CP007176_l55101:8468-8740	CP007176_SCCmec_00010
PROKKA_CP007176/PROKKA_CP007176:Gene	CP007176_SCCmec_00011	sccmec_saures_CP007176_l55101:c10254-8731	CP007176_SCCmec_00011
PROKKA_CP007176/PROKKA_CP007176:Gene	CP007176_SCCmec_00012	sccmec_saures_CP007176_l55101:c10896-10390	CP007176_SCCmec_00012
PROKKA_CP007176/PROKKA_CP007176:Gene	CP007176_SCCmec_00013	sccmec_saures_CP007176_l55101:c11222-10911	CP007176_SCCmec_00013
PROKKA_CP007176/PROKKA_CP007176:Gene	CP007176_SCCmec_00014	sccmec_saures_CP007176_l55101:c11659-11309	CP007176_SCCmec_00014
PROKKA_CP007176/PROKKA_CP007176:Gene	hin_1	sccmec_saures_CP007176_l55101:c13809-12181	CP007176_SCCmec_00015
PROKKA_CP007176/PROKKA_CP007176:Gene	hin_2	sccmec_saures_CP007176_l55101:c15180-13831	CP007176_SCCmec_00016
PROKKA_CP007176/PROKKA_CP007176:Gene	CP007176_SCCmec_00017	sccmec_saures_CP007176_l55101:c17201-15414	CP007176_SCCmec_00017
PROKKA_CP007176/PROKKA_CP007176:Gene	CP007176_SCCmec_00018	sccmec_saures_CP007176_l55101:c17491-17201	CP007176_SCCmec_00018
PROKKA_CP007176/PROKKA_CP007176:Gene	CP007176_SCCmec_00019	sccmec_saures_CP007176_l55101:17588-18679	CP007176_SCCmec_00019
PROKKA_CP007176/PROKKA_CP007176:Gene	CP007176_SCCmec_00020	sccmec_saures_CP007176_l55101:19297-20787	CP007176_SCCmec_00020
PROKKA_CP007176/PROKKA_CP007176:Gene	gloC	sccmec_saures_CP007176_l55101:c22415-21411	CP007176_SCCmec_00021
PROKKA_CP007176/PROKKA_CP007176:Gene	CP007176_SCCmec_00022	sccmec_saures_CP007176_l55101:22534-22671	CP007176_SCCmec_00022
PROKKA_CP007176/PROKKA_CP007176:Gene	CP007176_SCCmec_00023	sccmec_saures_CP007176_l55101:22668-23039	CP007176_SCCmec_00023
PROKKA_CP007176/PROKKA_CP007176:Gene	CP007176_SCCmec_00024	sccmec_saures_CP007176_l55101:23168-23788	CP007176_SCCmec_00024
PROKKA_CP007176/PROKKA_CP007176:Gene	CP007176_SCCmec_00025	sccmec_saures_CP007176_l55101:c24875-24705	CP007176_SCCmec_00025
PROKKA_CP007176/PROKKA_CP007176:Gene	CP007176_SCCmec_00026	sccmec_saures_CP007176_l55101:25277-26242	CP007176_SCCmec_00026
PROKKA_CP007176/PROKKA_CP007176:Gene	CP007176_SCCmec_00027	sccmec_saures_CP007176_l55101:26622-26951	CP007176_SCCmec_00027
PROKKA_CP007176/PROKKA_CP007176:Gene	CP007176_SCCmec_00028	sccmec_saures_CP007176_l55101:c27387-27028	CP007176_SCCmec_00028
PROKKA_CP007176/PROKKA_CP007176:Gene	CP007176_SCCmec_00029	sccmec_saures_CP007176_l55101:c28767-27958	CP007176_SCCmec_00029
PROKKA_CP007176/PROKKA_CP007176:Gene	CP007176_SCCmec_00030	sccmec_saures_CP007176_l55101:28786-28968	CP007176_SCCmec_00030
PROKKA_CP007176/PROKKA_CP007176:Gene	speG	sccmec_saures_CP007176_l55101:c29776-29279	CP007176_SCCmec_00031
PROKKA_CP007176/PROKKA_CP007176:Gene	adhD	sccmec_saures_CP007176_l55101:30274-31401	CP007176_SCCmec_00032
PROKKA_CP007176/PROKKA_CP007176:Gene	CP007176_SCCmec_00033	sccmec_saures_CP007176_l55101:c31880-31656	CP007176_SCCmec_00033
PROKKA_CP007176/PROKKA_CP007176:Gene	CP007176_SCCmec_00034	sccmec_saures_CP007176_l55101:c32397-31894	CP007176_SCCmec_00034
PROKKA_CP007176/PROKKA_CP007176:Gene	CP007176_SCCmec_00035	sccmec_saures_CP007176_l55101:c32724-32413	CP007176_SCCmec_00035
PROKKA_CP007176/PROKKA_CP007176:Gene	CP007176_SCCmec_00036	sccmec_saures_CP007176_l55101:c32818-32726	CP007176_SCCmec_00036
PROKKA_CP007176/PROKKA_CP007176:Gene	CP007176_SCCmec_00037	sccmec_saures_CP007176_l55101:c33161-32811	CP007176_SCCmec_00037
PROKKA_CP007176/PROKKA_CP007176:Gene	CP007176_SCCmec_00038	sccmec_saures_CP007176_l55101:34118-34969	CP007176_SCCmec_00038
PROKKA_CP007176/PROKKA_CP007176:Gene	arcC1	sccmec_saures_CP007176_l55101:c35998-35069	CP007176_SCCmec_00039
PROKKA_CP007176/PROKKA_CP007176:Gene	argF	sccmec_saures_CP007176_l55101:c37016-36018	CP007176_SCCmec_00040
PROKKA_CP007176/PROKKA_CP007176:Gene	arcR	sccmec_saures_CP007176_l55101:c37743-37054	CP007176_SCCmec_00041
PROKKA_CP007176/PROKKA_CP007176:Gene	arcD	sccmec_saures_CP007176_l55101:c39206-37785	CP007176_SCCmec_00042
PROKKA_CP007176/PROKKA_CP007176:Gene	arcA	sccmec_saures_CP007176_l55101:c40527-39292	CP007176_SCCmec_00043
PROKKA_CP007176/PROKKA_CP007176:Gene	argR	sccmec_saures_CP007176_l55101:c41242-40796	CP007176_SCCmec_00044
PROKKA_CP007176/PROKKA_CP007176:Gene	CP007176_SCCmec_00045	sccmec_saures_CP007176_l55101:41744-42175	CP007176_SCCmec_00045
PROKKA_CP007176/PROKKA_CP007176:Gene	CP007176_SCCmec_00046	sccmec_saures_CP007176_l55101:42448-42693	CP007176_SCCmec_00046
PROKKA_CP007176/PROKKA_CP007176:Gene	CP007176_SCCmec_00047	sccmec_saures_CP007176_l55101:43309-44124	CP007176_SCCmec_00047
PROKKA_CP007176/PROKKA_CP007176:Gene	CP007176_SCCmec_00048	sccmec_saures_CP007176_l55101:44551-45624	CP007176_SCCmec_00048
PROKKA_CP007176/PROKKA_CP007176:Gene	cmoB	sccmec_saures_CP007176_l55101:45884-46576	CP007176_SCCmec_00049
PROKKA_CP007176/PROKKA_CP007176:Gene	nikA	sccmec_saures_CP007176_l55101:46573-48126	CP007176_SCCmec_00050
PROKKA_CP007176/PROKKA_CP007176:Gene	nikB	sccmec_saures_CP007176_l55101:48129-49085	CP007176_SCCmec_00051
PROKKA_CP007176/PROKKA_CP007176:Gene	gsiD	sccmec_saures_CP007176_l55101:49085-49852	CP007176_SCCmec_00052
PROKKA_CP007176/PROKKA_CP007176:Gene	oppD	sccmec_saures_CP007176_l55101:49819-50586	CP007176_SCCmec_00053
PROKKA_CP007176/PROKKA_CP007176:Gene	nikE	sccmec_saures_CP007176_l55101:50579-51214	CP007176_SCCmec_00054
PROKKA_CP007176/PROKKA_CP007176:Gene	copB	sccmec_saures_CP007176_l55101:52174-54297	CP007176_SCCmec_00055
PROKKA_CP007176/PROKKA_CP007176:Gene	CP007176_SCCmec_00056	sccmec_saures_CP007176_l55101:54315-54860	CP007176_SCCmec_00056

FATAL: DiscRep_ALL:MISSING_PROTEIN_ID::56 proteins have invalid IDs.
PROKKA_CP007176/PROKKA_CP007176:sccmec_saures_CP007176_l55101_1 (length 159)
PROKKA_CP007176/PROKKA_CP007176:sccmec_saures_CP007176_l55101_2 (length 418)
PROKKA_CP007176/PROKKA_CP007176:sccmec_saures_CP007176_l55101_3 (length 224)
PROKKA_CP007176/PROKKA_CP007176:sccmec_saures_CP007176_l55101_4 (length 55)
PROKKA_CP007176/PROKKA_CP007176:sccmec_saures_CP007176_l55101_5 (length 76)
PROKKA_CP007176/PROKKA_CP007176:sccmec_saures_CP007176_l55101_6 (length 247)
PROKKA_CP007176/PROKKA_CP007176:sccmec_saures_CP007176_l55101_7 (length 142)
PROKKA_CP007176/PROKKA_CP007176:sccmec_saures_CP007176_l55101_8 (length 668)
PROKKA_CP007176/PROKKA_CP007176:sccmec_saures_CP007176_l55101_9 (length 328)
PROKKA_CP007176/PROKKA_CP007176:sccmec_saures_CP007176_l55101_10 (length 90)
PROKKA_CP007176/PROKKA_CP007176:sccmec_saures_CP007176_l55101_11 (length 507)
PROKKA_CP007176/PROKKA_CP007176:sccmec_saures_CP007176_l55101_12 (length 168)
PROKKA_CP007176/PROKKA_CP007176:sccmec_saures_CP007176_l55101_13 (length 103)
PROKKA_CP007176/PROKKA_CP007176:sccmec_saures_CP007176_l55101_14 (length 116)
PROKKA_CP007176/PROKKA_CP007176:sccmec_saures_CP007176_l55101_15 (length 542)
PROKKA_CP007176/PROKKA_CP007176:sccmec_saures_CP007176_l55101_16 (length 449)
PROKKA_CP007176/PROKKA_CP007176:sccmec_saures_CP007176_l55101_17 (length 595)
PROKKA_CP007176/PROKKA_CP007176:sccmec_saures_CP007176_l55101_18 (length 96)
PROKKA_CP007176/PROKKA_CP007176:sccmec_saures_CP007176_l55101_19 (length 363)
PROKKA_CP007176/PROKKA_CP007176:sccmec_saures_CP007176_l55101_20 (length 496)
PROKKA_CP007176/PROKKA_CP007176:sccmec_saures_CP007176_l55101_21 (length 334)
PROKKA_CP007176/PROKKA_CP007176:sccmec_saures_CP007176_l55101_22 (length 45)
PROKKA_CP007176/PROKKA_CP007176:sccmec_saures_CP007176_l55101_23 (length 123)
PROKKA_CP007176/PROKKA_CP007176:sccmec_saures_CP007176_l55101_24 (length 206)
PROKKA_CP007176/PROKKA_CP007176:sccmec_saures_CP007176_l55101_25 (length 56)
PROKKA_CP007176/PROKKA_CP007176:sccmec_saures_CP007176_l55101_26 (length 321)
PROKKA_CP007176/PROKKA_CP007176:sccmec_saures_CP007176_l55101_27 (length 109)
PROKKA_CP007176/PROKKA_CP007176:sccmec_saures_CP007176_l55101_28 (length 119)
PROKKA_CP007176/PROKKA_CP007176:sccmec_saures_CP007176_l55101_29 (length 269)
PROKKA_CP007176/PROKKA_CP007176:sccmec_saures_CP007176_l55101_30 (length 60)
PROKKA_CP007176/PROKKA_CP007176:sccmec_saures_CP007176_l55101_31 (length 165)
PROKKA_CP007176/PROKKA_CP007176:sccmec_saures_CP007176_l55101_32 (length 375)
PROKKA_CP007176/PROKKA_CP007176:sccmec_saures_CP007176_l55101_33 (length 74)
PROKKA_CP007176/PROKKA_CP007176:sccmec_saures_CP007176_l55101_34 (length 167)
PROKKA_CP007176/PROKKA_CP007176:sccmec_saures_CP007176_l55101_35 (length 103)
PROKKA_CP007176/PROKKA_CP007176:sccmec_saures_CP007176_l55101_36 (length 30)
PROKKA_CP007176/PROKKA_CP007176:sccmec_saures_CP007176_l55101_37 (length 116)
PROKKA_CP007176/PROKKA_CP007176:sccmec_saures_CP007176_l55101_38 (length 283)
PROKKA_CP007176/PROKKA_CP007176:sccmec_saures_CP007176_l55101_39 (length 309)
PROKKA_CP007176/PROKKA_CP007176:sccmec_saures_CP007176_l55101_40 (length 332)
PROKKA_CP007176/PROKKA_CP007176:sccmec_saures_CP007176_l55101_41 (length 229)
PROKKA_CP007176/PROKKA_CP007176:sccmec_saures_CP007176_l55101_42 (length 473)
PROKKA_CP007176/PROKKA_CP007176:sccmec_saures_CP007176_l55101_43 (length 411)
PROKKA_CP007176/PROKKA_CP007176:sccmec_saures_CP007176_l55101_44 (length 148)
PROKKA_CP007176/PROKKA_CP007176:sccmec_saures_CP007176_l55101_45 (length 143)
PROKKA_CP007176/PROKKA_CP007176:sccmec_saures_CP007176_l55101_46 (length 81)
PROKKA_CP007176/PROKKA_CP007176:sccmec_saures_CP007176_l55101_47 (length 271)
PROKKA_CP007176/PROKKA_CP007176:sccmec_saures_CP007176_l55101_48 (length 357)
PROKKA_CP007176/PROKKA_CP007176:sccmec_saures_CP007176_l55101_49 (length 230)
PROKKA_CP007176/PROKKA_CP007176:sccmec_saures_CP007176_l55101_50 (length 517)
PROKKA_CP007176/PROKKA_CP007176:sccmec_saures_CP007176_l55101_51 (length 318)
PROKKA_CP007176/PROKKA_CP007176:sccmec_saures_CP007176_l55101_52 (length 255)
PROKKA_CP007176/PROKKA_CP007176:sccmec_saures_CP007176_l55101_53 (length 255)
PROKKA_CP007176/PROKKA_CP007176:sccmec_saures_CP007176_l55101_54 (length 211)
PROKKA_CP007176/PROKKA_CP007176:sccmec_saures_CP007176_l55101_55 (length 707)
PROKKA_CP007176/PROKKA_CP007176:sccmec_saures_CP007176_l55101_56 (length 181)

DiscRep_ALL:DISC_SOURCE_QUALS_ASNDISC::strain (all present, all unique)
DiscRep_SUB:DISC_SOURCE_QUALS_ASNDISC::1 sources have unique values for strain
DiscRep_ALL:DISC_SOURCE_QUALS_ASNDISC::taxname (all present, all unique)
DiscRep_SUB:DISC_SOURCE_QUALS_ASNDISC::1 sources have unique values for taxname
DiscRep_ALL:DISC_FEATURE_COUNT::gene: 56 present
DiscRep_ALL:DISC_FEATURE_COUNT::CDS: 56 present
DiscRep_ALL:DISC_FEATURE_COUNT::mRNA: 56 present
DiscRep_ALL:DISC_COUNT_NUCLEOTIDES::1 nucleotide Bioseqs are present
PROKKA_CP007176/PROKKA_CP007176:sccmec_saures_CP007176_l55101 (length 55101)

DiscRep_ALL:OVERLAPPING_GENES::14 genes overlap another gene on the same strand.
PROKKA_CP007176/PROKKA_CP007176:Gene	mecR1	sccmec_saures_CP007176_l55101:7522-8508	CP007176_SCCmec_00009
PROKKA_CP007176/PROKKA_CP007176:Gene	CP007176_SCCmec_00010	sccmec_saures_CP007176_l55101:8468-8740	CP007176_SCCmec_00010
PROKKA_CP007176/PROKKA_CP007176:Gene	CP007176_SCCmec_00017	sccmec_saures_CP007176_l55101:c17201-15414	CP007176_SCCmec_00017
PROKKA_CP007176/PROKKA_CP007176:Gene	CP007176_SCCmec_00018	sccmec_saures_CP007176_l55101:c17491-17201	CP007176_SCCmec_00018
PROKKA_CP007176/PROKKA_CP007176:Gene	CP007176_SCCmec_00022	sccmec_saures_CP007176_l55101:22534-22671	CP007176_SCCmec_00022
PROKKA_CP007176/PROKKA_CP007176:Gene	CP007176_SCCmec_00023	sccmec_saures_CP007176_l55101:22668-23039	CP007176_SCCmec_00023
PROKKA_CP007176/PROKKA_CP007176:Gene	CP007176_SCCmec_00036	sccmec_saures_CP007176_l55101:c32818-32726	CP007176_SCCmec_00036
PROKKA_CP007176/PROKKA_CP007176:Gene	CP007176_SCCmec_00037	sccmec_saures_CP007176_l55101:c33161-32811	CP007176_SCCmec_00037
PROKKA_CP007176/PROKKA_CP007176:Gene	cmoB	sccmec_saures_CP007176_l55101:45884-46576	CP007176_SCCmec_00049
PROKKA_CP007176/PROKKA_CP007176:Gene	nikA	sccmec_saures_CP007176_l55101:46573-48126	CP007176_SCCmec_00050
PROKKA_CP007176/PROKKA_CP007176:Gene	nikB	sccmec_saures_CP007176_l55101:48129-49085	CP007176_SCCmec_00051
PROKKA_CP007176/PROKKA_CP007176:Gene	gsiD	sccmec_saures_CP007176_l55101:49085-49852	CP007176_SCCmec_00052
PROKKA_CP007176/PROKKA_CP007176:Gene	oppD	sccmec_saures_CP007176_l55101:49819-50586	CP007176_SCCmec_00053
PROKKA_CP007176/PROKKA_CP007176:Gene	nikE	sccmec_saures_CP007176_l55101:50579-51214	CP007176_SCCmec_00054

DiscRep_ALL:DISC_QUALITY_SCORES::Quality scores are missing on all sequences.

DiscRep_ALL:ONCALLER_COMMENT_PRESENT::1 comment descriptors were found (all same)
PROKKA_CP007176/PROKKA_CP007176:sccmec_saures_CP007176_l55101:Annotated using prokka 1.12 from https://github.com/tseemann/prokka

DiscRep_ALL:SHORT_PROT_SEQUENCES::2 protein sequences are shorter than 50 aa.
PROKKA_CP007176/PROKKA_CP007176:sccmec_saures_CP007176_l55101_22 (length 45)
PROKKA_CP007176/PROKKA_CP007176:sccmec_saures_CP007176_l55101_36 (length 30)

DiscRep_ALL:MISSING_GENOMEASSEMBLY_COMMENTS::1 bioseqs are missing GenomeAssembly structured comments
PROKKA_CP007176/PROKKA_CP007176:sccmec_saures_CP007176_l55101 (length 55101)

DiscRep_ALL:MOLTYPE_NOT_MRNA::1 molecule types are not set as mRNA.
PROKKA_CP007176/PROKKA_CP007176:sccmec_saures_CP007176_l55101 (length 55101)

DiscRep_ALL:TECHNIQUE_NOT_TSA::1 technique are not set as TSA
PROKKA_CP007176/PROKKA_CP007176:sccmec_saures_CP007176_l55101 (length 55101)

DiscRep_ALL:MISSING_STRUCTURED_COMMENT::1 sequences do not include structured comments.
PROKKA_CP007176/PROKKA_CP007176:sccmec_saures_CP007176_l55101 (length 55101)

DiscRep_ALL:MISSING_PROJECT::57 sequences do not include project.
PROKKA_CP007176/PROKKA_CP007176:sccmec_saures_CP007176_l55101 (length 55101)
PROKKA_CP007176/PROKKA_CP007176:sccmec_saures_CP007176_l55101_1 (length 159)
PROKKA_CP007176/PROKKA_CP007176:sccmec_saures_CP007176_l55101_2 (length 418)
PROKKA_CP007176/PROKKA_CP007176:sccmec_saures_CP007176_l55101_3 (length 224)
PROKKA_CP007176/PROKKA_CP007176:sccmec_saures_CP007176_l55101_4 (length 55)
PROKKA_CP007176/PROKKA_CP007176:sccmec_saures_CP007176_l55101_5 (length 76)
PROKKA_CP007176/PROKKA_CP007176:sccmec_saures_CP007176_l55101_6 (length 247)
PROKKA_CP007176/PROKKA_CP007176:sccmec_saures_CP007176_l55101_7 (length 142)
PROKKA_CP007176/PROKKA_CP007176:sccmec_saures_CP007176_l55101_8 (length 668)
PROKKA_CP007176/PROKKA_CP007176:sccmec_saures_CP007176_l55101_9 (length 328)
PROKKA_CP007176/PROKKA_CP007176:sccmec_saures_CP007176_l55101_10 (length 90)
PROKKA_CP007176/PROKKA_CP007176:sccmec_saures_CP007176_l55101_11 (length 507)
PROKKA_CP007176/PROKKA_CP007176:sccmec_saures_CP007176_l55101_12 (length 168)
PROKKA_CP007176/PROKKA_CP007176:sccmec_saures_CP007176_l55101_13 (length 103)
PROKKA_CP007176/PROKKA_CP007176:sccmec_saures_CP007176_l55101_14 (length 116)
PROKKA_CP007176/PROKKA_CP007176:sccmec_saures_CP007176_l55101_15 (length 542)
PROKKA_CP007176/PROKKA_CP007176:sccmec_saures_CP007176_l55101_16 (length 449)
PROKKA_CP007176/PROKKA_CP007176:sccmec_saures_CP007176_l55101_17 (length 595)
PROKKA_CP007176/PROKKA_CP007176:sccmec_saures_CP007176_l55101_18 (length 96)
PROKKA_CP007176/PROKKA_CP007176:sccmec_saures_CP007176_l55101_19 (length 363)
PROKKA_CP007176/PROKKA_CP007176:sccmec_saures_CP007176_l55101_20 (length 496)
PROKKA_CP007176/PROKKA_CP007176:sccmec_saures_CP007176_l55101_21 (length 334)
PROKKA_CP007176/PROKKA_CP007176:sccmec_saures_CP007176_l55101_22 (length 45)
PROKKA_CP007176/PROKKA_CP007176:sccmec_saures_CP007176_l55101_23 (length 123)
PROKKA_CP007176/PROKKA_CP007176:sccmec_saures_CP007176_l55101_24 (length 206)
PROKKA_CP007176/PROKKA_CP007176:sccmec_saures_CP007176_l55101_25 (length 56)
PROKKA_CP007176/PROKKA_CP007176:sccmec_saures_CP007176_l55101_26 (length 321)
PROKKA_CP007176/PROKKA_CP007176:sccmec_saures_CP007176_l55101_27 (length 109)
PROKKA_CP007176/PROKKA_CP007176:sccmec_saures_CP007176_l55101_28 (length 119)
PROKKA_CP007176/PROKKA_CP007176:sccmec_saures_CP007176_l55101_29 (length 269)
PROKKA_CP007176/PROKKA_CP007176:sccmec_saures_CP007176_l55101_30 (length 60)
PROKKA_CP007176/PROKKA_CP007176:sccmec_saures_CP007176_l55101_31 (length 165)
PROKKA_CP007176/PROKKA_CP007176:sccmec_saures_CP007176_l55101_32 (length 375)
PROKKA_CP007176/PROKKA_CP007176:sccmec_saures_CP007176_l55101_33 (length 74)
PROKKA_CP007176/PROKKA_CP007176:sccmec_saures_CP007176_l55101_34 (length 167)
PROKKA_CP007176/PROKKA_CP007176:sccmec_saures_CP007176_l55101_35 (length 103)
PROKKA_CP007176/PROKKA_CP007176:sccmec_saures_CP007176_l55101_36 (length 30)
PROKKA_CP007176/PROKKA_CP007176:sccmec_saures_CP007176_l55101_37 (length 116)
PROKKA_CP007176/PROKKA_CP007176:sccmec_saures_CP007176_l55101_38 (length 283)
PROKKA_CP007176/PROKKA_CP007176:sccmec_saures_CP007176_l55101_39 (length 309)
PROKKA_CP007176/PROKKA_CP007176:sccmec_saures_CP007176_l55101_40 (length 332)
PROKKA_CP007176/PROKKA_CP007176:sccmec_saures_CP007176_l55101_41 (length 229)
PROKKA_CP007176/PROKKA_CP007176:sccmec_saures_CP007176_l55101_42 (length 473)
PROKKA_CP007176/PROKKA_CP007176:sccmec_saures_CP007176_l55101_43 (length 411)
PROKKA_CP007176/PROKKA_CP007176:sccmec_saures_CP007176_l55101_44 (length 148)
PROKKA_CP007176/PROKKA_CP007176:sccmec_saures_CP007176_l55101_45 (length 143)
PROKKA_CP007176/PROKKA_CP007176:sccmec_saures_CP007176_l55101_46 (length 81)
PROKKA_CP007176/PROKKA_CP007176:sccmec_saures_CP007176_l55101_47 (length 271)
PROKKA_CP007176/PROKKA_CP007176:sccmec_saures_CP007176_l55101_48 (length 357)
PROKKA_CP007176/PROKKA_CP007176:sccmec_saures_CP007176_l55101_49 (length 230)
PROKKA_CP007176/PROKKA_CP007176:sccmec_saures_CP007176_l55101_50 (length 517)
PROKKA_CP007176/PROKKA_CP007176:sccmec_saures_CP007176_l55101_51 (length 318)
PROKKA_CP007176/PROKKA_CP007176:sccmec_saures_CP007176_l55101_52 (length 255)
PROKKA_CP007176/PROKKA_CP007176:sccmec_saures_CP007176_l55101_53 (length 255)
PROKKA_CP007176/PROKKA_CP007176:sccmec_saures_CP007176_l55101_54 (length 211)
PROKKA_CP007176/PROKKA_CP007176:sccmec_saures_CP007176_l55101_55 (length 707)
PROKKA_CP007176/PROKKA_CP007176:sccmec_saures_CP007176_l55101_56 (length 181)

DiscRep_ALL:DISC_INCONSISTENT_MOLINFO_TECH::Molinfo Technique Report (some missing, all same)
DiscRep_SUB:DISC_INCONSISTENT_MOLINFO_TECH::technique (all missing)
DiscRep_SUB:DISC_INCONSISTENT_MOLINFO_TECH::1 Molinfos are missing field technique
PROKKA_CP007176/PROKKA_CP007176:sccmec_saures_CP007176_l55101 (length 55101)

