[17:05:57] This is prokka 1.12
[17:05:57] Written by Torsten Seemann <torsten.seemann@gmail.com>
[17:05:57] Homepage is https://github.com/tseemann/prokka
[17:05:57] Local time is Mon May 15 17:05:57 2017
[17:05:57] You are fsepulveda
[17:05:57] Operating system is linux
[17:05:57] You have BioPerl 1.006924
[17:05:57] System has 4 cores.
[17:05:57] Option --cpu asked for 8 cores, but system only has 4
[17:05:57] Will use maximum of 4 cores.
[17:05:57] Annotating as >>> Bacteria <<<
[17:05:57] Creating new output folder: PROKKA_CP007176
[17:05:57] Running: mkdir -p PROKKA_CP007176
[17:05:57] Using filename prefix: PROKKA_CP007176.XXX
[17:05:57] Setting HMMER_NCPU=1
[17:05:57] Writing log to: PROKKA_CP007176/PROKKA_CP007176.log
[17:05:57] Command: /home/fsepulveda/Desktop/tesis/sccmec_classification/prokka-1.12/bin/prokka --genus Staphylococcus --prefix PROKKA_CP007176 --addgenes --addmrna --locustag CP007176_SCCmec /home/fsepulveda/Documents/parte2/229_sccmec/sccmec_CP007176.fasta
[17:05:57] Appending to PATH: /home/fsepulveda/Desktop/tesis/sccmec_classification/prokka-1.12/bin/../binaries/linux
[17:05:57] Appending to PATH: /home/fsepulveda/Desktop/tesis/sccmec_classification/prokka-1.12/bin/../binaries/linux/../common
[17:05:57] Appending to PATH: /home/fsepulveda/Desktop/tesis/sccmec_classification/prokka-1.12/bin
[17:05:57] Looking for 'aragorn' - found /home/fsepulveda/Desktop/tesis/sccmec_classification/prokka-1.12/bin/../binaries/linux/aragorn
[17:05:57] Determined aragorn version is 1.2
[17:05:57] Looking for 'blastp' - found /usr/bin/blastp
[17:05:57] Determined blastp version is 2.2
[17:05:57] Looking for 'cmpress' - found /usr/bin/cmpress
[17:05:57] Determined cmpress version is 1.1
[17:05:57] Looking for 'cmscan' - found /usr/bin/cmscan
[17:05:57] Determined cmscan version is 1.1
[17:05:57] Looking for 'egrep' - found /bin/egrep
[17:05:57] Looking for 'find' - found /usr/bin/find
[17:05:57] Looking for 'grep' - found /bin/grep
[17:05:57] Looking for 'hmmpress' - found /usr/bin/hmmpress
[17:05:57] Determined hmmpress version is 3.1
[17:05:57] Looking for 'hmmscan' - found /usr/bin/hmmscan
[17:05:57] Determined hmmscan version is 3.1
[17:05:57] Looking for 'java' - found /usr/bin/java
[17:05:57] Looking for 'less' - found /usr/bin/less
[17:05:57] Looking for 'makeblastdb' - found /usr/bin/makeblastdb
[17:05:57] Determined makeblastdb version is 2.2
[17:05:57] Looking for 'minced' - found /home/fsepulveda/Desktop/tesis/sccmec_classification/prokka-1.12/bin/../binaries/linux/../common/minced
[17:05:57] Determined minced version is 2.0
[17:05:57] Looking for 'parallel' - found /home/fsepulveda/Desktop/tesis/sccmec_classification/prokka-1.12/bin/../binaries/linux/../common/parallel
[17:05:57] Determined parallel version is 20150122
[17:05:57] Looking for 'prodigal' - found /home/fsepulveda/Desktop/tesis/sccmec_classification/prokka-1.12/bin/../binaries/linux/prodigal
[17:05:58] Determined prodigal version is 2.6
[17:05:58] Looking for 'prokka-genbank_to_fasta_db' - found /home/fsepulveda/Desktop/tesis/sccmec_classification/prokka-1.12/bin/prokka-genbank_to_fasta_db
[17:05:58] Looking for 'sed' - found /bin/sed
[17:05:58] Looking for 'tbl2asn' - found /home/fsepulveda/Desktop/tesis/sccmec_classification/prokka-1.12/bin/../binaries/linux/tbl2asn
[17:05:58] Determined tbl2asn version is 25.3
[17:05:58] Using genetic code table 11.
[17:05:58] Loading and checking input file: /home/fsepulveda/Documents/parte2/229_sccmec/sccmec_CP007176.fasta
[17:05:58] Wrote 1 contigs totalling 55101 bp.
[17:05:58] Predicting tRNAs and tmRNAs
[17:05:58] Running: aragorn -l -gc11  -w PROKKA_CP007176\/PROKKA_CP007176\.fna
[17:05:58] Found 0 tRNAs
[17:05:58] Predicting Ribosomal RNAs
[17:05:58] You need either Barrnap or RNAmmer installed to predict rRNAs!
[17:05:58] Skipping ncRNA search, enable with --rfam if desired.
[17:05:58] Total of 0 tRNA + rRNA features
[17:05:58] Searching for CRISPR repeats
[17:05:58] Found 0 CRISPRs
[17:05:58] Predicting coding sequences
[17:05:58] Contigs total 55101 bp, so using meta mode
[17:05:58] Running: prodigal -i PROKKA_CP007176\/PROKKA_CP007176\.fna -c -m -g 11 -p meta -f sco -q
[17:05:58] Found 56 CDS
[17:05:58] Connecting features back to sequences
[17:05:58] Not using genus-specific database. Try --usegenus to enable it.
[17:05:58] Annotating CDS, please be patient.
[17:05:58] Will use 4 CPUs for similarity searching.
[17:05:58] There are still 56 unannotated CDS left (started with 56)
[17:05:58] Will use blast to search against /home/fsepulveda/Desktop/tesis/sccmec_classification/prokka-1.12/bin/../db/kingdom/Bacteria/sprot with 4 CPUs
[17:05:58] Running: cat PROKKA_CP007176\/sprot\.faa | parallel --gnu --plain -j 4 --block 1812 --recstart '>' --pipe blastp -query - -db /home/fsepulveda/Desktop/tesis/sccmec_classification/prokka-1.12/bin/../db/kingdom/Bacteria/sprot -evalue 1e-06 -num_threads 1 -num_descriptions 1 -num_alignments 1 -seg no > PROKKA_CP007176\/sprot\.blast 2> /dev/null
[17:06:00] Deleting unwanted file: PROKKA_CP007176/sprot.faa
[17:06:00] Deleting unwanted file: PROKKA_CP007176/sprot.blast
[17:06:00] There are still 33 unannotated CDS left (started with 56)
[17:06:00] Will use hmmer3 to search against /home/fsepulveda/Desktop/tesis/sccmec_classification/prokka-1.12/bin/../db/hmm/HAMAP.hmm with 4 CPUs
[17:06:00] Running: cat PROKKA_CP007176\/HAMAP\.hmm\.faa | parallel --gnu --plain -j 4 --block 817 --recstart '>' --pipe hmmscan --noali --notextw --acc -E 1e-06 --cpu 1 /home/fsepulveda/Desktop/tesis/sccmec_classification/prokka-1.12/bin/../db/hmm/HAMAP.hmm /dev/stdin > PROKKA_CP007176\/HAMAP\.hmm\.hmmer3 2> /dev/null
[17:06:01] Deleting unwanted file: PROKKA_CP007176/HAMAP.hmm.faa
[17:06:01] Deleting unwanted file: PROKKA_CP007176/HAMAP.hmm.hmmer3
[17:06:01] Labelling remaining 32 proteins as 'hypothetical protein'
[17:06:01] Possible /pseudo 'DNA-invertase hin' at sccmec_saures_CP007176_l55101 position 13831
[17:06:01] Found 22 unique /gene codes.
[17:06:01] Fixed 2 duplicate /gene - hin_1 hin_2
[17:06:01] Fixed 1 colliding /gene names.
[17:06:01] Adding /locus_tag identifiers
[17:06:01] Assigned 56 locus_tags to CDS and RNA features.
[17:06:01] Writing outputs to PROKKA_CP007176/
[17:06:01] Generating annotation statistics file
[17:06:01] Generating Genbank and Sequin files
[17:06:01] Running: tbl2asn -V b -a r10k -l paired-ends -M n -N 1 -y 'Annotated using prokka 1.12 from https://github.com/tseemann/prokka' -Z PROKKA_CP007176\/PROKKA_CP007176\.err -i PROKKA_CP007176\/PROKKA_CP007176\.fsa 2> /dev/null
[17:06:01] Deleting unwanted file: PROKKA_CP007176/errorsummary.val
[17:06:01] Deleting unwanted file: PROKKA_CP007176/PROKKA_CP007176.dr
[17:06:01] Deleting unwanted file: PROKKA_CP007176/PROKKA_CP007176.fixedproducts
[17:06:01] Deleting unwanted file: PROKKA_CP007176/PROKKA_CP007176.ecn
[17:06:01] Deleting unwanted file: PROKKA_CP007176/PROKKA_CP007176.val
[17:06:01] Repairing broken .GBK output that tbl2asn produces...
[17:06:01] Running: sed 's/COORDINATES: profile/COORDINATES:profile/' < PROKKA_CP007176\/PROKKA_CP007176\.gbf > PROKKA_CP007176\/PROKKA_CP007176\.gbk
[17:06:01] Deleting unwanted file: PROKKA_CP007176/PROKKA_CP007176.gbf
[17:06:01] Output files:
[17:06:01] PROKKA_CP007176/PROKKA_CP007176.fna
[17:06:01] PROKKA_CP007176/PROKKA_CP007176.fsa
[17:06:01] PROKKA_CP007176/PROKKA_CP007176.ffn
[17:06:01] PROKKA_CP007176/PROKKA_CP007176.log
[17:06:01] PROKKA_CP007176/PROKKA_CP007176.gbk
[17:06:01] PROKKA_CP007176/PROKKA_CP007176.txt
[17:06:01] PROKKA_CP007176/PROKKA_CP007176.tbl
[17:06:01] PROKKA_CP007176/PROKKA_CP007176.gff
[17:06:01] PROKKA_CP007176/PROKKA_CP007176.err
[17:06:01] PROKKA_CP007176/PROKKA_CP007176.sqn
[17:06:01] PROKKA_CP007176/PROKKA_CP007176.faa
[17:06:01] PROKKA_CP007176/PROKKA_CP007176.tsv
[17:06:01] Annotation finished successfully.
[17:06:01] Walltime used: 0.07 minutes
[17:06:01] If you use this result please cite the Prokka paper:
[17:06:01] Seemann T (2014) Prokka: rapid prokaryotic genome annotation. Bioinformatics. 30(14):2068-9.
[17:06:01] Type 'prokka --citation' for more details.
[17:06:01] Thank you, come again.
