Discrepancy Report Results

Summary
FATAL: BAD_LOCUS_TAG_FORMAT:59 locus tags are incorrectly formatted.
FATAL: MISSING_PROTEIN_ID:59 proteins have invalid IDs.
DISC_SOURCE_QUALS_ASNDISC:strain (all present, all unique)
DISC_SOURCE_QUALS_ASNDISC:taxname (all present, all unique)
DISC_FEATURE_COUNT:gene: 59 present
DISC_FEATURE_COUNT:CDS: 59 present
DISC_FEATURE_COUNT:mRNA: 59 present
DISC_COUNT_NUCLEOTIDES:1 nucleotide Bioseqs are present
OVERLAPPING_GENES:14 genes overlap another gene on the same strand.
DISC_QUALITY_SCORES:Quality scores are missing on all sequences.
ONCALLER_COMMENT_PRESENT:1 comment descriptors were found (all same)
SHORT_PROT_SEQUENCES:3 protein sequences are shorter than 50 aa.
MISSING_GENOMEASSEMBLY_COMMENTS:1 bioseqs are missing GenomeAssembly structured comments
MOLTYPE_NOT_MRNA:1 molecule types are not set as mRNA.
TECHNIQUE_NOT_TSA:1 technique are not set as TSA
MISSING_STRUCTURED_COMMENT:1 sequences do not include structured comments.
MISSING_PROJECT:60 sequences do not include project.
DISC_INCONSISTENT_MOLINFO_TECH:Molinfo Technique Report (some missing, all same)


Detailed Report

FATAL: DiscRep_ALL:BAD_LOCUS_TAG_FORMAT::59 locus tags are incorrectly formatted.
PROKKA_CP016861/PROKKA_CP016861:Gene	rlmH	sccmec_saures_CP016861_l55152:1-480	CP016861_SCCmec_00001
PROKKA_CP016861/PROKKA_CP016861:Gene	CP016861_SCCmec_00002	sccmec_saures_CP016861_l55152:802-2058	CP016861_SCCmec_00002
PROKKA_CP016861/PROKKA_CP016861:Gene	CP016861_SCCmec_00003	sccmec_saures_CP016861_l55152:c2840-2166	CP016861_SCCmec_00003
PROKKA_CP016861/PROKKA_CP016861:Gene	CP016861_SCCmec_00004	sccmec_saures_CP016861_l55152:3098-3265	CP016861_SCCmec_00004
PROKKA_CP016861/PROKKA_CP016861:Gene	CP016861_SCCmec_00005	sccmec_saures_CP016861_l55152:3363-3593	CP016861_SCCmec_00005
PROKKA_CP016861/PROKKA_CP016861:Gene	ugpQ	sccmec_saures_CP016861_l55152:4102-4845	CP016861_SCCmec_00006
PROKKA_CP016861/PROKKA_CP016861:Gene	paaZ	sccmec_saures_CP016861_l55152:4942-5370	CP016861_SCCmec_00007
PROKKA_CP016861/PROKKA_CP016861:Gene	pbp	sccmec_saures_CP016861_l55152:c7422-5416	CP016861_SCCmec_00008
PROKKA_CP016861/PROKKA_CP016861:Gene	mecR1	sccmec_saures_CP016861_l55152:7522-8508	CP016861_SCCmec_00009
PROKKA_CP016861/PROKKA_CP016861:Gene	CP016861_SCCmec_00010	sccmec_saures_CP016861_l55152:8468-8740	CP016861_SCCmec_00010
PROKKA_CP016861/PROKKA_CP016861:Gene	CP016861_SCCmec_00011	sccmec_saures_CP016861_l55152:c10254-8731	CP016861_SCCmec_00011
PROKKA_CP016861/PROKKA_CP016861:Gene	CP016861_SCCmec_00012	sccmec_saures_CP016861_l55152:c10896-10390	CP016861_SCCmec_00012
PROKKA_CP016861/PROKKA_CP016861:Gene	CP016861_SCCmec_00013	sccmec_saures_CP016861_l55152:c11153-10911	CP016861_SCCmec_00013
PROKKA_CP016861/PROKKA_CP016861:Gene	CP016861_SCCmec_00014	sccmec_saures_CP016861_l55152:c11658-11308	CP016861_SCCmec_00014
PROKKA_CP016861/PROKKA_CP016861:Gene	hin_1	sccmec_saures_CP016861_l55152:c13808-12180	CP016861_SCCmec_00015
PROKKA_CP016861/PROKKA_CP016861:Gene	hin_2	sccmec_saures_CP016861_l55152:c15179-13830	CP016861_SCCmec_00016
PROKKA_CP016861/PROKKA_CP016861:Gene	CP016861_SCCmec_00017	sccmec_saures_CP016861_l55152:c17200-15413	CP016861_SCCmec_00017
PROKKA_CP016861/PROKKA_CP016861:Gene	CP016861_SCCmec_00018	sccmec_saures_CP016861_l55152:c17490-17200	CP016861_SCCmec_00018
PROKKA_CP016861/PROKKA_CP016861:Gene	CP016861_SCCmec_00019	sccmec_saures_CP016861_l55152:17609-18097	CP016861_SCCmec_00019
PROKKA_CP016861/PROKKA_CP016861:Gene	CP016861_SCCmec_00020	sccmec_saures_CP016861_l55152:18121-18675	CP016861_SCCmec_00020
PROKKA_CP016861/PROKKA_CP016861:Gene	CP016861_SCCmec_00021	sccmec_saures_CP016861_l55152:19348-20838	CP016861_SCCmec_00021
PROKKA_CP016861/PROKKA_CP016861:Gene	gloC	sccmec_saures_CP016861_l55152:c22466-21462	CP016861_SCCmec_00022
PROKKA_CP016861/PROKKA_CP016861:Gene	CP016861_SCCmec_00023	sccmec_saures_CP016861_l55152:22585-22722	CP016861_SCCmec_00023
PROKKA_CP016861/PROKKA_CP016861:Gene	CP016861_SCCmec_00024	sccmec_saures_CP016861_l55152:22719-23090	CP016861_SCCmec_00024
PROKKA_CP016861/PROKKA_CP016861:Gene	CP016861_SCCmec_00025	sccmec_saures_CP016861_l55152:23219-23839	CP016861_SCCmec_00025
PROKKA_CP016861/PROKKA_CP016861:Gene	CP016861_SCCmec_00026	sccmec_saures_CP016861_l55152:c24926-24756	CP016861_SCCmec_00026
PROKKA_CP016861/PROKKA_CP016861:Gene	CP016861_SCCmec_00027	sccmec_saures_CP016861_l55152:25328-26293	CP016861_SCCmec_00027
PROKKA_CP016861/PROKKA_CP016861:Gene	CP016861_SCCmec_00028	sccmec_saures_CP016861_l55152:26673-27002	CP016861_SCCmec_00028
PROKKA_CP016861/PROKKA_CP016861:Gene	CP016861_SCCmec_00029	sccmec_saures_CP016861_l55152:c27438-27079	CP016861_SCCmec_00029
PROKKA_CP016861/PROKKA_CP016861:Gene	CP016861_SCCmec_00030	sccmec_saures_CP016861_l55152:c28818-28009	CP016861_SCCmec_00030
PROKKA_CP016861/PROKKA_CP016861:Gene	CP016861_SCCmec_00031	sccmec_saures_CP016861_l55152:28838-29020	CP016861_SCCmec_00031
PROKKA_CP016861/PROKKA_CP016861:Gene	speG	sccmec_saures_CP016861_l55152:c29828-29331	CP016861_SCCmec_00032
PROKKA_CP016861/PROKKA_CP016861:Gene	xylB	sccmec_saures_CP016861_l55152:30326-31192	CP016861_SCCmec_00033
PROKKA_CP016861/PROKKA_CP016861:Gene	CP016861_SCCmec_00034	sccmec_saures_CP016861_l55152:c31361-31233	CP016861_SCCmec_00034
PROKKA_CP016861/PROKKA_CP016861:Gene	CP016861_SCCmec_00035	sccmec_saures_CP016861_l55152:c31930-31706	CP016861_SCCmec_00035
PROKKA_CP016861/PROKKA_CP016861:Gene	CP016861_SCCmec_00036	sccmec_saures_CP016861_l55152:c32447-31944	CP016861_SCCmec_00036
PROKKA_CP016861/PROKKA_CP016861:Gene	CP016861_SCCmec_00037	sccmec_saures_CP016861_l55152:c32774-32463	CP016861_SCCmec_00037
PROKKA_CP016861/PROKKA_CP016861:Gene	CP016861_SCCmec_00038	sccmec_saures_CP016861_l55152:c32868-32776	CP016861_SCCmec_00038
PROKKA_CP016861/PROKKA_CP016861:Gene	CP016861_SCCmec_00039	sccmec_saures_CP016861_l55152:c33211-32861	CP016861_SCCmec_00039
PROKKA_CP016861/PROKKA_CP016861:Gene	CP016861_SCCmec_00040	sccmec_saures_CP016861_l55152:34167-34982	CP016861_SCCmec_00040
PROKKA_CP016861/PROKKA_CP016861:Gene	arcC1	sccmec_saures_CP016861_l55152:c36052-35123	CP016861_SCCmec_00041
PROKKA_CP016861/PROKKA_CP016861:Gene	argF	sccmec_saures_CP016861_l55152:c37796-36072	CP016861_SCCmec_00042
PROKKA_CP016861/PROKKA_CP016861:Gene	arcD	sccmec_saures_CP016861_l55152:c39259-37838	CP016861_SCCmec_00043
PROKKA_CP016861/PROKKA_CP016861:Gene	arcA_1	sccmec_saures_CP016861_l55152:c39773-39345	CP016861_SCCmec_00044
PROKKA_CP016861/PROKKA_CP016861:Gene	arcA_2	sccmec_saures_CP016861_l55152:c40579-39803	CP016861_SCCmec_00045
PROKKA_CP016861/PROKKA_CP016861:Gene	argR	sccmec_saures_CP016861_l55152:c41294-40848	CP016861_SCCmec_00046
PROKKA_CP016861/PROKKA_CP016861:Gene	CP016861_SCCmec_00047	sccmec_saures_CP016861_l55152:41796-42227	CP016861_SCCmec_00047
PROKKA_CP016861/PROKKA_CP016861:Gene	CP016861_SCCmec_00048	sccmec_saures_CP016861_l55152:42500-42745	CP016861_SCCmec_00048
PROKKA_CP016861/PROKKA_CP016861:Gene	CP016861_SCCmec_00049	sccmec_saures_CP016861_l55152:43361-44176	CP016861_SCCmec_00049
PROKKA_CP016861/PROKKA_CP016861:Gene	CP016861_SCCmec_00050	sccmec_saures_CP016861_l55152:44603-45484	CP016861_SCCmec_00050
PROKKA_CP016861/PROKKA_CP016861:Gene	CP016861_SCCmec_00051	sccmec_saures_CP016861_l55152:45487-45675	CP016861_SCCmec_00051
PROKKA_CP016861/PROKKA_CP016861:Gene	cmoB	sccmec_saures_CP016861_l55152:45935-46627	CP016861_SCCmec_00052
PROKKA_CP016861/PROKKA_CP016861:Gene	nikA	sccmec_saures_CP016861_l55152:46624-48177	CP016861_SCCmec_00053
PROKKA_CP016861/PROKKA_CP016861:Gene	nikB	sccmec_saures_CP016861_l55152:48180-49136	CP016861_SCCmec_00054
PROKKA_CP016861/PROKKA_CP016861:Gene	gsiD	sccmec_saures_CP016861_l55152:49136-49903	CP016861_SCCmec_00055
PROKKA_CP016861/PROKKA_CP016861:Gene	oppD	sccmec_saures_CP016861_l55152:49870-50637	CP016861_SCCmec_00056
PROKKA_CP016861/PROKKA_CP016861:Gene	nikE	sccmec_saures_CP016861_l55152:50630-51265	CP016861_SCCmec_00057
PROKKA_CP016861/PROKKA_CP016861:Gene	copB	sccmec_saures_CP016861_l55152:52225-54348	CP016861_SCCmec_00058
PROKKA_CP016861/PROKKA_CP016861:Gene	CP016861_SCCmec_00059	sccmec_saures_CP016861_l55152:54366-54911	CP016861_SCCmec_00059

FATAL: DiscRep_ALL:MISSING_PROTEIN_ID::59 proteins have invalid IDs.
PROKKA_CP016861/PROKKA_CP016861:sccmec_saures_CP016861_l55152_1 (length 159)
PROKKA_CP016861/PROKKA_CP016861:sccmec_saures_CP016861_l55152_2 (length 418)
PROKKA_CP016861/PROKKA_CP016861:sccmec_saures_CP016861_l55152_3 (length 224)
PROKKA_CP016861/PROKKA_CP016861:sccmec_saures_CP016861_l55152_4 (length 55)
PROKKA_CP016861/PROKKA_CP016861:sccmec_saures_CP016861_l55152_5 (length 76)
PROKKA_CP016861/PROKKA_CP016861:sccmec_saures_CP016861_l55152_6 (length 247)
PROKKA_CP016861/PROKKA_CP016861:sccmec_saures_CP016861_l55152_7 (length 142)
PROKKA_CP016861/PROKKA_CP016861:sccmec_saures_CP016861_l55152_8 (length 668)
PROKKA_CP016861/PROKKA_CP016861:sccmec_saures_CP016861_l55152_9 (length 328)
PROKKA_CP016861/PROKKA_CP016861:sccmec_saures_CP016861_l55152_10 (length 90)
PROKKA_CP016861/PROKKA_CP016861:sccmec_saures_CP016861_l55152_11 (length 507)
PROKKA_CP016861/PROKKA_CP016861:sccmec_saures_CP016861_l55152_12 (length 168)
PROKKA_CP016861/PROKKA_CP016861:sccmec_saures_CP016861_l55152_13 (length 80)
PROKKA_CP016861/PROKKA_CP016861:sccmec_saures_CP016861_l55152_14 (length 116)
PROKKA_CP016861/PROKKA_CP016861:sccmec_saures_CP016861_l55152_15 (length 542)
PROKKA_CP016861/PROKKA_CP016861:sccmec_saures_CP016861_l55152_16 (length 449)
PROKKA_CP016861/PROKKA_CP016861:sccmec_saures_CP016861_l55152_17 (length 595)
PROKKA_CP016861/PROKKA_CP016861:sccmec_saures_CP016861_l55152_18 (length 96)
PROKKA_CP016861/PROKKA_CP016861:sccmec_saures_CP016861_l55152_19 (length 162)
PROKKA_CP016861/PROKKA_CP016861:sccmec_saures_CP016861_l55152_20 (length 184)
PROKKA_CP016861/PROKKA_CP016861:sccmec_saures_CP016861_l55152_21 (length 496)
PROKKA_CP016861/PROKKA_CP016861:sccmec_saures_CP016861_l55152_22 (length 334)
PROKKA_CP016861/PROKKA_CP016861:sccmec_saures_CP016861_l55152_23 (length 45)
PROKKA_CP016861/PROKKA_CP016861:sccmec_saures_CP016861_l55152_24 (length 123)
PROKKA_CP016861/PROKKA_CP016861:sccmec_saures_CP016861_l55152_25 (length 206)
PROKKA_CP016861/PROKKA_CP016861:sccmec_saures_CP016861_l55152_26 (length 56)
PROKKA_CP016861/PROKKA_CP016861:sccmec_saures_CP016861_l55152_27 (length 321)
PROKKA_CP016861/PROKKA_CP016861:sccmec_saures_CP016861_l55152_28 (length 109)
PROKKA_CP016861/PROKKA_CP016861:sccmec_saures_CP016861_l55152_29 (length 119)
PROKKA_CP016861/PROKKA_CP016861:sccmec_saures_CP016861_l55152_30 (length 269)
PROKKA_CP016861/PROKKA_CP016861:sccmec_saures_CP016861_l55152_31 (length 60)
PROKKA_CP016861/PROKKA_CP016861:sccmec_saures_CP016861_l55152_32 (length 165)
PROKKA_CP016861/PROKKA_CP016861:sccmec_saures_CP016861_l55152_33 (length 288)
PROKKA_CP016861/PROKKA_CP016861:sccmec_saures_CP016861_l55152_34 (length 42)
PROKKA_CP016861/PROKKA_CP016861:sccmec_saures_CP016861_l55152_35 (length 74)
PROKKA_CP016861/PROKKA_CP016861:sccmec_saures_CP016861_l55152_36 (length 167)
PROKKA_CP016861/PROKKA_CP016861:sccmec_saures_CP016861_l55152_37 (length 103)
PROKKA_CP016861/PROKKA_CP016861:sccmec_saures_CP016861_l55152_38 (length 30)
PROKKA_CP016861/PROKKA_CP016861:sccmec_saures_CP016861_l55152_39 (length 116)
PROKKA_CP016861/PROKKA_CP016861:sccmec_saures_CP016861_l55152_40 (length 271)
PROKKA_CP016861/PROKKA_CP016861:sccmec_saures_CP016861_l55152_41 (length 309)
PROKKA_CP016861/PROKKA_CP016861:sccmec_saures_CP016861_l55152_42 (length 574)
PROKKA_CP016861/PROKKA_CP016861:sccmec_saures_CP016861_l55152_43 (length 473)
PROKKA_CP016861/PROKKA_CP016861:sccmec_saures_CP016861_l55152_44 (length 142)
PROKKA_CP016861/PROKKA_CP016861:sccmec_saures_CP016861_l55152_45 (length 258)
PROKKA_CP016861/PROKKA_CP016861:sccmec_saures_CP016861_l55152_46 (length 148)
PROKKA_CP016861/PROKKA_CP016861:sccmec_saures_CP016861_l55152_47 (length 143)
PROKKA_CP016861/PROKKA_CP016861:sccmec_saures_CP016861_l55152_48 (length 81)
PROKKA_CP016861/PROKKA_CP016861:sccmec_saures_CP016861_l55152_49 (length 271)
PROKKA_CP016861/PROKKA_CP016861:sccmec_saures_CP016861_l55152_50 (length 293)
PROKKA_CP016861/PROKKA_CP016861:sccmec_saures_CP016861_l55152_51 (length 62)
PROKKA_CP016861/PROKKA_CP016861:sccmec_saures_CP016861_l55152_52 (length 230)
PROKKA_CP016861/PROKKA_CP016861:sccmec_saures_CP016861_l55152_53 (length 517)
PROKKA_CP016861/PROKKA_CP016861:sccmec_saures_CP016861_l55152_54 (length 318)
PROKKA_CP016861/PROKKA_CP016861:sccmec_saures_CP016861_l55152_55 (length 255)
PROKKA_CP016861/PROKKA_CP016861:sccmec_saures_CP016861_l55152_56 (length 255)
PROKKA_CP016861/PROKKA_CP016861:sccmec_saures_CP016861_l55152_57 (length 211)
PROKKA_CP016861/PROKKA_CP016861:sccmec_saures_CP016861_l55152_58 (length 707)
PROKKA_CP016861/PROKKA_CP016861:sccmec_saures_CP016861_l55152_59 (length 181)

DiscRep_ALL:DISC_SOURCE_QUALS_ASNDISC::strain (all present, all unique)
DiscRep_SUB:DISC_SOURCE_QUALS_ASNDISC::1 sources have unique values for strain
DiscRep_ALL:DISC_SOURCE_QUALS_ASNDISC::taxname (all present, all unique)
DiscRep_SUB:DISC_SOURCE_QUALS_ASNDISC::1 sources have unique values for taxname
DiscRep_ALL:DISC_FEATURE_COUNT::gene: 59 present
DiscRep_ALL:DISC_FEATURE_COUNT::CDS: 59 present
DiscRep_ALL:DISC_FEATURE_COUNT::mRNA: 59 present
DiscRep_ALL:DISC_COUNT_NUCLEOTIDES::1 nucleotide Bioseqs are present
PROKKA_CP016861/PROKKA_CP016861:sccmec_saures_CP016861_l55152 (length 55152)

DiscRep_ALL:OVERLAPPING_GENES::14 genes overlap another gene on the same strand.
PROKKA_CP016861/PROKKA_CP016861:Gene	mecR1	sccmec_saures_CP016861_l55152:7522-8508	CP016861_SCCmec_00009
PROKKA_CP016861/PROKKA_CP016861:Gene	CP016861_SCCmec_00010	sccmec_saures_CP016861_l55152:8468-8740	CP016861_SCCmec_00010
PROKKA_CP016861/PROKKA_CP016861:Gene	CP016861_SCCmec_00017	sccmec_saures_CP016861_l55152:c17200-15413	CP016861_SCCmec_00017
PROKKA_CP016861/PROKKA_CP016861:Gene	CP016861_SCCmec_00018	sccmec_saures_CP016861_l55152:c17490-17200	CP016861_SCCmec_00018
PROKKA_CP016861/PROKKA_CP016861:Gene	CP016861_SCCmec_00023	sccmec_saures_CP016861_l55152:22585-22722	CP016861_SCCmec_00023
PROKKA_CP016861/PROKKA_CP016861:Gene	CP016861_SCCmec_00024	sccmec_saures_CP016861_l55152:22719-23090	CP016861_SCCmec_00024
PROKKA_CP016861/PROKKA_CP016861:Gene	CP016861_SCCmec_00038	sccmec_saures_CP016861_l55152:c32868-32776	CP016861_SCCmec_00038
PROKKA_CP016861/PROKKA_CP016861:Gene	CP016861_SCCmec_00039	sccmec_saures_CP016861_l55152:c33211-32861	CP016861_SCCmec_00039
PROKKA_CP016861/PROKKA_CP016861:Gene	cmoB	sccmec_saures_CP016861_l55152:45935-46627	CP016861_SCCmec_00052
PROKKA_CP016861/PROKKA_CP016861:Gene	nikA	sccmec_saures_CP016861_l55152:46624-48177	CP016861_SCCmec_00053
PROKKA_CP016861/PROKKA_CP016861:Gene	nikB	sccmec_saures_CP016861_l55152:48180-49136	CP016861_SCCmec_00054
PROKKA_CP016861/PROKKA_CP016861:Gene	gsiD	sccmec_saures_CP016861_l55152:49136-49903	CP016861_SCCmec_00055
PROKKA_CP016861/PROKKA_CP016861:Gene	oppD	sccmec_saures_CP016861_l55152:49870-50637	CP016861_SCCmec_00056
PROKKA_CP016861/PROKKA_CP016861:Gene	nikE	sccmec_saures_CP016861_l55152:50630-51265	CP016861_SCCmec_00057

DiscRep_ALL:DISC_QUALITY_SCORES::Quality scores are missing on all sequences.

DiscRep_ALL:ONCALLER_COMMENT_PRESENT::1 comment descriptors were found (all same)
PROKKA_CP016861/PROKKA_CP016861:sccmec_saures_CP016861_l55152:Annotated using prokka 1.12 from https://github.com/tseemann/prokka

DiscRep_ALL:SHORT_PROT_SEQUENCES::3 protein sequences are shorter than 50 aa.
PROKKA_CP016861/PROKKA_CP016861:sccmec_saures_CP016861_l55152_23 (length 45)
PROKKA_CP016861/PROKKA_CP016861:sccmec_saures_CP016861_l55152_34 (length 42)
PROKKA_CP016861/PROKKA_CP016861:sccmec_saures_CP016861_l55152_38 (length 30)

DiscRep_ALL:MISSING_GENOMEASSEMBLY_COMMENTS::1 bioseqs are missing GenomeAssembly structured comments
PROKKA_CP016861/PROKKA_CP016861:sccmec_saures_CP016861_l55152 (length 55152)

DiscRep_ALL:MOLTYPE_NOT_MRNA::1 molecule types are not set as mRNA.
PROKKA_CP016861/PROKKA_CP016861:sccmec_saures_CP016861_l55152 (length 55152)

DiscRep_ALL:TECHNIQUE_NOT_TSA::1 technique are not set as TSA
PROKKA_CP016861/PROKKA_CP016861:sccmec_saures_CP016861_l55152 (length 55152)

DiscRep_ALL:MISSING_STRUCTURED_COMMENT::1 sequences do not include structured comments.
PROKKA_CP016861/PROKKA_CP016861:sccmec_saures_CP016861_l55152 (length 55152)

DiscRep_ALL:MISSING_PROJECT::60 sequences do not include project.
PROKKA_CP016861/PROKKA_CP016861:sccmec_saures_CP016861_l55152 (length 55152)
PROKKA_CP016861/PROKKA_CP016861:sccmec_saures_CP016861_l55152_1 (length 159)
PROKKA_CP016861/PROKKA_CP016861:sccmec_saures_CP016861_l55152_2 (length 418)
PROKKA_CP016861/PROKKA_CP016861:sccmec_saures_CP016861_l55152_3 (length 224)
PROKKA_CP016861/PROKKA_CP016861:sccmec_saures_CP016861_l55152_4 (length 55)
PROKKA_CP016861/PROKKA_CP016861:sccmec_saures_CP016861_l55152_5 (length 76)
PROKKA_CP016861/PROKKA_CP016861:sccmec_saures_CP016861_l55152_6 (length 247)
PROKKA_CP016861/PROKKA_CP016861:sccmec_saures_CP016861_l55152_7 (length 142)
PROKKA_CP016861/PROKKA_CP016861:sccmec_saures_CP016861_l55152_8 (length 668)
PROKKA_CP016861/PROKKA_CP016861:sccmec_saures_CP016861_l55152_9 (length 328)
PROKKA_CP016861/PROKKA_CP016861:sccmec_saures_CP016861_l55152_10 (length 90)
PROKKA_CP016861/PROKKA_CP016861:sccmec_saures_CP016861_l55152_11 (length 507)
PROKKA_CP016861/PROKKA_CP016861:sccmec_saures_CP016861_l55152_12 (length 168)
PROKKA_CP016861/PROKKA_CP016861:sccmec_saures_CP016861_l55152_13 (length 80)
PROKKA_CP016861/PROKKA_CP016861:sccmec_saures_CP016861_l55152_14 (length 116)
PROKKA_CP016861/PROKKA_CP016861:sccmec_saures_CP016861_l55152_15 (length 542)
PROKKA_CP016861/PROKKA_CP016861:sccmec_saures_CP016861_l55152_16 (length 449)
PROKKA_CP016861/PROKKA_CP016861:sccmec_saures_CP016861_l55152_17 (length 595)
PROKKA_CP016861/PROKKA_CP016861:sccmec_saures_CP016861_l55152_18 (length 96)
PROKKA_CP016861/PROKKA_CP016861:sccmec_saures_CP016861_l55152_19 (length 162)
PROKKA_CP016861/PROKKA_CP016861:sccmec_saures_CP016861_l55152_20 (length 184)
PROKKA_CP016861/PROKKA_CP016861:sccmec_saures_CP016861_l55152_21 (length 496)
PROKKA_CP016861/PROKKA_CP016861:sccmec_saures_CP016861_l55152_22 (length 334)
PROKKA_CP016861/PROKKA_CP016861:sccmec_saures_CP016861_l55152_23 (length 45)
PROKKA_CP016861/PROKKA_CP016861:sccmec_saures_CP016861_l55152_24 (length 123)
PROKKA_CP016861/PROKKA_CP016861:sccmec_saures_CP016861_l55152_25 (length 206)
PROKKA_CP016861/PROKKA_CP016861:sccmec_saures_CP016861_l55152_26 (length 56)
PROKKA_CP016861/PROKKA_CP016861:sccmec_saures_CP016861_l55152_27 (length 321)
PROKKA_CP016861/PROKKA_CP016861:sccmec_saures_CP016861_l55152_28 (length 109)
PROKKA_CP016861/PROKKA_CP016861:sccmec_saures_CP016861_l55152_29 (length 119)
PROKKA_CP016861/PROKKA_CP016861:sccmec_saures_CP016861_l55152_30 (length 269)
PROKKA_CP016861/PROKKA_CP016861:sccmec_saures_CP016861_l55152_31 (length 60)
PROKKA_CP016861/PROKKA_CP016861:sccmec_saures_CP016861_l55152_32 (length 165)
PROKKA_CP016861/PROKKA_CP016861:sccmec_saures_CP016861_l55152_33 (length 288)
PROKKA_CP016861/PROKKA_CP016861:sccmec_saures_CP016861_l55152_34 (length 42)
PROKKA_CP016861/PROKKA_CP016861:sccmec_saures_CP016861_l55152_35 (length 74)
PROKKA_CP016861/PROKKA_CP016861:sccmec_saures_CP016861_l55152_36 (length 167)
PROKKA_CP016861/PROKKA_CP016861:sccmec_saures_CP016861_l55152_37 (length 103)
PROKKA_CP016861/PROKKA_CP016861:sccmec_saures_CP016861_l55152_38 (length 30)
PROKKA_CP016861/PROKKA_CP016861:sccmec_saures_CP016861_l55152_39 (length 116)
PROKKA_CP016861/PROKKA_CP016861:sccmec_saures_CP016861_l55152_40 (length 271)
PROKKA_CP016861/PROKKA_CP016861:sccmec_saures_CP016861_l55152_41 (length 309)
PROKKA_CP016861/PROKKA_CP016861:sccmec_saures_CP016861_l55152_42 (length 574)
PROKKA_CP016861/PROKKA_CP016861:sccmec_saures_CP016861_l55152_43 (length 473)
PROKKA_CP016861/PROKKA_CP016861:sccmec_saures_CP016861_l55152_44 (length 142)
PROKKA_CP016861/PROKKA_CP016861:sccmec_saures_CP016861_l55152_45 (length 258)
PROKKA_CP016861/PROKKA_CP016861:sccmec_saures_CP016861_l55152_46 (length 148)
PROKKA_CP016861/PROKKA_CP016861:sccmec_saures_CP016861_l55152_47 (length 143)
PROKKA_CP016861/PROKKA_CP016861:sccmec_saures_CP016861_l55152_48 (length 81)
PROKKA_CP016861/PROKKA_CP016861:sccmec_saures_CP016861_l55152_49 (length 271)
PROKKA_CP016861/PROKKA_CP016861:sccmec_saures_CP016861_l55152_50 (length 293)
PROKKA_CP016861/PROKKA_CP016861:sccmec_saures_CP016861_l55152_51 (length 62)
PROKKA_CP016861/PROKKA_CP016861:sccmec_saures_CP016861_l55152_52 (length 230)
PROKKA_CP016861/PROKKA_CP016861:sccmec_saures_CP016861_l55152_53 (length 517)
PROKKA_CP016861/PROKKA_CP016861:sccmec_saures_CP016861_l55152_54 (length 318)
PROKKA_CP016861/PROKKA_CP016861:sccmec_saures_CP016861_l55152_55 (length 255)
PROKKA_CP016861/PROKKA_CP016861:sccmec_saures_CP016861_l55152_56 (length 255)
PROKKA_CP016861/PROKKA_CP016861:sccmec_saures_CP016861_l55152_57 (length 211)
PROKKA_CP016861/PROKKA_CP016861:sccmec_saures_CP016861_l55152_58 (length 707)
PROKKA_CP016861/PROKKA_CP016861:sccmec_saures_CP016861_l55152_59 (length 181)

DiscRep_ALL:DISC_INCONSISTENT_MOLINFO_TECH::Molinfo Technique Report (some missing, all same)
DiscRep_SUB:DISC_INCONSISTENT_MOLINFO_TECH::technique (all missing)
DiscRep_SUB:DISC_INCONSISTENT_MOLINFO_TECH::1 Molinfos are missing field technique
PROKKA_CP016861/PROKKA_CP016861:sccmec_saures_CP016861_l55152 (length 55152)

