Discrepancy Report Results

Summary
FATAL: BAD_LOCUS_TAG_FORMAT:46 locus tags are incorrectly formatted.
FATAL: MISSING_PROTEIN_ID:46 proteins have invalid IDs.
DISC_SOURCE_QUALS_ASNDISC:strain (all present, all unique)
DISC_SOURCE_QUALS_ASNDISC:taxname (all present, all unique)
DISC_FEATURE_COUNT:gene: 46 present
DISC_FEATURE_COUNT:CDS: 46 present
DISC_FEATURE_COUNT:mRNA: 46 present
DISC_COUNT_NUCLEOTIDES:1 nucleotide Bioseqs are present
OVERLAPPING_GENES:8 genes overlap another gene on the same strand.
DISC_QUALITY_SCORES:Quality scores are missing on all sequences.
ONCALLER_COMMENT_PRESENT:1 comment descriptors were found (all same)
SHORT_PROT_SEQUENCES:3 protein sequences are shorter than 50 aa.
MISSING_GENOMEASSEMBLY_COMMENTS:1 bioseqs are missing GenomeAssembly structured comments
MOLTYPE_NOT_MRNA:1 molecule types are not set as mRNA.
TECHNIQUE_NOT_TSA:1 technique are not set as TSA
MISSING_STRUCTURED_COMMENT:1 sequences do not include structured comments.
MISSING_PROJECT:47 sequences do not include project.
DISC_INCONSISTENT_MOLINFO_TECH:Molinfo Technique Report (some missing, all same)


Detailed Report

FATAL: DiscRep_ALL:BAD_LOCUS_TAG_FORMAT::46 locus tags are incorrectly formatted.
PROKKA_AM990992/PROKKA_AM990992:Gene	rlmH	sccmec_saures_AM990992_l38603:1-480	AM990992_SCCmec_00001
PROKKA_AM990992/PROKKA_AM990992:Gene	AM990992_SCCmec_00002	sccmec_saures_AM990992_l38603:522-677	AM990992_SCCmec_00002
PROKKA_AM990992/PROKKA_AM990992:Gene	AM990992_SCCmec_00003	sccmec_saures_AM990992_l38603:726-1031	AM990992_SCCmec_00003
PROKKA_AM990992/PROKKA_AM990992:Gene	AM990992_SCCmec_00004	sccmec_saures_AM990992_l38603:1230-2093	AM990992_SCCmec_00004
PROKKA_AM990992/PROKKA_AM990992:Gene	AM990992_SCCmec_00005	sccmec_saures_AM990992_l38603:2177-3676	AM990992_SCCmec_00005
PROKKA_AM990992/PROKKA_AM990992:Gene	AM990992_SCCmec_00006	sccmec_saures_AM990992_l38603:3901-5001	AM990992_SCCmec_00006
PROKKA_AM990992/PROKKA_AM990992:Gene	AM990992_SCCmec_00007	sccmec_saures_AM990992_l38603:4994-5365	AM990992_SCCmec_00007
PROKKA_AM990992/PROKKA_AM990992:Gene	AM990992_SCCmec_00008	sccmec_saures_AM990992_l38603:5362-7005	AM990992_SCCmec_00008
PROKKA_AM990992/PROKKA_AM990992:Gene	hin_1	sccmec_saures_AM990992_l38603:7231-8907	AM990992_SCCmec_00009
PROKKA_AM990992/PROKKA_AM990992:Gene	AM990992_SCCmec_00010	sccmec_saures_AM990992_l38603:9013-9351	AM990992_SCCmec_00010
PROKKA_AM990992/PROKKA_AM990992:Gene	AM990992_SCCmec_00011	sccmec_saures_AM990992_l38603:9447-9758	AM990992_SCCmec_00011
PROKKA_AM990992/PROKKA_AM990992:Gene	AM990992_SCCmec_00012	sccmec_saures_AM990992_l38603:9774-10280	AM990992_SCCmec_00012
PROKKA_AM990992/PROKKA_AM990992:Gene	AM990992_SCCmec_00013	sccmec_saures_AM990992_l38603:c11103-10429	AM990992_SCCmec_00013
PROKKA_AM990992/PROKKA_AM990992:Gene	AM990992_SCCmec_00014	sccmec_saures_AM990992_l38603:11361-11528	AM990992_SCCmec_00014
PROKKA_AM990992/PROKKA_AM990992:Gene	AM990992_SCCmec_00015	sccmec_saures_AM990992_l38603:11626-11856	AM990992_SCCmec_00015
PROKKA_AM990992/PROKKA_AM990992:Gene	ugpQ	sccmec_saures_AM990992_l38603:12405-13148	AM990992_SCCmec_00016
PROKKA_AM990992/PROKKA_AM990992:Gene	paaZ	sccmec_saures_AM990992_l38603:13245-13673	AM990992_SCCmec_00017
PROKKA_AM990992/PROKKA_AM990992:Gene	pbp	sccmec_saures_AM990992_l38603:c15725-13719	AM990992_SCCmec_00018
PROKKA_AM990992/PROKKA_AM990992:Gene	AM990992_SCCmec_00019	sccmec_saures_AM990992_l38603:15973-16116	AM990992_SCCmec_00019
PROKKA_AM990992/PROKKA_AM990992:Gene	AM990992_SCCmec_00020	sccmec_saures_AM990992_l38603:c17135-16707	AM990992_SCCmec_00020
PROKKA_AM990992/PROKKA_AM990992:Gene	AM990992_SCCmec_00021	sccmec_saures_AM990992_l38603:17216-18145	AM990992_SCCmec_00021
PROKKA_AM990992/PROKKA_AM990992:Gene	AM990992_SCCmec_00022	sccmec_saures_AM990992_l38603:18179-18277	AM990992_SCCmec_00022
PROKKA_AM990992/PROKKA_AM990992:Gene	AM990992_SCCmec_00023	sccmec_saures_AM990992_l38603:18307-20295	AM990992_SCCmec_00023
PROKKA_AM990992/PROKKA_AM990992:Gene	AM990992_SCCmec_00024	sccmec_saures_AM990992_l38603:20490-21599	AM990992_SCCmec_00024
PROKKA_AM990992/PROKKA_AM990992:Gene	AM990992_SCCmec_00025	sccmec_saures_AM990992_l38603:21592-21960	AM990992_SCCmec_00025
PROKKA_AM990992/PROKKA_AM990992:Gene	AM990992_SCCmec_00026	sccmec_saures_AM990992_l38603:21960-23576	AM990992_SCCmec_00026
PROKKA_AM990992/PROKKA_AM990992:Gene	hin_2	sccmec_saures_AM990992_l38603:23801-25480	AM990992_SCCmec_00027
PROKKA_AM990992/PROKKA_AM990992:Gene	AM990992_SCCmec_00028	sccmec_saures_AM990992_l38603:25533-25907	AM990992_SCCmec_00028
PROKKA_AM990992/PROKKA_AM990992:Gene	AM990992_SCCmec_00029	sccmec_saures_AM990992_l38603:26001-26312	AM990992_SCCmec_00029
PROKKA_AM990992/PROKKA_AM990992:Gene	AM990992_SCCmec_00030	sccmec_saures_AM990992_l38603:26324-26797	AM990992_SCCmec_00030
PROKKA_AM990992/PROKKA_AM990992:Gene	AM990992_SCCmec_00031	sccmec_saures_AM990992_l38603:c27512-26838	AM990992_SCCmec_00031
PROKKA_AM990992/PROKKA_AM990992:Gene	topB	sccmec_saures_AM990992_l38603:27799-28197	AM990992_SCCmec_00032
PROKKA_AM990992/PROKKA_AM990992:Gene	AM990992_SCCmec_00033	sccmec_saures_AM990992_l38603:28341-28541	AM990992_SCCmec_00033
PROKKA_AM990992/PROKKA_AM990992:Gene	AM990992_SCCmec_00034	sccmec_saures_AM990992_l38603:c29055-28474	AM990992_SCCmec_00034
PROKKA_AM990992/PROKKA_AM990992:Gene	AM990992_SCCmec_00035	sccmec_saures_AM990992_l38603:29462-29614	AM990992_SCCmec_00035
PROKKA_AM990992/PROKKA_AM990992:Gene	AM990992_SCCmec_00036	sccmec_saures_AM990992_l38603:c29921-29562	AM990992_SCCmec_00036
PROKKA_AM990992/PROKKA_AM990992:Gene	czrA	sccmec_saures_AM990992_l38603:30128-30454	AM990992_SCCmec_00037
PROKKA_AM990992/PROKKA_AM990992:Gene	AM990992_SCCmec_00038	sccmec_saures_AM990992_l38603:30557-30655	AM990992_SCCmec_00038
PROKKA_AM990992/PROKKA_AM990992:Gene	zosA	sccmec_saures_AM990992_l38603:30784-32709	AM990992_SCCmec_00039
PROKKA_AM990992/PROKKA_AM990992:Gene	glpE_1	sccmec_saures_AM990992_l38603:c34415-33855	AM990992_SCCmec_00040
PROKKA_AM990992/PROKKA_AM990992:Gene	gloC	sccmec_saures_AM990992_l38603:c35180-34434	AM990992_SCCmec_00041
PROKKA_AM990992/PROKKA_AM990992:Gene	glpE_2	sccmec_saures_AM990992_l38603:c36266-35199	AM990992_SCCmec_00042
PROKKA_AM990992/PROKKA_AM990992:Gene	ricR	sccmec_saures_AM990992_l38603:36423-36665	AM990992_SCCmec_00043
PROKKA_AM990992/PROKKA_AM990992:Gene	AM990992_SCCmec_00044	sccmec_saures_AM990992_l38603:36662-37420	AM990992_SCCmec_00044
PROKKA_AM990992/PROKKA_AM990992:Gene	copB	sccmec_saures_AM990992_l38603:37629-37799	AM990992_SCCmec_00045
PROKKA_AM990992/PROKKA_AM990992:Gene	AM990992_SCCmec_00046	sccmec_saures_AM990992_l38603:37817-38362	AM990992_SCCmec_00046

FATAL: DiscRep_ALL:MISSING_PROTEIN_ID::46 proteins have invalid IDs.
PROKKA_AM990992/PROKKA_AM990992:sccmec_saures_AM990992_l38603_1 (length 159)
PROKKA_AM990992/PROKKA_AM990992:sccmec_saures_AM990992_l38603_2 (length 51)
PROKKA_AM990992/PROKKA_AM990992:sccmec_saures_AM990992_l38603_3 (length 101)
PROKKA_AM990992/PROKKA_AM990992:sccmec_saures_AM990992_l38603_4 (length 287)
PROKKA_AM990992/PROKKA_AM990992:sccmec_saures_AM990992_l38603_5 (length 499)
PROKKA_AM990992/PROKKA_AM990992:sccmec_saures_AM990992_l38603_6 (length 366)
PROKKA_AM990992/PROKKA_AM990992:sccmec_saures_AM990992_l38603_7 (length 123)
PROKKA_AM990992/PROKKA_AM990992:sccmec_saures_AM990992_l38603_8 (length 547)
PROKKA_AM990992/PROKKA_AM990992:sccmec_saures_AM990992_l38603_9 (length 558)
PROKKA_AM990992/PROKKA_AM990992:sccmec_saures_AM990992_l38603_10 (length 112)
PROKKA_AM990992/PROKKA_AM990992:sccmec_saures_AM990992_l38603_11 (length 103)
PROKKA_AM990992/PROKKA_AM990992:sccmec_saures_AM990992_l38603_12 (length 168)
PROKKA_AM990992/PROKKA_AM990992:sccmec_saures_AM990992_l38603_13 (length 224)
PROKKA_AM990992/PROKKA_AM990992:sccmec_saures_AM990992_l38603_14 (length 55)
PROKKA_AM990992/PROKKA_AM990992:sccmec_saures_AM990992_l38603_15 (length 76)
PROKKA_AM990992/PROKKA_AM990992:sccmec_saures_AM990992_l38603_16 (length 247)
PROKKA_AM990992/PROKKA_AM990992:sccmec_saures_AM990992_l38603_17 (length 142)
PROKKA_AM990992/PROKKA_AM990992:sccmec_saures_AM990992_l38603_18 (length 668)
PROKKA_AM990992/PROKKA_AM990992:sccmec_saures_AM990992_l38603_19 (length 47)
PROKKA_AM990992/PROKKA_AM990992:sccmec_saures_AM990992_l38603_20 (length 142)
PROKKA_AM990992/PROKKA_AM990992:sccmec_saures_AM990992_l38603_21 (length 309)
PROKKA_AM990992/PROKKA_AM990992:sccmec_saures_AM990992_l38603_22 (length 32)
PROKKA_AM990992/PROKKA_AM990992:sccmec_saures_AM990992_l38603_23 (length 662)
PROKKA_AM990992/PROKKA_AM990992:sccmec_saures_AM990992_l38603_24 (length 369)
PROKKA_AM990992/PROKKA_AM990992:sccmec_saures_AM990992_l38603_25 (length 122)
PROKKA_AM990992/PROKKA_AM990992:sccmec_saures_AM990992_l38603_26 (length 538)
PROKKA_AM990992/PROKKA_AM990992:sccmec_saures_AM990992_l38603_27 (length 559)
PROKKA_AM990992/PROKKA_AM990992:sccmec_saures_AM990992_l38603_28 (length 124)
PROKKA_AM990992/PROKKA_AM990992:sccmec_saures_AM990992_l38603_29 (length 103)
PROKKA_AM990992/PROKKA_AM990992:sccmec_saures_AM990992_l38603_30 (length 157)
PROKKA_AM990992/PROKKA_AM990992:sccmec_saures_AM990992_l38603_31 (length 224)
PROKKA_AM990992/PROKKA_AM990992:sccmec_saures_AM990992_l38603_32 (length 132)
PROKKA_AM990992/PROKKA_AM990992:sccmec_saures_AM990992_l38603_33 (length 66)
PROKKA_AM990992/PROKKA_AM990992:sccmec_saures_AM990992_l38603_34 (length 193)
PROKKA_AM990992/PROKKA_AM990992:sccmec_saures_AM990992_l38603_35 (length 50)
PROKKA_AM990992/PROKKA_AM990992:sccmec_saures_AM990992_l38603_36 (length 119)
PROKKA_AM990992/PROKKA_AM990992:sccmec_saures_AM990992_l38603_37 (length 108)
PROKKA_AM990992/PROKKA_AM990992:sccmec_saures_AM990992_l38603_38 (length 32)
PROKKA_AM990992/PROKKA_AM990992:sccmec_saures_AM990992_l38603_39 (length 641)
PROKKA_AM990992/PROKKA_AM990992:sccmec_saures_AM990992_l38603_40 (length 186)
PROKKA_AM990992/PROKKA_AM990992:sccmec_saures_AM990992_l38603_41 (length 248)
PROKKA_AM990992/PROKKA_AM990992:sccmec_saures_AM990992_l38603_42 (length 355)
PROKKA_AM990992/PROKKA_AM990992:sccmec_saures_AM990992_l38603_43 (length 80)
PROKKA_AM990992/PROKKA_AM990992:sccmec_saures_AM990992_l38603_44 (length 252)
PROKKA_AM990992/PROKKA_AM990992:sccmec_saures_AM990992_l38603_45 (length 56)
PROKKA_AM990992/PROKKA_AM990992:sccmec_saures_AM990992_l38603_46 (length 181)

DiscRep_ALL:DISC_SOURCE_QUALS_ASNDISC::strain (all present, all unique)
DiscRep_SUB:DISC_SOURCE_QUALS_ASNDISC::1 sources have unique values for strain
DiscRep_ALL:DISC_SOURCE_QUALS_ASNDISC::taxname (all present, all unique)
DiscRep_SUB:DISC_SOURCE_QUALS_ASNDISC::1 sources have unique values for taxname
DiscRep_ALL:DISC_FEATURE_COUNT::gene: 46 present
DiscRep_ALL:DISC_FEATURE_COUNT::CDS: 46 present
DiscRep_ALL:DISC_FEATURE_COUNT::mRNA: 46 present
DiscRep_ALL:DISC_COUNT_NUCLEOTIDES::1 nucleotide Bioseqs are present
PROKKA_AM990992/PROKKA_AM990992:sccmec_saures_AM990992_l38603 (length 38603)

DiscRep_ALL:OVERLAPPING_GENES::8 genes overlap another gene on the same strand.
PROKKA_AM990992/PROKKA_AM990992:Gene	AM990992_SCCmec_00006	sccmec_saures_AM990992_l38603:3901-5001	AM990992_SCCmec_00006
PROKKA_AM990992/PROKKA_AM990992:Gene	AM990992_SCCmec_00007	sccmec_saures_AM990992_l38603:4994-5365	AM990992_SCCmec_00007
PROKKA_AM990992/PROKKA_AM990992:Gene	AM990992_SCCmec_00008	sccmec_saures_AM990992_l38603:5362-7005	AM990992_SCCmec_00008
PROKKA_AM990992/PROKKA_AM990992:Gene	AM990992_SCCmec_00024	sccmec_saures_AM990992_l38603:20490-21599	AM990992_SCCmec_00024
PROKKA_AM990992/PROKKA_AM990992:Gene	AM990992_SCCmec_00025	sccmec_saures_AM990992_l38603:21592-21960	AM990992_SCCmec_00025
PROKKA_AM990992/PROKKA_AM990992:Gene	AM990992_SCCmec_00026	sccmec_saures_AM990992_l38603:21960-23576	AM990992_SCCmec_00026
PROKKA_AM990992/PROKKA_AM990992:Gene	ricR	sccmec_saures_AM990992_l38603:36423-36665	AM990992_SCCmec_00043
PROKKA_AM990992/PROKKA_AM990992:Gene	AM990992_SCCmec_00044	sccmec_saures_AM990992_l38603:36662-37420	AM990992_SCCmec_00044

DiscRep_ALL:DISC_QUALITY_SCORES::Quality scores are missing on all sequences.

DiscRep_ALL:ONCALLER_COMMENT_PRESENT::1 comment descriptors were found (all same)
PROKKA_AM990992/PROKKA_AM990992:sccmec_saures_AM990992_l38603:Annotated using prokka 1.12 from https://github.com/tseemann/prokka

DiscRep_ALL:SHORT_PROT_SEQUENCES::3 protein sequences are shorter than 50 aa.
PROKKA_AM990992/PROKKA_AM990992:sccmec_saures_AM990992_l38603_19 (length 47)
PROKKA_AM990992/PROKKA_AM990992:sccmec_saures_AM990992_l38603_22 (length 32)
PROKKA_AM990992/PROKKA_AM990992:sccmec_saures_AM990992_l38603_38 (length 32)

DiscRep_ALL:MISSING_GENOMEASSEMBLY_COMMENTS::1 bioseqs are missing GenomeAssembly structured comments
PROKKA_AM990992/PROKKA_AM990992:sccmec_saures_AM990992_l38603 (length 38603)

DiscRep_ALL:MOLTYPE_NOT_MRNA::1 molecule types are not set as mRNA.
PROKKA_AM990992/PROKKA_AM990992:sccmec_saures_AM990992_l38603 (length 38603)

DiscRep_ALL:TECHNIQUE_NOT_TSA::1 technique are not set as TSA
PROKKA_AM990992/PROKKA_AM990992:sccmec_saures_AM990992_l38603 (length 38603)

DiscRep_ALL:MISSING_STRUCTURED_COMMENT::1 sequences do not include structured comments.
PROKKA_AM990992/PROKKA_AM990992:sccmec_saures_AM990992_l38603 (length 38603)

DiscRep_ALL:MISSING_PROJECT::47 sequences do not include project.
PROKKA_AM990992/PROKKA_AM990992:sccmec_saures_AM990992_l38603 (length 38603)
PROKKA_AM990992/PROKKA_AM990992:sccmec_saures_AM990992_l38603_1 (length 159)
PROKKA_AM990992/PROKKA_AM990992:sccmec_saures_AM990992_l38603_2 (length 51)
PROKKA_AM990992/PROKKA_AM990992:sccmec_saures_AM990992_l38603_3 (length 101)
PROKKA_AM990992/PROKKA_AM990992:sccmec_saures_AM990992_l38603_4 (length 287)
PROKKA_AM990992/PROKKA_AM990992:sccmec_saures_AM990992_l38603_5 (length 499)
PROKKA_AM990992/PROKKA_AM990992:sccmec_saures_AM990992_l38603_6 (length 366)
PROKKA_AM990992/PROKKA_AM990992:sccmec_saures_AM990992_l38603_7 (length 123)
PROKKA_AM990992/PROKKA_AM990992:sccmec_saures_AM990992_l38603_8 (length 547)
PROKKA_AM990992/PROKKA_AM990992:sccmec_saures_AM990992_l38603_9 (length 558)
PROKKA_AM990992/PROKKA_AM990992:sccmec_saures_AM990992_l38603_10 (length 112)
PROKKA_AM990992/PROKKA_AM990992:sccmec_saures_AM990992_l38603_11 (length 103)
PROKKA_AM990992/PROKKA_AM990992:sccmec_saures_AM990992_l38603_12 (length 168)
PROKKA_AM990992/PROKKA_AM990992:sccmec_saures_AM990992_l38603_13 (length 224)
PROKKA_AM990992/PROKKA_AM990992:sccmec_saures_AM990992_l38603_14 (length 55)
PROKKA_AM990992/PROKKA_AM990992:sccmec_saures_AM990992_l38603_15 (length 76)
PROKKA_AM990992/PROKKA_AM990992:sccmec_saures_AM990992_l38603_16 (length 247)
PROKKA_AM990992/PROKKA_AM990992:sccmec_saures_AM990992_l38603_17 (length 142)
PROKKA_AM990992/PROKKA_AM990992:sccmec_saures_AM990992_l38603_18 (length 668)
PROKKA_AM990992/PROKKA_AM990992:sccmec_saures_AM990992_l38603_19 (length 47)
PROKKA_AM990992/PROKKA_AM990992:sccmec_saures_AM990992_l38603_20 (length 142)
PROKKA_AM990992/PROKKA_AM990992:sccmec_saures_AM990992_l38603_21 (length 309)
PROKKA_AM990992/PROKKA_AM990992:sccmec_saures_AM990992_l38603_22 (length 32)
PROKKA_AM990992/PROKKA_AM990992:sccmec_saures_AM990992_l38603_23 (length 662)
PROKKA_AM990992/PROKKA_AM990992:sccmec_saures_AM990992_l38603_24 (length 369)
PROKKA_AM990992/PROKKA_AM990992:sccmec_saures_AM990992_l38603_25 (length 122)
PROKKA_AM990992/PROKKA_AM990992:sccmec_saures_AM990992_l38603_26 (length 538)
PROKKA_AM990992/PROKKA_AM990992:sccmec_saures_AM990992_l38603_27 (length 559)
PROKKA_AM990992/PROKKA_AM990992:sccmec_saures_AM990992_l38603_28 (length 124)
PROKKA_AM990992/PROKKA_AM990992:sccmec_saures_AM990992_l38603_29 (length 103)
PROKKA_AM990992/PROKKA_AM990992:sccmec_saures_AM990992_l38603_30 (length 157)
PROKKA_AM990992/PROKKA_AM990992:sccmec_saures_AM990992_l38603_31 (length 224)
PROKKA_AM990992/PROKKA_AM990992:sccmec_saures_AM990992_l38603_32 (length 132)
PROKKA_AM990992/PROKKA_AM990992:sccmec_saures_AM990992_l38603_33 (length 66)
PROKKA_AM990992/PROKKA_AM990992:sccmec_saures_AM990992_l38603_34 (length 193)
PROKKA_AM990992/PROKKA_AM990992:sccmec_saures_AM990992_l38603_35 (length 50)
PROKKA_AM990992/PROKKA_AM990992:sccmec_saures_AM990992_l38603_36 (length 119)
PROKKA_AM990992/PROKKA_AM990992:sccmec_saures_AM990992_l38603_37 (length 108)
PROKKA_AM990992/PROKKA_AM990992:sccmec_saures_AM990992_l38603_38 (length 32)
PROKKA_AM990992/PROKKA_AM990992:sccmec_saures_AM990992_l38603_39 (length 641)
PROKKA_AM990992/PROKKA_AM990992:sccmec_saures_AM990992_l38603_40 (length 186)
PROKKA_AM990992/PROKKA_AM990992:sccmec_saures_AM990992_l38603_41 (length 248)
PROKKA_AM990992/PROKKA_AM990992:sccmec_saures_AM990992_l38603_42 (length 355)
PROKKA_AM990992/PROKKA_AM990992:sccmec_saures_AM990992_l38603_43 (length 80)
PROKKA_AM990992/PROKKA_AM990992:sccmec_saures_AM990992_l38603_44 (length 252)
PROKKA_AM990992/PROKKA_AM990992:sccmec_saures_AM990992_l38603_45 (length 56)
PROKKA_AM990992/PROKKA_AM990992:sccmec_saures_AM990992_l38603_46 (length 181)

DiscRep_ALL:DISC_INCONSISTENT_MOLINFO_TECH::Molinfo Technique Report (some missing, all same)
DiscRep_SUB:DISC_INCONSISTENT_MOLINFO_TECH::technique (all missing)
DiscRep_SUB:DISC_INCONSISTENT_MOLINFO_TECH::1 Molinfos are missing field technique
PROKKA_AM990992/PROKKA_AM990992:sccmec_saures_AM990992_l38603 (length 38603)

