Discrepancy Report Results

Summary
FATAL: BAD_LOCUS_TAG_FORMAT:25 locus tags are incorrectly formatted.
FATAL: MISSING_PROTEIN_ID:25 proteins have invalid IDs.
DISC_SOURCE_QUALS_ASNDISC:strain (all present, all unique)
DISC_SOURCE_QUALS_ASNDISC:taxname (all present, all unique)
DISC_FEATURE_COUNT:gene: 25 present
DISC_FEATURE_COUNT:CDS: 25 present
DISC_FEATURE_COUNT:mRNA: 25 present
DISC_COUNT_NUCLEOTIDES:1 nucleotide Bioseqs are present
OVERLAPPING_GENES:6 genes overlap another gene on the same strand.
DISC_QUALITY_SCORES:Quality scores are missing on all sequences.
ONCALLER_COMMENT_PRESENT:1 comment descriptors were found (all same)
SHORT_PROT_SEQUENCES:1 protein sequences are shorter than 50 aa.
MISSING_GENOMEASSEMBLY_COMMENTS:1 bioseqs are missing GenomeAssembly structured comments
MOLTYPE_NOT_MRNA:1 molecule types are not set as mRNA.
TECHNIQUE_NOT_TSA:1 technique are not set as TSA
MISSING_STRUCTURED_COMMENT:1 sequences do not include structured comments.
MISSING_PROJECT:26 sequences do not include project.
DISC_INCONSISTENT_MOLINFO_TECH:Molinfo Technique Report (some missing, all same)


Detailed Report

FATAL: DiscRep_ALL:BAD_LOCUS_TAG_FORMAT::25 locus tags are incorrectly formatted.
PROKKA_NC_017338/PROKKA_NC_017338:Gene	rlmH	sccmec_saures_NC_017338_l24747:1-480	NC_017338_SCCmec_00001
PROKKA_NC_017338/PROKKA_NC_017338:Gene	NC_017338_SCCmec_00002	sccmec_saures_NC_017338_l24747:763-2058	NC_017338_SCCmec_00002
PROKKA_NC_017338/PROKKA_NC_017338:Gene	NC_017338_SCCmec_00003	sccmec_saures_NC_017338_l24747:2473-2712	NC_017338_SCCmec_00003
PROKKA_NC_017338/PROKKA_NC_017338:Gene	NC_017338_SCCmec_00004	sccmec_saures_NC_017338_l24747:c3418-2744	NC_017338_SCCmec_00004
PROKKA_NC_017338/PROKKA_NC_017338:Gene	NC_017338_SCCmec_00005	sccmec_saures_NC_017338_l24747:3676-3843	NC_017338_SCCmec_00005
PROKKA_NC_017338/PROKKA_NC_017338:Gene	NC_017338_SCCmec_00006	sccmec_saures_NC_017338_l24747:3941-4171	NC_017338_SCCmec_00006
PROKKA_NC_017338/PROKKA_NC_017338:Gene	ugpQ	sccmec_saures_NC_017338_l24747:4720-5463	NC_017338_SCCmec_00007
PROKKA_NC_017338/PROKKA_NC_017338:Gene	paaZ	sccmec_saures_NC_017338_l24747:5560-5988	NC_017338_SCCmec_00008
PROKKA_NC_017338/PROKKA_NC_017338:Gene	pbp	sccmec_saures_NC_017338_l24747:c8040-6034	NC_017338_SCCmec_00009
PROKKA_NC_017338/PROKKA_NC_017338:Gene	mecR1	sccmec_saures_NC_017338_l24747:8242-9126	NC_017338_SCCmec_00010
PROKKA_NC_017338/PROKKA_NC_017338:Gene	NC_017338_SCCmec_00011	sccmec_saures_NC_017338_l24747:9086-9358	NC_017338_SCCmec_00011
PROKKA_NC_017338/PROKKA_NC_017338:Gene	NC_017338_SCCmec_00012	sccmec_saures_NC_017338_l24747:c10869-9349	NC_017338_SCCmec_00012
PROKKA_NC_017338/PROKKA_NC_017338:Gene	NC_017338_SCCmec_00013	sccmec_saures_NC_017338_l24747:c11517-11008	NC_017338_SCCmec_00013
PROKKA_NC_017338/PROKKA_NC_017338:Gene	NC_017338_SCCmec_00014	sccmec_saures_NC_017338_l24747:c11840-11529	NC_017338_SCCmec_00014
PROKKA_NC_017338/PROKKA_NC_017338:Gene	NC_017338_SCCmec_00015	sccmec_saures_NC_017338_l24747:c12277-11927	NC_017338_SCCmec_00015
PROKKA_NC_017338/PROKKA_NC_017338:Gene	hin_1	sccmec_saures_NC_017338_l24747:c14427-12799	NC_017338_SCCmec_00016
PROKKA_NC_017338/PROKKA_NC_017338:Gene	hin_2	sccmec_saures_NC_017338_l24747:c15816-14449	NC_017338_SCCmec_00017
PROKKA_NC_017338/PROKKA_NC_017338:Gene	NC_017338_SCCmec_00018	sccmec_saures_NC_017338_l24747:c17819-16032	NC_017338_SCCmec_00018
PROKKA_NC_017338/PROKKA_NC_017338:Gene	NC_017338_SCCmec_00019	sccmec_saures_NC_017338_l24747:c18109-17819	NC_017338_SCCmec_00019
PROKKA_NC_017338/PROKKA_NC_017338:Gene	NC_017338_SCCmec_00020	sccmec_saures_NC_017338_l24747:18206-19297	NC_017338_SCCmec_00020
PROKKA_NC_017338/PROKKA_NC_017338:Gene	NC_017338_SCCmec_00021	sccmec_saures_NC_017338_l24747:19915-21405	NC_017338_SCCmec_00021
PROKKA_NC_017338/PROKKA_NC_017338:Gene	gloC	sccmec_saures_NC_017338_l24747:c23033-22029	NC_017338_SCCmec_00022
PROKKA_NC_017338/PROKKA_NC_017338:Gene	NC_017338_SCCmec_00023	sccmec_saures_NC_017338_l24747:23152-23289	NC_017338_SCCmec_00023
PROKKA_NC_017338/PROKKA_NC_017338:Gene	NC_017338_SCCmec_00024	sccmec_saures_NC_017338_l24747:23286-23657	NC_017338_SCCmec_00024
PROKKA_NC_017338/PROKKA_NC_017338:Gene	NC_017338_SCCmec_00025	sccmec_saures_NC_017338_l24747:23786-24406	NC_017338_SCCmec_00025

FATAL: DiscRep_ALL:MISSING_PROTEIN_ID::25 proteins have invalid IDs.
PROKKA_NC_017338/PROKKA_NC_017338:sccmec_saures_NC_017338_l24747_1 (length 159)
PROKKA_NC_017338/PROKKA_NC_017338:sccmec_saures_NC_017338_l24747_2 (length 431)
PROKKA_NC_017338/PROKKA_NC_017338:sccmec_saures_NC_017338_l24747_3 (length 79)
PROKKA_NC_017338/PROKKA_NC_017338:sccmec_saures_NC_017338_l24747_4 (length 224)
PROKKA_NC_017338/PROKKA_NC_017338:sccmec_saures_NC_017338_l24747_5 (length 55)
PROKKA_NC_017338/PROKKA_NC_017338:sccmec_saures_NC_017338_l24747_6 (length 76)
PROKKA_NC_017338/PROKKA_NC_017338:sccmec_saures_NC_017338_l24747_7 (length 247)
PROKKA_NC_017338/PROKKA_NC_017338:sccmec_saures_NC_017338_l24747_8 (length 142)
PROKKA_NC_017338/PROKKA_NC_017338:sccmec_saures_NC_017338_l24747_9 (length 668)
PROKKA_NC_017338/PROKKA_NC_017338:sccmec_saures_NC_017338_l24747_10 (length 294)
PROKKA_NC_017338/PROKKA_NC_017338:sccmec_saures_NC_017338_l24747_11 (length 90)
PROKKA_NC_017338/PROKKA_NC_017338:sccmec_saures_NC_017338_l24747_12 (length 506)
PROKKA_NC_017338/PROKKA_NC_017338:sccmec_saures_NC_017338_l24747_13 (length 169)
PROKKA_NC_017338/PROKKA_NC_017338:sccmec_saures_NC_017338_l24747_14 (length 103)
PROKKA_NC_017338/PROKKA_NC_017338:sccmec_saures_NC_017338_l24747_15 (length 116)
PROKKA_NC_017338/PROKKA_NC_017338:sccmec_saures_NC_017338_l24747_16 (length 542)
PROKKA_NC_017338/PROKKA_NC_017338:sccmec_saures_NC_017338_l24747_17 (length 455)
PROKKA_NC_017338/PROKKA_NC_017338:sccmec_saures_NC_017338_l24747_18 (length 595)
PROKKA_NC_017338/PROKKA_NC_017338:sccmec_saures_NC_017338_l24747_19 (length 96)
PROKKA_NC_017338/PROKKA_NC_017338:sccmec_saures_NC_017338_l24747_20 (length 363)
PROKKA_NC_017338/PROKKA_NC_017338:sccmec_saures_NC_017338_l24747_21 (length 496)
PROKKA_NC_017338/PROKKA_NC_017338:sccmec_saures_NC_017338_l24747_22 (length 334)
PROKKA_NC_017338/PROKKA_NC_017338:sccmec_saures_NC_017338_l24747_23 (length 45)
PROKKA_NC_017338/PROKKA_NC_017338:sccmec_saures_NC_017338_l24747_24 (length 123)
PROKKA_NC_017338/PROKKA_NC_017338:sccmec_saures_NC_017338_l24747_25 (length 206)

DiscRep_ALL:DISC_SOURCE_QUALS_ASNDISC::strain (all present, all unique)
DiscRep_SUB:DISC_SOURCE_QUALS_ASNDISC::1 sources have unique values for strain
DiscRep_ALL:DISC_SOURCE_QUALS_ASNDISC::taxname (all present, all unique)
DiscRep_SUB:DISC_SOURCE_QUALS_ASNDISC::1 sources have unique values for taxname
DiscRep_ALL:DISC_FEATURE_COUNT::gene: 25 present
DiscRep_ALL:DISC_FEATURE_COUNT::CDS: 25 present
DiscRep_ALL:DISC_FEATURE_COUNT::mRNA: 25 present
DiscRep_ALL:DISC_COUNT_NUCLEOTIDES::1 nucleotide Bioseqs are present
PROKKA_NC_017338/PROKKA_NC_017338:sccmec_saures_NC_017338_l24747 (length 24747)

DiscRep_ALL:OVERLAPPING_GENES::6 genes overlap another gene on the same strand.
PROKKA_NC_017338/PROKKA_NC_017338:Gene	mecR1	sccmec_saures_NC_017338_l24747:8242-9126	NC_017338_SCCmec_00010
PROKKA_NC_017338/PROKKA_NC_017338:Gene	NC_017338_SCCmec_00011	sccmec_saures_NC_017338_l24747:9086-9358	NC_017338_SCCmec_00011
PROKKA_NC_017338/PROKKA_NC_017338:Gene	NC_017338_SCCmec_00018	sccmec_saures_NC_017338_l24747:c17819-16032	NC_017338_SCCmec_00018
PROKKA_NC_017338/PROKKA_NC_017338:Gene	NC_017338_SCCmec_00019	sccmec_saures_NC_017338_l24747:c18109-17819	NC_017338_SCCmec_00019
PROKKA_NC_017338/PROKKA_NC_017338:Gene	NC_017338_SCCmec_00023	sccmec_saures_NC_017338_l24747:23152-23289	NC_017338_SCCmec_00023
PROKKA_NC_017338/PROKKA_NC_017338:Gene	NC_017338_SCCmec_00024	sccmec_saures_NC_017338_l24747:23286-23657	NC_017338_SCCmec_00024

DiscRep_ALL:DISC_QUALITY_SCORES::Quality scores are missing on all sequences.

DiscRep_ALL:ONCALLER_COMMENT_PRESENT::1 comment descriptors were found (all same)
PROKKA_NC_017338/PROKKA_NC_017338:sccmec_saures_NC_017338_l24747:Annotated using prokka 1.12 from https://github.com/tseemann/prokka

DiscRep_ALL:SHORT_PROT_SEQUENCES::1 protein sequences are shorter than 50 aa.
PROKKA_NC_017338/PROKKA_NC_017338:sccmec_saures_NC_017338_l24747_23 (length 45)

DiscRep_ALL:MISSING_GENOMEASSEMBLY_COMMENTS::1 bioseqs are missing GenomeAssembly structured comments
PROKKA_NC_017338/PROKKA_NC_017338:sccmec_saures_NC_017338_l24747 (length 24747)

DiscRep_ALL:MOLTYPE_NOT_MRNA::1 molecule types are not set as mRNA.
PROKKA_NC_017338/PROKKA_NC_017338:sccmec_saures_NC_017338_l24747 (length 24747)

DiscRep_ALL:TECHNIQUE_NOT_TSA::1 technique are not set as TSA
PROKKA_NC_017338/PROKKA_NC_017338:sccmec_saures_NC_017338_l24747 (length 24747)

DiscRep_ALL:MISSING_STRUCTURED_COMMENT::1 sequences do not include structured comments.
PROKKA_NC_017338/PROKKA_NC_017338:sccmec_saures_NC_017338_l24747 (length 24747)

DiscRep_ALL:MISSING_PROJECT::26 sequences do not include project.
PROKKA_NC_017338/PROKKA_NC_017338:sccmec_saures_NC_017338_l24747 (length 24747)
PROKKA_NC_017338/PROKKA_NC_017338:sccmec_saures_NC_017338_l24747_1 (length 159)
PROKKA_NC_017338/PROKKA_NC_017338:sccmec_saures_NC_017338_l24747_2 (length 431)
PROKKA_NC_017338/PROKKA_NC_017338:sccmec_saures_NC_017338_l24747_3 (length 79)
PROKKA_NC_017338/PROKKA_NC_017338:sccmec_saures_NC_017338_l24747_4 (length 224)
PROKKA_NC_017338/PROKKA_NC_017338:sccmec_saures_NC_017338_l24747_5 (length 55)
PROKKA_NC_017338/PROKKA_NC_017338:sccmec_saures_NC_017338_l24747_6 (length 76)
PROKKA_NC_017338/PROKKA_NC_017338:sccmec_saures_NC_017338_l24747_7 (length 247)
PROKKA_NC_017338/PROKKA_NC_017338:sccmec_saures_NC_017338_l24747_8 (length 142)
PROKKA_NC_017338/PROKKA_NC_017338:sccmec_saures_NC_017338_l24747_9 (length 668)
PROKKA_NC_017338/PROKKA_NC_017338:sccmec_saures_NC_017338_l24747_10 (length 294)
PROKKA_NC_017338/PROKKA_NC_017338:sccmec_saures_NC_017338_l24747_11 (length 90)
PROKKA_NC_017338/PROKKA_NC_017338:sccmec_saures_NC_017338_l24747_12 (length 506)
PROKKA_NC_017338/PROKKA_NC_017338:sccmec_saures_NC_017338_l24747_13 (length 169)
PROKKA_NC_017338/PROKKA_NC_017338:sccmec_saures_NC_017338_l24747_14 (length 103)
PROKKA_NC_017338/PROKKA_NC_017338:sccmec_saures_NC_017338_l24747_15 (length 116)
PROKKA_NC_017338/PROKKA_NC_017338:sccmec_saures_NC_017338_l24747_16 (length 542)
PROKKA_NC_017338/PROKKA_NC_017338:sccmec_saures_NC_017338_l24747_17 (length 455)
PROKKA_NC_017338/PROKKA_NC_017338:sccmec_saures_NC_017338_l24747_18 (length 595)
PROKKA_NC_017338/PROKKA_NC_017338:sccmec_saures_NC_017338_l24747_19 (length 96)
PROKKA_NC_017338/PROKKA_NC_017338:sccmec_saures_NC_017338_l24747_20 (length 363)
PROKKA_NC_017338/PROKKA_NC_017338:sccmec_saures_NC_017338_l24747_21 (length 496)
PROKKA_NC_017338/PROKKA_NC_017338:sccmec_saures_NC_017338_l24747_22 (length 334)
PROKKA_NC_017338/PROKKA_NC_017338:sccmec_saures_NC_017338_l24747_23 (length 45)
PROKKA_NC_017338/PROKKA_NC_017338:sccmec_saures_NC_017338_l24747_24 (length 123)
PROKKA_NC_017338/PROKKA_NC_017338:sccmec_saures_NC_017338_l24747_25 (length 206)

DiscRep_ALL:DISC_INCONSISTENT_MOLINFO_TECH::Molinfo Technique Report (some missing, all same)
DiscRep_SUB:DISC_INCONSISTENT_MOLINFO_TECH::technique (all missing)
DiscRep_SUB:DISC_INCONSISTENT_MOLINFO_TECH::1 Molinfos are missing field technique
PROKKA_NC_017338/PROKKA_NC_017338:sccmec_saures_NC_017338_l24747 (length 24747)

