[17:04:23] This is prokka 1.12
[17:04:23] Written by Torsten Seemann <torsten.seemann@gmail.com>
[17:04:23] Homepage is https://github.com/tseemann/prokka
[17:04:23] Local time is Mon May 15 17:04:23 2017
[17:04:23] You are fsepulveda
[17:04:23] Operating system is linux
[17:04:23] You have BioPerl 1.006924
[17:04:23] System has 4 cores.
[17:04:23] Option --cpu asked for 8 cores, but system only has 4
[17:04:23] Will use maximum of 4 cores.
[17:04:23] Annotating as >>> Bacteria <<<
[17:04:23] Creating new output folder: PROKKA_AP014652
[17:04:23] Running: mkdir -p PROKKA_AP014652
[17:04:23] Using filename prefix: PROKKA_AP014652.XXX
[17:04:23] Setting HMMER_NCPU=1
[17:04:23] Writing log to: PROKKA_AP014652/PROKKA_AP014652.log
[17:04:23] Command: /home/fsepulveda/Desktop/tesis/sccmec_classification/prokka-1.12/bin/prokka --genus Staphylococcus --prefix PROKKA_AP014652 --addgenes --addmrna --locustag AP014652_SCCmec /home/fsepulveda/Documents/parte2/229_sccmec/sccmec_AP014652.fasta
[17:04:23] Appending to PATH: /home/fsepulveda/Desktop/tesis/sccmec_classification/prokka-1.12/bin/../binaries/linux
[17:04:23] Appending to PATH: /home/fsepulveda/Desktop/tesis/sccmec_classification/prokka-1.12/bin/../binaries/linux/../common
[17:04:23] Appending to PATH: /home/fsepulveda/Desktop/tesis/sccmec_classification/prokka-1.12/bin
[17:04:23] Looking for 'aragorn' - found /home/fsepulveda/Desktop/tesis/sccmec_classification/prokka-1.12/bin/../binaries/linux/aragorn
[17:04:23] Determined aragorn version is 1.2
[17:04:23] Looking for 'blastp' - found /usr/bin/blastp
[17:04:23] Determined blastp version is 2.2
[17:04:23] Looking for 'cmpress' - found /usr/bin/cmpress
[17:04:23] Determined cmpress version is 1.1
[17:04:23] Looking for 'cmscan' - found /usr/bin/cmscan
[17:04:23] Determined cmscan version is 1.1
[17:04:23] Looking for 'egrep' - found /bin/egrep
[17:04:23] Looking for 'find' - found /usr/bin/find
[17:04:23] Looking for 'grep' - found /bin/grep
[17:04:23] Looking for 'hmmpress' - found /usr/bin/hmmpress
[17:04:23] Determined hmmpress version is 3.1
[17:04:23] Looking for 'hmmscan' - found /usr/bin/hmmscan
[17:04:23] Determined hmmscan version is 3.1
[17:04:23] Looking for 'java' - found /usr/bin/java
[17:04:23] Looking for 'less' - found /usr/bin/less
[17:04:23] Looking for 'makeblastdb' - found /usr/bin/makeblastdb
[17:04:23] Determined makeblastdb version is 2.2
[17:04:23] Looking for 'minced' - found /home/fsepulveda/Desktop/tesis/sccmec_classification/prokka-1.12/bin/../binaries/linux/../common/minced
[17:04:23] Determined minced version is 2.0
[17:04:23] Looking for 'parallel' - found /home/fsepulveda/Desktop/tesis/sccmec_classification/prokka-1.12/bin/../binaries/linux/../common/parallel
[17:04:23] Determined parallel version is 20150122
[17:04:23] Looking for 'prodigal' - found /home/fsepulveda/Desktop/tesis/sccmec_classification/prokka-1.12/bin/../binaries/linux/prodigal
[17:04:23] Determined prodigal version is 2.6
[17:04:23] Looking for 'prokka-genbank_to_fasta_db' - found /home/fsepulveda/Desktop/tesis/sccmec_classification/prokka-1.12/bin/prokka-genbank_to_fasta_db
[17:04:23] Looking for 'sed' - found /bin/sed
[17:04:23] Looking for 'tbl2asn' - found /home/fsepulveda/Desktop/tesis/sccmec_classification/prokka-1.12/bin/../binaries/linux/tbl2asn
[17:04:23] Determined tbl2asn version is 25.3
[17:04:23] Using genetic code table 11.
[17:04:23] Loading and checking input file: /home/fsepulveda/Documents/parte2/229_sccmec/sccmec_AP014652.fasta
[17:04:23] Wrote 1 contigs totalling 26599 bp.
[17:04:23] Predicting tRNAs and tmRNAs
[17:04:23] Running: aragorn -l -gc11  -w PROKKA_AP014652\/PROKKA_AP014652\.fna
[17:04:23] Found 0 tRNAs
[17:04:23] Predicting Ribosomal RNAs
[17:04:23] You need either Barrnap or RNAmmer installed to predict rRNAs!
[17:04:23] Skipping ncRNA search, enable with --rfam if desired.
[17:04:23] Total of 0 tRNA + rRNA features
[17:04:23] Searching for CRISPR repeats
[17:04:23] Found 0 CRISPRs
[17:04:23] Predicting coding sequences
[17:04:23] Contigs total 26599 bp, so using meta mode
[17:04:23] Running: prodigal -i PROKKA_AP014652\/PROKKA_AP014652\.fna -c -m -g 11 -p meta -f sco -q
[17:04:23] Found 29 CDS
[17:04:23] Connecting features back to sequences
[17:04:23] Not using genus-specific database. Try --usegenus to enable it.
[17:04:23] Annotating CDS, please be patient.
[17:04:23] Will use 4 CPUs for similarity searching.
[17:04:23] There are still 29 unannotated CDS left (started with 29)
[17:04:23] Will use blast to search against /home/fsepulveda/Desktop/tesis/sccmec_classification/prokka-1.12/bin/../db/kingdom/Bacteria/sprot with 4 CPUs
[17:04:23] Running: cat PROKKA_AP014652\/sprot\.faa | parallel --gnu --plain -j 4 --block 939 --recstart '>' --pipe blastp -query - -db /home/fsepulveda/Desktop/tesis/sccmec_classification/prokka-1.12/bin/../db/kingdom/Bacteria/sprot -evalue 1e-06 -num_threads 1 -num_descriptions 1 -num_alignments 1 -seg no > PROKKA_AP014652\/sprot\.blast 2> /dev/null
[17:04:24] Deleting unwanted file: PROKKA_AP014652/sprot.faa
[17:04:24] Deleting unwanted file: PROKKA_AP014652/sprot.blast
[17:04:25] There are still 21 unannotated CDS left (started with 29)
[17:04:25] Will use hmmer3 to search against /home/fsepulveda/Desktop/tesis/sccmec_classification/prokka-1.12/bin/../db/hmm/HAMAP.hmm with 4 CPUs
[17:04:25] Running: cat PROKKA_AP014652\/HAMAP\.hmm\.faa | parallel --gnu --plain -j 4 --block 568 --recstart '>' --pipe hmmscan --noali --notextw --acc -E 1e-06 --cpu 1 /home/fsepulveda/Desktop/tesis/sccmec_classification/prokka-1.12/bin/../db/hmm/HAMAP.hmm /dev/stdin > PROKKA_AP014652\/HAMAP\.hmm\.hmmer3 2> /dev/null
[17:04:25] Deleting unwanted file: PROKKA_AP014652/HAMAP.hmm.faa
[17:04:25] Deleting unwanted file: PROKKA_AP014652/HAMAP.hmm.hmmer3
[17:04:25] Labelling remaining 21 proteins as 'hypothetical protein'
[17:04:25] Possible /pseudo 'DNA-invertase hin' at sccmec_saures_AP014652_l26599 position 19148
[17:04:25] Found 7 unique /gene codes.
[17:04:25] Fixed 2 duplicate /gene - hin_1 hin_2
[17:04:25] Fixed 1 colliding /gene names.
[17:04:25] Adding /locus_tag identifiers
[17:04:25] Assigned 29 locus_tags to CDS and RNA features.
[17:04:25] Writing outputs to PROKKA_AP014652/
[17:04:25] Generating annotation statistics file
[17:04:25] Generating Genbank and Sequin files
[17:04:25] Running: tbl2asn -V b -a r10k -l paired-ends -M n -N 1 -y 'Annotated using prokka 1.12 from https://github.com/tseemann/prokka' -Z PROKKA_AP014652\/PROKKA_AP014652\.err -i PROKKA_AP014652\/PROKKA_AP014652\.fsa 2> /dev/null
[17:04:25] Deleting unwanted file: PROKKA_AP014652/errorsummary.val
[17:04:25] Deleting unwanted file: PROKKA_AP014652/PROKKA_AP014652.dr
[17:04:25] Deleting unwanted file: PROKKA_AP014652/PROKKA_AP014652.fixedproducts
[17:04:25] Deleting unwanted file: PROKKA_AP014652/PROKKA_AP014652.ecn
[17:04:25] Deleting unwanted file: PROKKA_AP014652/PROKKA_AP014652.val
[17:04:25] Repairing broken .GBK output that tbl2asn produces...
[17:04:25] Running: sed 's/COORDINATES: profile/COORDINATES:profile/' < PROKKA_AP014652\/PROKKA_AP014652\.gbf > PROKKA_AP014652\/PROKKA_AP014652\.gbk
[17:04:25] Deleting unwanted file: PROKKA_AP014652/PROKKA_AP014652.gbf
[17:04:25] Output files:
[17:04:25] PROKKA_AP014652/PROKKA_AP014652.fsa
[17:04:25] PROKKA_AP014652/PROKKA_AP014652.log
[17:04:25] PROKKA_AP014652/PROKKA_AP014652.gff
[17:04:25] PROKKA_AP014652/PROKKA_AP014652.tsv
[17:04:25] PROKKA_AP014652/PROKKA_AP014652.err
[17:04:25] PROKKA_AP014652/PROKKA_AP014652.gbk
[17:04:25] PROKKA_AP014652/PROKKA_AP014652.tbl
[17:04:25] PROKKA_AP014652/PROKKA_AP014652.faa
[17:04:25] PROKKA_AP014652/PROKKA_AP014652.sqn
[17:04:25] PROKKA_AP014652/PROKKA_AP014652.txt
[17:04:25] PROKKA_AP014652/PROKKA_AP014652.ffn
[17:04:25] PROKKA_AP014652/PROKKA_AP014652.fna
[17:04:25] Annotation finished successfully.
[17:04:25] Walltime used: 0.03 minutes
[17:04:25] If you use this result please cite the Prokka paper:
[17:04:25] Seemann T (2014) Prokka: rapid prokaryotic genome annotation. Bioinformatics. 30(14):2068-9.
[17:04:25] Type 'prokka --citation' for more details.
[17:04:25] Thank you, come again.
