Discrepancy Report Results

Summary
FATAL: BAD_LOCUS_TAG_FORMAT:24 locus tags are incorrectly formatted.
FATAL: MISSING_PROTEIN_ID:24 proteins have invalid IDs.
DISC_SOURCE_QUALS_ASNDISC:strain (all present, all unique)
DISC_SOURCE_QUALS_ASNDISC:taxname (all present, all unique)
DISC_FEATURE_COUNT:gene: 24 present
DISC_FEATURE_COUNT:CDS: 24 present
DISC_FEATURE_COUNT:mRNA: 24 present
DISC_COUNT_NUCLEOTIDES:1 nucleotide Bioseqs are present
OVERLAPPING_GENES:8 genes overlap another gene on the same strand.
DISC_QUALITY_SCORES:Quality scores are missing on all sequences.
ONCALLER_COMMENT_PRESENT:1 comment descriptors were found (all same)
MISSING_GENOMEASSEMBLY_COMMENTS:1 bioseqs are missing GenomeAssembly structured comments
MOLTYPE_NOT_MRNA:1 molecule types are not set as mRNA.
TECHNIQUE_NOT_TSA:1 technique are not set as TSA
MISSING_STRUCTURED_COMMENT:1 sequences do not include structured comments.
MISSING_PROJECT:25 sequences do not include project.
DISC_INCONSISTENT_MOLINFO_TECH:Molinfo Technique Report (some missing, all same)


Detailed Report

FATAL: DiscRep_ALL:BAD_LOCUS_TAG_FORMAT::24 locus tags are incorrectly formatted.
PROKKA_NZ_CP013182/PROKKA_NZ_CP013182:Gene	rlmH	sccmec_saures_NZ_CP013182_l23175:1-480	NZ_CP013182_SCCmec_00001
PROKKA_NZ_CP013182/PROKKA_NZ_CP013182:Gene	NZ_CP013182_SCCmec_00002	sccmec_saures_NZ_CP013182_l23175:763-2058	NZ_CP013182_SCCmec_00002
PROKKA_NZ_CP013182/PROKKA_NZ_CP013182:Gene	NZ_CP013182_SCCmec_00003	sccmec_saures_NZ_CP013182_l23175:2473-2712	NZ_CP013182_SCCmec_00003
PROKKA_NZ_CP013182/PROKKA_NZ_CP013182:Gene	NZ_CP013182_SCCmec_00004	sccmec_saures_NZ_CP013182_l23175:c3418-2744	NZ_CP013182_SCCmec_00004
PROKKA_NZ_CP013182/PROKKA_NZ_CP013182:Gene	NZ_CP013182_SCCmec_00005	sccmec_saures_NZ_CP013182_l23175:3676-3843	NZ_CP013182_SCCmec_00005
PROKKA_NZ_CP013182/PROKKA_NZ_CP013182:Gene	NZ_CP013182_SCCmec_00006	sccmec_saures_NZ_CP013182_l23175:3941-4171	NZ_CP013182_SCCmec_00006
PROKKA_NZ_CP013182/PROKKA_NZ_CP013182:Gene	ugpQ	sccmec_saures_NZ_CP013182_l23175:4680-5423	NZ_CP013182_SCCmec_00007
PROKKA_NZ_CP013182/PROKKA_NZ_CP013182:Gene	paaZ	sccmec_saures_NZ_CP013182_l23175:5520-5948	NZ_CP013182_SCCmec_00008
PROKKA_NZ_CP013182/PROKKA_NZ_CP013182:Gene	pbp	sccmec_saures_NZ_CP013182_l23175:c8000-5994	NZ_CP013182_SCCmec_00009
PROKKA_NZ_CP013182/PROKKA_NZ_CP013182:Gene	mecR1	sccmec_saures_NZ_CP013182_l23175:8202-9086	NZ_CP013182_SCCmec_00010
PROKKA_NZ_CP013182/PROKKA_NZ_CP013182:Gene	NZ_CP013182_SCCmec_00011	sccmec_saures_NZ_CP013182_l23175:9046-9318	NZ_CP013182_SCCmec_00011
PROKKA_NZ_CP013182/PROKKA_NZ_CP013182:Gene	NZ_CP013182_SCCmec_00012	sccmec_saures_NZ_CP013182_l23175:c10829-9309	NZ_CP013182_SCCmec_00012
PROKKA_NZ_CP013182/PROKKA_NZ_CP013182:Gene	NZ_CP013182_SCCmec_00013	sccmec_saures_NZ_CP013182_l23175:c11477-10968	NZ_CP013182_SCCmec_00013
PROKKA_NZ_CP013182/PROKKA_NZ_CP013182:Gene	NZ_CP013182_SCCmec_00014	sccmec_saures_NZ_CP013182_l23175:c11731-11489	NZ_CP013182_SCCmec_00014
PROKKA_NZ_CP013182/PROKKA_NZ_CP013182:Gene	NZ_CP013182_SCCmec_00015	sccmec_saures_NZ_CP013182_l23175:c12236-11886	NZ_CP013182_SCCmec_00015
PROKKA_NZ_CP013182/PROKKA_NZ_CP013182:Gene	hin_1	sccmec_saures_NZ_CP013182_l23175:c14386-12758	NZ_CP013182_SCCmec_00016
PROKKA_NZ_CP013182/PROKKA_NZ_CP013182:Gene	hin_2	sccmec_saures_NZ_CP013182_l23175:c15775-14408	NZ_CP013182_SCCmec_00017
PROKKA_NZ_CP013182/PROKKA_NZ_CP013182:Gene	NZ_CP013182_SCCmec_00018	sccmec_saures_NZ_CP013182_l23175:c17784-15991	NZ_CP013182_SCCmec_00018
PROKKA_NZ_CP013182/PROKKA_NZ_CP013182:Gene	NZ_CP013182_SCCmec_00019	sccmec_saures_NZ_CP013182_l23175:c18104-17784	NZ_CP013182_SCCmec_00019
PROKKA_NZ_CP013182/PROKKA_NZ_CP013182:Gene	NZ_CP013182_SCCmec_00020	sccmec_saures_NZ_CP013182_l23175:18312-18626	NZ_CP013182_SCCmec_00020
PROKKA_NZ_CP013182/PROKKA_NZ_CP013182:Gene	NZ_CP013182_SCCmec_00021	sccmec_saures_NZ_CP013182_l23175:18611-19453	NZ_CP013182_SCCmec_00021
PROKKA_NZ_CP013182/PROKKA_NZ_CP013182:Gene	NZ_CP013182_SCCmec_00022	sccmec_saures_NZ_CP013182_l23175:c21038-19524	NZ_CP013182_SCCmec_00022
PROKKA_NZ_CP013182/PROKKA_NZ_CP013182:Gene	NZ_CP013182_SCCmec_00023	sccmec_saures_NZ_CP013182_l23175:21200-22045	NZ_CP013182_SCCmec_00023
PROKKA_NZ_CP013182/PROKKA_NZ_CP013182:Gene	NZ_CP013182_SCCmec_00024	sccmec_saures_NZ_CP013182_l23175:22024-22947	NZ_CP013182_SCCmec_00024

FATAL: DiscRep_ALL:MISSING_PROTEIN_ID::24 proteins have invalid IDs.
PROKKA_NZ_CP013182/PROKKA_NZ_CP013182:sccmec_saures_NZ_CP013182_l23175_1 (length 159)
PROKKA_NZ_CP013182/PROKKA_NZ_CP013182:sccmec_saures_NZ_CP013182_l23175_2 (length 431)
PROKKA_NZ_CP013182/PROKKA_NZ_CP013182:sccmec_saures_NZ_CP013182_l23175_3 (length 79)
PROKKA_NZ_CP013182/PROKKA_NZ_CP013182:sccmec_saures_NZ_CP013182_l23175_4 (length 224)
PROKKA_NZ_CP013182/PROKKA_NZ_CP013182:sccmec_saures_NZ_CP013182_l23175_5 (length 55)
PROKKA_NZ_CP013182/PROKKA_NZ_CP013182:sccmec_saures_NZ_CP013182_l23175_6 (length 76)
PROKKA_NZ_CP013182/PROKKA_NZ_CP013182:sccmec_saures_NZ_CP013182_l23175_7 (length 247)
PROKKA_NZ_CP013182/PROKKA_NZ_CP013182:sccmec_saures_NZ_CP013182_l23175_8 (length 142)
PROKKA_NZ_CP013182/PROKKA_NZ_CP013182:sccmec_saures_NZ_CP013182_l23175_9 (length 668)
PROKKA_NZ_CP013182/PROKKA_NZ_CP013182:sccmec_saures_NZ_CP013182_l23175_10 (length 294)
PROKKA_NZ_CP013182/PROKKA_NZ_CP013182:sccmec_saures_NZ_CP013182_l23175_11 (length 90)
PROKKA_NZ_CP013182/PROKKA_NZ_CP013182:sccmec_saures_NZ_CP013182_l23175_12 (length 506)
PROKKA_NZ_CP013182/PROKKA_NZ_CP013182:sccmec_saures_NZ_CP013182_l23175_13 (length 169)
PROKKA_NZ_CP013182/PROKKA_NZ_CP013182:sccmec_saures_NZ_CP013182_l23175_14 (length 80)
PROKKA_NZ_CP013182/PROKKA_NZ_CP013182:sccmec_saures_NZ_CP013182_l23175_15 (length 116)
PROKKA_NZ_CP013182/PROKKA_NZ_CP013182:sccmec_saures_NZ_CP013182_l23175_16 (length 542)
PROKKA_NZ_CP013182/PROKKA_NZ_CP013182:sccmec_saures_NZ_CP013182_l23175_17 (length 455)
PROKKA_NZ_CP013182/PROKKA_NZ_CP013182:sccmec_saures_NZ_CP013182_l23175_18 (length 597)
PROKKA_NZ_CP013182/PROKKA_NZ_CP013182:sccmec_saures_NZ_CP013182_l23175_19 (length 106)
PROKKA_NZ_CP013182/PROKKA_NZ_CP013182:sccmec_saures_NZ_CP013182_l23175_20 (length 104)
PROKKA_NZ_CP013182/PROKKA_NZ_CP013182:sccmec_saures_NZ_CP013182_l23175_21 (length 280)
PROKKA_NZ_CP013182/PROKKA_NZ_CP013182:sccmec_saures_NZ_CP013182_l23175_22 (length 504)
PROKKA_NZ_CP013182/PROKKA_NZ_CP013182:sccmec_saures_NZ_CP013182_l23175_23 (length 281)
PROKKA_NZ_CP013182/PROKKA_NZ_CP013182:sccmec_saures_NZ_CP013182_l23175_24 (length 307)

DiscRep_ALL:DISC_SOURCE_QUALS_ASNDISC::strain (all present, all unique)
DiscRep_SUB:DISC_SOURCE_QUALS_ASNDISC::1 sources have unique values for strain
DiscRep_ALL:DISC_SOURCE_QUALS_ASNDISC::taxname (all present, all unique)
DiscRep_SUB:DISC_SOURCE_QUALS_ASNDISC::1 sources have unique values for taxname
DiscRep_ALL:DISC_FEATURE_COUNT::gene: 24 present
DiscRep_ALL:DISC_FEATURE_COUNT::CDS: 24 present
DiscRep_ALL:DISC_FEATURE_COUNT::mRNA: 24 present
DiscRep_ALL:DISC_COUNT_NUCLEOTIDES::1 nucleotide Bioseqs are present
PROKKA_NZ_CP013182/PROKKA_NZ_CP013182:sccmec_saures_NZ_CP013182_l23175 (length 23175)

DiscRep_ALL:OVERLAPPING_GENES::8 genes overlap another gene on the same strand.
PROKKA_NZ_CP013182/PROKKA_NZ_CP013182:Gene	mecR1	sccmec_saures_NZ_CP013182_l23175:8202-9086	NZ_CP013182_SCCmec_00010
PROKKA_NZ_CP013182/PROKKA_NZ_CP013182:Gene	NZ_CP013182_SCCmec_00011	sccmec_saures_NZ_CP013182_l23175:9046-9318	NZ_CP013182_SCCmec_00011
PROKKA_NZ_CP013182/PROKKA_NZ_CP013182:Gene	NZ_CP013182_SCCmec_00018	sccmec_saures_NZ_CP013182_l23175:c17784-15991	NZ_CP013182_SCCmec_00018
PROKKA_NZ_CP013182/PROKKA_NZ_CP013182:Gene	NZ_CP013182_SCCmec_00019	sccmec_saures_NZ_CP013182_l23175:c18104-17784	NZ_CP013182_SCCmec_00019
PROKKA_NZ_CP013182/PROKKA_NZ_CP013182:Gene	NZ_CP013182_SCCmec_00020	sccmec_saures_NZ_CP013182_l23175:18312-18626	NZ_CP013182_SCCmec_00020
PROKKA_NZ_CP013182/PROKKA_NZ_CP013182:Gene	NZ_CP013182_SCCmec_00021	sccmec_saures_NZ_CP013182_l23175:18611-19453	NZ_CP013182_SCCmec_00021
PROKKA_NZ_CP013182/PROKKA_NZ_CP013182:Gene	NZ_CP013182_SCCmec_00023	sccmec_saures_NZ_CP013182_l23175:21200-22045	NZ_CP013182_SCCmec_00023
PROKKA_NZ_CP013182/PROKKA_NZ_CP013182:Gene	NZ_CP013182_SCCmec_00024	sccmec_saures_NZ_CP013182_l23175:22024-22947	NZ_CP013182_SCCmec_00024

DiscRep_ALL:DISC_QUALITY_SCORES::Quality scores are missing on all sequences.

DiscRep_ALL:ONCALLER_COMMENT_PRESENT::1 comment descriptors were found (all same)
PROKKA_NZ_CP013182/PROKKA_NZ_CP013182:sccmec_saures_NZ_CP013182_l23175:Annotated using prokka 1.12 from https://github.com/tseemann/prokka

DiscRep_ALL:MISSING_GENOMEASSEMBLY_COMMENTS::1 bioseqs are missing GenomeAssembly structured comments
PROKKA_NZ_CP013182/PROKKA_NZ_CP013182:sccmec_saures_NZ_CP013182_l23175 (length 23175)

DiscRep_ALL:MOLTYPE_NOT_MRNA::1 molecule types are not set as mRNA.
PROKKA_NZ_CP013182/PROKKA_NZ_CP013182:sccmec_saures_NZ_CP013182_l23175 (length 23175)

DiscRep_ALL:TECHNIQUE_NOT_TSA::1 technique are not set as TSA
PROKKA_NZ_CP013182/PROKKA_NZ_CP013182:sccmec_saures_NZ_CP013182_l23175 (length 23175)

DiscRep_ALL:MISSING_STRUCTURED_COMMENT::1 sequences do not include structured comments.
PROKKA_NZ_CP013182/PROKKA_NZ_CP013182:sccmec_saures_NZ_CP013182_l23175 (length 23175)

DiscRep_ALL:MISSING_PROJECT::25 sequences do not include project.
PROKKA_NZ_CP013182/PROKKA_NZ_CP013182:sccmec_saures_NZ_CP013182_l23175 (length 23175)
PROKKA_NZ_CP013182/PROKKA_NZ_CP013182:sccmec_saures_NZ_CP013182_l23175_1 (length 159)
PROKKA_NZ_CP013182/PROKKA_NZ_CP013182:sccmec_saures_NZ_CP013182_l23175_2 (length 431)
PROKKA_NZ_CP013182/PROKKA_NZ_CP013182:sccmec_saures_NZ_CP013182_l23175_3 (length 79)
PROKKA_NZ_CP013182/PROKKA_NZ_CP013182:sccmec_saures_NZ_CP013182_l23175_4 (length 224)
PROKKA_NZ_CP013182/PROKKA_NZ_CP013182:sccmec_saures_NZ_CP013182_l23175_5 (length 55)
PROKKA_NZ_CP013182/PROKKA_NZ_CP013182:sccmec_saures_NZ_CP013182_l23175_6 (length 76)
PROKKA_NZ_CP013182/PROKKA_NZ_CP013182:sccmec_saures_NZ_CP013182_l23175_7 (length 247)
PROKKA_NZ_CP013182/PROKKA_NZ_CP013182:sccmec_saures_NZ_CP013182_l23175_8 (length 142)
PROKKA_NZ_CP013182/PROKKA_NZ_CP013182:sccmec_saures_NZ_CP013182_l23175_9 (length 668)
PROKKA_NZ_CP013182/PROKKA_NZ_CP013182:sccmec_saures_NZ_CP013182_l23175_10 (length 294)
PROKKA_NZ_CP013182/PROKKA_NZ_CP013182:sccmec_saures_NZ_CP013182_l23175_11 (length 90)
PROKKA_NZ_CP013182/PROKKA_NZ_CP013182:sccmec_saures_NZ_CP013182_l23175_12 (length 506)
PROKKA_NZ_CP013182/PROKKA_NZ_CP013182:sccmec_saures_NZ_CP013182_l23175_13 (length 169)
PROKKA_NZ_CP013182/PROKKA_NZ_CP013182:sccmec_saures_NZ_CP013182_l23175_14 (length 80)
PROKKA_NZ_CP013182/PROKKA_NZ_CP013182:sccmec_saures_NZ_CP013182_l23175_15 (length 116)
PROKKA_NZ_CP013182/PROKKA_NZ_CP013182:sccmec_saures_NZ_CP013182_l23175_16 (length 542)
PROKKA_NZ_CP013182/PROKKA_NZ_CP013182:sccmec_saures_NZ_CP013182_l23175_17 (length 455)
PROKKA_NZ_CP013182/PROKKA_NZ_CP013182:sccmec_saures_NZ_CP013182_l23175_18 (length 597)
PROKKA_NZ_CP013182/PROKKA_NZ_CP013182:sccmec_saures_NZ_CP013182_l23175_19 (length 106)
PROKKA_NZ_CP013182/PROKKA_NZ_CP013182:sccmec_saures_NZ_CP013182_l23175_20 (length 104)
PROKKA_NZ_CP013182/PROKKA_NZ_CP013182:sccmec_saures_NZ_CP013182_l23175_21 (length 280)
PROKKA_NZ_CP013182/PROKKA_NZ_CP013182:sccmec_saures_NZ_CP013182_l23175_22 (length 504)
PROKKA_NZ_CP013182/PROKKA_NZ_CP013182:sccmec_saures_NZ_CP013182_l23175_23 (length 281)
PROKKA_NZ_CP013182/PROKKA_NZ_CP013182:sccmec_saures_NZ_CP013182_l23175_24 (length 307)

DiscRep_ALL:DISC_INCONSISTENT_MOLINFO_TECH::Molinfo Technique Report (some missing, all same)
DiscRep_SUB:DISC_INCONSISTENT_MOLINFO_TECH::technique (all missing)
DiscRep_SUB:DISC_INCONSISTENT_MOLINFO_TECH::1 Molinfos are missing field technique
PROKKA_NZ_CP013182/PROKKA_NZ_CP013182:sccmec_saures_NZ_CP013182_l23175 (length 23175)

