[17:15:26] This is prokka 1.12
[17:15:26] Written by Torsten Seemann <torsten.seemann@gmail.com>
[17:15:26] Homepage is https://github.com/tseemann/prokka
[17:15:26] Local time is Mon May 15 17:15:26 2017
[17:15:26] You are fsepulveda
[17:15:26] Operating system is linux
[17:15:26] You have BioPerl 1.006924
[17:15:26] System has 4 cores.
[17:15:26] Option --cpu asked for 8 cores, but system only has 4
[17:15:26] Will use maximum of 4 cores.
[17:15:26] Annotating as >>> Bacteria <<<
[17:15:26] Creating new output folder: PROKKA_NZ_CP013182
[17:15:26] Running: mkdir -p PROKKA_NZ_CP013182
[17:15:26] Using filename prefix: PROKKA_NZ_CP013182.XXX
[17:15:26] Setting HMMER_NCPU=1
[17:15:26] Writing log to: PROKKA_NZ_CP013182/PROKKA_NZ_CP013182.log
[17:15:26] Command: /home/fsepulveda/Desktop/tesis/sccmec_classification/prokka-1.12/bin/prokka --genus Staphylococcus --prefix PROKKA_NZ_CP013182 --addgenes --addmrna --locustag NZ_CP013182_SCCmec /home/fsepulveda/Documents/parte2/229_sccmec/sccmec_NZ_CP013182.fasta
[17:15:26] Appending to PATH: /home/fsepulveda/Desktop/tesis/sccmec_classification/prokka-1.12/bin/../binaries/linux
[17:15:26] Appending to PATH: /home/fsepulveda/Desktop/tesis/sccmec_classification/prokka-1.12/bin/../binaries/linux/../common
[17:15:26] Appending to PATH: /home/fsepulveda/Desktop/tesis/sccmec_classification/prokka-1.12/bin
[17:15:26] Looking for 'aragorn' - found /home/fsepulveda/Desktop/tesis/sccmec_classification/prokka-1.12/bin/../binaries/linux/aragorn
[17:15:26] Determined aragorn version is 1.2
[17:15:26] Looking for 'blastp' - found /usr/bin/blastp
[17:15:26] Determined blastp version is 2.2
[17:15:26] Looking for 'cmpress' - found /usr/bin/cmpress
[17:15:26] Determined cmpress version is 1.1
[17:15:26] Looking for 'cmscan' - found /usr/bin/cmscan
[17:15:26] Determined cmscan version is 1.1
[17:15:26] Looking for 'egrep' - found /bin/egrep
[17:15:26] Looking for 'find' - found /usr/bin/find
[17:15:26] Looking for 'grep' - found /bin/grep
[17:15:26] Looking for 'hmmpress' - found /usr/bin/hmmpress
[17:15:26] Determined hmmpress version is 3.1
[17:15:26] Looking for 'hmmscan' - found /usr/bin/hmmscan
[17:15:26] Determined hmmscan version is 3.1
[17:15:26] Looking for 'java' - found /usr/bin/java
[17:15:26] Looking for 'less' - found /usr/bin/less
[17:15:26] Looking for 'makeblastdb' - found /usr/bin/makeblastdb
[17:15:26] Determined makeblastdb version is 2.2
[17:15:26] Looking for 'minced' - found /home/fsepulveda/Desktop/tesis/sccmec_classification/prokka-1.12/bin/../binaries/linux/../common/minced
[17:15:27] Determined minced version is 2.0
[17:15:27] Looking for 'parallel' - found /home/fsepulveda/Desktop/tesis/sccmec_classification/prokka-1.12/bin/../binaries/linux/../common/parallel
[17:15:27] Determined parallel version is 20150122
[17:15:27] Looking for 'prodigal' - found /home/fsepulveda/Desktop/tesis/sccmec_classification/prokka-1.12/bin/../binaries/linux/prodigal
[17:15:27] Determined prodigal version is 2.6
[17:15:27] Looking for 'prokka-genbank_to_fasta_db' - found /home/fsepulveda/Desktop/tesis/sccmec_classification/prokka-1.12/bin/prokka-genbank_to_fasta_db
[17:15:27] Looking for 'sed' - found /bin/sed
[17:15:27] Looking for 'tbl2asn' - found /home/fsepulveda/Desktop/tesis/sccmec_classification/prokka-1.12/bin/../binaries/linux/tbl2asn
[17:15:27] Determined tbl2asn version is 25.3
[17:15:27] Using genetic code table 11.
[17:15:27] Loading and checking input file: /home/fsepulveda/Documents/parte2/229_sccmec/sccmec_NZ_CP013182.fasta
[17:15:27] Wrote 1 contigs totalling 23175 bp.
[17:15:27] Predicting tRNAs and tmRNAs
[17:15:27] Running: aragorn -l -gc11  -w PROKKA_NZ_CP013182\/PROKKA_NZ_CP013182\.fna
[17:15:27] Found 0 tRNAs
[17:15:27] Predicting Ribosomal RNAs
[17:15:27] You need either Barrnap or RNAmmer installed to predict rRNAs!
[17:15:27] Skipping ncRNA search, enable with --rfam if desired.
[17:15:27] Total of 0 tRNA + rRNA features
[17:15:27] Searching for CRISPR repeats
[17:15:27] Found 0 CRISPRs
[17:15:27] Predicting coding sequences
[17:15:27] Contigs total 23175 bp, so using meta mode
[17:15:27] Running: prodigal -i PROKKA_NZ_CP013182\/PROKKA_NZ_CP013182\.fna -c -m -g 11 -p meta -f sco -q
[17:15:27] Found 24 CDS
[17:15:27] Connecting features back to sequences
[17:15:27] Not using genus-specific database. Try --usegenus to enable it.
[17:15:27] Annotating CDS, please be patient.
[17:15:27] Will use 4 CPUs for similarity searching.
[17:15:27] There are still 24 unannotated CDS left (started with 24)
[17:15:27] Will use blast to search against /home/fsepulveda/Desktop/tesis/sccmec_classification/prokka-1.12/bin/../db/kingdom/Bacteria/sprot with 4 CPUs
[17:15:27] Running: cat PROKKA_NZ_CP013182\/sprot\.faa | parallel --gnu --plain -j 4 --block 827 --recstart '>' --pipe blastp -query - -db /home/fsepulveda/Desktop/tesis/sccmec_classification/prokka-1.12/bin/../db/kingdom/Bacteria/sprot -evalue 1e-06 -num_threads 1 -num_descriptions 1 -num_alignments 1 -seg no > PROKKA_NZ_CP013182\/sprot\.blast 2> /dev/null
[17:15:28] Deleting unwanted file: PROKKA_NZ_CP013182/sprot.faa
[17:15:28] Deleting unwanted file: PROKKA_NZ_CP013182/sprot.blast
[17:15:28] There are still 17 unannotated CDS left (started with 24)
[17:15:28] Will use hmmer3 to search against /home/fsepulveda/Desktop/tesis/sccmec_classification/prokka-1.12/bin/../db/hmm/HAMAP.hmm with 4 CPUs
[17:15:28] Running: cat PROKKA_NZ_CP013182\/HAMAP\.hmm\.faa | parallel --gnu --plain -j 4 --block 510 --recstart '>' --pipe hmmscan --noali --notextw --acc -E 1e-06 --cpu 1 /home/fsepulveda/Desktop/tesis/sccmec_classification/prokka-1.12/bin/../db/hmm/HAMAP.hmm /dev/stdin > PROKKA_NZ_CP013182\/HAMAP\.hmm\.hmmer3 2> /dev/null
[17:15:28] Deleting unwanted file: PROKKA_NZ_CP013182/HAMAP.hmm.faa
[17:15:28] Deleting unwanted file: PROKKA_NZ_CP013182/HAMAP.hmm.hmmer3
[17:15:28] Labelling remaining 17 proteins as 'hypothetical protein'
[17:15:28] Possible /pseudo 'DNA-invertase hin' at sccmec_saures_NZ_CP013182_l23175 position 14408
[17:15:28] Found 6 unique /gene codes.
[17:15:28] Fixed 2 duplicate /gene - hin_1 hin_2
[17:15:28] Fixed 1 colliding /gene names.
[17:15:28] Adding /locus_tag identifiers
[17:15:28] Assigned 24 locus_tags to CDS and RNA features.
[17:15:28] Writing outputs to PROKKA_NZ_CP013182/
[17:15:28] Generating annotation statistics file
[17:15:28] Generating Genbank and Sequin files
[17:15:28] Running: tbl2asn -V b -a r10k -l paired-ends -M n -N 1 -y 'Annotated using prokka 1.12 from https://github.com/tseemann/prokka' -Z PROKKA_NZ_CP013182\/PROKKA_NZ_CP013182\.err -i PROKKA_NZ_CP013182\/PROKKA_NZ_CP013182\.fsa 2> /dev/null
[17:15:29] Deleting unwanted file: PROKKA_NZ_CP013182/errorsummary.val
[17:15:29] Deleting unwanted file: PROKKA_NZ_CP013182/PROKKA_NZ_CP013182.dr
[17:15:29] Deleting unwanted file: PROKKA_NZ_CP013182/PROKKA_NZ_CP013182.fixedproducts
[17:15:29] Deleting unwanted file: PROKKA_NZ_CP013182/PROKKA_NZ_CP013182.ecn
[17:15:29] Deleting unwanted file: PROKKA_NZ_CP013182/PROKKA_NZ_CP013182.val
[17:15:29] Repairing broken .GBK output that tbl2asn produces...
[17:15:29] Running: sed 's/COORDINATES: profile/COORDINATES:profile/' < PROKKA_NZ_CP013182\/PROKKA_NZ_CP013182\.gbf > PROKKA_NZ_CP013182\/PROKKA_NZ_CP013182\.gbk
[17:15:29] Deleting unwanted file: PROKKA_NZ_CP013182/PROKKA_NZ_CP013182.gbf
[17:15:29] Output files:
[17:15:29] PROKKA_NZ_CP013182/PROKKA_NZ_CP013182.sqn
[17:15:29] PROKKA_NZ_CP013182/PROKKA_NZ_CP013182.tbl
[17:15:29] PROKKA_NZ_CP013182/PROKKA_NZ_CP013182.fsa
[17:15:29] PROKKA_NZ_CP013182/PROKKA_NZ_CP013182.faa
[17:15:29] PROKKA_NZ_CP013182/PROKKA_NZ_CP013182.gbk
[17:15:29] PROKKA_NZ_CP013182/PROKKA_NZ_CP013182.gff
[17:15:29] PROKKA_NZ_CP013182/PROKKA_NZ_CP013182.fna
[17:15:29] PROKKA_NZ_CP013182/PROKKA_NZ_CP013182.err
[17:15:29] PROKKA_NZ_CP013182/PROKKA_NZ_CP013182.tsv
[17:15:29] PROKKA_NZ_CP013182/PROKKA_NZ_CP013182.ffn
[17:15:29] PROKKA_NZ_CP013182/PROKKA_NZ_CP013182.txt
[17:15:29] PROKKA_NZ_CP013182/PROKKA_NZ_CP013182.log
[17:15:29] Annotation finished successfully.
[17:15:29] Walltime used: 0.05 minutes
[17:15:29] If you use this result please cite the Prokka paper:
[17:15:29] Seemann T (2014) Prokka: rapid prokaryotic genome annotation. Bioinformatics. 30(14):2068-9.
[17:15:29] Type 'prokka --citation' for more details.
[17:15:29] Share and enjoy!
