Discrepancy Report Results

Summary
FATAL: BAD_LOCUS_TAG_FORMAT:65 locus tags are incorrectly formatted.
DISC_SOURCE_QUALS_ASNDISC:strain (all present, all unique)
DISC_SOURCE_QUALS_ASNDISC:taxname (all present, all unique)
DISC_FEATURE_COUNT:gene: 65 present
DISC_FEATURE_COUNT:CDS: 65 present
DISC_COUNT_NUCLEOTIDES:1 nucleotide Bioseqs are present
OVERLAPPING_GENES:16 genes overlap another gene on the same strand.
DISC_QUALITY_SCORES:Quality scores are missing on all sequences.
ONCALLER_COMMENT_PRESENT:1 comment descriptors were found (all same)
SHORT_PROT_SEQUENCES:3 protein sequences are shorter than 50 aa.
MISSING_GENOMEASSEMBLY_COMMENTS:1 bioseqs are missing GenomeAssembly structured comments
MOLTYPE_NOT_MRNA:1 molecule types are not set as mRNA.
TECHNIQUE_NOT_TSA:1 technique are not set as TSA
MISSING_STRUCTURED_COMMENT:1 sequences do not include structured comments.
MISSING_PROJECT:66 sequences do not include project.
DISC_INCONSISTENT_MOLINFO_TECH:Molinfo Technique Report (some missing, all same)


Detailed Report

FATAL: DiscRep_ALL:BAD_LOCUS_TAG_FORMAT::65 locus tags are incorrectly formatted.
SCCmec_AB505630_Type-X/SCCmec_AB505630_Type-X:Gene	rlmH	SCCmec_AB505630_Type-X_1:1-480	SCCmec_AB505630_Type-X_00001
SCCmec_AB505630_Type-X/SCCmec_AB505630_Type-X:Gene	SCCmec_AB505630_Type-X_00002	SCCmec_AB505630_Type-X_1:546-1322	SCCmec_AB505630_Type-X_00002
SCCmec_AB505630_Type-X/SCCmec_AB505630_Type-X:Gene	SCCmec_AB505630_Type-X_00003	SCCmec_AB505630_Type-X_1:1694-2077	SCCmec_AB505630_Type-X_00003
SCCmec_AB505630_Type-X/SCCmec_AB505630_Type-X:Gene	SCCmec_AB505630_Type-X_00004	SCCmec_AB505630_Type-X_1:2089-2721	SCCmec_AB505630_Type-X_00004
SCCmec_AB505630_Type-X/SCCmec_AB505630_Type-X:Gene	arsC_1	SCCmec_AB505630_Type-X_1:c3251-2916	SCCmec_AB505630_Type-X_00005
SCCmec_AB505630_Type-X/SCCmec_AB505630_Type-X:Gene	arsB_1	SCCmec_AB505630_Type-X_1:c4554-3265	SCCmec_AB505630_Type-X_00006
SCCmec_AB505630_Type-X/SCCmec_AB505630_Type-X:Gene	sdpR_1	SCCmec_AB505630_Type-X_1:c4871-4554	SCCmec_AB505630_Type-X_00007
SCCmec_AB505630_Type-X/SCCmec_AB505630_Type-X:Gene	SCCmec_AB505630_Type-X_00008	SCCmec_AB505630_Type-X_1:5001-5675	SCCmec_AB505630_Type-X_00008
SCCmec_AB505630_Type-X/SCCmec_AB505630_Type-X:Gene	pbp	SCCmec_AB505630_Type-X_1:5851-7857	SCCmec_AB505630_Type-X_00009
SCCmec_AB505630_Type-X/SCCmec_AB505630_Type-X:Gene	paaZ	SCCmec_AB505630_Type-X_1:c8331-7903	SCCmec_AB505630_Type-X_00010
SCCmec_AB505630_Type-X/SCCmec_AB505630_Type-X:Gene	ugpQ	SCCmec_AB505630_Type-X_1:c9171-8428	SCCmec_AB505630_Type-X_00011
SCCmec_AB505630_Type-X/SCCmec_AB505630_Type-X:Gene	SCCmec_AB505630_Type-X_00012	SCCmec_AB505630_Type-X_1:c10110-9880	SCCmec_AB505630_Type-X_00012
SCCmec_AB505630_Type-X/SCCmec_AB505630_Type-X:Gene	SCCmec_AB505630_Type-X_00013	SCCmec_AB505630_Type-X_1:c10375-10208	SCCmec_AB505630_Type-X_00013
SCCmec_AB505630_Type-X/SCCmec_AB505630_Type-X:Gene	SCCmec_AB505630_Type-X_00014	SCCmec_AB505630_Type-X_1:10633-11307	SCCmec_AB505630_Type-X_00014
SCCmec_AB505630_Type-X/SCCmec_AB505630_Type-X:Gene	SCCmec_AB505630_Type-X_00015	SCCmec_AB505630_Type-X_1:11461-11721	SCCmec_AB505630_Type-X_00015
SCCmec_AB505630_Type-X/SCCmec_AB505630_Type-X:Gene	bcgIA	SCCmec_AB505630_Type-X_1:11694-12401	SCCmec_AB505630_Type-X_00016
SCCmec_AB505630_Type-X/SCCmec_AB505630_Type-X:Gene	SCCmec_AB505630_Type-X_00017	SCCmec_AB505630_Type-X_1:12479-12829	SCCmec_AB505630_Type-X_00017
SCCmec_AB505630_Type-X/SCCmec_AB505630_Type-X:Gene	bcgIB	SCCmec_AB505630_Type-X_1:12816-13859	SCCmec_AB505630_Type-X_00018
SCCmec_AB505630_Type-X/SCCmec_AB505630_Type-X:Gene	SCCmec_AB505630_Type-X_00019	SCCmec_AB505630_Type-X_1:c14540-14319	SCCmec_AB505630_Type-X_00019
SCCmec_AB505630_Type-X/SCCmec_AB505630_Type-X:Gene	SCCmec_AB505630_Type-X_00020	SCCmec_AB505630_Type-X_1:c15057-14554	SCCmec_AB505630_Type-X_00020
SCCmec_AB505630_Type-X/SCCmec_AB505630_Type-X:Gene	SCCmec_AB505630_Type-X_00021	SCCmec_AB505630_Type-X_1:c15383-15072	SCCmec_AB505630_Type-X_00021
SCCmec_AB505630_Type-X/SCCmec_AB505630_Type-X:Gene	SCCmec_AB505630_Type-X_00022	SCCmec_AB505630_Type-X_1:c15477-15376	SCCmec_AB505630_Type-X_00022
SCCmec_AB505630_Type-X/SCCmec_AB505630_Type-X:Gene	SCCmec_AB505630_Type-X_00023	SCCmec_AB505630_Type-X_1:c15817-15479	SCCmec_AB505630_Type-X_00023
SCCmec_AB505630_Type-X/SCCmec_AB505630_Type-X:Gene	hin	SCCmec_AB505630_Type-X_1:c17913-16456	SCCmec_AB505630_Type-X_00024
SCCmec_AB505630_Type-X/SCCmec_AB505630_Type-X:Gene	tnpR	SCCmec_AB505630_Type-X_1:c19284-17935	SCCmec_AB505630_Type-X_00025
SCCmec_AB505630_Type-X/SCCmec_AB505630_Type-X:Gene	SCCmec_AB505630_Type-X_00026	SCCmec_AB505630_Type-X_1:c19719-19462	SCCmec_AB505630_Type-X_00026
SCCmec_AB505630_Type-X/SCCmec_AB505630_Type-X:Gene	SCCmec_AB505630_Type-X_00027	SCCmec_AB505630_Type-X_1:c21574-19784	SCCmec_AB505630_Type-X_00027
SCCmec_AB505630_Type-X/SCCmec_AB505630_Type-X:Gene	SCCmec_AB505630_Type-X_00028	SCCmec_AB505630_Type-X_1:c21723-21574	SCCmec_AB505630_Type-X_00028
SCCmec_AB505630_Type-X/SCCmec_AB505630_Type-X:Gene	SCCmec_AB505630_Type-X_00029	SCCmec_AB505630_Type-X_1:c22895-21906	SCCmec_AB505630_Type-X_00029
SCCmec_AB505630_Type-X/SCCmec_AB505630_Type-X:Gene	SCCmec_AB505630_Type-X_00030	SCCmec_AB505630_Type-X_1:23085-23249	SCCmec_AB505630_Type-X_00030
SCCmec_AB505630_Type-X/SCCmec_AB505630_Type-X:Gene	SCCmec_AB505630_Type-X_00031	SCCmec_AB505630_Type-X_1:c24051-23704	SCCmec_AB505630_Type-X_00031
SCCmec_AB505630_Type-X/SCCmec_AB505630_Type-X:Gene	hchA	SCCmec_AB505630_Type-X_1:24129-24812	SCCmec_AB505630_Type-X_00032
SCCmec_AB505630_Type-X/SCCmec_AB505630_Type-X:Gene	yhfK	SCCmec_AB505630_Type-X_1:24834-25499	SCCmec_AB505630_Type-X_00033
SCCmec_AB505630_Type-X/SCCmec_AB505630_Type-X:Gene	yfmJ	SCCmec_AB505630_Type-X_1:25503-26507	SCCmec_AB505630_Type-X_00034
SCCmec_AB505630_Type-X/SCCmec_AB505630_Type-X:Gene	SCCmec_AB505630_Type-X_00035	SCCmec_AB505630_Type-X_1:26516-26881	SCCmec_AB505630_Type-X_00035
SCCmec_AB505630_Type-X/SCCmec_AB505630_Type-X:Gene	SCCmec_AB505630_Type-X_00036	SCCmec_AB505630_Type-X_1:27419-28036	SCCmec_AB505630_Type-X_00036
SCCmec_AB505630_Type-X/SCCmec_AB505630_Type-X:Gene	cadC	SCCmec_AB505630_Type-X_1:28055-28396	SCCmec_AB505630_Type-X_00037
SCCmec_AB505630_Type-X/SCCmec_AB505630_Type-X:Gene	bcr	SCCmec_AB505630_Type-X_1:c30128-28977	SCCmec_AB505630_Type-X_00038
SCCmec_AB505630_Type-X/SCCmec_AB505630_Type-X:Gene	yecD	SCCmec_AB505630_Type-X_1:c30827-30258	SCCmec_AB505630_Type-X_00039
SCCmec_AB505630_Type-X/SCCmec_AB505630_Type-X:Gene	acrR	SCCmec_AB505630_Type-X_1:c31419-30847	SCCmec_AB505630_Type-X_00040
SCCmec_AB505630_Type-X/SCCmec_AB505630_Type-X:Gene	SCCmec_AB505630_Type-X_00041	SCCmec_AB505630_Type-X_1:c32588-31752	SCCmec_AB505630_Type-X_00041
SCCmec_AB505630_Type-X/SCCmec_AB505630_Type-X:Gene	SCCmec_AB505630_Type-X_00042	SCCmec_AB505630_Type-X_1:c33102-32611	SCCmec_AB505630_Type-X_00042
SCCmec_AB505630_Type-X/SCCmec_AB505630_Type-X:Gene	geoA	SCCmec_AB505630_Type-X_1:33346-33657	SCCmec_AB505630_Type-X_00043
SCCmec_AB505630_Type-X/SCCmec_AB505630_Type-X:Gene	SCCmec_AB505630_Type-X_00044	SCCmec_AB505630_Type-X_1:33853-34053	SCCmec_AB505630_Type-X_00044
SCCmec_AB505630_Type-X/SCCmec_AB505630_Type-X:Gene	xylB	SCCmec_AB505630_Type-X_1:34176-34370	SCCmec_AB505630_Type-X_00045
SCCmec_AB505630_Type-X/SCCmec_AB505630_Type-X:Gene	SCCmec_AB505630_Type-X_00046	SCCmec_AB505630_Type-X_1:c35684-34731	SCCmec_AB505630_Type-X_00046
SCCmec_AB505630_Type-X/SCCmec_AB505630_Type-X:Gene	SCCmec_AB505630_Type-X_00047	SCCmec_AB505630_Type-X_1:c36122-35751	SCCmec_AB505630_Type-X_00047
SCCmec_AB505630_Type-X/SCCmec_AB505630_Type-X:Gene	emrY	SCCmec_AB505630_Type-X_1:c37564-36155	SCCmec_AB505630_Type-X_00048
SCCmec_AB505630_Type-X/SCCmec_AB505630_Type-X:Gene	nhoA	SCCmec_AB505630_Type-X_1:37701-38486	SCCmec_AB505630_Type-X_00049
SCCmec_AB505630_Type-X/SCCmec_AB505630_Type-X:Gene	yvdT	SCCmec_AB505630_Type-X_1:38517-39089	SCCmec_AB505630_Type-X_00050
SCCmec_AB505630_Type-X/SCCmec_AB505630_Type-X:Gene	lptB	SCCmec_AB505630_Type-X_1:c39447-39271	SCCmec_AB505630_Type-X_00051
SCCmec_AB505630_Type-X/SCCmec_AB505630_Type-X:Gene	SCCmec_AB505630_Type-X_00052	SCCmec_AB505630_Type-X_1:39557-39670	SCCmec_AB505630_Type-X_00052
SCCmec_AB505630_Type-X/SCCmec_AB505630_Type-X:Gene	SCCmec_AB505630_Type-X_00053	SCCmec_AB505630_Type-X_1:39648-39995	SCCmec_AB505630_Type-X_00053
SCCmec_AB505630_Type-X/SCCmec_AB505630_Type-X:Gene	SCCmec_AB505630_Type-X_00054	SCCmec_AB505630_Type-X_1:40230-40397	SCCmec_AB505630_Type-X_00054
SCCmec_AB505630_Type-X/SCCmec_AB505630_Type-X:Gene	SCCmec_AB505630_Type-X_00055	SCCmec_AB505630_Type-X_1:40673-41047	SCCmec_AB505630_Type-X_00055
SCCmec_AB505630_Type-X/SCCmec_AB505630_Type-X:Gene	gloC	SCCmec_AB505630_Type-X_1:c42457-41129	SCCmec_AB505630_Type-X_00056
SCCmec_AB505630_Type-X/SCCmec_AB505630_Type-X:Gene	glpE	SCCmec_AB505630_Type-X_1:c43546-42476	SCCmec_AB505630_Type-X_00057
SCCmec_AB505630_Type-X/SCCmec_AB505630_Type-X:Gene	ricR	SCCmec_AB505630_Type-X_1:43686-43946	SCCmec_AB505630_Type-X_00058
SCCmec_AB505630_Type-X/SCCmec_AB505630_Type-X:Gene	SCCmec_AB505630_Type-X_00059	SCCmec_AB505630_Type-X_1:43943-44701	SCCmec_AB505630_Type-X_00059
SCCmec_AB505630_Type-X/SCCmec_AB505630_Type-X:Gene	arsC_2	SCCmec_AB505630_Type-X_1:c45161-44763	SCCmec_AB505630_Type-X_00060
SCCmec_AB505630_Type-X/SCCmec_AB505630_Type-X:Gene	arsB_2	SCCmec_AB505630_Type-X_1:c46464-45175	SCCmec_AB505630_Type-X_00061
SCCmec_AB505630_Type-X/SCCmec_AB505630_Type-X:Gene	sdpR_2	SCCmec_AB505630_Type-X_1:c46781-46464	SCCmec_AB505630_Type-X_00062
SCCmec_AB505630_Type-X/SCCmec_AB505630_Type-X:Gene	copB	SCCmec_AB505630_Type-X_1:47050-49110	SCCmec_AB505630_Type-X_00063
SCCmec_AB505630_Type-X/SCCmec_AB505630_Type-X:Gene	mco	SCCmec_AB505630_Type-X_1:49125-50558	SCCmec_AB505630_Type-X_00064
SCCmec_AB505630_Type-X/SCCmec_AB505630_Type-X:Gene	SCCmec_AB505630_Type-X_00065	SCCmec_AB505630_Type-X_1:50578-51060	SCCmec_AB505630_Type-X_00065

DiscRep_ALL:DISC_SOURCE_QUALS_ASNDISC::strain (all present, all unique)
DiscRep_SUB:DISC_SOURCE_QUALS_ASNDISC::1 sources have unique values for strain
DiscRep_ALL:DISC_SOURCE_QUALS_ASNDISC::taxname (all present, all unique)
DiscRep_SUB:DISC_SOURCE_QUALS_ASNDISC::1 sources have unique values for taxname
DiscRep_ALL:DISC_FEATURE_COUNT::gene: 65 present
DiscRep_ALL:DISC_FEATURE_COUNT::CDS: 65 present
DiscRep_ALL:DISC_COUNT_NUCLEOTIDES::1 nucleotide Bioseqs are present
SCCmec_AB505630_Type-X/SCCmec_AB505630_Type-X:10:SCCmec_AB505630_Type-X_1 (length 51301)

DiscRep_ALL:OVERLAPPING_GENES::16 genes overlap another gene on the same strand.
SCCmec_AB505630_Type-X/SCCmec_AB505630_Type-X:Gene	arsB_1	SCCmec_AB505630_Type-X_1:c4554-3265	SCCmec_AB505630_Type-X_00006
SCCmec_AB505630_Type-X/SCCmec_AB505630_Type-X:Gene	sdpR_1	SCCmec_AB505630_Type-X_1:c4871-4554	SCCmec_AB505630_Type-X_00007
SCCmec_AB505630_Type-X/SCCmec_AB505630_Type-X:Gene	SCCmec_AB505630_Type-X_00015	SCCmec_AB505630_Type-X_1:11461-11721	SCCmec_AB505630_Type-X_00015
SCCmec_AB505630_Type-X/SCCmec_AB505630_Type-X:Gene	bcgIA	SCCmec_AB505630_Type-X_1:11694-12401	SCCmec_AB505630_Type-X_00016
SCCmec_AB505630_Type-X/SCCmec_AB505630_Type-X:Gene	SCCmec_AB505630_Type-X_00017	SCCmec_AB505630_Type-X_1:12479-12829	SCCmec_AB505630_Type-X_00017
SCCmec_AB505630_Type-X/SCCmec_AB505630_Type-X:Gene	bcgIB	SCCmec_AB505630_Type-X_1:12816-13859	SCCmec_AB505630_Type-X_00018
SCCmec_AB505630_Type-X/SCCmec_AB505630_Type-X:Gene	SCCmec_AB505630_Type-X_00021	SCCmec_AB505630_Type-X_1:c15383-15072	SCCmec_AB505630_Type-X_00021
SCCmec_AB505630_Type-X/SCCmec_AB505630_Type-X:Gene	SCCmec_AB505630_Type-X_00022	SCCmec_AB505630_Type-X_1:c15477-15376	SCCmec_AB505630_Type-X_00022
SCCmec_AB505630_Type-X/SCCmec_AB505630_Type-X:Gene	SCCmec_AB505630_Type-X_00027	SCCmec_AB505630_Type-X_1:c21574-19784	SCCmec_AB505630_Type-X_00027
SCCmec_AB505630_Type-X/SCCmec_AB505630_Type-X:Gene	SCCmec_AB505630_Type-X_00028	SCCmec_AB505630_Type-X_1:c21723-21574	SCCmec_AB505630_Type-X_00028
SCCmec_AB505630_Type-X/SCCmec_AB505630_Type-X:Gene	SCCmec_AB505630_Type-X_00052	SCCmec_AB505630_Type-X_1:39557-39670	SCCmec_AB505630_Type-X_00052
SCCmec_AB505630_Type-X/SCCmec_AB505630_Type-X:Gene	SCCmec_AB505630_Type-X_00053	SCCmec_AB505630_Type-X_1:39648-39995	SCCmec_AB505630_Type-X_00053
SCCmec_AB505630_Type-X/SCCmec_AB505630_Type-X:Gene	ricR	SCCmec_AB505630_Type-X_1:43686-43946	SCCmec_AB505630_Type-X_00058
SCCmec_AB505630_Type-X/SCCmec_AB505630_Type-X:Gene	SCCmec_AB505630_Type-X_00059	SCCmec_AB505630_Type-X_1:43943-44701	SCCmec_AB505630_Type-X_00059
SCCmec_AB505630_Type-X/SCCmec_AB505630_Type-X:Gene	arsB_2	SCCmec_AB505630_Type-X_1:c46464-45175	SCCmec_AB505630_Type-X_00061
SCCmec_AB505630_Type-X/SCCmec_AB505630_Type-X:Gene	sdpR_2	SCCmec_AB505630_Type-X_1:c46781-46464	SCCmec_AB505630_Type-X_00062

DiscRep_ALL:DISC_QUALITY_SCORES::Quality scores are missing on all sequences.

DiscRep_ALL:ONCALLER_COMMENT_PRESENT::1 comment descriptors were found (all same)
SCCmec_AB505630_Type-X/SCCmec_AB505630_Type-X:10:SCCmec_AB505630_Type-X_1:Annotated using prokka 1.12 from https://github.com/tseemann/prokka

DiscRep_ALL:SHORT_PROT_SEQUENCES::3 protein sequences are shorter than 50 aa.
SCCmec_AB505630_Type-X/SCCmec_AB505630_Type-X:10:SCCmec_AB505630_Type-X_00022 (length 33)
SCCmec_AB505630_Type-X/SCCmec_AB505630_Type-X:10:SCCmec_AB505630_Type-X_00028 (length 49)
SCCmec_AB505630_Type-X/SCCmec_AB505630_Type-X:10:SCCmec_AB505630_Type-X_00052 (length 37)

DiscRep_ALL:MISSING_GENOMEASSEMBLY_COMMENTS::1 bioseqs are missing GenomeAssembly structured comments
SCCmec_AB505630_Type-X/SCCmec_AB505630_Type-X:10:SCCmec_AB505630_Type-X_1 (length 51301)

DiscRep_ALL:MOLTYPE_NOT_MRNA::1 molecule types are not set as mRNA.
SCCmec_AB505630_Type-X/SCCmec_AB505630_Type-X:10:SCCmec_AB505630_Type-X_1 (length 51301)

DiscRep_ALL:TECHNIQUE_NOT_TSA::1 technique are not set as TSA
SCCmec_AB505630_Type-X/SCCmec_AB505630_Type-X:10:SCCmec_AB505630_Type-X_1 (length 51301)

DiscRep_ALL:MISSING_STRUCTURED_COMMENT::1 sequences do not include structured comments.
SCCmec_AB505630_Type-X/SCCmec_AB505630_Type-X:10:SCCmec_AB505630_Type-X_1 (length 51301)

DiscRep_ALL:MISSING_PROJECT::66 sequences do not include project.
SCCmec_AB505630_Type-X/SCCmec_AB505630_Type-X:10:SCCmec_AB505630_Type-X_1 (length 51301)
SCCmec_AB505630_Type-X/SCCmec_AB505630_Type-X:10:SCCmec_AB505630_Type-X_00001 (length 159)
SCCmec_AB505630_Type-X/SCCmec_AB505630_Type-X:10:SCCmec_AB505630_Type-X_00002 (length 258)
SCCmec_AB505630_Type-X/SCCmec_AB505630_Type-X:10:SCCmec_AB505630_Type-X_00003 (length 127)
SCCmec_AB505630_Type-X/SCCmec_AB505630_Type-X:10:SCCmec_AB505630_Type-X_00004 (length 210)
SCCmec_AB505630_Type-X/SCCmec_AB505630_Type-X:10:SCCmec_AB505630_Type-X_00005 (length 111)
SCCmec_AB505630_Type-X/SCCmec_AB505630_Type-X:10:SCCmec_AB505630_Type-X_00006 (length 429)
SCCmec_AB505630_Type-X/SCCmec_AB505630_Type-X:10:SCCmec_AB505630_Type-X_00007 (length 105)
SCCmec_AB505630_Type-X/SCCmec_AB505630_Type-X:10:SCCmec_AB505630_Type-X_00008 (length 224)
SCCmec_AB505630_Type-X/SCCmec_AB505630_Type-X:10:SCCmec_AB505630_Type-X_00009 (length 668)
SCCmec_AB505630_Type-X/SCCmec_AB505630_Type-X:10:SCCmec_AB505630_Type-X_00010 (length 142)
SCCmec_AB505630_Type-X/SCCmec_AB505630_Type-X:10:SCCmec_AB505630_Type-X_00011 (length 247)
SCCmec_AB505630_Type-X/SCCmec_AB505630_Type-X:10:SCCmec_AB505630_Type-X_00012 (length 76)
SCCmec_AB505630_Type-X/SCCmec_AB505630_Type-X:10:SCCmec_AB505630_Type-X_00013 (length 55)
SCCmec_AB505630_Type-X/SCCmec_AB505630_Type-X:10:SCCmec_AB505630_Type-X_00014 (length 224)
SCCmec_AB505630_Type-X/SCCmec_AB505630_Type-X:10:SCCmec_AB505630_Type-X_00015 (length 86)
SCCmec_AB505630_Type-X/SCCmec_AB505630_Type-X:10:SCCmec_AB505630_Type-X_00016 (length 235)
SCCmec_AB505630_Type-X/SCCmec_AB505630_Type-X:10:SCCmec_AB505630_Type-X_00017 (length 116)
SCCmec_AB505630_Type-X/SCCmec_AB505630_Type-X:10:SCCmec_AB505630_Type-X_00018 (length 347)
SCCmec_AB505630_Type-X/SCCmec_AB505630_Type-X:10:SCCmec_AB505630_Type-X_00019 (length 73)
SCCmec_AB505630_Type-X/SCCmec_AB505630_Type-X:10:SCCmec_AB505630_Type-X_00020 (length 167)
SCCmec_AB505630_Type-X/SCCmec_AB505630_Type-X:10:SCCmec_AB505630_Type-X_00021 (length 103)
SCCmec_AB505630_Type-X/SCCmec_AB505630_Type-X:10:SCCmec_AB505630_Type-X_00022 (length 33)
SCCmec_AB505630_Type-X/SCCmec_AB505630_Type-X:10:SCCmec_AB505630_Type-X_00023 (length 112)
SCCmec_AB505630_Type-X/SCCmec_AB505630_Type-X:10:SCCmec_AB505630_Type-X_00024 (length 485)
SCCmec_AB505630_Type-X/SCCmec_AB505630_Type-X:10:SCCmec_AB505630_Type-X_00025 (length 449)
SCCmec_AB505630_Type-X/SCCmec_AB505630_Type-X:10:SCCmec_AB505630_Type-X_00026 (length 85)
SCCmec_AB505630_Type-X/SCCmec_AB505630_Type-X:10:SCCmec_AB505630_Type-X_00027 (length 596)
SCCmec_AB505630_Type-X/SCCmec_AB505630_Type-X:10:SCCmec_AB505630_Type-X_00028 (length 49)
SCCmec_AB505630_Type-X/SCCmec_AB505630_Type-X:10:SCCmec_AB505630_Type-X_00029 (length 329)
SCCmec_AB505630_Type-X/SCCmec_AB505630_Type-X:10:SCCmec_AB505630_Type-X_00030 (length 54)
SCCmec_AB505630_Type-X/SCCmec_AB505630_Type-X:10:SCCmec_AB505630_Type-X_00031 (length 115)
SCCmec_AB505630_Type-X/SCCmec_AB505630_Type-X:10:SCCmec_AB505630_Type-X_00032 (length 227)
SCCmec_AB505630_Type-X/SCCmec_AB505630_Type-X:10:SCCmec_AB505630_Type-X_00033 (length 221)
SCCmec_AB505630_Type-X/SCCmec_AB505630_Type-X:10:SCCmec_AB505630_Type-X_00034 (length 334)
SCCmec_AB505630_Type-X/SCCmec_AB505630_Type-X:10:SCCmec_AB505630_Type-X_00035 (length 121)
SCCmec_AB505630_Type-X/SCCmec_AB505630_Type-X:10:SCCmec_AB505630_Type-X_00036 (length 205)
SCCmec_AB505630_Type-X/SCCmec_AB505630_Type-X:10:SCCmec_AB505630_Type-X_00037 (length 113)
SCCmec_AB505630_Type-X/SCCmec_AB505630_Type-X:10:SCCmec_AB505630_Type-X_00038 (length 383)
SCCmec_AB505630_Type-X/SCCmec_AB505630_Type-X:10:SCCmec_AB505630_Type-X_00039 (length 189)
SCCmec_AB505630_Type-X/SCCmec_AB505630_Type-X:10:SCCmec_AB505630_Type-X_00040 (length 190)
SCCmec_AB505630_Type-X/SCCmec_AB505630_Type-X:10:SCCmec_AB505630_Type-X_00041 (length 278)
SCCmec_AB505630_Type-X/SCCmec_AB505630_Type-X:10:SCCmec_AB505630_Type-X_00042 (length 163)
SCCmec_AB505630_Type-X/SCCmec_AB505630_Type-X:10:SCCmec_AB505630_Type-X_00043 (length 103)
SCCmec_AB505630_Type-X/SCCmec_AB505630_Type-X:10:SCCmec_AB505630_Type-X_00044 (length 66)
SCCmec_AB505630_Type-X/SCCmec_AB505630_Type-X:10:SCCmec_AB505630_Type-X_00045 (length 64)
SCCmec_AB505630_Type-X/SCCmec_AB505630_Type-X:10:SCCmec_AB505630_Type-X_00046 (length 317)
SCCmec_AB505630_Type-X/SCCmec_AB505630_Type-X:10:SCCmec_AB505630_Type-X_00047 (length 123)
SCCmec_AB505630_Type-X/SCCmec_AB505630_Type-X:10:SCCmec_AB505630_Type-X_00048 (length 469)
SCCmec_AB505630_Type-X/SCCmec_AB505630_Type-X:10:SCCmec_AB505630_Type-X_00049 (length 261)
SCCmec_AB505630_Type-X/SCCmec_AB505630_Type-X:10:SCCmec_AB505630_Type-X_00050 (length 190)
SCCmec_AB505630_Type-X/SCCmec_AB505630_Type-X:10:SCCmec_AB505630_Type-X_00051 (length 58)
SCCmec_AB505630_Type-X/SCCmec_AB505630_Type-X:10:SCCmec_AB505630_Type-X_00052 (length 37)
SCCmec_AB505630_Type-X/SCCmec_AB505630_Type-X:10:SCCmec_AB505630_Type-X_00053 (length 115)
SCCmec_AB505630_Type-X/SCCmec_AB505630_Type-X:10:SCCmec_AB505630_Type-X_00054 (length 55)
SCCmec_AB505630_Type-X/SCCmec_AB505630_Type-X:10:SCCmec_AB505630_Type-X_00055 (length 124)
SCCmec_AB505630_Type-X/SCCmec_AB505630_Type-X:10:SCCmec_AB505630_Type-X_00056 (length 442)
SCCmec_AB505630_Type-X/SCCmec_AB505630_Type-X:10:SCCmec_AB505630_Type-X_00057 (length 356)
SCCmec_AB505630_Type-X/SCCmec_AB505630_Type-X:10:SCCmec_AB505630_Type-X_00058 (length 86)
SCCmec_AB505630_Type-X/SCCmec_AB505630_Type-X:10:SCCmec_AB505630_Type-X_00059 (length 252)
SCCmec_AB505630_Type-X/SCCmec_AB505630_Type-X:10:SCCmec_AB505630_Type-X_00060 (length 132)
SCCmec_AB505630_Type-X/SCCmec_AB505630_Type-X:10:SCCmec_AB505630_Type-X_00061 (length 429)
SCCmec_AB505630_Type-X/SCCmec_AB505630_Type-X:10:SCCmec_AB505630_Type-X_00062 (length 105)
SCCmec_AB505630_Type-X/SCCmec_AB505630_Type-X:10:SCCmec_AB505630_Type-X_00063 (length 686)
SCCmec_AB505630_Type-X/SCCmec_AB505630_Type-X:10:SCCmec_AB505630_Type-X_00064 (length 477)
SCCmec_AB505630_Type-X/SCCmec_AB505630_Type-X:10:SCCmec_AB505630_Type-X_00065 (length 160)

DiscRep_ALL:DISC_INCONSISTENT_MOLINFO_TECH::Molinfo Technique Report (some missing, all same)
DiscRep_SUB:DISC_INCONSISTENT_MOLINFO_TECH::technique (all missing)
DiscRep_SUB:DISC_INCONSISTENT_MOLINFO_TECH::1 Molinfos are missing field technique
SCCmec_AB505630_Type-X/SCCmec_AB505630_Type-X:10:SCCmec_AB505630_Type-X_1 (length 51301)

