[17:08:51] This is prokka 1.12
[17:08:51] Written by Torsten Seemann <torsten.seemann@gmail.com>
[17:08:51] Homepage is https://github.com/tseemann/prokka
[17:08:51] Local time is Mon May 15 17:08:51 2017
[17:08:51] You are fsepulveda
[17:08:51] Operating system is linux
[17:08:51] You have BioPerl 1.006924
[17:08:51] System has 4 cores.
[17:08:51] Option --cpu asked for 8 cores, but system only has 4
[17:08:51] Will use maximum of 4 cores.
[17:08:51] Annotating as >>> Bacteria <<<
[17:08:51] Creating new output folder: PROKKA_CP014387
[17:08:51] Running: mkdir -p PROKKA_CP014387
[17:08:51] Using filename prefix: PROKKA_CP014387.XXX
[17:08:51] Setting HMMER_NCPU=1
[17:08:51] Writing log to: PROKKA_CP014387/PROKKA_CP014387.log
[17:08:51] Command: /home/fsepulveda/Desktop/tesis/sccmec_classification/prokka-1.12/bin/prokka --genus Staphylococcus --prefix PROKKA_CP014387 --addgenes --addmrna --locustag CP014387_SCCmec /home/fsepulveda/Documents/parte2/229_sccmec/sccmec_CP014387.fasta
[17:08:51] Appending to PATH: /home/fsepulveda/Desktop/tesis/sccmec_classification/prokka-1.12/bin/../binaries/linux
[17:08:51] Appending to PATH: /home/fsepulveda/Desktop/tesis/sccmec_classification/prokka-1.12/bin/../binaries/linux/../common
[17:08:51] Appending to PATH: /home/fsepulveda/Desktop/tesis/sccmec_classification/prokka-1.12/bin
[17:08:51] Looking for 'aragorn' - found /home/fsepulveda/Desktop/tesis/sccmec_classification/prokka-1.12/bin/../binaries/linux/aragorn
[17:08:51] Determined aragorn version is 1.2
[17:08:51] Looking for 'blastp' - found /usr/bin/blastp
[17:08:51] Determined blastp version is 2.2
[17:08:51] Looking for 'cmpress' - found /usr/bin/cmpress
[17:08:51] Determined cmpress version is 1.1
[17:08:51] Looking for 'cmscan' - found /usr/bin/cmscan
[17:08:51] Determined cmscan version is 1.1
[17:08:51] Looking for 'egrep' - found /bin/egrep
[17:08:51] Looking for 'find' - found /usr/bin/find
[17:08:51] Looking for 'grep' - found /bin/grep
[17:08:51] Looking for 'hmmpress' - found /usr/bin/hmmpress
[17:08:51] Determined hmmpress version is 3.1
[17:08:51] Looking for 'hmmscan' - found /usr/bin/hmmscan
[17:08:51] Determined hmmscan version is 3.1
[17:08:51] Looking for 'java' - found /usr/bin/java
[17:08:51] Looking for 'less' - found /usr/bin/less
[17:08:51] Looking for 'makeblastdb' - found /usr/bin/makeblastdb
[17:08:51] Determined makeblastdb version is 2.2
[17:08:51] Looking for 'minced' - found /home/fsepulveda/Desktop/tesis/sccmec_classification/prokka-1.12/bin/../binaries/linux/../common/minced
[17:08:51] Determined minced version is 2.0
[17:08:51] Looking for 'parallel' - found /home/fsepulveda/Desktop/tesis/sccmec_classification/prokka-1.12/bin/../binaries/linux/../common/parallel
[17:08:52] Determined parallel version is 20150122
[17:08:52] Looking for 'prodigal' - found /home/fsepulveda/Desktop/tesis/sccmec_classification/prokka-1.12/bin/../binaries/linux/prodigal
[17:08:52] Determined prodigal version is 2.6
[17:08:52] Looking for 'prokka-genbank_to_fasta_db' - found /home/fsepulveda/Desktop/tesis/sccmec_classification/prokka-1.12/bin/prokka-genbank_to_fasta_db
[17:08:52] Looking for 'sed' - found /bin/sed
[17:08:52] Looking for 'tbl2asn' - found /home/fsepulveda/Desktop/tesis/sccmec_classification/prokka-1.12/bin/../binaries/linux/tbl2asn
[17:08:52] Determined tbl2asn version is 25.3
[17:08:52] Using genetic code table 11.
[17:08:52] Loading and checking input file: /home/fsepulveda/Documents/parte2/229_sccmec/sccmec_CP014387.fasta
[17:08:52] Wrote 1 contigs totalling 54966 bp.
[17:08:52] Predicting tRNAs and tmRNAs
[17:08:52] Running: aragorn -l -gc11  -w PROKKA_CP014387\/PROKKA_CP014387\.fna
[17:08:52] Found 0 tRNAs
[17:08:52] Predicting Ribosomal RNAs
[17:08:52] You need either Barrnap or RNAmmer installed to predict rRNAs!
[17:08:52] Skipping ncRNA search, enable with --rfam if desired.
[17:08:52] Total of 0 tRNA + rRNA features
[17:08:52] Searching for CRISPR repeats
[17:08:52] Found 0 CRISPRs
[17:08:52] Predicting coding sequences
[17:08:52] Contigs total 54966 bp, so using meta mode
[17:08:52] Running: prodigal -i PROKKA_CP014387\/PROKKA_CP014387\.fna -c -m -g 11 -p meta -f sco -q
[17:08:52] Found 56 CDS
[17:08:52] Connecting features back to sequences
[17:08:52] Not using genus-specific database. Try --usegenus to enable it.
[17:08:52] Annotating CDS, please be patient.
[17:08:52] Will use 4 CPUs for similarity searching.
[17:08:52] There are still 56 unannotated CDS left (started with 56)
[17:08:52] Will use blast to search against /home/fsepulveda/Desktop/tesis/sccmec_classification/prokka-1.12/bin/../db/kingdom/Bacteria/sprot with 4 CPUs
[17:08:52] Running: cat PROKKA_CP014387\/sprot\.faa | parallel --gnu --plain -j 4 --block 1812 --recstart '>' --pipe blastp -query - -db /home/fsepulveda/Desktop/tesis/sccmec_classification/prokka-1.12/bin/../db/kingdom/Bacteria/sprot -evalue 1e-06 -num_threads 1 -num_descriptions 1 -num_alignments 1 -seg no > PROKKA_CP014387\/sprot\.blast 2> /dev/null
[17:08:54] Deleting unwanted file: PROKKA_CP014387/sprot.faa
[17:08:54] Deleting unwanted file: PROKKA_CP014387/sprot.blast
[17:08:54] There are still 33 unannotated CDS left (started with 56)
[17:08:54] Will use hmmer3 to search against /home/fsepulveda/Desktop/tesis/sccmec_classification/prokka-1.12/bin/../db/hmm/HAMAP.hmm with 4 CPUs
[17:08:54] Running: cat PROKKA_CP014387\/HAMAP\.hmm\.faa | parallel --gnu --plain -j 4 --block 817 --recstart '>' --pipe hmmscan --noali --notextw --acc -E 1e-06 --cpu 1 /home/fsepulveda/Desktop/tesis/sccmec_classification/prokka-1.12/bin/../db/hmm/HAMAP.hmm /dev/stdin > PROKKA_CP014387\/HAMAP\.hmm\.hmmer3 2> /dev/null
[17:08:54] Deleting unwanted file: PROKKA_CP014387/HAMAP.hmm.faa
[17:08:54] Deleting unwanted file: PROKKA_CP014387/HAMAP.hmm.hmmer3
[17:08:54] Labelling remaining 32 proteins as 'hypothetical protein'
[17:08:54] Possible /pseudo 'DNA-invertase hin' at sccmec_saures_CP014387_l54966 position 13751
[17:08:54] Found 22 unique /gene codes.
[17:08:54] Fixed 2 duplicate /gene - hin_1 hin_2
[17:08:54] Fixed 1 colliding /gene names.
[17:08:54] Adding /locus_tag identifiers
[17:08:54] Assigned 56 locus_tags to CDS and RNA features.
[17:08:54] Writing outputs to PROKKA_CP014387/
[17:08:54] Generating annotation statistics file
[17:08:54] Generating Genbank and Sequin files
[17:08:54] Running: tbl2asn -V b -a r10k -l paired-ends -M n -N 1 -y 'Annotated using prokka 1.12 from https://github.com/tseemann/prokka' -Z PROKKA_CP014387\/PROKKA_CP014387\.err -i PROKKA_CP014387\/PROKKA_CP014387\.fsa 2> /dev/null
[17:08:55] Deleting unwanted file: PROKKA_CP014387/errorsummary.val
[17:08:55] Deleting unwanted file: PROKKA_CP014387/PROKKA_CP014387.dr
[17:08:55] Deleting unwanted file: PROKKA_CP014387/PROKKA_CP014387.fixedproducts
[17:08:55] Deleting unwanted file: PROKKA_CP014387/PROKKA_CP014387.ecn
[17:08:55] Deleting unwanted file: PROKKA_CP014387/PROKKA_CP014387.val
[17:08:55] Repairing broken .GBK output that tbl2asn produces...
[17:08:55] Running: sed 's/COORDINATES: profile/COORDINATES:profile/' < PROKKA_CP014387\/PROKKA_CP014387\.gbf > PROKKA_CP014387\/PROKKA_CP014387\.gbk
[17:08:55] Deleting unwanted file: PROKKA_CP014387/PROKKA_CP014387.gbf
[17:08:55] Output files:
[17:08:55] PROKKA_CP014387/PROKKA_CP014387.err
[17:08:55] PROKKA_CP014387/PROKKA_CP014387.gff
[17:08:55] PROKKA_CP014387/PROKKA_CP014387.ffn
[17:08:55] PROKKA_CP014387/PROKKA_CP014387.txt
[17:08:55] PROKKA_CP014387/PROKKA_CP014387.log
[17:08:55] PROKKA_CP014387/PROKKA_CP014387.sqn
[17:08:55] PROKKA_CP014387/PROKKA_CP014387.gbk
[17:08:55] PROKKA_CP014387/PROKKA_CP014387.fna
[17:08:55] PROKKA_CP014387/PROKKA_CP014387.tbl
[17:08:55] PROKKA_CP014387/PROKKA_CP014387.faa
[17:08:55] PROKKA_CP014387/PROKKA_CP014387.fsa
[17:08:55] PROKKA_CP014387/PROKKA_CP014387.tsv
[17:08:55] Annotation finished successfully.
[17:08:55] Walltime used: 0.07 minutes
[17:08:55] If you use this result please cite the Prokka paper:
[17:08:55] Seemann T (2014) Prokka: rapid prokaryotic genome annotation. Bioinformatics. 30(14):2068-9.
[17:08:55] Type 'prokka --citation' for more details.
[17:08:55] Thank you, come again.
