Discrepancy Report Results

Summary
FATAL: BAD_LOCUS_TAG_FORMAT:57 locus tags are incorrectly formatted.
FATAL: MISSING_PROTEIN_ID:57 proteins have invalid IDs.
DISC_SOURCE_QUALS_ASNDISC:strain (all present, all unique)
DISC_SOURCE_QUALS_ASNDISC:taxname (all present, all unique)
DISC_FEATURE_COUNT:gene: 57 present
DISC_FEATURE_COUNT:CDS: 57 present
DISC_FEATURE_COUNT:mRNA: 57 present
DISC_COUNT_NUCLEOTIDES:1 nucleotide Bioseqs are present
OVERLAPPING_GENES:12 genes overlap another gene on the same strand.
DISC_QUALITY_SCORES:Quality scores are missing on all sequences.
ONCALLER_COMMENT_PRESENT:1 comment descriptors were found (all same)
SHORT_PROT_SEQUENCES:4 protein sequences are shorter than 50 aa.
MISSING_GENOMEASSEMBLY_COMMENTS:1 bioseqs are missing GenomeAssembly structured comments
MOLTYPE_NOT_MRNA:1 molecule types are not set as mRNA.
TECHNIQUE_NOT_TSA:1 technique are not set as TSA
MISSING_STRUCTURED_COMMENT:1 sequences do not include structured comments.
MISSING_PROJECT:58 sequences do not include project.
DISC_INCONSISTENT_MOLINFO_TECH:Molinfo Technique Report (some missing, all same)


Detailed Report

FATAL: DiscRep_ALL:BAD_LOCUS_TAG_FORMAT::57 locus tags are incorrectly formatted.
PROKKA_CP019592/PROKKA_CP019592:Gene	rlmH	sccmec_saures_CP019592_l56995:1-480	CP019592_SCCmec_00001
PROKKA_CP019592/PROKKA_CP019592:Gene	CP019592_SCCmec_00002	sccmec_saures_CP019592_l56995:522-677	CP019592_SCCmec_00002
PROKKA_CP019592/PROKKA_CP019592:Gene	CP019592_SCCmec_00003	sccmec_saures_CP019592_l56995:726-1031	CP019592_SCCmec_00003
PROKKA_CP019592/PROKKA_CP019592:Gene	CP019592_SCCmec_00004	sccmec_saures_CP019592_l56995:1229-2092	CP019592_SCCmec_00004
PROKKA_CP019592/PROKKA_CP019592:Gene	CP019592_SCCmec_00005	sccmec_saures_CP019592_l56995:2176-3675	CP019592_SCCmec_00005
PROKKA_CP019592/PROKKA_CP019592:Gene	CP019592_SCCmec_00006	sccmec_saures_CP019592_l56995:3902-5002	CP019592_SCCmec_00006
PROKKA_CP019592/PROKKA_CP019592:Gene	CP019592_SCCmec_00007	sccmec_saures_CP019592_l56995:4995-5366	CP019592_SCCmec_00007
PROKKA_CP019592/PROKKA_CP019592:Gene	CP019592_SCCmec_00008	sccmec_saures_CP019592_l56995:5363-7006	CP019592_SCCmec_00008
PROKKA_CP019592/PROKKA_CP019592:Gene	hin_1	sccmec_saures_CP019592_l56995:7234-8910	CP019592_SCCmec_00009
PROKKA_CP019592/PROKKA_CP019592:Gene	CP019592_SCCmec_00010	sccmec_saures_CP019592_l56995:9016-9354	CP019592_SCCmec_00010
PROKKA_CP019592/PROKKA_CP019592:Gene	CP019592_SCCmec_00011	sccmec_saures_CP019592_l56995:9450-9761	CP019592_SCCmec_00011
PROKKA_CP019592/PROKKA_CP019592:Gene	CP019592_SCCmec_00012	sccmec_saures_CP019592_l56995:9777-10283	CP019592_SCCmec_00012
PROKKA_CP019592/PROKKA_CP019592:Gene	CP019592_SCCmec_00013	sccmec_saures_CP019592_l56995:c11106-10432	CP019592_SCCmec_00013
PROKKA_CP019592/PROKKA_CP019592:Gene	CP019592_SCCmec_00014	sccmec_saures_CP019592_l56995:11364-11531	CP019592_SCCmec_00014
PROKKA_CP019592/PROKKA_CP019592:Gene	CP019592_SCCmec_00015	sccmec_saures_CP019592_l56995:11629-11859	CP019592_SCCmec_00015
PROKKA_CP019592/PROKKA_CP019592:Gene	ugpQ_1	sccmec_saures_CP019592_l56995:12368-13111	CP019592_SCCmec_00016
PROKKA_CP019592/PROKKA_CP019592:Gene	paaZ_1	sccmec_saures_CP019592_l56995:13208-13636	CP019592_SCCmec_00017
PROKKA_CP019592/PROKKA_CP019592:Gene	pbp_1	sccmec_saures_CP019592_l56995:c15688-13682	CP019592_SCCmec_00018
PROKKA_CP019592/PROKKA_CP019592:Gene	CP019592_SCCmec_00019	sccmec_saures_CP019592_l56995:15936-16079	CP019592_SCCmec_00019
PROKKA_CP019592/PROKKA_CP019592:Gene	CP019592_SCCmec_00020	sccmec_saures_CP019592_l56995:c17098-16670	CP019592_SCCmec_00020
PROKKA_CP019592/PROKKA_CP019592:Gene	CP019592_SCCmec_00021	sccmec_saures_CP019592_l56995:17179-18108	CP019592_SCCmec_00021
PROKKA_CP019592/PROKKA_CP019592:Gene	CP019592_SCCmec_00022	sccmec_saures_CP019592_l56995:18142-18240	CP019592_SCCmec_00022
PROKKA_CP019592/PROKKA_CP019592:Gene	CP019592_SCCmec_00023	sccmec_saures_CP019592_l56995:18270-20282	CP019592_SCCmec_00023
PROKKA_CP019592/PROKKA_CP019592:Gene	CP019592_SCCmec_00024	sccmec_saures_CP019592_l56995:20452-21561	CP019592_SCCmec_00024
PROKKA_CP019592/PROKKA_CP019592:Gene	CP019592_SCCmec_00025	sccmec_saures_CP019592_l56995:21554-21925	CP019592_SCCmec_00025
PROKKA_CP019592/PROKKA_CP019592:Gene	CP019592_SCCmec_00026	sccmec_saures_CP019592_l56995:21922-23565	CP019592_SCCmec_00026
PROKKA_CP019592/PROKKA_CP019592:Gene	hin_2	sccmec_saures_CP019592_l56995:23793-25469	CP019592_SCCmec_00027
PROKKA_CP019592/PROKKA_CP019592:Gene	CP019592_SCCmec_00028	sccmec_saures_CP019592_l56995:25575-25913	CP019592_SCCmec_00028
PROKKA_CP019592/PROKKA_CP019592:Gene	CP019592_SCCmec_00029	sccmec_saures_CP019592_l56995:26009-26320	CP019592_SCCmec_00029
PROKKA_CP019592/PROKKA_CP019592:Gene	CP019592_SCCmec_00030	sccmec_saures_CP019592_l56995:26336-26842	CP019592_SCCmec_00030
PROKKA_CP019592/PROKKA_CP019592:Gene	CP019592_SCCmec_00031	sccmec_saures_CP019592_l56995:c27665-26991	CP019592_SCCmec_00031
PROKKA_CP019592/PROKKA_CP019592:Gene	CP019592_SCCmec_00032	sccmec_saures_CP019592_l56995:27923-28090	CP019592_SCCmec_00032
PROKKA_CP019592/PROKKA_CP019592:Gene	CP019592_SCCmec_00033	sccmec_saures_CP019592_l56995:28188-28418	CP019592_SCCmec_00033
PROKKA_CP019592/PROKKA_CP019592:Gene	ugpQ_2	sccmec_saures_CP019592_l56995:28927-29670	CP019592_SCCmec_00034
PROKKA_CP019592/PROKKA_CP019592:Gene	paaZ_2	sccmec_saures_CP019592_l56995:29767-30195	CP019592_SCCmec_00035
PROKKA_CP019592/PROKKA_CP019592:Gene	pbp_2	sccmec_saures_CP019592_l56995:c32247-30241	CP019592_SCCmec_00036
PROKKA_CP019592/PROKKA_CP019592:Gene	CP019592_SCCmec_00037	sccmec_saures_CP019592_l56995:32495-32638	CP019592_SCCmec_00037
PROKKA_CP019592/PROKKA_CP019592:Gene	CP019592_SCCmec_00038	sccmec_saures_CP019592_l56995:c33657-33229	CP019592_SCCmec_00038
PROKKA_CP019592/PROKKA_CP019592:Gene	CP019592_SCCmec_00039	sccmec_saures_CP019592_l56995:33738-34667	CP019592_SCCmec_00039
PROKKA_CP019592/PROKKA_CP019592:Gene	CP019592_SCCmec_00040	sccmec_saures_CP019592_l56995:34701-34799	CP019592_SCCmec_00040
PROKKA_CP019592/PROKKA_CP019592:Gene	CP019592_SCCmec_00041	sccmec_saures_CP019592_l56995:34829-36841	CP019592_SCCmec_00041
PROKKA_CP019592/PROKKA_CP019592:Gene	CP019592_SCCmec_00042	sccmec_saures_CP019592_l56995:37011-38120	CP019592_SCCmec_00042
PROKKA_CP019592/PROKKA_CP019592:Gene	CP019592_SCCmec_00043	sccmec_saures_CP019592_l56995:38113-38484	CP019592_SCCmec_00043
PROKKA_CP019592/PROKKA_CP019592:Gene	CP019592_SCCmec_00044	sccmec_saures_CP019592_l56995:38481-40100	CP019592_SCCmec_00044
PROKKA_CP019592/PROKKA_CP019592:Gene	hin_3	sccmec_saures_CP019592_l56995:40326-42005	CP019592_SCCmec_00045
PROKKA_CP019592/PROKKA_CP019592:Gene	CP019592_SCCmec_00046	sccmec_saures_CP019592_l56995:42094-42432	CP019592_SCCmec_00046
PROKKA_CP019592/PROKKA_CP019592:Gene	CP019592_SCCmec_00047	sccmec_saures_CP019592_l56995:42511-42837	CP019592_SCCmec_00047
PROKKA_CP019592/PROKKA_CP019592:Gene	CP019592_SCCmec_00048	sccmec_saures_CP019592_l56995:42849-43355	CP019592_SCCmec_00048
PROKKA_CP019592/PROKKA_CP019592:Gene	CP019592_SCCmec_00049	sccmec_saures_CP019592_l56995:43369-43590	CP019592_SCCmec_00049
PROKKA_CP019592/PROKKA_CP019592:Gene	hsdR	sccmec_saures_CP019592_l56995:c46784-43665	CP019592_SCCmec_00050
PROKKA_CP019592/PROKKA_CP019592:Gene	CP019592_SCCmec_00051	sccmec_saures_CP019592_l56995:c48069-46768	CP019592_SCCmec_00051
PROKKA_CP019592/PROKKA_CP019592:Gene	hsdM	sccmec_saures_CP019592_l56995:c49573-48059	CP019592_SCCmec_00052
PROKKA_CP019592/PROKKA_CP019592:Gene	CP019592_SCCmec_00053	sccmec_saures_CP019592_l56995:49982-52078	CP019592_SCCmec_00053
PROKKA_CP019592/PROKKA_CP019592:Gene	pcrA	sccmec_saures_CP019592_l56995:52080-53828	CP019592_SCCmec_00054
PROKKA_CP019592/PROKKA_CP019592:Gene	CP019592_SCCmec_00055	sccmec_saures_CP019592_l56995:54038-54220	CP019592_SCCmec_00055
PROKKA_CP019592/PROKKA_CP019592:Gene	ddc	sccmec_saures_CP019592_l56995:c55712-54288	CP019592_SCCmec_00056
PROKKA_CP019592/PROKKA_CP019592:Gene	CP019592_SCCmec_00057	sccmec_saures_CP019592_l56995:56657-56824	CP019592_SCCmec_00057

FATAL: DiscRep_ALL:MISSING_PROTEIN_ID::57 proteins have invalid IDs.
PROKKA_CP019592/PROKKA_CP019592:sccmec_saures_CP019592_l56995_1 (length 159)
PROKKA_CP019592/PROKKA_CP019592:sccmec_saures_CP019592_l56995_2 (length 51)
PROKKA_CP019592/PROKKA_CP019592:sccmec_saures_CP019592_l56995_3 (length 101)
PROKKA_CP019592/PROKKA_CP019592:sccmec_saures_CP019592_l56995_4 (length 287)
PROKKA_CP019592/PROKKA_CP019592:sccmec_saures_CP019592_l56995_5 (length 499)
PROKKA_CP019592/PROKKA_CP019592:sccmec_saures_CP019592_l56995_6 (length 366)
PROKKA_CP019592/PROKKA_CP019592:sccmec_saures_CP019592_l56995_7 (length 123)
PROKKA_CP019592/PROKKA_CP019592:sccmec_saures_CP019592_l56995_8 (length 547)
PROKKA_CP019592/PROKKA_CP019592:sccmec_saures_CP019592_l56995_9 (length 558)
PROKKA_CP019592/PROKKA_CP019592:sccmec_saures_CP019592_l56995_10 (length 112)
PROKKA_CP019592/PROKKA_CP019592:sccmec_saures_CP019592_l56995_11 (length 103)
PROKKA_CP019592/PROKKA_CP019592:sccmec_saures_CP019592_l56995_12 (length 168)
PROKKA_CP019592/PROKKA_CP019592:sccmec_saures_CP019592_l56995_13 (length 224)
PROKKA_CP019592/PROKKA_CP019592:sccmec_saures_CP019592_l56995_14 (length 55)
PROKKA_CP019592/PROKKA_CP019592:sccmec_saures_CP019592_l56995_15 (length 76)
PROKKA_CP019592/PROKKA_CP019592:sccmec_saures_CP019592_l56995_16 (length 247)
PROKKA_CP019592/PROKKA_CP019592:sccmec_saures_CP019592_l56995_17 (length 142)
PROKKA_CP019592/PROKKA_CP019592:sccmec_saures_CP019592_l56995_18 (length 668)
PROKKA_CP019592/PROKKA_CP019592:sccmec_saures_CP019592_l56995_19 (length 47)
PROKKA_CP019592/PROKKA_CP019592:sccmec_saures_CP019592_l56995_20 (length 142)
PROKKA_CP019592/PROKKA_CP019592:sccmec_saures_CP019592_l56995_21 (length 309)
PROKKA_CP019592/PROKKA_CP019592:sccmec_saures_CP019592_l56995_22 (length 32)
PROKKA_CP019592/PROKKA_CP019592:sccmec_saures_CP019592_l56995_23 (length 670)
PROKKA_CP019592/PROKKA_CP019592:sccmec_saures_CP019592_l56995_24 (length 369)
PROKKA_CP019592/PROKKA_CP019592:sccmec_saures_CP019592_l56995_25 (length 123)
PROKKA_CP019592/PROKKA_CP019592:sccmec_saures_CP019592_l56995_26 (length 547)
PROKKA_CP019592/PROKKA_CP019592:sccmec_saures_CP019592_l56995_27 (length 558)
PROKKA_CP019592/PROKKA_CP019592:sccmec_saures_CP019592_l56995_28 (length 112)
PROKKA_CP019592/PROKKA_CP019592:sccmec_saures_CP019592_l56995_29 (length 103)
PROKKA_CP019592/PROKKA_CP019592:sccmec_saures_CP019592_l56995_30 (length 168)
PROKKA_CP019592/PROKKA_CP019592:sccmec_saures_CP019592_l56995_31 (length 224)
PROKKA_CP019592/PROKKA_CP019592:sccmec_saures_CP019592_l56995_32 (length 55)
PROKKA_CP019592/PROKKA_CP019592:sccmec_saures_CP019592_l56995_33 (length 76)
PROKKA_CP019592/PROKKA_CP019592:sccmec_saures_CP019592_l56995_34 (length 247)
PROKKA_CP019592/PROKKA_CP019592:sccmec_saures_CP019592_l56995_35 (length 142)
PROKKA_CP019592/PROKKA_CP019592:sccmec_saures_CP019592_l56995_36 (length 668)
PROKKA_CP019592/PROKKA_CP019592:sccmec_saures_CP019592_l56995_37 (length 47)
PROKKA_CP019592/PROKKA_CP019592:sccmec_saures_CP019592_l56995_38 (length 142)
PROKKA_CP019592/PROKKA_CP019592:sccmec_saures_CP019592_l56995_39 (length 309)
PROKKA_CP019592/PROKKA_CP019592:sccmec_saures_CP019592_l56995_40 (length 32)
PROKKA_CP019592/PROKKA_CP019592:sccmec_saures_CP019592_l56995_41 (length 670)
PROKKA_CP019592/PROKKA_CP019592:sccmec_saures_CP019592_l56995_42 (length 369)
PROKKA_CP019592/PROKKA_CP019592:sccmec_saures_CP019592_l56995_43 (length 123)
PROKKA_CP019592/PROKKA_CP019592:sccmec_saures_CP019592_l56995_44 (length 539)
PROKKA_CP019592/PROKKA_CP019592:sccmec_saures_CP019592_l56995_45 (length 559)
PROKKA_CP019592/PROKKA_CP019592:sccmec_saures_CP019592_l56995_46 (length 112)
PROKKA_CP019592/PROKKA_CP019592:sccmec_saures_CP019592_l56995_47 (length 108)
PROKKA_CP019592/PROKKA_CP019592:sccmec_saures_CP019592_l56995_48 (length 168)
PROKKA_CP019592/PROKKA_CP019592:sccmec_saures_CP019592_l56995_49 (length 73)
PROKKA_CP019592/PROKKA_CP019592:sccmec_saures_CP019592_l56995_50 (length 1039)
PROKKA_CP019592/PROKKA_CP019592:sccmec_saures_CP019592_l56995_51 (length 433)
PROKKA_CP019592/PROKKA_CP019592:sccmec_saures_CP019592_l56995_52 (length 504)
PROKKA_CP019592/PROKKA_CP019592:sccmec_saures_CP019592_l56995_53 (length 698)
PROKKA_CP019592/PROKKA_CP019592:sccmec_saures_CP019592_l56995_54 (length 582)
PROKKA_CP019592/PROKKA_CP019592:sccmec_saures_CP019592_l56995_55 (length 60)
PROKKA_CP019592/PROKKA_CP019592:sccmec_saures_CP019592_l56995_56 (length 474)
PROKKA_CP019592/PROKKA_CP019592:sccmec_saures_CP019592_l56995_57 (length 55)

DiscRep_ALL:DISC_SOURCE_QUALS_ASNDISC::strain (all present, all unique)
DiscRep_SUB:DISC_SOURCE_QUALS_ASNDISC::1 sources have unique values for strain
DiscRep_ALL:DISC_SOURCE_QUALS_ASNDISC::taxname (all present, all unique)
DiscRep_SUB:DISC_SOURCE_QUALS_ASNDISC::1 sources have unique values for taxname
DiscRep_ALL:DISC_FEATURE_COUNT::gene: 57 present
DiscRep_ALL:DISC_FEATURE_COUNT::CDS: 57 present
DiscRep_ALL:DISC_FEATURE_COUNT::mRNA: 57 present
DiscRep_ALL:DISC_COUNT_NUCLEOTIDES::1 nucleotide Bioseqs are present
PROKKA_CP019592/PROKKA_CP019592:sccmec_saures_CP019592_l56995 (length 56995)

DiscRep_ALL:OVERLAPPING_GENES::12 genes overlap another gene on the same strand.
PROKKA_CP019592/PROKKA_CP019592:Gene	CP019592_SCCmec_00006	sccmec_saures_CP019592_l56995:3902-5002	CP019592_SCCmec_00006
PROKKA_CP019592/PROKKA_CP019592:Gene	CP019592_SCCmec_00007	sccmec_saures_CP019592_l56995:4995-5366	CP019592_SCCmec_00007
PROKKA_CP019592/PROKKA_CP019592:Gene	CP019592_SCCmec_00008	sccmec_saures_CP019592_l56995:5363-7006	CP019592_SCCmec_00008
PROKKA_CP019592/PROKKA_CP019592:Gene	CP019592_SCCmec_00024	sccmec_saures_CP019592_l56995:20452-21561	CP019592_SCCmec_00024
PROKKA_CP019592/PROKKA_CP019592:Gene	CP019592_SCCmec_00025	sccmec_saures_CP019592_l56995:21554-21925	CP019592_SCCmec_00025
PROKKA_CP019592/PROKKA_CP019592:Gene	CP019592_SCCmec_00026	sccmec_saures_CP019592_l56995:21922-23565	CP019592_SCCmec_00026
PROKKA_CP019592/PROKKA_CP019592:Gene	CP019592_SCCmec_00042	sccmec_saures_CP019592_l56995:37011-38120	CP019592_SCCmec_00042
PROKKA_CP019592/PROKKA_CP019592:Gene	CP019592_SCCmec_00043	sccmec_saures_CP019592_l56995:38113-38484	CP019592_SCCmec_00043
PROKKA_CP019592/PROKKA_CP019592:Gene	CP019592_SCCmec_00044	sccmec_saures_CP019592_l56995:38481-40100	CP019592_SCCmec_00044
PROKKA_CP019592/PROKKA_CP019592:Gene	hsdR	sccmec_saures_CP019592_l56995:c46784-43665	CP019592_SCCmec_00050
PROKKA_CP019592/PROKKA_CP019592:Gene	CP019592_SCCmec_00051	sccmec_saures_CP019592_l56995:c48069-46768	CP019592_SCCmec_00051
PROKKA_CP019592/PROKKA_CP019592:Gene	hsdM	sccmec_saures_CP019592_l56995:c49573-48059	CP019592_SCCmec_00052

DiscRep_ALL:DISC_QUALITY_SCORES::Quality scores are missing on all sequences.

DiscRep_ALL:ONCALLER_COMMENT_PRESENT::1 comment descriptors were found (all same)
PROKKA_CP019592/PROKKA_CP019592:sccmec_saures_CP019592_l56995:Annotated using prokka 1.12 from https://github.com/tseemann/prokka

DiscRep_ALL:SHORT_PROT_SEQUENCES::4 protein sequences are shorter than 50 aa.
PROKKA_CP019592/PROKKA_CP019592:sccmec_saures_CP019592_l56995_19 (length 47)
PROKKA_CP019592/PROKKA_CP019592:sccmec_saures_CP019592_l56995_22 (length 32)
PROKKA_CP019592/PROKKA_CP019592:sccmec_saures_CP019592_l56995_37 (length 47)
PROKKA_CP019592/PROKKA_CP019592:sccmec_saures_CP019592_l56995_40 (length 32)

DiscRep_ALL:MISSING_GENOMEASSEMBLY_COMMENTS::1 bioseqs are missing GenomeAssembly structured comments
PROKKA_CP019592/PROKKA_CP019592:sccmec_saures_CP019592_l56995 (length 56995)

DiscRep_ALL:MOLTYPE_NOT_MRNA::1 molecule types are not set as mRNA.
PROKKA_CP019592/PROKKA_CP019592:sccmec_saures_CP019592_l56995 (length 56995)

DiscRep_ALL:TECHNIQUE_NOT_TSA::1 technique are not set as TSA
PROKKA_CP019592/PROKKA_CP019592:sccmec_saures_CP019592_l56995 (length 56995)

DiscRep_ALL:MISSING_STRUCTURED_COMMENT::1 sequences do not include structured comments.
PROKKA_CP019592/PROKKA_CP019592:sccmec_saures_CP019592_l56995 (length 56995)

DiscRep_ALL:MISSING_PROJECT::58 sequences do not include project.
PROKKA_CP019592/PROKKA_CP019592:sccmec_saures_CP019592_l56995 (length 56995)
PROKKA_CP019592/PROKKA_CP019592:sccmec_saures_CP019592_l56995_1 (length 159)
PROKKA_CP019592/PROKKA_CP019592:sccmec_saures_CP019592_l56995_2 (length 51)
PROKKA_CP019592/PROKKA_CP019592:sccmec_saures_CP019592_l56995_3 (length 101)
PROKKA_CP019592/PROKKA_CP019592:sccmec_saures_CP019592_l56995_4 (length 287)
PROKKA_CP019592/PROKKA_CP019592:sccmec_saures_CP019592_l56995_5 (length 499)
PROKKA_CP019592/PROKKA_CP019592:sccmec_saures_CP019592_l56995_6 (length 366)
PROKKA_CP019592/PROKKA_CP019592:sccmec_saures_CP019592_l56995_7 (length 123)
PROKKA_CP019592/PROKKA_CP019592:sccmec_saures_CP019592_l56995_8 (length 547)
PROKKA_CP019592/PROKKA_CP019592:sccmec_saures_CP019592_l56995_9 (length 558)
PROKKA_CP019592/PROKKA_CP019592:sccmec_saures_CP019592_l56995_10 (length 112)
PROKKA_CP019592/PROKKA_CP019592:sccmec_saures_CP019592_l56995_11 (length 103)
PROKKA_CP019592/PROKKA_CP019592:sccmec_saures_CP019592_l56995_12 (length 168)
PROKKA_CP019592/PROKKA_CP019592:sccmec_saures_CP019592_l56995_13 (length 224)
PROKKA_CP019592/PROKKA_CP019592:sccmec_saures_CP019592_l56995_14 (length 55)
PROKKA_CP019592/PROKKA_CP019592:sccmec_saures_CP019592_l56995_15 (length 76)
PROKKA_CP019592/PROKKA_CP019592:sccmec_saures_CP019592_l56995_16 (length 247)
PROKKA_CP019592/PROKKA_CP019592:sccmec_saures_CP019592_l56995_17 (length 142)
PROKKA_CP019592/PROKKA_CP019592:sccmec_saures_CP019592_l56995_18 (length 668)
PROKKA_CP019592/PROKKA_CP019592:sccmec_saures_CP019592_l56995_19 (length 47)
PROKKA_CP019592/PROKKA_CP019592:sccmec_saures_CP019592_l56995_20 (length 142)
PROKKA_CP019592/PROKKA_CP019592:sccmec_saures_CP019592_l56995_21 (length 309)
PROKKA_CP019592/PROKKA_CP019592:sccmec_saures_CP019592_l56995_22 (length 32)
PROKKA_CP019592/PROKKA_CP019592:sccmec_saures_CP019592_l56995_23 (length 670)
PROKKA_CP019592/PROKKA_CP019592:sccmec_saures_CP019592_l56995_24 (length 369)
PROKKA_CP019592/PROKKA_CP019592:sccmec_saures_CP019592_l56995_25 (length 123)
PROKKA_CP019592/PROKKA_CP019592:sccmec_saures_CP019592_l56995_26 (length 547)
PROKKA_CP019592/PROKKA_CP019592:sccmec_saures_CP019592_l56995_27 (length 558)
PROKKA_CP019592/PROKKA_CP019592:sccmec_saures_CP019592_l56995_28 (length 112)
PROKKA_CP019592/PROKKA_CP019592:sccmec_saures_CP019592_l56995_29 (length 103)
PROKKA_CP019592/PROKKA_CP019592:sccmec_saures_CP019592_l56995_30 (length 168)
PROKKA_CP019592/PROKKA_CP019592:sccmec_saures_CP019592_l56995_31 (length 224)
PROKKA_CP019592/PROKKA_CP019592:sccmec_saures_CP019592_l56995_32 (length 55)
PROKKA_CP019592/PROKKA_CP019592:sccmec_saures_CP019592_l56995_33 (length 76)
PROKKA_CP019592/PROKKA_CP019592:sccmec_saures_CP019592_l56995_34 (length 247)
PROKKA_CP019592/PROKKA_CP019592:sccmec_saures_CP019592_l56995_35 (length 142)
PROKKA_CP019592/PROKKA_CP019592:sccmec_saures_CP019592_l56995_36 (length 668)
PROKKA_CP019592/PROKKA_CP019592:sccmec_saures_CP019592_l56995_37 (length 47)
PROKKA_CP019592/PROKKA_CP019592:sccmec_saures_CP019592_l56995_38 (length 142)
PROKKA_CP019592/PROKKA_CP019592:sccmec_saures_CP019592_l56995_39 (length 309)
PROKKA_CP019592/PROKKA_CP019592:sccmec_saures_CP019592_l56995_40 (length 32)
PROKKA_CP019592/PROKKA_CP019592:sccmec_saures_CP019592_l56995_41 (length 670)
PROKKA_CP019592/PROKKA_CP019592:sccmec_saures_CP019592_l56995_42 (length 369)
PROKKA_CP019592/PROKKA_CP019592:sccmec_saures_CP019592_l56995_43 (length 123)
PROKKA_CP019592/PROKKA_CP019592:sccmec_saures_CP019592_l56995_44 (length 539)
PROKKA_CP019592/PROKKA_CP019592:sccmec_saures_CP019592_l56995_45 (length 559)
PROKKA_CP019592/PROKKA_CP019592:sccmec_saures_CP019592_l56995_46 (length 112)
PROKKA_CP019592/PROKKA_CP019592:sccmec_saures_CP019592_l56995_47 (length 108)
PROKKA_CP019592/PROKKA_CP019592:sccmec_saures_CP019592_l56995_48 (length 168)
PROKKA_CP019592/PROKKA_CP019592:sccmec_saures_CP019592_l56995_49 (length 73)
PROKKA_CP019592/PROKKA_CP019592:sccmec_saures_CP019592_l56995_50 (length 1039)
PROKKA_CP019592/PROKKA_CP019592:sccmec_saures_CP019592_l56995_51 (length 433)
PROKKA_CP019592/PROKKA_CP019592:sccmec_saures_CP019592_l56995_52 (length 504)
PROKKA_CP019592/PROKKA_CP019592:sccmec_saures_CP019592_l56995_53 (length 698)
PROKKA_CP019592/PROKKA_CP019592:sccmec_saures_CP019592_l56995_54 (length 582)
PROKKA_CP019592/PROKKA_CP019592:sccmec_saures_CP019592_l56995_55 (length 60)
PROKKA_CP019592/PROKKA_CP019592:sccmec_saures_CP019592_l56995_56 (length 474)
PROKKA_CP019592/PROKKA_CP019592:sccmec_saures_CP019592_l56995_57 (length 55)

DiscRep_ALL:DISC_INCONSISTENT_MOLINFO_TECH::Molinfo Technique Report (some missing, all same)
DiscRep_SUB:DISC_INCONSISTENT_MOLINFO_TECH::technique (all missing)
DiscRep_SUB:DISC_INCONSISTENT_MOLINFO_TECH::1 Molinfos are missing field technique
PROKKA_CP019592/PROKKA_CP019592:sccmec_saures_CP019592_l56995 (length 56995)

