[17:10:24] This is prokka 1.12
[17:10:24] Written by Torsten Seemann <torsten.seemann@gmail.com>
[17:10:24] Homepage is https://github.com/tseemann/prokka
[17:10:24] Local time is Mon May 15 17:10:24 2017
[17:10:24] You are fsepulveda
[17:10:24] Operating system is linux
[17:10:24] You have BioPerl 1.006924
[17:10:24] System has 4 cores.
[17:10:24] Option --cpu asked for 8 cores, but system only has 4
[17:10:24] Will use maximum of 4 cores.
[17:10:24] Annotating as >>> Bacteria <<<
[17:10:24] Creating new output folder: PROKKA_CP019592
[17:10:24] Running: mkdir -p PROKKA_CP019592
[17:10:24] Using filename prefix: PROKKA_CP019592.XXX
[17:10:24] Setting HMMER_NCPU=1
[17:10:24] Writing log to: PROKKA_CP019592/PROKKA_CP019592.log
[17:10:24] Command: /home/fsepulveda/Desktop/tesis/sccmec_classification/prokka-1.12/bin/prokka --genus Staphylococcus --prefix PROKKA_CP019592 --addgenes --addmrna --locustag CP019592_SCCmec /home/fsepulveda/Documents/parte2/229_sccmec/sccmec_CP019592.fasta
[17:10:24] Appending to PATH: /home/fsepulveda/Desktop/tesis/sccmec_classification/prokka-1.12/bin/../binaries/linux
[17:10:24] Appending to PATH: /home/fsepulveda/Desktop/tesis/sccmec_classification/prokka-1.12/bin/../binaries/linux/../common
[17:10:24] Appending to PATH: /home/fsepulveda/Desktop/tesis/sccmec_classification/prokka-1.12/bin
[17:10:24] Looking for 'aragorn' - found /home/fsepulveda/Desktop/tesis/sccmec_classification/prokka-1.12/bin/../binaries/linux/aragorn
[17:10:24] Determined aragorn version is 1.2
[17:10:24] Looking for 'blastp' - found /usr/bin/blastp
[17:10:24] Determined blastp version is 2.2
[17:10:24] Looking for 'cmpress' - found /usr/bin/cmpress
[17:10:24] Determined cmpress version is 1.1
[17:10:24] Looking for 'cmscan' - found /usr/bin/cmscan
[17:10:24] Determined cmscan version is 1.1
[17:10:24] Looking for 'egrep' - found /bin/egrep
[17:10:24] Looking for 'find' - found /usr/bin/find
[17:10:24] Looking for 'grep' - found /bin/grep
[17:10:24] Looking for 'hmmpress' - found /usr/bin/hmmpress
[17:10:24] Determined hmmpress version is 3.1
[17:10:24] Looking for 'hmmscan' - found /usr/bin/hmmscan
[17:10:24] Determined hmmscan version is 3.1
[17:10:24] Looking for 'java' - found /usr/bin/java
[17:10:24] Looking for 'less' - found /usr/bin/less
[17:10:24] Looking for 'makeblastdb' - found /usr/bin/makeblastdb
[17:10:24] Determined makeblastdb version is 2.2
[17:10:24] Looking for 'minced' - found /home/fsepulveda/Desktop/tesis/sccmec_classification/prokka-1.12/bin/../binaries/linux/../common/minced
[17:10:24] Determined minced version is 2.0
[17:10:24] Looking for 'parallel' - found /home/fsepulveda/Desktop/tesis/sccmec_classification/prokka-1.12/bin/../binaries/linux/../common/parallel
[17:10:24] Determined parallel version is 20150122
[17:10:24] Looking for 'prodigal' - found /home/fsepulveda/Desktop/tesis/sccmec_classification/prokka-1.12/bin/../binaries/linux/prodigal
[17:10:25] Determined prodigal version is 2.6
[17:10:25] Looking for 'prokka-genbank_to_fasta_db' - found /home/fsepulveda/Desktop/tesis/sccmec_classification/prokka-1.12/bin/prokka-genbank_to_fasta_db
[17:10:25] Looking for 'sed' - found /bin/sed
[17:10:25] Looking for 'tbl2asn' - found /home/fsepulveda/Desktop/tesis/sccmec_classification/prokka-1.12/bin/../binaries/linux/tbl2asn
[17:10:25] Determined tbl2asn version is 25.3
[17:10:25] Using genetic code table 11.
[17:10:25] Loading and checking input file: /home/fsepulveda/Documents/parte2/229_sccmec/sccmec_CP019592.fasta
[17:10:25] Wrote 1 contigs totalling 56995 bp.
[17:10:25] Predicting tRNAs and tmRNAs
[17:10:25] Running: aragorn -l -gc11  -w PROKKA_CP019592\/PROKKA_CP019592\.fna
[17:10:25] Found 0 tRNAs
[17:10:25] Predicting Ribosomal RNAs
[17:10:25] You need either Barrnap or RNAmmer installed to predict rRNAs!
[17:10:25] Skipping ncRNA search, enable with --rfam if desired.
[17:10:25] Total of 0 tRNA + rRNA features
[17:10:25] Searching for CRISPR repeats
[17:10:25] Found 0 CRISPRs
[17:10:25] Predicting coding sequences
[17:10:25] Contigs total 56995 bp, so using meta mode
[17:10:25] Running: prodigal -i PROKKA_CP019592\/PROKKA_CP019592\.fna -c -m -g 11 -p meta -f sco -q
[17:10:25] Found 57 CDS
[17:10:25] Connecting features back to sequences
[17:10:25] Not using genus-specific database. Try --usegenus to enable it.
[17:10:25] Annotating CDS, please be patient.
[17:10:25] Will use 4 CPUs for similarity searching.
[17:10:25] There are still 57 unannotated CDS left (started with 57)
[17:10:25] Will use blast to search against /home/fsepulveda/Desktop/tesis/sccmec_classification/prokka-1.12/bin/../db/kingdom/Bacteria/sprot with 4 CPUs
[17:10:25] Running: cat PROKKA_CP019592\/sprot\.faa | parallel --gnu --plain -j 4 --block 2056 --recstart '>' --pipe blastp -query - -db /home/fsepulveda/Desktop/tesis/sccmec_classification/prokka-1.12/bin/../db/kingdom/Bacteria/sprot -evalue 1e-06 -num_threads 1 -num_descriptions 1 -num_alignments 1 -seg no > PROKKA_CP019592\/sprot\.blast 2> /dev/null
[17:10:27] Deleting unwanted file: PROKKA_CP019592/sprot.faa
[17:10:27] Deleting unwanted file: PROKKA_CP019592/sprot.blast
[17:10:27] There are still 42 unannotated CDS left (started with 57)
[17:10:27] Will use hmmer3 to search against /home/fsepulveda/Desktop/tesis/sccmec_classification/prokka-1.12/bin/../db/hmm/HAMAP.hmm with 4 CPUs
[17:10:27] Running: cat PROKKA_CP019592\/HAMAP\.hmm\.faa | parallel --gnu --plain -j 4 --block 1141 --recstart '>' --pipe hmmscan --noali --notextw --acc -E 1e-06 --cpu 1 /home/fsepulveda/Desktop/tesis/sccmec_classification/prokka-1.12/bin/../db/hmm/HAMAP.hmm /dev/stdin > PROKKA_CP019592\/HAMAP\.hmm\.hmmer3 2> /dev/null
[17:10:28] Deleting unwanted file: PROKKA_CP019592/HAMAP.hmm.faa
[17:10:28] Deleting unwanted file: PROKKA_CP019592/HAMAP.hmm.hmmer3
[17:10:28] Labelling remaining 42 proteins as 'hypothetical protein'
[17:10:28] Found 9 unique /gene codes.
[17:10:28] Fixed 2 duplicate /gene - pbp_1 pbp_2
[17:10:28] Fixed 2 duplicate /gene - ugpQ_1 ugpQ_2
[17:10:28] Fixed 2 duplicate /gene - paaZ_1 paaZ_2
[17:10:28] Fixed 3 duplicate /gene - hin_1 hin_2 hin_3
[17:10:28] Fixed 4 colliding /gene names.
[17:10:28] Adding /locus_tag identifiers
[17:10:28] Assigned 57 locus_tags to CDS and RNA features.
[17:10:28] Writing outputs to PROKKA_CP019592/
[17:10:28] Generating annotation statistics file
[17:10:28] Generating Genbank and Sequin files
[17:10:28] Running: tbl2asn -V b -a r10k -l paired-ends -M n -N 1 -y 'Annotated using prokka 1.12 from https://github.com/tseemann/prokka' -Z PROKKA_CP019592\/PROKKA_CP019592\.err -i PROKKA_CP019592\/PROKKA_CP019592\.fsa 2> /dev/null
[17:10:28] Deleting unwanted file: PROKKA_CP019592/errorsummary.val
[17:10:28] Deleting unwanted file: PROKKA_CP019592/PROKKA_CP019592.dr
[17:10:28] Deleting unwanted file: PROKKA_CP019592/PROKKA_CP019592.fixedproducts
[17:10:28] Deleting unwanted file: PROKKA_CP019592/PROKKA_CP019592.ecn
[17:10:28] Deleting unwanted file: PROKKA_CP019592/PROKKA_CP019592.val
[17:10:28] Repairing broken .GBK output that tbl2asn produces...
[17:10:28] Running: sed 's/COORDINATES: profile/COORDINATES:profile/' < PROKKA_CP019592\/PROKKA_CP019592\.gbf > PROKKA_CP019592\/PROKKA_CP019592\.gbk
[17:10:28] Deleting unwanted file: PROKKA_CP019592/PROKKA_CP019592.gbf
[17:10:28] Output files:
[17:10:28] PROKKA_CP019592/PROKKA_CP019592.ffn
[17:10:28] PROKKA_CP019592/PROKKA_CP019592.gbk
[17:10:28] PROKKA_CP019592/PROKKA_CP019592.sqn
[17:10:28] PROKKA_CP019592/PROKKA_CP019592.tsv
[17:10:28] PROKKA_CP019592/PROKKA_CP019592.txt
[17:10:28] PROKKA_CP019592/PROKKA_CP019592.fsa
[17:10:28] PROKKA_CP019592/PROKKA_CP019592.gff
[17:10:28] PROKKA_CP019592/PROKKA_CP019592.err
[17:10:28] PROKKA_CP019592/PROKKA_CP019592.fna
[17:10:28] PROKKA_CP019592/PROKKA_CP019592.faa
[17:10:28] PROKKA_CP019592/PROKKA_CP019592.log
[17:10:28] PROKKA_CP019592/PROKKA_CP019592.tbl
[17:10:28] Annotation finished successfully.
[17:10:28] Walltime used: 0.07 minutes
[17:10:28] If you use this result please cite the Prokka paper:
[17:10:28] Seemann T (2014) Prokka: rapid prokaryotic genome annotation. Bioinformatics. 30(14):2068-9.
[17:10:28] Type 'prokka --citation' for more details.
[17:10:28] Thank you, come again.
