[17:16:50] This is prokka 1.12
[17:16:50] Written by Torsten Seemann <torsten.seemann@gmail.com>
[17:16:50] Homepage is https://github.com/tseemann/prokka
[17:16:50] Local time is Mon May 15 17:16:50 2017
[17:16:50] You are fsepulveda
[17:16:50] Operating system is linux
[17:16:50] You have BioPerl 1.006924
[17:16:50] System has 4 cores.
[17:16:50] Option --cpu asked for 8 cores, but system only has 4
[17:16:50] Will use maximum of 4 cores.
[17:16:50] Annotating as >>> Bacteria <<<
[17:16:50] Creating new output folder: PROKKA_NZ_CP014441
[17:16:50] Running: mkdir -p PROKKA_NZ_CP014441
[17:16:50] Using filename prefix: PROKKA_NZ_CP014441.XXX
[17:16:50] Setting HMMER_NCPU=1
[17:16:50] Writing log to: PROKKA_NZ_CP014441/PROKKA_NZ_CP014441.log
[17:16:50] Command: /home/fsepulveda/Desktop/tesis/sccmec_classification/prokka-1.12/bin/prokka --genus Staphylococcus --prefix PROKKA_NZ_CP014441 --addgenes --addmrna --locustag NZ_CP014441_SCCmec /home/fsepulveda/Documents/parte2/229_sccmec/sccmec_NZ_CP014441.fasta
[17:16:50] Appending to PATH: /home/fsepulveda/Desktop/tesis/sccmec_classification/prokka-1.12/bin/../binaries/linux
[17:16:50] Appending to PATH: /home/fsepulveda/Desktop/tesis/sccmec_classification/prokka-1.12/bin/../binaries/linux/../common
[17:16:50] Appending to PATH: /home/fsepulveda/Desktop/tesis/sccmec_classification/prokka-1.12/bin
[17:16:50] Looking for 'aragorn' - found /home/fsepulveda/Desktop/tesis/sccmec_classification/prokka-1.12/bin/../binaries/linux/aragorn
[17:16:50] Determined aragorn version is 1.2
[17:16:50] Looking for 'blastp' - found /usr/bin/blastp
[17:16:50] Determined blastp version is 2.2
[17:16:50] Looking for 'cmpress' - found /usr/bin/cmpress
[17:16:50] Determined cmpress version is 1.1
[17:16:50] Looking for 'cmscan' - found /usr/bin/cmscan
[17:16:50] Determined cmscan version is 1.1
[17:16:50] Looking for 'egrep' - found /bin/egrep
[17:16:50] Looking for 'find' - found /usr/bin/find
[17:16:50] Looking for 'grep' - found /bin/grep
[17:16:50] Looking for 'hmmpress' - found /usr/bin/hmmpress
[17:16:50] Determined hmmpress version is 3.1
[17:16:50] Looking for 'hmmscan' - found /usr/bin/hmmscan
[17:16:50] Determined hmmscan version is 3.1
[17:16:50] Looking for 'java' - found /usr/bin/java
[17:16:50] Looking for 'less' - found /usr/bin/less
[17:16:50] Looking for 'makeblastdb' - found /usr/bin/makeblastdb
[17:16:50] Determined makeblastdb version is 2.2
[17:16:50] Looking for 'minced' - found /home/fsepulveda/Desktop/tesis/sccmec_classification/prokka-1.12/bin/../binaries/linux/../common/minced
[17:16:50] Determined minced version is 2.0
[17:16:50] Looking for 'parallel' - found /home/fsepulveda/Desktop/tesis/sccmec_classification/prokka-1.12/bin/../binaries/linux/../common/parallel
[17:16:50] Determined parallel version is 20150122
[17:16:50] Looking for 'prodigal' - found /home/fsepulveda/Desktop/tesis/sccmec_classification/prokka-1.12/bin/../binaries/linux/prodigal
[17:16:50] Determined prodigal version is 2.6
[17:16:50] Looking for 'prokka-genbank_to_fasta_db' - found /home/fsepulveda/Desktop/tesis/sccmec_classification/prokka-1.12/bin/prokka-genbank_to_fasta_db
[17:16:50] Looking for 'sed' - found /bin/sed
[17:16:50] Looking for 'tbl2asn' - found /home/fsepulveda/Desktop/tesis/sccmec_classification/prokka-1.12/bin/../binaries/linux/tbl2asn
[17:16:50] Determined tbl2asn version is 25.3
[17:16:50] Using genetic code table 11.
[17:16:50] Loading and checking input file: /home/fsepulveda/Documents/parte2/229_sccmec/sccmec_NZ_CP014441.fasta
[17:16:50] Wrote 1 contigs totalling 55046 bp.
[17:16:50] Predicting tRNAs and tmRNAs
[17:16:50] Running: aragorn -l -gc11  -w PROKKA_NZ_CP014441\/PROKKA_NZ_CP014441\.fna
[17:16:50] Found 0 tRNAs
[17:16:50] Predicting Ribosomal RNAs
[17:16:50] You need either Barrnap or RNAmmer installed to predict rRNAs!
[17:16:50] Skipping ncRNA search, enable with --rfam if desired.
[17:16:50] Total of 0 tRNA + rRNA features
[17:16:50] Searching for CRISPR repeats
[17:16:50] Found 0 CRISPRs
[17:16:50] Predicting coding sequences
[17:16:50] Contigs total 55046 bp, so using meta mode
[17:16:50] Running: prodigal -i PROKKA_NZ_CP014441\/PROKKA_NZ_CP014441\.fna -c -m -g 11 -p meta -f sco -q
[17:16:50] Found 56 CDS
[17:16:50] Connecting features back to sequences
[17:16:50] Not using genus-specific database. Try --usegenus to enable it.
[17:16:50] Annotating CDS, please be patient.
[17:16:50] Will use 4 CPUs for similarity searching.
[17:16:50] There are still 56 unannotated CDS left (started with 56)
[17:16:50] Will use blast to search against /home/fsepulveda/Desktop/tesis/sccmec_classification/prokka-1.12/bin/../db/kingdom/Bacteria/sprot with 4 CPUs
[17:16:50] Running: cat PROKKA_NZ_CP014441\/sprot\.faa | parallel --gnu --plain -j 4 --block 1812 --recstart '>' --pipe blastp -query - -db /home/fsepulveda/Desktop/tesis/sccmec_classification/prokka-1.12/bin/../db/kingdom/Bacteria/sprot -evalue 1e-06 -num_threads 1 -num_descriptions 1 -num_alignments 1 -seg no > PROKKA_NZ_CP014441\/sprot\.blast 2> /dev/null
[17:16:52] Deleting unwanted file: PROKKA_NZ_CP014441/sprot.faa
[17:16:52] Deleting unwanted file: PROKKA_NZ_CP014441/sprot.blast
[17:16:52] There are still 33 unannotated CDS left (started with 56)
[17:16:52] Will use hmmer3 to search against /home/fsepulveda/Desktop/tesis/sccmec_classification/prokka-1.12/bin/../db/hmm/HAMAP.hmm with 4 CPUs
[17:16:52] Running: cat PROKKA_NZ_CP014441\/HAMAP\.hmm\.faa | parallel --gnu --plain -j 4 --block 817 --recstart '>' --pipe hmmscan --noali --notextw --acc -E 1e-06 --cpu 1 /home/fsepulveda/Desktop/tesis/sccmec_classification/prokka-1.12/bin/../db/hmm/HAMAP.hmm /dev/stdin > PROKKA_NZ_CP014441\/HAMAP\.hmm\.hmmer3 2> /dev/null
[17:16:53] Deleting unwanted file: PROKKA_NZ_CP014441/HAMAP.hmm.faa
[17:16:53] Deleting unwanted file: PROKKA_NZ_CP014441/HAMAP.hmm.hmmer3
[17:16:53] Labelling remaining 32 proteins as 'hypothetical protein'
[17:16:53] Possible /pseudo 'DNA-invertase hin' at sccmec_saures_NZ_CP014441_l55046 position 13831
[17:16:53] Found 22 unique /gene codes.
[17:16:53] Fixed 2 duplicate /gene - hin_1 hin_2
[17:16:53] Fixed 1 colliding /gene names.
[17:16:53] Adding /locus_tag identifiers
[17:16:53] Assigned 56 locus_tags to CDS and RNA features.
[17:16:53] Writing outputs to PROKKA_NZ_CP014441/
[17:16:53] Generating annotation statistics file
[17:16:53] Generating Genbank and Sequin files
[17:16:53] Running: tbl2asn -V b -a r10k -l paired-ends -M n -N 1 -y 'Annotated using prokka 1.12 from https://github.com/tseemann/prokka' -Z PROKKA_NZ_CP014441\/PROKKA_NZ_CP014441\.err -i PROKKA_NZ_CP014441\/PROKKA_NZ_CP014441\.fsa 2> /dev/null
[17:16:53] Deleting unwanted file: PROKKA_NZ_CP014441/errorsummary.val
[17:16:53] Deleting unwanted file: PROKKA_NZ_CP014441/PROKKA_NZ_CP014441.dr
[17:16:53] Deleting unwanted file: PROKKA_NZ_CP014441/PROKKA_NZ_CP014441.fixedproducts
[17:16:53] Deleting unwanted file: PROKKA_NZ_CP014441/PROKKA_NZ_CP014441.ecn
[17:16:53] Deleting unwanted file: PROKKA_NZ_CP014441/PROKKA_NZ_CP014441.val
[17:16:53] Repairing broken .GBK output that tbl2asn produces...
[17:16:53] Running: sed 's/COORDINATES: profile/COORDINATES:profile/' < PROKKA_NZ_CP014441\/PROKKA_NZ_CP014441\.gbf > PROKKA_NZ_CP014441\/PROKKA_NZ_CP014441\.gbk
[17:16:53] Deleting unwanted file: PROKKA_NZ_CP014441/PROKKA_NZ_CP014441.gbf
[17:16:53] Output files:
[17:16:53] PROKKA_NZ_CP014441/PROKKA_NZ_CP014441.log
[17:16:53] PROKKA_NZ_CP014441/PROKKA_NZ_CP014441.err
[17:16:53] PROKKA_NZ_CP014441/PROKKA_NZ_CP014441.faa
[17:16:53] PROKKA_NZ_CP014441/PROKKA_NZ_CP014441.gbk
[17:16:53] PROKKA_NZ_CP014441/PROKKA_NZ_CP014441.ffn
[17:16:53] PROKKA_NZ_CP014441/PROKKA_NZ_CP014441.fna
[17:16:53] PROKKA_NZ_CP014441/PROKKA_NZ_CP014441.fsa
[17:16:53] PROKKA_NZ_CP014441/PROKKA_NZ_CP014441.tsv
[17:16:53] PROKKA_NZ_CP014441/PROKKA_NZ_CP014441.txt
[17:16:53] PROKKA_NZ_CP014441/PROKKA_NZ_CP014441.tbl
[17:16:53] PROKKA_NZ_CP014441/PROKKA_NZ_CP014441.sqn
[17:16:53] PROKKA_NZ_CP014441/PROKKA_NZ_CP014441.gff
[17:16:53] Annotation finished successfully.
[17:16:53] Walltime used: 0.05 minutes
[17:16:53] If you use this result please cite the Prokka paper:
[17:16:53] Seemann T (2014) Prokka: rapid prokaryotic genome annotation. Bioinformatics. 30(14):2068-9.
[17:16:53] Type 'prokka --citation' for more details.
[17:16:53] Share and enjoy!
