[17:09:48] This is prokka 1.12
[17:09:48] Written by Torsten Seemann <torsten.seemann@gmail.com>
[17:09:48] Homepage is https://github.com/tseemann/prokka
[17:09:48] Local time is Mon May 15 17:09:48 2017
[17:09:48] You are fsepulveda
[17:09:48] Operating system is linux
[17:09:48] You have BioPerl 1.006924
[17:09:48] System has 4 cores.
[17:09:48] Option --cpu asked for 8 cores, but system only has 4
[17:09:48] Will use maximum of 4 cores.
[17:09:48] Annotating as >>> Bacteria <<<
[17:09:48] Creating new output folder: PROKKA_CP014444
[17:09:48] Running: mkdir -p PROKKA_CP014444
[17:09:48] Using filename prefix: PROKKA_CP014444.XXX
[17:09:48] Setting HMMER_NCPU=1
[17:09:48] Writing log to: PROKKA_CP014444/PROKKA_CP014444.log
[17:09:48] Command: /home/fsepulveda/Desktop/tesis/sccmec_classification/prokka-1.12/bin/prokka --genus Staphylococcus --prefix PROKKA_CP014444 --addgenes --addmrna --locustag CP014444_SCCmec /home/fsepulveda/Documents/parte2/229_sccmec/sccmec_CP014444.fasta
[17:09:48] Appending to PATH: /home/fsepulveda/Desktop/tesis/sccmec_classification/prokka-1.12/bin/../binaries/linux
[17:09:48] Appending to PATH: /home/fsepulveda/Desktop/tesis/sccmec_classification/prokka-1.12/bin/../binaries/linux/../common
[17:09:48] Appending to PATH: /home/fsepulveda/Desktop/tesis/sccmec_classification/prokka-1.12/bin
[17:09:48] Looking for 'aragorn' - found /home/fsepulveda/Desktop/tesis/sccmec_classification/prokka-1.12/bin/../binaries/linux/aragorn
[17:09:48] Determined aragorn version is 1.2
[17:09:48] Looking for 'blastp' - found /usr/bin/blastp
[17:09:48] Determined blastp version is 2.2
[17:09:48] Looking for 'cmpress' - found /usr/bin/cmpress
[17:09:48] Determined cmpress version is 1.1
[17:09:48] Looking for 'cmscan' - found /usr/bin/cmscan
[17:09:48] Determined cmscan version is 1.1
[17:09:48] Looking for 'egrep' - found /bin/egrep
[17:09:48] Looking for 'find' - found /usr/bin/find
[17:09:48] Looking for 'grep' - found /bin/grep
[17:09:48] Looking for 'hmmpress' - found /usr/bin/hmmpress
[17:09:48] Determined hmmpress version is 3.1
[17:09:48] Looking for 'hmmscan' - found /usr/bin/hmmscan
[17:09:48] Determined hmmscan version is 3.1
[17:09:48] Looking for 'java' - found /usr/bin/java
[17:09:48] Looking for 'less' - found /usr/bin/less
[17:09:48] Looking for 'makeblastdb' - found /usr/bin/makeblastdb
[17:09:48] Determined makeblastdb version is 2.2
[17:09:48] Looking for 'minced' - found /home/fsepulveda/Desktop/tesis/sccmec_classification/prokka-1.12/bin/../binaries/linux/../common/minced
[17:09:48] Determined minced version is 2.0
[17:09:48] Looking for 'parallel' - found /home/fsepulveda/Desktop/tesis/sccmec_classification/prokka-1.12/bin/../binaries/linux/../common/parallel
[17:09:48] Determined parallel version is 20150122
[17:09:48] Looking for 'prodigal' - found /home/fsepulveda/Desktop/tesis/sccmec_classification/prokka-1.12/bin/../binaries/linux/prodigal
[17:09:48] Determined prodigal version is 2.6
[17:09:48] Looking for 'prokka-genbank_to_fasta_db' - found /home/fsepulveda/Desktop/tesis/sccmec_classification/prokka-1.12/bin/prokka-genbank_to_fasta_db
[17:09:48] Looking for 'sed' - found /bin/sed
[17:09:48] Looking for 'tbl2asn' - found /home/fsepulveda/Desktop/tesis/sccmec_classification/prokka-1.12/bin/../binaries/linux/tbl2asn
[17:09:48] Determined tbl2asn version is 25.3
[17:09:48] Using genetic code table 11.
[17:09:48] Loading and checking input file: /home/fsepulveda/Documents/parte2/229_sccmec/sccmec_CP014444.fasta
[17:09:48] Wrote 1 contigs totalling 55046 bp.
[17:09:48] Predicting tRNAs and tmRNAs
[17:09:48] Running: aragorn -l -gc11  -w PROKKA_CP014444\/PROKKA_CP014444\.fna
[17:09:49] Found 0 tRNAs
[17:09:49] Predicting Ribosomal RNAs
[17:09:49] You need either Barrnap or RNAmmer installed to predict rRNAs!
[17:09:49] Skipping ncRNA search, enable with --rfam if desired.
[17:09:49] Total of 0 tRNA + rRNA features
[17:09:49] Searching for CRISPR repeats
[17:09:49] Found 0 CRISPRs
[17:09:49] Predicting coding sequences
[17:09:49] Contigs total 55046 bp, so using meta mode
[17:09:49] Running: prodigal -i PROKKA_CP014444\/PROKKA_CP014444\.fna -c -m -g 11 -p meta -f sco -q
[17:09:49] Found 56 CDS
[17:09:49] Connecting features back to sequences
[17:09:49] Not using genus-specific database. Try --usegenus to enable it.
[17:09:49] Annotating CDS, please be patient.
[17:09:49] Will use 4 CPUs for similarity searching.
[17:09:49] There are still 56 unannotated CDS left (started with 56)
[17:09:49] Will use blast to search against /home/fsepulveda/Desktop/tesis/sccmec_classification/prokka-1.12/bin/../db/kingdom/Bacteria/sprot with 4 CPUs
[17:09:49] Running: cat PROKKA_CP014444\/sprot\.faa | parallel --gnu --plain -j 4 --block 1812 --recstart '>' --pipe blastp -query - -db /home/fsepulveda/Desktop/tesis/sccmec_classification/prokka-1.12/bin/../db/kingdom/Bacteria/sprot -evalue 1e-06 -num_threads 1 -num_descriptions 1 -num_alignments 1 -seg no > PROKKA_CP014444\/sprot\.blast 2> /dev/null
[17:09:51] Deleting unwanted file: PROKKA_CP014444/sprot.faa
[17:09:51] Deleting unwanted file: PROKKA_CP014444/sprot.blast
[17:09:51] There are still 33 unannotated CDS left (started with 56)
[17:09:51] Will use hmmer3 to search against /home/fsepulveda/Desktop/tesis/sccmec_classification/prokka-1.12/bin/../db/hmm/HAMAP.hmm with 4 CPUs
[17:09:51] Running: cat PROKKA_CP014444\/HAMAP\.hmm\.faa | parallel --gnu --plain -j 4 --block 817 --recstart '>' --pipe hmmscan --noali --notextw --acc -E 1e-06 --cpu 1 /home/fsepulveda/Desktop/tesis/sccmec_classification/prokka-1.12/bin/../db/hmm/HAMAP.hmm /dev/stdin > PROKKA_CP014444\/HAMAP\.hmm\.hmmer3 2> /dev/null
[17:09:51] Deleting unwanted file: PROKKA_CP014444/HAMAP.hmm.faa
[17:09:51] Deleting unwanted file: PROKKA_CP014444/HAMAP.hmm.hmmer3
[17:09:51] Labelling remaining 32 proteins as 'hypothetical protein'
[17:09:51] Possible /pseudo 'DNA-invertase hin' at sccmec_saures_CP014444_l55046 position 13831
[17:09:51] Found 22 unique /gene codes.
[17:09:51] Fixed 2 duplicate /gene - hin_1 hin_2
[17:09:51] Fixed 1 colliding /gene names.
[17:09:51] Adding /locus_tag identifiers
[17:09:51] Assigned 56 locus_tags to CDS and RNA features.
[17:09:51] Writing outputs to PROKKA_CP014444/
[17:09:51] Generating annotation statistics file
[17:09:51] Generating Genbank and Sequin files
[17:09:51] Running: tbl2asn -V b -a r10k -l paired-ends -M n -N 1 -y 'Annotated using prokka 1.12 from https://github.com/tseemann/prokka' -Z PROKKA_CP014444\/PROKKA_CP014444\.err -i PROKKA_CP014444\/PROKKA_CP014444\.fsa 2> /dev/null
[17:09:52] Deleting unwanted file: PROKKA_CP014444/errorsummary.val
[17:09:52] Deleting unwanted file: PROKKA_CP014444/PROKKA_CP014444.dr
[17:09:52] Deleting unwanted file: PROKKA_CP014444/PROKKA_CP014444.fixedproducts
[17:09:52] Deleting unwanted file: PROKKA_CP014444/PROKKA_CP014444.ecn
[17:09:52] Deleting unwanted file: PROKKA_CP014444/PROKKA_CP014444.val
[17:09:52] Repairing broken .GBK output that tbl2asn produces...
[17:09:52] Running: sed 's/COORDINATES: profile/COORDINATES:profile/' < PROKKA_CP014444\/PROKKA_CP014444\.gbf > PROKKA_CP014444\/PROKKA_CP014444\.gbk
[17:09:52] Deleting unwanted file: PROKKA_CP014444/PROKKA_CP014444.gbf
[17:09:52] Output files:
[17:09:52] PROKKA_CP014444/PROKKA_CP014444.sqn
[17:09:52] PROKKA_CP014444/PROKKA_CP014444.fna
[17:09:52] PROKKA_CP014444/PROKKA_CP014444.gbk
[17:09:52] PROKKA_CP014444/PROKKA_CP014444.err
[17:09:52] PROKKA_CP014444/PROKKA_CP014444.log
[17:09:52] PROKKA_CP014444/PROKKA_CP014444.tbl
[17:09:52] PROKKA_CP014444/PROKKA_CP014444.ffn
[17:09:52] PROKKA_CP014444/PROKKA_CP014444.fsa
[17:09:52] PROKKA_CP014444/PROKKA_CP014444.faa
[17:09:52] PROKKA_CP014444/PROKKA_CP014444.tsv
[17:09:52] PROKKA_CP014444/PROKKA_CP014444.txt
[17:09:52] PROKKA_CP014444/PROKKA_CP014444.gff
[17:09:52] Annotation finished successfully.
[17:09:52] Walltime used: 0.07 minutes
[17:09:52] If you use this result please cite the Prokka paper:
[17:09:52] Seemann T (2014) Prokka: rapid prokaryotic genome annotation. Bioinformatics. 30(14):2068-9.
[17:09:52] Type 'prokka --citation' for more details.
[17:09:52] Thank you, come again.
