[17:07:27] This is prokka 1.12
[17:07:27] Written by Torsten Seemann <torsten.seemann@gmail.com>
[17:07:27] Homepage is https://github.com/tseemann/prokka
[17:07:27] Local time is Mon May 15 17:07:27 2017
[17:07:27] You are fsepulveda
[17:07:27] Operating system is linux
[17:07:27] You have BioPerl 1.006924
[17:07:27] System has 4 cores.
[17:07:27] Option --cpu asked for 8 cores, but system only has 4
[17:07:27] Will use maximum of 4 cores.
[17:07:27] Annotating as >>> Bacteria <<<
[17:07:27] Creating new output folder: PROKKA_CP012013
[17:07:27] Running: mkdir -p PROKKA_CP012013
[17:07:27] Using filename prefix: PROKKA_CP012013.XXX
[17:07:27] Setting HMMER_NCPU=1
[17:07:27] Writing log to: PROKKA_CP012013/PROKKA_CP012013.log
[17:07:27] Command: /home/fsepulveda/Desktop/tesis/sccmec_classification/prokka-1.12/bin/prokka --genus Staphylococcus --prefix PROKKA_CP012013 --addgenes --addmrna --locustag CP012013_SCCmec /home/fsepulveda/Documents/parte2/229_sccmec/sccmec_CP012013.fasta
[17:07:27] Appending to PATH: /home/fsepulveda/Desktop/tesis/sccmec_classification/prokka-1.12/bin/../binaries/linux
[17:07:27] Appending to PATH: /home/fsepulveda/Desktop/tesis/sccmec_classification/prokka-1.12/bin/../binaries/linux/../common
[17:07:27] Appending to PATH: /home/fsepulveda/Desktop/tesis/sccmec_classification/prokka-1.12/bin
[17:07:27] Looking for 'aragorn' - found /home/fsepulveda/Desktop/tesis/sccmec_classification/prokka-1.12/bin/../binaries/linux/aragorn
[17:07:27] Determined aragorn version is 1.2
[17:07:27] Looking for 'blastp' - found /usr/bin/blastp
[17:07:27] Determined blastp version is 2.2
[17:07:27] Looking for 'cmpress' - found /usr/bin/cmpress
[17:07:27] Determined cmpress version is 1.1
[17:07:27] Looking for 'cmscan' - found /usr/bin/cmscan
[17:07:27] Determined cmscan version is 1.1
[17:07:27] Looking for 'egrep' - found /bin/egrep
[17:07:27] Looking for 'find' - found /usr/bin/find
[17:07:27] Looking for 'grep' - found /bin/grep
[17:07:27] Looking for 'hmmpress' - found /usr/bin/hmmpress
[17:07:27] Determined hmmpress version is 3.1
[17:07:27] Looking for 'hmmscan' - found /usr/bin/hmmscan
[17:07:27] Determined hmmscan version is 3.1
[17:07:27] Looking for 'java' - found /usr/bin/java
[17:07:27] Looking for 'less' - found /usr/bin/less
[17:07:27] Looking for 'makeblastdb' - found /usr/bin/makeblastdb
[17:07:27] Determined makeblastdb version is 2.2
[17:07:27] Looking for 'minced' - found /home/fsepulveda/Desktop/tesis/sccmec_classification/prokka-1.12/bin/../binaries/linux/../common/minced
[17:07:27] Determined minced version is 2.0
[17:07:27] Looking for 'parallel' - found /home/fsepulveda/Desktop/tesis/sccmec_classification/prokka-1.12/bin/../binaries/linux/../common/parallel
[17:07:27] Determined parallel version is 20150122
[17:07:27] Looking for 'prodigal' - found /home/fsepulveda/Desktop/tesis/sccmec_classification/prokka-1.12/bin/../binaries/linux/prodigal
[17:07:27] Determined prodigal version is 2.6
[17:07:27] Looking for 'prokka-genbank_to_fasta_db' - found /home/fsepulveda/Desktop/tesis/sccmec_classification/prokka-1.12/bin/prokka-genbank_to_fasta_db
[17:07:27] Looking for 'sed' - found /bin/sed
[17:07:27] Looking for 'tbl2asn' - found /home/fsepulveda/Desktop/tesis/sccmec_classification/prokka-1.12/bin/../binaries/linux/tbl2asn
[17:07:27] Determined tbl2asn version is 25.3
[17:07:27] Using genetic code table 11.
[17:07:27] Loading and checking input file: /home/fsepulveda/Documents/parte2/229_sccmec/sccmec_CP012013.fasta
[17:07:27] Wrote 1 contigs totalling 61015 bp.
[17:07:27] Predicting tRNAs and tmRNAs
[17:07:27] Running: aragorn -l -gc11  -w PROKKA_CP012013\/PROKKA_CP012013\.fna
[17:07:28] Found 0 tRNAs
[17:07:28] Predicting Ribosomal RNAs
[17:07:28] You need either Barrnap or RNAmmer installed to predict rRNAs!
[17:07:28] Skipping ncRNA search, enable with --rfam if desired.
[17:07:28] Total of 0 tRNA + rRNA features
[17:07:28] Searching for CRISPR repeats
[17:07:28] Found 0 CRISPRs
[17:07:28] Predicting coding sequences
[17:07:28] Contigs total 61015 bp, so using meta mode
[17:07:28] Running: prodigal -i PROKKA_CP012013\/PROKKA_CP012013\.fna -c -m -g 11 -p meta -f sco -q
[17:07:28] Found 67 CDS
[17:07:28] Connecting features back to sequences
[17:07:28] Not using genus-specific database. Try --usegenus to enable it.
[17:07:28] Annotating CDS, please be patient.
[17:07:28] Will use 4 CPUs for similarity searching.
[17:07:28] There are still 67 unannotated CDS left (started with 67)
[17:07:28] Will use blast to search against /home/fsepulveda/Desktop/tesis/sccmec_classification/prokka-1.12/bin/../db/kingdom/Bacteria/sprot with 4 CPUs
[17:07:28] Running: cat PROKKA_CP012013\/sprot\.faa | parallel --gnu --plain -j 4 --block 2211 --recstart '>' --pipe blastp -query - -db /home/fsepulveda/Desktop/tesis/sccmec_classification/prokka-1.12/bin/../db/kingdom/Bacteria/sprot -evalue 1e-06 -num_threads 1 -num_descriptions 1 -num_alignments 1 -seg no > PROKKA_CP012013\/sprot\.blast 2> /dev/null
[17:07:30] Modify product: Uncharacterized methyltransferase YcgJ => putative methyltransferase YcgJ
[17:07:30] Modify product: Probable cadmium-transporting ATPase => putative cadmium-transporting ATPase
[17:07:30] Cleaned 2 /product names
[17:07:30] Deleting unwanted file: PROKKA_CP012013/sprot.faa
[17:07:30] Deleting unwanted file: PROKKA_CP012013/sprot.blast
[17:07:30] There are still 39 unannotated CDS left (started with 67)
[17:07:30] Will use hmmer3 to search against /home/fsepulveda/Desktop/tesis/sccmec_classification/prokka-1.12/bin/../db/hmm/HAMAP.hmm with 4 CPUs
[17:07:30] Running: cat PROKKA_CP012013\/HAMAP\.hmm\.faa | parallel --gnu --plain -j 4 --block 952 --recstart '>' --pipe hmmscan --noali --notextw --acc -E 1e-06 --cpu 1 /home/fsepulveda/Desktop/tesis/sccmec_classification/prokka-1.12/bin/../db/hmm/HAMAP.hmm /dev/stdin > PROKKA_CP012013\/HAMAP\.hmm\.hmmer3 2> /dev/null
[17:07:31] Deleting unwanted file: PROKKA_CP012013/HAMAP.hmm.faa
[17:07:31] Deleting unwanted file: PROKKA_CP012013/HAMAP.hmm.hmmer3
[17:07:31] Labelling remaining 39 proteins as 'hypothetical protein'
[17:07:31] Possible /pseudo 'Tyrosine recombinase XerC' at sccmec_saures_CP012013_l61015 position 11803
[17:07:31] Possible /pseudo 'Streptomycin 3''-adenylyltransferase' at sccmec_saures_CP012013_l61015 position 14620
[17:07:31] Found 23 unique /gene codes.
[17:07:31] Fixed 2 duplicate /gene - hin_1 hin_2
[17:07:31] Fixed 2 duplicate /gene - pspE_1 pspE_2
[17:07:31] Fixed 2 duplicate /gene - ant1_1 ant1_2
[17:07:31] Fixed 3 duplicate /gene - xerC_1 xerC_2 xerC_3
[17:07:31] Fixed 4 colliding /gene names.
[17:07:31] Adding /locus_tag identifiers
[17:07:31] Assigned 67 locus_tags to CDS and RNA features.
[17:07:31] Writing outputs to PROKKA_CP012013/
[17:07:31] Generating annotation statistics file
[17:07:31] Generating Genbank and Sequin files
[17:07:31] Running: tbl2asn -V b -a r10k -l paired-ends -M n -N 1 -y 'Annotated using prokka 1.12 from https://github.com/tseemann/prokka' -Z PROKKA_CP012013\/PROKKA_CP012013\.err -i PROKKA_CP012013\/PROKKA_CP012013\.fsa 2> /dev/null
[17:07:31] Deleting unwanted file: PROKKA_CP012013/errorsummary.val
[17:07:31] Deleting unwanted file: PROKKA_CP012013/PROKKA_CP012013.dr
[17:07:31] Deleting unwanted file: PROKKA_CP012013/PROKKA_CP012013.fixedproducts
[17:07:31] Deleting unwanted file: PROKKA_CP012013/PROKKA_CP012013.ecn
[17:07:31] Deleting unwanted file: PROKKA_CP012013/PROKKA_CP012013.val
[17:07:31] Repairing broken .GBK output that tbl2asn produces...
[17:07:31] Running: sed 's/COORDINATES: profile/COORDINATES:profile/' < PROKKA_CP012013\/PROKKA_CP012013\.gbf > PROKKA_CP012013\/PROKKA_CP012013\.gbk
[17:07:31] Deleting unwanted file: PROKKA_CP012013/PROKKA_CP012013.gbf
[17:07:31] Output files:
[17:07:31] PROKKA_CP012013/PROKKA_CP012013.fsa
[17:07:31] PROKKA_CP012013/PROKKA_CP012013.fna
[17:07:31] PROKKA_CP012013/PROKKA_CP012013.tbl
[17:07:31] PROKKA_CP012013/PROKKA_CP012013.err
[17:07:31] PROKKA_CP012013/PROKKA_CP012013.tsv
[17:07:31] PROKKA_CP012013/PROKKA_CP012013.ffn
[17:07:31] PROKKA_CP012013/PROKKA_CP012013.gff
[17:07:31] PROKKA_CP012013/PROKKA_CP012013.gbk
[17:07:31] PROKKA_CP012013/PROKKA_CP012013.log
[17:07:31] PROKKA_CP012013/PROKKA_CP012013.txt
[17:07:31] PROKKA_CP012013/PROKKA_CP012013.faa
[17:07:31] PROKKA_CP012013/PROKKA_CP012013.sqn
[17:07:31] Annotation finished successfully.
[17:07:31] Walltime used: 0.07 minutes
[17:07:31] If you use this result please cite the Prokka paper:
[17:07:31] Seemann T (2014) Prokka: rapid prokaryotic genome annotation. Bioinformatics. 30(14):2068-9.
[17:07:31] Type 'prokka --citation' for more details.
[17:07:31] Thank you, come again.
