Discrepancy Report Results

Summary
FATAL: BAD_LOCUS_TAG_FORMAT:42 locus tags are incorrectly formatted.
FATAL: MISSING_PROTEIN_ID:42 proteins have invalid IDs.
DISC_SOURCE_QUALS_ASNDISC:strain (all present, all unique)
DISC_SOURCE_QUALS_ASNDISC:taxname (all present, all unique)
DISC_FEATURE_COUNT:gene: 42 present
DISC_FEATURE_COUNT:CDS: 42 present
DISC_FEATURE_COUNT:mRNA: 42 present
DISC_COUNT_NUCLEOTIDES:1 nucleotide Bioseqs are present
OVERLAPPING_GENES:11 genes overlap another gene on the same strand.
DISC_QUALITY_SCORES:Quality scores are missing on all sequences.
ONCALLER_COMMENT_PRESENT:1 comment descriptors were found (all same)
SHORT_PROT_SEQUENCES:2 protein sequences are shorter than 50 aa.
MISSING_GENOMEASSEMBLY_COMMENTS:1 bioseqs are missing GenomeAssembly structured comments
MOLTYPE_NOT_MRNA:1 molecule types are not set as mRNA.
TECHNIQUE_NOT_TSA:1 technique are not set as TSA
MISSING_STRUCTURED_COMMENT:1 sequences do not include structured comments.
MISSING_PROJECT:43 sequences do not include project.
DISC_INCONSISTENT_MOLINFO_TECH:Molinfo Technique Report (some missing, all same)


Detailed Report

FATAL: DiscRep_ALL:BAD_LOCUS_TAG_FORMAT::42 locus tags are incorrectly formatted.
PROKKA_CP003603/PROKKA_CP003603:Gene	rlmH	sccmec_saures_CP003603_l41647:1-480	CP003603_SCCmec_00001
PROKKA_CP003603/PROKKA_CP003603:Gene	CP003603_SCCmec_00002	sccmec_saures_CP003603_l41647:522-677	CP003603_SCCmec_00002
PROKKA_CP003603/PROKKA_CP003603:Gene	CP003603_SCCmec_00003	sccmec_saures_CP003603_l41647:726-1031	CP003603_SCCmec_00003
PROKKA_CP003603/PROKKA_CP003603:Gene	CP003603_SCCmec_00004	sccmec_saures_CP003603_l41647:1230-2093	CP003603_SCCmec_00004
PROKKA_CP003603/PROKKA_CP003603:Gene	CP003603_SCCmec_00005	sccmec_saures_CP003603_l41647:2177-3676	CP003603_SCCmec_00005
PROKKA_CP003603/PROKKA_CP003603:Gene	CP003603_SCCmec_00006	sccmec_saures_CP003603_l41647:3902-5002	CP003603_SCCmec_00006
PROKKA_CP003603/PROKKA_CP003603:Gene	CP003603_SCCmec_00007	sccmec_saures_CP003603_l41647:4995-5366	CP003603_SCCmec_00007
PROKKA_CP003603/PROKKA_CP003603:Gene	CP003603_SCCmec_00008	sccmec_saures_CP003603_l41647:5363-7006	CP003603_SCCmec_00008
PROKKA_CP003603/PROKKA_CP003603:Gene	hin_1	sccmec_saures_CP003603_l41647:7232-8908	CP003603_SCCmec_00009
PROKKA_CP003603/PROKKA_CP003603:Gene	CP003603_SCCmec_00010	sccmec_saures_CP003603_l41647:9014-9352	CP003603_SCCmec_00010
PROKKA_CP003603/PROKKA_CP003603:Gene	CP003603_SCCmec_00011	sccmec_saures_CP003603_l41647:9448-9759	CP003603_SCCmec_00011
PROKKA_CP003603/PROKKA_CP003603:Gene	CP003603_SCCmec_00012	sccmec_saures_CP003603_l41647:9775-10281	CP003603_SCCmec_00012
PROKKA_CP003603/PROKKA_CP003603:Gene	CP003603_SCCmec_00013	sccmec_saures_CP003603_l41647:c11034-10435	CP003603_SCCmec_00013
PROKKA_CP003603/PROKKA_CP003603:Gene	CP003603_SCCmec_00014	sccmec_saures_CP003603_l41647:11292-11459	CP003603_SCCmec_00014
PROKKA_CP003603/PROKKA_CP003603:Gene	CP003603_SCCmec_00015	sccmec_saures_CP003603_l41647:11557-11787	CP003603_SCCmec_00015
PROKKA_CP003603/PROKKA_CP003603:Gene	ugpQ	sccmec_saures_CP003603_l41647:12416-13159	CP003603_SCCmec_00016
PROKKA_CP003603/PROKKA_CP003603:Gene	paaZ	sccmec_saures_CP003603_l41647:13256-13684	CP003603_SCCmec_00017
PROKKA_CP003603/PROKKA_CP003603:Gene	pbp	sccmec_saures_CP003603_l41647:c15736-13730	CP003603_SCCmec_00018
PROKKA_CP003603/PROKKA_CP003603:Gene	CP003603_SCCmec_00019	sccmec_saures_CP003603_l41647:15984-16127	CP003603_SCCmec_00019
PROKKA_CP003603/PROKKA_CP003603:Gene	CP003603_SCCmec_00020	sccmec_saures_CP003603_l41647:c17037-16609	CP003603_SCCmec_00020
PROKKA_CP003603/PROKKA_CP003603:Gene	CP003603_SCCmec_00021	sccmec_saures_CP003603_l41647:17118-18047	CP003603_SCCmec_00021
PROKKA_CP003603/PROKKA_CP003603:Gene	CP003603_SCCmec_00022	sccmec_saures_CP003603_l41647:18081-18179	CP003603_SCCmec_00022
PROKKA_CP003603/PROKKA_CP003603:Gene	CP003603_SCCmec_00023	sccmec_saures_CP003603_l41647:18209-18691	CP003603_SCCmec_00023
PROKKA_CP003603/PROKKA_CP003603:Gene	CP003603_SCCmec_00024	sccmec_saures_CP003603_l41647:18759-19073	CP003603_SCCmec_00024
PROKKA_CP003603/PROKKA_CP003603:Gene	CP003603_SCCmec_00025	sccmec_saures_CP003603_l41647:19058-19900	CP003603_SCCmec_00025
PROKKA_CP003603/PROKKA_CP003603:Gene	CP003603_SCCmec_00026	sccmec_saures_CP003603_l41647:19907-21472	CP003603_SCCmec_00026
PROKKA_CP003603/PROKKA_CP003603:Gene	CP003603_SCCmec_00027	sccmec_saures_CP003603_l41647:21667-22776	CP003603_SCCmec_00027
PROKKA_CP003603/PROKKA_CP003603:Gene	CP003603_SCCmec_00028	sccmec_saures_CP003603_l41647:22769-23137	CP003603_SCCmec_00028
PROKKA_CP003603/PROKKA_CP003603:Gene	CP003603_SCCmec_00029	sccmec_saures_CP003603_l41647:23137-24753	CP003603_SCCmec_00029
PROKKA_CP003603/PROKKA_CP003603:Gene	hin_2	sccmec_saures_CP003603_l41647:24978-26657	CP003603_SCCmec_00030
PROKKA_CP003603/PROKKA_CP003603:Gene	CP003603_SCCmec_00031	sccmec_saures_CP003603_l41647:26710-27084	CP003603_SCCmec_00031
PROKKA_CP003603/PROKKA_CP003603:Gene	CP003603_SCCmec_00032	sccmec_saures_CP003603_l41647:27163-27489	CP003603_SCCmec_00032
PROKKA_CP003603/PROKKA_CP003603:Gene	CP003603_SCCmec_00033	sccmec_saures_CP003603_l41647:27501-28007	CP003603_SCCmec_00033
PROKKA_CP003603/PROKKA_CP003603:Gene	CP003603_SCCmec_00034	sccmec_saures_CP003603_l41647:28021-28242	CP003603_SCCmec_00034
PROKKA_CP003603/PROKKA_CP003603:Gene	hsdR	sccmec_saures_CP003603_l41647:c31436-28317	CP003603_SCCmec_00035
PROKKA_CP003603/PROKKA_CP003603:Gene	CP003603_SCCmec_00036	sccmec_saures_CP003603_l41647:c32721-31420	CP003603_SCCmec_00036
PROKKA_CP003603/PROKKA_CP003603:Gene	hsdM	sccmec_saures_CP003603_l41647:c34225-32711	CP003603_SCCmec_00037
PROKKA_CP003603/PROKKA_CP003603:Gene	CP003603_SCCmec_00038	sccmec_saures_CP003603_l41647:34634-36730	CP003603_SCCmec_00038
PROKKA_CP003603/PROKKA_CP003603:Gene	pcrA	sccmec_saures_CP003603_l41647:36732-38480	CP003603_SCCmec_00039
PROKKA_CP003603/PROKKA_CP003603:Gene	CP003603_SCCmec_00040	sccmec_saures_CP003603_l41647:38690-38872	CP003603_SCCmec_00040
PROKKA_CP003603/PROKKA_CP003603:Gene	ddc	sccmec_saures_CP003603_l41647:c40364-38940	CP003603_SCCmec_00041
PROKKA_CP003603/PROKKA_CP003603:Gene	CP003603_SCCmec_00042	sccmec_saures_CP003603_l41647:41309-41476	CP003603_SCCmec_00042

FATAL: DiscRep_ALL:MISSING_PROTEIN_ID::42 proteins have invalid IDs.
PROKKA_CP003603/PROKKA_CP003603:sccmec_saures_CP003603_l41647_1 (length 159)
PROKKA_CP003603/PROKKA_CP003603:sccmec_saures_CP003603_l41647_2 (length 51)
PROKKA_CP003603/PROKKA_CP003603:sccmec_saures_CP003603_l41647_3 (length 101)
PROKKA_CP003603/PROKKA_CP003603:sccmec_saures_CP003603_l41647_4 (length 287)
PROKKA_CP003603/PROKKA_CP003603:sccmec_saures_CP003603_l41647_5 (length 499)
PROKKA_CP003603/PROKKA_CP003603:sccmec_saures_CP003603_l41647_6 (length 366)
PROKKA_CP003603/PROKKA_CP003603:sccmec_saures_CP003603_l41647_7 (length 123)
PROKKA_CP003603/PROKKA_CP003603:sccmec_saures_CP003603_l41647_8 (length 547)
PROKKA_CP003603/PROKKA_CP003603:sccmec_saures_CP003603_l41647_9 (length 558)
PROKKA_CP003603/PROKKA_CP003603:sccmec_saures_CP003603_l41647_10 (length 112)
PROKKA_CP003603/PROKKA_CP003603:sccmec_saures_CP003603_l41647_11 (length 103)
PROKKA_CP003603/PROKKA_CP003603:sccmec_saures_CP003603_l41647_12 (length 168)
PROKKA_CP003603/PROKKA_CP003603:sccmec_saures_CP003603_l41647_13 (length 199)
PROKKA_CP003603/PROKKA_CP003603:sccmec_saures_CP003603_l41647_14 (length 55)
PROKKA_CP003603/PROKKA_CP003603:sccmec_saures_CP003603_l41647_15 (length 76)
PROKKA_CP003603/PROKKA_CP003603:sccmec_saures_CP003603_l41647_16 (length 247)
PROKKA_CP003603/PROKKA_CP003603:sccmec_saures_CP003603_l41647_17 (length 142)
PROKKA_CP003603/PROKKA_CP003603:sccmec_saures_CP003603_l41647_18 (length 668)
PROKKA_CP003603/PROKKA_CP003603:sccmec_saures_CP003603_l41647_19 (length 47)
PROKKA_CP003603/PROKKA_CP003603:sccmec_saures_CP003603_l41647_20 (length 142)
PROKKA_CP003603/PROKKA_CP003603:sccmec_saures_CP003603_l41647_21 (length 309)
PROKKA_CP003603/PROKKA_CP003603:sccmec_saures_CP003603_l41647_22 (length 32)
PROKKA_CP003603/PROKKA_CP003603:sccmec_saures_CP003603_l41647_23 (length 160)
PROKKA_CP003603/PROKKA_CP003603:sccmec_saures_CP003603_l41647_24 (length 104)
PROKKA_CP003603/PROKKA_CP003603:sccmec_saures_CP003603_l41647_25 (length 280)
PROKKA_CP003603/PROKKA_CP003603:sccmec_saures_CP003603_l41647_26 (length 521)
PROKKA_CP003603/PROKKA_CP003603:sccmec_saures_CP003603_l41647_27 (length 369)
PROKKA_CP003603/PROKKA_CP003603:sccmec_saures_CP003603_l41647_28 (length 122)
PROKKA_CP003603/PROKKA_CP003603:sccmec_saures_CP003603_l41647_29 (length 538)
PROKKA_CP003603/PROKKA_CP003603:sccmec_saures_CP003603_l41647_30 (length 559)
PROKKA_CP003603/PROKKA_CP003603:sccmec_saures_CP003603_l41647_31 (length 124)
PROKKA_CP003603/PROKKA_CP003603:sccmec_saures_CP003603_l41647_32 (length 108)
PROKKA_CP003603/PROKKA_CP003603:sccmec_saures_CP003603_l41647_33 (length 168)
PROKKA_CP003603/PROKKA_CP003603:sccmec_saures_CP003603_l41647_34 (length 73)
PROKKA_CP003603/PROKKA_CP003603:sccmec_saures_CP003603_l41647_35 (length 1039)
PROKKA_CP003603/PROKKA_CP003603:sccmec_saures_CP003603_l41647_36 (length 433)
PROKKA_CP003603/PROKKA_CP003603:sccmec_saures_CP003603_l41647_37 (length 504)
PROKKA_CP003603/PROKKA_CP003603:sccmec_saures_CP003603_l41647_38 (length 698)
PROKKA_CP003603/PROKKA_CP003603:sccmec_saures_CP003603_l41647_39 (length 582)
PROKKA_CP003603/PROKKA_CP003603:sccmec_saures_CP003603_l41647_40 (length 60)
PROKKA_CP003603/PROKKA_CP003603:sccmec_saures_CP003603_l41647_41 (length 474)
PROKKA_CP003603/PROKKA_CP003603:sccmec_saures_CP003603_l41647_42 (length 55)

DiscRep_ALL:DISC_SOURCE_QUALS_ASNDISC::strain (all present, all unique)
DiscRep_SUB:DISC_SOURCE_QUALS_ASNDISC::1 sources have unique values for strain
DiscRep_ALL:DISC_SOURCE_QUALS_ASNDISC::taxname (all present, all unique)
DiscRep_SUB:DISC_SOURCE_QUALS_ASNDISC::1 sources have unique values for taxname
DiscRep_ALL:DISC_FEATURE_COUNT::gene: 42 present
DiscRep_ALL:DISC_FEATURE_COUNT::CDS: 42 present
DiscRep_ALL:DISC_FEATURE_COUNT::mRNA: 42 present
DiscRep_ALL:DISC_COUNT_NUCLEOTIDES::1 nucleotide Bioseqs are present
PROKKA_CP003603/PROKKA_CP003603:sccmec_saures_CP003603_l41647 (length 41647)

DiscRep_ALL:OVERLAPPING_GENES::11 genes overlap another gene on the same strand.
PROKKA_CP003603/PROKKA_CP003603:Gene	CP003603_SCCmec_00006	sccmec_saures_CP003603_l41647:3902-5002	CP003603_SCCmec_00006
PROKKA_CP003603/PROKKA_CP003603:Gene	CP003603_SCCmec_00007	sccmec_saures_CP003603_l41647:4995-5366	CP003603_SCCmec_00007
PROKKA_CP003603/PROKKA_CP003603:Gene	CP003603_SCCmec_00008	sccmec_saures_CP003603_l41647:5363-7006	CP003603_SCCmec_00008
PROKKA_CP003603/PROKKA_CP003603:Gene	CP003603_SCCmec_00024	sccmec_saures_CP003603_l41647:18759-19073	CP003603_SCCmec_00024
PROKKA_CP003603/PROKKA_CP003603:Gene	CP003603_SCCmec_00025	sccmec_saures_CP003603_l41647:19058-19900	CP003603_SCCmec_00025
PROKKA_CP003603/PROKKA_CP003603:Gene	CP003603_SCCmec_00027	sccmec_saures_CP003603_l41647:21667-22776	CP003603_SCCmec_00027
PROKKA_CP003603/PROKKA_CP003603:Gene	CP003603_SCCmec_00028	sccmec_saures_CP003603_l41647:22769-23137	CP003603_SCCmec_00028
PROKKA_CP003603/PROKKA_CP003603:Gene	CP003603_SCCmec_00029	sccmec_saures_CP003603_l41647:23137-24753	CP003603_SCCmec_00029
PROKKA_CP003603/PROKKA_CP003603:Gene	hsdR	sccmec_saures_CP003603_l41647:c31436-28317	CP003603_SCCmec_00035
PROKKA_CP003603/PROKKA_CP003603:Gene	CP003603_SCCmec_00036	sccmec_saures_CP003603_l41647:c32721-31420	CP003603_SCCmec_00036
PROKKA_CP003603/PROKKA_CP003603:Gene	hsdM	sccmec_saures_CP003603_l41647:c34225-32711	CP003603_SCCmec_00037

DiscRep_ALL:DISC_QUALITY_SCORES::Quality scores are missing on all sequences.

DiscRep_ALL:ONCALLER_COMMENT_PRESENT::1 comment descriptors were found (all same)
PROKKA_CP003603/PROKKA_CP003603:sccmec_saures_CP003603_l41647:Annotated using prokka 1.12 from https://github.com/tseemann/prokka

DiscRep_ALL:SHORT_PROT_SEQUENCES::2 protein sequences are shorter than 50 aa.
PROKKA_CP003603/PROKKA_CP003603:sccmec_saures_CP003603_l41647_19 (length 47)
PROKKA_CP003603/PROKKA_CP003603:sccmec_saures_CP003603_l41647_22 (length 32)

DiscRep_ALL:MISSING_GENOMEASSEMBLY_COMMENTS::1 bioseqs are missing GenomeAssembly structured comments
PROKKA_CP003603/PROKKA_CP003603:sccmec_saures_CP003603_l41647 (length 41647)

DiscRep_ALL:MOLTYPE_NOT_MRNA::1 molecule types are not set as mRNA.
PROKKA_CP003603/PROKKA_CP003603:sccmec_saures_CP003603_l41647 (length 41647)

DiscRep_ALL:TECHNIQUE_NOT_TSA::1 technique are not set as TSA
PROKKA_CP003603/PROKKA_CP003603:sccmec_saures_CP003603_l41647 (length 41647)

DiscRep_ALL:MISSING_STRUCTURED_COMMENT::1 sequences do not include structured comments.
PROKKA_CP003603/PROKKA_CP003603:sccmec_saures_CP003603_l41647 (length 41647)

DiscRep_ALL:MISSING_PROJECT::43 sequences do not include project.
PROKKA_CP003603/PROKKA_CP003603:sccmec_saures_CP003603_l41647 (length 41647)
PROKKA_CP003603/PROKKA_CP003603:sccmec_saures_CP003603_l41647_1 (length 159)
PROKKA_CP003603/PROKKA_CP003603:sccmec_saures_CP003603_l41647_2 (length 51)
PROKKA_CP003603/PROKKA_CP003603:sccmec_saures_CP003603_l41647_3 (length 101)
PROKKA_CP003603/PROKKA_CP003603:sccmec_saures_CP003603_l41647_4 (length 287)
PROKKA_CP003603/PROKKA_CP003603:sccmec_saures_CP003603_l41647_5 (length 499)
PROKKA_CP003603/PROKKA_CP003603:sccmec_saures_CP003603_l41647_6 (length 366)
PROKKA_CP003603/PROKKA_CP003603:sccmec_saures_CP003603_l41647_7 (length 123)
PROKKA_CP003603/PROKKA_CP003603:sccmec_saures_CP003603_l41647_8 (length 547)
PROKKA_CP003603/PROKKA_CP003603:sccmec_saures_CP003603_l41647_9 (length 558)
PROKKA_CP003603/PROKKA_CP003603:sccmec_saures_CP003603_l41647_10 (length 112)
PROKKA_CP003603/PROKKA_CP003603:sccmec_saures_CP003603_l41647_11 (length 103)
PROKKA_CP003603/PROKKA_CP003603:sccmec_saures_CP003603_l41647_12 (length 168)
PROKKA_CP003603/PROKKA_CP003603:sccmec_saures_CP003603_l41647_13 (length 199)
PROKKA_CP003603/PROKKA_CP003603:sccmec_saures_CP003603_l41647_14 (length 55)
PROKKA_CP003603/PROKKA_CP003603:sccmec_saures_CP003603_l41647_15 (length 76)
PROKKA_CP003603/PROKKA_CP003603:sccmec_saures_CP003603_l41647_16 (length 247)
PROKKA_CP003603/PROKKA_CP003603:sccmec_saures_CP003603_l41647_17 (length 142)
PROKKA_CP003603/PROKKA_CP003603:sccmec_saures_CP003603_l41647_18 (length 668)
PROKKA_CP003603/PROKKA_CP003603:sccmec_saures_CP003603_l41647_19 (length 47)
PROKKA_CP003603/PROKKA_CP003603:sccmec_saures_CP003603_l41647_20 (length 142)
PROKKA_CP003603/PROKKA_CP003603:sccmec_saures_CP003603_l41647_21 (length 309)
PROKKA_CP003603/PROKKA_CP003603:sccmec_saures_CP003603_l41647_22 (length 32)
PROKKA_CP003603/PROKKA_CP003603:sccmec_saures_CP003603_l41647_23 (length 160)
PROKKA_CP003603/PROKKA_CP003603:sccmec_saures_CP003603_l41647_24 (length 104)
PROKKA_CP003603/PROKKA_CP003603:sccmec_saures_CP003603_l41647_25 (length 280)
PROKKA_CP003603/PROKKA_CP003603:sccmec_saures_CP003603_l41647_26 (length 521)
PROKKA_CP003603/PROKKA_CP003603:sccmec_saures_CP003603_l41647_27 (length 369)
PROKKA_CP003603/PROKKA_CP003603:sccmec_saures_CP003603_l41647_28 (length 122)
PROKKA_CP003603/PROKKA_CP003603:sccmec_saures_CP003603_l41647_29 (length 538)
PROKKA_CP003603/PROKKA_CP003603:sccmec_saures_CP003603_l41647_30 (length 559)
PROKKA_CP003603/PROKKA_CP003603:sccmec_saures_CP003603_l41647_31 (length 124)
PROKKA_CP003603/PROKKA_CP003603:sccmec_saures_CP003603_l41647_32 (length 108)
PROKKA_CP003603/PROKKA_CP003603:sccmec_saures_CP003603_l41647_33 (length 168)
PROKKA_CP003603/PROKKA_CP003603:sccmec_saures_CP003603_l41647_34 (length 73)
PROKKA_CP003603/PROKKA_CP003603:sccmec_saures_CP003603_l41647_35 (length 1039)
PROKKA_CP003603/PROKKA_CP003603:sccmec_saures_CP003603_l41647_36 (length 433)
PROKKA_CP003603/PROKKA_CP003603:sccmec_saures_CP003603_l41647_37 (length 504)
PROKKA_CP003603/PROKKA_CP003603:sccmec_saures_CP003603_l41647_38 (length 698)
PROKKA_CP003603/PROKKA_CP003603:sccmec_saures_CP003603_l41647_39 (length 582)
PROKKA_CP003603/PROKKA_CP003603:sccmec_saures_CP003603_l41647_40 (length 60)
PROKKA_CP003603/PROKKA_CP003603:sccmec_saures_CP003603_l41647_41 (length 474)
PROKKA_CP003603/PROKKA_CP003603:sccmec_saures_CP003603_l41647_42 (length 55)

DiscRep_ALL:DISC_INCONSISTENT_MOLINFO_TECH::Molinfo Technique Report (some missing, all same)
DiscRep_SUB:DISC_INCONSISTENT_MOLINFO_TECH::technique (all missing)
DiscRep_SUB:DISC_INCONSISTENT_MOLINFO_TECH::1 Molinfos are missing field technique
PROKKA_CP003603/PROKKA_CP003603:sccmec_saures_CP003603_l41647 (length 41647)

