Discrepancy Report Results

Summary
FATAL: BAD_LOCUS_TAG_FORMAT:47 locus tags are incorrectly formatted.
FATAL: MISSING_PROTEIN_ID:47 proteins have invalid IDs.
DISC_SOURCE_QUALS_ASNDISC:strain (all present, all unique)
DISC_SOURCE_QUALS_ASNDISC:taxname (all present, all unique)
DISC_FEATURE_COUNT:gene: 47 present
DISC_FEATURE_COUNT:CDS: 47 present
DISC_FEATURE_COUNT:mRNA: 47 present
DISC_COUNT_NUCLEOTIDES:1 nucleotide Bioseqs are present
OVERLAPPING_GENES:10 genes overlap another gene on the same strand.
OVERLAPPING_CDS:2 coding regions overlap another coding region with a similar or identical name.
DISC_QUALITY_SCORES:Quality scores are missing on all sequences.
ONCALLER_COMMENT_PRESENT:1 comment descriptors were found (all same)
SHORT_PROT_SEQUENCES:1 protein sequences are shorter than 50 aa.
MISSING_GENOMEASSEMBLY_COMMENTS:1 bioseqs are missing GenomeAssembly structured comments
MOLTYPE_NOT_MRNA:1 molecule types are not set as mRNA.
TECHNIQUE_NOT_TSA:1 technique are not set as TSA
MISSING_STRUCTURED_COMMENT:1 sequences do not include structured comments.
MISSING_PROJECT:48 sequences do not include project.
DISC_INCONSISTENT_MOLINFO_TECH:Molinfo Technique Report (some missing, all same)


Detailed Report

FATAL: DiscRep_ALL:BAD_LOCUS_TAG_FORMAT::47 locus tags are incorrectly formatted.
PROKKA_CP000703/PROKKA_CP000703:Gene	rlmH	sccmec_saures_CP000703_l47084:1-480	CP000703_SCCmec_00001
PROKKA_CP000703/PROKKA_CP000703:Gene	CP000703_SCCmec_00002	sccmec_saures_CP000703_l47084:763-2058	CP000703_SCCmec_00002
PROKKA_CP000703/PROKKA_CP000703:Gene	CP000703_SCCmec_00003	sccmec_saures_CP000703_l47084:2473-2712	CP000703_SCCmec_00003
PROKKA_CP000703/PROKKA_CP000703:Gene	CP000703_SCCmec_00004	sccmec_saures_CP000703_l47084:c3418-2744	CP000703_SCCmec_00004
PROKKA_CP000703/PROKKA_CP000703:Gene	ugpQ	sccmec_saures_CP000703_l47084:3683-4426	CP000703_SCCmec_00005
PROKKA_CP000703/PROKKA_CP000703:Gene	paaZ	sccmec_saures_CP000703_l47084:4523-4951	CP000703_SCCmec_00006
PROKKA_CP000703/PROKKA_CP000703:Gene	pbp	sccmec_saures_CP000703_l47084:c7003-4997	CP000703_SCCmec_00007
PROKKA_CP000703/PROKKA_CP000703:Gene	mecR1	sccmec_saures_CP000703_l47084:7205-8860	CP000703_SCCmec_00008
PROKKA_CP000703/PROKKA_CP000703:Gene	mecI	sccmec_saures_CP000703_l47084:8860-9231	CP000703_SCCmec_00009
PROKKA_CP000703/PROKKA_CP000703:Gene	CP000703_SCCmec_00010	sccmec_saures_CP000703_l47084:9332-9544	CP000703_SCCmec_00010
PROKKA_CP000703/PROKKA_CP000703:Gene	nagC	sccmec_saures_CP000703_l47084:9739-10848	CP000703_SCCmec_00011
PROKKA_CP000703/PROKKA_CP000703:Gene	pspE_1	sccmec_saures_CP000703_l47084:c11267-10962	CP000703_SCCmec_00012
PROKKA_CP000703/PROKKA_CP000703:Gene	gloC	sccmec_saures_CP000703_l47084:c12296-11358	CP000703_SCCmec_00013
PROKKA_CP000703/PROKKA_CP000703:Gene	pspE_2	sccmec_saures_CP000703_l47084:c13393-12329	CP000703_SCCmec_00014
PROKKA_CP000703/PROKKA_CP000703:Gene	csoR	sccmec_saures_CP000703_l47084:13529-13789	CP000703_SCCmec_00015
PROKKA_CP000703/PROKKA_CP000703:Gene	CP000703_SCCmec_00016	sccmec_saures_CP000703_l47084:13804-14433	CP000703_SCCmec_00016
PROKKA_CP000703/PROKKA_CP000703:Gene	ycgJ	sccmec_saures_CP000703_l47084:c15434-14772	CP000703_SCCmec_00017
PROKKA_CP000703/PROKKA_CP000703:Gene	ermA1	sccmec_saures_CP000703_l47084:15930-16661	CP000703_SCCmec_00018
PROKKA_CP000703/PROKKA_CP000703:Gene	ant1	sccmec_saures_CP000703_l47084:c17569-16787	CP000703_SCCmec_00019
PROKKA_CP000703/PROKKA_CP000703:Gene	CP000703_SCCmec_00020	sccmec_saures_CP000703_l47084:c18097-17720	CP000703_SCCmec_00020
PROKKA_CP000703/PROKKA_CP000703:Gene	xerC_1	sccmec_saures_CP000703_l47084:c19996-18104	CP000703_SCCmec_00021
PROKKA_CP000703/PROKKA_CP000703:Gene	xerC_2	sccmec_saures_CP000703_l47084:c21078-19993	CP000703_SCCmec_00022
PROKKA_CP000703/PROKKA_CP000703:Gene	CP000703_SCCmec_00023	sccmec_saures_CP000703_l47084:c21514-21197	CP000703_SCCmec_00023
PROKKA_CP000703/PROKKA_CP000703:Gene	CP000703_SCCmec_00024	sccmec_saures_CP000703_l47084:c22041-21535	CP000703_SCCmec_00024
PROKKA_CP000703/PROKKA_CP000703:Gene	CP000703_SCCmec_00025	sccmec_saures_CP000703_l47084:c22370-22059	CP000703_SCCmec_00025
PROKKA_CP000703/PROKKA_CP000703:Gene	CP000703_SCCmec_00026	sccmec_saures_CP000703_l47084:c22807-22457	CP000703_SCCmec_00026
PROKKA_CP000703/PROKKA_CP000703:Gene	hin_1	sccmec_saures_CP000703_l47084:c24953-23325	CP000703_SCCmec_00027
PROKKA_CP000703/PROKKA_CP000703:Gene	hin_2	sccmec_saures_CP000703_l47084:c26342-24975	CP000703_SCCmec_00028
PROKKA_CP000703/PROKKA_CP000703:Gene	CP000703_SCCmec_00029	sccmec_saures_CP000703_l47084:c28351-26558	CP000703_SCCmec_00029
PROKKA_CP000703/PROKKA_CP000703:Gene	CP000703_SCCmec_00030	sccmec_saures_CP000703_l47084:c28647-28351	CP000703_SCCmec_00030
PROKKA_CP000703/PROKKA_CP000703:Gene	CP000703_SCCmec_00031	sccmec_saures_CP000703_l47084:c29886-28840	CP000703_SCCmec_00031
PROKKA_CP000703/PROKKA_CP000703:Gene	CP000703_SCCmec_00032	sccmec_saures_CP000703_l47084:c30559-30137	CP000703_SCCmec_00032
PROKKA_CP000703/PROKKA_CP000703:Gene	CP000703_SCCmec_00033	sccmec_saures_CP000703_l47084:c30979-30626	CP000703_SCCmec_00033
PROKKA_CP000703/PROKKA_CP000703:Gene	CP000703_SCCmec_00034	sccmec_saures_CP000703_l47084:c31278-30964	CP000703_SCCmec_00034
PROKKA_CP000703/PROKKA_CP000703:Gene	CP000703_SCCmec_00035	sccmec_saures_CP000703_l47084:c32691-31789	CP000703_SCCmec_00035
PROKKA_CP000703/PROKKA_CP000703:Gene	kdpE	sccmec_saures_CP000703_l47084:c34132-33437	CP000703_SCCmec_00036
PROKKA_CP000703/PROKKA_CP000703:Gene	kdpD	sccmec_saures_CP000703_l47084:c36827-34107	CP000703_SCCmec_00037
PROKKA_CP000703/PROKKA_CP000703:Gene	CP000703_SCCmec_00038	sccmec_saures_CP000703_l47084:c36971-36828	CP000703_SCCmec_00038
PROKKA_CP000703/PROKKA_CP000703:Gene	kdpA	sccmec_saures_CP000703_l47084:37044-38720	CP000703_SCCmec_00039
PROKKA_CP000703/PROKKA_CP000703:Gene	kdpB	sccmec_saures_CP000703_l47084:38739-40760	CP000703_SCCmec_00040
PROKKA_CP000703/PROKKA_CP000703:Gene	kdpC	sccmec_saures_CP000703_l47084:40776-41333	CP000703_SCCmec_00041
PROKKA_CP000703/PROKKA_CP000703:Gene	CP000703_SCCmec_00042	sccmec_saures_CP000703_l47084:c42747-41878	CP000703_SCCmec_00042
PROKKA_CP000703/PROKKA_CP000703:Gene	CP000703_SCCmec_00043	sccmec_saures_CP000703_l47084:c43653-42757	CP000703_SCCmec_00043
PROKKA_CP000703/PROKKA_CP000703:Gene	CP000703_SCCmec_00044	sccmec_saures_CP000703_l47084:c44227-43853	CP000703_SCCmec_00044
PROKKA_CP000703/PROKKA_CP000703:Gene	CP000703_SCCmec_00045	sccmec_saures_CP000703_l47084:c44682-44395	CP000703_SCCmec_00045
PROKKA_CP000703/PROKKA_CP000703:Gene	CP000703_SCCmec_00046	sccmec_saures_CP000703_l47084:c45398-44772	CP000703_SCCmec_00046
PROKKA_CP000703/PROKKA_CP000703:Gene	prkC	sccmec_saures_CP000703_l47084:45513-47021	CP000703_SCCmec_00047

FATAL: DiscRep_ALL:MISSING_PROTEIN_ID::47 proteins have invalid IDs.
PROKKA_CP000703/PROKKA_CP000703:sccmec_saures_CP000703_l47084_1 (length 159)
PROKKA_CP000703/PROKKA_CP000703:sccmec_saures_CP000703_l47084_2 (length 431)
PROKKA_CP000703/PROKKA_CP000703:sccmec_saures_CP000703_l47084_3 (length 79)
PROKKA_CP000703/PROKKA_CP000703:sccmec_saures_CP000703_l47084_4 (length 224)
PROKKA_CP000703/PROKKA_CP000703:sccmec_saures_CP000703_l47084_5 (length 247)
PROKKA_CP000703/PROKKA_CP000703:sccmec_saures_CP000703_l47084_6 (length 142)
PROKKA_CP000703/PROKKA_CP000703:sccmec_saures_CP000703_l47084_7 (length 668)
PROKKA_CP000703/PROKKA_CP000703:sccmec_saures_CP000703_l47084_8 (length 551)
PROKKA_CP000703/PROKKA_CP000703:sccmec_saures_CP000703_l47084_9 (length 123)
PROKKA_CP000703/PROKKA_CP000703:sccmec_saures_CP000703_l47084_10 (length 70)
PROKKA_CP000703/PROKKA_CP000703:sccmec_saures_CP000703_l47084_11 (length 369)
PROKKA_CP000703/PROKKA_CP000703:sccmec_saures_CP000703_l47084_12 (length 101)
PROKKA_CP000703/PROKKA_CP000703:sccmec_saures_CP000703_l47084_13 (length 312)
PROKKA_CP000703/PROKKA_CP000703:sccmec_saures_CP000703_l47084_14 (length 354)
PROKKA_CP000703/PROKKA_CP000703:sccmec_saures_CP000703_l47084_15 (length 86)
PROKKA_CP000703/PROKKA_CP000703:sccmec_saures_CP000703_l47084_16 (length 209)
PROKKA_CP000703/PROKKA_CP000703:sccmec_saures_CP000703_l47084_17 (length 220)
PROKKA_CP000703/PROKKA_CP000703:sccmec_saures_CP000703_l47084_18 (length 243)
PROKKA_CP000703/PROKKA_CP000703:sccmec_saures_CP000703_l47084_19 (length 260)
PROKKA_CP000703/PROKKA_CP000703:sccmec_saures_CP000703_l47084_20 (length 125)
PROKKA_CP000703/PROKKA_CP000703:sccmec_saures_CP000703_l47084_21 (length 630)
PROKKA_CP000703/PROKKA_CP000703:sccmec_saures_CP000703_l47084_22 (length 361)
PROKKA_CP000703/PROKKA_CP000703:sccmec_saures_CP000703_l47084_23 (length 105)
PROKKA_CP000703/PROKKA_CP000703:sccmec_saures_CP000703_l47084_24 (length 168)
PROKKA_CP000703/PROKKA_CP000703:sccmec_saures_CP000703_l47084_25 (length 103)
PROKKA_CP000703/PROKKA_CP000703:sccmec_saures_CP000703_l47084_26 (length 116)
PROKKA_CP000703/PROKKA_CP000703:sccmec_saures_CP000703_l47084_27 (length 542)
PROKKA_CP000703/PROKKA_CP000703:sccmec_saures_CP000703_l47084_28 (length 455)
PROKKA_CP000703/PROKKA_CP000703:sccmec_saures_CP000703_l47084_29 (length 597)
PROKKA_CP000703/PROKKA_CP000703:sccmec_saures_CP000703_l47084_30 (length 98)
PROKKA_CP000703/PROKKA_CP000703:sccmec_saures_CP000703_l47084_31 (length 348)
PROKKA_CP000703/PROKKA_CP000703:sccmec_saures_CP000703_l47084_32 (length 140)
PROKKA_CP000703/PROKKA_CP000703:sccmec_saures_CP000703_l47084_33 (length 117)
PROKKA_CP000703/PROKKA_CP000703:sccmec_saures_CP000703_l47084_34 (length 104)
PROKKA_CP000703/PROKKA_CP000703:sccmec_saures_CP000703_l47084_35 (length 300)
PROKKA_CP000703/PROKKA_CP000703:sccmec_saures_CP000703_l47084_36 (length 231)
PROKKA_CP000703/PROKKA_CP000703:sccmec_saures_CP000703_l47084_37 (length 906)
PROKKA_CP000703/PROKKA_CP000703:sccmec_saures_CP000703_l47084_38 (length 47)
PROKKA_CP000703/PROKKA_CP000703:sccmec_saures_CP000703_l47084_39 (length 558)
PROKKA_CP000703/PROKKA_CP000703:sccmec_saures_CP000703_l47084_40 (length 673)
PROKKA_CP000703/PROKKA_CP000703:sccmec_saures_CP000703_l47084_41 (length 185)
PROKKA_CP000703/PROKKA_CP000703:sccmec_saures_CP000703_l47084_42 (length 289)
PROKKA_CP000703/PROKKA_CP000703:sccmec_saures_CP000703_l47084_43 (length 298)
PROKKA_CP000703/PROKKA_CP000703:sccmec_saures_CP000703_l47084_44 (length 124)
PROKKA_CP000703/PROKKA_CP000703:sccmec_saures_CP000703_l47084_45 (length 95)
PROKKA_CP000703/PROKKA_CP000703:sccmec_saures_CP000703_l47084_46 (length 208)
PROKKA_CP000703/PROKKA_CP000703:sccmec_saures_CP000703_l47084_47 (length 502)

DiscRep_ALL:DISC_SOURCE_QUALS_ASNDISC::strain (all present, all unique)
DiscRep_SUB:DISC_SOURCE_QUALS_ASNDISC::1 sources have unique values for strain
DiscRep_ALL:DISC_SOURCE_QUALS_ASNDISC::taxname (all present, all unique)
DiscRep_SUB:DISC_SOURCE_QUALS_ASNDISC::1 sources have unique values for taxname
DiscRep_ALL:DISC_FEATURE_COUNT::gene: 47 present
DiscRep_ALL:DISC_FEATURE_COUNT::CDS: 47 present
DiscRep_ALL:DISC_FEATURE_COUNT::mRNA: 47 present
DiscRep_ALL:DISC_COUNT_NUCLEOTIDES::1 nucleotide Bioseqs are present
PROKKA_CP000703/PROKKA_CP000703:sccmec_saures_CP000703_l47084 (length 47084)

DiscRep_ALL:OVERLAPPING_GENES::10 genes overlap another gene on the same strand.
PROKKA_CP000703/PROKKA_CP000703:Gene	mecR1	sccmec_saures_CP000703_l47084:7205-8860	CP000703_SCCmec_00008
PROKKA_CP000703/PROKKA_CP000703:Gene	mecI	sccmec_saures_CP000703_l47084:8860-9231	CP000703_SCCmec_00009
PROKKA_CP000703/PROKKA_CP000703:Gene	xerC_1	sccmec_saures_CP000703_l47084:c19996-18104	CP000703_SCCmec_00021
PROKKA_CP000703/PROKKA_CP000703:Gene	xerC_2	sccmec_saures_CP000703_l47084:c21078-19993	CP000703_SCCmec_00022
PROKKA_CP000703/PROKKA_CP000703:Gene	CP000703_SCCmec_00029	sccmec_saures_CP000703_l47084:c28351-26558	CP000703_SCCmec_00029
PROKKA_CP000703/PROKKA_CP000703:Gene	CP000703_SCCmec_00030	sccmec_saures_CP000703_l47084:c28647-28351	CP000703_SCCmec_00030
PROKKA_CP000703/PROKKA_CP000703:Gene	CP000703_SCCmec_00033	sccmec_saures_CP000703_l47084:c30979-30626	CP000703_SCCmec_00033
PROKKA_CP000703/PROKKA_CP000703:Gene	CP000703_SCCmec_00034	sccmec_saures_CP000703_l47084:c31278-30964	CP000703_SCCmec_00034
PROKKA_CP000703/PROKKA_CP000703:Gene	kdpE	sccmec_saures_CP000703_l47084:c34132-33437	CP000703_SCCmec_00036
PROKKA_CP000703/PROKKA_CP000703:Gene	kdpD	sccmec_saures_CP000703_l47084:c36827-34107	CP000703_SCCmec_00037

DiscRep_ALL:OVERLAPPING_CDS::2 coding regions overlap another coding region with a similar or identical name.
DiscRep_SUB:OVERLAPPING_CDS::2 coding regions overlap another coding region with a similar or identical name that do not have the appropriate note text
PROKKA_CP000703/PROKKA_CP000703:CDS	Tyrosine recombinase XerC	sccmec_saures_CP000703_l47084:c19996-18104	CP000703_SCCmec_00021
PROKKA_CP000703/PROKKA_CP000703:CDS	Tyrosine recombinase XerC	sccmec_saures_CP000703_l47084:c21078-19993	CP000703_SCCmec_00022

DiscRep_ALL:DISC_QUALITY_SCORES::Quality scores are missing on all sequences.

DiscRep_ALL:ONCALLER_COMMENT_PRESENT::1 comment descriptors were found (all same)
PROKKA_CP000703/PROKKA_CP000703:sccmec_saures_CP000703_l47084:Annotated using prokka 1.12 from https://github.com/tseemann/prokka

DiscRep_ALL:SHORT_PROT_SEQUENCES::1 protein sequences are shorter than 50 aa.
PROKKA_CP000703/PROKKA_CP000703:sccmec_saures_CP000703_l47084_38 (length 47)

DiscRep_ALL:MISSING_GENOMEASSEMBLY_COMMENTS::1 bioseqs are missing GenomeAssembly structured comments
PROKKA_CP000703/PROKKA_CP000703:sccmec_saures_CP000703_l47084 (length 47084)

DiscRep_ALL:MOLTYPE_NOT_MRNA::1 molecule types are not set as mRNA.
PROKKA_CP000703/PROKKA_CP000703:sccmec_saures_CP000703_l47084 (length 47084)

DiscRep_ALL:TECHNIQUE_NOT_TSA::1 technique are not set as TSA
PROKKA_CP000703/PROKKA_CP000703:sccmec_saures_CP000703_l47084 (length 47084)

DiscRep_ALL:MISSING_STRUCTURED_COMMENT::1 sequences do not include structured comments.
PROKKA_CP000703/PROKKA_CP000703:sccmec_saures_CP000703_l47084 (length 47084)

DiscRep_ALL:MISSING_PROJECT::48 sequences do not include project.
PROKKA_CP000703/PROKKA_CP000703:sccmec_saures_CP000703_l47084 (length 47084)
PROKKA_CP000703/PROKKA_CP000703:sccmec_saures_CP000703_l47084_1 (length 159)
PROKKA_CP000703/PROKKA_CP000703:sccmec_saures_CP000703_l47084_2 (length 431)
PROKKA_CP000703/PROKKA_CP000703:sccmec_saures_CP000703_l47084_3 (length 79)
PROKKA_CP000703/PROKKA_CP000703:sccmec_saures_CP000703_l47084_4 (length 224)
PROKKA_CP000703/PROKKA_CP000703:sccmec_saures_CP000703_l47084_5 (length 247)
PROKKA_CP000703/PROKKA_CP000703:sccmec_saures_CP000703_l47084_6 (length 142)
PROKKA_CP000703/PROKKA_CP000703:sccmec_saures_CP000703_l47084_7 (length 668)
PROKKA_CP000703/PROKKA_CP000703:sccmec_saures_CP000703_l47084_8 (length 551)
PROKKA_CP000703/PROKKA_CP000703:sccmec_saures_CP000703_l47084_9 (length 123)
PROKKA_CP000703/PROKKA_CP000703:sccmec_saures_CP000703_l47084_10 (length 70)
PROKKA_CP000703/PROKKA_CP000703:sccmec_saures_CP000703_l47084_11 (length 369)
PROKKA_CP000703/PROKKA_CP000703:sccmec_saures_CP000703_l47084_12 (length 101)
PROKKA_CP000703/PROKKA_CP000703:sccmec_saures_CP000703_l47084_13 (length 312)
PROKKA_CP000703/PROKKA_CP000703:sccmec_saures_CP000703_l47084_14 (length 354)
PROKKA_CP000703/PROKKA_CP000703:sccmec_saures_CP000703_l47084_15 (length 86)
PROKKA_CP000703/PROKKA_CP000703:sccmec_saures_CP000703_l47084_16 (length 209)
PROKKA_CP000703/PROKKA_CP000703:sccmec_saures_CP000703_l47084_17 (length 220)
PROKKA_CP000703/PROKKA_CP000703:sccmec_saures_CP000703_l47084_18 (length 243)
PROKKA_CP000703/PROKKA_CP000703:sccmec_saures_CP000703_l47084_19 (length 260)
PROKKA_CP000703/PROKKA_CP000703:sccmec_saures_CP000703_l47084_20 (length 125)
PROKKA_CP000703/PROKKA_CP000703:sccmec_saures_CP000703_l47084_21 (length 630)
PROKKA_CP000703/PROKKA_CP000703:sccmec_saures_CP000703_l47084_22 (length 361)
PROKKA_CP000703/PROKKA_CP000703:sccmec_saures_CP000703_l47084_23 (length 105)
PROKKA_CP000703/PROKKA_CP000703:sccmec_saures_CP000703_l47084_24 (length 168)
PROKKA_CP000703/PROKKA_CP000703:sccmec_saures_CP000703_l47084_25 (length 103)
PROKKA_CP000703/PROKKA_CP000703:sccmec_saures_CP000703_l47084_26 (length 116)
PROKKA_CP000703/PROKKA_CP000703:sccmec_saures_CP000703_l47084_27 (length 542)
PROKKA_CP000703/PROKKA_CP000703:sccmec_saures_CP000703_l47084_28 (length 455)
PROKKA_CP000703/PROKKA_CP000703:sccmec_saures_CP000703_l47084_29 (length 597)
PROKKA_CP000703/PROKKA_CP000703:sccmec_saures_CP000703_l47084_30 (length 98)
PROKKA_CP000703/PROKKA_CP000703:sccmec_saures_CP000703_l47084_31 (length 348)
PROKKA_CP000703/PROKKA_CP000703:sccmec_saures_CP000703_l47084_32 (length 140)
PROKKA_CP000703/PROKKA_CP000703:sccmec_saures_CP000703_l47084_33 (length 117)
PROKKA_CP000703/PROKKA_CP000703:sccmec_saures_CP000703_l47084_34 (length 104)
PROKKA_CP000703/PROKKA_CP000703:sccmec_saures_CP000703_l47084_35 (length 300)
PROKKA_CP000703/PROKKA_CP000703:sccmec_saures_CP000703_l47084_36 (length 231)
PROKKA_CP000703/PROKKA_CP000703:sccmec_saures_CP000703_l47084_37 (length 906)
PROKKA_CP000703/PROKKA_CP000703:sccmec_saures_CP000703_l47084_38 (length 47)
PROKKA_CP000703/PROKKA_CP000703:sccmec_saures_CP000703_l47084_39 (length 558)
PROKKA_CP000703/PROKKA_CP000703:sccmec_saures_CP000703_l47084_40 (length 673)
PROKKA_CP000703/PROKKA_CP000703:sccmec_saures_CP000703_l47084_41 (length 185)
PROKKA_CP000703/PROKKA_CP000703:sccmec_saures_CP000703_l47084_42 (length 289)
PROKKA_CP000703/PROKKA_CP000703:sccmec_saures_CP000703_l47084_43 (length 298)
PROKKA_CP000703/PROKKA_CP000703:sccmec_saures_CP000703_l47084_44 (length 124)
PROKKA_CP000703/PROKKA_CP000703:sccmec_saures_CP000703_l47084_45 (length 95)
PROKKA_CP000703/PROKKA_CP000703:sccmec_saures_CP000703_l47084_46 (length 208)
PROKKA_CP000703/PROKKA_CP000703:sccmec_saures_CP000703_l47084_47 (length 502)

DiscRep_ALL:DISC_INCONSISTENT_MOLINFO_TECH::Molinfo Technique Report (some missing, all same)
DiscRep_SUB:DISC_INCONSISTENT_MOLINFO_TECH::technique (all missing)
DiscRep_SUB:DISC_INCONSISTENT_MOLINFO_TECH::1 Molinfos are missing field technique
PROKKA_CP000703/PROKKA_CP000703:sccmec_saures_CP000703_l47084 (length 47084)

