Discrepancy Report Results

Summary
FATAL: BAD_LOCUS_TAG_FORMAT:71 locus tags are incorrectly formatted.
FATAL: MISSING_PROTEIN_ID:71 proteins have invalid IDs.
DISC_SOURCE_QUALS_ASNDISC:strain (all present, all unique)
DISC_SOURCE_QUALS_ASNDISC:taxname (all present, all unique)
DISC_FEATURE_COUNT:gene: 71 present
DISC_FEATURE_COUNT:CDS: 71 present
DISC_FEATURE_COUNT:mRNA: 71 present
DISC_COUNT_NUCLEOTIDES:1 nucleotide Bioseqs are present
OVERLAPPING_GENES:16 genes overlap another gene on the same strand.
OVERLAPPING_CDS:2 coding regions overlap another coding region with a similar or identical name.
DISC_QUALITY_SCORES:Quality scores are missing on all sequences.
ONCALLER_COMMENT_PRESENT:1 comment descriptors were found (all same)
SHORT_PROT_SEQUENCES:5 protein sequences are shorter than 50 aa.
MISSING_GENOMEASSEMBLY_COMMENTS:1 bioseqs are missing GenomeAssembly structured comments
MOLTYPE_NOT_MRNA:1 molecule types are not set as mRNA.
TECHNIQUE_NOT_TSA:1 technique are not set as TSA
MISSING_STRUCTURED_COMMENT:1 sequences do not include structured comments.
MISSING_PROJECT:72 sequences do not include project.
DISC_INCONSISTENT_MOLINFO_TECH:Molinfo Technique Report (some missing, all same)


Detailed Report

FATAL: DiscRep_ALL:BAD_LOCUS_TAG_FORMAT::71 locus tags are incorrectly formatted.
PROKKA_CP018768/PROKKA_CP018768:Gene	rlmH	sccmec_saures_CP018768_l66352:1-480	CP018768_SCCmec_00001
PROKKA_CP018768/PROKKA_CP018768:Gene	hsdR	sccmec_saures_CP018768_l66352:581-724	CP018768_SCCmec_00002
PROKKA_CP018768/PROKKA_CP018768:Gene	CP018768_SCCmec_00003	sccmec_saures_CP018768_l66352:717-1919	CP018768_SCCmec_00003
PROKKA_CP018768/PROKKA_CP018768:Gene	CP018768_SCCmec_00004	sccmec_saures_CP018768_l66352:c2174-1923	CP018768_SCCmec_00004
PROKKA_CP018768/PROKKA_CP018768:Gene	speG	sccmec_saures_CP018768_l66352:c2739-2242	CP018768_SCCmec_00005
PROKKA_CP018768/PROKKA_CP018768:Gene	CP018768_SCCmec_00006	sccmec_saures_CP018768_l66352:c3818-3411	CP018768_SCCmec_00006
PROKKA_CP018768/PROKKA_CP018768:Gene	CP018768_SCCmec_00007	sccmec_saures_CP018768_l66352:c4231-4124	CP018768_SCCmec_00007
PROKKA_CP018768/PROKKA_CP018768:Gene	CP018768_SCCmec_00008	sccmec_saures_CP018768_l66352:c4719-4216	CP018768_SCCmec_00008
PROKKA_CP018768/PROKKA_CP018768:Gene	CP018768_SCCmec_00009	sccmec_saures_CP018768_l66352:c5046-4735	CP018768_SCCmec_00009
PROKKA_CP018768/PROKKA_CP018768:Gene	CP018768_SCCmec_00010	sccmec_saures_CP018768_l66352:c5483-5133	CP018768_SCCmec_00010
PROKKA_CP018768/PROKKA_CP018768:Gene	hin_1	sccmec_saures_CP018768_l66352:c7612-5984	CP018768_SCCmec_00011
PROKKA_CP018768/PROKKA_CP018768:Gene	CP018768_SCCmec_00012	sccmec_saures_CP018768_l66352:c8970-7609	CP018768_SCCmec_00012
PROKKA_CP018768/PROKKA_CP018768:Gene	CP018768_SCCmec_00013	sccmec_saures_CP018768_l66352:c9738-9157	CP018768_SCCmec_00013
PROKKA_CP018768/PROKKA_CP018768:Gene	CP018768_SCCmec_00014	sccmec_saures_CP018768_l66352:10145-10297	CP018768_SCCmec_00014
PROKKA_CP018768/PROKKA_CP018768:Gene	CP018768_SCCmec_00015	sccmec_saures_CP018768_l66352:c10604-10245	CP018768_SCCmec_00015
PROKKA_CP018768/PROKKA_CP018768:Gene	czrA	sccmec_saures_CP018768_l66352:10811-11137	CP018768_SCCmec_00016
PROKKA_CP018768/PROKKA_CP018768:Gene	CP018768_SCCmec_00017	sccmec_saures_CP018768_l66352:11240-11338	CP018768_SCCmec_00017
PROKKA_CP018768/PROKKA_CP018768:Gene	zosA	sccmec_saures_CP018768_l66352:11467-13392	CP018768_SCCmec_00018
PROKKA_CP018768/PROKKA_CP018768:Gene	CP018768_SCCmec_00019	sccmec_saures_CP018768_l66352:14681-15976	CP018768_SCCmec_00019
PROKKA_CP018768/PROKKA_CP018768:Gene	CP018768_SCCmec_00020	sccmec_saures_CP018768_l66352:16391-16630	CP018768_SCCmec_00020
PROKKA_CP018768/PROKKA_CP018768:Gene	CP018768_SCCmec_00021	sccmec_saures_CP018768_l66352:c17336-16662	CP018768_SCCmec_00021
PROKKA_CP018768/PROKKA_CP018768:Gene	CP018768_SCCmec_00022	sccmec_saures_CP018768_l66352:c17624-17427	CP018768_SCCmec_00022
PROKKA_CP018768/PROKKA_CP018768:Gene	CP018768_SCCmec_00023	sccmec_saures_CP018768_l66352:c18431-17637	CP018768_SCCmec_00023
PROKKA_CP018768/PROKKA_CP018768:Gene	CP018768_SCCmec_00024	sccmec_saures_CP018768_l66352:18584-18673	CP018768_SCCmec_00024
PROKKA_CP018768/PROKKA_CP018768:Gene	pre	sccmec_saures_CP018768_l66352:c19917-18655	CP018768_SCCmec_00025
PROKKA_CP018768/PROKKA_CP018768:Gene	ble	sccmec_saures_CP018768_l66352:c20822-20424	CP018768_SCCmec_00026
PROKKA_CP018768/PROKKA_CP018768:Gene	knt	sccmec_saures_CP018768_l66352:c21815-21045	CP018768_SCCmec_00027
PROKKA_CP018768/PROKKA_CP018768:Gene	CP018768_SCCmec_00028	sccmec_saures_CP018768_l66352:c22682-22008	CP018768_SCCmec_00028
PROKKA_CP018768/PROKKA_CP018768:Gene	ugpQ	sccmec_saures_CP018768_l66352:22947-23690	CP018768_SCCmec_00029
PROKKA_CP018768/PROKKA_CP018768:Gene	paaZ	sccmec_saures_CP018768_l66352:23787-24215	CP018768_SCCmec_00030
PROKKA_CP018768/PROKKA_CP018768:Gene	pbp	sccmec_saures_CP018768_l66352:c26267-24261	CP018768_SCCmec_00031
PROKKA_CP018768/PROKKA_CP018768:Gene	mecR1	sccmec_saures_CP018768_l66352:26469-28124	CP018768_SCCmec_00032
PROKKA_CP018768/PROKKA_CP018768:Gene	mecI	sccmec_saures_CP018768_l66352:28124-28495	CP018768_SCCmec_00033
PROKKA_CP018768/PROKKA_CP018768:Gene	CP018768_SCCmec_00034	sccmec_saures_CP018768_l66352:28596-28808	CP018768_SCCmec_00034
PROKKA_CP018768/PROKKA_CP018768:Gene	nagC	sccmec_saures_CP018768_l66352:29003-30112	CP018768_SCCmec_00035
PROKKA_CP018768/PROKKA_CP018768:Gene	pspE_1	sccmec_saures_CP018768_l66352:c30531-30226	CP018768_SCCmec_00036
PROKKA_CP018768/PROKKA_CP018768:Gene	gloC	sccmec_saures_CP018768_l66352:c31560-30622	CP018768_SCCmec_00037
PROKKA_CP018768/PROKKA_CP018768:Gene	pspE_2	sccmec_saures_CP018768_l66352:c32657-31593	CP018768_SCCmec_00038
PROKKA_CP018768/PROKKA_CP018768:Gene	csoR	sccmec_saures_CP018768_l66352:32792-33052	CP018768_SCCmec_00039
PROKKA_CP018768/PROKKA_CP018768:Gene	CP018768_SCCmec_00040	sccmec_saures_CP018768_l66352:33067-33696	CP018768_SCCmec_00040
PROKKA_CP018768/PROKKA_CP018768:Gene	ycgJ	sccmec_saures_CP018768_l66352:c34697-34035	CP018768_SCCmec_00041
PROKKA_CP018768/PROKKA_CP018768:Gene	ermA1	sccmec_saures_CP018768_l66352:35198-35929	CP018768_SCCmec_00042
PROKKA_CP018768/PROKKA_CP018768:Gene	ant1	sccmec_saures_CP018768_l66352:c36837-36055	CP018768_SCCmec_00043
PROKKA_CP018768/PROKKA_CP018768:Gene	CP018768_SCCmec_00044	sccmec_saures_CP018768_l66352:c37365-36988	CP018768_SCCmec_00044
PROKKA_CP018768/PROKKA_CP018768:Gene	xerC_1	sccmec_saures_CP018768_l66352:c39264-37372	CP018768_SCCmec_00045
PROKKA_CP018768/PROKKA_CP018768:Gene	xerC_2	sccmec_saures_CP018768_l66352:c40346-39261	CP018768_SCCmec_00046
PROKKA_CP018768/PROKKA_CP018768:Gene	CP018768_SCCmec_00047	sccmec_saures_CP018768_l66352:c40782-40465	CP018768_SCCmec_00047
PROKKA_CP018768/PROKKA_CP018768:Gene	CP018768_SCCmec_00048	sccmec_saures_CP018768_l66352:c41309-40803	CP018768_SCCmec_00048
PROKKA_CP018768/PROKKA_CP018768:Gene	CP018768_SCCmec_00049	sccmec_saures_CP018768_l66352:c41638-41327	CP018768_SCCmec_00049
PROKKA_CP018768/PROKKA_CP018768:Gene	CP018768_SCCmec_00050	sccmec_saures_CP018768_l66352:c42075-41725	CP018768_SCCmec_00050
PROKKA_CP018768/PROKKA_CP018768:Gene	hin_2	sccmec_saures_CP018768_l66352:c44221-42593	CP018768_SCCmec_00051
PROKKA_CP018768/PROKKA_CP018768:Gene	hin_3	sccmec_saures_CP018768_l66352:c45610-44243	CP018768_SCCmec_00052
PROKKA_CP018768/PROKKA_CP018768:Gene	CP018768_SCCmec_00053	sccmec_saures_CP018768_l66352:c47619-45826	CP018768_SCCmec_00053
PROKKA_CP018768/PROKKA_CP018768:Gene	CP018768_SCCmec_00054	sccmec_saures_CP018768_l66352:c47915-47619	CP018768_SCCmec_00054
PROKKA_CP018768/PROKKA_CP018768:Gene	CP018768_SCCmec_00055	sccmec_saures_CP018768_l66352:c49154-48108	CP018768_SCCmec_00055
PROKKA_CP018768/PROKKA_CP018768:Gene	CP018768_SCCmec_00056	sccmec_saures_CP018768_l66352:c49827-49405	CP018768_SCCmec_00056
PROKKA_CP018768/PROKKA_CP018768:Gene	CP018768_SCCmec_00057	sccmec_saures_CP018768_l66352:c50247-49894	CP018768_SCCmec_00057
PROKKA_CP018768/PROKKA_CP018768:Gene	CP018768_SCCmec_00058	sccmec_saures_CP018768_l66352:c50546-50232	CP018768_SCCmec_00058
PROKKA_CP018768/PROKKA_CP018768:Gene	CP018768_SCCmec_00059	sccmec_saures_CP018768_l66352:c51959-51057	CP018768_SCCmec_00059
PROKKA_CP018768/PROKKA_CP018768:Gene	kdpE	sccmec_saures_CP018768_l66352:c53400-52705	CP018768_SCCmec_00060
PROKKA_CP018768/PROKKA_CP018768:Gene	kdpD	sccmec_saures_CP018768_l66352:c56095-53375	CP018768_SCCmec_00061
PROKKA_CP018768/PROKKA_CP018768:Gene	CP018768_SCCmec_00062	sccmec_saures_CP018768_l66352:c56239-56096	CP018768_SCCmec_00062
PROKKA_CP018768/PROKKA_CP018768:Gene	kdpA	sccmec_saures_CP018768_l66352:56312-57988	CP018768_SCCmec_00063
PROKKA_CP018768/PROKKA_CP018768:Gene	kdpB	sccmec_saures_CP018768_l66352:58007-60028	CP018768_SCCmec_00064
PROKKA_CP018768/PROKKA_CP018768:Gene	kdpC	sccmec_saures_CP018768_l66352:60044-60601	CP018768_SCCmec_00065
PROKKA_CP018768/PROKKA_CP018768:Gene	CP018768_SCCmec_00066	sccmec_saures_CP018768_l66352:c62015-61146	CP018768_SCCmec_00066
PROKKA_CP018768/PROKKA_CP018768:Gene	CP018768_SCCmec_00067	sccmec_saures_CP018768_l66352:c62921-62025	CP018768_SCCmec_00067
PROKKA_CP018768/PROKKA_CP018768:Gene	CP018768_SCCmec_00068	sccmec_saures_CP018768_l66352:c63495-63121	CP018768_SCCmec_00068
PROKKA_CP018768/PROKKA_CP018768:Gene	CP018768_SCCmec_00069	sccmec_saures_CP018768_l66352:c63950-63663	CP018768_SCCmec_00069
PROKKA_CP018768/PROKKA_CP018768:Gene	CP018768_SCCmec_00070	sccmec_saures_CP018768_l66352:c64666-64040	CP018768_SCCmec_00070
PROKKA_CP018768/PROKKA_CP018768:Gene	prkC	sccmec_saures_CP018768_l66352:64781-66289	CP018768_SCCmec_00071

FATAL: DiscRep_ALL:MISSING_PROTEIN_ID::71 proteins have invalid IDs.
PROKKA_CP018768/PROKKA_CP018768:sccmec_saures_CP018768_l66352_1 (length 159)
PROKKA_CP018768/PROKKA_CP018768:sccmec_saures_CP018768_l66352_2 (length 47)
PROKKA_CP018768/PROKKA_CP018768:sccmec_saures_CP018768_l66352_3 (length 400)
PROKKA_CP018768/PROKKA_CP018768:sccmec_saures_CP018768_l66352_4 (length 83)
PROKKA_CP018768/PROKKA_CP018768:sccmec_saures_CP018768_l66352_5 (length 165)
PROKKA_CP018768/PROKKA_CP018768:sccmec_saures_CP018768_l66352_6 (length 135)
PROKKA_CP018768/PROKKA_CP018768:sccmec_saures_CP018768_l66352_7 (length 35)
PROKKA_CP018768/PROKKA_CP018768:sccmec_saures_CP018768_l66352_8 (length 167)
PROKKA_CP018768/PROKKA_CP018768:sccmec_saures_CP018768_l66352_9 (length 103)
PROKKA_CP018768/PROKKA_CP018768:sccmec_saures_CP018768_l66352_10 (length 116)
PROKKA_CP018768/PROKKA_CP018768:sccmec_saures_CP018768_l66352_11 (length 542)
PROKKA_CP018768/PROKKA_CP018768:sccmec_saures_CP018768_l66352_12 (length 453)
PROKKA_CP018768/PROKKA_CP018768:sccmec_saures_CP018768_l66352_13 (length 193)
PROKKA_CP018768/PROKKA_CP018768:sccmec_saures_CP018768_l66352_14 (length 50)
PROKKA_CP018768/PROKKA_CP018768:sccmec_saures_CP018768_l66352_15 (length 119)
PROKKA_CP018768/PROKKA_CP018768:sccmec_saures_CP018768_l66352_16 (length 108)
PROKKA_CP018768/PROKKA_CP018768:sccmec_saures_CP018768_l66352_17 (length 32)
PROKKA_CP018768/PROKKA_CP018768:sccmec_saures_CP018768_l66352_18 (length 641)
PROKKA_CP018768/PROKKA_CP018768:sccmec_saures_CP018768_l66352_19 (length 431)
PROKKA_CP018768/PROKKA_CP018768:sccmec_saures_CP018768_l66352_20 (length 79)
PROKKA_CP018768/PROKKA_CP018768:sccmec_saures_CP018768_l66352_21 (length 224)
PROKKA_CP018768/PROKKA_CP018768:sccmec_saures_CP018768_l66352_22 (length 65)
PROKKA_CP018768/PROKKA_CP018768:sccmec_saures_CP018768_l66352_23 (length 264)
PROKKA_CP018768/PROKKA_CP018768:sccmec_saures_CP018768_l66352_24 (length 29)
PROKKA_CP018768/PROKKA_CP018768:sccmec_saures_CP018768_l66352_25 (length 420)
PROKKA_CP018768/PROKKA_CP018768:sccmec_saures_CP018768_l66352_26 (length 132)
PROKKA_CP018768/PROKKA_CP018768:sccmec_saures_CP018768_l66352_27 (length 256)
PROKKA_CP018768/PROKKA_CP018768:sccmec_saures_CP018768_l66352_28 (length 224)
PROKKA_CP018768/PROKKA_CP018768:sccmec_saures_CP018768_l66352_29 (length 247)
PROKKA_CP018768/PROKKA_CP018768:sccmec_saures_CP018768_l66352_30 (length 142)
PROKKA_CP018768/PROKKA_CP018768:sccmec_saures_CP018768_l66352_31 (length 668)
PROKKA_CP018768/PROKKA_CP018768:sccmec_saures_CP018768_l66352_32 (length 551)
PROKKA_CP018768/PROKKA_CP018768:sccmec_saures_CP018768_l66352_33 (length 123)
PROKKA_CP018768/PROKKA_CP018768:sccmec_saures_CP018768_l66352_34 (length 70)
PROKKA_CP018768/PROKKA_CP018768:sccmec_saures_CP018768_l66352_35 (length 369)
PROKKA_CP018768/PROKKA_CP018768:sccmec_saures_CP018768_l66352_36 (length 101)
PROKKA_CP018768/PROKKA_CP018768:sccmec_saures_CP018768_l66352_37 (length 312)
PROKKA_CP018768/PROKKA_CP018768:sccmec_saures_CP018768_l66352_38 (length 354)
PROKKA_CP018768/PROKKA_CP018768:sccmec_saures_CP018768_l66352_39 (length 86)
PROKKA_CP018768/PROKKA_CP018768:sccmec_saures_CP018768_l66352_40 (length 209)
PROKKA_CP018768/PROKKA_CP018768:sccmec_saures_CP018768_l66352_41 (length 220)
PROKKA_CP018768/PROKKA_CP018768:sccmec_saures_CP018768_l66352_42 (length 243)
PROKKA_CP018768/PROKKA_CP018768:sccmec_saures_CP018768_l66352_43 (length 260)
PROKKA_CP018768/PROKKA_CP018768:sccmec_saures_CP018768_l66352_44 (length 125)
PROKKA_CP018768/PROKKA_CP018768:sccmec_saures_CP018768_l66352_45 (length 630)
PROKKA_CP018768/PROKKA_CP018768:sccmec_saures_CP018768_l66352_46 (length 361)
PROKKA_CP018768/PROKKA_CP018768:sccmec_saures_CP018768_l66352_47 (length 105)
PROKKA_CP018768/PROKKA_CP018768:sccmec_saures_CP018768_l66352_48 (length 168)
PROKKA_CP018768/PROKKA_CP018768:sccmec_saures_CP018768_l66352_49 (length 103)
PROKKA_CP018768/PROKKA_CP018768:sccmec_saures_CP018768_l66352_50 (length 116)
PROKKA_CP018768/PROKKA_CP018768:sccmec_saures_CP018768_l66352_51 (length 542)
PROKKA_CP018768/PROKKA_CP018768:sccmec_saures_CP018768_l66352_52 (length 455)
PROKKA_CP018768/PROKKA_CP018768:sccmec_saures_CP018768_l66352_53 (length 597)
PROKKA_CP018768/PROKKA_CP018768:sccmec_saures_CP018768_l66352_54 (length 98)
PROKKA_CP018768/PROKKA_CP018768:sccmec_saures_CP018768_l66352_55 (length 348)
PROKKA_CP018768/PROKKA_CP018768:sccmec_saures_CP018768_l66352_56 (length 140)
PROKKA_CP018768/PROKKA_CP018768:sccmec_saures_CP018768_l66352_57 (length 117)
PROKKA_CP018768/PROKKA_CP018768:sccmec_saures_CP018768_l66352_58 (length 104)
PROKKA_CP018768/PROKKA_CP018768:sccmec_saures_CP018768_l66352_59 (length 300)
PROKKA_CP018768/PROKKA_CP018768:sccmec_saures_CP018768_l66352_60 (length 231)
PROKKA_CP018768/PROKKA_CP018768:sccmec_saures_CP018768_l66352_61 (length 906)
PROKKA_CP018768/PROKKA_CP018768:sccmec_saures_CP018768_l66352_62 (length 47)
PROKKA_CP018768/PROKKA_CP018768:sccmec_saures_CP018768_l66352_63 (length 558)
PROKKA_CP018768/PROKKA_CP018768:sccmec_saures_CP018768_l66352_64 (length 673)
PROKKA_CP018768/PROKKA_CP018768:sccmec_saures_CP018768_l66352_65 (length 185)
PROKKA_CP018768/PROKKA_CP018768:sccmec_saures_CP018768_l66352_66 (length 289)
PROKKA_CP018768/PROKKA_CP018768:sccmec_saures_CP018768_l66352_67 (length 298)
PROKKA_CP018768/PROKKA_CP018768:sccmec_saures_CP018768_l66352_68 (length 124)
PROKKA_CP018768/PROKKA_CP018768:sccmec_saures_CP018768_l66352_69 (length 95)
PROKKA_CP018768/PROKKA_CP018768:sccmec_saures_CP018768_l66352_70 (length 208)
PROKKA_CP018768/PROKKA_CP018768:sccmec_saures_CP018768_l66352_71 (length 502)

DiscRep_ALL:DISC_SOURCE_QUALS_ASNDISC::strain (all present, all unique)
DiscRep_SUB:DISC_SOURCE_QUALS_ASNDISC::1 sources have unique values for strain
DiscRep_ALL:DISC_SOURCE_QUALS_ASNDISC::taxname (all present, all unique)
DiscRep_SUB:DISC_SOURCE_QUALS_ASNDISC::1 sources have unique values for taxname
DiscRep_ALL:DISC_FEATURE_COUNT::gene: 71 present
DiscRep_ALL:DISC_FEATURE_COUNT::CDS: 71 present
DiscRep_ALL:DISC_FEATURE_COUNT::mRNA: 71 present
DiscRep_ALL:DISC_COUNT_NUCLEOTIDES::1 nucleotide Bioseqs are present
PROKKA_CP018768/PROKKA_CP018768:sccmec_saures_CP018768_l66352 (length 66352)

DiscRep_ALL:OVERLAPPING_GENES::16 genes overlap another gene on the same strand.
PROKKA_CP018768/PROKKA_CP018768:Gene	hsdR	sccmec_saures_CP018768_l66352:581-724	CP018768_SCCmec_00002
PROKKA_CP018768/PROKKA_CP018768:Gene	CP018768_SCCmec_00003	sccmec_saures_CP018768_l66352:717-1919	CP018768_SCCmec_00003
PROKKA_CP018768/PROKKA_CP018768:Gene	CP018768_SCCmec_00007	sccmec_saures_CP018768_l66352:c4231-4124	CP018768_SCCmec_00007
PROKKA_CP018768/PROKKA_CP018768:Gene	CP018768_SCCmec_00008	sccmec_saures_CP018768_l66352:c4719-4216	CP018768_SCCmec_00008
PROKKA_CP018768/PROKKA_CP018768:Gene	hin_1	sccmec_saures_CP018768_l66352:c7612-5984	CP018768_SCCmec_00011
PROKKA_CP018768/PROKKA_CP018768:Gene	CP018768_SCCmec_00012	sccmec_saures_CP018768_l66352:c8970-7609	CP018768_SCCmec_00012
PROKKA_CP018768/PROKKA_CP018768:Gene	mecR1	sccmec_saures_CP018768_l66352:26469-28124	CP018768_SCCmec_00032
PROKKA_CP018768/PROKKA_CP018768:Gene	mecI	sccmec_saures_CP018768_l66352:28124-28495	CP018768_SCCmec_00033
PROKKA_CP018768/PROKKA_CP018768:Gene	xerC_1	sccmec_saures_CP018768_l66352:c39264-37372	CP018768_SCCmec_00045
PROKKA_CP018768/PROKKA_CP018768:Gene	xerC_2	sccmec_saures_CP018768_l66352:c40346-39261	CP018768_SCCmec_00046
PROKKA_CP018768/PROKKA_CP018768:Gene	CP018768_SCCmec_00053	sccmec_saures_CP018768_l66352:c47619-45826	CP018768_SCCmec_00053
PROKKA_CP018768/PROKKA_CP018768:Gene	CP018768_SCCmec_00054	sccmec_saures_CP018768_l66352:c47915-47619	CP018768_SCCmec_00054
PROKKA_CP018768/PROKKA_CP018768:Gene	CP018768_SCCmec_00057	sccmec_saures_CP018768_l66352:c50247-49894	CP018768_SCCmec_00057
PROKKA_CP018768/PROKKA_CP018768:Gene	CP018768_SCCmec_00058	sccmec_saures_CP018768_l66352:c50546-50232	CP018768_SCCmec_00058
PROKKA_CP018768/PROKKA_CP018768:Gene	kdpE	sccmec_saures_CP018768_l66352:c53400-52705	CP018768_SCCmec_00060
PROKKA_CP018768/PROKKA_CP018768:Gene	kdpD	sccmec_saures_CP018768_l66352:c56095-53375	CP018768_SCCmec_00061

DiscRep_ALL:OVERLAPPING_CDS::2 coding regions overlap another coding region with a similar or identical name.
DiscRep_SUB:OVERLAPPING_CDS::2 coding regions overlap another coding region with a similar or identical name that do not have the appropriate note text
PROKKA_CP018768/PROKKA_CP018768:CDS	Tyrosine recombinase XerC	sccmec_saures_CP018768_l66352:c39264-37372	CP018768_SCCmec_00045
PROKKA_CP018768/PROKKA_CP018768:CDS	Tyrosine recombinase XerC	sccmec_saures_CP018768_l66352:c40346-39261	CP018768_SCCmec_00046

DiscRep_ALL:DISC_QUALITY_SCORES::Quality scores are missing on all sequences.

DiscRep_ALL:ONCALLER_COMMENT_PRESENT::1 comment descriptors were found (all same)
PROKKA_CP018768/PROKKA_CP018768:sccmec_saures_CP018768_l66352:Annotated using prokka 1.12 from https://github.com/tseemann/prokka

DiscRep_ALL:SHORT_PROT_SEQUENCES::5 protein sequences are shorter than 50 aa.
PROKKA_CP018768/PROKKA_CP018768:sccmec_saures_CP018768_l66352_2 (length 47)
PROKKA_CP018768/PROKKA_CP018768:sccmec_saures_CP018768_l66352_7 (length 35)
PROKKA_CP018768/PROKKA_CP018768:sccmec_saures_CP018768_l66352_17 (length 32)
PROKKA_CP018768/PROKKA_CP018768:sccmec_saures_CP018768_l66352_24 (length 29)
PROKKA_CP018768/PROKKA_CP018768:sccmec_saures_CP018768_l66352_62 (length 47)

DiscRep_ALL:MISSING_GENOMEASSEMBLY_COMMENTS::1 bioseqs are missing GenomeAssembly structured comments
PROKKA_CP018768/PROKKA_CP018768:sccmec_saures_CP018768_l66352 (length 66352)

DiscRep_ALL:MOLTYPE_NOT_MRNA::1 molecule types are not set as mRNA.
PROKKA_CP018768/PROKKA_CP018768:sccmec_saures_CP018768_l66352 (length 66352)

DiscRep_ALL:TECHNIQUE_NOT_TSA::1 technique are not set as TSA
PROKKA_CP018768/PROKKA_CP018768:sccmec_saures_CP018768_l66352 (length 66352)

DiscRep_ALL:MISSING_STRUCTURED_COMMENT::1 sequences do not include structured comments.
PROKKA_CP018768/PROKKA_CP018768:sccmec_saures_CP018768_l66352 (length 66352)

DiscRep_ALL:MISSING_PROJECT::72 sequences do not include project.
PROKKA_CP018768/PROKKA_CP018768:sccmec_saures_CP018768_l66352 (length 66352)
PROKKA_CP018768/PROKKA_CP018768:sccmec_saures_CP018768_l66352_1 (length 159)
PROKKA_CP018768/PROKKA_CP018768:sccmec_saures_CP018768_l66352_2 (length 47)
PROKKA_CP018768/PROKKA_CP018768:sccmec_saures_CP018768_l66352_3 (length 400)
PROKKA_CP018768/PROKKA_CP018768:sccmec_saures_CP018768_l66352_4 (length 83)
PROKKA_CP018768/PROKKA_CP018768:sccmec_saures_CP018768_l66352_5 (length 165)
PROKKA_CP018768/PROKKA_CP018768:sccmec_saures_CP018768_l66352_6 (length 135)
PROKKA_CP018768/PROKKA_CP018768:sccmec_saures_CP018768_l66352_7 (length 35)
PROKKA_CP018768/PROKKA_CP018768:sccmec_saures_CP018768_l66352_8 (length 167)
PROKKA_CP018768/PROKKA_CP018768:sccmec_saures_CP018768_l66352_9 (length 103)
PROKKA_CP018768/PROKKA_CP018768:sccmec_saures_CP018768_l66352_10 (length 116)
PROKKA_CP018768/PROKKA_CP018768:sccmec_saures_CP018768_l66352_11 (length 542)
PROKKA_CP018768/PROKKA_CP018768:sccmec_saures_CP018768_l66352_12 (length 453)
PROKKA_CP018768/PROKKA_CP018768:sccmec_saures_CP018768_l66352_13 (length 193)
PROKKA_CP018768/PROKKA_CP018768:sccmec_saures_CP018768_l66352_14 (length 50)
PROKKA_CP018768/PROKKA_CP018768:sccmec_saures_CP018768_l66352_15 (length 119)
PROKKA_CP018768/PROKKA_CP018768:sccmec_saures_CP018768_l66352_16 (length 108)
PROKKA_CP018768/PROKKA_CP018768:sccmec_saures_CP018768_l66352_17 (length 32)
PROKKA_CP018768/PROKKA_CP018768:sccmec_saures_CP018768_l66352_18 (length 641)
PROKKA_CP018768/PROKKA_CP018768:sccmec_saures_CP018768_l66352_19 (length 431)
PROKKA_CP018768/PROKKA_CP018768:sccmec_saures_CP018768_l66352_20 (length 79)
PROKKA_CP018768/PROKKA_CP018768:sccmec_saures_CP018768_l66352_21 (length 224)
PROKKA_CP018768/PROKKA_CP018768:sccmec_saures_CP018768_l66352_22 (length 65)
PROKKA_CP018768/PROKKA_CP018768:sccmec_saures_CP018768_l66352_23 (length 264)
PROKKA_CP018768/PROKKA_CP018768:sccmec_saures_CP018768_l66352_24 (length 29)
PROKKA_CP018768/PROKKA_CP018768:sccmec_saures_CP018768_l66352_25 (length 420)
PROKKA_CP018768/PROKKA_CP018768:sccmec_saures_CP018768_l66352_26 (length 132)
PROKKA_CP018768/PROKKA_CP018768:sccmec_saures_CP018768_l66352_27 (length 256)
PROKKA_CP018768/PROKKA_CP018768:sccmec_saures_CP018768_l66352_28 (length 224)
PROKKA_CP018768/PROKKA_CP018768:sccmec_saures_CP018768_l66352_29 (length 247)
PROKKA_CP018768/PROKKA_CP018768:sccmec_saures_CP018768_l66352_30 (length 142)
PROKKA_CP018768/PROKKA_CP018768:sccmec_saures_CP018768_l66352_31 (length 668)
PROKKA_CP018768/PROKKA_CP018768:sccmec_saures_CP018768_l66352_32 (length 551)
PROKKA_CP018768/PROKKA_CP018768:sccmec_saures_CP018768_l66352_33 (length 123)
PROKKA_CP018768/PROKKA_CP018768:sccmec_saures_CP018768_l66352_34 (length 70)
PROKKA_CP018768/PROKKA_CP018768:sccmec_saures_CP018768_l66352_35 (length 369)
PROKKA_CP018768/PROKKA_CP018768:sccmec_saures_CP018768_l66352_36 (length 101)
PROKKA_CP018768/PROKKA_CP018768:sccmec_saures_CP018768_l66352_37 (length 312)
PROKKA_CP018768/PROKKA_CP018768:sccmec_saures_CP018768_l66352_38 (length 354)
PROKKA_CP018768/PROKKA_CP018768:sccmec_saures_CP018768_l66352_39 (length 86)
PROKKA_CP018768/PROKKA_CP018768:sccmec_saures_CP018768_l66352_40 (length 209)
PROKKA_CP018768/PROKKA_CP018768:sccmec_saures_CP018768_l66352_41 (length 220)
PROKKA_CP018768/PROKKA_CP018768:sccmec_saures_CP018768_l66352_42 (length 243)
PROKKA_CP018768/PROKKA_CP018768:sccmec_saures_CP018768_l66352_43 (length 260)
PROKKA_CP018768/PROKKA_CP018768:sccmec_saures_CP018768_l66352_44 (length 125)
PROKKA_CP018768/PROKKA_CP018768:sccmec_saures_CP018768_l66352_45 (length 630)
PROKKA_CP018768/PROKKA_CP018768:sccmec_saures_CP018768_l66352_46 (length 361)
PROKKA_CP018768/PROKKA_CP018768:sccmec_saures_CP018768_l66352_47 (length 105)
PROKKA_CP018768/PROKKA_CP018768:sccmec_saures_CP018768_l66352_48 (length 168)
PROKKA_CP018768/PROKKA_CP018768:sccmec_saures_CP018768_l66352_49 (length 103)
PROKKA_CP018768/PROKKA_CP018768:sccmec_saures_CP018768_l66352_50 (length 116)
PROKKA_CP018768/PROKKA_CP018768:sccmec_saures_CP018768_l66352_51 (length 542)
PROKKA_CP018768/PROKKA_CP018768:sccmec_saures_CP018768_l66352_52 (length 455)
PROKKA_CP018768/PROKKA_CP018768:sccmec_saures_CP018768_l66352_53 (length 597)
PROKKA_CP018768/PROKKA_CP018768:sccmec_saures_CP018768_l66352_54 (length 98)
PROKKA_CP018768/PROKKA_CP018768:sccmec_saures_CP018768_l66352_55 (length 348)
PROKKA_CP018768/PROKKA_CP018768:sccmec_saures_CP018768_l66352_56 (length 140)
PROKKA_CP018768/PROKKA_CP018768:sccmec_saures_CP018768_l66352_57 (length 117)
PROKKA_CP018768/PROKKA_CP018768:sccmec_saures_CP018768_l66352_58 (length 104)
PROKKA_CP018768/PROKKA_CP018768:sccmec_saures_CP018768_l66352_59 (length 300)
PROKKA_CP018768/PROKKA_CP018768:sccmec_saures_CP018768_l66352_60 (length 231)
PROKKA_CP018768/PROKKA_CP018768:sccmec_saures_CP018768_l66352_61 (length 906)
PROKKA_CP018768/PROKKA_CP018768:sccmec_saures_CP018768_l66352_62 (length 47)
PROKKA_CP018768/PROKKA_CP018768:sccmec_saures_CP018768_l66352_63 (length 558)
PROKKA_CP018768/PROKKA_CP018768:sccmec_saures_CP018768_l66352_64 (length 673)
PROKKA_CP018768/PROKKA_CP018768:sccmec_saures_CP018768_l66352_65 (length 185)
PROKKA_CP018768/PROKKA_CP018768:sccmec_saures_CP018768_l66352_66 (length 289)
PROKKA_CP018768/PROKKA_CP018768:sccmec_saures_CP018768_l66352_67 (length 298)
PROKKA_CP018768/PROKKA_CP018768:sccmec_saures_CP018768_l66352_68 (length 124)
PROKKA_CP018768/PROKKA_CP018768:sccmec_saures_CP018768_l66352_69 (length 95)
PROKKA_CP018768/PROKKA_CP018768:sccmec_saures_CP018768_l66352_70 (length 208)
PROKKA_CP018768/PROKKA_CP018768:sccmec_saures_CP018768_l66352_71 (length 502)

DiscRep_ALL:DISC_INCONSISTENT_MOLINFO_TECH::Molinfo Technique Report (some missing, all same)
DiscRep_SUB:DISC_INCONSISTENT_MOLINFO_TECH::technique (all missing)
DiscRep_SUB:DISC_INCONSISTENT_MOLINFO_TECH::1 Molinfos are missing field technique
PROKKA_CP018768/PROKKA_CP018768:sccmec_saures_CP018768_l66352 (length 66352)

