[17:06:19] This is prokka 1.12
[17:06:19] Written by Torsten Seemann <torsten.seemann@gmail.com>
[17:06:19] Homepage is https://github.com/tseemann/prokka
[17:06:19] Local time is Mon May 15 17:06:19 2017
[17:06:19] You are fsepulveda
[17:06:19] Operating system is linux
[17:06:19] You have BioPerl 1.006924
[17:06:19] System has 4 cores.
[17:06:19] Option --cpu asked for 8 cores, but system only has 4
[17:06:19] Will use maximum of 4 cores.
[17:06:19] Annotating as >>> Bacteria <<<
[17:06:19] Creating new output folder: PROKKA_CP007672
[17:06:19] Running: mkdir -p PROKKA_CP007672
[17:06:19] Using filename prefix: PROKKA_CP007672.XXX
[17:06:19] Setting HMMER_NCPU=1
[17:06:19] Writing log to: PROKKA_CP007672/PROKKA_CP007672.log
[17:06:19] Command: /home/fsepulveda/Desktop/tesis/sccmec_classification/prokka-1.12/bin/prokka --genus Staphylococcus --prefix PROKKA_CP007672 --addgenes --addmrna --locustag CP007672_SCCmec /home/fsepulveda/Documents/parte2/229_sccmec/sccmec_CP007672.fasta
[17:06:19] Appending to PATH: /home/fsepulveda/Desktop/tesis/sccmec_classification/prokka-1.12/bin/../binaries/linux
[17:06:19] Appending to PATH: /home/fsepulveda/Desktop/tesis/sccmec_classification/prokka-1.12/bin/../binaries/linux/../common
[17:06:19] Appending to PATH: /home/fsepulveda/Desktop/tesis/sccmec_classification/prokka-1.12/bin
[17:06:19] Looking for 'aragorn' - found /home/fsepulveda/Desktop/tesis/sccmec_classification/prokka-1.12/bin/../binaries/linux/aragorn
[17:06:19] Determined aragorn version is 1.2
[17:06:19] Looking for 'blastp' - found /usr/bin/blastp
[17:06:19] Determined blastp version is 2.2
[17:06:19] Looking for 'cmpress' - found /usr/bin/cmpress
[17:06:19] Determined cmpress version is 1.1
[17:06:19] Looking for 'cmscan' - found /usr/bin/cmscan
[17:06:19] Determined cmscan version is 1.1
[17:06:19] Looking for 'egrep' - found /bin/egrep
[17:06:19] Looking for 'find' - found /usr/bin/find
[17:06:19] Looking for 'grep' - found /bin/grep
[17:06:19] Looking for 'hmmpress' - found /usr/bin/hmmpress
[17:06:19] Determined hmmpress version is 3.1
[17:06:19] Looking for 'hmmscan' - found /usr/bin/hmmscan
[17:06:20] Determined hmmscan version is 3.1
[17:06:20] Looking for 'java' - found /usr/bin/java
[17:06:20] Looking for 'less' - found /usr/bin/less
[17:06:20] Looking for 'makeblastdb' - found /usr/bin/makeblastdb
[17:06:20] Determined makeblastdb version is 2.2
[17:06:20] Looking for 'minced' - found /home/fsepulveda/Desktop/tesis/sccmec_classification/prokka-1.12/bin/../binaries/linux/../common/minced
[17:06:20] Determined minced version is 2.0
[17:06:20] Looking for 'parallel' - found /home/fsepulveda/Desktop/tesis/sccmec_classification/prokka-1.12/bin/../binaries/linux/../common/parallel
[17:06:20] Determined parallel version is 20150122
[17:06:20] Looking for 'prodigal' - found /home/fsepulveda/Desktop/tesis/sccmec_classification/prokka-1.12/bin/../binaries/linux/prodigal
[17:06:20] Determined prodigal version is 2.6
[17:06:20] Looking for 'prokka-genbank_to_fasta_db' - found /home/fsepulveda/Desktop/tesis/sccmec_classification/prokka-1.12/bin/prokka-genbank_to_fasta_db
[17:06:20] Looking for 'sed' - found /bin/sed
[17:06:20] Looking for 'tbl2asn' - found /home/fsepulveda/Desktop/tesis/sccmec_classification/prokka-1.12/bin/../binaries/linux/tbl2asn
[17:06:20] Determined tbl2asn version is 25.3
[17:06:20] Using genetic code table 11.
[17:06:20] Loading and checking input file: /home/fsepulveda/Documents/parte2/229_sccmec/sccmec_CP007672.fasta
[17:06:20] Wrote 1 contigs totalling 44737 bp.
[17:06:20] Predicting tRNAs and tmRNAs
[17:06:20] Running: aragorn -l -gc11  -w PROKKA_CP007672\/PROKKA_CP007672\.fna
[17:06:20] Found 0 tRNAs
[17:06:20] Predicting Ribosomal RNAs
[17:06:20] You need either Barrnap or RNAmmer installed to predict rRNAs!
[17:06:20] Skipping ncRNA search, enable with --rfam if desired.
[17:06:20] Total of 0 tRNA + rRNA features
[17:06:20] Searching for CRISPR repeats
[17:06:20] Found 0 CRISPRs
[17:06:20] Predicting coding sequences
[17:06:20] Contigs total 44737 bp, so using meta mode
[17:06:20] Running: prodigal -i PROKKA_CP007672\/PROKKA_CP007672\.fna -c -m -g 11 -p meta -f sco -q
[17:06:20] Found 49 CDS
[17:06:20] Connecting features back to sequences
[17:06:20] Not using genus-specific database. Try --usegenus to enable it.
[17:06:20] Annotating CDS, please be patient.
[17:06:20] Will use 4 CPUs for similarity searching.
[17:06:20] There are still 49 unannotated CDS left (started with 49)
[17:06:20] Will use blast to search against /home/fsepulveda/Desktop/tesis/sccmec_classification/prokka-1.12/bin/../db/kingdom/Bacteria/sprot with 4 CPUs
[17:06:20] Running: cat PROKKA_CP007672\/sprot\.faa | parallel --gnu --plain -j 4 --block 1566 --recstart '>' --pipe blastp -query - -db /home/fsepulveda/Desktop/tesis/sccmec_classification/prokka-1.12/bin/../db/kingdom/Bacteria/sprot -evalue 1e-06 -num_threads 1 -num_descriptions 1 -num_alignments 1 -seg no > PROKKA_CP007672\/sprot\.blast 2> /dev/null
[17:06:22] Modify product: Putative monooxygenase Rv1533 => Putative monooxygenase
[17:06:22] Cleaned 1 /product names
[17:06:22] Deleting unwanted file: PROKKA_CP007672/sprot.faa
[17:06:22] Deleting unwanted file: PROKKA_CP007672/sprot.blast
[17:06:22] There are still 32 unannotated CDS left (started with 49)
[17:06:22] Will use hmmer3 to search against /home/fsepulveda/Desktop/tesis/sccmec_classification/prokka-1.12/bin/../db/hmm/HAMAP.hmm with 4 CPUs
[17:06:22] Running: cat PROKKA_CP007672\/HAMAP\.hmm\.faa | parallel --gnu --plain -j 4 --block 816 --recstart '>' --pipe hmmscan --noali --notextw --acc -E 1e-06 --cpu 1 /home/fsepulveda/Desktop/tesis/sccmec_classification/prokka-1.12/bin/../db/hmm/HAMAP.hmm /dev/stdin > PROKKA_CP007672\/HAMAP\.hmm\.hmmer3 2> /dev/null
[17:06:23] Deleting unwanted file: PROKKA_CP007672/HAMAP.hmm.faa
[17:06:23] Deleting unwanted file: PROKKA_CP007672/HAMAP.hmm.hmmer3
[17:06:23] Labelling remaining 32 proteins as 'hypothetical protein'
[17:06:23] Possible /pseudo 'DNA-invertase hin' at sccmec_saures_CP007672_l44737 position 14449
[17:06:23] Found 15 unique /gene codes.
[17:06:23] Fixed 2 duplicate /gene - hin_1 hin_2
[17:06:23] Fixed 1 colliding /gene names.
[17:06:23] Adding /locus_tag identifiers
[17:06:23] Assigned 49 locus_tags to CDS and RNA features.
[17:06:23] Writing outputs to PROKKA_CP007672/
[17:06:23] Generating annotation statistics file
[17:06:23] Generating Genbank and Sequin files
[17:06:23] Running: tbl2asn -V b -a r10k -l paired-ends -M n -N 1 -y 'Annotated using prokka 1.12 from https://github.com/tseemann/prokka' -Z PROKKA_CP007672\/PROKKA_CP007672\.err -i PROKKA_CP007672\/PROKKA_CP007672\.fsa 2> /dev/null
[17:06:23] Deleting unwanted file: PROKKA_CP007672/errorsummary.val
[17:06:23] Deleting unwanted file: PROKKA_CP007672/PROKKA_CP007672.dr
[17:06:23] Deleting unwanted file: PROKKA_CP007672/PROKKA_CP007672.fixedproducts
[17:06:23] Deleting unwanted file: PROKKA_CP007672/PROKKA_CP007672.ecn
[17:06:23] Deleting unwanted file: PROKKA_CP007672/PROKKA_CP007672.val
[17:06:23] Repairing broken .GBK output that tbl2asn produces...
[17:06:23] Running: sed 's/COORDINATES: profile/COORDINATES:profile/' < PROKKA_CP007672\/PROKKA_CP007672\.gbf > PROKKA_CP007672\/PROKKA_CP007672\.gbk
[17:06:23] Deleting unwanted file: PROKKA_CP007672/PROKKA_CP007672.gbf
[17:06:23] Output files:
[17:06:23] PROKKA_CP007672/PROKKA_CP007672.fsa
[17:06:23] PROKKA_CP007672/PROKKA_CP007672.tsv
[17:06:23] PROKKA_CP007672/PROKKA_CP007672.gff
[17:06:23] PROKKA_CP007672/PROKKA_CP007672.fna
[17:06:23] PROKKA_CP007672/PROKKA_CP007672.err
[17:06:23] PROKKA_CP007672/PROKKA_CP007672.sqn
[17:06:23] PROKKA_CP007672/PROKKA_CP007672.log
[17:06:23] PROKKA_CP007672/PROKKA_CP007672.ffn
[17:06:23] PROKKA_CP007672/PROKKA_CP007672.gbk
[17:06:23] PROKKA_CP007672/PROKKA_CP007672.tbl
[17:06:23] PROKKA_CP007672/PROKKA_CP007672.txt
[17:06:23] PROKKA_CP007672/PROKKA_CP007672.faa
[17:06:23] Annotation finished successfully.
[17:06:23] Walltime used: 0.07 minutes
[17:06:23] If you use this result please cite the Prokka paper:
[17:06:23] Seemann T (2014) Prokka: rapid prokaryotic genome annotation. Bioinformatics. 30(14):2068-9.
[17:06:23] Type 'prokka --citation' for more details.
[17:06:23] Thank you, come again.
