Discrepancy Report Results

Summary
FATAL: BAD_LOCUS_TAG_FORMAT:49 locus tags are incorrectly formatted.
FATAL: MISSING_PROTEIN_ID:49 proteins have invalid IDs.
DISC_SOURCE_QUALS_ASNDISC:strain (all present, all unique)
DISC_SOURCE_QUALS_ASNDISC:taxname (all present, all unique)
DISC_FEATURE_COUNT:gene: 49 present
DISC_FEATURE_COUNT:CDS: 49 present
DISC_FEATURE_COUNT:mRNA: 49 present
DISC_COUNT_NUCLEOTIDES:1 nucleotide Bioseqs are present
OVERLAPPING_GENES:8 genes overlap another gene on the same strand.
DISC_QUALITY_SCORES:Quality scores are missing on all sequences.
ONCALLER_COMMENT_PRESENT:1 comment descriptors were found (all same)
SHORT_PROT_SEQUENCES:2 protein sequences are shorter than 50 aa.
MISSING_GENOMEASSEMBLY_COMMENTS:1 bioseqs are missing GenomeAssembly structured comments
MOLTYPE_NOT_MRNA:1 molecule types are not set as mRNA.
TECHNIQUE_NOT_TSA:1 technique are not set as TSA
MISSING_STRUCTURED_COMMENT:1 sequences do not include structured comments.
MISSING_PROJECT:50 sequences do not include project.
DISC_INCONSISTENT_MOLINFO_TECH:Molinfo Technique Report (some missing, all same)


Detailed Report

FATAL: DiscRep_ALL:BAD_LOCUS_TAG_FORMAT::49 locus tags are incorrectly formatted.
PROKKA_CP007672/PROKKA_CP007672:Gene	rlmH	sccmec_saures_CP007672_l44737:1-480	CP007672_SCCmec_00001
PROKKA_CP007672/PROKKA_CP007672:Gene	CP007672_SCCmec_00002	sccmec_saures_CP007672_l44737:802-2058	CP007672_SCCmec_00002
PROKKA_CP007672/PROKKA_CP007672:Gene	CP007672_SCCmec_00003	sccmec_saures_CP007672_l44737:2243-2344	CP007672_SCCmec_00003
PROKKA_CP007672/PROKKA_CP007672:Gene	CP007672_SCCmec_00004	sccmec_saures_CP007672_l44737:2473-2712	CP007672_SCCmec_00004
PROKKA_CP007672/PROKKA_CP007672:Gene	CP007672_SCCmec_00005	sccmec_saures_CP007672_l44737:c3418-2744	CP007672_SCCmec_00005
PROKKA_CP007672/PROKKA_CP007672:Gene	CP007672_SCCmec_00006	sccmec_saures_CP007672_l44737:3676-3843	CP007672_SCCmec_00006
PROKKA_CP007672/PROKKA_CP007672:Gene	CP007672_SCCmec_00007	sccmec_saures_CP007672_l44737:3941-4171	CP007672_SCCmec_00007
PROKKA_CP007672/PROKKA_CP007672:Gene	ugpQ	sccmec_saures_CP007672_l44737:4720-5463	CP007672_SCCmec_00008
PROKKA_CP007672/PROKKA_CP007672:Gene	paaZ	sccmec_saures_CP007672_l44737:5560-5988	CP007672_SCCmec_00009
PROKKA_CP007672/PROKKA_CP007672:Gene	pbp	sccmec_saures_CP007672_l44737:c8040-6034	CP007672_SCCmec_00010
PROKKA_CP007672/PROKKA_CP007672:Gene	mecR1	sccmec_saures_CP007672_l44737:8140-9126	CP007672_SCCmec_00011
PROKKA_CP007672/PROKKA_CP007672:Gene	CP007672_SCCmec_00012	sccmec_saures_CP007672_l44737:9086-9358	CP007672_SCCmec_00012
PROKKA_CP007672/PROKKA_CP007672:Gene	CP007672_SCCmec_00013	sccmec_saures_CP007672_l44737:c10872-9349	CP007672_SCCmec_00013
PROKKA_CP007672/PROKKA_CP007672:Gene	CP007672_SCCmec_00014	sccmec_saures_CP007672_l44737:c11514-11008	CP007672_SCCmec_00014
PROKKA_CP007672/PROKKA_CP007672:Gene	CP007672_SCCmec_00015	sccmec_saures_CP007672_l44737:c11840-11529	CP007672_SCCmec_00015
PROKKA_CP007672/PROKKA_CP007672:Gene	CP007672_SCCmec_00016	sccmec_saures_CP007672_l44737:c12277-11927	CP007672_SCCmec_00016
PROKKA_CP007672/PROKKA_CP007672:Gene	hin_1	sccmec_saures_CP007672_l44737:c14427-12799	CP007672_SCCmec_00017
PROKKA_CP007672/PROKKA_CP007672:Gene	hin_2	sccmec_saures_CP007672_l44737:c15798-14449	CP007672_SCCmec_00018
PROKKA_CP007672/PROKKA_CP007672:Gene	CP007672_SCCmec_00019	sccmec_saures_CP007672_l44737:c17819-16032	CP007672_SCCmec_00019
PROKKA_CP007672/PROKKA_CP007672:Gene	CP007672_SCCmec_00020	sccmec_saures_CP007672_l44737:c18115-17819	CP007672_SCCmec_00020
PROKKA_CP007672/PROKKA_CP007672:Gene	CP007672_SCCmec_00021	sccmec_saures_CP007672_l44737:c19354-18308	CP007672_SCCmec_00021
PROKKA_CP007672/PROKKA_CP007672:Gene	CP007672_SCCmec_00022	sccmec_saures_CP007672_l44737:19809-20963	CP007672_SCCmec_00022
PROKKA_CP007672/PROKKA_CP007672:Gene	CP007672_SCCmec_00023	sccmec_saures_CP007672_l44737:20993-21793	CP007672_SCCmec_00023
PROKKA_CP007672/PROKKA_CP007672:Gene	immR	sccmec_saures_CP007672_l44737:22101-22427	CP007672_SCCmec_00024
PROKKA_CP007672/PROKKA_CP007672:Gene	CP007672_SCCmec_00025	sccmec_saures_CP007672_l44737:22464-23297	CP007672_SCCmec_00025
PROKKA_CP007672/PROKKA_CP007672:Gene	CP007672_SCCmec_00026	sccmec_saures_CP007672_l44737:23502-23666	CP007672_SCCmec_00026
PROKKA_CP007672/PROKKA_CP007672:Gene	CP007672_SCCmec_00027	sccmec_saures_CP007672_l44737:23983-24756	CP007672_SCCmec_00027
PROKKA_CP007672/PROKKA_CP007672:Gene	CP007672_SCCmec_00028	sccmec_saures_CP007672_l44737:c25353-24994	CP007672_SCCmec_00028
PROKKA_CP007672/PROKKA_CP007672:Gene	CP007672_SCCmec_00029	sccmec_saures_CP007672_l44737:c26588-25518	CP007672_SCCmec_00029
PROKKA_CP007672/PROKKA_CP007672:Gene	gltR	sccmec_saures_CP007672_l44737:c27467-26601	CP007672_SCCmec_00030
PROKKA_CP007672/PROKKA_CP007672:Gene	CP007672_SCCmec_00031	sccmec_saures_CP007672_l44737:c28644-27454	CP007672_SCCmec_00031
PROKKA_CP007672/PROKKA_CP007672:Gene	CP007672_SCCmec_00032	sccmec_saures_CP007672_l44737:28855-28998	CP007672_SCCmec_00032
PROKKA_CP007672/PROKKA_CP007672:Gene	CP007672_SCCmec_00033	sccmec_saures_CP007672_l44737:c29957-29589	CP007672_SCCmec_00033
PROKKA_CP007672/PROKKA_CP007672:Gene	CP007672_SCCmec_00034	sccmec_saures_CP007672_l44737:30097-30834	CP007672_SCCmec_00034
PROKKA_CP007672/PROKKA_CP007672:Gene	CP007672_SCCmec_00035	sccmec_saures_CP007672_l44737:c31540-30866	CP007672_SCCmec_00035
PROKKA_CP007672/PROKKA_CP007672:Gene	garB	sccmec_saures_CP007672_l44737:31823-33169	CP007672_SCCmec_00036
PROKKA_CP007672/PROKKA_CP007672:Gene	merR1	sccmec_saures_CP007672_l44737:33469-33876	CP007672_SCCmec_00037
PROKKA_CP007672/PROKKA_CP007672:Gene	stoA	sccmec_saures_CP007672_l44737:33893-34246	CP007672_SCCmec_00038
PROKKA_CP007672/PROKKA_CP007672:Gene	CP007672_SCCmec_00039	sccmec_saures_CP007672_l44737:34243-34923	CP007672_SCCmec_00039
PROKKA_CP007672/PROKKA_CP007672:Gene	CP007672_SCCmec_00040	sccmec_saures_CP007672_l44737:35058-35396	CP007672_SCCmec_00040
PROKKA_CP007672/PROKKA_CP007672:Gene	merA	sccmec_saures_CP007672_l44737:35454-37097	CP007672_SCCmec_00041
PROKKA_CP007672/PROKKA_CP007672:Gene	merB	sccmec_saures_CP007672_l44737:37179-37829	CP007672_SCCmec_00042
PROKKA_CP007672/PROKKA_CP007672:Gene	CP007672_SCCmec_00043	sccmec_saures_CP007672_l44737:c38572-38024	CP007672_SCCmec_00043
PROKKA_CP007672/PROKKA_CP007672:Gene	CP007672_SCCmec_00044	sccmec_saures_CP007672_l44737:38727-38984	CP007672_SCCmec_00044
PROKKA_CP007672/PROKKA_CP007672:Gene	CP007672_SCCmec_00045	sccmec_saures_CP007672_l44737:39009-39290	CP007672_SCCmec_00045
PROKKA_CP007672/PROKKA_CP007672:Gene	CP007672_SCCmec_00046	sccmec_saures_CP007672_l44737:c40030-39356	CP007672_SCCmec_00046
PROKKA_CP007672/PROKKA_CP007672:Gene	copB	sccmec_saures_CP007672_l44737:40483-42546	CP007672_SCCmec_00047
PROKKA_CP007672/PROKKA_CP007672:Gene	mco	sccmec_saures_CP007672_l44737:42561-43994	CP007672_SCCmec_00048
PROKKA_CP007672/PROKKA_CP007672:Gene	CP007672_SCCmec_00049	sccmec_saures_CP007672_l44737:44014-44496	CP007672_SCCmec_00049

FATAL: DiscRep_ALL:MISSING_PROTEIN_ID::49 proteins have invalid IDs.
PROKKA_CP007672/PROKKA_CP007672:sccmec_saures_CP007672_l44737_1 (length 159)
PROKKA_CP007672/PROKKA_CP007672:sccmec_saures_CP007672_l44737_2 (length 418)
PROKKA_CP007672/PROKKA_CP007672:sccmec_saures_CP007672_l44737_3 (length 33)
PROKKA_CP007672/PROKKA_CP007672:sccmec_saures_CP007672_l44737_4 (length 79)
PROKKA_CP007672/PROKKA_CP007672:sccmec_saures_CP007672_l44737_5 (length 224)
PROKKA_CP007672/PROKKA_CP007672:sccmec_saures_CP007672_l44737_6 (length 55)
PROKKA_CP007672/PROKKA_CP007672:sccmec_saures_CP007672_l44737_7 (length 76)
PROKKA_CP007672/PROKKA_CP007672:sccmec_saures_CP007672_l44737_8 (length 247)
PROKKA_CP007672/PROKKA_CP007672:sccmec_saures_CP007672_l44737_9 (length 142)
PROKKA_CP007672/PROKKA_CP007672:sccmec_saures_CP007672_l44737_10 (length 668)
PROKKA_CP007672/PROKKA_CP007672:sccmec_saures_CP007672_l44737_11 (length 328)
PROKKA_CP007672/PROKKA_CP007672:sccmec_saures_CP007672_l44737_12 (length 90)
PROKKA_CP007672/PROKKA_CP007672:sccmec_saures_CP007672_l44737_13 (length 507)
PROKKA_CP007672/PROKKA_CP007672:sccmec_saures_CP007672_l44737_14 (length 168)
PROKKA_CP007672/PROKKA_CP007672:sccmec_saures_CP007672_l44737_15 (length 103)
PROKKA_CP007672/PROKKA_CP007672:sccmec_saures_CP007672_l44737_16 (length 116)
PROKKA_CP007672/PROKKA_CP007672:sccmec_saures_CP007672_l44737_17 (length 542)
PROKKA_CP007672/PROKKA_CP007672:sccmec_saures_CP007672_l44737_18 (length 449)
PROKKA_CP007672/PROKKA_CP007672:sccmec_saures_CP007672_l44737_19 (length 595)
PROKKA_CP007672/PROKKA_CP007672:sccmec_saures_CP007672_l44737_20 (length 98)
PROKKA_CP007672/PROKKA_CP007672:sccmec_saures_CP007672_l44737_21 (length 348)
PROKKA_CP007672/PROKKA_CP007672:sccmec_saures_CP007672_l44737_22 (length 384)
PROKKA_CP007672/PROKKA_CP007672:sccmec_saures_CP007672_l44737_23 (length 266)
PROKKA_CP007672/PROKKA_CP007672:sccmec_saures_CP007672_l44737_24 (length 108)
PROKKA_CP007672/PROKKA_CP007672:sccmec_saures_CP007672_l44737_25 (length 277)
PROKKA_CP007672/PROKKA_CP007672:sccmec_saures_CP007672_l44737_26 (length 54)
PROKKA_CP007672/PROKKA_CP007672:sccmec_saures_CP007672_l44737_27 (length 257)
PROKKA_CP007672/PROKKA_CP007672:sccmec_saures_CP007672_l44737_28 (length 119)
PROKKA_CP007672/PROKKA_CP007672:sccmec_saures_CP007672_l44737_29 (length 356)
PROKKA_CP007672/PROKKA_CP007672:sccmec_saures_CP007672_l44737_30 (length 288)
PROKKA_CP007672/PROKKA_CP007672:sccmec_saures_CP007672_l44737_31 (length 396)
PROKKA_CP007672/PROKKA_CP007672:sccmec_saures_CP007672_l44737_32 (length 47)
PROKKA_CP007672/PROKKA_CP007672:sccmec_saures_CP007672_l44737_33 (length 122)
PROKKA_CP007672/PROKKA_CP007672:sccmec_saures_CP007672_l44737_34 (length 245)
PROKKA_CP007672/PROKKA_CP007672:sccmec_saures_CP007672_l44737_35 (length 224)
PROKKA_CP007672/PROKKA_CP007672:sccmec_saures_CP007672_l44737_36 (length 448)
PROKKA_CP007672/PROKKA_CP007672:sccmec_saures_CP007672_l44737_37 (length 135)
PROKKA_CP007672/PROKKA_CP007672:sccmec_saures_CP007672_l44737_38 (length 117)
PROKKA_CP007672/PROKKA_CP007672:sccmec_saures_CP007672_l44737_39 (length 226)
PROKKA_CP007672/PROKKA_CP007672:sccmec_saures_CP007672_l44737_40 (length 112)
PROKKA_CP007672/PROKKA_CP007672:sccmec_saures_CP007672_l44737_41 (length 547)
PROKKA_CP007672/PROKKA_CP007672:sccmec_saures_CP007672_l44737_42 (length 216)
PROKKA_CP007672/PROKKA_CP007672:sccmec_saures_CP007672_l44737_43 (length 182)
PROKKA_CP007672/PROKKA_CP007672:sccmec_saures_CP007672_l44737_44 (length 85)
PROKKA_CP007672/PROKKA_CP007672:sccmec_saures_CP007672_l44737_45 (length 93)
PROKKA_CP007672/PROKKA_CP007672:sccmec_saures_CP007672_l44737_46 (length 224)
PROKKA_CP007672/PROKKA_CP007672:sccmec_saures_CP007672_l44737_47 (length 687)
PROKKA_CP007672/PROKKA_CP007672:sccmec_saures_CP007672_l44737_48 (length 477)
PROKKA_CP007672/PROKKA_CP007672:sccmec_saures_CP007672_l44737_49 (length 160)

DiscRep_ALL:DISC_SOURCE_QUALS_ASNDISC::strain (all present, all unique)
DiscRep_SUB:DISC_SOURCE_QUALS_ASNDISC::1 sources have unique values for strain
DiscRep_ALL:DISC_SOURCE_QUALS_ASNDISC::taxname (all present, all unique)
DiscRep_SUB:DISC_SOURCE_QUALS_ASNDISC::1 sources have unique values for taxname
DiscRep_ALL:DISC_FEATURE_COUNT::gene: 49 present
DiscRep_ALL:DISC_FEATURE_COUNT::CDS: 49 present
DiscRep_ALL:DISC_FEATURE_COUNT::mRNA: 49 present
DiscRep_ALL:DISC_COUNT_NUCLEOTIDES::1 nucleotide Bioseqs are present
PROKKA_CP007672/PROKKA_CP007672:sccmec_saures_CP007672_l44737 (length 44737)

DiscRep_ALL:OVERLAPPING_GENES::8 genes overlap another gene on the same strand.
PROKKA_CP007672/PROKKA_CP007672:Gene	mecR1	sccmec_saures_CP007672_l44737:8140-9126	CP007672_SCCmec_00011
PROKKA_CP007672/PROKKA_CP007672:Gene	CP007672_SCCmec_00012	sccmec_saures_CP007672_l44737:9086-9358	CP007672_SCCmec_00012
PROKKA_CP007672/PROKKA_CP007672:Gene	CP007672_SCCmec_00019	sccmec_saures_CP007672_l44737:c17819-16032	CP007672_SCCmec_00019
PROKKA_CP007672/PROKKA_CP007672:Gene	CP007672_SCCmec_00020	sccmec_saures_CP007672_l44737:c18115-17819	CP007672_SCCmec_00020
PROKKA_CP007672/PROKKA_CP007672:Gene	gltR	sccmec_saures_CP007672_l44737:c27467-26601	CP007672_SCCmec_00030
PROKKA_CP007672/PROKKA_CP007672:Gene	CP007672_SCCmec_00031	sccmec_saures_CP007672_l44737:c28644-27454	CP007672_SCCmec_00031
PROKKA_CP007672/PROKKA_CP007672:Gene	stoA	sccmec_saures_CP007672_l44737:33893-34246	CP007672_SCCmec_00038
PROKKA_CP007672/PROKKA_CP007672:Gene	CP007672_SCCmec_00039	sccmec_saures_CP007672_l44737:34243-34923	CP007672_SCCmec_00039

DiscRep_ALL:DISC_QUALITY_SCORES::Quality scores are missing on all sequences.

DiscRep_ALL:ONCALLER_COMMENT_PRESENT::1 comment descriptors were found (all same)
PROKKA_CP007672/PROKKA_CP007672:sccmec_saures_CP007672_l44737:Annotated using prokka 1.12 from https://github.com/tseemann/prokka

DiscRep_ALL:SHORT_PROT_SEQUENCES::2 protein sequences are shorter than 50 aa.
PROKKA_CP007672/PROKKA_CP007672:sccmec_saures_CP007672_l44737_3 (length 33)
PROKKA_CP007672/PROKKA_CP007672:sccmec_saures_CP007672_l44737_32 (length 47)

DiscRep_ALL:MISSING_GENOMEASSEMBLY_COMMENTS::1 bioseqs are missing GenomeAssembly structured comments
PROKKA_CP007672/PROKKA_CP007672:sccmec_saures_CP007672_l44737 (length 44737)

DiscRep_ALL:MOLTYPE_NOT_MRNA::1 molecule types are not set as mRNA.
PROKKA_CP007672/PROKKA_CP007672:sccmec_saures_CP007672_l44737 (length 44737)

DiscRep_ALL:TECHNIQUE_NOT_TSA::1 technique are not set as TSA
PROKKA_CP007672/PROKKA_CP007672:sccmec_saures_CP007672_l44737 (length 44737)

DiscRep_ALL:MISSING_STRUCTURED_COMMENT::1 sequences do not include structured comments.
PROKKA_CP007672/PROKKA_CP007672:sccmec_saures_CP007672_l44737 (length 44737)

DiscRep_ALL:MISSING_PROJECT::50 sequences do not include project.
PROKKA_CP007672/PROKKA_CP007672:sccmec_saures_CP007672_l44737 (length 44737)
PROKKA_CP007672/PROKKA_CP007672:sccmec_saures_CP007672_l44737_1 (length 159)
PROKKA_CP007672/PROKKA_CP007672:sccmec_saures_CP007672_l44737_2 (length 418)
PROKKA_CP007672/PROKKA_CP007672:sccmec_saures_CP007672_l44737_3 (length 33)
PROKKA_CP007672/PROKKA_CP007672:sccmec_saures_CP007672_l44737_4 (length 79)
PROKKA_CP007672/PROKKA_CP007672:sccmec_saures_CP007672_l44737_5 (length 224)
PROKKA_CP007672/PROKKA_CP007672:sccmec_saures_CP007672_l44737_6 (length 55)
PROKKA_CP007672/PROKKA_CP007672:sccmec_saures_CP007672_l44737_7 (length 76)
PROKKA_CP007672/PROKKA_CP007672:sccmec_saures_CP007672_l44737_8 (length 247)
PROKKA_CP007672/PROKKA_CP007672:sccmec_saures_CP007672_l44737_9 (length 142)
PROKKA_CP007672/PROKKA_CP007672:sccmec_saures_CP007672_l44737_10 (length 668)
PROKKA_CP007672/PROKKA_CP007672:sccmec_saures_CP007672_l44737_11 (length 328)
PROKKA_CP007672/PROKKA_CP007672:sccmec_saures_CP007672_l44737_12 (length 90)
PROKKA_CP007672/PROKKA_CP007672:sccmec_saures_CP007672_l44737_13 (length 507)
PROKKA_CP007672/PROKKA_CP007672:sccmec_saures_CP007672_l44737_14 (length 168)
PROKKA_CP007672/PROKKA_CP007672:sccmec_saures_CP007672_l44737_15 (length 103)
PROKKA_CP007672/PROKKA_CP007672:sccmec_saures_CP007672_l44737_16 (length 116)
PROKKA_CP007672/PROKKA_CP007672:sccmec_saures_CP007672_l44737_17 (length 542)
PROKKA_CP007672/PROKKA_CP007672:sccmec_saures_CP007672_l44737_18 (length 449)
PROKKA_CP007672/PROKKA_CP007672:sccmec_saures_CP007672_l44737_19 (length 595)
PROKKA_CP007672/PROKKA_CP007672:sccmec_saures_CP007672_l44737_20 (length 98)
PROKKA_CP007672/PROKKA_CP007672:sccmec_saures_CP007672_l44737_21 (length 348)
PROKKA_CP007672/PROKKA_CP007672:sccmec_saures_CP007672_l44737_22 (length 384)
PROKKA_CP007672/PROKKA_CP007672:sccmec_saures_CP007672_l44737_23 (length 266)
PROKKA_CP007672/PROKKA_CP007672:sccmec_saures_CP007672_l44737_24 (length 108)
PROKKA_CP007672/PROKKA_CP007672:sccmec_saures_CP007672_l44737_25 (length 277)
PROKKA_CP007672/PROKKA_CP007672:sccmec_saures_CP007672_l44737_26 (length 54)
PROKKA_CP007672/PROKKA_CP007672:sccmec_saures_CP007672_l44737_27 (length 257)
PROKKA_CP007672/PROKKA_CP007672:sccmec_saures_CP007672_l44737_28 (length 119)
PROKKA_CP007672/PROKKA_CP007672:sccmec_saures_CP007672_l44737_29 (length 356)
PROKKA_CP007672/PROKKA_CP007672:sccmec_saures_CP007672_l44737_30 (length 288)
PROKKA_CP007672/PROKKA_CP007672:sccmec_saures_CP007672_l44737_31 (length 396)
PROKKA_CP007672/PROKKA_CP007672:sccmec_saures_CP007672_l44737_32 (length 47)
PROKKA_CP007672/PROKKA_CP007672:sccmec_saures_CP007672_l44737_33 (length 122)
PROKKA_CP007672/PROKKA_CP007672:sccmec_saures_CP007672_l44737_34 (length 245)
PROKKA_CP007672/PROKKA_CP007672:sccmec_saures_CP007672_l44737_35 (length 224)
PROKKA_CP007672/PROKKA_CP007672:sccmec_saures_CP007672_l44737_36 (length 448)
PROKKA_CP007672/PROKKA_CP007672:sccmec_saures_CP007672_l44737_37 (length 135)
PROKKA_CP007672/PROKKA_CP007672:sccmec_saures_CP007672_l44737_38 (length 117)
PROKKA_CP007672/PROKKA_CP007672:sccmec_saures_CP007672_l44737_39 (length 226)
PROKKA_CP007672/PROKKA_CP007672:sccmec_saures_CP007672_l44737_40 (length 112)
PROKKA_CP007672/PROKKA_CP007672:sccmec_saures_CP007672_l44737_41 (length 547)
PROKKA_CP007672/PROKKA_CP007672:sccmec_saures_CP007672_l44737_42 (length 216)
PROKKA_CP007672/PROKKA_CP007672:sccmec_saures_CP007672_l44737_43 (length 182)
PROKKA_CP007672/PROKKA_CP007672:sccmec_saures_CP007672_l44737_44 (length 85)
PROKKA_CP007672/PROKKA_CP007672:sccmec_saures_CP007672_l44737_45 (length 93)
PROKKA_CP007672/PROKKA_CP007672:sccmec_saures_CP007672_l44737_46 (length 224)
PROKKA_CP007672/PROKKA_CP007672:sccmec_saures_CP007672_l44737_47 (length 687)
PROKKA_CP007672/PROKKA_CP007672:sccmec_saures_CP007672_l44737_48 (length 477)
PROKKA_CP007672/PROKKA_CP007672:sccmec_saures_CP007672_l44737_49 (length 160)

DiscRep_ALL:DISC_INCONSISTENT_MOLINFO_TECH::Molinfo Technique Report (some missing, all same)
DiscRep_SUB:DISC_INCONSISTENT_MOLINFO_TECH::technique (all missing)
DiscRep_SUB:DISC_INCONSISTENT_MOLINFO_TECH::1 Molinfos are missing field technique
PROKKA_CP007672/PROKKA_CP007672:sccmec_saures_CP007672_l44737 (length 44737)

