Discrepancy Report Results

Summary
FATAL: BAD_LOCUS_TAG_FORMAT:29 locus tags are incorrectly formatted.
FATAL: MISSING_PROTEIN_ID:29 proteins have invalid IDs.
DISC_SOURCE_QUALS_ASNDISC:strain (all present, all unique)
DISC_SOURCE_QUALS_ASNDISC:taxname (all present, all unique)
DISC_FEATURE_COUNT:gene: 29 present
DISC_FEATURE_COUNT:CDS: 29 present
DISC_FEATURE_COUNT:mRNA: 29 present
DISC_COUNT_NUCLEOTIDES:1 nucleotide Bioseqs are present
OVERLAPPING_GENES:6 genes overlap another gene on the same strand.
DISC_QUALITY_SCORES:Quality scores are missing on all sequences.
ONCALLER_COMMENT_PRESENT:1 comment descriptors were found (all same)
SHORT_PROT_SEQUENCES:1 protein sequences are shorter than 50 aa.
MISSING_GENOMEASSEMBLY_COMMENTS:1 bioseqs are missing GenomeAssembly structured comments
MOLTYPE_NOT_MRNA:1 molecule types are not set as mRNA.
TECHNIQUE_NOT_TSA:1 technique are not set as TSA
MISSING_STRUCTURED_COMMENT:1 sequences do not include structured comments.
MISSING_PROJECT:30 sequences do not include project.
DISC_INCONSISTENT_MOLINFO_TECH:Molinfo Technique Report (some missing, all same)


Detailed Report

FATAL: DiscRep_ALL:BAD_LOCUS_TAG_FORMAT::29 locus tags are incorrectly formatted.
PROKKA_CP007674/PROKKA_CP007674:Gene	rlmH	sccmec_saures_CP007674_l27467:1-480	CP007674_SCCmec_00001
PROKKA_CP007674/PROKKA_CP007674:Gene	CP007674_SCCmec_00002	sccmec_saures_CP007674_l27467:763-2058	CP007674_SCCmec_00002
PROKKA_CP007674/PROKKA_CP007674:Gene	CP007674_SCCmec_00003	sccmec_saures_CP007674_l27467:2473-2715	CP007674_SCCmec_00003
PROKKA_CP007674/PROKKA_CP007674:Gene	CP007674_SCCmec_00004	sccmec_saures_CP007674_l27467:c3417-2743	CP007674_SCCmec_00004
PROKKA_CP007674/PROKKA_CP007674:Gene	thyA	sccmec_saures_CP007674_l27467:3517-4473	CP007674_SCCmec_00005
PROKKA_CP007674/PROKKA_CP007674:Gene	dfrA	sccmec_saures_CP007674_l27467:4515-5000	CP007674_SCCmec_00006
PROKKA_CP007674/PROKKA_CP007674:Gene	CP007674_SCCmec_00007	sccmec_saures_CP007674_l27467:5010-5432	CP007674_SCCmec_00007
PROKKA_CP007674/PROKKA_CP007674:Gene	CP007674_SCCmec_00008	sccmec_saures_CP007674_l27467:c6138-5464	CP007674_SCCmec_00008
PROKKA_CP007674/PROKKA_CP007674:Gene	CP007674_SCCmec_00009	sccmec_saures_CP007674_l27467:6396-6563	CP007674_SCCmec_00009
PROKKA_CP007674/PROKKA_CP007674:Gene	CP007674_SCCmec_00010	sccmec_saures_CP007674_l27467:6661-6891	CP007674_SCCmec_00010
PROKKA_CP007674/PROKKA_CP007674:Gene	ugpQ	sccmec_saures_CP007674_l27467:7440-8183	CP007674_SCCmec_00011
PROKKA_CP007674/PROKKA_CP007674:Gene	paaZ	sccmec_saures_CP007674_l27467:8280-8708	CP007674_SCCmec_00012
PROKKA_CP007674/PROKKA_CP007674:Gene	pbp	sccmec_saures_CP007674_l27467:c10760-8754	CP007674_SCCmec_00013
PROKKA_CP007674/PROKKA_CP007674:Gene	mecR1	sccmec_saures_CP007674_l27467:10962-11846	CP007674_SCCmec_00014
PROKKA_CP007674/PROKKA_CP007674:Gene	CP007674_SCCmec_00015	sccmec_saures_CP007674_l27467:11806-12078	CP007674_SCCmec_00015
PROKKA_CP007674/PROKKA_CP007674:Gene	CP007674_SCCmec_00016	sccmec_saures_CP007674_l27467:c13589-12069	CP007674_SCCmec_00016
PROKKA_CP007674/PROKKA_CP007674:Gene	CP007674_SCCmec_00017	sccmec_saures_CP007674_l27467:c14237-13728	CP007674_SCCmec_00017
PROKKA_CP007674/PROKKA_CP007674:Gene	CP007674_SCCmec_00018	sccmec_saures_CP007674_l27467:c14560-14249	CP007674_SCCmec_00018
PROKKA_CP007674/PROKKA_CP007674:Gene	CP007674_SCCmec_00019	sccmec_saures_CP007674_l27467:c14997-14647	CP007674_SCCmec_00019
PROKKA_CP007674/PROKKA_CP007674:Gene	hin_1	sccmec_saures_CP007674_l27467:c17147-15519	CP007674_SCCmec_00020
PROKKA_CP007674/PROKKA_CP007674:Gene	hin_2	sccmec_saures_CP007674_l27467:c18536-17169	CP007674_SCCmec_00021
PROKKA_CP007674/PROKKA_CP007674:Gene	CP007674_SCCmec_00022	sccmec_saures_CP007674_l27467:c20539-18752	CP007674_SCCmec_00022
PROKKA_CP007674/PROKKA_CP007674:Gene	CP007674_SCCmec_00023	sccmec_saures_CP007674_l27467:c20829-20539	CP007674_SCCmec_00023
PROKKA_CP007674/PROKKA_CP007674:Gene	CP007674_SCCmec_00024	sccmec_saures_CP007674_l27467:20926-22017	CP007674_SCCmec_00024
PROKKA_CP007674/PROKKA_CP007674:Gene	CP007674_SCCmec_00025	sccmec_saures_CP007674_l27467:22635-24125	CP007674_SCCmec_00025
PROKKA_CP007674/PROKKA_CP007674:Gene	gloC	sccmec_saures_CP007674_l27467:c25753-24749	CP007674_SCCmec_00026
PROKKA_CP007674/PROKKA_CP007674:Gene	CP007674_SCCmec_00027	sccmec_saures_CP007674_l27467:25872-26009	CP007674_SCCmec_00027
PROKKA_CP007674/PROKKA_CP007674:Gene	CP007674_SCCmec_00028	sccmec_saures_CP007674_l27467:26006-26377	CP007674_SCCmec_00028
PROKKA_CP007674/PROKKA_CP007674:Gene	CP007674_SCCmec_00029	sccmec_saures_CP007674_l27467:26506-27126	CP007674_SCCmec_00029

FATAL: DiscRep_ALL:MISSING_PROTEIN_ID::29 proteins have invalid IDs.
PROKKA_CP007674/PROKKA_CP007674:sccmec_saures_CP007674_l27467_1 (length 159)
PROKKA_CP007674/PROKKA_CP007674:sccmec_saures_CP007674_l27467_2 (length 431)
PROKKA_CP007674/PROKKA_CP007674:sccmec_saures_CP007674_l27467_3 (length 80)
PROKKA_CP007674/PROKKA_CP007674:sccmec_saures_CP007674_l27467_4 (length 224)
PROKKA_CP007674/PROKKA_CP007674:sccmec_saures_CP007674_l27467_5 (length 318)
PROKKA_CP007674/PROKKA_CP007674:sccmec_saures_CP007674_l27467_6 (length 161)
PROKKA_CP007674/PROKKA_CP007674:sccmec_saures_CP007674_l27467_7 (length 140)
PROKKA_CP007674/PROKKA_CP007674:sccmec_saures_CP007674_l27467_8 (length 224)
PROKKA_CP007674/PROKKA_CP007674:sccmec_saures_CP007674_l27467_9 (length 55)
PROKKA_CP007674/PROKKA_CP007674:sccmec_saures_CP007674_l27467_10 (length 76)
PROKKA_CP007674/PROKKA_CP007674:sccmec_saures_CP007674_l27467_11 (length 247)
PROKKA_CP007674/PROKKA_CP007674:sccmec_saures_CP007674_l27467_12 (length 142)
PROKKA_CP007674/PROKKA_CP007674:sccmec_saures_CP007674_l27467_13 (length 668)
PROKKA_CP007674/PROKKA_CP007674:sccmec_saures_CP007674_l27467_14 (length 294)
PROKKA_CP007674/PROKKA_CP007674:sccmec_saures_CP007674_l27467_15 (length 90)
PROKKA_CP007674/PROKKA_CP007674:sccmec_saures_CP007674_l27467_16 (length 506)
PROKKA_CP007674/PROKKA_CP007674:sccmec_saures_CP007674_l27467_17 (length 169)
PROKKA_CP007674/PROKKA_CP007674:sccmec_saures_CP007674_l27467_18 (length 103)
PROKKA_CP007674/PROKKA_CP007674:sccmec_saures_CP007674_l27467_19 (length 116)
PROKKA_CP007674/PROKKA_CP007674:sccmec_saures_CP007674_l27467_20 (length 542)
PROKKA_CP007674/PROKKA_CP007674:sccmec_saures_CP007674_l27467_21 (length 455)
PROKKA_CP007674/PROKKA_CP007674:sccmec_saures_CP007674_l27467_22 (length 595)
PROKKA_CP007674/PROKKA_CP007674:sccmec_saures_CP007674_l27467_23 (length 96)
PROKKA_CP007674/PROKKA_CP007674:sccmec_saures_CP007674_l27467_24 (length 363)
PROKKA_CP007674/PROKKA_CP007674:sccmec_saures_CP007674_l27467_25 (length 496)
PROKKA_CP007674/PROKKA_CP007674:sccmec_saures_CP007674_l27467_26 (length 334)
PROKKA_CP007674/PROKKA_CP007674:sccmec_saures_CP007674_l27467_27 (length 45)
PROKKA_CP007674/PROKKA_CP007674:sccmec_saures_CP007674_l27467_28 (length 123)
PROKKA_CP007674/PROKKA_CP007674:sccmec_saures_CP007674_l27467_29 (length 206)

DiscRep_ALL:DISC_SOURCE_QUALS_ASNDISC::strain (all present, all unique)
DiscRep_SUB:DISC_SOURCE_QUALS_ASNDISC::1 sources have unique values for strain
DiscRep_ALL:DISC_SOURCE_QUALS_ASNDISC::taxname (all present, all unique)
DiscRep_SUB:DISC_SOURCE_QUALS_ASNDISC::1 sources have unique values for taxname
DiscRep_ALL:DISC_FEATURE_COUNT::gene: 29 present
DiscRep_ALL:DISC_FEATURE_COUNT::CDS: 29 present
DiscRep_ALL:DISC_FEATURE_COUNT::mRNA: 29 present
DiscRep_ALL:DISC_COUNT_NUCLEOTIDES::1 nucleotide Bioseqs are present
PROKKA_CP007674/PROKKA_CP007674:sccmec_saures_CP007674_l27467 (length 27467)

DiscRep_ALL:OVERLAPPING_GENES::6 genes overlap another gene on the same strand.
PROKKA_CP007674/PROKKA_CP007674:Gene	mecR1	sccmec_saures_CP007674_l27467:10962-11846	CP007674_SCCmec_00014
PROKKA_CP007674/PROKKA_CP007674:Gene	CP007674_SCCmec_00015	sccmec_saures_CP007674_l27467:11806-12078	CP007674_SCCmec_00015
PROKKA_CP007674/PROKKA_CP007674:Gene	CP007674_SCCmec_00022	sccmec_saures_CP007674_l27467:c20539-18752	CP007674_SCCmec_00022
PROKKA_CP007674/PROKKA_CP007674:Gene	CP007674_SCCmec_00023	sccmec_saures_CP007674_l27467:c20829-20539	CP007674_SCCmec_00023
PROKKA_CP007674/PROKKA_CP007674:Gene	CP007674_SCCmec_00027	sccmec_saures_CP007674_l27467:25872-26009	CP007674_SCCmec_00027
PROKKA_CP007674/PROKKA_CP007674:Gene	CP007674_SCCmec_00028	sccmec_saures_CP007674_l27467:26006-26377	CP007674_SCCmec_00028

DiscRep_ALL:DISC_QUALITY_SCORES::Quality scores are missing on all sequences.

DiscRep_ALL:ONCALLER_COMMENT_PRESENT::1 comment descriptors were found (all same)
PROKKA_CP007674/PROKKA_CP007674:sccmec_saures_CP007674_l27467:Annotated using prokka 1.12 from https://github.com/tseemann/prokka

DiscRep_ALL:SHORT_PROT_SEQUENCES::1 protein sequences are shorter than 50 aa.
PROKKA_CP007674/PROKKA_CP007674:sccmec_saures_CP007674_l27467_27 (length 45)

DiscRep_ALL:MISSING_GENOMEASSEMBLY_COMMENTS::1 bioseqs are missing GenomeAssembly structured comments
PROKKA_CP007674/PROKKA_CP007674:sccmec_saures_CP007674_l27467 (length 27467)

DiscRep_ALL:MOLTYPE_NOT_MRNA::1 molecule types are not set as mRNA.
PROKKA_CP007674/PROKKA_CP007674:sccmec_saures_CP007674_l27467 (length 27467)

DiscRep_ALL:TECHNIQUE_NOT_TSA::1 technique are not set as TSA
PROKKA_CP007674/PROKKA_CP007674:sccmec_saures_CP007674_l27467 (length 27467)

DiscRep_ALL:MISSING_STRUCTURED_COMMENT::1 sequences do not include structured comments.
PROKKA_CP007674/PROKKA_CP007674:sccmec_saures_CP007674_l27467 (length 27467)

DiscRep_ALL:MISSING_PROJECT::30 sequences do not include project.
PROKKA_CP007674/PROKKA_CP007674:sccmec_saures_CP007674_l27467 (length 27467)
PROKKA_CP007674/PROKKA_CP007674:sccmec_saures_CP007674_l27467_1 (length 159)
PROKKA_CP007674/PROKKA_CP007674:sccmec_saures_CP007674_l27467_2 (length 431)
PROKKA_CP007674/PROKKA_CP007674:sccmec_saures_CP007674_l27467_3 (length 80)
PROKKA_CP007674/PROKKA_CP007674:sccmec_saures_CP007674_l27467_4 (length 224)
PROKKA_CP007674/PROKKA_CP007674:sccmec_saures_CP007674_l27467_5 (length 318)
PROKKA_CP007674/PROKKA_CP007674:sccmec_saures_CP007674_l27467_6 (length 161)
PROKKA_CP007674/PROKKA_CP007674:sccmec_saures_CP007674_l27467_7 (length 140)
PROKKA_CP007674/PROKKA_CP007674:sccmec_saures_CP007674_l27467_8 (length 224)
PROKKA_CP007674/PROKKA_CP007674:sccmec_saures_CP007674_l27467_9 (length 55)
PROKKA_CP007674/PROKKA_CP007674:sccmec_saures_CP007674_l27467_10 (length 76)
PROKKA_CP007674/PROKKA_CP007674:sccmec_saures_CP007674_l27467_11 (length 247)
PROKKA_CP007674/PROKKA_CP007674:sccmec_saures_CP007674_l27467_12 (length 142)
PROKKA_CP007674/PROKKA_CP007674:sccmec_saures_CP007674_l27467_13 (length 668)
PROKKA_CP007674/PROKKA_CP007674:sccmec_saures_CP007674_l27467_14 (length 294)
PROKKA_CP007674/PROKKA_CP007674:sccmec_saures_CP007674_l27467_15 (length 90)
PROKKA_CP007674/PROKKA_CP007674:sccmec_saures_CP007674_l27467_16 (length 506)
PROKKA_CP007674/PROKKA_CP007674:sccmec_saures_CP007674_l27467_17 (length 169)
PROKKA_CP007674/PROKKA_CP007674:sccmec_saures_CP007674_l27467_18 (length 103)
PROKKA_CP007674/PROKKA_CP007674:sccmec_saures_CP007674_l27467_19 (length 116)
PROKKA_CP007674/PROKKA_CP007674:sccmec_saures_CP007674_l27467_20 (length 542)
PROKKA_CP007674/PROKKA_CP007674:sccmec_saures_CP007674_l27467_21 (length 455)
PROKKA_CP007674/PROKKA_CP007674:sccmec_saures_CP007674_l27467_22 (length 595)
PROKKA_CP007674/PROKKA_CP007674:sccmec_saures_CP007674_l27467_23 (length 96)
PROKKA_CP007674/PROKKA_CP007674:sccmec_saures_CP007674_l27467_24 (length 363)
PROKKA_CP007674/PROKKA_CP007674:sccmec_saures_CP007674_l27467_25 (length 496)
PROKKA_CP007674/PROKKA_CP007674:sccmec_saures_CP007674_l27467_26 (length 334)
PROKKA_CP007674/PROKKA_CP007674:sccmec_saures_CP007674_l27467_27 (length 45)
PROKKA_CP007674/PROKKA_CP007674:sccmec_saures_CP007674_l27467_28 (length 123)
PROKKA_CP007674/PROKKA_CP007674:sccmec_saures_CP007674_l27467_29 (length 206)

DiscRep_ALL:DISC_INCONSISTENT_MOLINFO_TECH::Molinfo Technique Report (some missing, all same)
DiscRep_SUB:DISC_INCONSISTENT_MOLINFO_TECH::technique (all missing)
DiscRep_SUB:DISC_INCONSISTENT_MOLINFO_TECH::1 Molinfos are missing field technique
PROKKA_CP007674/PROKKA_CP007674:sccmec_saures_CP007674_l27467 (length 27467)

