[17:06:35] This is prokka 1.12
[17:06:35] Written by Torsten Seemann <torsten.seemann@gmail.com>
[17:06:35] Homepage is https://github.com/tseemann/prokka
[17:06:35] Local time is Mon May 15 17:06:35 2017
[17:06:35] You are fsepulveda
[17:06:35] Operating system is linux
[17:06:35] You have BioPerl 1.006924
[17:06:35] System has 4 cores.
[17:06:35] Option --cpu asked for 8 cores, but system only has 4
[17:06:35] Will use maximum of 4 cores.
[17:06:35] Annotating as >>> Bacteria <<<
[17:06:35] Creating new output folder: PROKKA_CP009681
[17:06:35] Running: mkdir -p PROKKA_CP009681
[17:06:36] Using filename prefix: PROKKA_CP009681.XXX
[17:06:36] Setting HMMER_NCPU=1
[17:06:36] Writing log to: PROKKA_CP009681/PROKKA_CP009681.log
[17:06:36] Command: /home/fsepulveda/Desktop/tesis/sccmec_classification/prokka-1.12/bin/prokka --genus Staphylococcus --prefix PROKKA_CP009681 --addgenes --addmrna --locustag CP009681_SCCmec /home/fsepulveda/Documents/parte2/229_sccmec/sccmec_CP009681.fasta
[17:06:36] Appending to PATH: /home/fsepulveda/Desktop/tesis/sccmec_classification/prokka-1.12/bin/../binaries/linux
[17:06:36] Appending to PATH: /home/fsepulveda/Desktop/tesis/sccmec_classification/prokka-1.12/bin/../binaries/linux/../common
[17:06:36] Appending to PATH: /home/fsepulveda/Desktop/tesis/sccmec_classification/prokka-1.12/bin
[17:06:36] Looking for 'aragorn' - found /home/fsepulveda/Desktop/tesis/sccmec_classification/prokka-1.12/bin/../binaries/linux/aragorn
[17:06:36] Determined aragorn version is 1.2
[17:06:36] Looking for 'blastp' - found /usr/bin/blastp
[17:06:36] Determined blastp version is 2.2
[17:06:36] Looking for 'cmpress' - found /usr/bin/cmpress
[17:06:36] Determined cmpress version is 1.1
[17:06:36] Looking for 'cmscan' - found /usr/bin/cmscan
[17:06:36] Determined cmscan version is 1.1
[17:06:36] Looking for 'egrep' - found /bin/egrep
[17:06:36] Looking for 'find' - found /usr/bin/find
[17:06:36] Looking for 'grep' - found /bin/grep
[17:06:36] Looking for 'hmmpress' - found /usr/bin/hmmpress
[17:06:36] Determined hmmpress version is 3.1
[17:06:36] Looking for 'hmmscan' - found /usr/bin/hmmscan
[17:06:36] Determined hmmscan version is 3.1
[17:06:36] Looking for 'java' - found /usr/bin/java
[17:06:36] Looking for 'less' - found /usr/bin/less
[17:06:36] Looking for 'makeblastdb' - found /usr/bin/makeblastdb
[17:06:36] Determined makeblastdb version is 2.2
[17:06:36] Looking for 'minced' - found /home/fsepulveda/Desktop/tesis/sccmec_classification/prokka-1.12/bin/../binaries/linux/../common/minced
[17:06:36] Determined minced version is 2.0
[17:06:36] Looking for 'parallel' - found /home/fsepulveda/Desktop/tesis/sccmec_classification/prokka-1.12/bin/../binaries/linux/../common/parallel
[17:06:36] Determined parallel version is 20150122
[17:06:36] Looking for 'prodigal' - found /home/fsepulveda/Desktop/tesis/sccmec_classification/prokka-1.12/bin/../binaries/linux/prodigal
[17:06:36] Determined prodigal version is 2.6
[17:06:36] Looking for 'prokka-genbank_to_fasta_db' - found /home/fsepulveda/Desktop/tesis/sccmec_classification/prokka-1.12/bin/prokka-genbank_to_fasta_db
[17:06:36] Looking for 'sed' - found /bin/sed
[17:06:36] Looking for 'tbl2asn' - found /home/fsepulveda/Desktop/tesis/sccmec_classification/prokka-1.12/bin/../binaries/linux/tbl2asn
[17:06:36] Determined tbl2asn version is 25.3
[17:06:36] Using genetic code table 11.
[17:06:36] Loading and checking input file: /home/fsepulveda/Documents/parte2/229_sccmec/sccmec_CP009681.fasta
[17:06:36] Wrote 1 contigs totalling 62310 bp.
[17:06:36] Predicting tRNAs and tmRNAs
[17:06:36] Running: aragorn -l -gc11  -w PROKKA_CP009681\/PROKKA_CP009681\.fna
[17:06:36] Found 0 tRNAs
[17:06:36] Predicting Ribosomal RNAs
[17:06:36] You need either Barrnap or RNAmmer installed to predict rRNAs!
[17:06:36] Skipping ncRNA search, enable with --rfam if desired.
[17:06:36] Total of 0 tRNA + rRNA features
[17:06:36] Searching for CRISPR repeats
[17:06:36] Found 0 CRISPRs
[17:06:36] Predicting coding sequences
[17:06:36] Contigs total 62310 bp, so using meta mode
[17:06:36] Running: prodigal -i PROKKA_CP009681\/PROKKA_CP009681\.fna -c -m -g 11 -p meta -f sco -q
[17:06:36] Found 70 CDS
[17:06:36] Connecting features back to sequences
[17:06:36] Not using genus-specific database. Try --usegenus to enable it.
[17:06:36] Annotating CDS, please be patient.
[17:06:36] Will use 4 CPUs for similarity searching.
[17:06:36] There are still 70 unannotated CDS left (started with 70)
[17:06:36] Will use blast to search against /home/fsepulveda/Desktop/tesis/sccmec_classification/prokka-1.12/bin/../db/kingdom/Bacteria/sprot with 4 CPUs
[17:06:36] Running: cat PROKKA_CP009681\/sprot\.faa | parallel --gnu --plain -j 4 --block 2214 --recstart '>' --pipe blastp -query - -db /home/fsepulveda/Desktop/tesis/sccmec_classification/prokka-1.12/bin/../db/kingdom/Bacteria/sprot -evalue 1e-06 -num_threads 1 -num_descriptions 1 -num_alignments 1 -seg no > PROKKA_CP009681\/sprot\.blast 2> /dev/null
[17:06:38] Modify product: Uncharacterized methyltransferase YcgJ => putative methyltransferase YcgJ
[17:06:38] Modify product: Probable cadmium-transporting ATPase => putative cadmium-transporting ATPase
[17:06:38] Cleaned 2 /product names
[17:06:38] Deleting unwanted file: PROKKA_CP009681/sprot.faa
[17:06:38] Deleting unwanted file: PROKKA_CP009681/sprot.blast
[17:06:38] There are still 43 unannotated CDS left (started with 70)
[17:06:38] Will use hmmer3 to search against /home/fsepulveda/Desktop/tesis/sccmec_classification/prokka-1.12/bin/../db/hmm/HAMAP.hmm with 4 CPUs
[17:06:38] Running: cat PROKKA_CP009681\/HAMAP\.hmm\.faa | parallel --gnu --plain -j 4 --block 1045 --recstart '>' --pipe hmmscan --noali --notextw --acc -E 1e-06 --cpu 1 /home/fsepulveda/Desktop/tesis/sccmec_classification/prokka-1.12/bin/../db/hmm/HAMAP.hmm /dev/stdin > PROKKA_CP009681\/HAMAP\.hmm\.hmmer3 2> /dev/null
[17:06:39] Deleting unwanted file: PROKKA_CP009681/HAMAP.hmm.faa
[17:06:39] Deleting unwanted file: PROKKA_CP009681/HAMAP.hmm.hmmer3
[17:06:39] Labelling remaining 41 proteins as 'hypothetical protein'
[17:06:39] Possible /pseudo 'Tyrosine recombinase XerC' at sccmec_saures_CP009681_l62310 position 12106
[17:06:39] Possible /pseudo 'Tyrosine recombinase XerC' at sccmec_saures_CP009681_l62310 position 13160
[17:06:39] Possible /pseudo 'Streptomycin 3''-adenylyltransferase' at sccmec_saures_CP009681_l62310 position 14623
[17:06:39] Found 23 unique /gene codes.
[17:06:39] Fixed 4 duplicate /gene - xerC_1 xerC_2 xerC_3 xerC_4
[17:06:39] Fixed 2 duplicate /gene - pspE_1 pspE_2
[17:06:39] Fixed 2 duplicate /gene - ant1_1 ant1_2
[17:06:39] Fixed 2 duplicate /gene - hin_1 hin_2
[17:06:39] Fixed 4 colliding /gene names.
[17:06:39] Adding /locus_tag identifiers
[17:06:39] Assigned 70 locus_tags to CDS and RNA features.
[17:06:39] Writing outputs to PROKKA_CP009681/
[17:06:39] Generating annotation statistics file
[17:06:39] Generating Genbank and Sequin files
[17:06:39] Running: tbl2asn -V b -a r10k -l paired-ends -M n -N 1 -y 'Annotated using prokka 1.12 from https://github.com/tseemann/prokka' -Z PROKKA_CP009681\/PROKKA_CP009681\.err -i PROKKA_CP009681\/PROKKA_CP009681\.fsa 2> /dev/null
[17:06:39] Deleting unwanted file: PROKKA_CP009681/errorsummary.val
[17:06:39] Deleting unwanted file: PROKKA_CP009681/PROKKA_CP009681.dr
[17:06:39] Deleting unwanted file: PROKKA_CP009681/PROKKA_CP009681.fixedproducts
[17:06:39] Deleting unwanted file: PROKKA_CP009681/PROKKA_CP009681.ecn
[17:06:39] Deleting unwanted file: PROKKA_CP009681/PROKKA_CP009681.val
[17:06:39] Repairing broken .GBK output that tbl2asn produces...
[17:06:39] Running: sed 's/COORDINATES: profile/COORDINATES:profile/' < PROKKA_CP009681\/PROKKA_CP009681\.gbf > PROKKA_CP009681\/PROKKA_CP009681\.gbk
[17:06:39] Deleting unwanted file: PROKKA_CP009681/PROKKA_CP009681.gbf
[17:06:39] Output files:
[17:06:39] PROKKA_CP009681/PROKKA_CP009681.sqn
[17:06:39] PROKKA_CP009681/PROKKA_CP009681.tbl
[17:06:39] PROKKA_CP009681/PROKKA_CP009681.txt
[17:06:39] PROKKA_CP009681/PROKKA_CP009681.ffn
[17:06:39] PROKKA_CP009681/PROKKA_CP009681.tsv
[17:06:39] PROKKA_CP009681/PROKKA_CP009681.gff
[17:06:39] PROKKA_CP009681/PROKKA_CP009681.faa
[17:06:39] PROKKA_CP009681/PROKKA_CP009681.log
[17:06:39] PROKKA_CP009681/PROKKA_CP009681.fna
[17:06:39] PROKKA_CP009681/PROKKA_CP009681.err
[17:06:39] PROKKA_CP009681/PROKKA_CP009681.fsa
[17:06:39] PROKKA_CP009681/PROKKA_CP009681.gbk
[17:06:39] Annotation finished successfully.
[17:06:39] Walltime used: 0.07 minutes
[17:06:39] If you use this result please cite the Prokka paper:
[17:06:39] Seemann T (2014) Prokka: rapid prokaryotic genome annotation. Bioinformatics. 30(14):2068-9.
[17:06:39] Type 'prokka --citation' for more details.
[17:06:39] Thank you, come again.
