Discrepancy Report Results

Summary
FATAL: BAD_LOCUS_TAG_FORMAT:70 locus tags are incorrectly formatted.
FATAL: MISSING_PROTEIN_ID:70 proteins have invalid IDs.
DISC_SOURCE_QUALS_ASNDISC:strain (all present, all unique)
DISC_SOURCE_QUALS_ASNDISC:taxname (all present, all unique)
DISC_FEATURE_COUNT:gene: 70 present
DISC_FEATURE_COUNT:CDS: 70 present
DISC_FEATURE_COUNT:mRNA: 70 present
DISC_COUNT_NUCLEOTIDES:1 nucleotide Bioseqs are present
OVERLAPPING_GENES:11 genes overlap another gene on the same strand.
DISC_QUALITY_SCORES:Quality scores are missing on all sequences.
ONCALLER_COMMENT_PRESENT:1 comment descriptors were found (all same)
MISSING_GENOMEASSEMBLY_COMMENTS:1 bioseqs are missing GenomeAssembly structured comments
MOLTYPE_NOT_MRNA:1 molecule types are not set as mRNA.
TECHNIQUE_NOT_TSA:1 technique are not set as TSA
MISSING_STRUCTURED_COMMENT:1 sequences do not include structured comments.
MISSING_PROJECT:71 sequences do not include project.
DISC_INCONSISTENT_MOLINFO_TECH:Molinfo Technique Report (some missing, all same)


Detailed Report

FATAL: DiscRep_ALL:BAD_LOCUS_TAG_FORMAT::70 locus tags are incorrectly formatted.
PROKKA_CP009681/PROKKA_CP009681:Gene	rlmH	sccmec_saures_CP009681_l62310:1-480	CP009681_SCCmec_00001
PROKKA_CP009681/PROKKA_CP009681:Gene	CP009681_SCCmec_00002	sccmec_saures_CP009681_l62310:522-677	CP009681_SCCmec_00002
PROKKA_CP009681/PROKKA_CP009681:Gene	CP009681_SCCmec_00003	sccmec_saures_CP009681_l62310:726-1031	CP009681_SCCmec_00003
PROKKA_CP009681/PROKKA_CP009681:Gene	CP009681_SCCmec_00004	sccmec_saures_CP009681_l62310:1229-2092	CP009681_SCCmec_00004
PROKKA_CP009681/PROKKA_CP009681:Gene	CP009681_SCCmec_00005	sccmec_saures_CP009681_l62310:2176-3675	CP009681_SCCmec_00005
PROKKA_CP009681/PROKKA_CP009681:Gene	CP009681_SCCmec_00006	sccmec_saures_CP009681_l62310:3900-5000	CP009681_SCCmec_00006
PROKKA_CP009681/PROKKA_CP009681:Gene	CP009681_SCCmec_00007	sccmec_saures_CP009681_l62310:4993-5364	CP009681_SCCmec_00007
PROKKA_CP009681/PROKKA_CP009681:Gene	CP009681_SCCmec_00008	sccmec_saures_CP009681_l62310:5361-7004	CP009681_SCCmec_00008
PROKKA_CP009681/PROKKA_CP009681:Gene	hin_1	sccmec_saures_CP009681_l62310:7229-8908	CP009681_SCCmec_00009
PROKKA_CP009681/PROKKA_CP009681:Gene	CP009681_SCCmec_00010	sccmec_saures_CP009681_l62310:8961-9335	CP009681_SCCmec_00010
PROKKA_CP009681/PROKKA_CP009681:Gene	CP009681_SCCmec_00011	sccmec_saures_CP009681_l62310:9414-9740	CP009681_SCCmec_00011
PROKKA_CP009681/PROKKA_CP009681:Gene	CP009681_SCCmec_00012	sccmec_saures_CP009681_l62310:9756-10262	CP009681_SCCmec_00012
PROKKA_CP009681/PROKKA_CP009681:Gene	CP009681_SCCmec_00013	sccmec_saures_CP009681_l62310:10283-10600	CP009681_SCCmec_00013
PROKKA_CP009681/PROKKA_CP009681:Gene	xerC_1	sccmec_saures_CP009681_l62310:10719-11804	CP009681_SCCmec_00014
PROKKA_CP009681/PROKKA_CP009681:Gene	xerC_2	sccmec_saures_CP009681_l62310:12106-13044	CP009681_SCCmec_00015
PROKKA_CP009681/PROKKA_CP009681:Gene	xerC_3	sccmec_saures_CP009681_l62310:13160-13477	CP009681_SCCmec_00016
PROKKA_CP009681/PROKKA_CP009681:Gene	CP009681_SCCmec_00017	sccmec_saures_CP009681_l62310:13455-13697	CP009681_SCCmec_00017
PROKKA_CP009681/PROKKA_CP009681:Gene	CP009681_SCCmec_00018	sccmec_saures_CP009681_l62310:13735-14082	CP009681_SCCmec_00018
PROKKA_CP009681/PROKKA_CP009681:Gene	ant1_1	sccmec_saures_CP009681_l62310:14233-14532	CP009681_SCCmec_00019
PROKKA_CP009681/PROKKA_CP009681:Gene	ant1_2	sccmec_saures_CP009681_l62310:14623-15015	CP009681_SCCmec_00020
PROKKA_CP009681/PROKKA_CP009681:Gene	ermA1	sccmec_saures_CP009681_l62310:c15872-15141	CP009681_SCCmec_00021
PROKKA_CP009681/PROKKA_CP009681:Gene	ycgJ	sccmec_saures_CP009681_l62310:16406-17068	CP009681_SCCmec_00022
PROKKA_CP009681/PROKKA_CP009681:Gene	CP009681_SCCmec_00023	sccmec_saures_CP009681_l62310:17616-18488	CP009681_SCCmec_00023
PROKKA_CP009681/PROKKA_CP009681:Gene	CP009681_SCCmec_00024	sccmec_saures_CP009681_l62310:18527-18835	CP009681_SCCmec_00024
PROKKA_CP009681/PROKKA_CP009681:Gene	CP009681_SCCmec_00025	sccmec_saures_CP009681_l62310:18851-19339	CP009681_SCCmec_00025
PROKKA_CP009681/PROKKA_CP009681:Gene	CP009681_SCCmec_00026	sccmec_saures_CP009681_l62310:c19705-19472	CP009681_SCCmec_00026
PROKKA_CP009681/PROKKA_CP009681:Gene	CP009681_SCCmec_00027	sccmec_saures_CP009681_l62310:c20644-19841	CP009681_SCCmec_00027
PROKKA_CP009681/PROKKA_CP009681:Gene	CP009681_SCCmec_00028	sccmec_saures_CP009681_l62310:20806-21333	CP009681_SCCmec_00028
PROKKA_CP009681/PROKKA_CP009681:Gene	CP009681_SCCmec_00029	sccmec_saures_CP009681_l62310:21395-21811	CP009681_SCCmec_00029
PROKKA_CP009681/PROKKA_CP009681:Gene	CP009681_SCCmec_00030	sccmec_saures_CP009681_l62310:22278-22499	CP009681_SCCmec_00030
PROKKA_CP009681/PROKKA_CP009681:Gene	CP009681_SCCmec_00031	sccmec_saures_CP009681_l62310:22635-23213	CP009681_SCCmec_00031
PROKKA_CP009681/PROKKA_CP009681:Gene	hsdR	sccmec_saures_CP009681_l62310:c25482-23293	CP009681_SCCmec_00032
PROKKA_CP009681/PROKKA_CP009681:Gene	CP009681_SCCmec_00033	sccmec_saures_CP009681_l62310:c26083-25568	CP009681_SCCmec_00033
PROKKA_CP009681/PROKKA_CP009681:Gene	garB	sccmec_saures_CP009681_l62310:26511-27872	CP009681_SCCmec_00034
PROKKA_CP009681/PROKKA_CP009681:Gene	merR1	sccmec_saures_CP009681_l62310:28172-28579	CP009681_SCCmec_00035
PROKKA_CP009681/PROKKA_CP009681:Gene	CP009681_SCCmec_00036	sccmec_saures_CP009681_l62310:28596-29627	CP009681_SCCmec_00036
PROKKA_CP009681/PROKKA_CP009681:Gene	CP009681_SCCmec_00037	sccmec_saures_CP009681_l62310:29765-30100	CP009681_SCCmec_00037
PROKKA_CP009681/PROKKA_CP009681:Gene	merA	sccmec_saures_CP009681_l62310:30158-31801	CP009681_SCCmec_00038
PROKKA_CP009681/PROKKA_CP009681:Gene	merB	sccmec_saures_CP009681_l62310:31883-32269	CP009681_SCCmec_00039
PROKKA_CP009681/PROKKA_CP009681:Gene	CP009681_SCCmec_00040	sccmec_saures_CP009681_l62310:c33269-32727	CP009681_SCCmec_00040
PROKKA_CP009681/PROKKA_CP009681:Gene	CP009681_SCCmec_00041	sccmec_saures_CP009681_l62310:c33967-33293	CP009681_SCCmec_00041
PROKKA_CP009681/PROKKA_CP009681:Gene	CP009681_SCCmec_00042	sccmec_saures_CP009681_l62310:34225-34392	CP009681_SCCmec_00042
PROKKA_CP009681/PROKKA_CP009681:Gene	CP009681_SCCmec_00043	sccmec_saures_CP009681_l62310:34490-34720	CP009681_SCCmec_00043
PROKKA_CP009681/PROKKA_CP009681:Gene	ugpQ	sccmec_saures_CP009681_l62310:35269-36012	CP009681_SCCmec_00044
PROKKA_CP009681/PROKKA_CP009681:Gene	paaZ	sccmec_saures_CP009681_l62310:36109-36537	CP009681_SCCmec_00045
PROKKA_CP009681/PROKKA_CP009681:Gene	pbp	sccmec_saures_CP009681_l62310:c38589-36583	CP009681_SCCmec_00046
PROKKA_CP009681/PROKKA_CP009681:Gene	mecR1	sccmec_saures_CP009681_l62310:38791-40446	CP009681_SCCmec_00047
PROKKA_CP009681/PROKKA_CP009681:Gene	mecI	sccmec_saures_CP009681_l62310:40446-40649	CP009681_SCCmec_00048
PROKKA_CP009681/PROKKA_CP009681:Gene	nagC	sccmec_saures_CP009681_l62310:41290-42438	CP009681_SCCmec_00049
PROKKA_CP009681/PROKKA_CP009681:Gene	pspE_1	sccmec_saures_CP009681_l62310:c42858-42553	CP009681_SCCmec_00050
PROKKA_CP009681/PROKKA_CP009681:Gene	gloC	sccmec_saures_CP009681_l62310:c43887-42949	CP009681_SCCmec_00051
PROKKA_CP009681/PROKKA_CP009681:Gene	pspE_2	sccmec_saures_CP009681_l62310:c44982-43918	CP009681_SCCmec_00052
PROKKA_CP009681/PROKKA_CP009681:Gene	csoR	sccmec_saures_CP009681_l62310:45118-45378	CP009681_SCCmec_00053
PROKKA_CP009681/PROKKA_CP009681:Gene	CP009681_SCCmec_00054	sccmec_saures_CP009681_l62310:45393-46022	CP009681_SCCmec_00054
PROKKA_CP009681/PROKKA_CP009681:Gene	CP009681_SCCmec_00055	sccmec_saures_CP009681_l62310:c46976-46290	CP009681_SCCmec_00055
PROKKA_CP009681/PROKKA_CP009681:Gene	cadA	sccmec_saures_CP009681_l62310:c49402-46988	CP009681_SCCmec_00056
PROKKA_CP009681/PROKKA_CP009681:Gene	cadC	sccmec_saures_CP009681_l62310:c49760-49395	CP009681_SCCmec_00057
PROKKA_CP009681/PROKKA_CP009681:Gene	CP009681_SCCmec_00058	sccmec_saures_CP009681_l62310:c50375-49998	CP009681_SCCmec_00058
PROKKA_CP009681/PROKKA_CP009681:Gene	xerC_4	sccmec_saures_CP009681_l62310:c52274-50382	CP009681_SCCmec_00059
PROKKA_CP009681/PROKKA_CP009681:Gene	CP009681_SCCmec_00060	sccmec_saures_CP009681_l62310:c52792-52469	CP009681_SCCmec_00060
PROKKA_CP009681/PROKKA_CP009681:Gene	CP009681_SCCmec_00061	sccmec_saures_CP009681_l62310:c53513-52992	CP009681_SCCmec_00061
PROKKA_CP009681/PROKKA_CP009681:Gene	CP009681_SCCmec_00062	sccmec_saures_CP009681_l62310:c53927-53532	CP009681_SCCmec_00062
PROKKA_CP009681/PROKKA_CP009681:Gene	CP009681_SCCmec_00063	sccmec_saures_CP009681_l62310:c54278-53928	CP009681_SCCmec_00063
PROKKA_CP009681/PROKKA_CP009681:Gene	hin_2	sccmec_saures_CP009681_l62310:c56377-54749	CP009681_SCCmec_00064
PROKKA_CP009681/PROKKA_CP009681:Gene	tnpR	sccmec_saures_CP009681_l62310:c57744-56398	CP009681_SCCmec_00065
PROKKA_CP009681/PROKKA_CP009681:Gene	CP009681_SCCmec_00066	sccmec_saures_CP009681_l62310:c58275-57937	CP009681_SCCmec_00066
PROKKA_CP009681/PROKKA_CP009681:Gene	CP009681_SCCmec_00067	sccmec_saures_CP009681_l62310:c60089-58302	CP009681_SCCmec_00067
PROKKA_CP009681/PROKKA_CP009681:Gene	CP009681_SCCmec_00068	sccmec_saures_CP009681_l62310:c60376-60089	CP009681_SCCmec_00068
PROKKA_CP009681/PROKKA_CP009681:Gene	CP009681_SCCmec_00069	sccmec_saures_CP009681_l62310:60510-61559	CP009681_SCCmec_00069
PROKKA_CP009681/PROKKA_CP009681:Gene	CP009681_SCCmec_00070	sccmec_saures_CP009681_l62310:61612-62184	CP009681_SCCmec_00070

FATAL: DiscRep_ALL:MISSING_PROTEIN_ID::70 proteins have invalid IDs.
PROKKA_CP009681/PROKKA_CP009681:sccmec_saures_CP009681_l62310_1 (length 159)
PROKKA_CP009681/PROKKA_CP009681:sccmec_saures_CP009681_l62310_2 (length 51)
PROKKA_CP009681/PROKKA_CP009681:sccmec_saures_CP009681_l62310_3 (length 101)
PROKKA_CP009681/PROKKA_CP009681:sccmec_saures_CP009681_l62310_4 (length 287)
PROKKA_CP009681/PROKKA_CP009681:sccmec_saures_CP009681_l62310_5 (length 499)
PROKKA_CP009681/PROKKA_CP009681:sccmec_saures_CP009681_l62310_6 (length 366)
PROKKA_CP009681/PROKKA_CP009681:sccmec_saures_CP009681_l62310_7 (length 123)
PROKKA_CP009681/PROKKA_CP009681:sccmec_saures_CP009681_l62310_8 (length 547)
PROKKA_CP009681/PROKKA_CP009681:sccmec_saures_CP009681_l62310_9 (length 559)
PROKKA_CP009681/PROKKA_CP009681:sccmec_saures_CP009681_l62310_10 (length 124)
PROKKA_CP009681/PROKKA_CP009681:sccmec_saures_CP009681_l62310_11 (length 108)
PROKKA_CP009681/PROKKA_CP009681:sccmec_saures_CP009681_l62310_12 (length 168)
PROKKA_CP009681/PROKKA_CP009681:sccmec_saures_CP009681_l62310_13 (length 105)
PROKKA_CP009681/PROKKA_CP009681:sccmec_saures_CP009681_l62310_14 (length 361)
PROKKA_CP009681/PROKKA_CP009681:sccmec_saures_CP009681_l62310_15 (length 312)
PROKKA_CP009681/PROKKA_CP009681:sccmec_saures_CP009681_l62310_16 (length 105)
PROKKA_CP009681/PROKKA_CP009681:sccmec_saures_CP009681_l62310_17 (length 80)
PROKKA_CP009681/PROKKA_CP009681:sccmec_saures_CP009681_l62310_18 (length 115)
PROKKA_CP009681/PROKKA_CP009681:sccmec_saures_CP009681_l62310_19 (length 99)
PROKKA_CP009681/PROKKA_CP009681:sccmec_saures_CP009681_l62310_20 (length 130)
PROKKA_CP009681/PROKKA_CP009681:sccmec_saures_CP009681_l62310_21 (length 243)
PROKKA_CP009681/PROKKA_CP009681:sccmec_saures_CP009681_l62310_22 (length 220)
PROKKA_CP009681/PROKKA_CP009681:sccmec_saures_CP009681_l62310_23 (length 290)
PROKKA_CP009681/PROKKA_CP009681:sccmec_saures_CP009681_l62310_24 (length 102)
PROKKA_CP009681/PROKKA_CP009681:sccmec_saures_CP009681_l62310_25 (length 162)
PROKKA_CP009681/PROKKA_CP009681:sccmec_saures_CP009681_l62310_26 (length 77)
PROKKA_CP009681/PROKKA_CP009681:sccmec_saures_CP009681_l62310_27 (length 267)
PROKKA_CP009681/PROKKA_CP009681:sccmec_saures_CP009681_l62310_28 (length 175)
PROKKA_CP009681/PROKKA_CP009681:sccmec_saures_CP009681_l62310_29 (length 138)
PROKKA_CP009681/PROKKA_CP009681:sccmec_saures_CP009681_l62310_30 (length 73)
PROKKA_CP009681/PROKKA_CP009681:sccmec_saures_CP009681_l62310_31 (length 192)
PROKKA_CP009681/PROKKA_CP009681:sccmec_saures_CP009681_l62310_32 (length 729)
PROKKA_CP009681/PROKKA_CP009681:sccmec_saures_CP009681_l62310_33 (length 171)
PROKKA_CP009681/PROKKA_CP009681:sccmec_saures_CP009681_l62310_34 (length 453)
PROKKA_CP009681/PROKKA_CP009681:sccmec_saures_CP009681_l62310_35 (length 135)
PROKKA_CP009681/PROKKA_CP009681:sccmec_saures_CP009681_l62310_36 (length 343)
PROKKA_CP009681/PROKKA_CP009681:sccmec_saures_CP009681_l62310_37 (length 111)
PROKKA_CP009681/PROKKA_CP009681:sccmec_saures_CP009681_l62310_38 (length 547)
PROKKA_CP009681/PROKKA_CP009681:sccmec_saures_CP009681_l62310_39 (length 128)
PROKKA_CP009681/PROKKA_CP009681:sccmec_saures_CP009681_l62310_40 (length 180)
PROKKA_CP009681/PROKKA_CP009681:sccmec_saures_CP009681_l62310_41 (length 224)
PROKKA_CP009681/PROKKA_CP009681:sccmec_saures_CP009681_l62310_42 (length 55)
PROKKA_CP009681/PROKKA_CP009681:sccmec_saures_CP009681_l62310_43 (length 76)
PROKKA_CP009681/PROKKA_CP009681:sccmec_saures_CP009681_l62310_44 (length 247)
PROKKA_CP009681/PROKKA_CP009681:sccmec_saures_CP009681_l62310_45 (length 142)
PROKKA_CP009681/PROKKA_CP009681:sccmec_saures_CP009681_l62310_46 (length 668)
PROKKA_CP009681/PROKKA_CP009681:sccmec_saures_CP009681_l62310_47 (length 551)
PROKKA_CP009681/PROKKA_CP009681:sccmec_saures_CP009681_l62310_48 (length 67)
PROKKA_CP009681/PROKKA_CP009681:sccmec_saures_CP009681_l62310_49 (length 382)
PROKKA_CP009681/PROKKA_CP009681:sccmec_saures_CP009681_l62310_50 (length 101)
PROKKA_CP009681/PROKKA_CP009681:sccmec_saures_CP009681_l62310_51 (length 312)
PROKKA_CP009681/PROKKA_CP009681:sccmec_saures_CP009681_l62310_52 (length 354)
PROKKA_CP009681/PROKKA_CP009681:sccmec_saures_CP009681_l62310_53 (length 86)
PROKKA_CP009681/PROKKA_CP009681:sccmec_saures_CP009681_l62310_54 (length 209)
PROKKA_CP009681/PROKKA_CP009681:sccmec_saures_CP009681_l62310_55 (length 228)
PROKKA_CP009681/PROKKA_CP009681:sccmec_saures_CP009681_l62310_56 (length 804)
PROKKA_CP009681/PROKKA_CP009681:sccmec_saures_CP009681_l62310_57 (length 121)
PROKKA_CP009681/PROKKA_CP009681:sccmec_saures_CP009681_l62310_58 (length 125)
PROKKA_CP009681/PROKKA_CP009681:sccmec_saures_CP009681_l62310_59 (length 630)
PROKKA_CP009681/PROKKA_CP009681:sccmec_saures_CP009681_l62310_60 (length 107)
PROKKA_CP009681/PROKKA_CP009681:sccmec_saures_CP009681_l62310_61 (length 173)
PROKKA_CP009681/PROKKA_CP009681:sccmec_saures_CP009681_l62310_62 (length 131)
PROKKA_CP009681/PROKKA_CP009681:sccmec_saures_CP009681_l62310_63 (length 116)
PROKKA_CP009681/PROKKA_CP009681:sccmec_saures_CP009681_l62310_64 (length 542)
PROKKA_CP009681/PROKKA_CP009681:sccmec_saures_CP009681_l62310_65 (length 448)
PROKKA_CP009681/PROKKA_CP009681:sccmec_saures_CP009681_l62310_66 (length 112)
PROKKA_CP009681/PROKKA_CP009681:sccmec_saures_CP009681_l62310_67 (length 595)
PROKKA_CP009681/PROKKA_CP009681:sccmec_saures_CP009681_l62310_68 (length 95)
PROKKA_CP009681/PROKKA_CP009681:sccmec_saures_CP009681_l62310_69 (length 349)
PROKKA_CP009681/PROKKA_CP009681:sccmec_saures_CP009681_l62310_70 (length 190)

DiscRep_ALL:DISC_SOURCE_QUALS_ASNDISC::strain (all present, all unique)
DiscRep_SUB:DISC_SOURCE_QUALS_ASNDISC::1 sources have unique values for strain
DiscRep_ALL:DISC_SOURCE_QUALS_ASNDISC::taxname (all present, all unique)
DiscRep_SUB:DISC_SOURCE_QUALS_ASNDISC::1 sources have unique values for taxname
DiscRep_ALL:DISC_FEATURE_COUNT::gene: 70 present
DiscRep_ALL:DISC_FEATURE_COUNT::CDS: 70 present
DiscRep_ALL:DISC_FEATURE_COUNT::mRNA: 70 present
DiscRep_ALL:DISC_COUNT_NUCLEOTIDES::1 nucleotide Bioseqs are present
PROKKA_CP009681/PROKKA_CP009681:sccmec_saures_CP009681_l62310 (length 62310)

DiscRep_ALL:OVERLAPPING_GENES::11 genes overlap another gene on the same strand.
PROKKA_CP009681/PROKKA_CP009681:Gene	CP009681_SCCmec_00006	sccmec_saures_CP009681_l62310:3900-5000	CP009681_SCCmec_00006
PROKKA_CP009681/PROKKA_CP009681:Gene	CP009681_SCCmec_00007	sccmec_saures_CP009681_l62310:4993-5364	CP009681_SCCmec_00007
PROKKA_CP009681/PROKKA_CP009681:Gene	CP009681_SCCmec_00008	sccmec_saures_CP009681_l62310:5361-7004	CP009681_SCCmec_00008
PROKKA_CP009681/PROKKA_CP009681:Gene	xerC_3	sccmec_saures_CP009681_l62310:13160-13477	CP009681_SCCmec_00016
PROKKA_CP009681/PROKKA_CP009681:Gene	CP009681_SCCmec_00017	sccmec_saures_CP009681_l62310:13455-13697	CP009681_SCCmec_00017
PROKKA_CP009681/PROKKA_CP009681:Gene	mecR1	sccmec_saures_CP009681_l62310:38791-40446	CP009681_SCCmec_00047
PROKKA_CP009681/PROKKA_CP009681:Gene	mecI	sccmec_saures_CP009681_l62310:40446-40649	CP009681_SCCmec_00048
PROKKA_CP009681/PROKKA_CP009681:Gene	cadA	sccmec_saures_CP009681_l62310:c49402-46988	CP009681_SCCmec_00056
PROKKA_CP009681/PROKKA_CP009681:Gene	cadC	sccmec_saures_CP009681_l62310:c49760-49395	CP009681_SCCmec_00057
PROKKA_CP009681/PROKKA_CP009681:Gene	CP009681_SCCmec_00067	sccmec_saures_CP009681_l62310:c60089-58302	CP009681_SCCmec_00067
PROKKA_CP009681/PROKKA_CP009681:Gene	CP009681_SCCmec_00068	sccmec_saures_CP009681_l62310:c60376-60089	CP009681_SCCmec_00068

DiscRep_ALL:DISC_QUALITY_SCORES::Quality scores are missing on all sequences.

DiscRep_ALL:ONCALLER_COMMENT_PRESENT::1 comment descriptors were found (all same)
PROKKA_CP009681/PROKKA_CP009681:sccmec_saures_CP009681_l62310:Annotated using prokka 1.12 from https://github.com/tseemann/prokka

DiscRep_ALL:MISSING_GENOMEASSEMBLY_COMMENTS::1 bioseqs are missing GenomeAssembly structured comments
PROKKA_CP009681/PROKKA_CP009681:sccmec_saures_CP009681_l62310 (length 62310)

DiscRep_ALL:MOLTYPE_NOT_MRNA::1 molecule types are not set as mRNA.
PROKKA_CP009681/PROKKA_CP009681:sccmec_saures_CP009681_l62310 (length 62310)

DiscRep_ALL:TECHNIQUE_NOT_TSA::1 technique are not set as TSA
PROKKA_CP009681/PROKKA_CP009681:sccmec_saures_CP009681_l62310 (length 62310)

DiscRep_ALL:MISSING_STRUCTURED_COMMENT::1 sequences do not include structured comments.
PROKKA_CP009681/PROKKA_CP009681:sccmec_saures_CP009681_l62310 (length 62310)

DiscRep_ALL:MISSING_PROJECT::71 sequences do not include project.
PROKKA_CP009681/PROKKA_CP009681:sccmec_saures_CP009681_l62310 (length 62310)
PROKKA_CP009681/PROKKA_CP009681:sccmec_saures_CP009681_l62310_1 (length 159)
PROKKA_CP009681/PROKKA_CP009681:sccmec_saures_CP009681_l62310_2 (length 51)
PROKKA_CP009681/PROKKA_CP009681:sccmec_saures_CP009681_l62310_3 (length 101)
PROKKA_CP009681/PROKKA_CP009681:sccmec_saures_CP009681_l62310_4 (length 287)
PROKKA_CP009681/PROKKA_CP009681:sccmec_saures_CP009681_l62310_5 (length 499)
PROKKA_CP009681/PROKKA_CP009681:sccmec_saures_CP009681_l62310_6 (length 366)
PROKKA_CP009681/PROKKA_CP009681:sccmec_saures_CP009681_l62310_7 (length 123)
PROKKA_CP009681/PROKKA_CP009681:sccmec_saures_CP009681_l62310_8 (length 547)
PROKKA_CP009681/PROKKA_CP009681:sccmec_saures_CP009681_l62310_9 (length 559)
PROKKA_CP009681/PROKKA_CP009681:sccmec_saures_CP009681_l62310_10 (length 124)
PROKKA_CP009681/PROKKA_CP009681:sccmec_saures_CP009681_l62310_11 (length 108)
PROKKA_CP009681/PROKKA_CP009681:sccmec_saures_CP009681_l62310_12 (length 168)
PROKKA_CP009681/PROKKA_CP009681:sccmec_saures_CP009681_l62310_13 (length 105)
PROKKA_CP009681/PROKKA_CP009681:sccmec_saures_CP009681_l62310_14 (length 361)
PROKKA_CP009681/PROKKA_CP009681:sccmec_saures_CP009681_l62310_15 (length 312)
PROKKA_CP009681/PROKKA_CP009681:sccmec_saures_CP009681_l62310_16 (length 105)
PROKKA_CP009681/PROKKA_CP009681:sccmec_saures_CP009681_l62310_17 (length 80)
PROKKA_CP009681/PROKKA_CP009681:sccmec_saures_CP009681_l62310_18 (length 115)
PROKKA_CP009681/PROKKA_CP009681:sccmec_saures_CP009681_l62310_19 (length 99)
PROKKA_CP009681/PROKKA_CP009681:sccmec_saures_CP009681_l62310_20 (length 130)
PROKKA_CP009681/PROKKA_CP009681:sccmec_saures_CP009681_l62310_21 (length 243)
PROKKA_CP009681/PROKKA_CP009681:sccmec_saures_CP009681_l62310_22 (length 220)
PROKKA_CP009681/PROKKA_CP009681:sccmec_saures_CP009681_l62310_23 (length 290)
PROKKA_CP009681/PROKKA_CP009681:sccmec_saures_CP009681_l62310_24 (length 102)
PROKKA_CP009681/PROKKA_CP009681:sccmec_saures_CP009681_l62310_25 (length 162)
PROKKA_CP009681/PROKKA_CP009681:sccmec_saures_CP009681_l62310_26 (length 77)
PROKKA_CP009681/PROKKA_CP009681:sccmec_saures_CP009681_l62310_27 (length 267)
PROKKA_CP009681/PROKKA_CP009681:sccmec_saures_CP009681_l62310_28 (length 175)
PROKKA_CP009681/PROKKA_CP009681:sccmec_saures_CP009681_l62310_29 (length 138)
PROKKA_CP009681/PROKKA_CP009681:sccmec_saures_CP009681_l62310_30 (length 73)
PROKKA_CP009681/PROKKA_CP009681:sccmec_saures_CP009681_l62310_31 (length 192)
PROKKA_CP009681/PROKKA_CP009681:sccmec_saures_CP009681_l62310_32 (length 729)
PROKKA_CP009681/PROKKA_CP009681:sccmec_saures_CP009681_l62310_33 (length 171)
PROKKA_CP009681/PROKKA_CP009681:sccmec_saures_CP009681_l62310_34 (length 453)
PROKKA_CP009681/PROKKA_CP009681:sccmec_saures_CP009681_l62310_35 (length 135)
PROKKA_CP009681/PROKKA_CP009681:sccmec_saures_CP009681_l62310_36 (length 343)
PROKKA_CP009681/PROKKA_CP009681:sccmec_saures_CP009681_l62310_37 (length 111)
PROKKA_CP009681/PROKKA_CP009681:sccmec_saures_CP009681_l62310_38 (length 547)
PROKKA_CP009681/PROKKA_CP009681:sccmec_saures_CP009681_l62310_39 (length 128)
PROKKA_CP009681/PROKKA_CP009681:sccmec_saures_CP009681_l62310_40 (length 180)
PROKKA_CP009681/PROKKA_CP009681:sccmec_saures_CP009681_l62310_41 (length 224)
PROKKA_CP009681/PROKKA_CP009681:sccmec_saures_CP009681_l62310_42 (length 55)
PROKKA_CP009681/PROKKA_CP009681:sccmec_saures_CP009681_l62310_43 (length 76)
PROKKA_CP009681/PROKKA_CP009681:sccmec_saures_CP009681_l62310_44 (length 247)
PROKKA_CP009681/PROKKA_CP009681:sccmec_saures_CP009681_l62310_45 (length 142)
PROKKA_CP009681/PROKKA_CP009681:sccmec_saures_CP009681_l62310_46 (length 668)
PROKKA_CP009681/PROKKA_CP009681:sccmec_saures_CP009681_l62310_47 (length 551)
PROKKA_CP009681/PROKKA_CP009681:sccmec_saures_CP009681_l62310_48 (length 67)
PROKKA_CP009681/PROKKA_CP009681:sccmec_saures_CP009681_l62310_49 (length 382)
PROKKA_CP009681/PROKKA_CP009681:sccmec_saures_CP009681_l62310_50 (length 101)
PROKKA_CP009681/PROKKA_CP009681:sccmec_saures_CP009681_l62310_51 (length 312)
PROKKA_CP009681/PROKKA_CP009681:sccmec_saures_CP009681_l62310_52 (length 354)
PROKKA_CP009681/PROKKA_CP009681:sccmec_saures_CP009681_l62310_53 (length 86)
PROKKA_CP009681/PROKKA_CP009681:sccmec_saures_CP009681_l62310_54 (length 209)
PROKKA_CP009681/PROKKA_CP009681:sccmec_saures_CP009681_l62310_55 (length 228)
PROKKA_CP009681/PROKKA_CP009681:sccmec_saures_CP009681_l62310_56 (length 804)
PROKKA_CP009681/PROKKA_CP009681:sccmec_saures_CP009681_l62310_57 (length 121)
PROKKA_CP009681/PROKKA_CP009681:sccmec_saures_CP009681_l62310_58 (length 125)
PROKKA_CP009681/PROKKA_CP009681:sccmec_saures_CP009681_l62310_59 (length 630)
PROKKA_CP009681/PROKKA_CP009681:sccmec_saures_CP009681_l62310_60 (length 107)
PROKKA_CP009681/PROKKA_CP009681:sccmec_saures_CP009681_l62310_61 (length 173)
PROKKA_CP009681/PROKKA_CP009681:sccmec_saures_CP009681_l62310_62 (length 131)
PROKKA_CP009681/PROKKA_CP009681:sccmec_saures_CP009681_l62310_63 (length 116)
PROKKA_CP009681/PROKKA_CP009681:sccmec_saures_CP009681_l62310_64 (length 542)
PROKKA_CP009681/PROKKA_CP009681:sccmec_saures_CP009681_l62310_65 (length 448)
PROKKA_CP009681/PROKKA_CP009681:sccmec_saures_CP009681_l62310_66 (length 112)
PROKKA_CP009681/PROKKA_CP009681:sccmec_saures_CP009681_l62310_67 (length 595)
PROKKA_CP009681/PROKKA_CP009681:sccmec_saures_CP009681_l62310_68 (length 95)
PROKKA_CP009681/PROKKA_CP009681:sccmec_saures_CP009681_l62310_69 (length 349)
PROKKA_CP009681/PROKKA_CP009681:sccmec_saures_CP009681_l62310_70 (length 190)

DiscRep_ALL:DISC_INCONSISTENT_MOLINFO_TECH::Molinfo Technique Report (some missing, all same)
DiscRep_SUB:DISC_INCONSISTENT_MOLINFO_TECH::technique (all missing)
DiscRep_SUB:DISC_INCONSISTENT_MOLINFO_TECH::1 Molinfos are missing field technique
PROKKA_CP009681/PROKKA_CP009681:sccmec_saures_CP009681_l62310 (length 62310)

