Discrepancy Report Results

Summary
FATAL: BAD_LOCUS_TAG_FORMAT:25 locus tags are incorrectly formatted.
FATAL: MISSING_PROTEIN_ID:25 proteins have invalid IDs.
DISC_SOURCE_QUALS_ASNDISC:strain (all present, all unique)
DISC_SOURCE_QUALS_ASNDISC:taxname (all present, all unique)
DISC_FEATURE_COUNT:gene: 25 present
DISC_FEATURE_COUNT:CDS: 25 present
DISC_FEATURE_COUNT:mRNA: 25 present
DISC_COUNT_NUCLEOTIDES:1 nucleotide Bioseqs are present
OVERLAPPING_GENES:6 genes overlap another gene on the same strand.
DISC_QUALITY_SCORES:Quality scores are missing on all sequences.
ONCALLER_COMMENT_PRESENT:1 comment descriptors were found (all same)
SHORT_PROT_SEQUENCES:1 protein sequences are shorter than 50 aa.
MISSING_GENOMEASSEMBLY_COMMENTS:1 bioseqs are missing GenomeAssembly structured comments
MOLTYPE_NOT_MRNA:1 molecule types are not set as mRNA.
TECHNIQUE_NOT_TSA:1 technique are not set as TSA
MISSING_STRUCTURED_COMMENT:1 sequences do not include structured comments.
MISSING_PROJECT:26 sequences do not include project.
DISC_INCONSISTENT_MOLINFO_TECH:Molinfo Technique Report (some missing, all same)


Detailed Report

FATAL: DiscRep_ALL:BAD_LOCUS_TAG_FORMAT::25 locus tags are incorrectly formatted.
PROKKA_BA000033/PROKKA_BA000033:Gene	rlmH	sccmec_saures_BA000033_l24627:1-480	BA000033_SCCmec_00001
PROKKA_BA000033/PROKKA_BA000033:Gene	BA000033_SCCmec_00002	sccmec_saures_BA000033_l24627:763-2058	BA000033_SCCmec_00002
PROKKA_BA000033/PROKKA_BA000033:Gene	BA000033_SCCmec_00003	sccmec_saures_BA000033_l24627:2473-2712	BA000033_SCCmec_00003
PROKKA_BA000033/PROKKA_BA000033:Gene	BA000033_SCCmec_00004	sccmec_saures_BA000033_l24627:c3418-2744	BA000033_SCCmec_00004
PROKKA_BA000033/PROKKA_BA000033:Gene	BA000033_SCCmec_00005	sccmec_saures_BA000033_l24627:3676-3843	BA000033_SCCmec_00005
PROKKA_BA000033/PROKKA_BA000033:Gene	BA000033_SCCmec_00006	sccmec_saures_BA000033_l24627:3941-4171	BA000033_SCCmec_00006
PROKKA_BA000033/PROKKA_BA000033:Gene	ugpQ	sccmec_saures_BA000033_l24627:4600-5343	BA000033_SCCmec_00007
PROKKA_BA000033/PROKKA_BA000033:Gene	paaZ	sccmec_saures_BA000033_l24627:5440-5868	BA000033_SCCmec_00008
PROKKA_BA000033/PROKKA_BA000033:Gene	pbp	sccmec_saures_BA000033_l24627:c7920-5914	BA000033_SCCmec_00009
PROKKA_BA000033/PROKKA_BA000033:Gene	mecR1	sccmec_saures_BA000033_l24627:8122-9006	BA000033_SCCmec_00010
PROKKA_BA000033/PROKKA_BA000033:Gene	BA000033_SCCmec_00011	sccmec_saures_BA000033_l24627:8966-9238	BA000033_SCCmec_00011
PROKKA_BA000033/PROKKA_BA000033:Gene	BA000033_SCCmec_00012	sccmec_saures_BA000033_l24627:c10749-9229	BA000033_SCCmec_00012
PROKKA_BA000033/PROKKA_BA000033:Gene	BA000033_SCCmec_00013	sccmec_saures_BA000033_l24627:c11397-10888	BA000033_SCCmec_00013
PROKKA_BA000033/PROKKA_BA000033:Gene	BA000033_SCCmec_00014	sccmec_saures_BA000033_l24627:c11720-11409	BA000033_SCCmec_00014
PROKKA_BA000033/PROKKA_BA000033:Gene	BA000033_SCCmec_00015	sccmec_saures_BA000033_l24627:c12157-11807	BA000033_SCCmec_00015
PROKKA_BA000033/PROKKA_BA000033:Gene	hin_1	sccmec_saures_BA000033_l24627:c14307-12679	BA000033_SCCmec_00016
PROKKA_BA000033/PROKKA_BA000033:Gene	hin_2	sccmec_saures_BA000033_l24627:c15696-14329	BA000033_SCCmec_00017
PROKKA_BA000033/PROKKA_BA000033:Gene	BA000033_SCCmec_00018	sccmec_saures_BA000033_l24627:c17699-15912	BA000033_SCCmec_00018
PROKKA_BA000033/PROKKA_BA000033:Gene	BA000033_SCCmec_00019	sccmec_saures_BA000033_l24627:c17989-17699	BA000033_SCCmec_00019
PROKKA_BA000033/PROKKA_BA000033:Gene	BA000033_SCCmec_00020	sccmec_saures_BA000033_l24627:18086-19177	BA000033_SCCmec_00020
PROKKA_BA000033/PROKKA_BA000033:Gene	BA000033_SCCmec_00021	sccmec_saures_BA000033_l24627:19795-21285	BA000033_SCCmec_00021
PROKKA_BA000033/PROKKA_BA000033:Gene	gloC	sccmec_saures_BA000033_l24627:c22913-21909	BA000033_SCCmec_00022
PROKKA_BA000033/PROKKA_BA000033:Gene	BA000033_SCCmec_00023	sccmec_saures_BA000033_l24627:23032-23169	BA000033_SCCmec_00023
PROKKA_BA000033/PROKKA_BA000033:Gene	BA000033_SCCmec_00024	sccmec_saures_BA000033_l24627:23166-23537	BA000033_SCCmec_00024
PROKKA_BA000033/PROKKA_BA000033:Gene	BA000033_SCCmec_00025	sccmec_saures_BA000033_l24627:23666-24286	BA000033_SCCmec_00025

FATAL: DiscRep_ALL:MISSING_PROTEIN_ID::25 proteins have invalid IDs.
PROKKA_BA000033/PROKKA_BA000033:sccmec_saures_BA000033_l24627_1 (length 159)
PROKKA_BA000033/PROKKA_BA000033:sccmec_saures_BA000033_l24627_2 (length 431)
PROKKA_BA000033/PROKKA_BA000033:sccmec_saures_BA000033_l24627_3 (length 79)
PROKKA_BA000033/PROKKA_BA000033:sccmec_saures_BA000033_l24627_4 (length 224)
PROKKA_BA000033/PROKKA_BA000033:sccmec_saures_BA000033_l24627_5 (length 55)
PROKKA_BA000033/PROKKA_BA000033:sccmec_saures_BA000033_l24627_6 (length 76)
PROKKA_BA000033/PROKKA_BA000033:sccmec_saures_BA000033_l24627_7 (length 247)
PROKKA_BA000033/PROKKA_BA000033:sccmec_saures_BA000033_l24627_8 (length 142)
PROKKA_BA000033/PROKKA_BA000033:sccmec_saures_BA000033_l24627_9 (length 668)
PROKKA_BA000033/PROKKA_BA000033:sccmec_saures_BA000033_l24627_10 (length 294)
PROKKA_BA000033/PROKKA_BA000033:sccmec_saures_BA000033_l24627_11 (length 90)
PROKKA_BA000033/PROKKA_BA000033:sccmec_saures_BA000033_l24627_12 (length 506)
PROKKA_BA000033/PROKKA_BA000033:sccmec_saures_BA000033_l24627_13 (length 169)
PROKKA_BA000033/PROKKA_BA000033:sccmec_saures_BA000033_l24627_14 (length 103)
PROKKA_BA000033/PROKKA_BA000033:sccmec_saures_BA000033_l24627_15 (length 116)
PROKKA_BA000033/PROKKA_BA000033:sccmec_saures_BA000033_l24627_16 (length 542)
PROKKA_BA000033/PROKKA_BA000033:sccmec_saures_BA000033_l24627_17 (length 455)
PROKKA_BA000033/PROKKA_BA000033:sccmec_saures_BA000033_l24627_18 (length 595)
PROKKA_BA000033/PROKKA_BA000033:sccmec_saures_BA000033_l24627_19 (length 96)
PROKKA_BA000033/PROKKA_BA000033:sccmec_saures_BA000033_l24627_20 (length 363)
PROKKA_BA000033/PROKKA_BA000033:sccmec_saures_BA000033_l24627_21 (length 496)
PROKKA_BA000033/PROKKA_BA000033:sccmec_saures_BA000033_l24627_22 (length 334)
PROKKA_BA000033/PROKKA_BA000033:sccmec_saures_BA000033_l24627_23 (length 45)
PROKKA_BA000033/PROKKA_BA000033:sccmec_saures_BA000033_l24627_24 (length 123)
PROKKA_BA000033/PROKKA_BA000033:sccmec_saures_BA000033_l24627_25 (length 206)

DiscRep_ALL:DISC_SOURCE_QUALS_ASNDISC::strain (all present, all unique)
DiscRep_SUB:DISC_SOURCE_QUALS_ASNDISC::1 sources have unique values for strain
DiscRep_ALL:DISC_SOURCE_QUALS_ASNDISC::taxname (all present, all unique)
DiscRep_SUB:DISC_SOURCE_QUALS_ASNDISC::1 sources have unique values for taxname
DiscRep_ALL:DISC_FEATURE_COUNT::gene: 25 present
DiscRep_ALL:DISC_FEATURE_COUNT::CDS: 25 present
DiscRep_ALL:DISC_FEATURE_COUNT::mRNA: 25 present
DiscRep_ALL:DISC_COUNT_NUCLEOTIDES::1 nucleotide Bioseqs are present
PROKKA_BA000033/PROKKA_BA000033:sccmec_saures_BA000033_l24627 (length 24627)

DiscRep_ALL:OVERLAPPING_GENES::6 genes overlap another gene on the same strand.
PROKKA_BA000033/PROKKA_BA000033:Gene	mecR1	sccmec_saures_BA000033_l24627:8122-9006	BA000033_SCCmec_00010
PROKKA_BA000033/PROKKA_BA000033:Gene	BA000033_SCCmec_00011	sccmec_saures_BA000033_l24627:8966-9238	BA000033_SCCmec_00011
PROKKA_BA000033/PROKKA_BA000033:Gene	BA000033_SCCmec_00018	sccmec_saures_BA000033_l24627:c17699-15912	BA000033_SCCmec_00018
PROKKA_BA000033/PROKKA_BA000033:Gene	BA000033_SCCmec_00019	sccmec_saures_BA000033_l24627:c17989-17699	BA000033_SCCmec_00019
PROKKA_BA000033/PROKKA_BA000033:Gene	BA000033_SCCmec_00023	sccmec_saures_BA000033_l24627:23032-23169	BA000033_SCCmec_00023
PROKKA_BA000033/PROKKA_BA000033:Gene	BA000033_SCCmec_00024	sccmec_saures_BA000033_l24627:23166-23537	BA000033_SCCmec_00024

DiscRep_ALL:DISC_QUALITY_SCORES::Quality scores are missing on all sequences.

DiscRep_ALL:ONCALLER_COMMENT_PRESENT::1 comment descriptors were found (all same)
PROKKA_BA000033/PROKKA_BA000033:sccmec_saures_BA000033_l24627:Annotated using prokka 1.12 from https://github.com/tseemann/prokka

DiscRep_ALL:SHORT_PROT_SEQUENCES::1 protein sequences are shorter than 50 aa.
PROKKA_BA000033/PROKKA_BA000033:sccmec_saures_BA000033_l24627_23 (length 45)

DiscRep_ALL:MISSING_GENOMEASSEMBLY_COMMENTS::1 bioseqs are missing GenomeAssembly structured comments
PROKKA_BA000033/PROKKA_BA000033:sccmec_saures_BA000033_l24627 (length 24627)

DiscRep_ALL:MOLTYPE_NOT_MRNA::1 molecule types are not set as mRNA.
PROKKA_BA000033/PROKKA_BA000033:sccmec_saures_BA000033_l24627 (length 24627)

DiscRep_ALL:TECHNIQUE_NOT_TSA::1 technique are not set as TSA
PROKKA_BA000033/PROKKA_BA000033:sccmec_saures_BA000033_l24627 (length 24627)

DiscRep_ALL:MISSING_STRUCTURED_COMMENT::1 sequences do not include structured comments.
PROKKA_BA000033/PROKKA_BA000033:sccmec_saures_BA000033_l24627 (length 24627)

DiscRep_ALL:MISSING_PROJECT::26 sequences do not include project.
PROKKA_BA000033/PROKKA_BA000033:sccmec_saures_BA000033_l24627 (length 24627)
PROKKA_BA000033/PROKKA_BA000033:sccmec_saures_BA000033_l24627_1 (length 159)
PROKKA_BA000033/PROKKA_BA000033:sccmec_saures_BA000033_l24627_2 (length 431)
PROKKA_BA000033/PROKKA_BA000033:sccmec_saures_BA000033_l24627_3 (length 79)
PROKKA_BA000033/PROKKA_BA000033:sccmec_saures_BA000033_l24627_4 (length 224)
PROKKA_BA000033/PROKKA_BA000033:sccmec_saures_BA000033_l24627_5 (length 55)
PROKKA_BA000033/PROKKA_BA000033:sccmec_saures_BA000033_l24627_6 (length 76)
PROKKA_BA000033/PROKKA_BA000033:sccmec_saures_BA000033_l24627_7 (length 247)
PROKKA_BA000033/PROKKA_BA000033:sccmec_saures_BA000033_l24627_8 (length 142)
PROKKA_BA000033/PROKKA_BA000033:sccmec_saures_BA000033_l24627_9 (length 668)
PROKKA_BA000033/PROKKA_BA000033:sccmec_saures_BA000033_l24627_10 (length 294)
PROKKA_BA000033/PROKKA_BA000033:sccmec_saures_BA000033_l24627_11 (length 90)
PROKKA_BA000033/PROKKA_BA000033:sccmec_saures_BA000033_l24627_12 (length 506)
PROKKA_BA000033/PROKKA_BA000033:sccmec_saures_BA000033_l24627_13 (length 169)
PROKKA_BA000033/PROKKA_BA000033:sccmec_saures_BA000033_l24627_14 (length 103)
PROKKA_BA000033/PROKKA_BA000033:sccmec_saures_BA000033_l24627_15 (length 116)
PROKKA_BA000033/PROKKA_BA000033:sccmec_saures_BA000033_l24627_16 (length 542)
PROKKA_BA000033/PROKKA_BA000033:sccmec_saures_BA000033_l24627_17 (length 455)
PROKKA_BA000033/PROKKA_BA000033:sccmec_saures_BA000033_l24627_18 (length 595)
PROKKA_BA000033/PROKKA_BA000033:sccmec_saures_BA000033_l24627_19 (length 96)
PROKKA_BA000033/PROKKA_BA000033:sccmec_saures_BA000033_l24627_20 (length 363)
PROKKA_BA000033/PROKKA_BA000033:sccmec_saures_BA000033_l24627_21 (length 496)
PROKKA_BA000033/PROKKA_BA000033:sccmec_saures_BA000033_l24627_22 (length 334)
PROKKA_BA000033/PROKKA_BA000033:sccmec_saures_BA000033_l24627_23 (length 45)
PROKKA_BA000033/PROKKA_BA000033:sccmec_saures_BA000033_l24627_24 (length 123)
PROKKA_BA000033/PROKKA_BA000033:sccmec_saures_BA000033_l24627_25 (length 206)

DiscRep_ALL:DISC_INCONSISTENT_MOLINFO_TECH::Molinfo Technique Report (some missing, all same)
DiscRep_SUB:DISC_INCONSISTENT_MOLINFO_TECH::technique (all missing)
DiscRep_SUB:DISC_INCONSISTENT_MOLINFO_TECH::1 Molinfos are missing field technique
PROKKA_BA000033/PROKKA_BA000033:sccmec_saures_BA000033_l24627 (length 24627)

