Discrepancy Report Results

Summary
FATAL: BAD_LOCUS_TAG_FORMAT:44 locus tags are incorrectly formatted.
FATAL: MISSING_PROTEIN_ID:44 proteins have invalid IDs.
DISC_SOURCE_QUALS_ASNDISC:strain (all present, all unique)
DISC_SOURCE_QUALS_ASNDISC:taxname (all present, all unique)
DISC_FEATURE_COUNT:gene: 44 present
DISC_FEATURE_COUNT:CDS: 44 present
DISC_FEATURE_COUNT:mRNA: 44 present
DISC_COUNT_NUCLEOTIDES:1 nucleotide Bioseqs are present
OVERLAPPING_GENES:9 genes overlap another gene on the same strand.
DISC_QUALITY_SCORES:Quality scores are missing on all sequences.
ONCALLER_COMMENT_PRESENT:1 comment descriptors were found (all same)
MISSING_GENOMEASSEMBLY_COMMENTS:1 bioseqs are missing GenomeAssembly structured comments
MOLTYPE_NOT_MRNA:1 molecule types are not set as mRNA.
TECHNIQUE_NOT_TSA:1 technique are not set as TSA
MISSING_STRUCTURED_COMMENT:1 sequences do not include structured comments.
MISSING_PROJECT:45 sequences do not include project.
DISC_INCONSISTENT_MOLINFO_TECH:Molinfo Technique Report (some missing, all same)


Detailed Report

FATAL: DiscRep_ALL:BAD_LOCUS_TAG_FORMAT::44 locus tags are incorrectly formatted.
PROKKA_CP007447/PROKKA_CP007447:Gene	rlmH	sccmec_saures_CP007447_l40254:1-480	CP007447_SCCmec_00001
PROKKA_CP007447/PROKKA_CP007447:Gene	CP007447_SCCmec_00002	sccmec_saures_CP007447_l40254:522-677	CP007447_SCCmec_00002
PROKKA_CP007447/PROKKA_CP007447:Gene	CP007447_SCCmec_00003	sccmec_saures_CP007447_l40254:726-1031	CP007447_SCCmec_00003
PROKKA_CP007447/PROKKA_CP007447:Gene	CP007447_SCCmec_00004	sccmec_saures_CP007447_l40254:1229-2032	CP007447_SCCmec_00004
PROKKA_CP007447/PROKKA_CP007447:Gene	CP007447_SCCmec_00005	sccmec_saures_CP007447_l40254:2175-2897	CP007447_SCCmec_00005
PROKKA_CP007447/PROKKA_CP007447:Gene	CP007447_SCCmec_00006	sccmec_saures_CP007447_l40254:2965-3687	CP007447_SCCmec_00006
PROKKA_CP007447/PROKKA_CP007447:Gene	CP007447_SCCmec_00007	sccmec_saures_CP007447_l40254:3900-5000	CP007447_SCCmec_00007
PROKKA_CP007447/PROKKA_CP007447:Gene	CP007447_SCCmec_00008	sccmec_saures_CP007447_l40254:4993-5364	CP007447_SCCmec_00008
PROKKA_CP007447/PROKKA_CP007447:Gene	CP007447_SCCmec_00009	sccmec_saures_CP007447_l40254:5361-7004	CP007447_SCCmec_00009
PROKKA_CP007447/PROKKA_CP007447:Gene	hin_1	sccmec_saures_CP007447_l40254:7229-9223	CP007447_SCCmec_00010
PROKKA_CP007447/PROKKA_CP007447:Gene	CP007447_SCCmec_00011	sccmec_saures_CP007447_l40254:9228-9428	CP007447_SCCmec_00011
PROKKA_CP007447/PROKKA_CP007447:Gene	CP007447_SCCmec_00012	sccmec_saures_CP007447_l40254:9705-10079	CP007447_SCCmec_00012
PROKKA_CP007447/PROKKA_CP007447:Gene	CP007447_SCCmec_00013	sccmec_saures_CP007447_l40254:10158-10484	CP007447_SCCmec_00013
PROKKA_CP007447/PROKKA_CP007447:Gene	CP007447_SCCmec_00014	sccmec_saures_CP007447_l40254:10500-11006	CP007447_SCCmec_00014
PROKKA_CP007447/PROKKA_CP007447:Gene	CP007447_SCCmec_00015	sccmec_saures_CP007447_l40254:11027-11344	CP007447_SCCmec_00015
PROKKA_CP007447/PROKKA_CP007447:Gene	CP007447_SCCmec_00016	sccmec_saures_CP007447_l40254:c12211-11630	CP007447_SCCmec_00016
PROKKA_CP007447/PROKKA_CP007447:Gene	CP007447_SCCmec_00017	sccmec_saures_CP007447_l40254:12469-12624	CP007447_SCCmec_00017
PROKKA_CP007447/PROKKA_CP007447:Gene	ugpQ	sccmec_saures_CP007447_l40254:13274-14017	CP007447_SCCmec_00018
PROKKA_CP007447/PROKKA_CP007447:Gene	paaZ	sccmec_saures_CP007447_l40254:14114-14518	CP007447_SCCmec_00019
PROKKA_CP007447/PROKKA_CP007447:Gene	pbp	sccmec_saures_CP007447_l40254:c16593-14587	CP007447_SCCmec_00020
PROKKA_CP007447/PROKKA_CP007447:Gene	mecR1	sccmec_saures_CP007447_l40254:16795-18450	CP007447_SCCmec_00021
PROKKA_CP007447/PROKKA_CP007447:Gene	mecI	sccmec_saures_CP007447_l40254:18450-18653	CP007447_SCCmec_00022
PROKKA_CP007447/PROKKA_CP007447:Gene	nagC	sccmec_saures_CP007447_l40254:19292-20440	CP007447_SCCmec_00023
PROKKA_CP007447/PROKKA_CP007447:Gene	pspE	sccmec_saures_CP007447_l40254:c20859-20554	CP007447_SCCmec_00024
PROKKA_CP007447/PROKKA_CP007447:Gene	gloC	sccmec_saures_CP007447_l40254:c21888-20950	CP007447_SCCmec_00025
PROKKA_CP007447/PROKKA_CP007447:Gene	CP007447_SCCmec_00026	sccmec_saures_CP007447_l40254:c22605-21919	CP007447_SCCmec_00026
PROKKA_CP007447/PROKKA_CP007447:Gene	csoR	sccmec_saures_CP007447_l40254:23118-23378	CP007447_SCCmec_00027
PROKKA_CP007447/PROKKA_CP007447:Gene	CP007447_SCCmec_00028	sccmec_saures_CP007447_l40254:23393-24022	CP007447_SCCmec_00028
PROKKA_CP007447/PROKKA_CP007447:Gene	CP007447_SCCmec_00029	sccmec_saures_CP007447_l40254:c24976-24290	CP007447_SCCmec_00029
PROKKA_CP007447/PROKKA_CP007447:Gene	cadA	sccmec_saures_CP007447_l40254:c27402-24988	CP007447_SCCmec_00030
PROKKA_CP007447/PROKKA_CP007447:Gene	cadC	sccmec_saures_CP007447_l40254:c27676-27395	CP007447_SCCmec_00031
PROKKA_CP007447/PROKKA_CP007447:Gene	CP007447_SCCmec_00032	sccmec_saures_CP007447_l40254:c28324-27947	CP007447_SCCmec_00032
PROKKA_CP007447/PROKKA_CP007447:Gene	xerC	sccmec_saures_CP007447_l40254:c30223-28331	CP007447_SCCmec_00033
PROKKA_CP007447/PROKKA_CP007447:Gene	CP007447_SCCmec_00034	sccmec_saures_CP007447_l40254:c30741-30418	CP007447_SCCmec_00034
PROKKA_CP007447/PROKKA_CP007447:Gene	CP007447_SCCmec_00035	sccmec_saures_CP007447_l40254:c31462-30941	CP007447_SCCmec_00035
PROKKA_CP007447/PROKKA_CP007447:Gene	CP007447_SCCmec_00036	sccmec_saures_CP007447_l40254:c31876-31481	CP007447_SCCmec_00036
PROKKA_CP007447/PROKKA_CP007447:Gene	CP007447_SCCmec_00037	sccmec_saures_CP007447_l40254:c32227-31877	CP007447_SCCmec_00037
PROKKA_CP007447/PROKKA_CP007447:Gene	hin_2	sccmec_saures_CP007447_l40254:c34324-32654	CP007447_SCCmec_00038
PROKKA_CP007447/PROKKA_CP007447:Gene	tnpR	sccmec_saures_CP007447_l40254:c35691-34345	CP007447_SCCmec_00039
PROKKA_CP007447/PROKKA_CP007447:Gene	CP007447_SCCmec_00040	sccmec_saures_CP007447_l40254:c36222-35884	CP007447_SCCmec_00040
PROKKA_CP007447/PROKKA_CP007447:Gene	CP007447_SCCmec_00041	sccmec_saures_CP007447_l40254:c38036-36249	CP007447_SCCmec_00041
PROKKA_CP007447/PROKKA_CP007447:Gene	CP007447_SCCmec_00042	sccmec_saures_CP007447_l40254:c38323-38036	CP007447_SCCmec_00042
PROKKA_CP007447/PROKKA_CP007447:Gene	CP007447_SCCmec_00043	sccmec_saures_CP007447_l40254:38456-39487	CP007447_SCCmec_00043
PROKKA_CP007447/PROKKA_CP007447:Gene	CP007447_SCCmec_00044	sccmec_saures_CP007447_l40254:39871-40128	CP007447_SCCmec_00044

FATAL: DiscRep_ALL:MISSING_PROTEIN_ID::44 proteins have invalid IDs.
PROKKA_CP007447/PROKKA_CP007447:sccmec_saures_CP007447_l40254_1 (length 159)
PROKKA_CP007447/PROKKA_CP007447:sccmec_saures_CP007447_l40254_2 (length 51)
PROKKA_CP007447/PROKKA_CP007447:sccmec_saures_CP007447_l40254_3 (length 101)
PROKKA_CP007447/PROKKA_CP007447:sccmec_saures_CP007447_l40254_4 (length 267)
PROKKA_CP007447/PROKKA_CP007447:sccmec_saures_CP007447_l40254_5 (length 240)
PROKKA_CP007447/PROKKA_CP007447:sccmec_saures_CP007447_l40254_6 (length 240)
PROKKA_CP007447/PROKKA_CP007447:sccmec_saures_CP007447_l40254_7 (length 366)
PROKKA_CP007447/PROKKA_CP007447:sccmec_saures_CP007447_l40254_8 (length 123)
PROKKA_CP007447/PROKKA_CP007447:sccmec_saures_CP007447_l40254_9 (length 547)
PROKKA_CP007447/PROKKA_CP007447:sccmec_saures_CP007447_l40254_10 (length 664)
PROKKA_CP007447/PROKKA_CP007447:sccmec_saures_CP007447_l40254_11 (length 66)
PROKKA_CP007447/PROKKA_CP007447:sccmec_saures_CP007447_l40254_12 (length 124)
PROKKA_CP007447/PROKKA_CP007447:sccmec_saures_CP007447_l40254_13 (length 108)
PROKKA_CP007447/PROKKA_CP007447:sccmec_saures_CP007447_l40254_14 (length 168)
PROKKA_CP007447/PROKKA_CP007447:sccmec_saures_CP007447_l40254_15 (length 105)
PROKKA_CP007447/PROKKA_CP007447:sccmec_saures_CP007447_l40254_16 (length 193)
PROKKA_CP007447/PROKKA_CP007447:sccmec_saures_CP007447_l40254_17 (length 51)
PROKKA_CP007447/PROKKA_CP007447:sccmec_saures_CP007447_l40254_18 (length 247)
PROKKA_CP007447/PROKKA_CP007447:sccmec_saures_CP007447_l40254_19 (length 134)
PROKKA_CP007447/PROKKA_CP007447:sccmec_saures_CP007447_l40254_20 (length 668)
PROKKA_CP007447/PROKKA_CP007447:sccmec_saures_CP007447_l40254_21 (length 551)
PROKKA_CP007447/PROKKA_CP007447:sccmec_saures_CP007447_l40254_22 (length 67)
PROKKA_CP007447/PROKKA_CP007447:sccmec_saures_CP007447_l40254_23 (length 382)
PROKKA_CP007447/PROKKA_CP007447:sccmec_saures_CP007447_l40254_24 (length 101)
PROKKA_CP007447/PROKKA_CP007447:sccmec_saures_CP007447_l40254_25 (length 312)
PROKKA_CP007447/PROKKA_CP007447:sccmec_saures_CP007447_l40254_26 (length 228)
PROKKA_CP007447/PROKKA_CP007447:sccmec_saures_CP007447_l40254_27 (length 86)
PROKKA_CP007447/PROKKA_CP007447:sccmec_saures_CP007447_l40254_28 (length 209)
PROKKA_CP007447/PROKKA_CP007447:sccmec_saures_CP007447_l40254_29 (length 228)
PROKKA_CP007447/PROKKA_CP007447:sccmec_saures_CP007447_l40254_30 (length 804)
PROKKA_CP007447/PROKKA_CP007447:sccmec_saures_CP007447_l40254_31 (length 93)
PROKKA_CP007447/PROKKA_CP007447:sccmec_saures_CP007447_l40254_32 (length 125)
PROKKA_CP007447/PROKKA_CP007447:sccmec_saures_CP007447_l40254_33 (length 630)
PROKKA_CP007447/PROKKA_CP007447:sccmec_saures_CP007447_l40254_34 (length 107)
PROKKA_CP007447/PROKKA_CP007447:sccmec_saures_CP007447_l40254_35 (length 173)
PROKKA_CP007447/PROKKA_CP007447:sccmec_saures_CP007447_l40254_36 (length 131)
PROKKA_CP007447/PROKKA_CP007447:sccmec_saures_CP007447_l40254_37 (length 116)
PROKKA_CP007447/PROKKA_CP007447:sccmec_saures_CP007447_l40254_38 (length 556)
PROKKA_CP007447/PROKKA_CP007447:sccmec_saures_CP007447_l40254_39 (length 448)
PROKKA_CP007447/PROKKA_CP007447:sccmec_saures_CP007447_l40254_40 (length 112)
PROKKA_CP007447/PROKKA_CP007447:sccmec_saures_CP007447_l40254_41 (length 595)
PROKKA_CP007447/PROKKA_CP007447:sccmec_saures_CP007447_l40254_42 (length 95)
PROKKA_CP007447/PROKKA_CP007447:sccmec_saures_CP007447_l40254_43 (length 343)
PROKKA_CP007447/PROKKA_CP007447:sccmec_saures_CP007447_l40254_44 (length 85)

DiscRep_ALL:DISC_SOURCE_QUALS_ASNDISC::strain (all present, all unique)
DiscRep_SUB:DISC_SOURCE_QUALS_ASNDISC::1 sources have unique values for strain
DiscRep_ALL:DISC_SOURCE_QUALS_ASNDISC::taxname (all present, all unique)
DiscRep_SUB:DISC_SOURCE_QUALS_ASNDISC::1 sources have unique values for taxname
DiscRep_ALL:DISC_FEATURE_COUNT::gene: 44 present
DiscRep_ALL:DISC_FEATURE_COUNT::CDS: 44 present
DiscRep_ALL:DISC_FEATURE_COUNT::mRNA: 44 present
DiscRep_ALL:DISC_COUNT_NUCLEOTIDES::1 nucleotide Bioseqs are present
PROKKA_CP007447/PROKKA_CP007447:sccmec_saures_CP007447_l40254 (length 40254, 5 other)

DiscRep_ALL:OVERLAPPING_GENES::9 genes overlap another gene on the same strand.
PROKKA_CP007447/PROKKA_CP007447:Gene	CP007447_SCCmec_00007	sccmec_saures_CP007447_l40254:3900-5000	CP007447_SCCmec_00007
PROKKA_CP007447/PROKKA_CP007447:Gene	CP007447_SCCmec_00008	sccmec_saures_CP007447_l40254:4993-5364	CP007447_SCCmec_00008
PROKKA_CP007447/PROKKA_CP007447:Gene	CP007447_SCCmec_00009	sccmec_saures_CP007447_l40254:5361-7004	CP007447_SCCmec_00009
PROKKA_CP007447/PROKKA_CP007447:Gene	mecR1	sccmec_saures_CP007447_l40254:16795-18450	CP007447_SCCmec_00021
PROKKA_CP007447/PROKKA_CP007447:Gene	mecI	sccmec_saures_CP007447_l40254:18450-18653	CP007447_SCCmec_00022
PROKKA_CP007447/PROKKA_CP007447:Gene	cadA	sccmec_saures_CP007447_l40254:c27402-24988	CP007447_SCCmec_00030
PROKKA_CP007447/PROKKA_CP007447:Gene	cadC	sccmec_saures_CP007447_l40254:c27676-27395	CP007447_SCCmec_00031
PROKKA_CP007447/PROKKA_CP007447:Gene	CP007447_SCCmec_00041	sccmec_saures_CP007447_l40254:c38036-36249	CP007447_SCCmec_00041
PROKKA_CP007447/PROKKA_CP007447:Gene	CP007447_SCCmec_00042	sccmec_saures_CP007447_l40254:c38323-38036	CP007447_SCCmec_00042

DiscRep_ALL:DISC_QUALITY_SCORES::Quality scores are missing on all sequences.

DiscRep_ALL:ONCALLER_COMMENT_PRESENT::1 comment descriptors were found (all same)
PROKKA_CP007447/PROKKA_CP007447:sccmec_saures_CP007447_l40254:Annotated using prokka 1.12 from https://github.com/tseemann/prokka

DiscRep_ALL:MISSING_GENOMEASSEMBLY_COMMENTS::1 bioseqs are missing GenomeAssembly structured comments
PROKKA_CP007447/PROKKA_CP007447:sccmec_saures_CP007447_l40254 (length 40254, 5 other)

DiscRep_ALL:MOLTYPE_NOT_MRNA::1 molecule types are not set as mRNA.
PROKKA_CP007447/PROKKA_CP007447:sccmec_saures_CP007447_l40254 (length 40254, 5 other)

DiscRep_ALL:TECHNIQUE_NOT_TSA::1 technique are not set as TSA
PROKKA_CP007447/PROKKA_CP007447:sccmec_saures_CP007447_l40254 (length 40254, 5 other)

DiscRep_ALL:MISSING_STRUCTURED_COMMENT::1 sequences do not include structured comments.
PROKKA_CP007447/PROKKA_CP007447:sccmec_saures_CP007447_l40254 (length 40254, 5 other)

DiscRep_ALL:MISSING_PROJECT::45 sequences do not include project.
PROKKA_CP007447/PROKKA_CP007447:sccmec_saures_CP007447_l40254 (length 40254, 5 other)
PROKKA_CP007447/PROKKA_CP007447:sccmec_saures_CP007447_l40254_1 (length 159)
PROKKA_CP007447/PROKKA_CP007447:sccmec_saures_CP007447_l40254_2 (length 51)
PROKKA_CP007447/PROKKA_CP007447:sccmec_saures_CP007447_l40254_3 (length 101)
PROKKA_CP007447/PROKKA_CP007447:sccmec_saures_CP007447_l40254_4 (length 267)
PROKKA_CP007447/PROKKA_CP007447:sccmec_saures_CP007447_l40254_5 (length 240)
PROKKA_CP007447/PROKKA_CP007447:sccmec_saures_CP007447_l40254_6 (length 240)
PROKKA_CP007447/PROKKA_CP007447:sccmec_saures_CP007447_l40254_7 (length 366)
PROKKA_CP007447/PROKKA_CP007447:sccmec_saures_CP007447_l40254_8 (length 123)
PROKKA_CP007447/PROKKA_CP007447:sccmec_saures_CP007447_l40254_9 (length 547)
PROKKA_CP007447/PROKKA_CP007447:sccmec_saures_CP007447_l40254_10 (length 664)
PROKKA_CP007447/PROKKA_CP007447:sccmec_saures_CP007447_l40254_11 (length 66)
PROKKA_CP007447/PROKKA_CP007447:sccmec_saures_CP007447_l40254_12 (length 124)
PROKKA_CP007447/PROKKA_CP007447:sccmec_saures_CP007447_l40254_13 (length 108)
PROKKA_CP007447/PROKKA_CP007447:sccmec_saures_CP007447_l40254_14 (length 168)
PROKKA_CP007447/PROKKA_CP007447:sccmec_saures_CP007447_l40254_15 (length 105)
PROKKA_CP007447/PROKKA_CP007447:sccmec_saures_CP007447_l40254_16 (length 193)
PROKKA_CP007447/PROKKA_CP007447:sccmec_saures_CP007447_l40254_17 (length 51)
PROKKA_CP007447/PROKKA_CP007447:sccmec_saures_CP007447_l40254_18 (length 247)
PROKKA_CP007447/PROKKA_CP007447:sccmec_saures_CP007447_l40254_19 (length 134)
PROKKA_CP007447/PROKKA_CP007447:sccmec_saures_CP007447_l40254_20 (length 668)
PROKKA_CP007447/PROKKA_CP007447:sccmec_saures_CP007447_l40254_21 (length 551)
PROKKA_CP007447/PROKKA_CP007447:sccmec_saures_CP007447_l40254_22 (length 67)
PROKKA_CP007447/PROKKA_CP007447:sccmec_saures_CP007447_l40254_23 (length 382)
PROKKA_CP007447/PROKKA_CP007447:sccmec_saures_CP007447_l40254_24 (length 101)
PROKKA_CP007447/PROKKA_CP007447:sccmec_saures_CP007447_l40254_25 (length 312)
PROKKA_CP007447/PROKKA_CP007447:sccmec_saures_CP007447_l40254_26 (length 228)
PROKKA_CP007447/PROKKA_CP007447:sccmec_saures_CP007447_l40254_27 (length 86)
PROKKA_CP007447/PROKKA_CP007447:sccmec_saures_CP007447_l40254_28 (length 209)
PROKKA_CP007447/PROKKA_CP007447:sccmec_saures_CP007447_l40254_29 (length 228)
PROKKA_CP007447/PROKKA_CP007447:sccmec_saures_CP007447_l40254_30 (length 804)
PROKKA_CP007447/PROKKA_CP007447:sccmec_saures_CP007447_l40254_31 (length 93)
PROKKA_CP007447/PROKKA_CP007447:sccmec_saures_CP007447_l40254_32 (length 125)
PROKKA_CP007447/PROKKA_CP007447:sccmec_saures_CP007447_l40254_33 (length 630)
PROKKA_CP007447/PROKKA_CP007447:sccmec_saures_CP007447_l40254_34 (length 107)
PROKKA_CP007447/PROKKA_CP007447:sccmec_saures_CP007447_l40254_35 (length 173)
PROKKA_CP007447/PROKKA_CP007447:sccmec_saures_CP007447_l40254_36 (length 131)
PROKKA_CP007447/PROKKA_CP007447:sccmec_saures_CP007447_l40254_37 (length 116)
PROKKA_CP007447/PROKKA_CP007447:sccmec_saures_CP007447_l40254_38 (length 556)
PROKKA_CP007447/PROKKA_CP007447:sccmec_saures_CP007447_l40254_39 (length 448)
PROKKA_CP007447/PROKKA_CP007447:sccmec_saures_CP007447_l40254_40 (length 112)
PROKKA_CP007447/PROKKA_CP007447:sccmec_saures_CP007447_l40254_41 (length 595)
PROKKA_CP007447/PROKKA_CP007447:sccmec_saures_CP007447_l40254_42 (length 95)
PROKKA_CP007447/PROKKA_CP007447:sccmec_saures_CP007447_l40254_43 (length 343)
PROKKA_CP007447/PROKKA_CP007447:sccmec_saures_CP007447_l40254_44 (length 85)

DiscRep_ALL:DISC_INCONSISTENT_MOLINFO_TECH::Molinfo Technique Report (some missing, all same)
DiscRep_SUB:DISC_INCONSISTENT_MOLINFO_TECH::technique (all missing)
DiscRep_SUB:DISC_INCONSISTENT_MOLINFO_TECH::1 Molinfos are missing field technique
PROKKA_CP007447/PROKKA_CP007447:sccmec_saures_CP007447_l40254 (length 40254, 5 other)

