Discrepancy Report Results

Summary
FATAL: BAD_LOCUS_TAG_FORMAT:29 locus tags are incorrectly formatted.
DISC_SOURCE_QUALS_ASNDISC:strain (all present, all unique)
DISC_SOURCE_QUALS_ASNDISC:taxname (all present, all unique)
DISC_FEATURE_COUNT:gene: 29 present
DISC_FEATURE_COUNT:CDS: 29 present
DISC_FEATURE_COUNT:repeat_region: 1 present
DISC_COUNT_NUCLEOTIDES:1 nucleotide Bioseqs are present
OVERLAPPING_GENES:6 genes overlap another gene on the same strand.
DISC_QUALITY_SCORES:Quality scores are missing on all sequences.
ONCALLER_COMMENT_PRESENT:1 comment descriptors were found (all same)
SHORT_PROT_SEQUENCES:1 protein sequences are shorter than 50 aa.
MISSING_GENOMEASSEMBLY_COMMENTS:1 bioseqs are missing GenomeAssembly structured comments
MOLTYPE_NOT_MRNA:1 molecule types are not set as mRNA.
TECHNIQUE_NOT_TSA:1 technique are not set as TSA
MISSING_STRUCTURED_COMMENT:1 sequences do not include structured comments.
MISSING_PROJECT:30 sequences do not include project.
DISC_INCONSISTENT_MOLINFO_TECH:Molinfo Technique Report (some missing, all same)


Detailed Report

FATAL: DiscRep_ALL:BAD_LOCUS_TAG_FORMAT::29 locus tags are incorrectly formatted.
SCCmec_CP000046_Type-I/SCCmec_CP000046_Type-I:Gene	rlmH	SCCmec_CP000046_Type-I_1:1-480	SCCmec_CP000046_Type-I_00001
SCCmec_CP000046_Type-I/SCCmec_CP000046_Type-I:Gene	SCCmec_CP000046_Type-I_00002	SCCmec_CP000046_Type-I_1:700-1956	SCCmec_CP000046_Type-I_00002
SCCmec_CP000046_Type-I/SCCmec_CP000046_Type-I:Gene	SCCmec_CP000046_Type-I_00003	SCCmec_CP000046_Type-I_1:2141-2242	SCCmec_CP000046_Type-I_00003
SCCmec_CP000046_Type-I/SCCmec_CP000046_Type-I:Gene	SCCmec_CP000046_Type-I_00004	SCCmec_CP000046_Type-I_1:2371-2610	SCCmec_CP000046_Type-I_00004
SCCmec_CP000046_Type-I/SCCmec_CP000046_Type-I:Gene	SCCmec_CP000046_Type-I_00005	SCCmec_CP000046_Type-I_1:c3316-2642	SCCmec_CP000046_Type-I_00005
SCCmec_CP000046_Type-I/SCCmec_CP000046_Type-I:Gene	SCCmec_CP000046_Type-I_00006	SCCmec_CP000046_Type-I_1:3574-3741	SCCmec_CP000046_Type-I_00006
SCCmec_CP000046_Type-I/SCCmec_CP000046_Type-I:Gene	SCCmec_CP000046_Type-I_00007	SCCmec_CP000046_Type-I_1:3839-4069	SCCmec_CP000046_Type-I_00007
SCCmec_CP000046_Type-I/SCCmec_CP000046_Type-I:Gene	ugpQ	SCCmec_CP000046_Type-I_1:4618-5361	SCCmec_CP000046_Type-I_00008
SCCmec_CP000046_Type-I/SCCmec_CP000046_Type-I:Gene	paaZ	SCCmec_CP000046_Type-I_1:5458-5886	SCCmec_CP000046_Type-I_00009
SCCmec_CP000046_Type-I/SCCmec_CP000046_Type-I:Gene	pbp	SCCmec_CP000046_Type-I_1:c7938-5932	SCCmec_CP000046_Type-I_00010
SCCmec_CP000046_Type-I/SCCmec_CP000046_Type-I:Gene	mecR1	SCCmec_CP000046_Type-I_1:8038-9024	SCCmec_CP000046_Type-I_00011
SCCmec_CP000046_Type-I/SCCmec_CP000046_Type-I:Gene	SCCmec_CP000046_Type-I_00012	SCCmec_CP000046_Type-I_1:8984-9256	SCCmec_CP000046_Type-I_00012
SCCmec_CP000046_Type-I/SCCmec_CP000046_Type-I:Gene	SCCmec_CP000046_Type-I_00013	SCCmec_CP000046_Type-I_1:c10770-9247	SCCmec_CP000046_Type-I_00013
SCCmec_CP000046_Type-I/SCCmec_CP000046_Type-I:Gene	SCCmec_CP000046_Type-I_00014	SCCmec_CP000046_Type-I_1:c11412-10906	SCCmec_CP000046_Type-I_00014
SCCmec_CP000046_Type-I/SCCmec_CP000046_Type-I:Gene	SCCmec_CP000046_Type-I_00015	SCCmec_CP000046_Type-I_1:c11738-11427	SCCmec_CP000046_Type-I_00015
SCCmec_CP000046_Type-I/SCCmec_CP000046_Type-I:Gene	SCCmec_CP000046_Type-I_00016	SCCmec_CP000046_Type-I_1:c12175-11825	SCCmec_CP000046_Type-I_00016
SCCmec_CP000046_Type-I/SCCmec_CP000046_Type-I:Gene	hin	SCCmec_CP000046_Type-I_1:c14265-13114	SCCmec_CP000046_Type-I_00017
SCCmec_CP000046_Type-I/SCCmec_CP000046_Type-I:Gene	tnpR	SCCmec_CP000046_Type-I_1:c15636-14287	SCCmec_CP000046_Type-I_00018
SCCmec_CP000046_Type-I/SCCmec_CP000046_Type-I:Gene	SCCmec_CP000046_Type-I_00019	SCCmec_CP000046_Type-I_1:c17593-15824	SCCmec_CP000046_Type-I_00019
SCCmec_CP000046_Type-I/SCCmec_CP000046_Type-I:Gene	SCCmec_CP000046_Type-I_00020	SCCmec_CP000046_Type-I_1:c17889-17593	SCCmec_CP000046_Type-I_00020
SCCmec_CP000046_Type-I/SCCmec_CP000046_Type-I:Gene	SCCmec_CP000046_Type-I_00021	SCCmec_CP000046_Type-I_1:18060-19637	SCCmec_CP000046_Type-I_00021
SCCmec_CP000046_Type-I/SCCmec_CP000046_Type-I:Gene	gloC	SCCmec_CP000046_Type-I_1:c21045-19717	SCCmec_CP000046_Type-I_00022
SCCmec_CP000046_Type-I/SCCmec_CP000046_Type-I:Gene	glpE	SCCmec_CP000046_Type-I_1:c22131-21064	SCCmec_CP000046_Type-I_00023
SCCmec_CP000046_Type-I/SCCmec_CP000046_Type-I:Gene	ricR	SCCmec_CP000046_Type-I_1:22270-22530	SCCmec_CP000046_Type-I_00024
SCCmec_CP000046_Type-I/SCCmec_CP000046_Type-I:Gene	SCCmec_CP000046_Type-I_00025	SCCmec_CP000046_Type-I_1:22527-23285	SCCmec_CP000046_Type-I_00025
SCCmec_CP000046_Type-I/SCCmec_CP000046_Type-I:Gene	SCCmec_CP000046_Type-I_00026	SCCmec_CP000046_Type-I_1:28232-29887	SCCmec_CP000046_Type-I_00026
SCCmec_CP000046_Type-I/SCCmec_CP000046_Type-I:Gene	tagE	SCCmec_CP000046_Type-I_1:c31558-30047	SCCmec_CP000046_Type-I_00027
SCCmec_CP000046_Type-I/SCCmec_CP000046_Type-I:Gene	murF_1	SCCmec_CP000046_Type-I_1:c32555-31581	SCCmec_CP000046_Type-I_00028
SCCmec_CP000046_Type-I/SCCmec_CP000046_Type-I:Gene	murF_2	SCCmec_CP000046_Type-I_1:c33633-32581	SCCmec_CP000046_Type-I_00029

DiscRep_ALL:DISC_SOURCE_QUALS_ASNDISC::strain (all present, all unique)
DiscRep_SUB:DISC_SOURCE_QUALS_ASNDISC::1 sources have unique values for strain
DiscRep_ALL:DISC_SOURCE_QUALS_ASNDISC::taxname (all present, all unique)
DiscRep_SUB:DISC_SOURCE_QUALS_ASNDISC::1 sources have unique values for taxname
DiscRep_ALL:DISC_FEATURE_COUNT::gene: 29 present
DiscRep_ALL:DISC_FEATURE_COUNT::CDS: 29 present
DiscRep_ALL:DISC_FEATURE_COUNT::repeat_region: 1 present
DiscRep_ALL:DISC_COUNT_NUCLEOTIDES::1 nucleotide Bioseqs are present
SCCmec_CP000046_Type-I/SCCmec_CP000046_Type-I:10:SCCmec_CP000046_Type-I_1 (length 34411)

DiscRep_ALL:OVERLAPPING_GENES::6 genes overlap another gene on the same strand.
SCCmec_CP000046_Type-I/SCCmec_CP000046_Type-I:Gene	mecR1	SCCmec_CP000046_Type-I_1:8038-9024	SCCmec_CP000046_Type-I_00011
SCCmec_CP000046_Type-I/SCCmec_CP000046_Type-I:Gene	SCCmec_CP000046_Type-I_00012	SCCmec_CP000046_Type-I_1:8984-9256	SCCmec_CP000046_Type-I_00012
SCCmec_CP000046_Type-I/SCCmec_CP000046_Type-I:Gene	SCCmec_CP000046_Type-I_00019	SCCmec_CP000046_Type-I_1:c17593-15824	SCCmec_CP000046_Type-I_00019
SCCmec_CP000046_Type-I/SCCmec_CP000046_Type-I:Gene	SCCmec_CP000046_Type-I_00020	SCCmec_CP000046_Type-I_1:c17889-17593	SCCmec_CP000046_Type-I_00020
SCCmec_CP000046_Type-I/SCCmec_CP000046_Type-I:Gene	ricR	SCCmec_CP000046_Type-I_1:22270-22530	SCCmec_CP000046_Type-I_00024
SCCmec_CP000046_Type-I/SCCmec_CP000046_Type-I:Gene	SCCmec_CP000046_Type-I_00025	SCCmec_CP000046_Type-I_1:22527-23285	SCCmec_CP000046_Type-I_00025

DiscRep_ALL:DISC_QUALITY_SCORES::Quality scores are missing on all sequences.

DiscRep_ALL:ONCALLER_COMMENT_PRESENT::1 comment descriptors were found (all same)
SCCmec_CP000046_Type-I/SCCmec_CP000046_Type-I:10:SCCmec_CP000046_Type-I_1:Annotated using prokka 1.12 from https://github.com/tseemann/prokka

DiscRep_ALL:SHORT_PROT_SEQUENCES::1 protein sequences are shorter than 50 aa.
SCCmec_CP000046_Type-I/SCCmec_CP000046_Type-I:10:SCCmec_CP000046_Type-I_00003 (length 33)

DiscRep_ALL:MISSING_GENOMEASSEMBLY_COMMENTS::1 bioseqs are missing GenomeAssembly structured comments
SCCmec_CP000046_Type-I/SCCmec_CP000046_Type-I:10:SCCmec_CP000046_Type-I_1 (length 34411)

DiscRep_ALL:MOLTYPE_NOT_MRNA::1 molecule types are not set as mRNA.
SCCmec_CP000046_Type-I/SCCmec_CP000046_Type-I:10:SCCmec_CP000046_Type-I_1 (length 34411)

DiscRep_ALL:TECHNIQUE_NOT_TSA::1 technique are not set as TSA
SCCmec_CP000046_Type-I/SCCmec_CP000046_Type-I:10:SCCmec_CP000046_Type-I_1 (length 34411)

DiscRep_ALL:MISSING_STRUCTURED_COMMENT::1 sequences do not include structured comments.
SCCmec_CP000046_Type-I/SCCmec_CP000046_Type-I:10:SCCmec_CP000046_Type-I_1 (length 34411)

DiscRep_ALL:MISSING_PROJECT::30 sequences do not include project.
SCCmec_CP000046_Type-I/SCCmec_CP000046_Type-I:10:SCCmec_CP000046_Type-I_1 (length 34411)
SCCmec_CP000046_Type-I/SCCmec_CP000046_Type-I:10:SCCmec_CP000046_Type-I_00001 (length 159)
SCCmec_CP000046_Type-I/SCCmec_CP000046_Type-I:10:SCCmec_CP000046_Type-I_00002 (length 418)
SCCmec_CP000046_Type-I/SCCmec_CP000046_Type-I:10:SCCmec_CP000046_Type-I_00003 (length 33)
SCCmec_CP000046_Type-I/SCCmec_CP000046_Type-I:10:SCCmec_CP000046_Type-I_00004 (length 79)
SCCmec_CP000046_Type-I/SCCmec_CP000046_Type-I:10:SCCmec_CP000046_Type-I_00005 (length 224)
SCCmec_CP000046_Type-I/SCCmec_CP000046_Type-I:10:SCCmec_CP000046_Type-I_00006 (length 55)
SCCmec_CP000046_Type-I/SCCmec_CP000046_Type-I:10:SCCmec_CP000046_Type-I_00007 (length 76)
SCCmec_CP000046_Type-I/SCCmec_CP000046_Type-I:10:SCCmec_CP000046_Type-I_00008 (length 247)
SCCmec_CP000046_Type-I/SCCmec_CP000046_Type-I:10:SCCmec_CP000046_Type-I_00009 (length 142)
SCCmec_CP000046_Type-I/SCCmec_CP000046_Type-I:10:SCCmec_CP000046_Type-I_00010 (length 668)
SCCmec_CP000046_Type-I/SCCmec_CP000046_Type-I:10:SCCmec_CP000046_Type-I_00011 (length 328)
SCCmec_CP000046_Type-I/SCCmec_CP000046_Type-I:10:SCCmec_CP000046_Type-I_00012 (length 90)
SCCmec_CP000046_Type-I/SCCmec_CP000046_Type-I:10:SCCmec_CP000046_Type-I_00013 (length 507)
SCCmec_CP000046_Type-I/SCCmec_CP000046_Type-I:10:SCCmec_CP000046_Type-I_00014 (length 168)
SCCmec_CP000046_Type-I/SCCmec_CP000046_Type-I:10:SCCmec_CP000046_Type-I_00015 (length 103)
SCCmec_CP000046_Type-I/SCCmec_CP000046_Type-I:10:SCCmec_CP000046_Type-I_00016 (length 116)
SCCmec_CP000046_Type-I/SCCmec_CP000046_Type-I:10:SCCmec_CP000046_Type-I_00017 (length 383)
SCCmec_CP000046_Type-I/SCCmec_CP000046_Type-I:10:SCCmec_CP000046_Type-I_00018 (length 449)
SCCmec_CP000046_Type-I/SCCmec_CP000046_Type-I:10:SCCmec_CP000046_Type-I_00019 (length 589)
SCCmec_CP000046_Type-I/SCCmec_CP000046_Type-I:10:SCCmec_CP000046_Type-I_00020 (length 98)
SCCmec_CP000046_Type-I/SCCmec_CP000046_Type-I:10:SCCmec_CP000046_Type-I_00021 (length 525)
SCCmec_CP000046_Type-I/SCCmec_CP000046_Type-I:10:SCCmec_CP000046_Type-I_00022 (length 442)
SCCmec_CP000046_Type-I/SCCmec_CP000046_Type-I:10:SCCmec_CP000046_Type-I_00023 (length 355)
SCCmec_CP000046_Type-I/SCCmec_CP000046_Type-I:10:SCCmec_CP000046_Type-I_00024 (length 86)
SCCmec_CP000046_Type-I/SCCmec_CP000046_Type-I:10:SCCmec_CP000046_Type-I_00025 (length 252)
SCCmec_CP000046_Type-I/SCCmec_CP000046_Type-I:10:SCCmec_CP000046_Type-I_00026 (length 551)
SCCmec_CP000046_Type-I/SCCmec_CP000046_Type-I:10:SCCmec_CP000046_Type-I_00027 (length 503)
SCCmec_CP000046_Type-I/SCCmec_CP000046_Type-I:10:SCCmec_CP000046_Type-I_00028 (length 324)
SCCmec_CP000046_Type-I/SCCmec_CP000046_Type-I:10:SCCmec_CP000046_Type-I_00029 (length 350)

DiscRep_ALL:DISC_INCONSISTENT_MOLINFO_TECH::Molinfo Technique Report (some missing, all same)
DiscRep_SUB:DISC_INCONSISTENT_MOLINFO_TECH::technique (all missing)
DiscRep_SUB:DISC_INCONSISTENT_MOLINFO_TECH::1 Molinfos are missing field technique
SCCmec_CP000046_Type-I/SCCmec_CP000046_Type-I:10:SCCmec_CP000046_Type-I_1 (length 34411)

