[17:13:24] This is prokka 1.12
[17:13:24] Written by Torsten Seemann <torsten.seemann@gmail.com>
[17:13:24] Homepage is https://github.com/tseemann/prokka
[17:13:24] Local time is Mon May 15 17:13:24 2017
[17:13:24] You are fsepulveda
[17:13:24] Operating system is linux
[17:13:24] You have BioPerl 1.006924
[17:13:24] System has 4 cores.
[17:13:24] Option --cpu asked for 8 cores, but system only has 4
[17:13:24] Will use maximum of 4 cores.
[17:13:24] Annotating as >>> Bacteria <<<
[17:13:24] Creating new output folder: PROKKA_NZ_CP006630
[17:13:24] Running: mkdir -p PROKKA_NZ_CP006630
[17:13:24] Using filename prefix: PROKKA_NZ_CP006630.XXX
[17:13:24] Setting HMMER_NCPU=1
[17:13:24] Writing log to: PROKKA_NZ_CP006630/PROKKA_NZ_CP006630.log
[17:13:24] Command: /home/fsepulveda/Desktop/tesis/sccmec_classification/prokka-1.12/bin/prokka --genus Staphylococcus --prefix PROKKA_NZ_CP006630 --addgenes --addmrna --locustag NZ_CP006630_SCCmec /home/fsepulveda/Documents/parte2/229_sccmec/sccmec_NZ_CP006630.fasta
[17:13:24] Appending to PATH: /home/fsepulveda/Desktop/tesis/sccmec_classification/prokka-1.12/bin/../binaries/linux
[17:13:24] Appending to PATH: /home/fsepulveda/Desktop/tesis/sccmec_classification/prokka-1.12/bin/../binaries/linux/../common
[17:13:24] Appending to PATH: /home/fsepulveda/Desktop/tesis/sccmec_classification/prokka-1.12/bin
[17:13:24] Looking for 'aragorn' - found /home/fsepulveda/Desktop/tesis/sccmec_classification/prokka-1.12/bin/../binaries/linux/aragorn
[17:13:24] Determined aragorn version is 1.2
[17:13:24] Looking for 'blastp' - found /usr/bin/blastp
[17:13:24] Determined blastp version is 2.2
[17:13:24] Looking for 'cmpress' - found /usr/bin/cmpress
[17:13:24] Determined cmpress version is 1.1
[17:13:24] Looking for 'cmscan' - found /usr/bin/cmscan
[17:13:24] Determined cmscan version is 1.1
[17:13:24] Looking for 'egrep' - found /bin/egrep
[17:13:24] Looking for 'find' - found /usr/bin/find
[17:13:24] Looking for 'grep' - found /bin/grep
[17:13:24] Looking for 'hmmpress' - found /usr/bin/hmmpress
[17:13:24] Determined hmmpress version is 3.1
[17:13:24] Looking for 'hmmscan' - found /usr/bin/hmmscan
[17:13:24] Determined hmmscan version is 3.1
[17:13:24] Looking for 'java' - found /usr/bin/java
[17:13:24] Looking for 'less' - found /usr/bin/less
[17:13:24] Looking for 'makeblastdb' - found /usr/bin/makeblastdb
[17:13:24] Determined makeblastdb version is 2.2
[17:13:24] Looking for 'minced' - found /home/fsepulveda/Desktop/tesis/sccmec_classification/prokka-1.12/bin/../binaries/linux/../common/minced
[17:13:24] Determined minced version is 2.0
[17:13:24] Looking for 'parallel' - found /home/fsepulveda/Desktop/tesis/sccmec_classification/prokka-1.12/bin/../binaries/linux/../common/parallel
[17:13:24] Determined parallel version is 20150122
[17:13:24] Looking for 'prodigal' - found /home/fsepulveda/Desktop/tesis/sccmec_classification/prokka-1.12/bin/../binaries/linux/prodigal
[17:13:24] Determined prodigal version is 2.6
[17:13:24] Looking for 'prokka-genbank_to_fasta_db' - found /home/fsepulveda/Desktop/tesis/sccmec_classification/prokka-1.12/bin/prokka-genbank_to_fasta_db
[17:13:24] Looking for 'sed' - found /bin/sed
[17:13:24] Looking for 'tbl2asn' - found /home/fsepulveda/Desktop/tesis/sccmec_classification/prokka-1.12/bin/../binaries/linux/tbl2asn
[17:13:24] Determined tbl2asn version is 25.3
[17:13:24] Using genetic code table 11.
[17:13:24] Loading and checking input file: /home/fsepulveda/Documents/parte2/229_sccmec/sccmec_NZ_CP006630.fasta
[17:13:24] Wrote 1 contigs totalling 32472 bp.
[17:13:24] Predicting tRNAs and tmRNAs
[17:13:24] Running: aragorn -l -gc11  -w PROKKA_NZ_CP006630\/PROKKA_NZ_CP006630\.fna
[17:13:24] Found 0 tRNAs
[17:13:24] Predicting Ribosomal RNAs
[17:13:24] You need either Barrnap or RNAmmer installed to predict rRNAs!
[17:13:24] Skipping ncRNA search, enable with --rfam if desired.
[17:13:24] Total of 0 tRNA + rRNA features
[17:13:24] Searching for CRISPR repeats
[17:13:25] Found 0 CRISPRs
[17:13:25] Predicting coding sequences
[17:13:25] Contigs total 32472 bp, so using meta mode
[17:13:25] Running: prodigal -i PROKKA_NZ_CP006630\/PROKKA_NZ_CP006630\.fna -c -m -g 11 -p meta -f sco -q
[17:13:25] Found 35 CDS
[17:13:25] Connecting features back to sequences
[17:13:25] Not using genus-specific database. Try --usegenus to enable it.
[17:13:25] Annotating CDS, please be patient.
[17:13:25] Will use 4 CPUs for similarity searching.
[17:13:25] There are still 35 unannotated CDS left (started with 35)
[17:13:25] Will use blast to search against /home/fsepulveda/Desktop/tesis/sccmec_classification/prokka-1.12/bin/../db/kingdom/Bacteria/sprot with 4 CPUs
[17:13:25] Running: cat PROKKA_NZ_CP006630\/sprot\.faa | parallel --gnu --plain -j 4 --block 1145 --recstart '>' --pipe blastp -query - -db /home/fsepulveda/Desktop/tesis/sccmec_classification/prokka-1.12/bin/../db/kingdom/Bacteria/sprot -evalue 1e-06 -num_threads 1 -num_descriptions 1 -num_alignments 1 -seg no > PROKKA_NZ_CP006630\/sprot\.blast 2> /dev/null
[17:13:26] Deleting unwanted file: PROKKA_NZ_CP006630/sprot.faa
[17:13:26] Deleting unwanted file: PROKKA_NZ_CP006630/sprot.blast
[17:13:26] There are still 26 unannotated CDS left (started with 35)
[17:13:26] Will use hmmer3 to search against /home/fsepulveda/Desktop/tesis/sccmec_classification/prokka-1.12/bin/../db/hmm/HAMAP.hmm with 4 CPUs
[17:13:26] Running: cat PROKKA_NZ_CP006630\/HAMAP\.hmm\.faa | parallel --gnu --plain -j 4 --block 714 --recstart '>' --pipe hmmscan --noali --notextw --acc -E 1e-06 --cpu 1 /home/fsepulveda/Desktop/tesis/sccmec_classification/prokka-1.12/bin/../db/hmm/HAMAP.hmm /dev/stdin > PROKKA_NZ_CP006630\/HAMAP\.hmm\.hmmer3 2> /dev/null
[17:13:27] Deleting unwanted file: PROKKA_NZ_CP006630/HAMAP.hmm.faa
[17:13:27] Deleting unwanted file: PROKKA_NZ_CP006630/HAMAP.hmm.hmmer3
[17:13:27] Labelling remaining 26 proteins as 'hypothetical protein'
[17:13:27] Possible /pseudo 'DNA-invertase hin' at sccmec_saures_NZ_CP006630_l32472 position 22174
[17:13:27] Found 7 unique /gene codes.
[17:13:27] Fixed 3 duplicate /gene - hin_1 hin_2 hin_3
[17:13:27] Fixed 1 colliding /gene names.
[17:13:27] Adding /locus_tag identifiers
[17:13:27] Assigned 35 locus_tags to CDS and RNA features.
[17:13:27] Writing outputs to PROKKA_NZ_CP006630/
[17:13:27] Generating annotation statistics file
[17:13:27] Generating Genbank and Sequin files
[17:13:27] Running: tbl2asn -V b -a r10k -l paired-ends -M n -N 1 -y 'Annotated using prokka 1.12 from https://github.com/tseemann/prokka' -Z PROKKA_NZ_CP006630\/PROKKA_NZ_CP006630\.err -i PROKKA_NZ_CP006630\/PROKKA_NZ_CP006630\.fsa 2> /dev/null
[17:13:27] Deleting unwanted file: PROKKA_NZ_CP006630/errorsummary.val
[17:13:27] Deleting unwanted file: PROKKA_NZ_CP006630/PROKKA_NZ_CP006630.dr
[17:13:27] Deleting unwanted file: PROKKA_NZ_CP006630/PROKKA_NZ_CP006630.fixedproducts
[17:13:27] Deleting unwanted file: PROKKA_NZ_CP006630/PROKKA_NZ_CP006630.ecn
[17:13:27] Deleting unwanted file: PROKKA_NZ_CP006630/PROKKA_NZ_CP006630.val
[17:13:27] Repairing broken .GBK output that tbl2asn produces...
[17:13:27] Running: sed 's/COORDINATES: profile/COORDINATES:profile/' < PROKKA_NZ_CP006630\/PROKKA_NZ_CP006630\.gbf > PROKKA_NZ_CP006630\/PROKKA_NZ_CP006630\.gbk
[17:13:27] Deleting unwanted file: PROKKA_NZ_CP006630/PROKKA_NZ_CP006630.gbf
[17:13:27] Output files:
[17:13:27] PROKKA_NZ_CP006630/PROKKA_NZ_CP006630.sqn
[17:13:27] PROKKA_NZ_CP006630/PROKKA_NZ_CP006630.fsa
[17:13:27] PROKKA_NZ_CP006630/PROKKA_NZ_CP006630.tsv
[17:13:27] PROKKA_NZ_CP006630/PROKKA_NZ_CP006630.fna
[17:13:27] PROKKA_NZ_CP006630/PROKKA_NZ_CP006630.gbk
[17:13:27] PROKKA_NZ_CP006630/PROKKA_NZ_CP006630.tbl
[17:13:27] PROKKA_NZ_CP006630/PROKKA_NZ_CP006630.ffn
[17:13:27] PROKKA_NZ_CP006630/PROKKA_NZ_CP006630.txt
[17:13:27] PROKKA_NZ_CP006630/PROKKA_NZ_CP006630.log
[17:13:27] PROKKA_NZ_CP006630/PROKKA_NZ_CP006630.gff
[17:13:27] PROKKA_NZ_CP006630/PROKKA_NZ_CP006630.faa
[17:13:27] PROKKA_NZ_CP006630/PROKKA_NZ_CP006630.err
[17:13:27] Annotation finished successfully.
[17:13:27] Walltime used: 0.05 minutes
[17:13:27] If you use this result please cite the Prokka paper:
[17:13:27] Seemann T (2014) Prokka: rapid prokaryotic genome annotation. Bioinformatics. 30(14):2068-9.
[17:13:27] Type 'prokka --citation' for more details.
[17:13:27] Share and enjoy!
