[17:13:31] This is prokka 1.12
[17:13:31] Written by Torsten Seemann <torsten.seemann@gmail.com>
[17:13:31] Homepage is https://github.com/tseemann/prokka
[17:13:31] Local time is Mon May 15 17:13:31 2017
[17:13:31] You are fsepulveda
[17:13:31] Operating system is linux
[17:13:31] You have BioPerl 1.006924
[17:13:31] System has 4 cores.
[17:13:31] Option --cpu asked for 8 cores, but system only has 4
[17:13:31] Will use maximum of 4 cores.
[17:13:31] Annotating as >>> Bacteria <<<
[17:13:31] Creating new output folder: PROKKA_NZ_CP007499
[17:13:31] Running: mkdir -p PROKKA_NZ_CP007499
[17:13:31] Using filename prefix: PROKKA_NZ_CP007499.XXX
[17:13:31] Setting HMMER_NCPU=1
[17:13:31] Writing log to: PROKKA_NZ_CP007499/PROKKA_NZ_CP007499.log
[17:13:31] Command: /home/fsepulveda/Desktop/tesis/sccmec_classification/prokka-1.12/bin/prokka --genus Staphylococcus --prefix PROKKA_NZ_CP007499 --addgenes --addmrna --locustag NZ_CP007499_SCCmec /home/fsepulveda/Documents/parte2/229_sccmec/sccmec_NZ_CP007499.fasta
[17:13:31] Appending to PATH: /home/fsepulveda/Desktop/tesis/sccmec_classification/prokka-1.12/bin/../binaries/linux
[17:13:31] Appending to PATH: /home/fsepulveda/Desktop/tesis/sccmec_classification/prokka-1.12/bin/../binaries/linux/../common
[17:13:31] Appending to PATH: /home/fsepulveda/Desktop/tesis/sccmec_classification/prokka-1.12/bin
[17:13:31] Looking for 'aragorn' - found /home/fsepulveda/Desktop/tesis/sccmec_classification/prokka-1.12/bin/../binaries/linux/aragorn
[17:13:31] Determined aragorn version is 1.2
[17:13:31] Looking for 'blastp' - found /usr/bin/blastp
[17:13:31] Determined blastp version is 2.2
[17:13:31] Looking for 'cmpress' - found /usr/bin/cmpress
[17:13:31] Determined cmpress version is 1.1
[17:13:31] Looking for 'cmscan' - found /usr/bin/cmscan
[17:13:31] Determined cmscan version is 1.1
[17:13:31] Looking for 'egrep' - found /bin/egrep
[17:13:31] Looking for 'find' - found /usr/bin/find
[17:13:31] Looking for 'grep' - found /bin/grep
[17:13:31] Looking for 'hmmpress' - found /usr/bin/hmmpress
[17:13:31] Determined hmmpress version is 3.1
[17:13:31] Looking for 'hmmscan' - found /usr/bin/hmmscan
[17:13:31] Determined hmmscan version is 3.1
[17:13:31] Looking for 'java' - found /usr/bin/java
[17:13:31] Looking for 'less' - found /usr/bin/less
[17:13:31] Looking for 'makeblastdb' - found /usr/bin/makeblastdb
[17:13:31] Determined makeblastdb version is 2.2
[17:13:31] Looking for 'minced' - found /home/fsepulveda/Desktop/tesis/sccmec_classification/prokka-1.12/bin/../binaries/linux/../common/minced
[17:13:31] Determined minced version is 2.0
[17:13:31] Looking for 'parallel' - found /home/fsepulveda/Desktop/tesis/sccmec_classification/prokka-1.12/bin/../binaries/linux/../common/parallel
[17:13:31] Determined parallel version is 20150122
[17:13:31] Looking for 'prodigal' - found /home/fsepulveda/Desktop/tesis/sccmec_classification/prokka-1.12/bin/../binaries/linux/prodigal
[17:13:31] Determined prodigal version is 2.6
[17:13:31] Looking for 'prokka-genbank_to_fasta_db' - found /home/fsepulveda/Desktop/tesis/sccmec_classification/prokka-1.12/bin/prokka-genbank_to_fasta_db
[17:13:31] Looking for 'sed' - found /bin/sed
[17:13:31] Looking for 'tbl2asn' - found /home/fsepulveda/Desktop/tesis/sccmec_classification/prokka-1.12/bin/../binaries/linux/tbl2asn
[17:13:31] Determined tbl2asn version is 25.3
[17:13:31] Using genetic code table 11.
[17:13:31] Loading and checking input file: /home/fsepulveda/Documents/parte2/229_sccmec/sccmec_NZ_CP007499.fasta
[17:13:31] Wrote 1 contigs totalling 26357 bp.
[17:13:31] Predicting tRNAs and tmRNAs
[17:13:31] Running: aragorn -l -gc11  -w PROKKA_NZ_CP007499\/PROKKA_NZ_CP007499\.fna
[17:13:31] Found 0 tRNAs
[17:13:31] Predicting Ribosomal RNAs
[17:13:31] You need either Barrnap or RNAmmer installed to predict rRNAs!
[17:13:31] Skipping ncRNA search, enable with --rfam if desired.
[17:13:31] Total of 0 tRNA + rRNA features
[17:13:31] Searching for CRISPR repeats
[17:13:31] Found 0 CRISPRs
[17:13:31] Predicting coding sequences
[17:13:31] Contigs total 26357 bp, so using meta mode
[17:13:31] Running: prodigal -i PROKKA_NZ_CP007499\/PROKKA_NZ_CP007499\.fna -c -m -g 11 -p meta -f sco -q
[17:13:31] Found 26 CDS
[17:13:31] Connecting features back to sequences
[17:13:31] Not using genus-specific database. Try --usegenus to enable it.
[17:13:31] Annotating CDS, please be patient.
[17:13:31] Will use 4 CPUs for similarity searching.
[17:13:31] There are still 26 unannotated CDS left (started with 26)
[17:13:31] Will use blast to search against /home/fsepulveda/Desktop/tesis/sccmec_classification/prokka-1.12/bin/../db/kingdom/Bacteria/sprot with 4 CPUs
[17:13:31] Running: cat PROKKA_NZ_CP007499\/sprot\.faa | parallel --gnu --plain -j 4 --block 947 --recstart '>' --pipe blastp -query - -db /home/fsepulveda/Desktop/tesis/sccmec_classification/prokka-1.12/bin/../db/kingdom/Bacteria/sprot -evalue 1e-06 -num_threads 1 -num_descriptions 1 -num_alignments 1 -seg no > PROKKA_NZ_CP007499\/sprot\.blast 2> /dev/null
[17:13:33] Deleting unwanted file: PROKKA_NZ_CP007499/sprot.faa
[17:13:33] Deleting unwanted file: PROKKA_NZ_CP007499/sprot.blast
[17:13:33] There are still 18 unannotated CDS left (started with 26)
[17:13:33] Will use hmmer3 to search against /home/fsepulveda/Desktop/tesis/sccmec_classification/prokka-1.12/bin/../db/hmm/HAMAP.hmm with 4 CPUs
[17:13:33] Running: cat PROKKA_NZ_CP007499\/HAMAP\.hmm\.faa | parallel --gnu --plain -j 4 --block 566 --recstart '>' --pipe hmmscan --noali --notextw --acc -E 1e-06 --cpu 1 /home/fsepulveda/Desktop/tesis/sccmec_classification/prokka-1.12/bin/../db/hmm/HAMAP.hmm /dev/stdin > PROKKA_NZ_CP007499\/HAMAP\.hmm\.hmmer3 2> /dev/null
[17:13:33] Deleting unwanted file: PROKKA_NZ_CP007499/HAMAP.hmm.faa
[17:13:33] Deleting unwanted file: PROKKA_NZ_CP007499/HAMAP.hmm.hmmer3
[17:13:33] Labelling remaining 18 proteins as 'hypothetical protein'
[17:13:33] Possible /pseudo 'DNA-invertase hin' at sccmec_saures_NZ_CP007499_l26357 position 15781
[17:13:33] Found 7 unique /gene codes.
[17:13:33] Fixed 2 duplicate /gene - hin_1 hin_2
[17:13:33] Fixed 1 colliding /gene names.
[17:13:33] Adding /locus_tag identifiers
[17:13:33] Assigned 26 locus_tags to CDS and RNA features.
[17:13:33] Writing outputs to PROKKA_NZ_CP007499/
[17:13:33] Generating annotation statistics file
[17:13:33] Generating Genbank and Sequin files
[17:13:33] Running: tbl2asn -V b -a r10k -l paired-ends -M n -N 1 -y 'Annotated using prokka 1.12 from https://github.com/tseemann/prokka' -Z PROKKA_NZ_CP007499\/PROKKA_NZ_CP007499\.err -i PROKKA_NZ_CP007499\/PROKKA_NZ_CP007499\.fsa 2> /dev/null
[17:13:33] Deleting unwanted file: PROKKA_NZ_CP007499/errorsummary.val
[17:13:33] Deleting unwanted file: PROKKA_NZ_CP007499/PROKKA_NZ_CP007499.dr
[17:13:33] Deleting unwanted file: PROKKA_NZ_CP007499/PROKKA_NZ_CP007499.fixedproducts
[17:13:33] Deleting unwanted file: PROKKA_NZ_CP007499/PROKKA_NZ_CP007499.ecn
[17:13:33] Deleting unwanted file: PROKKA_NZ_CP007499/PROKKA_NZ_CP007499.val
[17:13:33] Repairing broken .GBK output that tbl2asn produces...
[17:13:33] Running: sed 's/COORDINATES: profile/COORDINATES:profile/' < PROKKA_NZ_CP007499\/PROKKA_NZ_CP007499\.gbf > PROKKA_NZ_CP007499\/PROKKA_NZ_CP007499\.gbk
[17:13:33] Deleting unwanted file: PROKKA_NZ_CP007499/PROKKA_NZ_CP007499.gbf
[17:13:33] Output files:
[17:13:33] PROKKA_NZ_CP007499/PROKKA_NZ_CP007499.err
[17:13:33] PROKKA_NZ_CP007499/PROKKA_NZ_CP007499.tbl
[17:13:33] PROKKA_NZ_CP007499/PROKKA_NZ_CP007499.gbk
[17:13:33] PROKKA_NZ_CP007499/PROKKA_NZ_CP007499.txt
[17:13:33] PROKKA_NZ_CP007499/PROKKA_NZ_CP007499.ffn
[17:13:33] PROKKA_NZ_CP007499/PROKKA_NZ_CP007499.sqn
[17:13:33] PROKKA_NZ_CP007499/PROKKA_NZ_CP007499.gff
[17:13:33] PROKKA_NZ_CP007499/PROKKA_NZ_CP007499.tsv
[17:13:33] PROKKA_NZ_CP007499/PROKKA_NZ_CP007499.fsa
[17:13:33] PROKKA_NZ_CP007499/PROKKA_NZ_CP007499.faa
[17:13:33] PROKKA_NZ_CP007499/PROKKA_NZ_CP007499.log
[17:13:33] PROKKA_NZ_CP007499/PROKKA_NZ_CP007499.fna
[17:13:33] Annotation finished successfully.
[17:13:33] Walltime used: 0.03 minutes
[17:13:33] If you use this result please cite the Prokka paper:
[17:13:33] Seemann T (2014) Prokka: rapid prokaryotic genome annotation. Bioinformatics. 30(14):2068-9.
[17:13:33] Type 'prokka --citation' for more details.
[17:13:33] Thank you, come again.
