[17:05:05] This is prokka 1.12
[17:05:05] Written by Torsten Seemann <torsten.seemann@gmail.com>
[17:05:05] Homepage is https://github.com/tseemann/prokka
[17:05:05] Local time is Mon May 15 17:05:05 2017
[17:05:05] You are fsepulveda
[17:05:05] Operating system is linux
[17:05:05] You have BioPerl 1.006924
[17:05:05] System has 4 cores.
[17:05:05] Option --cpu asked for 8 cores, but system only has 4
[17:05:05] Will use maximum of 4 cores.
[17:05:05] Annotating as >>> Bacteria <<<
[17:05:05] Creating new output folder: PROKKA_CP000736
[17:05:05] Running: mkdir -p PROKKA_CP000736
[17:05:05] Using filename prefix: PROKKA_CP000736.XXX
[17:05:05] Setting HMMER_NCPU=1
[17:05:05] Writing log to: PROKKA_CP000736/PROKKA_CP000736.log
[17:05:05] Command: /home/fsepulveda/Desktop/tesis/sccmec_classification/prokka-1.12/bin/prokka --genus Staphylococcus --prefix PROKKA_CP000736 --addgenes --addmrna --locustag CP000736_SCCmec /home/fsepulveda/Documents/parte2/229_sccmec/sccmec_CP000736.fasta
[17:05:05] Appending to PATH: /home/fsepulveda/Desktop/tesis/sccmec_classification/prokka-1.12/bin/../binaries/linux
[17:05:05] Appending to PATH: /home/fsepulveda/Desktop/tesis/sccmec_classification/prokka-1.12/bin/../binaries/linux/../common
[17:05:05] Appending to PATH: /home/fsepulveda/Desktop/tesis/sccmec_classification/prokka-1.12/bin
[17:05:05] Looking for 'aragorn' - found /home/fsepulveda/Desktop/tesis/sccmec_classification/prokka-1.12/bin/../binaries/linux/aragorn
[17:05:05] Determined aragorn version is 1.2
[17:05:05] Looking for 'blastp' - found /usr/bin/blastp
[17:05:05] Determined blastp version is 2.2
[17:05:05] Looking for 'cmpress' - found /usr/bin/cmpress
[17:05:05] Determined cmpress version is 1.1
[17:05:05] Looking for 'cmscan' - found /usr/bin/cmscan
[17:05:05] Determined cmscan version is 1.1
[17:05:05] Looking for 'egrep' - found /bin/egrep
[17:05:05] Looking for 'find' - found /usr/bin/find
[17:05:05] Looking for 'grep' - found /bin/grep
[17:05:05] Looking for 'hmmpress' - found /usr/bin/hmmpress
[17:05:05] Determined hmmpress version is 3.1
[17:05:05] Looking for 'hmmscan' - found /usr/bin/hmmscan
[17:05:05] Determined hmmscan version is 3.1
[17:05:05] Looking for 'java' - found /usr/bin/java
[17:05:05] Looking for 'less' - found /usr/bin/less
[17:05:05] Looking for 'makeblastdb' - found /usr/bin/makeblastdb
[17:05:05] Determined makeblastdb version is 2.2
[17:05:05] Looking for 'minced' - found /home/fsepulveda/Desktop/tesis/sccmec_classification/prokka-1.12/bin/../binaries/linux/../common/minced
[17:05:05] Determined minced version is 2.0
[17:05:05] Looking for 'parallel' - found /home/fsepulveda/Desktop/tesis/sccmec_classification/prokka-1.12/bin/../binaries/linux/../common/parallel
[17:05:05] Determined parallel version is 20150122
[17:05:05] Looking for 'prodigal' - found /home/fsepulveda/Desktop/tesis/sccmec_classification/prokka-1.12/bin/../binaries/linux/prodigal
[17:05:05] Determined prodigal version is 2.6
[17:05:05] Looking for 'prokka-genbank_to_fasta_db' - found /home/fsepulveda/Desktop/tesis/sccmec_classification/prokka-1.12/bin/prokka-genbank_to_fasta_db
[17:05:05] Looking for 'sed' - found /bin/sed
[17:05:05] Looking for 'tbl2asn' - found /home/fsepulveda/Desktop/tesis/sccmec_classification/prokka-1.12/bin/../binaries/linux/tbl2asn
[17:05:05] Determined tbl2asn version is 25.3
[17:05:05] Using genetic code table 11.
[17:05:05] Loading and checking input file: /home/fsepulveda/Documents/parte2/229_sccmec/sccmec_CP000736.fasta
[17:05:05] Wrote 1 contigs totalling 47084 bp.
[17:05:05] Predicting tRNAs and tmRNAs
[17:05:05] Running: aragorn -l -gc11  -w PROKKA_CP000736\/PROKKA_CP000736\.fna
[17:05:05] Found 0 tRNAs
[17:05:05] Predicting Ribosomal RNAs
[17:05:05] You need either Barrnap or RNAmmer installed to predict rRNAs!
[17:05:05] Skipping ncRNA search, enable with --rfam if desired.
[17:05:05] Total of 0 tRNA + rRNA features
[17:05:05] Searching for CRISPR repeats
[17:05:05] Found 0 CRISPRs
[17:05:05] Predicting coding sequences
[17:05:05] Contigs total 47084 bp, so using meta mode
[17:05:05] Running: prodigal -i PROKKA_CP000736\/PROKKA_CP000736\.fna -c -m -g 11 -p meta -f sco -q
[17:05:06] Found 47 CDS
[17:05:06] Connecting features back to sequences
[17:05:06] Not using genus-specific database. Try --usegenus to enable it.
[17:05:06] Annotating CDS, please be patient.
[17:05:06] Will use 4 CPUs for similarity searching.
[17:05:06] There are still 47 unannotated CDS left (started with 47)
[17:05:06] Will use blast to search against /home/fsepulveda/Desktop/tesis/sccmec_classification/prokka-1.12/bin/../db/kingdom/Bacteria/sprot with 4 CPUs
[17:05:06] Running: cat PROKKA_CP000736\/sprot\.faa | parallel --gnu --plain -j 4 --block 1687 --recstart '>' --pipe blastp -query - -db /home/fsepulveda/Desktop/tesis/sccmec_classification/prokka-1.12/bin/../db/kingdom/Bacteria/sprot -evalue 1e-06 -num_threads 1 -num_descriptions 1 -num_alignments 1 -seg no > PROKKA_CP000736\/sprot\.blast 2> /dev/null
[17:05:07] Modify product: Uncharacterized methyltransferase YcgJ => putative methyltransferase YcgJ
[17:05:07] Cleaned 1 /product names
[17:05:07] Deleting unwanted file: PROKKA_CP000736/sprot.faa
[17:05:07] Deleting unwanted file: PROKKA_CP000736/sprot.blast
[17:05:07] There are still 23 unannotated CDS left (started with 47)
[17:05:07] Will use hmmer3 to search against /home/fsepulveda/Desktop/tesis/sccmec_classification/prokka-1.12/bin/../db/hmm/HAMAP.hmm with 4 CPUs
[17:05:07] Running: cat PROKKA_CP000736\/HAMAP\.hmm\.faa | parallel --gnu --plain -j 4 --block 562 --recstart '>' --pipe hmmscan --noali --notextw --acc -E 1e-06 --cpu 1 /home/fsepulveda/Desktop/tesis/sccmec_classification/prokka-1.12/bin/../db/hmm/HAMAP.hmm /dev/stdin > PROKKA_CP000736\/HAMAP\.hmm\.hmmer3 2> /dev/null
[17:05:08] Deleting unwanted file: PROKKA_CP000736/HAMAP.hmm.faa
[17:05:08] Deleting unwanted file: PROKKA_CP000736/HAMAP.hmm.hmmer3
[17:05:08] Labelling remaining 23 proteins as 'hypothetical protein'
[17:05:08] Possible /pseudo 'Tyrosine recombinase XerC' at sccmec_saures_CP000736_l47084 position 19993
[17:05:08] Possible /pseudo 'DNA-invertase hin' at sccmec_saures_CP000736_l47084 position 24975
[17:05:08] Found 21 unique /gene codes.
[17:05:08] Fixed 2 duplicate /gene - xerC_1 xerC_2
[17:05:08] Fixed 2 duplicate /gene - pspE_1 pspE_2
[17:05:08] Fixed 2 duplicate /gene - hin_1 hin_2
[17:05:08] Fixed 3 colliding /gene names.
[17:05:08] Adding /locus_tag identifiers
[17:05:08] Assigned 47 locus_tags to CDS and RNA features.
[17:05:08] Writing outputs to PROKKA_CP000736/
[17:05:08] Generating annotation statistics file
[17:05:08] Generating Genbank and Sequin files
[17:05:08] Running: tbl2asn -V b -a r10k -l paired-ends -M n -N 1 -y 'Annotated using prokka 1.12 from https://github.com/tseemann/prokka' -Z PROKKA_CP000736\/PROKKA_CP000736\.err -i PROKKA_CP000736\/PROKKA_CP000736\.fsa 2> /dev/null
[17:05:08] Deleting unwanted file: PROKKA_CP000736/errorsummary.val
[17:05:08] Deleting unwanted file: PROKKA_CP000736/PROKKA_CP000736.dr
[17:05:08] Deleting unwanted file: PROKKA_CP000736/PROKKA_CP000736.fixedproducts
[17:05:08] Deleting unwanted file: PROKKA_CP000736/PROKKA_CP000736.ecn
[17:05:08] Deleting unwanted file: PROKKA_CP000736/PROKKA_CP000736.val
[17:05:08] Repairing broken .GBK output that tbl2asn produces...
[17:05:08] Running: sed 's/COORDINATES: profile/COORDINATES:profile/' < PROKKA_CP000736\/PROKKA_CP000736\.gbf > PROKKA_CP000736\/PROKKA_CP000736\.gbk
[17:05:08] Deleting unwanted file: PROKKA_CP000736/PROKKA_CP000736.gbf
[17:05:08] Output files:
[17:05:08] PROKKA_CP000736/PROKKA_CP000736.log
[17:05:08] PROKKA_CP000736/PROKKA_CP000736.fsa
[17:05:08] PROKKA_CP000736/PROKKA_CP000736.ffn
[17:05:08] PROKKA_CP000736/PROKKA_CP000736.fna
[17:05:08] PROKKA_CP000736/PROKKA_CP000736.faa
[17:05:08] PROKKA_CP000736/PROKKA_CP000736.sqn
[17:05:08] PROKKA_CP000736/PROKKA_CP000736.tbl
[17:05:08] PROKKA_CP000736/PROKKA_CP000736.gbk
[17:05:08] PROKKA_CP000736/PROKKA_CP000736.tsv
[17:05:08] PROKKA_CP000736/PROKKA_CP000736.err
[17:05:08] PROKKA_CP000736/PROKKA_CP000736.gff
[17:05:08] PROKKA_CP000736/PROKKA_CP000736.txt
[17:05:08] Annotation finished successfully.
[17:05:08] Walltime used: 0.05 minutes
[17:05:08] If you use this result please cite the Prokka paper:
[17:05:08] Seemann T (2014) Prokka: rapid prokaryotic genome annotation. Bioinformatics. 30(14):2068-9.
[17:05:08] Type 'prokka --citation' for more details.
[17:05:08] Share and enjoy!
