[17:05:41] This is prokka 1.12
[17:05:41] Written by Torsten Seemann <torsten.seemann@gmail.com>
[17:05:41] Homepage is https://github.com/tseemann/prokka
[17:05:41] Local time is Mon May 15 17:05:41 2017
[17:05:41] You are fsepulveda
[17:05:41] Operating system is linux
[17:05:41] You have BioPerl 1.006924
[17:05:41] System has 4 cores.
[17:05:41] Option --cpu asked for 8 cores, but system only has 4
[17:05:41] Will use maximum of 4 cores.
[17:05:41] Annotating as >>> Bacteria <<<
[17:05:41] Creating new output folder: PROKKA_CP005288
[17:05:41] Running: mkdir -p PROKKA_CP005288
[17:05:41] Using filename prefix: PROKKA_CP005288.XXX
[17:05:41] Setting HMMER_NCPU=1
[17:05:41] Writing log to: PROKKA_CP005288/PROKKA_CP005288.log
[17:05:41] Command: /home/fsepulveda/Desktop/tesis/sccmec_classification/prokka-1.12/bin/prokka --genus Staphylococcus --prefix PROKKA_CP005288 --addgenes --addmrna --locustag CP005288_SCCmec /home/fsepulveda/Documents/parte2/229_sccmec/sccmec_CP005288.fasta
[17:05:41] Appending to PATH: /home/fsepulveda/Desktop/tesis/sccmec_classification/prokka-1.12/bin/../binaries/linux
[17:05:41] Appending to PATH: /home/fsepulveda/Desktop/tesis/sccmec_classification/prokka-1.12/bin/../binaries/linux/../common
[17:05:41] Appending to PATH: /home/fsepulveda/Desktop/tesis/sccmec_classification/prokka-1.12/bin
[17:05:41] Looking for 'aragorn' - found /home/fsepulveda/Desktop/tesis/sccmec_classification/prokka-1.12/bin/../binaries/linux/aragorn
[17:05:41] Determined aragorn version is 1.2
[17:05:41] Looking for 'blastp' - found /usr/bin/blastp
[17:05:41] Determined blastp version is 2.2
[17:05:41] Looking for 'cmpress' - found /usr/bin/cmpress
[17:05:41] Determined cmpress version is 1.1
[17:05:41] Looking for 'cmscan' - found /usr/bin/cmscan
[17:05:41] Determined cmscan version is 1.1
[17:05:41] Looking for 'egrep' - found /bin/egrep
[17:05:41] Looking for 'find' - found /usr/bin/find
[17:05:41] Looking for 'grep' - found /bin/grep
[17:05:41] Looking for 'hmmpress' - found /usr/bin/hmmpress
[17:05:41] Determined hmmpress version is 3.1
[17:05:41] Looking for 'hmmscan' - found /usr/bin/hmmscan
[17:05:41] Determined hmmscan version is 3.1
[17:05:41] Looking for 'java' - found /usr/bin/java
[17:05:41] Looking for 'less' - found /usr/bin/less
[17:05:41] Looking for 'makeblastdb' - found /usr/bin/makeblastdb
[17:05:41] Determined makeblastdb version is 2.2
[17:05:41] Looking for 'minced' - found /home/fsepulveda/Desktop/tesis/sccmec_classification/prokka-1.12/bin/../binaries/linux/../common/minced
[17:05:41] Determined minced version is 2.0
[17:05:41] Looking for 'parallel' - found /home/fsepulveda/Desktop/tesis/sccmec_classification/prokka-1.12/bin/../binaries/linux/../common/parallel
[17:05:42] Determined parallel version is 20150122
[17:05:42] Looking for 'prodigal' - found /home/fsepulveda/Desktop/tesis/sccmec_classification/prokka-1.12/bin/../binaries/linux/prodigal
[17:05:42] Determined prodigal version is 2.6
[17:05:42] Looking for 'prokka-genbank_to_fasta_db' - found /home/fsepulveda/Desktop/tesis/sccmec_classification/prokka-1.12/bin/prokka-genbank_to_fasta_db
[17:05:42] Looking for 'sed' - found /bin/sed
[17:05:42] Looking for 'tbl2asn' - found /home/fsepulveda/Desktop/tesis/sccmec_classification/prokka-1.12/bin/../binaries/linux/tbl2asn
[17:05:42] Determined tbl2asn version is 25.3
[17:05:42] Using genetic code table 11.
[17:05:42] Loading and checking input file: /home/fsepulveda/Documents/parte2/229_sccmec/sccmec_CP005288.fasta
[17:05:42] Wrote 1 contigs totalling 61013 bp.
[17:05:42] Predicting tRNAs and tmRNAs
[17:05:42] Running: aragorn -l -gc11  -w PROKKA_CP005288\/PROKKA_CP005288\.fna
[17:05:42] Found 0 tRNAs
[17:05:42] Predicting Ribosomal RNAs
[17:05:42] You need either Barrnap or RNAmmer installed to predict rRNAs!
[17:05:42] Skipping ncRNA search, enable with --rfam if desired.
[17:05:42] Total of 0 tRNA + rRNA features
[17:05:42] Searching for CRISPR repeats
[17:05:42] Found 0 CRISPRs
[17:05:42] Predicting coding sequences
[17:05:42] Contigs total 61013 bp, so using meta mode
[17:05:42] Running: prodigal -i PROKKA_CP005288\/PROKKA_CP005288\.fna -c -m -g 11 -p meta -f sco -q
[17:05:42] Found 67 CDS
[17:05:42] Connecting features back to sequences
[17:05:42] Not using genus-specific database. Try --usegenus to enable it.
[17:05:42] Annotating CDS, please be patient.
[17:05:42] Will use 4 CPUs for similarity searching.
[17:05:42] There are still 67 unannotated CDS left (started with 67)
[17:05:42] Will use blast to search against /home/fsepulveda/Desktop/tesis/sccmec_classification/prokka-1.12/bin/../db/kingdom/Bacteria/sprot with 4 CPUs
[17:05:42] Running: cat PROKKA_CP005288\/sprot\.faa | parallel --gnu --plain -j 4 --block 2204 --recstart '>' --pipe blastp -query - -db /home/fsepulveda/Desktop/tesis/sccmec_classification/prokka-1.12/bin/../db/kingdom/Bacteria/sprot -evalue 1e-06 -num_threads 1 -num_descriptions 1 -num_alignments 1 -seg no > PROKKA_CP005288\/sprot\.blast 2> /dev/null
[17:05:44] Modify product: Uncharacterized methyltransferase YcgJ => putative methyltransferase YcgJ
[17:05:44] Modify product: Probable cadmium-transporting ATPase => putative cadmium-transporting ATPase
[17:05:44] Cleaned 2 /product names
[17:05:44] Deleting unwanted file: PROKKA_CP005288/sprot.faa
[17:05:44] Deleting unwanted file: PROKKA_CP005288/sprot.blast
[17:05:44] There are still 39 unannotated CDS left (started with 67)
[17:05:44] Will use hmmer3 to search against /home/fsepulveda/Desktop/tesis/sccmec_classification/prokka-1.12/bin/../db/hmm/HAMAP.hmm with 4 CPUs
[17:05:44] Running: cat PROKKA_CP005288\/HAMAP\.hmm\.faa | parallel --gnu --plain -j 4 --block 993 --recstart '>' --pipe hmmscan --noali --notextw --acc -E 1e-06 --cpu 1 /home/fsepulveda/Desktop/tesis/sccmec_classification/prokka-1.12/bin/../db/hmm/HAMAP.hmm /dev/stdin > PROKKA_CP005288\/HAMAP\.hmm\.hmmer3 2> /dev/null
[17:05:45] Deleting unwanted file: PROKKA_CP005288/HAMAP.hmm.faa
[17:05:45] Deleting unwanted file: PROKKA_CP005288/HAMAP.hmm.hmmer3
[17:05:45] Labelling remaining 38 proteins as 'hypothetical protein'
[17:05:45] Possible /pseudo 'Tyrosine recombinase XerC' at sccmec_saures_CP005288_l61013 position 11802
[17:05:45] Possible /pseudo 'Tyrosine recombinase XerC' at sccmec_saures_CP005288_l61013 position 12974
[17:05:45] Possible /pseudo 'Streptomycin 3''-adenylyltransferase' at sccmec_saures_CP005288_l61013 position 14618
[17:05:45] Found 23 unique /gene codes.
[17:05:45] Fixed 4 duplicate /gene - xerC_1 xerC_2 xerC_3 xerC_4
[17:05:45] Fixed 2 duplicate /gene - hin_1 hin_2
[17:05:45] Fixed 2 duplicate /gene - pspE_1 pspE_2
[17:05:45] Fixed 2 duplicate /gene - ant1_1 ant1_2
[17:05:45] Fixed 4 colliding /gene names.
[17:05:45] Adding /locus_tag identifiers
[17:05:45] Assigned 67 locus_tags to CDS and RNA features.
[17:05:45] Writing outputs to PROKKA_CP005288/
[17:05:45] Generating annotation statistics file
[17:05:45] Generating Genbank and Sequin files
[17:05:45] Running: tbl2asn -V b -a r10k -l paired-ends -M n -N 1 -y 'Annotated using prokka 1.12 from https://github.com/tseemann/prokka' -Z PROKKA_CP005288\/PROKKA_CP005288\.err -i PROKKA_CP005288\/PROKKA_CP005288\.fsa 2> /dev/null
[17:05:45] Deleting unwanted file: PROKKA_CP005288/errorsummary.val
[17:05:45] Deleting unwanted file: PROKKA_CP005288/PROKKA_CP005288.dr
[17:05:45] Deleting unwanted file: PROKKA_CP005288/PROKKA_CP005288.fixedproducts
[17:05:45] Deleting unwanted file: PROKKA_CP005288/PROKKA_CP005288.ecn
[17:05:45] Deleting unwanted file: PROKKA_CP005288/PROKKA_CP005288.val
[17:05:45] Repairing broken .GBK output that tbl2asn produces...
[17:05:45] Running: sed 's/COORDINATES: profile/COORDINATES:profile/' < PROKKA_CP005288\/PROKKA_CP005288\.gbf > PROKKA_CP005288\/PROKKA_CP005288\.gbk
[17:05:45] Deleting unwanted file: PROKKA_CP005288/PROKKA_CP005288.gbf
[17:05:45] Output files:
[17:05:45] PROKKA_CP005288/PROKKA_CP005288.log
[17:05:45] PROKKA_CP005288/PROKKA_CP005288.gff
[17:05:45] PROKKA_CP005288/PROKKA_CP005288.faa
[17:05:45] PROKKA_CP005288/PROKKA_CP005288.err
[17:05:45] PROKKA_CP005288/PROKKA_CP005288.ffn
[17:05:45] PROKKA_CP005288/PROKKA_CP005288.fsa
[17:05:45] PROKKA_CP005288/PROKKA_CP005288.gbk
[17:05:45] PROKKA_CP005288/PROKKA_CP005288.txt
[17:05:45] PROKKA_CP005288/PROKKA_CP005288.sqn
[17:05:45] PROKKA_CP005288/PROKKA_CP005288.tbl
[17:05:45] PROKKA_CP005288/PROKKA_CP005288.tsv
[17:05:45] PROKKA_CP005288/PROKKA_CP005288.fna
[17:05:45] Annotation finished successfully.
[17:05:45] Walltime used: 0.07 minutes
[17:05:45] If you use this result please cite the Prokka paper:
[17:05:45] Seemann T (2014) Prokka: rapid prokaryotic genome annotation. Bioinformatics. 30(14):2068-9.
[17:05:45] Type 'prokka --citation' for more details.
[17:05:45] Thank you, come again.
