[00:27:01] This is prokka 1.12
[00:27:01] Written by Torsten Seemann <torsten.seemann@gmail.com>
[00:27:01] Homepage is https://github.com/tseemann/prokka
[00:27:01] Local time is Wed May 31 00:27:01 2017
[00:27:01] You are fsepulveda
[00:27:01] Operating system is linux
[00:27:01] You have BioPerl 1.006924
[00:27:01] System has 4 cores.
[00:27:01] Option --cpu asked for 8 cores, but system only has 4
[00:27:01] Will use maximum of 4 cores.
[00:27:01] Annotating as >>> Bacteria <<<
[00:27:01] Enabling options to ensure Genbank/ENA/DDJB submission compliance.
[00:27:01] Creating new output folder: SCCmec_AB037671_Type-III
[00:27:01] Running: mkdir -p SCCmec_AB037671_Type\-III
[00:27:01] Using filename prefix: SCCmec_AB037671_Type-III.XXX
[00:27:01] Setting HMMER_NCPU=1
[00:27:01] Writing log to: SCCmec_AB037671_Type-III/SCCmec_AB037671_Type-III.log
[00:27:01] Command: /home/fsepulveda/Documents/PROGRAMS/prokka-1.12/bin/prokka --kingdom Bacteria --outdir SCCmec_AB037671_Type-III --quiet --genus Staphylococcus --locustag SCCmec_AB037671_Type-III --centre 10 --compliant --prefix SCCmec_AB037671_Type-III --force SCCmec_AB037671_Type-III.fasta
[00:27:01] Appending to PATH: /home/fsepulveda/Documents/PROGRAMS/prokka-1.12/bin/../binaries/linux
[00:27:01] Appending to PATH: /home/fsepulveda/Documents/PROGRAMS/prokka-1.12/bin/../binaries/linux/../common
[00:27:01] Appending to PATH: /home/fsepulveda/Documents/PROGRAMS/prokka-1.12/bin
[00:27:01] Looking for 'aragorn' - found /home/fsepulveda/Documents/PROGRAMS/prokka-1.12/bin/../binaries/linux/aragorn
[00:27:01] Determined aragorn version is 1.2
[00:27:01] Looking for 'blastp' - found /usr/bin/blastp
[00:27:01] Determined blastp version is 2.2
[00:27:01] Looking for 'cmpress' - found /usr/bin/cmpress
[00:27:01] Determined cmpress version is 1.1
[00:27:01] Looking for 'cmscan' - found /usr/bin/cmscan
[00:27:01] Determined cmscan version is 1.1
[00:27:01] Looking for 'egrep' - found /bin/egrep
[00:27:01] Looking for 'find' - found /usr/bin/find
[00:27:01] Looking for 'grep' - found /bin/grep
[00:27:01] Looking for 'hmmpress' - found /usr/bin/hmmpress
[00:27:01] Determined hmmpress version is 3.1
[00:27:01] Looking for 'hmmscan' - found /usr/bin/hmmscan
[00:27:01] Determined hmmscan version is 3.1
[00:27:01] Looking for 'java' - found /usr/bin/java
[00:27:01] Looking for 'less' - found /usr/bin/less
[00:27:01] Looking for 'makeblastdb' - found /usr/bin/makeblastdb
[00:27:01] Determined makeblastdb version is 2.2
[00:27:01] Looking for 'minced' - found /home/fsepulveda/Documents/PROGRAMS/prokka-1.12/bin/../binaries/linux/../common/minced
[00:27:01] Determined minced version is 2.0
[00:27:01] Looking for 'parallel' - found /home/fsepulveda/Documents/PROGRAMS/prokka-1.12/bin/../binaries/linux/../common/parallel
[00:27:01] Determined parallel version is 20150122
[00:27:01] Looking for 'prodigal' - found /home/fsepulveda/Documents/PROGRAMS/prokka-1.12/bin/../binaries/linux/prodigal
[00:27:01] Determined prodigal version is 2.6
[00:27:01] Looking for 'prokka-genbank_to_fasta_db' - found /home/fsepulveda/Documents/PROGRAMS/prokka-1.12/bin/prokka-genbank_to_fasta_db
[00:27:01] Looking for 'sed' - found /bin/sed
[00:27:01] Looking for 'tbl2asn' - found /home/fsepulveda/Documents/PROGRAMS/prokka-1.12/bin/../binaries/linux/tbl2asn
[00:27:01] Determined tbl2asn version is 25.3
[00:27:01] Using genetic code table 11.
[00:27:01] Loading and checking input file: SCCmec_AB037671_Type-III.fasta
[00:27:01] Wrote 1 contigs totalling 67394 bp.
[00:27:01] Predicting tRNAs and tmRNAs
[00:27:01] Running: aragorn -l -gc11  -w SCCmec_AB037671_Type\-III\/SCCmec_AB037671_Type\-III\.fna
[00:27:01] Found 0 tRNAs
[00:27:01] Predicting Ribosomal RNAs
[00:27:01] You need either Barrnap or RNAmmer installed to predict rRNAs!
[00:27:01] Skipping ncRNA search, enable with --rfam if desired.
[00:27:01] Total of 0 tRNA + rRNA features
[00:27:01] Searching for CRISPR repeats
[00:27:01] Found 0 CRISPRs
[00:27:01] Predicting coding sequences
[00:27:01] Contigs total 67394 bp, so using meta mode
[00:27:01] Running: prodigal -i SCCmec_AB037671_Type\-III\/SCCmec_AB037671_Type\-III\.fna -c -m -g 11 -p meta -f sco -q
[00:27:02] Found 78 CDS
[00:27:02] Connecting features back to sequences
[00:27:02] Not using genus-specific database. Try --usegenus to enable it.
[00:27:02] Annotating CDS, please be patient.
[00:27:02] Will use 4 CPUs for similarity searching.
[00:27:02] There are still 78 unannotated CDS left (started with 78)
[00:27:02] Will use blast to search against /home/fsepulveda/Documents/PROGRAMS/prokka-1.12/bin/../db/kingdom/Bacteria/sprot with 4 CPUs
[00:27:02] Running: cat SCCmec_AB037671_Type\-III\/sprot\.faa | parallel --gnu --plain -j 4 --block 2431 --recstart '>' --pipe blastp -query - -db /home/fsepulveda/Documents/PROGRAMS/prokka-1.12/bin/../db/kingdom/Bacteria/sprot -evalue 1e-06 -num_threads 1 -num_descriptions 1 -num_alignments 1 -seg no > SCCmec_AB037671_Type\-III\/sprot\.blast 2> /dev/null
[00:27:03] Modify product: Uncharacterized methyltransferase YcgJ => putative methyltransferase YcgJ
[00:27:03] Modify product: Uncharacterized HTH-type transcriptional regulator SACOL2360 => putative HTH-type transcriptional regulator
[00:27:03] Modify product: Probable transport protein HsrA => putative transport protein HsrA
[00:27:03] Modify product: Probable cadmium-transporting ATPase => putative cadmium-transporting ATPase
[00:27:03] Cleaned 4 /product names
[00:27:03] Deleting unwanted file: SCCmec_AB037671_Type-III/sprot.faa
[00:27:03] Deleting unwanted file: SCCmec_AB037671_Type-III/sprot.blast
[00:27:03] There are still 46 unannotated CDS left (started with 78)
[00:27:03] Will use hmmer3 to search against /home/fsepulveda/Documents/PROGRAMS/prokka-1.12/bin/../db/hmm/HAMAP.hmm with 4 CPUs
[00:27:03] Running: cat SCCmec_AB037671_Type\-III\/HAMAP\.hmm\.faa | parallel --gnu --plain -j 4 --block 1041 --recstart '>' --pipe hmmscan --noali --notextw --acc -E 1e-06 --cpu 1 /home/fsepulveda/Documents/PROGRAMS/prokka-1.12/bin/../db/hmm/HAMAP.hmm /dev/stdin > SCCmec_AB037671_Type\-III\/HAMAP\.hmm\.hmmer3 2> /dev/null
[00:27:04] Deleting unwanted file: SCCmec_AB037671_Type-III/HAMAP.hmm.faa
[00:27:04] Deleting unwanted file: SCCmec_AB037671_Type-III/HAMAP.hmm.hmmer3
[00:27:04] Labelling remaining 46 proteins as 'hypothetical protein'
[00:27:04] Possible /pseudo 'Tyrosine recombinase XerC' at gnl|10|SCCmec_AB037671_Type-III_1 position 11821
[00:27:04] Possible /pseudo 'Streptomycin 3''-adenylyltransferase' at gnl|10|SCCmec_AB037671_Type-III_1 position 14756
[00:27:04] Found 27 unique /gene codes.
[00:27:04] Fixed 2 duplicate /gene - hin_1 hin_2
[00:27:04] Fixed 2 duplicate /gene - xerC_1 xerC_2
[00:27:04] Fixed 2 duplicate /gene - pspE_1 pspE_2
[00:27:04] Fixed 2 duplicate /gene - ant1_1 ant1_2
[00:27:04] Fixed 4 colliding /gene names.
[00:27:04] Adding /locus_tag identifiers
[00:27:04] Assigned 78 locus_tags to CDS and RNA features.
[00:27:04] Writing outputs to SCCmec_AB037671_Type-III/
[00:27:04] Generating annotation statistics file
[00:27:04] Generating Genbank and Sequin files
[00:27:04] Running: tbl2asn -V b -a r10k -l paired-ends -M n -N 1 -y 'Annotated using prokka 1.12 from https://github.com/tseemann/prokka' -Z SCCmec_AB037671_Type\-III\/SCCmec_AB037671_Type\-III\.err -i SCCmec_AB037671_Type\-III\/SCCmec_AB037671_Type\-III\.fsa 2> /dev/null
[00:27:05] Deleting unwanted file: SCCmec_AB037671_Type-III/errorsummary.val
[00:27:05] Deleting unwanted file: SCCmec_AB037671_Type-III/SCCmec_AB037671_Type-III.dr
[00:27:05] Deleting unwanted file: SCCmec_AB037671_Type-III/SCCmec_AB037671_Type-III.fixedproducts
[00:27:05] Deleting unwanted file: SCCmec_AB037671_Type-III/SCCmec_AB037671_Type-III.ecn
[00:27:05] Deleting unwanted file: SCCmec_AB037671_Type-III/SCCmec_AB037671_Type-III.val
[00:27:05] Repairing broken .GBK output that tbl2asn produces...
[00:27:05] Running: sed 's/COORDINATES: profile/COORDINATES:profile/' < SCCmec_AB037671_Type\-III\/SCCmec_AB037671_Type\-III\.gbf > SCCmec_AB037671_Type\-III\/SCCmec_AB037671_Type\-III\.gbk
[00:27:05] Deleting unwanted file: SCCmec_AB037671_Type-III/SCCmec_AB037671_Type-III.gbf
[00:27:05] Output files:
[00:27:05] SCCmec_AB037671_Type-III/SCCmec_AB037671_Type-III.err
[00:27:05] SCCmec_AB037671_Type-III/SCCmec_AB037671_Type-III.gff
[00:27:05] SCCmec_AB037671_Type-III/SCCmec_AB037671_Type-III.log
[00:27:05] SCCmec_AB037671_Type-III/SCCmec_AB037671_Type-III.txt
[00:27:05] SCCmec_AB037671_Type-III/SCCmec_AB037671_Type-III.faa
[00:27:05] SCCmec_AB037671_Type-III/SCCmec_AB037671_Type-III.fna
[00:27:05] SCCmec_AB037671_Type-III/SCCmec_AB037671_Type-III.gbk
[00:27:05] SCCmec_AB037671_Type-III/SCCmec_AB037671_Type-III.sqn
[00:27:05] SCCmec_AB037671_Type-III/SCCmec_AB037671_Type-III.tbl
[00:27:05] SCCmec_AB037671_Type-III/SCCmec_AB037671_Type-III.tsv
[00:27:05] SCCmec_AB037671_Type-III/SCCmec_AB037671_Type-III.ffn
[00:27:05] SCCmec_AB037671_Type-III/SCCmec_AB037671_Type-III.fsa
[00:27:05] Annotation finished successfully.
[00:27:05] Walltime used: 0.07 minutes
[00:27:05] If you use this result please cite the Prokka paper:
[00:27:05] Seemann T (2014) Prokka: rapid prokaryotic genome annotation. Bioinformatics. 30(14):2068-9.
[00:27:05] Type 'prokka --citation' for more details.
[00:27:05] Thank you, come again.
