Discrepancy Report Results

Summary
FATAL: BAD_LOCUS_TAG_FORMAT:78 locus tags are incorrectly formatted.
DISC_SOURCE_QUALS_ASNDISC:strain (all present, all unique)
DISC_SOURCE_QUALS_ASNDISC:taxname (all present, all unique)
DISC_FEATURE_COUNT:gene: 78 present
DISC_FEATURE_COUNT:CDS: 78 present
DISC_COUNT_NUCLEOTIDES:1 nucleotide Bioseqs are present
OVERLAPPING_GENES:21 genes overlap another gene on the same strand.
OVERLAPPING_CDS:4 coding regions overlap another coding region with a similar or identical name.
DISC_QUALITY_SCORES:Quality scores are missing on all sequences.
ONCALLER_COMMENT_PRESENT:1 comment descriptors were found (all same)
SHORT_PROT_SEQUENCES:1 protein sequences are shorter than 50 aa.
MISSING_GENOMEASSEMBLY_COMMENTS:1 bioseqs are missing GenomeAssembly structured comments
MOLTYPE_NOT_MRNA:1 molecule types are not set as mRNA.
TECHNIQUE_NOT_TSA:1 technique are not set as TSA
MISSING_STRUCTURED_COMMENT:1 sequences do not include structured comments.
MISSING_PROJECT:79 sequences do not include project.
DISC_INCONSISTENT_MOLINFO_TECH:Molinfo Technique Report (some missing, all same)


Detailed Report

FATAL: DiscRep_ALL:BAD_LOCUS_TAG_FORMAT::78 locus tags are incorrectly formatted.
SCCmec_AB037671_Type-III/SCCmec_AB037671_Type-III:Gene	rlmH	SCCmec_AB037671_Type-III_1:1-480	SCCmec_AB037671_Type-III_00001
SCCmec_AB037671_Type-III/SCCmec_AB037671_Type-III:Gene	SCCmec_AB037671_Type-III_00002	SCCmec_AB037671_Type-III_1:522-677	SCCmec_AB037671_Type-III_00002
SCCmec_AB037671_Type-III/SCCmec_AB037671_Type-III:Gene	SCCmec_AB037671_Type-III_00003	SCCmec_AB037671_Type-III_1:727-1032	SCCmec_AB037671_Type-III_00003
SCCmec_AB037671_Type-III/SCCmec_AB037671_Type-III:Gene	SCCmec_AB037671_Type-III_00004	SCCmec_AB037671_Type-III_1:1230-2093	SCCmec_AB037671_Type-III_00004
SCCmec_AB037671_Type-III/SCCmec_AB037671_Type-III:Gene	SCCmec_AB037671_Type-III_00005	SCCmec_AB037671_Type-III_1:2177-3676	SCCmec_AB037671_Type-III_00005
SCCmec_AB037671_Type-III/SCCmec_AB037671_Type-III:Gene	SCCmec_AB037671_Type-III_00006	SCCmec_AB037671_Type-III_1:3903-5003	SCCmec_AB037671_Type-III_00006
SCCmec_AB037671_Type-III/SCCmec_AB037671_Type-III:Gene	SCCmec_AB037671_Type-III_00007	SCCmec_AB037671_Type-III_1:4996-5367	SCCmec_AB037671_Type-III_00007
SCCmec_AB037671_Type-III/SCCmec_AB037671_Type-III:Gene	SCCmec_AB037671_Type-III_00008	SCCmec_AB037671_Type-III_1:5364-7007	SCCmec_AB037671_Type-III_00008
SCCmec_AB037671_Type-III/SCCmec_AB037671_Type-III:Gene	hin_1	SCCmec_AB037671_Type-III_1:7232-8785	SCCmec_AB037671_Type-III_00009
SCCmec_AB037671_Type-III/SCCmec_AB037671_Type-III:Gene	SCCmec_AB037671_Type-III_00010	SCCmec_AB037671_Type-III_1:9012-9353	SCCmec_AB037671_Type-III_00010
SCCmec_AB037671_Type-III/SCCmec_AB037671_Type-III:Gene	SCCmec_AB037671_Type-III_00011	SCCmec_AB037671_Type-III_1:9449-9760	SCCmec_AB037671_Type-III_00011
SCCmec_AB037671_Type-III/SCCmec_AB037671_Type-III:Gene	SCCmec_AB037671_Type-III_00012	SCCmec_AB037671_Type-III_1:9776-10282	SCCmec_AB037671_Type-III_00012
SCCmec_AB037671_Type-III/SCCmec_AB037671_Type-III:Gene	SCCmec_AB037671_Type-III_00013	SCCmec_AB037671_Type-III_1:10303-10620	SCCmec_AB037671_Type-III_00013
SCCmec_AB037671_Type-III/SCCmec_AB037671_Type-III:Gene	xerC_1	SCCmec_AB037671_Type-III_1:10739-11824	SCCmec_AB037671_Type-III_00014
SCCmec_AB037671_Type-III/SCCmec_AB037671_Type-III:Gene	xerC_2	SCCmec_AB037671_Type-III_1:11821-13713	SCCmec_AB037671_Type-III_00015
SCCmec_AB037671_Type-III/SCCmec_AB037671_Type-III:Gene	SCCmec_AB037671_Type-III_00016	SCCmec_AB037671_Type-III_1:13720-14097	SCCmec_AB037671_Type-III_00016
SCCmec_AB037671_Type-III/SCCmec_AB037671_Type-III:Gene	ant1_1	SCCmec_AB037671_Type-III_1:14248-14772	SCCmec_AB037671_Type-III_00017
SCCmec_AB037671_Type-III/SCCmec_AB037671_Type-III:Gene	ant1_2	SCCmec_AB037671_Type-III_1:14756-15031	SCCmec_AB037671_Type-III_00018
SCCmec_AB037671_Type-III/SCCmec_AB037671_Type-III:Gene	ermA1	SCCmec_AB037671_Type-III_1:c15888-15157	SCCmec_AB037671_Type-III_00019
SCCmec_AB037671_Type-III/SCCmec_AB037671_Type-III:Gene	ycgJ	SCCmec_AB037671_Type-III_1:16397-17059	SCCmec_AB037671_Type-III_00020
SCCmec_AB037671_Type-III/SCCmec_AB037671_Type-III:Gene	SCCmec_AB037671_Type-III_00021	SCCmec_AB037671_Type-III_1:17607-18479	SCCmec_AB037671_Type-III_00021
SCCmec_AB037671_Type-III/SCCmec_AB037671_Type-III:Gene	SCCmec_AB037671_Type-III_00022	SCCmec_AB037671_Type-III_1:18518-18826	SCCmec_AB037671_Type-III_00022
SCCmec_AB037671_Type-III/SCCmec_AB037671_Type-III:Gene	SCCmec_AB037671_Type-III_00023	SCCmec_AB037671_Type-III_1:18842-19330	SCCmec_AB037671_Type-III_00023
SCCmec_AB037671_Type-III/SCCmec_AB037671_Type-III:Gene	SCCmec_AB037671_Type-III_00024	SCCmec_AB037671_Type-III_1:19465-19992	SCCmec_AB037671_Type-III_00024
SCCmec_AB037671_Type-III/SCCmec_AB037671_Type-III:Gene	SCCmec_AB037671_Type-III_00025	SCCmec_AB037671_Type-III_1:20054-20497	SCCmec_AB037671_Type-III_00025
SCCmec_AB037671_Type-III/SCCmec_AB037671_Type-III:Gene	SCCmec_AB037671_Type-III_00026	SCCmec_AB037671_Type-III_1:20446-20667	SCCmec_AB037671_Type-III_00026
SCCmec_AB037671_Type-III/SCCmec_AB037671_Type-III:Gene	SCCmec_AB037671_Type-III_00027	SCCmec_AB037671_Type-III_1:20819-21007	SCCmec_AB037671_Type-III_00027
SCCmec_AB037671_Type-III/SCCmec_AB037671_Type-III:Gene	SCCmec_AB037671_Type-III_00028	SCCmec_AB037671_Type-III_1:21061-21384	SCCmec_AB037671_Type-III_00028
SCCmec_AB037671_Type-III/SCCmec_AB037671_Type-III:Gene	hsdR	SCCmec_AB037671_Type-III_1:c23651-21462	SCCmec_AB037671_Type-III_00029
SCCmec_AB037671_Type-III/SCCmec_AB037671_Type-III:Gene	SCCmec_AB037671_Type-III_00030	SCCmec_AB037671_Type-III_1:c24411-23737	SCCmec_AB037671_Type-III_00030
SCCmec_AB037671_Type-III/SCCmec_AB037671_Type-III:Gene	garB	SCCmec_AB037671_Type-III_1:24679-26040	SCCmec_AB037671_Type-III_00031
SCCmec_AB037671_Type-III/SCCmec_AB037671_Type-III:Gene	merR1	SCCmec_AB037671_Type-III_1:26340-26747	SCCmec_AB037671_Type-III_00032
SCCmec_AB037671_Type-III/SCCmec_AB037671_Type-III:Gene	SCCmec_AB037671_Type-III_00033	SCCmec_AB037671_Type-III_1:26764-27117	SCCmec_AB037671_Type-III_00033
SCCmec_AB037671_Type-III/SCCmec_AB037671_Type-III:Gene	SCCmec_AB037671_Type-III_00034	SCCmec_AB037671_Type-III_1:27114-27794	SCCmec_AB037671_Type-III_00034
SCCmec_AB037671_Type-III/SCCmec_AB037671_Type-III:Gene	SCCmec_AB037671_Type-III_00035	SCCmec_AB037671_Type-III_1:27932-28267	SCCmec_AB037671_Type-III_00035
SCCmec_AB037671_Type-III/SCCmec_AB037671_Type-III:Gene	merA	SCCmec_AB037671_Type-III_1:28325-29968	SCCmec_AB037671_Type-III_00036
SCCmec_AB037671_Type-III/SCCmec_AB037671_Type-III:Gene	merB	SCCmec_AB037671_Type-III_1:30050-30700	SCCmec_AB037671_Type-III_00037
SCCmec_AB037671_Type-III/SCCmec_AB037671_Type-III:Gene	SCCmec_AB037671_Type-III_00038	SCCmec_AB037671_Type-III_1:c31437-30895	SCCmec_AB037671_Type-III_00038
SCCmec_AB037671_Type-III/SCCmec_AB037671_Type-III:Gene	SCCmec_AB037671_Type-III_00039	SCCmec_AB037671_Type-III_1:c32135-31461	SCCmec_AB037671_Type-III_00039
SCCmec_AB037671_Type-III/SCCmec_AB037671_Type-III:Gene	SCCmec_AB037671_Type-III_00040	SCCmec_AB037671_Type-III_1:c32899-32567	SCCmec_AB037671_Type-III_00040
SCCmec_AB037671_Type-III/SCCmec_AB037671_Type-III:Gene	SCCmec_AB037671_Type-III_00041	SCCmec_AB037671_Type-III_1:c33170-32928	SCCmec_AB037671_Type-III_00041
SCCmec_AB037671_Type-III/SCCmec_AB037671_Type-III:Gene	SCCmec_AB037671_Type-III_00042	SCCmec_AB037671_Type-III_1:c33976-33302	SCCmec_AB037671_Type-III_00042
SCCmec_AB037671_Type-III/SCCmec_AB037671_Type-III:Gene	hsrA	SCCmec_AB037671_Type-III_1:34263-35060	SCCmec_AB037671_Type-III_00043
SCCmec_AB037671_Type-III/SCCmec_AB037671_Type-III:Gene	SCCmec_AB037671_Type-III_00044	SCCmec_AB037671_Type-III_1:35017-35553	SCCmec_AB037671_Type-III_00044
SCCmec_AB037671_Type-III/SCCmec_AB037671_Type-III:Gene	pre	SCCmec_AB037671_Type-III_1:35739-36980	SCCmec_AB037671_Type-III_00045
SCCmec_AB037671_Type-III/SCCmec_AB037671_Type-III:Gene	SCCmec_AB037671_Type-III_00046	SCCmec_AB037671_Type-III_1:37166-37267	SCCmec_AB037671_Type-III_00046
SCCmec_AB037671_Type-III/SCCmec_AB037671_Type-III:Gene	repN	SCCmec_AB037671_Type-III_1:37507-38451	SCCmec_AB037671_Type-III_00047
SCCmec_AB037671_Type-III/SCCmec_AB037671_Type-III:Gene	SCCmec_AB037671_Type-III_00048	SCCmec_AB037671_Type-III_1:c39214-38540	SCCmec_AB037671_Type-III_00048
SCCmec_AB037671_Type-III/SCCmec_AB037671_Type-III:Gene	SCCmec_AB037671_Type-III_00049	SCCmec_AB037671_Type-III_1:39472-39639	SCCmec_AB037671_Type-III_00049
SCCmec_AB037671_Type-III/SCCmec_AB037671_Type-III:Gene	SCCmec_AB037671_Type-III_00050	SCCmec_AB037671_Type-III_1:39737-39967	SCCmec_AB037671_Type-III_00050
SCCmec_AB037671_Type-III/SCCmec_AB037671_Type-III:Gene	ugpQ	SCCmec_AB037671_Type-III_1:40516-41259	SCCmec_AB037671_Type-III_00051
SCCmec_AB037671_Type-III/SCCmec_AB037671_Type-III:Gene	paaZ	SCCmec_AB037671_Type-III_1:41356-41784	SCCmec_AB037671_Type-III_00052
SCCmec_AB037671_Type-III/SCCmec_AB037671_Type-III:Gene	pbp	SCCmec_AB037671_Type-III_1:c43836-41830	SCCmec_AB037671_Type-III_00053
SCCmec_AB037671_Type-III/SCCmec_AB037671_Type-III:Gene	mecR1	SCCmec_AB037671_Type-III_1:43986-45527	SCCmec_AB037671_Type-III_00054
SCCmec_AB037671_Type-III/SCCmec_AB037671_Type-III:Gene	mecI	SCCmec_AB037671_Type-III_1:45527-45730	SCCmec_AB037671_Type-III_00055
SCCmec_AB037671_Type-III/SCCmec_AB037671_Type-III:Gene	nagC	SCCmec_AB037671_Type-III_1:46371-47519	SCCmec_AB037671_Type-III_00056
SCCmec_AB037671_Type-III/SCCmec_AB037671_Type-III:Gene	pspE_1	SCCmec_AB037671_Type-III_1:c47938-47633	SCCmec_AB037671_Type-III_00057
SCCmec_AB037671_Type-III/SCCmec_AB037671_Type-III:Gene	gloC	SCCmec_AB037671_Type-III_1:c48967-48029	SCCmec_AB037671_Type-III_00058
SCCmec_AB037671_Type-III/SCCmec_AB037671_Type-III:Gene	pspE_2	SCCmec_AB037671_Type-III_1:c50064-49000	SCCmec_AB037671_Type-III_00059
SCCmec_AB037671_Type-III/SCCmec_AB037671_Type-III:Gene	csoR	SCCmec_AB037671_Type-III_1:50200-50460	SCCmec_AB037671_Type-III_00060
SCCmec_AB037671_Type-III/SCCmec_AB037671_Type-III:Gene	SCCmec_AB037671_Type-III_00061	SCCmec_AB037671_Type-III_1:50475-51104	SCCmec_AB037671_Type-III_00061
SCCmec_AB037671_Type-III/SCCmec_AB037671_Type-III:Gene	SCCmec_AB037671_Type-III_00062	SCCmec_AB037671_Type-III_1:c52058-51372	SCCmec_AB037671_Type-III_00062
SCCmec_AB037671_Type-III/SCCmec_AB037671_Type-III:Gene	cadA	SCCmec_AB037671_Type-III_1:c54484-52070	SCCmec_AB037671_Type-III_00063
SCCmec_AB037671_Type-III/SCCmec_AB037671_Type-III:Gene	cadC	SCCmec_AB037671_Type-III_1:c54842-54477	SCCmec_AB037671_Type-III_00064
SCCmec_AB037671_Type-III/SCCmec_AB037671_Type-III:Gene	SCCmec_AB037671_Type-III_00065	SCCmec_AB037671_Type-III_1:c55457-55080	SCCmec_AB037671_Type-III_00065
SCCmec_AB037671_Type-III/SCCmec_AB037671_Type-III:Gene	xerD	SCCmec_AB037671_Type-III_1:c57356-55464	SCCmec_AB037671_Type-III_00066
SCCmec_AB037671_Type-III/SCCmec_AB037671_Type-III:Gene	SCCmec_AB037671_Type-III_00067	SCCmec_AB037671_Type-III_1:c57874-57551	SCCmec_AB037671_Type-III_00067
SCCmec_AB037671_Type-III/SCCmec_AB037671_Type-III:Gene	SCCmec_AB037671_Type-III_00068	SCCmec_AB037671_Type-III_1:c58073-57867	SCCmec_AB037671_Type-III_00068
SCCmec_AB037671_Type-III/SCCmec_AB037671_Type-III:Gene	SCCmec_AB037671_Type-III_00069	SCCmec_AB037671_Type-III_1:c58596-58075	SCCmec_AB037671_Type-III_00069
SCCmec_AB037671_Type-III/SCCmec_AB037671_Type-III:Gene	SCCmec_AB037671_Type-III_00070	SCCmec_AB037671_Type-III_1:c59010-58615	SCCmec_AB037671_Type-III_00070
SCCmec_AB037671_Type-III/SCCmec_AB037671_Type-III:Gene	SCCmec_AB037671_Type-III_00071	SCCmec_AB037671_Type-III_1:c59361-59011	SCCmec_AB037671_Type-III_00071
SCCmec_AB037671_Type-III/SCCmec_AB037671_Type-III:Gene	hin_2	SCCmec_AB037671_Type-III_1:c61460-59832	SCCmec_AB037671_Type-III_00072
SCCmec_AB037671_Type-III/SCCmec_AB037671_Type-III:Gene	tnpR	SCCmec_AB037671_Type-III_1:c62827-61481	SCCmec_AB037671_Type-III_00073
SCCmec_AB037671_Type-III/SCCmec_AB037671_Type-III:Gene	SCCmec_AB037671_Type-III_00074	SCCmec_AB037671_Type-III_1:c63358-63020	SCCmec_AB037671_Type-III_00074
SCCmec_AB037671_Type-III/SCCmec_AB037671_Type-III:Gene	SCCmec_AB037671_Type-III_00075	SCCmec_AB037671_Type-III_1:c65174-63606	SCCmec_AB037671_Type-III_00075
SCCmec_AB037671_Type-III/SCCmec_AB037671_Type-III:Gene	SCCmec_AB037671_Type-III_00076	SCCmec_AB037671_Type-III_1:c65461-65174	SCCmec_AB037671_Type-III_00076
SCCmec_AB037671_Type-III/SCCmec_AB037671_Type-III:Gene	SCCmec_AB037671_Type-III_00077	SCCmec_AB037671_Type-III_1:65595-66626	SCCmec_AB037671_Type-III_00077
SCCmec_AB037671_Type-III/SCCmec_AB037671_Type-III:Gene	SCCmec_AB037671_Type-III_00078	SCCmec_AB037671_Type-III_1:66696-67268	SCCmec_AB037671_Type-III_00078

DiscRep_ALL:DISC_SOURCE_QUALS_ASNDISC::strain (all present, all unique)
DiscRep_SUB:DISC_SOURCE_QUALS_ASNDISC::1 sources have unique values for strain
DiscRep_ALL:DISC_SOURCE_QUALS_ASNDISC::taxname (all present, all unique)
DiscRep_SUB:DISC_SOURCE_QUALS_ASNDISC::1 sources have unique values for taxname
DiscRep_ALL:DISC_FEATURE_COUNT::gene: 78 present
DiscRep_ALL:DISC_FEATURE_COUNT::CDS: 78 present
DiscRep_ALL:DISC_COUNT_NUCLEOTIDES::1 nucleotide Bioseqs are present
SCCmec_AB037671_Type-III/SCCmec_AB037671_Type-III:10:SCCmec_AB037671_Type-III_1 (length 67394)

DiscRep_ALL:OVERLAPPING_GENES::21 genes overlap another gene on the same strand.
SCCmec_AB037671_Type-III/SCCmec_AB037671_Type-III:Gene	SCCmec_AB037671_Type-III_00006	SCCmec_AB037671_Type-III_1:3903-5003	SCCmec_AB037671_Type-III_00006
SCCmec_AB037671_Type-III/SCCmec_AB037671_Type-III:Gene	SCCmec_AB037671_Type-III_00007	SCCmec_AB037671_Type-III_1:4996-5367	SCCmec_AB037671_Type-III_00007
SCCmec_AB037671_Type-III/SCCmec_AB037671_Type-III:Gene	SCCmec_AB037671_Type-III_00008	SCCmec_AB037671_Type-III_1:5364-7007	SCCmec_AB037671_Type-III_00008
SCCmec_AB037671_Type-III/SCCmec_AB037671_Type-III:Gene	xerC_1	SCCmec_AB037671_Type-III_1:10739-11824	SCCmec_AB037671_Type-III_00014
SCCmec_AB037671_Type-III/SCCmec_AB037671_Type-III:Gene	xerC_2	SCCmec_AB037671_Type-III_1:11821-13713	SCCmec_AB037671_Type-III_00015
SCCmec_AB037671_Type-III/SCCmec_AB037671_Type-III:Gene	ant1_1	SCCmec_AB037671_Type-III_1:14248-14772	SCCmec_AB037671_Type-III_00017
SCCmec_AB037671_Type-III/SCCmec_AB037671_Type-III:Gene	ant1_2	SCCmec_AB037671_Type-III_1:14756-15031	SCCmec_AB037671_Type-III_00018
SCCmec_AB037671_Type-III/SCCmec_AB037671_Type-III:Gene	SCCmec_AB037671_Type-III_00025	SCCmec_AB037671_Type-III_1:20054-20497	SCCmec_AB037671_Type-III_00025
SCCmec_AB037671_Type-III/SCCmec_AB037671_Type-III:Gene	SCCmec_AB037671_Type-III_00026	SCCmec_AB037671_Type-III_1:20446-20667	SCCmec_AB037671_Type-III_00026
SCCmec_AB037671_Type-III/SCCmec_AB037671_Type-III:Gene	SCCmec_AB037671_Type-III_00033	SCCmec_AB037671_Type-III_1:26764-27117	SCCmec_AB037671_Type-III_00033
SCCmec_AB037671_Type-III/SCCmec_AB037671_Type-III:Gene	SCCmec_AB037671_Type-III_00034	SCCmec_AB037671_Type-III_1:27114-27794	SCCmec_AB037671_Type-III_00034
SCCmec_AB037671_Type-III/SCCmec_AB037671_Type-III:Gene	hsrA	SCCmec_AB037671_Type-III_1:34263-35060	SCCmec_AB037671_Type-III_00043
SCCmec_AB037671_Type-III/SCCmec_AB037671_Type-III:Gene	SCCmec_AB037671_Type-III_00044	SCCmec_AB037671_Type-III_1:35017-35553	SCCmec_AB037671_Type-III_00044
SCCmec_AB037671_Type-III/SCCmec_AB037671_Type-III:Gene	mecR1	SCCmec_AB037671_Type-III_1:43986-45527	SCCmec_AB037671_Type-III_00054
SCCmec_AB037671_Type-III/SCCmec_AB037671_Type-III:Gene	mecI	SCCmec_AB037671_Type-III_1:45527-45730	SCCmec_AB037671_Type-III_00055
SCCmec_AB037671_Type-III/SCCmec_AB037671_Type-III:Gene	cadA	SCCmec_AB037671_Type-III_1:c54484-52070	SCCmec_AB037671_Type-III_00063
SCCmec_AB037671_Type-III/SCCmec_AB037671_Type-III:Gene	cadC	SCCmec_AB037671_Type-III_1:c54842-54477	SCCmec_AB037671_Type-III_00064
SCCmec_AB037671_Type-III/SCCmec_AB037671_Type-III:Gene	SCCmec_AB037671_Type-III_00067	SCCmec_AB037671_Type-III_1:c57874-57551	SCCmec_AB037671_Type-III_00067
SCCmec_AB037671_Type-III/SCCmec_AB037671_Type-III:Gene	SCCmec_AB037671_Type-III_00068	SCCmec_AB037671_Type-III_1:c58073-57867	SCCmec_AB037671_Type-III_00068
SCCmec_AB037671_Type-III/SCCmec_AB037671_Type-III:Gene	SCCmec_AB037671_Type-III_00075	SCCmec_AB037671_Type-III_1:c65174-63606	SCCmec_AB037671_Type-III_00075
SCCmec_AB037671_Type-III/SCCmec_AB037671_Type-III:Gene	SCCmec_AB037671_Type-III_00076	SCCmec_AB037671_Type-III_1:c65461-65174	SCCmec_AB037671_Type-III_00076

DiscRep_ALL:OVERLAPPING_CDS::4 coding regions overlap another coding region with a similar or identical name.
DiscRep_SUB:OVERLAPPING_CDS::4 coding regions overlap another coding region with a similar or identical name that do not have the appropriate note text
SCCmec_AB037671_Type-III/SCCmec_AB037671_Type-III:CDS	Tyrosine recombinase XerC	SCCmec_AB037671_Type-III_1:10739-11824	SCCmec_AB037671_Type-III_00014
SCCmec_AB037671_Type-III/SCCmec_AB037671_Type-III:CDS	Tyrosine recombinase XerC	SCCmec_AB037671_Type-III_1:11821-13713	SCCmec_AB037671_Type-III_00015
SCCmec_AB037671_Type-III/SCCmec_AB037671_Type-III:CDS	Streptomycin 3''-adenylyltransferase	SCCmec_AB037671_Type-III_1:14248-14772	SCCmec_AB037671_Type-III_00017
SCCmec_AB037671_Type-III/SCCmec_AB037671_Type-III:CDS	Streptomycin 3''-adenylyltransferase	SCCmec_AB037671_Type-III_1:14756-15031	SCCmec_AB037671_Type-III_00018

DiscRep_ALL:DISC_QUALITY_SCORES::Quality scores are missing on all sequences.

DiscRep_ALL:ONCALLER_COMMENT_PRESENT::1 comment descriptors were found (all same)
SCCmec_AB037671_Type-III/SCCmec_AB037671_Type-III:10:SCCmec_AB037671_Type-III_1:Annotated using prokka 1.12 from https://github.com/tseemann/prokka

DiscRep_ALL:SHORT_PROT_SEQUENCES::1 protein sequences are shorter than 50 aa.
SCCmec_AB037671_Type-III/SCCmec_AB037671_Type-III:10:SCCmec_AB037671_Type-III_00046 (length 33)

DiscRep_ALL:MISSING_GENOMEASSEMBLY_COMMENTS::1 bioseqs are missing GenomeAssembly structured comments
SCCmec_AB037671_Type-III/SCCmec_AB037671_Type-III:10:SCCmec_AB037671_Type-III_1 (length 67394)

DiscRep_ALL:MOLTYPE_NOT_MRNA::1 molecule types are not set as mRNA.
SCCmec_AB037671_Type-III/SCCmec_AB037671_Type-III:10:SCCmec_AB037671_Type-III_1 (length 67394)

DiscRep_ALL:TECHNIQUE_NOT_TSA::1 technique are not set as TSA
SCCmec_AB037671_Type-III/SCCmec_AB037671_Type-III:10:SCCmec_AB037671_Type-III_1 (length 67394)

DiscRep_ALL:MISSING_STRUCTURED_COMMENT::1 sequences do not include structured comments.
SCCmec_AB037671_Type-III/SCCmec_AB037671_Type-III:10:SCCmec_AB037671_Type-III_1 (length 67394)

DiscRep_ALL:MISSING_PROJECT::79 sequences do not include project.
SCCmec_AB037671_Type-III/SCCmec_AB037671_Type-III:10:SCCmec_AB037671_Type-III_1 (length 67394)
SCCmec_AB037671_Type-III/SCCmec_AB037671_Type-III:10:SCCmec_AB037671_Type-III_00001 (length 159)
SCCmec_AB037671_Type-III/SCCmec_AB037671_Type-III:10:SCCmec_AB037671_Type-III_00002 (length 51)
SCCmec_AB037671_Type-III/SCCmec_AB037671_Type-III:10:SCCmec_AB037671_Type-III_00003 (length 101)
SCCmec_AB037671_Type-III/SCCmec_AB037671_Type-III:10:SCCmec_AB037671_Type-III_00004 (length 287)
SCCmec_AB037671_Type-III/SCCmec_AB037671_Type-III:10:SCCmec_AB037671_Type-III_00005 (length 499)
SCCmec_AB037671_Type-III/SCCmec_AB037671_Type-III:10:SCCmec_AB037671_Type-III_00006 (length 366)
SCCmec_AB037671_Type-III/SCCmec_AB037671_Type-III:10:SCCmec_AB037671_Type-III_00007 (length 123)
SCCmec_AB037671_Type-III/SCCmec_AB037671_Type-III:10:SCCmec_AB037671_Type-III_00008 (length 547)
SCCmec_AB037671_Type-III/SCCmec_AB037671_Type-III:10:SCCmec_AB037671_Type-III_00009 (length 517)
SCCmec_AB037671_Type-III/SCCmec_AB037671_Type-III:10:SCCmec_AB037671_Type-III_00010 (length 113)
SCCmec_AB037671_Type-III/SCCmec_AB037671_Type-III:10:SCCmec_AB037671_Type-III_00011 (length 103)
SCCmec_AB037671_Type-III/SCCmec_AB037671_Type-III:10:SCCmec_AB037671_Type-III_00012 (length 168)
SCCmec_AB037671_Type-III/SCCmec_AB037671_Type-III:10:SCCmec_AB037671_Type-III_00013 (length 105)
SCCmec_AB037671_Type-III/SCCmec_AB037671_Type-III:10:SCCmec_AB037671_Type-III_00014 (length 361)
SCCmec_AB037671_Type-III/SCCmec_AB037671_Type-III:10:SCCmec_AB037671_Type-III_00015 (length 630)
SCCmec_AB037671_Type-III/SCCmec_AB037671_Type-III:10:SCCmec_AB037671_Type-III_00016 (length 125)
SCCmec_AB037671_Type-III/SCCmec_AB037671_Type-III:10:SCCmec_AB037671_Type-III_00017 (length 174)
SCCmec_AB037671_Type-III/SCCmec_AB037671_Type-III:10:SCCmec_AB037671_Type-III_00018 (length 91)
SCCmec_AB037671_Type-III/SCCmec_AB037671_Type-III:10:SCCmec_AB037671_Type-III_00019 (length 243)
SCCmec_AB037671_Type-III/SCCmec_AB037671_Type-III:10:SCCmec_AB037671_Type-III_00020 (length 220)
SCCmec_AB037671_Type-III/SCCmec_AB037671_Type-III:10:SCCmec_AB037671_Type-III_00021 (length 290)
SCCmec_AB037671_Type-III/SCCmec_AB037671_Type-III:10:SCCmec_AB037671_Type-III_00022 (length 102)
SCCmec_AB037671_Type-III/SCCmec_AB037671_Type-III:10:SCCmec_AB037671_Type-III_00023 (length 162)
SCCmec_AB037671_Type-III/SCCmec_AB037671_Type-III:10:SCCmec_AB037671_Type-III_00024 (length 175)
SCCmec_AB037671_Type-III/SCCmec_AB037671_Type-III:10:SCCmec_AB037671_Type-III_00025 (length 147)
SCCmec_AB037671_Type-III/SCCmec_AB037671_Type-III:10:SCCmec_AB037671_Type-III_00026 (length 73)
SCCmec_AB037671_Type-III/SCCmec_AB037671_Type-III:10:SCCmec_AB037671_Type-III_00027 (length 62)
SCCmec_AB037671_Type-III/SCCmec_AB037671_Type-III:10:SCCmec_AB037671_Type-III_00028 (length 107)
SCCmec_AB037671_Type-III/SCCmec_AB037671_Type-III:10:SCCmec_AB037671_Type-III_00029 (length 729)
SCCmec_AB037671_Type-III/SCCmec_AB037671_Type-III:10:SCCmec_AB037671_Type-III_00030 (length 224)
SCCmec_AB037671_Type-III/SCCmec_AB037671_Type-III:10:SCCmec_AB037671_Type-III_00031 (length 453)
SCCmec_AB037671_Type-III/SCCmec_AB037671_Type-III:10:SCCmec_AB037671_Type-III_00032 (length 135)
SCCmec_AB037671_Type-III/SCCmec_AB037671_Type-III:10:SCCmec_AB037671_Type-III_00033 (length 117)
SCCmec_AB037671_Type-III/SCCmec_AB037671_Type-III:10:SCCmec_AB037671_Type-III_00034 (length 226)
SCCmec_AB037671_Type-III/SCCmec_AB037671_Type-III:10:SCCmec_AB037671_Type-III_00035 (length 111)
SCCmec_AB037671_Type-III/SCCmec_AB037671_Type-III:10:SCCmec_AB037671_Type-III_00036 (length 547)
SCCmec_AB037671_Type-III/SCCmec_AB037671_Type-III:10:SCCmec_AB037671_Type-III_00037 (length 216)
SCCmec_AB037671_Type-III/SCCmec_AB037671_Type-III:10:SCCmec_AB037671_Type-III_00038 (length 180)
SCCmec_AB037671_Type-III/SCCmec_AB037671_Type-III:10:SCCmec_AB037671_Type-III_00039 (length 224)
SCCmec_AB037671_Type-III/SCCmec_AB037671_Type-III:10:SCCmec_AB037671_Type-III_00040 (length 110)
SCCmec_AB037671_Type-III/SCCmec_AB037671_Type-III:10:SCCmec_AB037671_Type-III_00041 (length 80)
SCCmec_AB037671_Type-III/SCCmec_AB037671_Type-III:10:SCCmec_AB037671_Type-III_00042 (length 224)
SCCmec_AB037671_Type-III/SCCmec_AB037671_Type-III:10:SCCmec_AB037671_Type-III_00043 (length 265)
SCCmec_AB037671_Type-III/SCCmec_AB037671_Type-III:10:SCCmec_AB037671_Type-III_00044 (length 178)
SCCmec_AB037671_Type-III/SCCmec_AB037671_Type-III:10:SCCmec_AB037671_Type-III_00045 (length 413)
SCCmec_AB037671_Type-III/SCCmec_AB037671_Type-III:10:SCCmec_AB037671_Type-III_00046 (length 33)
SCCmec_AB037671_Type-III/SCCmec_AB037671_Type-III:10:SCCmec_AB037671_Type-III_00047 (length 314)
SCCmec_AB037671_Type-III/SCCmec_AB037671_Type-III:10:SCCmec_AB037671_Type-III_00048 (length 224)
SCCmec_AB037671_Type-III/SCCmec_AB037671_Type-III:10:SCCmec_AB037671_Type-III_00049 (length 55)
SCCmec_AB037671_Type-III/SCCmec_AB037671_Type-III:10:SCCmec_AB037671_Type-III_00050 (length 76)
SCCmec_AB037671_Type-III/SCCmec_AB037671_Type-III:10:SCCmec_AB037671_Type-III_00051 (length 247)
SCCmec_AB037671_Type-III/SCCmec_AB037671_Type-III:10:SCCmec_AB037671_Type-III_00052 (length 142)
SCCmec_AB037671_Type-III/SCCmec_AB037671_Type-III:10:SCCmec_AB037671_Type-III_00053 (length 668)
SCCmec_AB037671_Type-III/SCCmec_AB037671_Type-III:10:SCCmec_AB037671_Type-III_00054 (length 513)
SCCmec_AB037671_Type-III/SCCmec_AB037671_Type-III:10:SCCmec_AB037671_Type-III_00055 (length 67)
SCCmec_AB037671_Type-III/SCCmec_AB037671_Type-III:10:SCCmec_AB037671_Type-III_00056 (length 382)
SCCmec_AB037671_Type-III/SCCmec_AB037671_Type-III:10:SCCmec_AB037671_Type-III_00057 (length 101)
SCCmec_AB037671_Type-III/SCCmec_AB037671_Type-III:10:SCCmec_AB037671_Type-III_00058 (length 312)
SCCmec_AB037671_Type-III/SCCmec_AB037671_Type-III:10:SCCmec_AB037671_Type-III_00059 (length 354)
SCCmec_AB037671_Type-III/SCCmec_AB037671_Type-III:10:SCCmec_AB037671_Type-III_00060 (length 86)
SCCmec_AB037671_Type-III/SCCmec_AB037671_Type-III:10:SCCmec_AB037671_Type-III_00061 (length 209)
SCCmec_AB037671_Type-III/SCCmec_AB037671_Type-III:10:SCCmec_AB037671_Type-III_00062 (length 228)
SCCmec_AB037671_Type-III/SCCmec_AB037671_Type-III:10:SCCmec_AB037671_Type-III_00063 (length 804)
SCCmec_AB037671_Type-III/SCCmec_AB037671_Type-III:10:SCCmec_AB037671_Type-III_00064 (length 121)
SCCmec_AB037671_Type-III/SCCmec_AB037671_Type-III:10:SCCmec_AB037671_Type-III_00065 (length 125)
SCCmec_AB037671_Type-III/SCCmec_AB037671_Type-III:10:SCCmec_AB037671_Type-III_00066 (length 630)
SCCmec_AB037671_Type-III/SCCmec_AB037671_Type-III:10:SCCmec_AB037671_Type-III_00067 (length 107)
SCCmec_AB037671_Type-III/SCCmec_AB037671_Type-III:10:SCCmec_AB037671_Type-III_00068 (length 68)
SCCmec_AB037671_Type-III/SCCmec_AB037671_Type-III:10:SCCmec_AB037671_Type-III_00069 (length 173)
SCCmec_AB037671_Type-III/SCCmec_AB037671_Type-III:10:SCCmec_AB037671_Type-III_00070 (length 131)
SCCmec_AB037671_Type-III/SCCmec_AB037671_Type-III:10:SCCmec_AB037671_Type-III_00071 (length 116)
SCCmec_AB037671_Type-III/SCCmec_AB037671_Type-III:10:SCCmec_AB037671_Type-III_00072 (length 542)
SCCmec_AB037671_Type-III/SCCmec_AB037671_Type-III:10:SCCmec_AB037671_Type-III_00073 (length 448)
SCCmec_AB037671_Type-III/SCCmec_AB037671_Type-III:10:SCCmec_AB037671_Type-III_00074 (length 112)
SCCmec_AB037671_Type-III/SCCmec_AB037671_Type-III:10:SCCmec_AB037671_Type-III_00075 (length 522)
SCCmec_AB037671_Type-III/SCCmec_AB037671_Type-III:10:SCCmec_AB037671_Type-III_00076 (length 95)
SCCmec_AB037671_Type-III/SCCmec_AB037671_Type-III:10:SCCmec_AB037671_Type-III_00077 (length 343)
SCCmec_AB037671_Type-III/SCCmec_AB037671_Type-III:10:SCCmec_AB037671_Type-III_00078 (length 190)

DiscRep_ALL:DISC_INCONSISTENT_MOLINFO_TECH::Molinfo Technique Report (some missing, all same)
DiscRep_SUB:DISC_INCONSISTENT_MOLINFO_TECH::technique (all missing)
DiscRep_SUB:DISC_INCONSISTENT_MOLINFO_TECH::1 Molinfos are missing field technique
SCCmec_AB037671_Type-III/SCCmec_AB037671_Type-III:10:SCCmec_AB037671_Type-III_1 (length 67394)

