Discrepancy Report Results

Summary
FATAL: BAD_LOCUS_TAG_FORMAT:70 locus tags are incorrectly formatted.
FATAL: MISSING_PROTEIN_ID:70 proteins have invalid IDs.
DISC_SOURCE_QUALS_ASNDISC:strain (all present, all unique)
DISC_SOURCE_QUALS_ASNDISC:taxname (all present, all unique)
DISC_FEATURE_COUNT:gene: 70 present
DISC_FEATURE_COUNT:CDS: 70 present
DISC_FEATURE_COUNT:mRNA: 70 present
DISC_COUNT_NUCLEOTIDES:1 nucleotide Bioseqs are present
OVERLAPPING_GENES:13 genes overlap another gene on the same strand.
DISC_QUALITY_SCORES:Quality scores are missing on all sequences.
ONCALLER_COMMENT_PRESENT:1 comment descriptors were found (all same)
MISSING_GENOMEASSEMBLY_COMMENTS:1 bioseqs are missing GenomeAssembly structured comments
MOLTYPE_NOT_MRNA:1 molecule types are not set as mRNA.
TECHNIQUE_NOT_TSA:1 technique are not set as TSA
MISSING_STRUCTURED_COMMENT:1 sequences do not include structured comments.
MISSING_PROJECT:71 sequences do not include project.
DISC_INCONSISTENT_MOLINFO_TECH:Molinfo Technique Report (some missing, all same)


Detailed Report

FATAL: DiscRep_ALL:BAD_LOCUS_TAG_FORMAT::70 locus tags are incorrectly formatted.
PROKKA_NZ_CP012011/PROKKA_NZ_CP012011:Gene	rlmH	sccmec_saures_NZ_CP012011_l62358:1-480	NZ_CP012011_SCCmec_00001
PROKKA_NZ_CP012011/PROKKA_NZ_CP012011:Gene	NZ_CP012011_SCCmec_00002	sccmec_saures_NZ_CP012011_l62358:522-677	NZ_CP012011_SCCmec_00002
PROKKA_NZ_CP012011/PROKKA_NZ_CP012011:Gene	NZ_CP012011_SCCmec_00003	sccmec_saures_NZ_CP012011_l62358:726-1031	NZ_CP012011_SCCmec_00003
PROKKA_NZ_CP012011/PROKKA_NZ_CP012011:Gene	NZ_CP012011_SCCmec_00004	sccmec_saures_NZ_CP012011_l62358:1229-2092	NZ_CP012011_SCCmec_00004
PROKKA_NZ_CP012011/PROKKA_NZ_CP012011:Gene	NZ_CP012011_SCCmec_00005	sccmec_saures_NZ_CP012011_l62358:2176-3675	NZ_CP012011_SCCmec_00005
PROKKA_NZ_CP012011/PROKKA_NZ_CP012011:Gene	NZ_CP012011_SCCmec_00006	sccmec_saures_NZ_CP012011_l62358:3902-5002	NZ_CP012011_SCCmec_00006
PROKKA_NZ_CP012011/PROKKA_NZ_CP012011:Gene	NZ_CP012011_SCCmec_00007	sccmec_saures_NZ_CP012011_l62358:4995-5366	NZ_CP012011_SCCmec_00007
PROKKA_NZ_CP012011/PROKKA_NZ_CP012011:Gene	NZ_CP012011_SCCmec_00008	sccmec_saures_NZ_CP012011_l62358:5363-7006	NZ_CP012011_SCCmec_00008
PROKKA_NZ_CP012011/PROKKA_NZ_CP012011:Gene	hin_1	sccmec_saures_NZ_CP012011_l62358:7231-8910	NZ_CP012011_SCCmec_00009
PROKKA_NZ_CP012011/PROKKA_NZ_CP012011:Gene	NZ_CP012011_SCCmec_00010	sccmec_saures_NZ_CP012011_l62358:8963-9337	NZ_CP012011_SCCmec_00010
PROKKA_NZ_CP012011/PROKKA_NZ_CP012011:Gene	NZ_CP012011_SCCmec_00011	sccmec_saures_NZ_CP012011_l62358:9416-9742	NZ_CP012011_SCCmec_00011
PROKKA_NZ_CP012011/PROKKA_NZ_CP012011:Gene	NZ_CP012011_SCCmec_00012	sccmec_saures_NZ_CP012011_l62358:9758-10264	NZ_CP012011_SCCmec_00012
PROKKA_NZ_CP012011/PROKKA_NZ_CP012011:Gene	NZ_CP012011_SCCmec_00013	sccmec_saures_NZ_CP012011_l62358:10285-10602	NZ_CP012011_SCCmec_00013
PROKKA_NZ_CP012011/PROKKA_NZ_CP012011:Gene	xerC_1	sccmec_saures_NZ_CP012011_l62358:10721-11806	NZ_CP012011_SCCmec_00014
PROKKA_NZ_CP012011/PROKKA_NZ_CP012011:Gene	NZ_CP012011_SCCmec_00015	sccmec_saures_NZ_CP012011_l62358:11803-12216	NZ_CP012011_SCCmec_00015
PROKKA_NZ_CP012011/PROKKA_NZ_CP012011:Gene	NZ_CP012011_SCCmec_00016	sccmec_saures_NZ_CP012011_l62358:12285-12617	NZ_CP012011_SCCmec_00016
PROKKA_NZ_CP012011/PROKKA_NZ_CP012011:Gene	xerD	sccmec_saures_NZ_CP012011_l62358:12691-13704	NZ_CP012011_SCCmec_00017
PROKKA_NZ_CP012011/PROKKA_NZ_CP012011:Gene	NZ_CP012011_SCCmec_00018	sccmec_saures_NZ_CP012011_l62358:13711-14088	NZ_CP012011_SCCmec_00018
PROKKA_NZ_CP012011/PROKKA_NZ_CP012011:Gene	ant1_1	sccmec_saures_NZ_CP012011_l62358:14239-14538	NZ_CP012011_SCCmec_00019
PROKKA_NZ_CP012011/PROKKA_NZ_CP012011:Gene	ant1_2	sccmec_saures_NZ_CP012011_l62358:14629-14886	NZ_CP012011_SCCmec_00020
PROKKA_NZ_CP012011/PROKKA_NZ_CP012011:Gene	ermA1	sccmec_saures_NZ_CP012011_l62358:c15879-15148	NZ_CP012011_SCCmec_00021
PROKKA_NZ_CP012011/PROKKA_NZ_CP012011:Gene	ycgJ	sccmec_saures_NZ_CP012011_l62358:16413-17075	NZ_CP012011_SCCmec_00022
PROKKA_NZ_CP012011/PROKKA_NZ_CP012011:Gene	NZ_CP012011_SCCmec_00023	sccmec_saures_NZ_CP012011_l62358:17623-18495	NZ_CP012011_SCCmec_00023
PROKKA_NZ_CP012011/PROKKA_NZ_CP012011:Gene	NZ_CP012011_SCCmec_00024	sccmec_saures_NZ_CP012011_l62358:18534-18842	NZ_CP012011_SCCmec_00024
PROKKA_NZ_CP012011/PROKKA_NZ_CP012011:Gene	NZ_CP012011_SCCmec_00025	sccmec_saures_NZ_CP012011_l62358:18858-19346	NZ_CP012011_SCCmec_00025
PROKKA_NZ_CP012011/PROKKA_NZ_CP012011:Gene	NZ_CP012011_SCCmec_00026	sccmec_saures_NZ_CP012011_l62358:c20651-19479	NZ_CP012011_SCCmec_00026
PROKKA_NZ_CP012011/PROKKA_NZ_CP012011:Gene	NZ_CP012011_SCCmec_00027	sccmec_saures_NZ_CP012011_l62358:20813-21340	NZ_CP012011_SCCmec_00027
PROKKA_NZ_CP012011/PROKKA_NZ_CP012011:Gene	NZ_CP012011_SCCmec_00028	sccmec_saures_NZ_CP012011_l62358:21402-21818	NZ_CP012011_SCCmec_00028
PROKKA_NZ_CP012011/PROKKA_NZ_CP012011:Gene	NZ_CP012011_SCCmec_00029	sccmec_saures_NZ_CP012011_l62358:22285-22506	NZ_CP012011_SCCmec_00029
PROKKA_NZ_CP012011/PROKKA_NZ_CP012011:Gene	NZ_CP012011_SCCmec_00030	sccmec_saures_NZ_CP012011_l62358:22642-23220	NZ_CP012011_SCCmec_00030
PROKKA_NZ_CP012011/PROKKA_NZ_CP012011:Gene	hsdR	sccmec_saures_NZ_CP012011_l62358:c25489-23300	NZ_CP012011_SCCmec_00031
PROKKA_NZ_CP012011/PROKKA_NZ_CP012011:Gene	NZ_CP012011_SCCmec_00032	sccmec_saures_NZ_CP012011_l62358:c26249-25575	NZ_CP012011_SCCmec_00032
PROKKA_NZ_CP012011/PROKKA_NZ_CP012011:Gene	garB	sccmec_saures_NZ_CP012011_l62358:26517-27878	NZ_CP012011_SCCmec_00033
PROKKA_NZ_CP012011/PROKKA_NZ_CP012011:Gene	merR1	sccmec_saures_NZ_CP012011_l62358:28178-28585	NZ_CP012011_SCCmec_00034
PROKKA_NZ_CP012011/PROKKA_NZ_CP012011:Gene	NZ_CP012011_SCCmec_00035	sccmec_saures_NZ_CP012011_l62358:28602-29633	NZ_CP012011_SCCmec_00035
PROKKA_NZ_CP012011/PROKKA_NZ_CP012011:Gene	NZ_CP012011_SCCmec_00036	sccmec_saures_NZ_CP012011_l62358:29771-30106	NZ_CP012011_SCCmec_00036
PROKKA_NZ_CP012011/PROKKA_NZ_CP012011:Gene	merA	sccmec_saures_NZ_CP012011_l62358:30164-31807	NZ_CP012011_SCCmec_00037
PROKKA_NZ_CP012011/PROKKA_NZ_CP012011:Gene	merB	sccmec_saures_NZ_CP012011_l62358:31889-32539	NZ_CP012011_SCCmec_00038
PROKKA_NZ_CP012011/PROKKA_NZ_CP012011:Gene	NZ_CP012011_SCCmec_00039	sccmec_saures_NZ_CP012011_l62358:c33276-32734	NZ_CP012011_SCCmec_00039
PROKKA_NZ_CP012011/PROKKA_NZ_CP012011:Gene	NZ_CP012011_SCCmec_00040	sccmec_saures_NZ_CP012011_l62358:c33974-33300	NZ_CP012011_SCCmec_00040
PROKKA_NZ_CP012011/PROKKA_NZ_CP012011:Gene	NZ_CP012011_SCCmec_00041	sccmec_saures_NZ_CP012011_l62358:34232-34399	NZ_CP012011_SCCmec_00041
PROKKA_NZ_CP012011/PROKKA_NZ_CP012011:Gene	NZ_CP012011_SCCmec_00042	sccmec_saures_NZ_CP012011_l62358:34497-34727	NZ_CP012011_SCCmec_00042
PROKKA_NZ_CP012011/PROKKA_NZ_CP012011:Gene	ugpQ	sccmec_saures_NZ_CP012011_l62358:35316-36059	NZ_CP012011_SCCmec_00043
PROKKA_NZ_CP012011/PROKKA_NZ_CP012011:Gene	paaZ	sccmec_saures_NZ_CP012011_l62358:36156-36584	NZ_CP012011_SCCmec_00044
PROKKA_NZ_CP012011/PROKKA_NZ_CP012011:Gene	pbp	sccmec_saures_NZ_CP012011_l62358:c38636-36630	NZ_CP012011_SCCmec_00045
PROKKA_NZ_CP012011/PROKKA_NZ_CP012011:Gene	mecR1	sccmec_saures_NZ_CP012011_l62358:38838-40493	NZ_CP012011_SCCmec_00046
PROKKA_NZ_CP012011/PROKKA_NZ_CP012011:Gene	mecI	sccmec_saures_NZ_CP012011_l62358:40493-40696	NZ_CP012011_SCCmec_00047
PROKKA_NZ_CP012011/PROKKA_NZ_CP012011:Gene	nagC	sccmec_saures_NZ_CP012011_l62358:41337-42485	NZ_CP012011_SCCmec_00048
PROKKA_NZ_CP012011/PROKKA_NZ_CP012011:Gene	pspE_1	sccmec_saures_NZ_CP012011_l62358:c42904-42599	NZ_CP012011_SCCmec_00049
PROKKA_NZ_CP012011/PROKKA_NZ_CP012011:Gene	gloC	sccmec_saures_NZ_CP012011_l62358:c43933-42995	NZ_CP012011_SCCmec_00050
PROKKA_NZ_CP012011/PROKKA_NZ_CP012011:Gene	pspE_2	sccmec_saures_NZ_CP012011_l62358:c45029-43965	NZ_CP012011_SCCmec_00051
PROKKA_NZ_CP012011/PROKKA_NZ_CP012011:Gene	csoR	sccmec_saures_NZ_CP012011_l62358:45165-45425	NZ_CP012011_SCCmec_00052
PROKKA_NZ_CP012011/PROKKA_NZ_CP012011:Gene	NZ_CP012011_SCCmec_00053	sccmec_saures_NZ_CP012011_l62358:45440-46069	NZ_CP012011_SCCmec_00053
PROKKA_NZ_CP012011/PROKKA_NZ_CP012011:Gene	NZ_CP012011_SCCmec_00054	sccmec_saures_NZ_CP012011_l62358:c47023-46337	NZ_CP012011_SCCmec_00054
PROKKA_NZ_CP012011/PROKKA_NZ_CP012011:Gene	cadA	sccmec_saures_NZ_CP012011_l62358:c49449-47035	NZ_CP012011_SCCmec_00055
PROKKA_NZ_CP012011/PROKKA_NZ_CP012011:Gene	cadC	sccmec_saures_NZ_CP012011_l62358:c49807-49442	NZ_CP012011_SCCmec_00056
PROKKA_NZ_CP012011/PROKKA_NZ_CP012011:Gene	NZ_CP012011_SCCmec_00057	sccmec_saures_NZ_CP012011_l62358:c50422-50045	NZ_CP012011_SCCmec_00057
PROKKA_NZ_CP012011/PROKKA_NZ_CP012011:Gene	xerC_2	sccmec_saures_NZ_CP012011_l62358:c52321-50429	NZ_CP012011_SCCmec_00058
PROKKA_NZ_CP012011/PROKKA_NZ_CP012011:Gene	NZ_CP012011_SCCmec_00059	sccmec_saures_NZ_CP012011_l62358:c52839-52516	NZ_CP012011_SCCmec_00059
PROKKA_NZ_CP012011/PROKKA_NZ_CP012011:Gene	NZ_CP012011_SCCmec_00060	sccmec_saures_NZ_CP012011_l62358:c53038-52832	NZ_CP012011_SCCmec_00060
PROKKA_NZ_CP012011/PROKKA_NZ_CP012011:Gene	NZ_CP012011_SCCmec_00061	sccmec_saures_NZ_CP012011_l62358:c53561-53040	NZ_CP012011_SCCmec_00061
PROKKA_NZ_CP012011/PROKKA_NZ_CP012011:Gene	NZ_CP012011_SCCmec_00062	sccmec_saures_NZ_CP012011_l62358:c53975-53580	NZ_CP012011_SCCmec_00062
PROKKA_NZ_CP012011/PROKKA_NZ_CP012011:Gene	NZ_CP012011_SCCmec_00063	sccmec_saures_NZ_CP012011_l62358:c54326-53976	NZ_CP012011_SCCmec_00063
PROKKA_NZ_CP012011/PROKKA_NZ_CP012011:Gene	hin_2	sccmec_saures_NZ_CP012011_l62358:c56425-54797	NZ_CP012011_SCCmec_00064
PROKKA_NZ_CP012011/PROKKA_NZ_CP012011:Gene	tnpR	sccmec_saures_NZ_CP012011_l62358:c57792-56446	NZ_CP012011_SCCmec_00065
PROKKA_NZ_CP012011/PROKKA_NZ_CP012011:Gene	NZ_CP012011_SCCmec_00066	sccmec_saures_NZ_CP012011_l62358:c58323-57985	NZ_CP012011_SCCmec_00066
PROKKA_NZ_CP012011/PROKKA_NZ_CP012011:Gene	NZ_CP012011_SCCmec_00067	sccmec_saures_NZ_CP012011_l62358:c60137-58350	NZ_CP012011_SCCmec_00067
PROKKA_NZ_CP012011/PROKKA_NZ_CP012011:Gene	NZ_CP012011_SCCmec_00068	sccmec_saures_NZ_CP012011_l62358:c60424-60137	NZ_CP012011_SCCmec_00068
PROKKA_NZ_CP012011/PROKKA_NZ_CP012011:Gene	NZ_CP012011_SCCmec_00069	sccmec_saures_NZ_CP012011_l62358:60558-61607	NZ_CP012011_SCCmec_00069
PROKKA_NZ_CP012011/PROKKA_NZ_CP012011:Gene	NZ_CP012011_SCCmec_00070	sccmec_saures_NZ_CP012011_l62358:61660-62232	NZ_CP012011_SCCmec_00070

FATAL: DiscRep_ALL:MISSING_PROTEIN_ID::70 proteins have invalid IDs.
PROKKA_NZ_CP012011/PROKKA_NZ_CP012011:sccmec_saures_NZ_CP012011_l62358_1 (length 159)
PROKKA_NZ_CP012011/PROKKA_NZ_CP012011:sccmec_saures_NZ_CP012011_l62358_2 (length 51)
PROKKA_NZ_CP012011/PROKKA_NZ_CP012011:sccmec_saures_NZ_CP012011_l62358_3 (length 101)
PROKKA_NZ_CP012011/PROKKA_NZ_CP012011:sccmec_saures_NZ_CP012011_l62358_4 (length 287)
PROKKA_NZ_CP012011/PROKKA_NZ_CP012011:sccmec_saures_NZ_CP012011_l62358_5 (length 499)
PROKKA_NZ_CP012011/PROKKA_NZ_CP012011:sccmec_saures_NZ_CP012011_l62358_6 (length 366)
PROKKA_NZ_CP012011/PROKKA_NZ_CP012011:sccmec_saures_NZ_CP012011_l62358_7 (length 123)
PROKKA_NZ_CP012011/PROKKA_NZ_CP012011:sccmec_saures_NZ_CP012011_l62358_8 (length 547)
PROKKA_NZ_CP012011/PROKKA_NZ_CP012011:sccmec_saures_NZ_CP012011_l62358_9 (length 559)
PROKKA_NZ_CP012011/PROKKA_NZ_CP012011:sccmec_saures_NZ_CP012011_l62358_10 (length 124)
PROKKA_NZ_CP012011/PROKKA_NZ_CP012011:sccmec_saures_NZ_CP012011_l62358_11 (length 108)
PROKKA_NZ_CP012011/PROKKA_NZ_CP012011:sccmec_saures_NZ_CP012011_l62358_12 (length 168)
PROKKA_NZ_CP012011/PROKKA_NZ_CP012011:sccmec_saures_NZ_CP012011_l62358_13 (length 105)
PROKKA_NZ_CP012011/PROKKA_NZ_CP012011:sccmec_saures_NZ_CP012011_l62358_14 (length 361)
PROKKA_NZ_CP012011/PROKKA_NZ_CP012011:sccmec_saures_NZ_CP012011_l62358_15 (length 137)
PROKKA_NZ_CP012011/PROKKA_NZ_CP012011:sccmec_saures_NZ_CP012011_l62358_16 (length 110)
PROKKA_NZ_CP012011/PROKKA_NZ_CP012011:sccmec_saures_NZ_CP012011_l62358_17 (length 337)
PROKKA_NZ_CP012011/PROKKA_NZ_CP012011:sccmec_saures_NZ_CP012011_l62358_18 (length 125)
PROKKA_NZ_CP012011/PROKKA_NZ_CP012011:sccmec_saures_NZ_CP012011_l62358_19 (length 99)
PROKKA_NZ_CP012011/PROKKA_NZ_CP012011:sccmec_saures_NZ_CP012011_l62358_20 (length 85)
PROKKA_NZ_CP012011/PROKKA_NZ_CP012011:sccmec_saures_NZ_CP012011_l62358_21 (length 243)
PROKKA_NZ_CP012011/PROKKA_NZ_CP012011:sccmec_saures_NZ_CP012011_l62358_22 (length 220)
PROKKA_NZ_CP012011/PROKKA_NZ_CP012011:sccmec_saures_NZ_CP012011_l62358_23 (length 290)
PROKKA_NZ_CP012011/PROKKA_NZ_CP012011:sccmec_saures_NZ_CP012011_l62358_24 (length 102)
PROKKA_NZ_CP012011/PROKKA_NZ_CP012011:sccmec_saures_NZ_CP012011_l62358_25 (length 162)
PROKKA_NZ_CP012011/PROKKA_NZ_CP012011:sccmec_saures_NZ_CP012011_l62358_26 (length 390)
PROKKA_NZ_CP012011/PROKKA_NZ_CP012011:sccmec_saures_NZ_CP012011_l62358_27 (length 175)
PROKKA_NZ_CP012011/PROKKA_NZ_CP012011:sccmec_saures_NZ_CP012011_l62358_28 (length 138)
PROKKA_NZ_CP012011/PROKKA_NZ_CP012011:sccmec_saures_NZ_CP012011_l62358_29 (length 73)
PROKKA_NZ_CP012011/PROKKA_NZ_CP012011:sccmec_saures_NZ_CP012011_l62358_30 (length 192)
PROKKA_NZ_CP012011/PROKKA_NZ_CP012011:sccmec_saures_NZ_CP012011_l62358_31 (length 729)
PROKKA_NZ_CP012011/PROKKA_NZ_CP012011:sccmec_saures_NZ_CP012011_l62358_32 (length 224)
PROKKA_NZ_CP012011/PROKKA_NZ_CP012011:sccmec_saures_NZ_CP012011_l62358_33 (length 453)
PROKKA_NZ_CP012011/PROKKA_NZ_CP012011:sccmec_saures_NZ_CP012011_l62358_34 (length 135)
PROKKA_NZ_CP012011/PROKKA_NZ_CP012011:sccmec_saures_NZ_CP012011_l62358_35 (length 343)
PROKKA_NZ_CP012011/PROKKA_NZ_CP012011:sccmec_saures_NZ_CP012011_l62358_36 (length 111)
PROKKA_NZ_CP012011/PROKKA_NZ_CP012011:sccmec_saures_NZ_CP012011_l62358_37 (length 547)
PROKKA_NZ_CP012011/PROKKA_NZ_CP012011:sccmec_saures_NZ_CP012011_l62358_38 (length 216)
PROKKA_NZ_CP012011/PROKKA_NZ_CP012011:sccmec_saures_NZ_CP012011_l62358_39 (length 180)
PROKKA_NZ_CP012011/PROKKA_NZ_CP012011:sccmec_saures_NZ_CP012011_l62358_40 (length 224)
PROKKA_NZ_CP012011/PROKKA_NZ_CP012011:sccmec_saures_NZ_CP012011_l62358_41 (length 55)
PROKKA_NZ_CP012011/PROKKA_NZ_CP012011:sccmec_saures_NZ_CP012011_l62358_42 (length 76)
PROKKA_NZ_CP012011/PROKKA_NZ_CP012011:sccmec_saures_NZ_CP012011_l62358_43 (length 247)
PROKKA_NZ_CP012011/PROKKA_NZ_CP012011:sccmec_saures_NZ_CP012011_l62358_44 (length 142)
PROKKA_NZ_CP012011/PROKKA_NZ_CP012011:sccmec_saures_NZ_CP012011_l62358_45 (length 668)
PROKKA_NZ_CP012011/PROKKA_NZ_CP012011:sccmec_saures_NZ_CP012011_l62358_46 (length 551)
PROKKA_NZ_CP012011/PROKKA_NZ_CP012011:sccmec_saures_NZ_CP012011_l62358_47 (length 67)
PROKKA_NZ_CP012011/PROKKA_NZ_CP012011:sccmec_saures_NZ_CP012011_l62358_48 (length 382)
PROKKA_NZ_CP012011/PROKKA_NZ_CP012011:sccmec_saures_NZ_CP012011_l62358_49 (length 101)
PROKKA_NZ_CP012011/PROKKA_NZ_CP012011:sccmec_saures_NZ_CP012011_l62358_50 (length 312)
PROKKA_NZ_CP012011/PROKKA_NZ_CP012011:sccmec_saures_NZ_CP012011_l62358_51 (length 354)
PROKKA_NZ_CP012011/PROKKA_NZ_CP012011:sccmec_saures_NZ_CP012011_l62358_52 (length 86)
PROKKA_NZ_CP012011/PROKKA_NZ_CP012011:sccmec_saures_NZ_CP012011_l62358_53 (length 209)
PROKKA_NZ_CP012011/PROKKA_NZ_CP012011:sccmec_saures_NZ_CP012011_l62358_54 (length 228)
PROKKA_NZ_CP012011/PROKKA_NZ_CP012011:sccmec_saures_NZ_CP012011_l62358_55 (length 804)
PROKKA_NZ_CP012011/PROKKA_NZ_CP012011:sccmec_saures_NZ_CP012011_l62358_56 (length 121)
PROKKA_NZ_CP012011/PROKKA_NZ_CP012011:sccmec_saures_NZ_CP012011_l62358_57 (length 125)
PROKKA_NZ_CP012011/PROKKA_NZ_CP012011:sccmec_saures_NZ_CP012011_l62358_58 (length 630)
PROKKA_NZ_CP012011/PROKKA_NZ_CP012011:sccmec_saures_NZ_CP012011_l62358_59 (length 107)
PROKKA_NZ_CP012011/PROKKA_NZ_CP012011:sccmec_saures_NZ_CP012011_l62358_60 (length 68)
PROKKA_NZ_CP012011/PROKKA_NZ_CP012011:sccmec_saures_NZ_CP012011_l62358_61 (length 173)
PROKKA_NZ_CP012011/PROKKA_NZ_CP012011:sccmec_saures_NZ_CP012011_l62358_62 (length 131)
PROKKA_NZ_CP012011/PROKKA_NZ_CP012011:sccmec_saures_NZ_CP012011_l62358_63 (length 116)
PROKKA_NZ_CP012011/PROKKA_NZ_CP012011:sccmec_saures_NZ_CP012011_l62358_64 (length 542)
PROKKA_NZ_CP012011/PROKKA_NZ_CP012011:sccmec_saures_NZ_CP012011_l62358_65 (length 448)
PROKKA_NZ_CP012011/PROKKA_NZ_CP012011:sccmec_saures_NZ_CP012011_l62358_66 (length 112)
PROKKA_NZ_CP012011/PROKKA_NZ_CP012011:sccmec_saures_NZ_CP012011_l62358_67 (length 595)
PROKKA_NZ_CP012011/PROKKA_NZ_CP012011:sccmec_saures_NZ_CP012011_l62358_68 (length 95)
PROKKA_NZ_CP012011/PROKKA_NZ_CP012011:sccmec_saures_NZ_CP012011_l62358_69 (length 349)
PROKKA_NZ_CP012011/PROKKA_NZ_CP012011:sccmec_saures_NZ_CP012011_l62358_70 (length 190)

DiscRep_ALL:DISC_SOURCE_QUALS_ASNDISC::strain (all present, all unique)
DiscRep_SUB:DISC_SOURCE_QUALS_ASNDISC::1 sources have unique values for strain
DiscRep_ALL:DISC_SOURCE_QUALS_ASNDISC::taxname (all present, all unique)
DiscRep_SUB:DISC_SOURCE_QUALS_ASNDISC::1 sources have unique values for taxname
DiscRep_ALL:DISC_FEATURE_COUNT::gene: 70 present
DiscRep_ALL:DISC_FEATURE_COUNT::CDS: 70 present
DiscRep_ALL:DISC_FEATURE_COUNT::mRNA: 70 present
DiscRep_ALL:DISC_COUNT_NUCLEOTIDES::1 nucleotide Bioseqs are present
PROKKA_NZ_CP012011/PROKKA_NZ_CP012011:sccmec_saures_NZ_CP012011_l62358 (length 62358)

DiscRep_ALL:OVERLAPPING_GENES::13 genes overlap another gene on the same strand.
PROKKA_NZ_CP012011/PROKKA_NZ_CP012011:Gene	NZ_CP012011_SCCmec_00006	sccmec_saures_NZ_CP012011_l62358:3902-5002	NZ_CP012011_SCCmec_00006
PROKKA_NZ_CP012011/PROKKA_NZ_CP012011:Gene	NZ_CP012011_SCCmec_00007	sccmec_saures_NZ_CP012011_l62358:4995-5366	NZ_CP012011_SCCmec_00007
PROKKA_NZ_CP012011/PROKKA_NZ_CP012011:Gene	NZ_CP012011_SCCmec_00008	sccmec_saures_NZ_CP012011_l62358:5363-7006	NZ_CP012011_SCCmec_00008
PROKKA_NZ_CP012011/PROKKA_NZ_CP012011:Gene	xerC_1	sccmec_saures_NZ_CP012011_l62358:10721-11806	NZ_CP012011_SCCmec_00014
PROKKA_NZ_CP012011/PROKKA_NZ_CP012011:Gene	NZ_CP012011_SCCmec_00015	sccmec_saures_NZ_CP012011_l62358:11803-12216	NZ_CP012011_SCCmec_00015
PROKKA_NZ_CP012011/PROKKA_NZ_CP012011:Gene	mecR1	sccmec_saures_NZ_CP012011_l62358:38838-40493	NZ_CP012011_SCCmec_00046
PROKKA_NZ_CP012011/PROKKA_NZ_CP012011:Gene	mecI	sccmec_saures_NZ_CP012011_l62358:40493-40696	NZ_CP012011_SCCmec_00047
PROKKA_NZ_CP012011/PROKKA_NZ_CP012011:Gene	cadA	sccmec_saures_NZ_CP012011_l62358:c49449-47035	NZ_CP012011_SCCmec_00055
PROKKA_NZ_CP012011/PROKKA_NZ_CP012011:Gene	cadC	sccmec_saures_NZ_CP012011_l62358:c49807-49442	NZ_CP012011_SCCmec_00056
PROKKA_NZ_CP012011/PROKKA_NZ_CP012011:Gene	NZ_CP012011_SCCmec_00059	sccmec_saures_NZ_CP012011_l62358:c52839-52516	NZ_CP012011_SCCmec_00059
PROKKA_NZ_CP012011/PROKKA_NZ_CP012011:Gene	NZ_CP012011_SCCmec_00060	sccmec_saures_NZ_CP012011_l62358:c53038-52832	NZ_CP012011_SCCmec_00060
PROKKA_NZ_CP012011/PROKKA_NZ_CP012011:Gene	NZ_CP012011_SCCmec_00067	sccmec_saures_NZ_CP012011_l62358:c60137-58350	NZ_CP012011_SCCmec_00067
PROKKA_NZ_CP012011/PROKKA_NZ_CP012011:Gene	NZ_CP012011_SCCmec_00068	sccmec_saures_NZ_CP012011_l62358:c60424-60137	NZ_CP012011_SCCmec_00068

DiscRep_ALL:DISC_QUALITY_SCORES::Quality scores are missing on all sequences.

DiscRep_ALL:ONCALLER_COMMENT_PRESENT::1 comment descriptors were found (all same)
PROKKA_NZ_CP012011/PROKKA_NZ_CP012011:sccmec_saures_NZ_CP012011_l62358:Annotated using prokka 1.12 from https://github.com/tseemann/prokka

DiscRep_ALL:MISSING_GENOMEASSEMBLY_COMMENTS::1 bioseqs are missing GenomeAssembly structured comments
PROKKA_NZ_CP012011/PROKKA_NZ_CP012011:sccmec_saures_NZ_CP012011_l62358 (length 62358)

DiscRep_ALL:MOLTYPE_NOT_MRNA::1 molecule types are not set as mRNA.
PROKKA_NZ_CP012011/PROKKA_NZ_CP012011:sccmec_saures_NZ_CP012011_l62358 (length 62358)

DiscRep_ALL:TECHNIQUE_NOT_TSA::1 technique are not set as TSA
PROKKA_NZ_CP012011/PROKKA_NZ_CP012011:sccmec_saures_NZ_CP012011_l62358 (length 62358)

DiscRep_ALL:MISSING_STRUCTURED_COMMENT::1 sequences do not include structured comments.
PROKKA_NZ_CP012011/PROKKA_NZ_CP012011:sccmec_saures_NZ_CP012011_l62358 (length 62358)

DiscRep_ALL:MISSING_PROJECT::71 sequences do not include project.
PROKKA_NZ_CP012011/PROKKA_NZ_CP012011:sccmec_saures_NZ_CP012011_l62358 (length 62358)
PROKKA_NZ_CP012011/PROKKA_NZ_CP012011:sccmec_saures_NZ_CP012011_l62358_1 (length 159)
PROKKA_NZ_CP012011/PROKKA_NZ_CP012011:sccmec_saures_NZ_CP012011_l62358_2 (length 51)
PROKKA_NZ_CP012011/PROKKA_NZ_CP012011:sccmec_saures_NZ_CP012011_l62358_3 (length 101)
PROKKA_NZ_CP012011/PROKKA_NZ_CP012011:sccmec_saures_NZ_CP012011_l62358_4 (length 287)
PROKKA_NZ_CP012011/PROKKA_NZ_CP012011:sccmec_saures_NZ_CP012011_l62358_5 (length 499)
PROKKA_NZ_CP012011/PROKKA_NZ_CP012011:sccmec_saures_NZ_CP012011_l62358_6 (length 366)
PROKKA_NZ_CP012011/PROKKA_NZ_CP012011:sccmec_saures_NZ_CP012011_l62358_7 (length 123)
PROKKA_NZ_CP012011/PROKKA_NZ_CP012011:sccmec_saures_NZ_CP012011_l62358_8 (length 547)
PROKKA_NZ_CP012011/PROKKA_NZ_CP012011:sccmec_saures_NZ_CP012011_l62358_9 (length 559)
PROKKA_NZ_CP012011/PROKKA_NZ_CP012011:sccmec_saures_NZ_CP012011_l62358_10 (length 124)
PROKKA_NZ_CP012011/PROKKA_NZ_CP012011:sccmec_saures_NZ_CP012011_l62358_11 (length 108)
PROKKA_NZ_CP012011/PROKKA_NZ_CP012011:sccmec_saures_NZ_CP012011_l62358_12 (length 168)
PROKKA_NZ_CP012011/PROKKA_NZ_CP012011:sccmec_saures_NZ_CP012011_l62358_13 (length 105)
PROKKA_NZ_CP012011/PROKKA_NZ_CP012011:sccmec_saures_NZ_CP012011_l62358_14 (length 361)
PROKKA_NZ_CP012011/PROKKA_NZ_CP012011:sccmec_saures_NZ_CP012011_l62358_15 (length 137)
PROKKA_NZ_CP012011/PROKKA_NZ_CP012011:sccmec_saures_NZ_CP012011_l62358_16 (length 110)
PROKKA_NZ_CP012011/PROKKA_NZ_CP012011:sccmec_saures_NZ_CP012011_l62358_17 (length 337)
PROKKA_NZ_CP012011/PROKKA_NZ_CP012011:sccmec_saures_NZ_CP012011_l62358_18 (length 125)
PROKKA_NZ_CP012011/PROKKA_NZ_CP012011:sccmec_saures_NZ_CP012011_l62358_19 (length 99)
PROKKA_NZ_CP012011/PROKKA_NZ_CP012011:sccmec_saures_NZ_CP012011_l62358_20 (length 85)
PROKKA_NZ_CP012011/PROKKA_NZ_CP012011:sccmec_saures_NZ_CP012011_l62358_21 (length 243)
PROKKA_NZ_CP012011/PROKKA_NZ_CP012011:sccmec_saures_NZ_CP012011_l62358_22 (length 220)
PROKKA_NZ_CP012011/PROKKA_NZ_CP012011:sccmec_saures_NZ_CP012011_l62358_23 (length 290)
PROKKA_NZ_CP012011/PROKKA_NZ_CP012011:sccmec_saures_NZ_CP012011_l62358_24 (length 102)
PROKKA_NZ_CP012011/PROKKA_NZ_CP012011:sccmec_saures_NZ_CP012011_l62358_25 (length 162)
PROKKA_NZ_CP012011/PROKKA_NZ_CP012011:sccmec_saures_NZ_CP012011_l62358_26 (length 390)
PROKKA_NZ_CP012011/PROKKA_NZ_CP012011:sccmec_saures_NZ_CP012011_l62358_27 (length 175)
PROKKA_NZ_CP012011/PROKKA_NZ_CP012011:sccmec_saures_NZ_CP012011_l62358_28 (length 138)
PROKKA_NZ_CP012011/PROKKA_NZ_CP012011:sccmec_saures_NZ_CP012011_l62358_29 (length 73)
PROKKA_NZ_CP012011/PROKKA_NZ_CP012011:sccmec_saures_NZ_CP012011_l62358_30 (length 192)
PROKKA_NZ_CP012011/PROKKA_NZ_CP012011:sccmec_saures_NZ_CP012011_l62358_31 (length 729)
PROKKA_NZ_CP012011/PROKKA_NZ_CP012011:sccmec_saures_NZ_CP012011_l62358_32 (length 224)
PROKKA_NZ_CP012011/PROKKA_NZ_CP012011:sccmec_saures_NZ_CP012011_l62358_33 (length 453)
PROKKA_NZ_CP012011/PROKKA_NZ_CP012011:sccmec_saures_NZ_CP012011_l62358_34 (length 135)
PROKKA_NZ_CP012011/PROKKA_NZ_CP012011:sccmec_saures_NZ_CP012011_l62358_35 (length 343)
PROKKA_NZ_CP012011/PROKKA_NZ_CP012011:sccmec_saures_NZ_CP012011_l62358_36 (length 111)
PROKKA_NZ_CP012011/PROKKA_NZ_CP012011:sccmec_saures_NZ_CP012011_l62358_37 (length 547)
PROKKA_NZ_CP012011/PROKKA_NZ_CP012011:sccmec_saures_NZ_CP012011_l62358_38 (length 216)
PROKKA_NZ_CP012011/PROKKA_NZ_CP012011:sccmec_saures_NZ_CP012011_l62358_39 (length 180)
PROKKA_NZ_CP012011/PROKKA_NZ_CP012011:sccmec_saures_NZ_CP012011_l62358_40 (length 224)
PROKKA_NZ_CP012011/PROKKA_NZ_CP012011:sccmec_saures_NZ_CP012011_l62358_41 (length 55)
PROKKA_NZ_CP012011/PROKKA_NZ_CP012011:sccmec_saures_NZ_CP012011_l62358_42 (length 76)
PROKKA_NZ_CP012011/PROKKA_NZ_CP012011:sccmec_saures_NZ_CP012011_l62358_43 (length 247)
PROKKA_NZ_CP012011/PROKKA_NZ_CP012011:sccmec_saures_NZ_CP012011_l62358_44 (length 142)
PROKKA_NZ_CP012011/PROKKA_NZ_CP012011:sccmec_saures_NZ_CP012011_l62358_45 (length 668)
PROKKA_NZ_CP012011/PROKKA_NZ_CP012011:sccmec_saures_NZ_CP012011_l62358_46 (length 551)
PROKKA_NZ_CP012011/PROKKA_NZ_CP012011:sccmec_saures_NZ_CP012011_l62358_47 (length 67)
PROKKA_NZ_CP012011/PROKKA_NZ_CP012011:sccmec_saures_NZ_CP012011_l62358_48 (length 382)
PROKKA_NZ_CP012011/PROKKA_NZ_CP012011:sccmec_saures_NZ_CP012011_l62358_49 (length 101)
PROKKA_NZ_CP012011/PROKKA_NZ_CP012011:sccmec_saures_NZ_CP012011_l62358_50 (length 312)
PROKKA_NZ_CP012011/PROKKA_NZ_CP012011:sccmec_saures_NZ_CP012011_l62358_51 (length 354)
PROKKA_NZ_CP012011/PROKKA_NZ_CP012011:sccmec_saures_NZ_CP012011_l62358_52 (length 86)
PROKKA_NZ_CP012011/PROKKA_NZ_CP012011:sccmec_saures_NZ_CP012011_l62358_53 (length 209)
PROKKA_NZ_CP012011/PROKKA_NZ_CP012011:sccmec_saures_NZ_CP012011_l62358_54 (length 228)
PROKKA_NZ_CP012011/PROKKA_NZ_CP012011:sccmec_saures_NZ_CP012011_l62358_55 (length 804)
PROKKA_NZ_CP012011/PROKKA_NZ_CP012011:sccmec_saures_NZ_CP012011_l62358_56 (length 121)
PROKKA_NZ_CP012011/PROKKA_NZ_CP012011:sccmec_saures_NZ_CP012011_l62358_57 (length 125)
PROKKA_NZ_CP012011/PROKKA_NZ_CP012011:sccmec_saures_NZ_CP012011_l62358_58 (length 630)
PROKKA_NZ_CP012011/PROKKA_NZ_CP012011:sccmec_saures_NZ_CP012011_l62358_59 (length 107)
PROKKA_NZ_CP012011/PROKKA_NZ_CP012011:sccmec_saures_NZ_CP012011_l62358_60 (length 68)
PROKKA_NZ_CP012011/PROKKA_NZ_CP012011:sccmec_saures_NZ_CP012011_l62358_61 (length 173)
PROKKA_NZ_CP012011/PROKKA_NZ_CP012011:sccmec_saures_NZ_CP012011_l62358_62 (length 131)
PROKKA_NZ_CP012011/PROKKA_NZ_CP012011:sccmec_saures_NZ_CP012011_l62358_63 (length 116)
PROKKA_NZ_CP012011/PROKKA_NZ_CP012011:sccmec_saures_NZ_CP012011_l62358_64 (length 542)
PROKKA_NZ_CP012011/PROKKA_NZ_CP012011:sccmec_saures_NZ_CP012011_l62358_65 (length 448)
PROKKA_NZ_CP012011/PROKKA_NZ_CP012011:sccmec_saures_NZ_CP012011_l62358_66 (length 112)
PROKKA_NZ_CP012011/PROKKA_NZ_CP012011:sccmec_saures_NZ_CP012011_l62358_67 (length 595)
PROKKA_NZ_CP012011/PROKKA_NZ_CP012011:sccmec_saures_NZ_CP012011_l62358_68 (length 95)
PROKKA_NZ_CP012011/PROKKA_NZ_CP012011:sccmec_saures_NZ_CP012011_l62358_69 (length 349)
PROKKA_NZ_CP012011/PROKKA_NZ_CP012011:sccmec_saures_NZ_CP012011_l62358_70 (length 190)

DiscRep_ALL:DISC_INCONSISTENT_MOLINFO_TECH::Molinfo Technique Report (some missing, all same)
DiscRep_SUB:DISC_INCONSISTENT_MOLINFO_TECH::technique (all missing)
DiscRep_SUB:DISC_INCONSISTENT_MOLINFO_TECH::1 Molinfos are missing field technique
PROKKA_NZ_CP012011/PROKKA_NZ_CP012011:sccmec_saures_NZ_CP012011_l62358 (length 62358)

