[17:09:59] This is prokka 1.12
[17:09:59] Written by Torsten Seemann <torsten.seemann@gmail.com>
[17:09:59] Homepage is https://github.com/tseemann/prokka
[17:09:59] Local time is Mon May 15 17:09:59 2017
[17:09:59] You are fsepulveda
[17:09:59] Operating system is linux
[17:09:59] You have BioPerl 1.006924
[17:09:59] System has 4 cores.
[17:09:59] Option --cpu asked for 8 cores, but system only has 4
[17:09:59] Will use maximum of 4 cores.
[17:09:59] Annotating as >>> Bacteria <<<
[17:09:59] Creating new output folder: PROKKA_CP016858
[17:09:59] Running: mkdir -p PROKKA_CP016858
[17:09:59] Using filename prefix: PROKKA_CP016858.XXX
[17:09:59] Setting HMMER_NCPU=1
[17:09:59] Writing log to: PROKKA_CP016858/PROKKA_CP016858.log
[17:09:59] Command: /home/fsepulveda/Desktop/tesis/sccmec_classification/prokka-1.12/bin/prokka --genus Staphylococcus --prefix PROKKA_CP016858 --addgenes --addmrna --locustag CP016858_SCCmec /home/fsepulveda/Documents/parte2/229_sccmec/sccmec_CP016858.fasta
[17:09:59] Appending to PATH: /home/fsepulveda/Desktop/tesis/sccmec_classification/prokka-1.12/bin/../binaries/linux
[17:09:59] Appending to PATH: /home/fsepulveda/Desktop/tesis/sccmec_classification/prokka-1.12/bin/../binaries/linux/../common
[17:09:59] Appending to PATH: /home/fsepulveda/Desktop/tesis/sccmec_classification/prokka-1.12/bin
[17:09:59] Looking for 'aragorn' - found /home/fsepulveda/Desktop/tesis/sccmec_classification/prokka-1.12/bin/../binaries/linux/aragorn
[17:09:59] Determined aragorn version is 1.2
[17:09:59] Looking for 'blastp' - found /usr/bin/blastp
[17:09:59] Determined blastp version is 2.2
[17:09:59] Looking for 'cmpress' - found /usr/bin/cmpress
[17:09:59] Determined cmpress version is 1.1
[17:09:59] Looking for 'cmscan' - found /usr/bin/cmscan
[17:09:59] Determined cmscan version is 1.1
[17:09:59] Looking for 'egrep' - found /bin/egrep
[17:09:59] Looking for 'find' - found /usr/bin/find
[17:09:59] Looking for 'grep' - found /bin/grep
[17:09:59] Looking for 'hmmpress' - found /usr/bin/hmmpress
[17:09:59] Determined hmmpress version is 3.1
[17:09:59] Looking for 'hmmscan' - found /usr/bin/hmmscan
[17:09:59] Determined hmmscan version is 3.1
[17:09:59] Looking for 'java' - found /usr/bin/java
[17:09:59] Looking for 'less' - found /usr/bin/less
[17:09:59] Looking for 'makeblastdb' - found /usr/bin/makeblastdb
[17:09:59] Determined makeblastdb version is 2.2
[17:09:59] Looking for 'minced' - found /home/fsepulveda/Desktop/tesis/sccmec_classification/prokka-1.12/bin/../binaries/linux/../common/minced
[17:09:59] Determined minced version is 2.0
[17:09:59] Looking for 'parallel' - found /home/fsepulveda/Desktop/tesis/sccmec_classification/prokka-1.12/bin/../binaries/linux/../common/parallel
[17:09:59] Determined parallel version is 20150122
[17:09:59] Looking for 'prodigal' - found /home/fsepulveda/Desktop/tesis/sccmec_classification/prokka-1.12/bin/../binaries/linux/prodigal
[17:09:59] Determined prodigal version is 2.6
[17:09:59] Looking for 'prokka-genbank_to_fasta_db' - found /home/fsepulveda/Desktop/tesis/sccmec_classification/prokka-1.12/bin/prokka-genbank_to_fasta_db
[17:09:59] Looking for 'sed' - found /bin/sed
[17:09:59] Looking for 'tbl2asn' - found /home/fsepulveda/Desktop/tesis/sccmec_classification/prokka-1.12/bin/../binaries/linux/tbl2asn
[17:09:59] Determined tbl2asn version is 25.3
[17:09:59] Using genetic code table 11.
[17:09:59] Loading and checking input file: /home/fsepulveda/Documents/parte2/229_sccmec/sccmec_CP016858.fasta
[17:09:59] Wrote 1 contigs totalling 55145 bp.
[17:09:59] Predicting tRNAs and tmRNAs
[17:09:59] Running: aragorn -l -gc11  -w PROKKA_CP016858\/PROKKA_CP016858\.fna
[17:09:59] Found 0 tRNAs
[17:09:59] Predicting Ribosomal RNAs
[17:09:59] You need either Barrnap or RNAmmer installed to predict rRNAs!
[17:09:59] Skipping ncRNA search, enable with --rfam if desired.
[17:09:59] Total of 0 tRNA + rRNA features
[17:09:59] Searching for CRISPR repeats
[17:10:00] Found 0 CRISPRs
[17:10:00] Predicting coding sequences
[17:10:00] Contigs total 55145 bp, so using meta mode
[17:10:00] Running: prodigal -i PROKKA_CP016858\/PROKKA_CP016858\.fna -c -m -g 11 -p meta -f sco -q
[17:10:00] Found 61 CDS
[17:10:00] Connecting features back to sequences
[17:10:00] Not using genus-specific database. Try --usegenus to enable it.
[17:10:00] Annotating CDS, please be patient.
[17:10:00] Will use 4 CPUs for similarity searching.
[17:10:00] There are still 61 unannotated CDS left (started with 61)
[17:10:00] Will use blast to search against /home/fsepulveda/Desktop/tesis/sccmec_classification/prokka-1.12/bin/../db/kingdom/Bacteria/sprot with 4 CPUs
[17:10:00] Running: cat PROKKA_CP016858\/sprot\.faa | parallel --gnu --plain -j 4 --block 1790 --recstart '>' --pipe blastp -query - -db /home/fsepulveda/Desktop/tesis/sccmec_classification/prokka-1.12/bin/../db/kingdom/Bacteria/sprot -evalue 1e-06 -num_threads 1 -num_descriptions 1 -num_alignments 1 -seg no > PROKKA_CP016858\/sprot\.blast 2> /dev/null
[17:10:02] Modify product: Uncharacterized ABC transporter ATP-binding protein Rv1281c => putative ABC transporter ATP-binding protein
[17:10:02] Cleaned 1 /product names
[17:10:02] Deleting unwanted file: PROKKA_CP016858/sprot.faa
[17:10:02] Deleting unwanted file: PROKKA_CP016858/sprot.blast
[17:10:02] There are still 37 unannotated CDS left (started with 61)
[17:10:02] Will use hmmer3 to search against /home/fsepulveda/Desktop/tesis/sccmec_classification/prokka-1.12/bin/../db/hmm/HAMAP.hmm with 4 CPUs
[17:10:02] Running: cat PROKKA_CP016858\/HAMAP\.hmm\.faa | parallel --gnu --plain -j 4 --block 844 --recstart '>' --pipe hmmscan --noali --notextw --acc -E 1e-06 --cpu 1 /home/fsepulveda/Desktop/tesis/sccmec_classification/prokka-1.12/bin/../db/hmm/HAMAP.hmm /dev/stdin > PROKKA_CP016858\/HAMAP\.hmm\.hmmer3 2> /dev/null
[17:10:03] Deleting unwanted file: PROKKA_CP016858/HAMAP.hmm.faa
[17:10:03] Deleting unwanted file: PROKKA_CP016858/HAMAP.hmm.hmmer3
[17:10:03] Labelling remaining 35 proteins as 'hypothetical protein'
[17:10:03] Possible /pseudo 'DNA-invertase hin' at sccmec_saures_CP016858_l55145 position 13829
[17:10:03] Possible /pseudo 'Arginine deiminase' at sccmec_saures_CP016858_l55145 position 39800
[17:10:03] Found 22 unique /gene codes.
[17:10:03] Fixed 2 duplicate /gene - arcA_1 arcA_2
[17:10:03] Fixed 2 duplicate /gene - hin_1 hin_2
[17:10:03] Fixed 2 colliding /gene names.
[17:10:03] Adding /locus_tag identifiers
[17:10:03] Assigned 61 locus_tags to CDS and RNA features.
[17:10:03] Writing outputs to PROKKA_CP016858/
[17:10:03] Generating annotation statistics file
[17:10:03] Generating Genbank and Sequin files
[17:10:03] Running: tbl2asn -V b -a r10k -l paired-ends -M n -N 1 -y 'Annotated using prokka 1.12 from https://github.com/tseemann/prokka' -Z PROKKA_CP016858\/PROKKA_CP016858\.err -i PROKKA_CP016858\/PROKKA_CP016858\.fsa 2> /dev/null
[17:10:03] Deleting unwanted file: PROKKA_CP016858/errorsummary.val
[17:10:03] Deleting unwanted file: PROKKA_CP016858/PROKKA_CP016858.dr
[17:10:03] Deleting unwanted file: PROKKA_CP016858/PROKKA_CP016858.fixedproducts
[17:10:03] Deleting unwanted file: PROKKA_CP016858/PROKKA_CP016858.ecn
[17:10:03] Deleting unwanted file: PROKKA_CP016858/PROKKA_CP016858.val
[17:10:03] Repairing broken .GBK output that tbl2asn produces...
[17:10:03] Running: sed 's/COORDINATES: profile/COORDINATES:profile/' < PROKKA_CP016858\/PROKKA_CP016858\.gbf > PROKKA_CP016858\/PROKKA_CP016858\.gbk
[17:10:03] Deleting unwanted file: PROKKA_CP016858/PROKKA_CP016858.gbf
[17:10:03] Output files:
[17:10:03] PROKKA_CP016858/PROKKA_CP016858.ffn
[17:10:03] PROKKA_CP016858/PROKKA_CP016858.tbl
[17:10:03] PROKKA_CP016858/PROKKA_CP016858.fsa
[17:10:03] PROKKA_CP016858/PROKKA_CP016858.gff
[17:10:03] PROKKA_CP016858/PROKKA_CP016858.log
[17:10:03] PROKKA_CP016858/PROKKA_CP016858.faa
[17:10:03] PROKKA_CP016858/PROKKA_CP016858.sqn
[17:10:03] PROKKA_CP016858/PROKKA_CP016858.txt
[17:10:03] PROKKA_CP016858/PROKKA_CP016858.gbk
[17:10:03] PROKKA_CP016858/PROKKA_CP016858.tsv
[17:10:03] PROKKA_CP016858/PROKKA_CP016858.fna
[17:10:03] PROKKA_CP016858/PROKKA_CP016858.err
[17:10:03] Annotation finished successfully.
[17:10:03] Walltime used: 0.07 minutes
[17:10:03] If you use this result please cite the Prokka paper:
[17:10:03] Seemann T (2014) Prokka: rapid prokaryotic genome annotation. Bioinformatics. 30(14):2068-9.
[17:10:03] Type 'prokka --citation' for more details.
[17:10:03] Thank you, come again.
