Discrepancy Report Results

Summary
FATAL: BAD_LOCUS_TAG_FORMAT:61 locus tags are incorrectly formatted.
FATAL: MISSING_PROTEIN_ID:61 proteins have invalid IDs.
DISC_SOURCE_QUALS_ASNDISC:strain (all present, all unique)
DISC_SOURCE_QUALS_ASNDISC:taxname (all present, all unique)
DISC_FEATURE_COUNT:gene: 61 present
DISC_FEATURE_COUNT:CDS: 61 present
DISC_FEATURE_COUNT:mRNA: 61 present
DISC_COUNT_NUCLEOTIDES:1 nucleotide Bioseqs are present
OVERLAPPING_GENES:19 genes overlap another gene on the same strand.
DISC_QUALITY_SCORES:Quality scores are missing on all sequences.
ONCALLER_COMMENT_PRESENT:1 comment descriptors were found (all same)
SHORT_PROT_SEQUENCES:2 protein sequences are shorter than 50 aa.
MISSING_GENOMEASSEMBLY_COMMENTS:1 bioseqs are missing GenomeAssembly structured comments
MOLTYPE_NOT_MRNA:1 molecule types are not set as mRNA.
TECHNIQUE_NOT_TSA:1 technique are not set as TSA
MISSING_STRUCTURED_COMMENT:1 sequences do not include structured comments.
MISSING_PROJECT:62 sequences do not include project.
DISC_INCONSISTENT_MOLINFO_TECH:Molinfo Technique Report (some missing, all same)


Detailed Report

FATAL: DiscRep_ALL:BAD_LOCUS_TAG_FORMAT::61 locus tags are incorrectly formatted.
PROKKA_CP016858/PROKKA_CP016858:Gene	rlmH	sccmec_saures_CP016858_l55145:1-480	CP016858_SCCmec_00001
PROKKA_CP016858/PROKKA_CP016858:Gene	CP016858_SCCmec_00002	sccmec_saures_CP016858_l55145:802-2058	CP016858_SCCmec_00002
PROKKA_CP016858/PROKKA_CP016858:Gene	CP016858_SCCmec_00003	sccmec_saures_CP016858_l55145:c2840-2166	CP016858_SCCmec_00003
PROKKA_CP016858/PROKKA_CP016858:Gene	CP016858_SCCmec_00004	sccmec_saures_CP016858_l55145:3098-3265	CP016858_SCCmec_00004
PROKKA_CP016858/PROKKA_CP016858:Gene	CP016858_SCCmec_00005	sccmec_saures_CP016858_l55145:3363-3593	CP016858_SCCmec_00005
PROKKA_CP016858/PROKKA_CP016858:Gene	ugpQ	sccmec_saures_CP016858_l55145:4102-4845	CP016858_SCCmec_00006
PROKKA_CP016858/PROKKA_CP016858:Gene	paaZ	sccmec_saures_CP016858_l55145:4942-5370	CP016858_SCCmec_00007
PROKKA_CP016858/PROKKA_CP016858:Gene	pbp	sccmec_saures_CP016858_l55145:c7422-5416	CP016858_SCCmec_00008
PROKKA_CP016858/PROKKA_CP016858:Gene	mecR1	sccmec_saures_CP016858_l55145:7522-8508	CP016858_SCCmec_00009
PROKKA_CP016858/PROKKA_CP016858:Gene	CP016858_SCCmec_00010	sccmec_saures_CP016858_l55145:8468-8740	CP016858_SCCmec_00010
PROKKA_CP016858/PROKKA_CP016858:Gene	CP016858_SCCmec_00011	sccmec_saures_CP016858_l55145:c9141-8731	CP016858_SCCmec_00011
PROKKA_CP016858/PROKKA_CP016858:Gene	CP016858_SCCmec_00012	sccmec_saures_CP016858_l55145:c10253-9087	CP016858_SCCmec_00012
PROKKA_CP016858/PROKKA_CP016858:Gene	CP016858_SCCmec_00013	sccmec_saures_CP016858_l55145:c10895-10389	CP016858_SCCmec_00013
PROKKA_CP016858/PROKKA_CP016858:Gene	CP016858_SCCmec_00014	sccmec_saures_CP016858_l55145:c11220-10933	CP016858_SCCmec_00014
PROKKA_CP016858/PROKKA_CP016858:Gene	CP016858_SCCmec_00015	sccmec_saures_CP016858_l55145:c11657-11307	CP016858_SCCmec_00015
PROKKA_CP016858/PROKKA_CP016858:Gene	hin_1	sccmec_saures_CP016858_l55145:c13807-12179	CP016858_SCCmec_00016
PROKKA_CP016858/PROKKA_CP016858:Gene	hin_2	sccmec_saures_CP016858_l55145:c15178-13829	CP016858_SCCmec_00017
PROKKA_CP016858/PROKKA_CP016858:Gene	CP016858_SCCmec_00018	sccmec_saures_CP016858_l55145:c17199-15412	CP016858_SCCmec_00018
PROKKA_CP016858/PROKKA_CP016858:Gene	CP016858_SCCmec_00019	sccmec_saures_CP016858_l55145:c17489-17199	CP016858_SCCmec_00019
PROKKA_CP016858/PROKKA_CP016858:Gene	CP016858_SCCmec_00020	sccmec_saures_CP016858_l55145:17586-18677	CP016858_SCCmec_00020
PROKKA_CP016858/PROKKA_CP016858:Gene	CP016858_SCCmec_00021	sccmec_saures_CP016858_l55145:19350-20840	CP016858_SCCmec_00021
PROKKA_CP016858/PROKKA_CP016858:Gene	gloC	sccmec_saures_CP016858_l55145:c22468-21464	CP016858_SCCmec_00022
PROKKA_CP016858/PROKKA_CP016858:Gene	CP016858_SCCmec_00023	sccmec_saures_CP016858_l55145:22587-22724	CP016858_SCCmec_00023
PROKKA_CP016858/PROKKA_CP016858:Gene	CP016858_SCCmec_00024	sccmec_saures_CP016858_l55145:22721-23092	CP016858_SCCmec_00024
PROKKA_CP016858/PROKKA_CP016858:Gene	CP016858_SCCmec_00025	sccmec_saures_CP016858_l55145:23221-23841	CP016858_SCCmec_00025
PROKKA_CP016858/PROKKA_CP016858:Gene	CP016858_SCCmec_00026	sccmec_saures_CP016858_l55145:c24928-24758	CP016858_SCCmec_00026
PROKKA_CP016858/PROKKA_CP016858:Gene	CP016858_SCCmec_00027	sccmec_saures_CP016858_l55145:25330-26295	CP016858_SCCmec_00027
PROKKA_CP016858/PROKKA_CP016858:Gene	CP016858_SCCmec_00028	sccmec_saures_CP016858_l55145:26675-27004	CP016858_SCCmec_00028
PROKKA_CP016858/PROKKA_CP016858:Gene	CP016858_SCCmec_00029	sccmec_saures_CP016858_l55145:c27440-27081	CP016858_SCCmec_00029
PROKKA_CP016858/PROKKA_CP016858:Gene	CP016858_SCCmec_00030	sccmec_saures_CP016858_l55145:c28820-28011	CP016858_SCCmec_00030
PROKKA_CP016858/PROKKA_CP016858:Gene	CP016858_SCCmec_00031	sccmec_saures_CP016858_l55145:28840-29022	CP016858_SCCmec_00031
PROKKA_CP016858/PROKKA_CP016858:Gene	speG	sccmec_saures_CP016858_l55145:c29829-29353	CP016858_SCCmec_00032
PROKKA_CP016858/PROKKA_CP016858:Gene	adhD	sccmec_saures_CP016858_l55145:30327-31454	CP016858_SCCmec_00033
PROKKA_CP016858/PROKKA_CP016858:Gene	CP016858_SCCmec_00034	sccmec_saures_CP016858_l55145:c31933-31709	CP016858_SCCmec_00034
PROKKA_CP016858/PROKKA_CP016858:Gene	CP016858_SCCmec_00035	sccmec_saures_CP016858_l55145:c32450-31947	CP016858_SCCmec_00035
PROKKA_CP016858/PROKKA_CP016858:Gene	CP016858_SCCmec_00036	sccmec_saures_CP016858_l55145:c32777-32466	CP016858_SCCmec_00036
PROKKA_CP016858/PROKKA_CP016858:Gene	CP016858_SCCmec_00037	sccmec_saures_CP016858_l55145:c32871-32779	CP016858_SCCmec_00037
PROKKA_CP016858/PROKKA_CP016858:Gene	CP016858_SCCmec_00038	sccmec_saures_CP016858_l55145:c33214-32864	CP016858_SCCmec_00038
PROKKA_CP016858/PROKKA_CP016858:Gene	CP016858_SCCmec_00039	sccmec_saures_CP016858_l55145:34171-35022	CP016858_SCCmec_00039
PROKKA_CP016858/PROKKA_CP016858:Gene	arcC1	sccmec_saures_CP016858_l55145:c36050-35187	CP016858_SCCmec_00040
PROKKA_CP016858/PROKKA_CP016858:Gene	argF	sccmec_saures_CP016858_l55145:c37518-36070	CP016858_SCCmec_00041
PROKKA_CP016858/PROKKA_CP016858:Gene	arcD	sccmec_saures_CP016858_l55145:c39256-37835	CP016858_SCCmec_00042
PROKKA_CP016858/PROKKA_CP016858:Gene	arcA_1	sccmec_saures_CP016858_l55145:c39770-39342	CP016858_SCCmec_00043
PROKKA_CP016858/PROKKA_CP016858:Gene	arcA_2	sccmec_saures_CP016858_l55145:c40576-39800	CP016858_SCCmec_00044
PROKKA_CP016858/PROKKA_CP016858:Gene	argR	sccmec_saures_CP016858_l55145:c41290-41057	CP016858_SCCmec_00045
PROKKA_CP016858/PROKKA_CP016858:Gene	CP016858_SCCmec_00046	sccmec_saures_CP016858_l55145:41791-42222	CP016858_SCCmec_00046
PROKKA_CP016858/PROKKA_CP016858:Gene	CP016858_SCCmec_00047	sccmec_saures_CP016858_l55145:42495-42740	CP016858_SCCmec_00047
PROKKA_CP016858/PROKKA_CP016858:Gene	CP016858_SCCmec_00048	sccmec_saures_CP016858_l55145:43356-44171	CP016858_SCCmec_00048
PROKKA_CP016858/PROKKA_CP016858:Gene	CP016858_SCCmec_00049	sccmec_saures_CP016858_l55145:44598-45479	CP016858_SCCmec_00049
PROKKA_CP016858/PROKKA_CP016858:Gene	CP016858_SCCmec_00050	sccmec_saures_CP016858_l55145:45482-45670	CP016858_SCCmec_00050
PROKKA_CP016858/PROKKA_CP016858:Gene	cmoB	sccmec_saures_CP016858_l55145:45930-46622	CP016858_SCCmec_00051
PROKKA_CP016858/PROKKA_CP016858:Gene	nikA	sccmec_saures_CP016858_l55145:46619-47401	CP016858_SCCmec_00052
PROKKA_CP016858/PROKKA_CP016858:Gene	appA	sccmec_saures_CP016858_l55145:47437-47847	CP016858_SCCmec_00053
PROKKA_CP016858/PROKKA_CP016858:Gene	CP016858_SCCmec_00054	sccmec_saures_CP016858_l55145:47823-48170	CP016858_SCCmec_00054
PROKKA_CP016858/PROKKA_CP016858:Gene	nikB	sccmec_saures_CP016858_l55145:48173-49129	CP016858_SCCmec_00055
PROKKA_CP016858/PROKKA_CP016858:Gene	gsiD	sccmec_saures_CP016858_l55145:49129-49896	CP016858_SCCmec_00056
PROKKA_CP016858/PROKKA_CP016858:Gene	cysA	sccmec_saures_CP016858_l55145:49863-50210	CP016858_SCCmec_00057
PROKKA_CP016858/PROKKA_CP016858:Gene	CP016858_SCCmec_00058	sccmec_saures_CP016858_l55145:50238-50630	CP016858_SCCmec_00058
PROKKA_CP016858/PROKKA_CP016858:Gene	nikE	sccmec_saures_CP016858_l55145:50623-51258	CP016858_SCCmec_00059
PROKKA_CP016858/PROKKA_CP016858:Gene	copB	sccmec_saures_CP016858_l55145:52218-54341	CP016858_SCCmec_00060
PROKKA_CP016858/PROKKA_CP016858:Gene	CP016858_SCCmec_00061	sccmec_saures_CP016858_l55145:54359-54904	CP016858_SCCmec_00061

FATAL: DiscRep_ALL:MISSING_PROTEIN_ID::61 proteins have invalid IDs.
PROKKA_CP016858/PROKKA_CP016858:sccmec_saures_CP016858_l55145_1 (length 159)
PROKKA_CP016858/PROKKA_CP016858:sccmec_saures_CP016858_l55145_2 (length 418)
PROKKA_CP016858/PROKKA_CP016858:sccmec_saures_CP016858_l55145_3 (length 224)
PROKKA_CP016858/PROKKA_CP016858:sccmec_saures_CP016858_l55145_4 (length 55)
PROKKA_CP016858/PROKKA_CP016858:sccmec_saures_CP016858_l55145_5 (length 76)
PROKKA_CP016858/PROKKA_CP016858:sccmec_saures_CP016858_l55145_6 (length 247)
PROKKA_CP016858/PROKKA_CP016858:sccmec_saures_CP016858_l55145_7 (length 142)
PROKKA_CP016858/PROKKA_CP016858:sccmec_saures_CP016858_l55145_8 (length 668)
PROKKA_CP016858/PROKKA_CP016858:sccmec_saures_CP016858_l55145_9 (length 328)
PROKKA_CP016858/PROKKA_CP016858:sccmec_saures_CP016858_l55145_10 (length 90)
PROKKA_CP016858/PROKKA_CP016858:sccmec_saures_CP016858_l55145_11 (length 136)
PROKKA_CP016858/PROKKA_CP016858:sccmec_saures_CP016858_l55145_12 (length 388)
PROKKA_CP016858/PROKKA_CP016858:sccmec_saures_CP016858_l55145_13 (length 168)
PROKKA_CP016858/PROKKA_CP016858:sccmec_saures_CP016858_l55145_14 (length 95)
PROKKA_CP016858/PROKKA_CP016858:sccmec_saures_CP016858_l55145_15 (length 116)
PROKKA_CP016858/PROKKA_CP016858:sccmec_saures_CP016858_l55145_16 (length 542)
PROKKA_CP016858/PROKKA_CP016858:sccmec_saures_CP016858_l55145_17 (length 449)
PROKKA_CP016858/PROKKA_CP016858:sccmec_saures_CP016858_l55145_18 (length 595)
PROKKA_CP016858/PROKKA_CP016858:sccmec_saures_CP016858_l55145_19 (length 96)
PROKKA_CP016858/PROKKA_CP016858:sccmec_saures_CP016858_l55145_20 (length 363)
PROKKA_CP016858/PROKKA_CP016858:sccmec_saures_CP016858_l55145_21 (length 496)
PROKKA_CP016858/PROKKA_CP016858:sccmec_saures_CP016858_l55145_22 (length 334)
PROKKA_CP016858/PROKKA_CP016858:sccmec_saures_CP016858_l55145_23 (length 45)
PROKKA_CP016858/PROKKA_CP016858:sccmec_saures_CP016858_l55145_24 (length 123)
PROKKA_CP016858/PROKKA_CP016858:sccmec_saures_CP016858_l55145_25 (length 206)
PROKKA_CP016858/PROKKA_CP016858:sccmec_saures_CP016858_l55145_26 (length 56)
PROKKA_CP016858/PROKKA_CP016858:sccmec_saures_CP016858_l55145_27 (length 321)
PROKKA_CP016858/PROKKA_CP016858:sccmec_saures_CP016858_l55145_28 (length 109)
PROKKA_CP016858/PROKKA_CP016858:sccmec_saures_CP016858_l55145_29 (length 119)
PROKKA_CP016858/PROKKA_CP016858:sccmec_saures_CP016858_l55145_30 (length 269)
PROKKA_CP016858/PROKKA_CP016858:sccmec_saures_CP016858_l55145_31 (length 60)
PROKKA_CP016858/PROKKA_CP016858:sccmec_saures_CP016858_l55145_32 (length 158)
PROKKA_CP016858/PROKKA_CP016858:sccmec_saures_CP016858_l55145_33 (length 375)
PROKKA_CP016858/PROKKA_CP016858:sccmec_saures_CP016858_l55145_34 (length 74)
PROKKA_CP016858/PROKKA_CP016858:sccmec_saures_CP016858_l55145_35 (length 167)
PROKKA_CP016858/PROKKA_CP016858:sccmec_saures_CP016858_l55145_36 (length 103)
PROKKA_CP016858/PROKKA_CP016858:sccmec_saures_CP016858_l55145_37 (length 30)
PROKKA_CP016858/PROKKA_CP016858:sccmec_saures_CP016858_l55145_38 (length 116)
PROKKA_CP016858/PROKKA_CP016858:sccmec_saures_CP016858_l55145_39 (length 283)
PROKKA_CP016858/PROKKA_CP016858:sccmec_saures_CP016858_l55145_40 (length 287)
PROKKA_CP016858/PROKKA_CP016858:sccmec_saures_CP016858_l55145_41 (length 482)
PROKKA_CP016858/PROKKA_CP016858:sccmec_saures_CP016858_l55145_42 (length 473)
PROKKA_CP016858/PROKKA_CP016858:sccmec_saures_CP016858_l55145_43 (length 142)
PROKKA_CP016858/PROKKA_CP016858:sccmec_saures_CP016858_l55145_44 (length 258)
PROKKA_CP016858/PROKKA_CP016858:sccmec_saures_CP016858_l55145_45 (length 77)
PROKKA_CP016858/PROKKA_CP016858:sccmec_saures_CP016858_l55145_46 (length 143)
PROKKA_CP016858/PROKKA_CP016858:sccmec_saures_CP016858_l55145_47 (length 81)
PROKKA_CP016858/PROKKA_CP016858:sccmec_saures_CP016858_l55145_48 (length 271)
PROKKA_CP016858/PROKKA_CP016858:sccmec_saures_CP016858_l55145_49 (length 293)
PROKKA_CP016858/PROKKA_CP016858:sccmec_saures_CP016858_l55145_50 (length 62)
PROKKA_CP016858/PROKKA_CP016858:sccmec_saures_CP016858_l55145_51 (length 230)
PROKKA_CP016858/PROKKA_CP016858:sccmec_saures_CP016858_l55145_52 (length 260)
PROKKA_CP016858/PROKKA_CP016858:sccmec_saures_CP016858_l55145_53 (length 136)
PROKKA_CP016858/PROKKA_CP016858:sccmec_saures_CP016858_l55145_54 (length 115)
PROKKA_CP016858/PROKKA_CP016858:sccmec_saures_CP016858_l55145_55 (length 318)
PROKKA_CP016858/PROKKA_CP016858:sccmec_saures_CP016858_l55145_56 (length 255)
PROKKA_CP016858/PROKKA_CP016858:sccmec_saures_CP016858_l55145_57 (length 115)
PROKKA_CP016858/PROKKA_CP016858:sccmec_saures_CP016858_l55145_58 (length 130)
PROKKA_CP016858/PROKKA_CP016858:sccmec_saures_CP016858_l55145_59 (length 211)
PROKKA_CP016858/PROKKA_CP016858:sccmec_saures_CP016858_l55145_60 (length 707)
PROKKA_CP016858/PROKKA_CP016858:sccmec_saures_CP016858_l55145_61 (length 181)

DiscRep_ALL:DISC_SOURCE_QUALS_ASNDISC::strain (all present, all unique)
DiscRep_SUB:DISC_SOURCE_QUALS_ASNDISC::1 sources have unique values for strain
DiscRep_ALL:DISC_SOURCE_QUALS_ASNDISC::taxname (all present, all unique)
DiscRep_SUB:DISC_SOURCE_QUALS_ASNDISC::1 sources have unique values for taxname
DiscRep_ALL:DISC_FEATURE_COUNT::gene: 61 present
DiscRep_ALL:DISC_FEATURE_COUNT::CDS: 61 present
DiscRep_ALL:DISC_FEATURE_COUNT::mRNA: 61 present
DiscRep_ALL:DISC_COUNT_NUCLEOTIDES::1 nucleotide Bioseqs are present
PROKKA_CP016858/PROKKA_CP016858:sccmec_saures_CP016858_l55145 (length 55145)

DiscRep_ALL:OVERLAPPING_GENES::19 genes overlap another gene on the same strand.
PROKKA_CP016858/PROKKA_CP016858:Gene	mecR1	sccmec_saures_CP016858_l55145:7522-8508	CP016858_SCCmec_00009
PROKKA_CP016858/PROKKA_CP016858:Gene	CP016858_SCCmec_00010	sccmec_saures_CP016858_l55145:8468-8740	CP016858_SCCmec_00010
PROKKA_CP016858/PROKKA_CP016858:Gene	CP016858_SCCmec_00011	sccmec_saures_CP016858_l55145:c9141-8731	CP016858_SCCmec_00011
PROKKA_CP016858/PROKKA_CP016858:Gene	CP016858_SCCmec_00012	sccmec_saures_CP016858_l55145:c10253-9087	CP016858_SCCmec_00012
PROKKA_CP016858/PROKKA_CP016858:Gene	CP016858_SCCmec_00018	sccmec_saures_CP016858_l55145:c17199-15412	CP016858_SCCmec_00018
PROKKA_CP016858/PROKKA_CP016858:Gene	CP016858_SCCmec_00019	sccmec_saures_CP016858_l55145:c17489-17199	CP016858_SCCmec_00019
PROKKA_CP016858/PROKKA_CP016858:Gene	CP016858_SCCmec_00023	sccmec_saures_CP016858_l55145:22587-22724	CP016858_SCCmec_00023
PROKKA_CP016858/PROKKA_CP016858:Gene	CP016858_SCCmec_00024	sccmec_saures_CP016858_l55145:22721-23092	CP016858_SCCmec_00024
PROKKA_CP016858/PROKKA_CP016858:Gene	CP016858_SCCmec_00037	sccmec_saures_CP016858_l55145:c32871-32779	CP016858_SCCmec_00037
PROKKA_CP016858/PROKKA_CP016858:Gene	CP016858_SCCmec_00038	sccmec_saures_CP016858_l55145:c33214-32864	CP016858_SCCmec_00038
PROKKA_CP016858/PROKKA_CP016858:Gene	cmoB	sccmec_saures_CP016858_l55145:45930-46622	CP016858_SCCmec_00051
PROKKA_CP016858/PROKKA_CP016858:Gene	nikA	sccmec_saures_CP016858_l55145:46619-47401	CP016858_SCCmec_00052
PROKKA_CP016858/PROKKA_CP016858:Gene	appA	sccmec_saures_CP016858_l55145:47437-47847	CP016858_SCCmec_00053
PROKKA_CP016858/PROKKA_CP016858:Gene	CP016858_SCCmec_00054	sccmec_saures_CP016858_l55145:47823-48170	CP016858_SCCmec_00054
PROKKA_CP016858/PROKKA_CP016858:Gene	nikB	sccmec_saures_CP016858_l55145:48173-49129	CP016858_SCCmec_00055
PROKKA_CP016858/PROKKA_CP016858:Gene	gsiD	sccmec_saures_CP016858_l55145:49129-49896	CP016858_SCCmec_00056
PROKKA_CP016858/PROKKA_CP016858:Gene	cysA	sccmec_saures_CP016858_l55145:49863-50210	CP016858_SCCmec_00057
PROKKA_CP016858/PROKKA_CP016858:Gene	CP016858_SCCmec_00058	sccmec_saures_CP016858_l55145:50238-50630	CP016858_SCCmec_00058
PROKKA_CP016858/PROKKA_CP016858:Gene	nikE	sccmec_saures_CP016858_l55145:50623-51258	CP016858_SCCmec_00059

DiscRep_ALL:DISC_QUALITY_SCORES::Quality scores are missing on all sequences.

DiscRep_ALL:ONCALLER_COMMENT_PRESENT::1 comment descriptors were found (all same)
PROKKA_CP016858/PROKKA_CP016858:sccmec_saures_CP016858_l55145:Annotated using prokka 1.12 from https://github.com/tseemann/prokka

DiscRep_ALL:SHORT_PROT_SEQUENCES::2 protein sequences are shorter than 50 aa.
PROKKA_CP016858/PROKKA_CP016858:sccmec_saures_CP016858_l55145_23 (length 45)
PROKKA_CP016858/PROKKA_CP016858:sccmec_saures_CP016858_l55145_37 (length 30)

DiscRep_ALL:MISSING_GENOMEASSEMBLY_COMMENTS::1 bioseqs are missing GenomeAssembly structured comments
PROKKA_CP016858/PROKKA_CP016858:sccmec_saures_CP016858_l55145 (length 55145)

DiscRep_ALL:MOLTYPE_NOT_MRNA::1 molecule types are not set as mRNA.
PROKKA_CP016858/PROKKA_CP016858:sccmec_saures_CP016858_l55145 (length 55145)

DiscRep_ALL:TECHNIQUE_NOT_TSA::1 technique are not set as TSA
PROKKA_CP016858/PROKKA_CP016858:sccmec_saures_CP016858_l55145 (length 55145)

DiscRep_ALL:MISSING_STRUCTURED_COMMENT::1 sequences do not include structured comments.
PROKKA_CP016858/PROKKA_CP016858:sccmec_saures_CP016858_l55145 (length 55145)

DiscRep_ALL:MISSING_PROJECT::62 sequences do not include project.
PROKKA_CP016858/PROKKA_CP016858:sccmec_saures_CP016858_l55145 (length 55145)
PROKKA_CP016858/PROKKA_CP016858:sccmec_saures_CP016858_l55145_1 (length 159)
PROKKA_CP016858/PROKKA_CP016858:sccmec_saures_CP016858_l55145_2 (length 418)
PROKKA_CP016858/PROKKA_CP016858:sccmec_saures_CP016858_l55145_3 (length 224)
PROKKA_CP016858/PROKKA_CP016858:sccmec_saures_CP016858_l55145_4 (length 55)
PROKKA_CP016858/PROKKA_CP016858:sccmec_saures_CP016858_l55145_5 (length 76)
PROKKA_CP016858/PROKKA_CP016858:sccmec_saures_CP016858_l55145_6 (length 247)
PROKKA_CP016858/PROKKA_CP016858:sccmec_saures_CP016858_l55145_7 (length 142)
PROKKA_CP016858/PROKKA_CP016858:sccmec_saures_CP016858_l55145_8 (length 668)
PROKKA_CP016858/PROKKA_CP016858:sccmec_saures_CP016858_l55145_9 (length 328)
PROKKA_CP016858/PROKKA_CP016858:sccmec_saures_CP016858_l55145_10 (length 90)
PROKKA_CP016858/PROKKA_CP016858:sccmec_saures_CP016858_l55145_11 (length 136)
PROKKA_CP016858/PROKKA_CP016858:sccmec_saures_CP016858_l55145_12 (length 388)
PROKKA_CP016858/PROKKA_CP016858:sccmec_saures_CP016858_l55145_13 (length 168)
PROKKA_CP016858/PROKKA_CP016858:sccmec_saures_CP016858_l55145_14 (length 95)
PROKKA_CP016858/PROKKA_CP016858:sccmec_saures_CP016858_l55145_15 (length 116)
PROKKA_CP016858/PROKKA_CP016858:sccmec_saures_CP016858_l55145_16 (length 542)
PROKKA_CP016858/PROKKA_CP016858:sccmec_saures_CP016858_l55145_17 (length 449)
PROKKA_CP016858/PROKKA_CP016858:sccmec_saures_CP016858_l55145_18 (length 595)
PROKKA_CP016858/PROKKA_CP016858:sccmec_saures_CP016858_l55145_19 (length 96)
PROKKA_CP016858/PROKKA_CP016858:sccmec_saures_CP016858_l55145_20 (length 363)
PROKKA_CP016858/PROKKA_CP016858:sccmec_saures_CP016858_l55145_21 (length 496)
PROKKA_CP016858/PROKKA_CP016858:sccmec_saures_CP016858_l55145_22 (length 334)
PROKKA_CP016858/PROKKA_CP016858:sccmec_saures_CP016858_l55145_23 (length 45)
PROKKA_CP016858/PROKKA_CP016858:sccmec_saures_CP016858_l55145_24 (length 123)
PROKKA_CP016858/PROKKA_CP016858:sccmec_saures_CP016858_l55145_25 (length 206)
PROKKA_CP016858/PROKKA_CP016858:sccmec_saures_CP016858_l55145_26 (length 56)
PROKKA_CP016858/PROKKA_CP016858:sccmec_saures_CP016858_l55145_27 (length 321)
PROKKA_CP016858/PROKKA_CP016858:sccmec_saures_CP016858_l55145_28 (length 109)
PROKKA_CP016858/PROKKA_CP016858:sccmec_saures_CP016858_l55145_29 (length 119)
PROKKA_CP016858/PROKKA_CP016858:sccmec_saures_CP016858_l55145_30 (length 269)
PROKKA_CP016858/PROKKA_CP016858:sccmec_saures_CP016858_l55145_31 (length 60)
PROKKA_CP016858/PROKKA_CP016858:sccmec_saures_CP016858_l55145_32 (length 158)
PROKKA_CP016858/PROKKA_CP016858:sccmec_saures_CP016858_l55145_33 (length 375)
PROKKA_CP016858/PROKKA_CP016858:sccmec_saures_CP016858_l55145_34 (length 74)
PROKKA_CP016858/PROKKA_CP016858:sccmec_saures_CP016858_l55145_35 (length 167)
PROKKA_CP016858/PROKKA_CP016858:sccmec_saures_CP016858_l55145_36 (length 103)
PROKKA_CP016858/PROKKA_CP016858:sccmec_saures_CP016858_l55145_37 (length 30)
PROKKA_CP016858/PROKKA_CP016858:sccmec_saures_CP016858_l55145_38 (length 116)
PROKKA_CP016858/PROKKA_CP016858:sccmec_saures_CP016858_l55145_39 (length 283)
PROKKA_CP016858/PROKKA_CP016858:sccmec_saures_CP016858_l55145_40 (length 287)
PROKKA_CP016858/PROKKA_CP016858:sccmec_saures_CP016858_l55145_41 (length 482)
PROKKA_CP016858/PROKKA_CP016858:sccmec_saures_CP016858_l55145_42 (length 473)
PROKKA_CP016858/PROKKA_CP016858:sccmec_saures_CP016858_l55145_43 (length 142)
PROKKA_CP016858/PROKKA_CP016858:sccmec_saures_CP016858_l55145_44 (length 258)
PROKKA_CP016858/PROKKA_CP016858:sccmec_saures_CP016858_l55145_45 (length 77)
PROKKA_CP016858/PROKKA_CP016858:sccmec_saures_CP016858_l55145_46 (length 143)
PROKKA_CP016858/PROKKA_CP016858:sccmec_saures_CP016858_l55145_47 (length 81)
PROKKA_CP016858/PROKKA_CP016858:sccmec_saures_CP016858_l55145_48 (length 271)
PROKKA_CP016858/PROKKA_CP016858:sccmec_saures_CP016858_l55145_49 (length 293)
PROKKA_CP016858/PROKKA_CP016858:sccmec_saures_CP016858_l55145_50 (length 62)
PROKKA_CP016858/PROKKA_CP016858:sccmec_saures_CP016858_l55145_51 (length 230)
PROKKA_CP016858/PROKKA_CP016858:sccmec_saures_CP016858_l55145_52 (length 260)
PROKKA_CP016858/PROKKA_CP016858:sccmec_saures_CP016858_l55145_53 (length 136)
PROKKA_CP016858/PROKKA_CP016858:sccmec_saures_CP016858_l55145_54 (length 115)
PROKKA_CP016858/PROKKA_CP016858:sccmec_saures_CP016858_l55145_55 (length 318)
PROKKA_CP016858/PROKKA_CP016858:sccmec_saures_CP016858_l55145_56 (length 255)
PROKKA_CP016858/PROKKA_CP016858:sccmec_saures_CP016858_l55145_57 (length 115)
PROKKA_CP016858/PROKKA_CP016858:sccmec_saures_CP016858_l55145_58 (length 130)
PROKKA_CP016858/PROKKA_CP016858:sccmec_saures_CP016858_l55145_59 (length 211)
PROKKA_CP016858/PROKKA_CP016858:sccmec_saures_CP016858_l55145_60 (length 707)
PROKKA_CP016858/PROKKA_CP016858:sccmec_saures_CP016858_l55145_61 (length 181)

DiscRep_ALL:DISC_INCONSISTENT_MOLINFO_TECH::Molinfo Technique Report (some missing, all same)
DiscRep_SUB:DISC_INCONSISTENT_MOLINFO_TECH::technique (all missing)
DiscRep_SUB:DISC_INCONSISTENT_MOLINFO_TECH::1 Molinfos are missing field technique
PROKKA_CP016858/PROKKA_CP016858:sccmec_saures_CP016858_l55145 (length 55145)

