[17:12:14] This is prokka 1.12
[17:12:14] Written by Torsten Seemann <torsten.seemann@gmail.com>
[17:12:14] Homepage is https://github.com/tseemann/prokka
[17:12:14] Local time is Mon May 15 17:12:14 2017
[17:12:14] You are fsepulveda
[17:12:14] Operating system is linux
[17:12:14] You have BioPerl 1.006924
[17:12:14] System has 4 cores.
[17:12:14] Option --cpu asked for 8 cores, but system only has 4
[17:12:14] Will use maximum of 4 cores.
[17:12:14] Annotating as >>> Bacteria <<<
[17:12:14] Creating new output folder: PROKKA_NC_017342
[17:12:14] Running: mkdir -p PROKKA_NC_017342
[17:12:14] Using filename prefix: PROKKA_NC_017342.XXX
[17:12:14] Setting HMMER_NCPU=1
[17:12:14] Writing log to: PROKKA_NC_017342/PROKKA_NC_017342.log
[17:12:14] Command: /home/fsepulveda/Desktop/tesis/sccmec_classification/prokka-1.12/bin/prokka --genus Staphylococcus --prefix PROKKA_NC_017342 --addgenes --addmrna --locustag NC_017342_SCCmec /home/fsepulveda/Documents/parte2/229_sccmec/sccmec_NC_017342.fasta
[17:12:14] Appending to PATH: /home/fsepulveda/Desktop/tesis/sccmec_classification/prokka-1.12/bin/../binaries/linux
[17:12:14] Appending to PATH: /home/fsepulveda/Desktop/tesis/sccmec_classification/prokka-1.12/bin/../binaries/linux/../common
[17:12:14] Appending to PATH: /home/fsepulveda/Desktop/tesis/sccmec_classification/prokka-1.12/bin
[17:12:14] Looking for 'aragorn' - found /home/fsepulveda/Desktop/tesis/sccmec_classification/prokka-1.12/bin/../binaries/linux/aragorn
[17:12:14] Determined aragorn version is 1.2
[17:12:14] Looking for 'blastp' - found /usr/bin/blastp
[17:12:14] Determined blastp version is 2.2
[17:12:14] Looking for 'cmpress' - found /usr/bin/cmpress
[17:12:14] Determined cmpress version is 1.1
[17:12:14] Looking for 'cmscan' - found /usr/bin/cmscan
[17:12:14] Determined cmscan version is 1.1
[17:12:14] Looking for 'egrep' - found /bin/egrep
[17:12:14] Looking for 'find' - found /usr/bin/find
[17:12:14] Looking for 'grep' - found /bin/grep
[17:12:14] Looking for 'hmmpress' - found /usr/bin/hmmpress
[17:12:14] Determined hmmpress version is 3.1
[17:12:14] Looking for 'hmmscan' - found /usr/bin/hmmscan
[17:12:14] Determined hmmscan version is 3.1
[17:12:14] Looking for 'java' - found /usr/bin/java
[17:12:14] Looking for 'less' - found /usr/bin/less
[17:12:14] Looking for 'makeblastdb' - found /usr/bin/makeblastdb
[17:12:14] Determined makeblastdb version is 2.2
[17:12:14] Looking for 'minced' - found /home/fsepulveda/Desktop/tesis/sccmec_classification/prokka-1.12/bin/../binaries/linux/../common/minced
[17:12:14] Determined minced version is 2.0
[17:12:14] Looking for 'parallel' - found /home/fsepulveda/Desktop/tesis/sccmec_classification/prokka-1.12/bin/../binaries/linux/../common/parallel
[17:12:14] Determined parallel version is 20150122
[17:12:14] Looking for 'prodigal' - found /home/fsepulveda/Desktop/tesis/sccmec_classification/prokka-1.12/bin/../binaries/linux/prodigal
[17:12:14] Determined prodigal version is 2.6
[17:12:14] Looking for 'prokka-genbank_to_fasta_db' - found /home/fsepulveda/Desktop/tesis/sccmec_classification/prokka-1.12/bin/prokka-genbank_to_fasta_db
[17:12:14] Looking for 'sed' - found /bin/sed
[17:12:14] Looking for 'tbl2asn' - found /home/fsepulveda/Desktop/tesis/sccmec_classification/prokka-1.12/bin/../binaries/linux/tbl2asn
[17:12:14] Determined tbl2asn version is 25.3
[17:12:14] Using genetic code table 11.
[17:12:14] Loading and checking input file: /home/fsepulveda/Documents/parte2/229_sccmec/sccmec_NC_017342.fasta
[17:12:14] Wrote 1 contigs totalling 27763 bp.
[17:12:14] Predicting tRNAs and tmRNAs
[17:12:14] Running: aragorn -l -gc11  -w PROKKA_NC_017342\/PROKKA_NC_017342\.fna
[17:12:14] Found 0 tRNAs
[17:12:14] Predicting Ribosomal RNAs
[17:12:14] You need either Barrnap or RNAmmer installed to predict rRNAs!
[17:12:14] Skipping ncRNA search, enable with --rfam if desired.
[17:12:14] Total of 0 tRNA + rRNA features
[17:12:14] Searching for CRISPR repeats
[17:12:14] Found 0 CRISPRs
[17:12:14] Predicting coding sequences
[17:12:14] Contigs total 27763 bp, so using meta mode
[17:12:14] Running: prodigal -i PROKKA_NC_017342\/PROKKA_NC_017342\.fna -c -m -g 11 -p meta -f sco -q
[17:12:14] Found 30 CDS
[17:12:14] Connecting features back to sequences
[17:12:14] Not using genus-specific database. Try --usegenus to enable it.
[17:12:14] Annotating CDS, please be patient.
[17:12:14] Will use 4 CPUs for similarity searching.
[17:12:14] There are still 30 unannotated CDS left (started with 30)
[17:12:14] Will use blast to search against /home/fsepulveda/Desktop/tesis/sccmec_classification/prokka-1.12/bin/../db/kingdom/Bacteria/sprot with 4 CPUs
[17:12:14] Running: cat PROKKA_NC_017342\/sprot\.faa | parallel --gnu --plain -j 4 --block 981 --recstart '>' --pipe blastp -query - -db /home/fsepulveda/Desktop/tesis/sccmec_classification/prokka-1.12/bin/../db/kingdom/Bacteria/sprot -evalue 1e-06 -num_threads 1 -num_descriptions 1 -num_alignments 1 -seg no > PROKKA_NC_017342\/sprot\.blast 2> /dev/null
[17:12:15] Deleting unwanted file: PROKKA_NC_017342/sprot.faa
[17:12:15] Deleting unwanted file: PROKKA_NC_017342/sprot.blast
[17:12:15] There are still 23 unannotated CDS left (started with 30)
[17:12:15] Will use hmmer3 to search against /home/fsepulveda/Desktop/tesis/sccmec_classification/prokka-1.12/bin/../db/hmm/HAMAP.hmm with 4 CPUs
[17:12:15] Running: cat PROKKA_NC_017342\/HAMAP\.hmm\.faa | parallel --gnu --plain -j 4 --block 663 --recstart '>' --pipe hmmscan --noali --notextw --acc -E 1e-06 --cpu 1 /home/fsepulveda/Desktop/tesis/sccmec_classification/prokka-1.12/bin/../db/hmm/HAMAP.hmm /dev/stdin > PROKKA_NC_017342\/HAMAP\.hmm\.hmmer3 2> /dev/null
[17:12:16] Deleting unwanted file: PROKKA_NC_017342/HAMAP.hmm.faa
[17:12:16] Deleting unwanted file: PROKKA_NC_017342/HAMAP.hmm.hmmer3
[17:12:16] Labelling remaining 23 proteins as 'hypothetical protein'
[17:12:16] Possible /pseudo 'DNA-invertase hin' at sccmec_saures_NC_017342_l27763 position 14449
[17:12:16] Found 6 unique /gene codes.
[17:12:16] Fixed 2 duplicate /gene - hin_1 hin_2
[17:12:16] Fixed 1 colliding /gene names.
[17:12:16] Adding /locus_tag identifiers
[17:12:16] Assigned 30 locus_tags to CDS and RNA features.
[17:12:16] Writing outputs to PROKKA_NC_017342/
[17:12:16] Generating annotation statistics file
[17:12:16] Generating Genbank and Sequin files
[17:12:16] Running: tbl2asn -V b -a r10k -l paired-ends -M n -N 1 -y 'Annotated using prokka 1.12 from https://github.com/tseemann/prokka' -Z PROKKA_NC_017342\/PROKKA_NC_017342\.err -i PROKKA_NC_017342\/PROKKA_NC_017342\.fsa 2> /dev/null
[17:12:16] Deleting unwanted file: PROKKA_NC_017342/errorsummary.val
[17:12:16] Deleting unwanted file: PROKKA_NC_017342/PROKKA_NC_017342.dr
[17:12:16] Deleting unwanted file: PROKKA_NC_017342/PROKKA_NC_017342.fixedproducts
[17:12:16] Deleting unwanted file: PROKKA_NC_017342/PROKKA_NC_017342.ecn
[17:12:16] Deleting unwanted file: PROKKA_NC_017342/PROKKA_NC_017342.val
[17:12:16] Repairing broken .GBK output that tbl2asn produces...
[17:12:16] Running: sed 's/COORDINATES: profile/COORDINATES:profile/' < PROKKA_NC_017342\/PROKKA_NC_017342\.gbf > PROKKA_NC_017342\/PROKKA_NC_017342\.gbk
[17:12:16] Deleting unwanted file: PROKKA_NC_017342/PROKKA_NC_017342.gbf
[17:12:16] Output files:
[17:12:16] PROKKA_NC_017342/PROKKA_NC_017342.tbl
[17:12:16] PROKKA_NC_017342/PROKKA_NC_017342.err
[17:12:16] PROKKA_NC_017342/PROKKA_NC_017342.sqn
[17:12:16] PROKKA_NC_017342/PROKKA_NC_017342.fna
[17:12:16] PROKKA_NC_017342/PROKKA_NC_017342.log
[17:12:16] PROKKA_NC_017342/PROKKA_NC_017342.faa
[17:12:16] PROKKA_NC_017342/PROKKA_NC_017342.gff
[17:12:16] PROKKA_NC_017342/PROKKA_NC_017342.txt
[17:12:16] PROKKA_NC_017342/PROKKA_NC_017342.fsa
[17:12:16] PROKKA_NC_017342/PROKKA_NC_017342.ffn
[17:12:16] PROKKA_NC_017342/PROKKA_NC_017342.tsv
[17:12:16] PROKKA_NC_017342/PROKKA_NC_017342.gbk
[17:12:16] Annotation finished successfully.
[17:12:16] Walltime used: 0.03 minutes
[17:12:16] If you use this result please cite the Prokka paper:
[17:12:16] Seemann T (2014) Prokka: rapid prokaryotic genome annotation. Bioinformatics. 30(14):2068-9.
[17:12:16] Type 'prokka --citation' for more details.
[17:12:16] Thank you, come again.
