Discrepancy Report Results

Summary
FATAL: BAD_LOCUS_TAG_FORMAT:30 locus tags are incorrectly formatted.
FATAL: MISSING_PROTEIN_ID:30 proteins have invalid IDs.
DISC_SOURCE_QUALS_ASNDISC:strain (all present, all unique)
DISC_SOURCE_QUALS_ASNDISC:taxname (all present, all unique)
DISC_FEATURE_COUNT:gene: 30 present
DISC_FEATURE_COUNT:CDS: 30 present
DISC_FEATURE_COUNT:mRNA: 30 present
DISC_COUNT_NUCLEOTIDES:1 nucleotide Bioseqs are present
OVERLAPPING_GENES:4 genes overlap another gene on the same strand.
DISC_QUALITY_SCORES:Quality scores are missing on all sequences.
ONCALLER_COMMENT_PRESENT:1 comment descriptors were found (all same)
MISSING_GENOMEASSEMBLY_COMMENTS:1 bioseqs are missing GenomeAssembly structured comments
MOLTYPE_NOT_MRNA:1 molecule types are not set as mRNA.
TECHNIQUE_NOT_TSA:1 technique are not set as TSA
MISSING_STRUCTURED_COMMENT:1 sequences do not include structured comments.
MISSING_PROJECT:31 sequences do not include project.
DISC_INCONSISTENT_MOLINFO_TECH:Molinfo Technique Report (some missing, all same)


Detailed Report

FATAL: DiscRep_ALL:BAD_LOCUS_TAG_FORMAT::30 locus tags are incorrectly formatted.
PROKKA_NC_017342/PROKKA_NC_017342:Gene	rlmH	sccmec_saures_NC_017342_l27763:1-480	NC_017342_SCCmec_00001
PROKKA_NC_017342/PROKKA_NC_017342:Gene	NC_017342_SCCmec_00002	sccmec_saures_NC_017342_l27763:763-2058	NC_017342_SCCmec_00002
PROKKA_NC_017342/PROKKA_NC_017342:Gene	NC_017342_SCCmec_00003	sccmec_saures_NC_017342_l27763:2473-2712	NC_017342_SCCmec_00003
PROKKA_NC_017342/PROKKA_NC_017342:Gene	NC_017342_SCCmec_00004	sccmec_saures_NC_017342_l27763:c3418-2744	NC_017342_SCCmec_00004
PROKKA_NC_017342/PROKKA_NC_017342:Gene	NC_017342_SCCmec_00005	sccmec_saures_NC_017342_l27763:3676-3843	NC_017342_SCCmec_00005
PROKKA_NC_017342/PROKKA_NC_017342:Gene	NC_017342_SCCmec_00006	sccmec_saures_NC_017342_l27763:3941-4171	NC_017342_SCCmec_00006
PROKKA_NC_017342/PROKKA_NC_017342:Gene	ugpQ	sccmec_saures_NC_017342_l27763:4720-5463	NC_017342_SCCmec_00007
PROKKA_NC_017342/PROKKA_NC_017342:Gene	paaZ	sccmec_saures_NC_017342_l27763:5560-5988	NC_017342_SCCmec_00008
PROKKA_NC_017342/PROKKA_NC_017342:Gene	pbp	sccmec_saures_NC_017342_l27763:c8040-6034	NC_017342_SCCmec_00009
PROKKA_NC_017342/PROKKA_NC_017342:Gene	mecR1	sccmec_saures_NC_017342_l27763:8242-9126	NC_017342_SCCmec_00010
PROKKA_NC_017342/PROKKA_NC_017342:Gene	NC_017342_SCCmec_00011	sccmec_saures_NC_017342_l27763:9086-9358	NC_017342_SCCmec_00011
PROKKA_NC_017342/PROKKA_NC_017342:Gene	NC_017342_SCCmec_00012	sccmec_saures_NC_017342_l27763:c10869-9349	NC_017342_SCCmec_00012
PROKKA_NC_017342/PROKKA_NC_017342:Gene	NC_017342_SCCmec_00013	sccmec_saures_NC_017342_l27763:c11517-11008	NC_017342_SCCmec_00013
PROKKA_NC_017342/PROKKA_NC_017342:Gene	NC_017342_SCCmec_00014	sccmec_saures_NC_017342_l27763:c11840-11529	NC_017342_SCCmec_00014
PROKKA_NC_017342/PROKKA_NC_017342:Gene	NC_017342_SCCmec_00015	sccmec_saures_NC_017342_l27763:c12277-11927	NC_017342_SCCmec_00015
PROKKA_NC_017342/PROKKA_NC_017342:Gene	hin_1	sccmec_saures_NC_017342_l27763:c14427-12799	NC_017342_SCCmec_00016
PROKKA_NC_017342/PROKKA_NC_017342:Gene	hin_2	sccmec_saures_NC_017342_l27763:c15816-14449	NC_017342_SCCmec_00017
PROKKA_NC_017342/PROKKA_NC_017342:Gene	NC_017342_SCCmec_00018	sccmec_saures_NC_017342_l27763:c17819-16032	NC_017342_SCCmec_00018
PROKKA_NC_017342/PROKKA_NC_017342:Gene	NC_017342_SCCmec_00019	sccmec_saures_NC_017342_l27763:c18115-17819	NC_017342_SCCmec_00019
PROKKA_NC_017342/PROKKA_NC_017342:Gene	NC_017342_SCCmec_00020	sccmec_saures_NC_017342_l27763:c19354-18308	NC_017342_SCCmec_00020
PROKKA_NC_017342/PROKKA_NC_017342:Gene	NC_017342_SCCmec_00021	sccmec_saures_NC_017342_l27763:19809-20258	NC_017342_SCCmec_00021
PROKKA_NC_017342/PROKKA_NC_017342:Gene	NC_017342_SCCmec_00022	sccmec_saures_NC_017342_l27763:20300-20971	NC_017342_SCCmec_00022
PROKKA_NC_017342/PROKKA_NC_017342:Gene	NC_017342_SCCmec_00023	sccmec_saures_NC_017342_l27763:20984-21784	NC_017342_SCCmec_00023
PROKKA_NC_017342/PROKKA_NC_017342:Gene	NC_017342_SCCmec_00024	sccmec_saures_NC_017342_l27763:22039-24108	NC_017342_SCCmec_00024
PROKKA_NC_017342/PROKKA_NC_017342:Gene	NC_017342_SCCmec_00025	sccmec_saures_NC_017342_l27763:24339-24638	NC_017342_SCCmec_00025
PROKKA_NC_017342/PROKKA_NC_017342:Gene	NC_017342_SCCmec_00026	sccmec_saures_NC_017342_l27763:24680-25486	NC_017342_SCCmec_00026
PROKKA_NC_017342/PROKKA_NC_017342:Gene	NC_017342_SCCmec_00027	sccmec_saures_NC_017342_l27763:25674-26189	NC_017342_SCCmec_00027
PROKKA_NC_017342/PROKKA_NC_017342:Gene	NC_017342_SCCmec_00028	sccmec_saures_NC_017342_l27763:c26796-26194	NC_017342_SCCmec_00028
PROKKA_NC_017342/PROKKA_NC_017342:Gene	NC_017342_SCCmec_00029	sccmec_saures_NC_017342_l27763:c27142-26867	NC_017342_SCCmec_00029
PROKKA_NC_017342/PROKKA_NC_017342:Gene	NC_017342_SCCmec_00030	sccmec_saures_NC_017342_l27763:27229-27702	NC_017342_SCCmec_00030

FATAL: DiscRep_ALL:MISSING_PROTEIN_ID::30 proteins have invalid IDs.
PROKKA_NC_017342/PROKKA_NC_017342:sccmec_saures_NC_017342_l27763_1 (length 159)
PROKKA_NC_017342/PROKKA_NC_017342:sccmec_saures_NC_017342_l27763_2 (length 431)
PROKKA_NC_017342/PROKKA_NC_017342:sccmec_saures_NC_017342_l27763_3 (length 79)
PROKKA_NC_017342/PROKKA_NC_017342:sccmec_saures_NC_017342_l27763_4 (length 224)
PROKKA_NC_017342/PROKKA_NC_017342:sccmec_saures_NC_017342_l27763_5 (length 55)
PROKKA_NC_017342/PROKKA_NC_017342:sccmec_saures_NC_017342_l27763_6 (length 76)
PROKKA_NC_017342/PROKKA_NC_017342:sccmec_saures_NC_017342_l27763_7 (length 247)
PROKKA_NC_017342/PROKKA_NC_017342:sccmec_saures_NC_017342_l27763_8 (length 142)
PROKKA_NC_017342/PROKKA_NC_017342:sccmec_saures_NC_017342_l27763_9 (length 668)
PROKKA_NC_017342/PROKKA_NC_017342:sccmec_saures_NC_017342_l27763_10 (length 294)
PROKKA_NC_017342/PROKKA_NC_017342:sccmec_saures_NC_017342_l27763_11 (length 90)
PROKKA_NC_017342/PROKKA_NC_017342:sccmec_saures_NC_017342_l27763_12 (length 506)
PROKKA_NC_017342/PROKKA_NC_017342:sccmec_saures_NC_017342_l27763_13 (length 169)
PROKKA_NC_017342/PROKKA_NC_017342:sccmec_saures_NC_017342_l27763_14 (length 103)
PROKKA_NC_017342/PROKKA_NC_017342:sccmec_saures_NC_017342_l27763_15 (length 116)
PROKKA_NC_017342/PROKKA_NC_017342:sccmec_saures_NC_017342_l27763_16 (length 542)
PROKKA_NC_017342/PROKKA_NC_017342:sccmec_saures_NC_017342_l27763_17 (length 455)
PROKKA_NC_017342/PROKKA_NC_017342:sccmec_saures_NC_017342_l27763_18 (length 595)
PROKKA_NC_017342/PROKKA_NC_017342:sccmec_saures_NC_017342_l27763_19 (length 98)
PROKKA_NC_017342/PROKKA_NC_017342:sccmec_saures_NC_017342_l27763_20 (length 348)
PROKKA_NC_017342/PROKKA_NC_017342:sccmec_saures_NC_017342_l27763_21 (length 149)
PROKKA_NC_017342/PROKKA_NC_017342:sccmec_saures_NC_017342_l27763_22 (length 223)
PROKKA_NC_017342/PROKKA_NC_017342:sccmec_saures_NC_017342_l27763_23 (length 266)
PROKKA_NC_017342/PROKKA_NC_017342:sccmec_saures_NC_017342_l27763_24 (length 689)
PROKKA_NC_017342/PROKKA_NC_017342:sccmec_saures_NC_017342_l27763_25 (length 99)
PROKKA_NC_017342/PROKKA_NC_017342:sccmec_saures_NC_017342_l27763_26 (length 268)
PROKKA_NC_017342/PROKKA_NC_017342:sccmec_saures_NC_017342_l27763_27 (length 171)
PROKKA_NC_017342/PROKKA_NC_017342:sccmec_saures_NC_017342_l27763_28 (length 200)
PROKKA_NC_017342/PROKKA_NC_017342:sccmec_saures_NC_017342_l27763_29 (length 91)
PROKKA_NC_017342/PROKKA_NC_017342:sccmec_saures_NC_017342_l27763_30 (length 157)

DiscRep_ALL:DISC_SOURCE_QUALS_ASNDISC::strain (all present, all unique)
DiscRep_SUB:DISC_SOURCE_QUALS_ASNDISC::1 sources have unique values for strain
DiscRep_ALL:DISC_SOURCE_QUALS_ASNDISC::taxname (all present, all unique)
DiscRep_SUB:DISC_SOURCE_QUALS_ASNDISC::1 sources have unique values for taxname
DiscRep_ALL:DISC_FEATURE_COUNT::gene: 30 present
DiscRep_ALL:DISC_FEATURE_COUNT::CDS: 30 present
DiscRep_ALL:DISC_FEATURE_COUNT::mRNA: 30 present
DiscRep_ALL:DISC_COUNT_NUCLEOTIDES::1 nucleotide Bioseqs are present
PROKKA_NC_017342/PROKKA_NC_017342:sccmec_saures_NC_017342_l27763 (length 27763)

DiscRep_ALL:OVERLAPPING_GENES::4 genes overlap another gene on the same strand.
PROKKA_NC_017342/PROKKA_NC_017342:Gene	mecR1	sccmec_saures_NC_017342_l27763:8242-9126	NC_017342_SCCmec_00010
PROKKA_NC_017342/PROKKA_NC_017342:Gene	NC_017342_SCCmec_00011	sccmec_saures_NC_017342_l27763:9086-9358	NC_017342_SCCmec_00011
PROKKA_NC_017342/PROKKA_NC_017342:Gene	NC_017342_SCCmec_00018	sccmec_saures_NC_017342_l27763:c17819-16032	NC_017342_SCCmec_00018
PROKKA_NC_017342/PROKKA_NC_017342:Gene	NC_017342_SCCmec_00019	sccmec_saures_NC_017342_l27763:c18115-17819	NC_017342_SCCmec_00019

DiscRep_ALL:DISC_QUALITY_SCORES::Quality scores are missing on all sequences.

DiscRep_ALL:ONCALLER_COMMENT_PRESENT::1 comment descriptors were found (all same)
PROKKA_NC_017342/PROKKA_NC_017342:sccmec_saures_NC_017342_l27763:Annotated using prokka 1.12 from https://github.com/tseemann/prokka

DiscRep_ALL:MISSING_GENOMEASSEMBLY_COMMENTS::1 bioseqs are missing GenomeAssembly structured comments
PROKKA_NC_017342/PROKKA_NC_017342:sccmec_saures_NC_017342_l27763 (length 27763)

DiscRep_ALL:MOLTYPE_NOT_MRNA::1 molecule types are not set as mRNA.
PROKKA_NC_017342/PROKKA_NC_017342:sccmec_saures_NC_017342_l27763 (length 27763)

DiscRep_ALL:TECHNIQUE_NOT_TSA::1 technique are not set as TSA
PROKKA_NC_017342/PROKKA_NC_017342:sccmec_saures_NC_017342_l27763 (length 27763)

DiscRep_ALL:MISSING_STRUCTURED_COMMENT::1 sequences do not include structured comments.
PROKKA_NC_017342/PROKKA_NC_017342:sccmec_saures_NC_017342_l27763 (length 27763)

DiscRep_ALL:MISSING_PROJECT::31 sequences do not include project.
PROKKA_NC_017342/PROKKA_NC_017342:sccmec_saures_NC_017342_l27763 (length 27763)
PROKKA_NC_017342/PROKKA_NC_017342:sccmec_saures_NC_017342_l27763_1 (length 159)
PROKKA_NC_017342/PROKKA_NC_017342:sccmec_saures_NC_017342_l27763_2 (length 431)
PROKKA_NC_017342/PROKKA_NC_017342:sccmec_saures_NC_017342_l27763_3 (length 79)
PROKKA_NC_017342/PROKKA_NC_017342:sccmec_saures_NC_017342_l27763_4 (length 224)
PROKKA_NC_017342/PROKKA_NC_017342:sccmec_saures_NC_017342_l27763_5 (length 55)
PROKKA_NC_017342/PROKKA_NC_017342:sccmec_saures_NC_017342_l27763_6 (length 76)
PROKKA_NC_017342/PROKKA_NC_017342:sccmec_saures_NC_017342_l27763_7 (length 247)
PROKKA_NC_017342/PROKKA_NC_017342:sccmec_saures_NC_017342_l27763_8 (length 142)
PROKKA_NC_017342/PROKKA_NC_017342:sccmec_saures_NC_017342_l27763_9 (length 668)
PROKKA_NC_017342/PROKKA_NC_017342:sccmec_saures_NC_017342_l27763_10 (length 294)
PROKKA_NC_017342/PROKKA_NC_017342:sccmec_saures_NC_017342_l27763_11 (length 90)
PROKKA_NC_017342/PROKKA_NC_017342:sccmec_saures_NC_017342_l27763_12 (length 506)
PROKKA_NC_017342/PROKKA_NC_017342:sccmec_saures_NC_017342_l27763_13 (length 169)
PROKKA_NC_017342/PROKKA_NC_017342:sccmec_saures_NC_017342_l27763_14 (length 103)
PROKKA_NC_017342/PROKKA_NC_017342:sccmec_saures_NC_017342_l27763_15 (length 116)
PROKKA_NC_017342/PROKKA_NC_017342:sccmec_saures_NC_017342_l27763_16 (length 542)
PROKKA_NC_017342/PROKKA_NC_017342:sccmec_saures_NC_017342_l27763_17 (length 455)
PROKKA_NC_017342/PROKKA_NC_017342:sccmec_saures_NC_017342_l27763_18 (length 595)
PROKKA_NC_017342/PROKKA_NC_017342:sccmec_saures_NC_017342_l27763_19 (length 98)
PROKKA_NC_017342/PROKKA_NC_017342:sccmec_saures_NC_017342_l27763_20 (length 348)
PROKKA_NC_017342/PROKKA_NC_017342:sccmec_saures_NC_017342_l27763_21 (length 149)
PROKKA_NC_017342/PROKKA_NC_017342:sccmec_saures_NC_017342_l27763_22 (length 223)
PROKKA_NC_017342/PROKKA_NC_017342:sccmec_saures_NC_017342_l27763_23 (length 266)
PROKKA_NC_017342/PROKKA_NC_017342:sccmec_saures_NC_017342_l27763_24 (length 689)
PROKKA_NC_017342/PROKKA_NC_017342:sccmec_saures_NC_017342_l27763_25 (length 99)
PROKKA_NC_017342/PROKKA_NC_017342:sccmec_saures_NC_017342_l27763_26 (length 268)
PROKKA_NC_017342/PROKKA_NC_017342:sccmec_saures_NC_017342_l27763_27 (length 171)
PROKKA_NC_017342/PROKKA_NC_017342:sccmec_saures_NC_017342_l27763_28 (length 200)
PROKKA_NC_017342/PROKKA_NC_017342:sccmec_saures_NC_017342_l27763_29 (length 91)
PROKKA_NC_017342/PROKKA_NC_017342:sccmec_saures_NC_017342_l27763_30 (length 157)

DiscRep_ALL:DISC_INCONSISTENT_MOLINFO_TECH::Molinfo Technique Report (some missing, all same)
DiscRep_SUB:DISC_INCONSISTENT_MOLINFO_TECH::technique (all missing)
DiscRep_SUB:DISC_INCONSISTENT_MOLINFO_TECH::1 Molinfos are missing field technique
PROKKA_NC_017342/PROKKA_NC_017342:sccmec_saures_NC_017342_l27763 (length 27763)

