[21:34:58] This is prokka 1.12
[21:34:58] Written by Torsten Seemann <torsten.seemann@gmail.com>
[21:34:58] Homepage is https://github.com/tseemann/prokka
[21:34:58] Local time is Fri May 12 21:34:58 2017
[21:34:58] You are fsepulveda
[21:34:58] Operating system is linux
[21:34:58] You have BioPerl 1.006924
[21:34:58] System has 4 cores.
[21:34:58] Option --cpu asked for 8 cores, but system only has 4
[21:34:58] Will use maximum of 4 cores.
[21:34:58] Annotating as >>> Bacteria <<<
[21:34:58] Enabling options to ensure Genbank/ENA/DDJB submission compliance.
[21:34:58] Creating new output folder: /home/fsepulveda/Documents/parte1/output_Sa1638/output_prokka
[21:34:58] Running: mkdir -p \/home\/fsepulveda\/Documents\/parte1\/output_Sa1638\/output_prokka
[21:34:58] Using filename prefix: PROKKA_05122017.XXX
[21:34:58] Setting HMMER_NCPU=1
[21:34:58] Writing log to: /home/fsepulveda/Documents/parte1/output_Sa1638/output_prokka/PROKKA_05122017.log
[21:34:58] Command: /home/fsepulveda/Desktop/tesis/sccmec_classification/prokka-1.12/bin/prokka --kingdom Bacteria --outdir /home/fsepulveda/Documents/parte1/output_Sa1638/output_prokka --quiet --genus Staphylococcus --locustag saureus --centre 10 --compliant /home/fsepulveda/Documents/parte1/input/Sa1638.fasta
[21:34:58] Appending to PATH: /home/fsepulveda/Desktop/tesis/sccmec_classification/prokka-1.12/bin/../binaries/linux
[21:34:58] Appending to PATH: /home/fsepulveda/Desktop/tesis/sccmec_classification/prokka-1.12/bin/../binaries/linux/../common
[21:34:58] Appending to PATH: /home/fsepulveda/Desktop/tesis/sccmec_classification/prokka-1.12/bin
[21:34:58] Looking for 'aragorn' - found /home/fsepulveda/Desktop/tesis/sccmec_classification/prokka-1.12/bin/../binaries/linux/aragorn
[21:34:58] Determined aragorn version is 1.2
[21:34:58] Looking for 'blastp' - found /usr/bin/blastp
[21:34:58] Determined blastp version is 2.2
[21:34:58] Looking for 'cmpress' - found /usr/bin/cmpress
[21:34:58] Determined cmpress version is 1.1
[21:34:58] Looking for 'cmscan' - found /usr/bin/cmscan
[21:34:58] Determined cmscan version is 1.1
[21:34:58] Looking for 'egrep' - found /bin/egrep
[21:34:58] Looking for 'find' - found /usr/bin/find
[21:34:58] Looking for 'grep' - found /bin/grep
[21:34:58] Looking for 'hmmpress' - found /usr/bin/hmmpress
[21:34:58] Determined hmmpress version is 3.1
[21:34:58] Looking for 'hmmscan' - found /usr/bin/hmmscan
[21:34:58] Determined hmmscan version is 3.1
[21:34:58] Looking for 'java' - found /usr/bin/java
[21:34:58] Looking for 'less' - found /usr/bin/less
[21:34:58] Looking for 'makeblastdb' - found /usr/bin/makeblastdb
[21:34:58] Determined makeblastdb version is 2.2
[21:34:58] Looking for 'minced' - found /home/fsepulveda/Desktop/tesis/sccmec_classification/prokka-1.12/bin/../binaries/linux/../common/minced
[21:34:58] Determined minced version is 2.0
[21:34:58] Looking for 'parallel' - found /home/fsepulveda/Desktop/tesis/sccmec_classification/prokka-1.12/bin/../binaries/linux/../common/parallel
[21:34:58] Determined parallel version is 20150122
[21:34:58] Looking for 'prodigal' - found /home/fsepulveda/Desktop/tesis/sccmec_classification/prokka-1.12/bin/../binaries/linux/prodigal
[21:34:58] Determined prodigal version is 2.6
[21:34:58] Looking for 'prokka-genbank_to_fasta_db' - found /home/fsepulveda/Desktop/tesis/sccmec_classification/prokka-1.12/bin/prokka-genbank_to_fasta_db
[21:34:58] Looking for 'sed' - found /bin/sed
[21:34:58] Looking for 'tbl2asn' - found /home/fsepulveda/Desktop/tesis/sccmec_classification/prokka-1.12/bin/../binaries/linux/tbl2asn
[21:34:58] Determined tbl2asn version is 25.3
[21:34:58] Using genetic code table 11.
[21:34:58] Loading and checking input file: /home/fsepulveda/Documents/parte1/input/Sa1638.fasta
[21:34:58] Skipping short (<200 bp) contig: Sa1638_NODE_107_length_169_cov_17.6667_ID_213
[21:34:58] Skipping short (<200 bp) contig: Sa1638_NODE_108_length_153_cov_44.6538_ID_215
[21:34:58] Skipping short (<200 bp) contig: Sa1638_NODE_109_length_152_cov_38.44_ID_217
[21:34:58] Skipping short (<200 bp) contig: Sa1638_NODE_110_length_146_cov_9.31579_ID_219
[21:34:58] Skipping short (<200 bp) contig: Sa1638_NODE_111_length_141_cov_29.0714_ID_221
[21:34:58] Skipping short (<200 bp) contig: Sa1638_NODE_112_length_128_cov_909_ID_223
[21:34:58] Wrote 106 contigs totalling 2834207 bp.
[21:34:58] Predicting tRNAs and tmRNAs
[21:34:58] Running: aragorn -l -gc11  -w \/home\/fsepulveda\/Documents\/parte1\/output_Sa1638\/output_prokka\/PROKKA_05122017\.fna
[21:34:59] 1 tRNA-Ser [413592,413684] 37 (tga)
[21:34:59] 1 tRNA-Glu [265262,265336] 34 (ttc)
[21:34:59] 2 tRNA-Asp [265344,265416] 34 (gtc)
[21:34:59] 1 tRNA-Arg c[121332,121404] 34 (ccg)
[21:34:59] 2 tmRNA [137646,138004] 94,129 GKSNNNFAVAA*
[21:34:59] 1 tRNA-Asn [137,211] 33 (gtt)
[21:34:59] 2 tRNA-Glu [212,285] 35 (ttc)
[21:34:59] 3 tRNA-Val [292,367] 34 (tac)
[21:34:59] 4 tRNA-Tyr [397,480] 35 (gta)
[21:34:59] 5 tRNA-Gln [490,564] 33 (ttg)
[21:34:59] 6 tRNA-Lys [568,641] 34 (ttt)
[21:34:59] 1 tRNA-Arg c[54591,54666] 36 (tct)
[21:34:59] 1 tRNA-Asn [55732,55806] 33 (gtt)
[21:34:59] 2 tRNA-Ser [55808,55898] 37 (gct)
[21:34:59] 1 tRNA-Ala c[142,217] 34 (tgc)
[21:34:59] 2 tRNA-Pro c[241,314] 35 (tgg)
[21:34:59] 3 tRNA-Arg c[335,411] 35 (acg)
[21:34:59] 4 tRNA-Leu c[417,505] 35 (taa)
[21:34:59] 5 tRNA-Gly c[513,587] 33 (gcc)
[21:34:59] 6 tRNA-Lys c[620,694] 35 (ttt)
[21:34:59] 7 tRNA-Thr c[700,775] 34 (tgt)
[21:34:59] 8 tRNA-Val c[794,867] 34 (tac)
[21:34:59] 1 tRNA-Met [9839,9912] 35 (cat)
[21:34:59] 2 tRNA-Asp [9934,10009] 34 (gtc)
[21:34:59] 3 tRNA-Phe [10026,10098] 34 (gaa)
[21:34:59] 4 tRNA-His [10112,10187] 34 (gtg)
[21:34:59] 5 tRNA-Gly [10203,10276] 33 (tcc)
[21:34:59] 6 tRNA-Asn [10294,10368] 33 (gtt)
[21:34:59] 7 tRNA-Glu [10369,10442] 35 (ttc)
[21:34:59] 8 tRNA-Ser [10496,10584] 36 (gga)
[21:34:59] 1 tRNA-Gly c[183,256] 33 (tcc)
[21:34:59] 2 tRNA-Leu c[278,360] 34 (gag)
[21:34:59] 1 tRNA-Leu c[218,301] 35 (caa)
[21:34:59] 2 tRNA-Gly c[340,414] 34 (tcc)
[21:34:59] 3 tRNA-Gly c[428,502] 34 (tcc)
[21:34:59] 4 tRNA-Gly c[518,592] 34 (tcc)
[21:34:59] 5 tRNA-Cys c[600,673] 33 (gca)
[21:34:59] 6 tRNA-Gln c[679,750] 33 (ttg)
[21:34:59] 7 tRNA-His c[761,834] 34 (gtg)
[21:34:59] 8 tRNA-Trp c[837,910] 33 (cca)
[21:34:59] 9 tRNA-Tyr c[925,1007] 36 (gta)
[21:34:59] 10 tRNA-Thr c[1012,1087] 34 (tgt)
[21:34:59] 11 tRNA-Phe c[1094,1168] 35 (gaa)
[21:34:59] 12 tRNA-Asp c[1186,1261] 34 (gtc)
[21:34:59] 13 tRNA-Met c[1282,1357] 36 (cat)
[21:34:59] 14 tRNA-Ser c[1371,1463] 37 (tga)
[21:34:59] 15 tRNA-Asp c[1502,1577] 34 (gtc)
[21:34:59] 16 tRNA-Ser c[1587,1678] 38 (tga)
[21:34:59] 17 tRNA-Met c[1687,1760] 35 (cat)
[21:34:59] 18 tRNA-Met c[1788,1862] 35 (cat)
[21:34:59] 19 tRNA-Ala c[1884,1959] 34 (tgc)
[21:34:59] 20 tRNA-Pro c[1977,2050] 35 (tgg)
[21:34:59] 21 tRNA-Arg c[2059,2134] 36 (acg)
[21:34:59] 22 tRNA-Leu c[2152,2240] 35 (taa)
[21:34:59] 23 tRNA-Gly c[2251,2325] 33 (gcc)
[21:34:59] 24 tRNA-Leu c[2328,2411] 36 (tag)
[21:34:59] 25 tRNA-Lys c[2414,2489] 34 (ttt)
[21:34:59] 26 tRNA-Thr c[2495,2570] 34 (tgt)
[21:34:59] 27 tRNA-Val c[2587,2662] 34 (tac)
[21:34:59] 1 tRNA-Ile c[285,361] 35 (gat)
[21:34:59] 1 tRNA-Ala c[122,197] 34 (tgc)
[21:34:59] 2 tRNA-Ile c[216,292] 35 (gat)
[21:34:59] 1 tRNA-Leu [302,388] 35 (gag)
[21:34:59] Found 63 tRNAs
[21:34:59] Predicting Ribosomal RNAs
[21:34:59] You need either Barrnap or RNAmmer installed to predict rRNAs!
[21:34:59] Skipping ncRNA search, enable with --rfam if desired.
[21:34:59] Total of 62 tRNA + rRNA features
[21:34:59] Searching for CRISPR repeats
[21:35:00] Found 0 CRISPRs
[21:35:00] Predicting coding sequences
[21:35:00] Contigs total 2834207 bp, so using single mode
[21:35:00] Running: prodigal -i \/home\/fsepulveda\/Documents\/parte1\/output_Sa1638\/output_prokka\/PROKKA_05122017\.fna -c -m -g 11 -p single -f sco -q
[21:35:03] Found 2600 CDS
[21:35:03] Connecting features back to sequences
[21:35:03] Not using genus-specific database. Try --usegenus to enable it.
[21:35:03] Annotating CDS, please be patient.
[21:35:03] Will use 4 CPUs for similarity searching.
[21:35:04] There are still 2600 unannotated CDS left (started with 2600)
[21:35:04] Will use blast to search against /home/fsepulveda/Desktop/tesis/sccmec_classification/prokka-1.12/bin/../db/kingdom/Bacteria/sprot with 4 CPUs
[21:35:04] Running: cat \/home\/fsepulveda\/Documents\/parte1\/output_Sa1638\/output_prokka\/sprot\.faa | parallel --gnu --plain -j 4 --block 99862 --recstart '>' --pipe blastp -query - -db /home/fsepulveda/Desktop/tesis/sccmec_classification/prokka-1.12/bin/../db/kingdom/Bacteria/sprot -evalue 1e-06 -num_threads 1 -num_descriptions 1 -num_alignments 1 -seg no > \/home\/fsepulveda\/Documents\/parte1\/output_Sa1638\/output_prokka\/sprot\.blast 2> /dev/null
[21:36:01] Modify product: Probable tRNA-dihydrouridine synthase => putative tRNA-dihydrouridine synthase
[21:36:01] Modify product: Uncharacterized lipoprotein SAOUHSC_00052 => putative lipoprotein
[21:36:01] Modify product: Uncharacterized lipoprotein SAOUHSC_00053 => putative lipoprotein
[21:36:01] Modify product: Uncharacterized lipoprotein SAOUHSC_00053 => putative lipoprotein
[21:36:01] Modify product: Uncharacterized lipoprotein SAOUHSC_00053 => putative lipoprotein
[21:36:01] Modify product: Uncharacterized lipoprotein SAOUHSC_00053 => putative lipoprotein
[21:36:01] Modify product: Uncharacterized hydrolase YxeP => putative hydrolase YxeP
[21:36:01] Modify product: Probable amino-acid metabolite efflux pump => putative amino-acid metabolite efflux pump
[21:36:01] Modify product: Probable siderophore transport system permease protein YfhA => putative siderophore transport system permease protein YfhA
[21:36:01] Modify product: Probable siderophore transport system permease protein YfiZ => putative siderophore transport system permease protein YfiZ
[21:36:01] Modify product: Probable siderophore-binding lipoprotein YfiY => putative siderophore-binding lipoprotein YfiY
[21:36:01] Modify product: Probable siderophore biosynthesis protein SbnA => putative siderophore biosynthesis protein SbnA
[21:36:01] Modify product: Uncharacterized sugar transferase EpsL => putative sugar transferase EpsL
[21:36:01] Modify product: PTS system EIIBC component SA0186 => PTS system EIIBC component
[21:36:01] Modify product: Uncharacterized HTH-type transcriptional regulator YbbH => putative HTH-type transcriptional regulator YbbH
[21:36:01] Modify product: Uncharacterized ABC transporter ATP-binding protein YknY => putative ABC transporter ATP-binding protein YknY
[21:36:01] Modify product: Uncharacterized lipoprotein SAOUHSC_00053 => putative lipoprotein
[21:36:01] Modify product: Uncharacterized response regulatory protein SA0215 => putative response regulatory protein
[21:36:01] Modify product: Uncharacterized sensor-like histidine kinase SACOL0202 => putative sensor-like histidine kinase
[21:36:01] Modify product: Probable 3-hydroxyacyl-CoA dehydrogenase => putative 3-hydroxyacyl-CoA dehydrogenase
[21:36:01] Modify product: Uncharacterized glycosyltransferase EpsJ => putative glycosyltransferase EpsJ
[21:36:01] Modify product: Uncharacterized HTH-type transcriptional regulator YydK => putative HTH-type transcriptional regulator YydK
[21:36:01] Modify product: Probable glucose uptake protein GlcU => putative glucose uptake protein GlcU
[21:36:01] Modify product: Uncharacterized ABC transporter ATP-binding protein YxlF => putative ABC transporter ATP-binding protein YxlF
[21:36:01] Modify product: Probable antitoxin YezG => putative antitoxin YezG
[21:36:01] Modify product: Probable antitoxin YezG => putative antitoxin YezG
[21:36:01] Modify product: Probable antitoxin YezG => putative antitoxin YezG
[21:36:01] Modify product: Probable antitoxin YezG => putative antitoxin YezG
[21:36:01] Modify product: Probable antitoxin YezG => putative antitoxin YezG
[21:36:01] Modify product: Probable antitoxin YezG => putative antitoxin YezG
[21:36:01] Modify product: Probable formate transporter 1 => putative formate transporter 1
[21:36:01] Modify product: Uncharacterized ABC transporter permease Rv0072 => putative ABC transporter permease
[21:36:01] Modify product: Uncharacterized HTH-type transcriptional regulator YbbH => putative HTH-type transcriptional regulator YbbH
[21:36:01] Modify product: Uncharacterized oxidoreductase SpyM50865 => putative oxidoreductase
[21:36:01] Modify product: Probable licABCH operon regulator => putative licABCH operon regulator
[21:36:01] Modify product: NAD(P)H-dependent FAD/FMN reductase GTNG_3158 => NAD(P)H-dependent FAD/FMN reductase
[21:36:01] Modify product: Probable iron uptake system component EfeM => putative iron uptake system component EfeM
[21:36:01] Modify product: Probable deferrochelatase/peroxidase EfeN => putative deferrochelatase/peroxidase EfeN
[21:36:01] Modify product: Probable acetyl-CoA acyltransferase => putative acetyl-CoA acyltransferase
[21:36:01] Modify product: Probable chromosome-partitioning protein ParB => putative chromosome-partitioning protein ParB
[21:36:01] Modify product: Uncharacterized MscS family protein YkuT => putative MscS family protein YkuT
[21:36:01] Modify product: Probable GTP-binding protein EngB => putative GTP-binding protein EngB
[21:36:01] Modify product: Uncharacterized peptidase SA1530 => putative peptidase
[21:36:01] Modify product: Putative universal stress protein SA1532 => Putative universal stress protein
[21:36:01] Modify product: Probable thiol peroxidase => putative thiol peroxidase
[21:36:01] Modify product: Probable tRNA sulfurtransferase => putative tRNA sulfurtransferase
[21:36:01] Modify product: Probable quorum-quenching lactonase YtnP => putative quorum-quenching lactonase YtnP
[21:36:01] Modify product: Putative dipeptidase SACOL1801 => Putative dipeptidase
[21:36:01] Modify product: Probable type I restriction enzyme BthVORF4518P M protein => putative type I restriction enzymeP M protein
[21:36:01] Modify product: Uncharacterized AAA domain-containing protein Rv2559c => putative AAA domain-containing protein
[21:36:01] Modify product: Putative O-methyltransferase MSMEG_5073/MSMEI_4947 => Putative O-methyltransferase/MSMEI_4947
[21:36:01] Modify product: Uncharacterized protease YdcP => putative protease YdcP
[21:36:01] Modify product: Uncharacterized protease YdcP => putative protease YdcP
[21:36:01] Modify product: RNA-binding protein HI_1333 => RNA-binding protein
[21:36:01] Modify product: Probable nicotinate-nucleotide adenylyltransferase => putative nicotinate-nucleotide adenylyltransferase
[21:36:02] Modify product: GTP cyclohydrolase 1 type 2 homolog => GTP cyclohydrolase 1 type 2 
[21:36:02] Modify product: Probable endonuclease 4 => putative endonuclease 4
[21:36:02] Modify product: Probable metallo-hydrolase M6_Spy0554 => putative metallo-hydrolase
[21:36:02] Modify product: Probable glycine dehydrogenase (decarboxylating) subunit 1 => putative glycine dehydrogenase (decarboxylating) subunit 1
[21:36:02] Modify product: Probable glycine dehydrogenase (decarboxylating) subunit 2 => putative glycine dehydrogenase (decarboxylating) subunit 2
[21:36:02] Modify product: Probable adenylyltransferase/sulfurtransferase MoeZ => putative adenylyltransferase/sulfurtransferase MoeZ
[21:36:02] Modify product: N utilization substance protein B homolog => N utilization substance protein B 
[21:36:02] Modify product: Probable multidrug-efflux transporter Rv1258c => putative multidrug-efflux transporter
[21:36:02] Modify product: Uncharacterized oxidoreductase SA2266 => putative oxidoreductase
[21:36:02] Modify product: Probable L-asparaginase => putative L-asparaginase
[21:36:02] Modify product: Uncharacterized lipoprotein SA0397 => putative lipoprotein
[21:36:02] Modify product: Uncharacterized lipoprotein SA0397 => putative lipoprotein
[21:36:02] Modify product: Uncharacterized lipoprotein SAOUHSC_00053 => putative lipoprotein
[21:36:02] Modify product: Uncharacterized lipoprotein SAOUHSC_00053 => putative lipoprotein
[21:36:02] Modify product: Uncharacterized lipoprotein SA0397 => putative lipoprotein
[21:36:02] Modify product: Uncharacterized lipoprotein SAOUHSC_00053 => putative lipoprotein
[21:36:02] Modify product: Uncharacterized lipoprotein SA0397 => putative lipoprotein
[21:36:02] Modify product: Uncharacterized lipoprotein SA0397 => putative lipoprotein
[21:36:02] Modify product: Uncharacterized lipoprotein SAOUHSC_00053 => putative lipoprotein
[21:36:02] Modify product: Uncharacterized lipoprotein SA0397 => putative lipoprotein
[21:36:02] Modify product: Probable D-methionine-binding lipoprotein MetQ => putative D-methionine-binding lipoprotein MetQ
[21:36:02] Modify product: Nucleoid-associated protein SA0437 => Nucleoid-associated protein
[21:36:02] Modify product: Probable sulfoacetate transporter SauU => putative sulfoacetate transporter SauU
[21:36:02] Modify product: Uncharacterized membrane protein Rv0364 => putative membrane protein
[21:36:02] Modify product: Uncharacterized ABC transporter ATP-binding protein YxlF => putative ABC transporter ATP-binding protein YxlF
[21:36:02] Modify product: Putative NAD(P)H nitroreductase SA2311 => Putative NAD(P)H nitroreductase
[21:36:02] Modify product: Probable peptide export ATP-binding protein YydI => putative peptide export ATP-binding protein YydI
[21:36:02] Modify product: Probable peptide export permease protein YydJ => putative peptide export permease protein YydJ
[21:36:02] Modify product: Uncharacterized inner membrane transporter YicL => putative inner membrane transporter YicL
[21:36:02] Modify product: Putative esterase aq_1494 => Putative esterase
[21:36:02] Modify product: Putative acetyltransferase SA2342 => Putative acetyltransferase
[21:36:02] Modify product: Probable transglycosylase IsaA => putative transglycosylase IsaA
[21:36:02] Modify product: Uncharacterized hydrolase SA2367 => putative hydrolase
[21:36:02] Modify product: Uncharacterized amino acid permease YhdG => putative amino acid permease YhdG
[21:36:02] Modify product: Probable malate:quinone oxidoreductase 2 => putative malate:quinone oxidoreductase 2
[21:36:02] Modify product: Glutathione peroxidase homolog BsaA => Glutathione peroxidase  BsaA
[21:36:02] Modify product: N-acetylmuramoyl-L-alanine amidase domain-containing protein SAOUHSC_02979 => N-acetylmuramoyl-L-alanine amidase domain-containing protein
[21:36:02] Modify product: Probable poly-beta-1,6-N-acetyl-D-glucosamine export protein => putative poly-beta-1,6-N-acetyl-D-glucosamine export protein
[21:36:02] Modify product: Probable ATP-dependent helicase DinG homolog => putative ATP-dependent helicase DinG 
[21:36:02] Modify product: Probable glucose uptake protein GlcU => putative glucose uptake protein GlcU
[21:36:02] Modify product: Uncharacterized HTH-type transcriptional regulator SAR2349 => putative HTH-type transcriptional regulator
[21:36:02] Modify product: Probable molybdenum cofactor guanylyltransferase => putative molybdenum cofactor guanylyltransferase
[21:36:02] Modify product: Urea transporter DVU1160 => Urea transporter
[21:36:02] Modify product: Putative 2-hydroxyacid dehydrogenase SA2098 => Putative 2-hydroxyacid dehydrogenase
[21:36:02] Modify product: Putative formate dehydrogenase SA2102 => Putative formate dehydrogenase
[21:36:02] Modify product: Uncharacterized HTH-type transcriptional regulator YbbH => putative HTH-type transcriptional regulator YbbH
[21:36:02] Modify product: Probable transport protein YifK => putative transport protein YifK
[21:36:02] Modify product: Phosphorylated carbohydrates phosphatase TM_1254 => Phosphorylated carbohydrates phosphatase
[21:36:02] Modify product: Uncharacterized oxidoreductase YghA => putative oxidoreductase YghA
[21:36:02] Modify product: Uncharacterized hydrolase YxeP => putative hydrolase YxeP
[21:36:02] Modify product: Probable multidrug resistance protein EmrK => putative multidrug resistance protein EmrK
[21:36:02] Modify product: Uncharacterized ABC transporter permease Rv0072 => putative ABC transporter permease
[21:36:02] Modify product: Uncharacterized HTH-type transcriptional regulator SACOL2360 => putative HTH-type transcriptional regulator
[21:36:02] Modify product: Probable malate:quinone oxidoreductase 1 => putative malate:quinone oxidoreductase 1
[21:36:02] Modify product: Uncharacterized lipoprotein SA2158 => putative lipoprotein
[21:36:02] Modify product: Probable transcriptional regulatory protein SA0624 => putative transcriptional regulatory protein
[21:36:02] Modify product: Putative multidrug export ATP-binding/permease protein SA1683 => Putative multidrug export ATP-binding/permease protein
[21:36:02] Modify product: Putative lipid kinase SA0681 => Putative lipid kinase
[21:36:02] Modify product: Probable siderophore transport system ATP-binding protein YusV => putative siderophore transport system ATP-binding protein YusV
[21:36:02] Modify product: Uncharacterized ABC transporter solute-binding protein YclQ => putative ABC transporter solute-binding protein YclQ
[21:36:02] Modify product: Probable undecaprenyl-phosphate N-acetylglucosaminyl 1-phosphate transferase => putative undecaprenyl-phosphate N-acetylglucosaminyl 1-phosphate transferase
[21:36:02] Modify product: DegV domain-containing protein SA0704 => DegV domain-containing protein
[21:36:02] Modify product: Nucleotide-binding protein SA0720 => Nucleotide-binding protein
[21:36:02] Modify product: Epimerase family protein SA0724 => Epimerase family protein
[21:36:02] Modify product: Probable protein-export membrane protein SecG => putative protein-export membrane protein SecG
[21:36:02] Modify product: Putative phosphoesterase SA0873 => Putative phosphoesterase
[21:36:02] Modify product: Uncharacterized oxidoreductase SpyM50865 => putative oxidoreductase
[21:36:02] Modify product: Putative esterase PA1618 => Putative esterase
[21:36:02] Modify product: NADH dehydrogenase-like protein SA0802 => NADH dehydrogenase-like protein
[21:36:02] Modify product: Putative monooxygenase Rv1533 => Putative monooxygenase
[21:36:02] Modify product: Probable cysteine desulfurase => putative cysteine desulfurase
[21:36:02] Modify product: Organic hydroperoxide resistance protein-like => Organic hydroperoxide resistance protein-like protein
[21:36:02] Modify product: Probable dual-specificity RNA methyltransferase RlmN => putative dual-specificity RNA methyltransferase RlmN
[21:36:02] Modify product: Probable cell wall hydrolase LytN => putative cell wall hydrolase LytN
[21:36:02] Modify product: Putative zinc metalloprotease SA1105 => Putative zinc metalloprotease
[21:36:02] Modify product: Probable ribosomal protein YlxQ => putative ribosomal protein YlxQ
[21:36:02] Modify product: Probable transcriptional regulator PhnF => putative transcriptional regulator PhnF
[21:36:02] Modify product: Uncharacterized zinc protease Rv2782c => putative zinc protease
[21:36:03] Modify product: Glutathione peroxidase homolog BsaA => Glutathione peroxidase  BsaA
[21:36:03] Modify product: Putative surface protein SA2285 => Putative surface protein
[21:36:03] Modify product: Uncharacterized lipoprotein SA2273 => putative lipoprotein
[21:36:03] Modify product: Uncharacterized lipoprotein SA2273 => putative lipoprotein
[21:36:03] Modify product: Uncharacterized lipoprotein SA2273 => putative lipoprotein
[21:36:03] Modify product: Uncharacterized lipoprotein SA2273 => putative lipoprotein
[21:36:03] Modify product: Uncharacterized oxidoreductase SA2266 => putative oxidoreductase
[21:36:03] Modify product: Uncharacterized lipoprotein YehR => putative lipoprotein YehR
[21:36:03] Modify product: Probable iron export ATP-binding protein FetA => putative iron export ATP-binding protein FetA
[21:36:03] Modify product: Probable iron export permease protein FetB => putative iron export permease protein FetB
[21:36:03] Modify product: Putative multidrug export ATP-binding/permease protein SA1683 => Putative multidrug export ATP-binding/permease protein
[21:36:03] Modify product: Uncharacterized ABC transporter ATP-binding protein TM_0288 => putative ABC transporter ATP-binding protein
[21:36:03] Modify product: Probable amino-acid ABC transporter-binding protein HI_1080 => putative amino-acid ABC transporter-binding protein
[21:36:03] Modify product: Uncharacterized N-acetyltransferase YtmI => putative N-acetyltransferase YtmI
[21:36:03] Modify product: Uncharacterized ABC transporter ATP-binding protein Rv0986 => putative ABC transporter ATP-binding protein
[21:36:03] Modify product: Serine protease HtrA-like => Serine protease HtrA-like protein
[21:36:03] Modify product: Probable glycolipid permease LtaA => putative glycolipid permease LtaA
[21:36:03] Modify product: Probable manganese-dependent inorganic pyrophosphatase => putative manganese-dependent inorganic pyrophosphatase
[21:36:03] Modify product: Uncharacterized ABC transporter ATP-binding protein YxlF => putative ABC transporter ATP-binding protein YxlF
[21:36:03] Modify product: Probable cell wall hydrolase LytN => putative cell wall hydrolase LytN
[21:36:03] Modify product: TelA-like protein SA1238 => TelA-like protein
[21:36:03] Modify product: Uncharacterized hydrolase YxeP => putative hydrolase YxeP
[21:36:03] Modify product: Uncharacterized ABC transporter ATP-binding protein YbiT => putative ABC transporter ATP-binding protein YbiT
[21:36:03] Modify product: Probable tautomerase SA1195.1 => putative tautomerase.1
[21:36:03] Modify product: Probable CtpA-like serine protease => putative CtpA-like serine protease
[21:36:03] Modify product: DegV domain-containing protein MW1315 => DegV domain-containing protein
[21:36:03] Modify product: Uncharacterized acyl-CoA thioester hydrolase HI_0827 => putative acyl-CoA thioester hydrolase
[21:36:03] Modify product: Putative multidrug export ATP-binding/permease protein SA1683 => Putative multidrug export ATP-binding/permease protein
[21:36:03] Modify product: Probable multidrug resistance protein EmrY => putative multidrug resistance protein EmrY
[21:36:03] Modify product: Probable uridylyltransferase SA1974 => putative uridylyltransferase
[21:36:03] Modify product: Probable siderophore transport system permease protein YfiZ => putative siderophore transport system permease protein YfiZ
[21:36:03] Modify product: Zinc-type alcohol dehydrogenase-like protein SA1988 => Zinc-type alcohol dehydrogenase-like protein
[21:36:03] Modify product: Uncharacterized oxidoreductase MSMEG_2408/MSMEI_2347 => putative oxidoreductase/MSMEI_2347
[21:36:03] Modify product: Uncharacterized hydrolase SA2005 => putative hydrolase
[21:36:03] Modify product: Probable cell wall hydrolase LytN => putative cell wall hydrolase LytN
[21:36:03] Modify product: Probable nitrate reductase molybdenum cofactor assembly chaperone NarW => putative nitrate reductase molybdenum cofactor assembly chaperone NarW
[21:36:03] Modify product: Probable nitrate transporter NarT => putative nitrate transporter NarT
[21:36:03] Modify product: Uncharacterized PIN and TRAM-domain containing protein YacL => putative PIN and TRAM-domain containing protein YacL
[21:36:03] Modify product: Ribosome-associated protein L7Ae-like => Ribosome-associated protein L7Ae-like protein
[21:36:03] Modify product: Uncharacterized hydrolase YxeP => putative hydrolase YxeP
[21:36:03] Modify product: Uncharacterized epimerase/dehydratase SA0511 => putative epimerase/dehydratase
[21:36:03] Modify product: Probable branched-chain-amino-acid aminotransferase => putative branched-chain-amino-acid aminotransferase
[21:36:03] Modify product: Probable N-acetyl-alpha-D-glucosaminyl L-malate deacetylase 2 => putative N-acetyl-alpha-D-glucosaminyl L-malate deacetylase 2
[21:36:03] Modify product: Uncharacterized acyl--CoA ligase YhfT => putative acyl--CoA ligase YhfT
[21:36:03] Modify product: Uncharacterized amino acid permease YhdG => putative amino acid permease YhdG
[21:36:03] Modify product: Putative heme-dependent peroxidase SA0544 => Putative heme-dependent peroxidase
[21:36:03] Modify product: Probable pyridine nucleotide-disulfide oxidoreductase RclA => putative pyridine nucleotide-disulfide oxidoreductase RclA
[21:36:03] Modify product: Ribonuclease BC_0920 => Ribonuclease
[21:36:03] Modify product: Uncharacterized beta-barrel protein YwiB => putative beta-barrel protein YwiB
[21:36:03] Modify product: Probable ABC transporter permease protein HI_1471 => putative ABC transporter permease protein
[21:36:03] Modify product: Uncharacterized ABC transporter ATP-binding protein YlmA => putative ABC transporter ATP-binding protein YlmA
[21:36:03] Modify product: Uncharacterized sugar epimerase YhfK => putative sugar epimerase YhfK
[21:36:03] Modify product: Probable mannose-6-phosphate isomerase GmuF => putative mannose-6-phosphate isomerase GmuF
[21:36:03] Modify product: Probable DNA-directed RNA polymerase subunit delta => putative DNA-directed RNA polymerase subunit delta
[21:36:03] Modify product: Putative aldehyde dehydrogenase SAV2122 => Putative aldehyde dehydrogenase
[21:36:03] Modify product: Probable transglycosylase SceD => putative transglycosylase SceD
[21:36:03] Modify product: Probable glycerophosphodiester phosphodiesterase 1 => putative glycerophosphodiester phosphodiesterase 1
[21:36:03] Modify product: Probable heme-iron transport system permease protein IsdF => putative heme-iron transport system permease protein IsdF
[21:36:03] Modify product: Putative metallophosphoesterase MG207 homolog => Putative metallophosphoesterase MG207 
[21:36:03] Modify product: Uncharacterized N-acetyltransferase SA1019 => putative N-acetyltransferase
[21:36:03] Modify product: Bifunctional protein FolD => Bifunctional protein FolD protein
[21:36:03] Modify product: Probable quinol oxidase subunit 2 => putative quinol oxidase subunit 2
[21:36:03] Modify product: Probable quinol oxidase subunit 1 => putative quinol oxidase subunit 1
[21:36:03] Modify product: Acetyltransferase SACOL1063 => Acetyltransferase
[21:36:03] Modify product: Probable peptidoglycan glycosyltransferase FtsW => putative peptidoglycan glycosyltransferase FtsW
[21:36:03] Modify product: Uncharacterized ABC transporter ATP-binding protein YheS => putative ABC transporter ATP-binding protein YheS
[21:36:03] Modify product: Uncharacterized HTH-type transcriptional regulator HI_1476 => putative HTH-type transcriptional regulator
[21:36:03] Modify product: Uncharacterized leukocidin-like protein 1 => putative leukocidin-like protein 1
[21:36:03] Modify product: Uncharacterized leukocidin-like protein 2 => putative leukocidin-like protein 2
[21:36:03] Modify product: Probable succinyl-diaminopimelate desuccinylase => putative succinyl-diaminopimelate desuccinylase
[21:36:04] Modify product: Uncharacterized metallophosphoesterase YhaO => putative metallophosphoesterase YhaO
[21:36:04] Modify product: Putative esterase aq_1494 => Putative esterase
[21:36:04] Modify product: Putative phosphatase M6_Spy0533 => Putative phosphatase
[21:36:04] Modify product: Uncharacterized ABC transporter ATP-binding protein YbiT => putative ABC transporter ATP-binding protein YbiT
[21:36:04] Modify product: Probable cadmium-transporting ATPase => putative cadmium-transporting ATPase
[21:36:04] Modify product: Probable acrylyl-CoA reductase AcuI => putative acrylyl-CoA reductase AcuI
[21:36:04] Modify product: Uncharacterized ABC transporter ATP-binding protein YxlF => putative ABC transporter ATP-binding protein YxlF
[21:36:04] Modify product: Dihydrofolate reductase type 1 from Tn4003 => Dihydrofolate reductase type 1 from
[21:36:04] Modify product: DegV domain-containing protein MW1315 => DegV domain-containing protein
[21:36:04] Cleaned 212 /product names
[21:36:04] Deleting unwanted file: /home/fsepulveda/Documents/parte1/output_Sa1638/output_prokka/sprot.faa
[21:36:04] Deleting unwanted file: /home/fsepulveda/Documents/parte1/output_Sa1638/output_prokka/sprot.blast
[21:36:04] There are still 834 unannotated CDS left (started with 2600)
[21:36:04] Will use hmmer3 to search against /home/fsepulveda/Desktop/tesis/sccmec_classification/prokka-1.12/bin/../db/hmm/HAMAP.hmm with 4 CPUs
[21:36:04] Running: cat \/home\/fsepulveda\/Documents\/parte1\/output_Sa1638\/output_prokka\/HAMAP\.hmm\.faa | parallel --gnu --plain -j 4 --block 21387 --recstart '>' --pipe hmmscan --noali --notextw --acc -E 1e-06 --cpu 1 /home/fsepulveda/Desktop/tesis/sccmec_classification/prokka-1.12/bin/../db/hmm/HAMAP.hmm /dev/stdin > \/home\/fsepulveda\/Documents\/parte1\/output_Sa1638\/output_prokka\/HAMAP\.hmm\.hmmer3 2> /dev/null
[21:36:19] Modify product: Protein SprT-like => Protein SprT-like protein
[21:36:19] Cleaned 1 /product names
[21:36:19] Deleting unwanted file: /home/fsepulveda/Documents/parte1/output_Sa1638/output_prokka/HAMAP.hmm.faa
[21:36:19] Deleting unwanted file: /home/fsepulveda/Documents/parte1/output_Sa1638/output_prokka/HAMAP.hmm.hmmer3
[21:36:19] Labelling remaining 781 proteins as 'hypothetical protein'
[21:36:19] Possible /pseudo 'putative lipoprotein' at gnl|10|saureus_1 position 22785
[21:36:19] Possible /pseudo 'putative lipoprotein' at gnl|10|saureus_1 position 23656
[21:36:19] Possible /pseudo 'putative lipoprotein' at gnl|10|saureus_1 position 24491
[21:36:19] Possible /pseudo 'putative lipoprotein' at gnl|10|saureus_1 position 25325
[21:36:19] Possible /pseudo 'Oleate hydratase' at gnl|10|saureus_1 position 34307
[21:36:19] Possible /pseudo 'Phosphate-import permease protein PhnE' at gnl|10|saureus_1 position 74102
[21:36:19] Possible /pseudo 'Glucose--fructose oxidoreductase' at gnl|10|saureus_1 position 168394
[21:36:19] Possible /pseudo 'putative antitoxin YezG' at gnl|10|saureus_1 position 261893
[21:36:19] Possible /pseudo 'putative antitoxin YezG' at gnl|10|saureus_1 position 262404
[21:36:19] Possible /pseudo 'putative antitoxin YezG' at gnl|10|saureus_1 position 262914
[21:36:19] Possible /pseudo 'putative antitoxin YezG' at gnl|10|saureus_1 position 263425
[21:36:19] Possible /pseudo 'putative lipoprotein' at gnl|10|saureus_1 position 374602
[21:36:19] Possible /pseudo 'putative lipoprotein' at gnl|10|saureus_1 position 375441
[21:36:19] Possible /pseudo 'putative lipoprotein' at gnl|10|saureus_1 position 376274
[21:36:19] Possible /pseudo 'putative lipoprotein' at gnl|10|saureus_1 position 377096
[21:36:19] Possible /pseudo 'putative lipoprotein' at gnl|10|saureus_1 position 377900
[21:36:19] Possible /pseudo 'putative lipoprotein' at gnl|10|saureus_1 position 378739
[21:36:19] Possible /pseudo 'putative lipoprotein' at gnl|10|saureus_1 position 379585
[21:36:19] Possible /pseudo 'putative lipoprotein' at gnl|10|saureus_1 position 380404
[21:36:19] Possible /pseudo 'putative lipoprotein' at gnl|10|saureus_1 position 381365
[21:36:19] Possible /pseudo 'Fibronectin-binding protein A' at gnl|10|saureus_2 position 5070
[21:36:19] Possible /pseudo 'Lipase 1' at gnl|10|saureus_2 position 201490
[21:36:19] Possible /pseudo 'Putative fluoride ion transporter CrcB' at gnl|10|saureus_3 position 159465
[21:36:19] Possible /pseudo 'putative protease YdcP' at gnl|10|saureus_4 position 27654
[21:36:19] Possible /pseudo 'Enterotoxin type A' at gnl|10|saureus_4 position 38767
[21:36:19] Possible /pseudo 'Signal peptidase IB' at gnl|10|saureus_7 position 58192
[21:36:19] Possible /pseudo 'Extracellular matrix protein-binding protein emp' at gnl|10|saureus_7 position 127226
[21:36:19] Possible /pseudo 'putative lipoprotein' at gnl|10|saureus_9 position 11137
[21:36:19] Possible /pseudo 'putative lipoprotein' at gnl|10|saureus_9 position 12151
[21:36:19] Possible /pseudo 'Antibacterial protein 3' at gnl|10|saureus_12 position 55220
[21:36:19] Possible /pseudo '65 kDa membrane protein' at gnl|10|saureus_14 position 27282
[21:36:19] Possible /pseudo 'Extracellular matrix-binding protein EbhA' at gnl|10|saureus_16 position 31090
[21:36:19] Possible /pseudo 'Enterotoxin type D' at gnl|10|saureus_23 position 11861
[21:36:19] Possible /pseudo 'DNA-invertase hin' at gnl|10|saureus_31 position 5157
[21:36:19] Found 1442 unique /gene codes.
[21:36:19] Fixed 2 duplicate /gene - rimI_1 rimI_2
[21:36:19] Fixed 2 duplicate /gene - crcB_1 crcB_2
[21:36:19] Fixed 2 duplicate /gene - murJ_1 murJ_2
[21:36:19] Fixed 2 duplicate /gene - trpG_1 trpG_2
[21:36:19] Fixed 2 duplicate /gene - cfiB_1 cfiB_2
[21:36:19] Fixed 2 duplicate /gene - yfmC_1 yfmC_2
[21:36:19] Fixed 2 duplicate /gene - hlb_1 hlb_2
[21:36:19] Fixed 2 duplicate /gene - rocD2_1 rocD2_2
[21:36:19] Fixed 6 duplicate /gene - lpl2_1 lpl2_2 lpl2_3 lpl2_4 lpl2_5 lpl2_6
[21:36:19] Fixed 2 duplicate /gene - fnbA_1 fnbA_2
[21:36:19] Fixed 2 duplicate /gene - oatA_1 oatA_2
[21:36:19] Fixed 2 duplicate /gene - sufB_1 sufB_2
[21:36:19] Fixed 2 duplicate /gene - mnaA_1 mnaA_2
[21:36:19] Fixed 2 duplicate /gene - feuC_1 feuC_2
[21:36:19] Fixed 2 duplicate /gene - fib_1 fib_2
[21:36:19] Fixed 2 duplicate /gene - cynR_1 cynR_2
[21:36:19] Fixed 2 duplicate /gene - lytR_1 lytR_2
[21:36:19] Fixed 2 duplicate /gene - yhdG_1 yhdG_2
[21:36:19] Fixed 2 duplicate /gene - accB_1 accB_2
[21:36:19] Fixed 2 duplicate /gene - phnE_1 phnE_2
[21:36:19] Fixed 3 duplicate /gene - treR_1 treR_2 treR_3
[21:36:19] Fixed 3 duplicate /gene - iucC_1 iucC_2 iucC_3
[21:36:19] Fixed 3 duplicate /gene - ybbH_1 ybbH_2 ybbH_3
[21:36:19] Fixed 2 duplicate /gene - ykoD_1 ykoD_2
[21:36:19] Fixed 2 duplicate /gene - queE_1 queE_2
[21:36:19] Fixed 2 duplicate /gene - gfo_1 gfo_2
[21:36:19] Fixed 2 duplicate /gene - lysP_1 lysP_2
[21:36:19] Fixed 2 duplicate /gene - ghrB_1 ghrB_2
[21:36:19] Fixed 2 duplicate /gene - dnaX_1 dnaX_2
[21:36:19] Fixed 2 duplicate /gene - gatC_1 gatC_2
[21:36:19] Fixed 2 duplicate /gene - cycA_1 cycA_2
[21:36:19] Fixed 3 duplicate /gene - glpE_1 glpE_2 glpE_3
[21:36:19] Fixed 2 duplicate /gene - ldhD_1 ldhD_2
[21:36:19] Fixed 4 duplicate /gene - ssaA2_1 ssaA2_2 ssaA2_3 ssaA2_4
[21:36:19] Fixed 3 duplicate /gene - ebh_1 ebh_2 ebh_3
[21:36:19] Fixed 2 duplicate /gene - ywqE_1 ywqE_2
[21:36:19] Fixed 2 duplicate /gene - ricR_1 ricR_2
[21:36:19] Fixed 2 duplicate /gene - bcr_1 bcr_2
[21:36:19] Fixed 2 duplicate /gene - yfkN_1 yfkN_2
[21:36:19] Fixed 2 duplicate /gene - pdhC_1 pdhC_2
[21:36:19] Fixed 2 duplicate /gene - iscS_1 iscS_2
[21:36:19] Fixed 2 duplicate /gene - mutS_1 mutS_2
[21:36:19] Fixed 2 duplicate /gene - feoB_1 feoB_2
[21:36:19] Fixed 2 duplicate /gene - oppF_1 oppF_2
[21:36:19] Fixed 2 duplicate /gene - rsmH_1 rsmH_2
[21:36:19] Fixed 2 duplicate /gene - bltD_1 bltD_2
[21:36:19] Fixed 2 duplicate /gene - tetA_1 tetA_2
[21:36:19] Fixed 2 duplicate /gene - carA_1 carA_2
[21:36:19] Fixed 2 duplicate /gene - thyA_1 thyA_2
[21:36:19] Fixed 2 duplicate /gene - bioB_1 bioB_2
[21:36:19] Fixed 2 duplicate /gene - melR_1 melR_2
[21:36:19] Fixed 2 duplicate /gene - tst_1 tst_2
[21:36:19] Fixed 2 duplicate /gene - limB_1 limB_2
[21:36:19] Fixed 2 duplicate /gene - iucA_1 iucA_2
[21:36:19] Fixed 2 duplicate /gene - bceA_1 bceA_2
[21:36:19] Fixed 2 duplicate /gene - znuC_1 znuC_2
[21:36:19] Fixed 4 duplicate /gene - yxeP_1 yxeP_2 yxeP_3 yxeP_4
[21:36:19] Fixed 2 duplicate /gene - manR_1 manR_2
[21:36:19] Fixed 6 duplicate /gene - entA_1 entA_2 entA_3 entA_4 entA_5 entA_6
[21:36:19] Fixed 2 duplicate /gene - mnhD1_1 mnhD1_2
[21:36:19] Fixed 2 duplicate /gene - gloC_1 gloC_2
[21:36:19] Fixed 2 duplicate /gene - yugI_1 yugI_2
[21:36:19] Fixed 2 duplicate /gene - pbpX_1 pbpX_2
[21:36:19] Fixed 3 duplicate /gene - mhqA_1 mhqA_2 mhqA_3
[21:36:19] Fixed 3 duplicate /gene - der_1 der_2 der_3
[21:36:19] Fixed 3 duplicate /gene - graR_1 graR_2 graR_3
[21:36:19] Fixed 4 duplicate /gene - ssbA_1 ssbA_2 ssbA_3 ssbA_4
[21:36:19] Fixed 2 duplicate /gene - gsiC_1 gsiC_2
[21:36:19] Fixed 2 duplicate /gene - est_1 est_2
[21:36:19] Fixed 2 duplicate /gene - ydcP_1 ydcP_2
[21:36:19] Fixed 2 duplicate /gene - nupC_1 nupC_2
[21:36:19] Fixed 2 duplicate /gene - tagH_1 tagH_2
[21:36:19] Fixed 2 duplicate /gene - nikB_1 nikB_2
[21:36:19] Fixed 2 duplicate /gene - alr1_1 alr1_2
[21:36:19] Fixed 2 duplicate /gene - pheT_1 pheT_2
[21:36:19] Fixed 3 duplicate /gene - hin_1 hin_2 hin_3
[21:36:19] Fixed 2 duplicate /gene - nth_1 nth_2
[21:36:19] Fixed 3 duplicate /gene - lipA_1 lipA_2 lipA_3
[21:36:19] Fixed 2 duplicate /gene - ykoC_1 ykoC_2
[21:36:19] Fixed 4 duplicate /gene - yxlF_1 yxlF_2 yxlF_3 yxlF_4
[21:36:19] Fixed 2 duplicate /gene - emp_1 emp_2
[21:36:19] Fixed 2 duplicate /gene - entG_1 entG_2
[21:36:19] Fixed 2 duplicate /gene - cadC_1 cadC_2
[21:36:19] Fixed 3 duplicate /gene - opuD_1 opuD_2 opuD_3
[21:36:19] Fixed 2 duplicate /gene - mntH_1 mntH_2
[21:36:19] Fixed 2 duplicate /gene - kipI_1 kipI_2
[21:36:19] Fixed 2 duplicate /gene - tadA_1 tadA_2
[21:36:19] Fixed 2 duplicate /gene - czcD_1 czcD_2
[21:36:19] Fixed 3 duplicate /gene - gph_1 gph_2 gph_3
[21:36:19] Fixed 2 duplicate /gene - ktrB_1 ktrB_2
[21:36:19] Fixed 2 duplicate /gene - nagB_1 nagB_2
[21:36:19] Fixed 2 duplicate /gene - rnmV_1 rnmV_2
[21:36:19] Fixed 2 duplicate /gene - pitA_1 pitA_2
[21:36:19] Fixed 2 duplicate /gene - cap8A_1 cap8A_2
[21:36:19] Fixed 2 duplicate /gene - tcyC_1 tcyC_2
[21:36:19] Fixed 3 duplicate /gene - scn_1 scn_2 scn_3
[21:36:19] Fixed 2 duplicate /gene - hrtA_1 hrtA_2
[21:36:19] Fixed 3 duplicate /gene - lytN_1 lytN_2 lytN_3
[21:36:19] Fixed 2 duplicate /gene - pepF1_1 pepF1_2
[21:36:19] Fixed 2 duplicate /gene - suhB_1 suhB_2
[21:36:19] Fixed 3 duplicate /gene - brnQ_1 brnQ_2 brnQ_3
[21:36:19] Fixed 4 duplicate /gene - oppD_1 oppD_2 oppD_3 oppD_4
[21:36:19] Fixed 2 duplicate /gene - cspA_1 cspA_2
[21:36:19] Fixed 2 duplicate /gene - lctP_1 lctP_2
[21:36:19] Fixed 2 duplicate /gene - thrB_1 thrB_2
[21:36:19] Fixed 3 duplicate /gene - graS_1 graS_2 graS_3
[21:36:19] Fixed 2 duplicate /gene - hisC_1 hisC_2
[21:36:19] Fixed 2 duplicate /gene - pepT_1 pepT_2
[21:36:19] Fixed 2 duplicate /gene - ywqD_1 ywqD_2
[21:36:19] Fixed 2 duplicate /gene - aldC_1 aldC_2
[21:36:19] Fixed 2 duplicate /gene - lytM_1 lytM_2
[21:36:19] Fixed 2 duplicate /gene - birA_1 birA_2
[21:36:19] Fixed 2 duplicate /gene - mleN_1 mleN_2
[21:36:19] Fixed 2 duplicate /gene - gpmA_1 gpmA_2
[21:36:19] Fixed 6 duplicate /gene - yezG_1 yezG_2 yezG_3 yezG_4 yezG_5 yezG_6
[21:36:19] Fixed 2 duplicate /gene - clpP_1 clpP_2
[21:36:19] Fixed 2 duplicate /gene - spsB_1 spsB_2
[21:36:19] Fixed 2 duplicate /gene - glcU_1 glcU_2
[21:36:19] Fixed 2 duplicate /gene - bin3_1 bin3_2
[21:36:19] Fixed 2 duplicate /gene - gatA_1 gatA_2
[21:36:19] Fixed 2 duplicate /gene - leuA_1 leuA_2
[21:36:19] Fixed 4 duplicate /gene - atl_1 atl_2 atl_3 atl_4
[21:36:19] Fixed 2 duplicate /gene - ssaA_1 ssaA_2
[21:36:19] Fixed 2 duplicate /gene - yfiZ_1 yfiZ_2
[21:36:19] Fixed 3 duplicate /gene - rluD_1 rluD_2 rluD_3
[21:36:19] Fixed 2 duplicate /gene - tarF_1 tarF_2
[21:36:19] Fixed 2 duplicate /gene - rpsA_1 rpsA_2
[21:36:19] Fixed 2 duplicate /gene - nhaK_1 nhaK_2
[21:36:19] Fixed 3 duplicate /gene - natA_1 natA_2 natA_3
[21:36:19] Fixed 2 duplicate /gene - lacC_1 lacC_2
[21:36:19] Fixed 5 duplicate /gene - norB_1 norB_2 norB_3 norB_4 norB_5
[21:36:19] Fixed 3 duplicate /gene - yciC_1 yciC_2 yciC_3
[21:36:19] Fixed 2 duplicate /gene - ybiT_1 ybiT_2
[21:36:19] Fixed 2 duplicate /gene - gtf1_1 gtf1_2
[21:36:19] Fixed 3 duplicate /gene - entD_1 entD_2 entD_3
[21:36:19] Fixed 3 duplicate /gene - bceB_1 bceB_2 bceB_3
[21:36:19] Fixed 3 duplicate /gene - slyA_1 slyA_2 slyA_3
[21:36:19] Fixed 2 duplicate /gene - mggB_1 mggB_2
[21:36:19] Fixed 2 duplicate /gene - trxA_1 trxA_2
[21:36:19] Fixed 2 duplicate /gene - gatB_1 gatB_2
[21:36:19] Fixed 2 duplicate /gene - ysdC_1 ysdC_2
[21:36:19] Fixed 2 duplicate /gene - ebhA_1 ebhA_2
[21:36:19] Fixed 2 duplicate /gene - pepA_1 pepA_2
[21:36:19] Fixed 3 duplicate /gene - ptsG_1 ptsG_2 ptsG_3
[21:36:19] Fixed 2 duplicate /gene - sle1_1 sle1_2
[21:36:19] Fixed 2 duplicate /gene - argR_1 argR_2
[21:36:19] Fixed 2 duplicate /gene - ugpQ_1 ugpQ_2
[21:36:19] Fixed 2 duplicate /gene - kipA_1 kipA_2
[21:36:19] Fixed 2 duplicate /gene - metP_1 metP_2
[21:36:19] Fixed 2 duplicate /gene - gltB_1 gltB_2
[21:36:19] Fixed 2 duplicate /gene - polC_1 polC_2
[21:36:19] Fixed 2 duplicate /gene - glpQ_1 glpQ_2
[21:36:19] Fixed 2 duplicate /gene - arcB_1 arcB_2
[21:36:19] Fixed 2 duplicate /gene - cls_1 cls_2
[21:36:19] Fixed 3 duplicate /gene - femA_1 femA_2 femA_3
[21:36:19] Fixed 2 duplicate /gene - uppP_1 uppP_2
[21:36:19] Fixed 2 duplicate /gene - bsaA_1 bsaA_2
[21:36:19] Fixed 2 duplicate /gene - treP_1 treP_2
[21:36:19] Fixed 2 duplicate /gene - emrB_1 emrB_2
[21:36:19] Fixed 2 duplicate /gene - fecD_1 fecD_2
[21:36:19] Fixed 3 duplicate /gene - xerD_1 xerD_2 xerD_3
[21:36:19] Fixed 2 duplicate /gene - rpmG2_1 rpmG2_2
[21:36:19] Fixed 2 duplicate /gene - acsA_1 acsA_2
[21:36:19] Fixed 2 duplicate /gene - patA_1 patA_2
[21:36:19] Fixed 2 duplicate /gene - murF_1 murF_2
[21:36:19] Fixed 2 duplicate /gene - metQ_1 metQ_2
[21:36:19] Fixed 2 duplicate /gene - garK_1 garK_2
[21:36:19] Fixed 2 duplicate /gene - yhdN_1 yhdN_2
[21:36:19] Fixed 2 duplicate /gene - yitU_1 yitU_2
[21:36:19] Fixed 2 duplicate /gene - catE_1 catE_2
[21:36:19] Fixed 2 duplicate /gene - xerC_1 xerC_2
[21:36:19] Fixed 2 duplicate /gene - speC_1 speC_2
[21:36:19] Fixed 3 duplicate /gene - gsiD_1 gsiD_2 gsiD_3
[21:36:19] Fixed 2 duplicate /gene - recQ_1 recQ_2
[21:36:19] Fixed 2 duplicate /gene - secA_1 secA_2
[21:36:19] Fixed 175 colliding /gene names.
[21:36:19] Adding /locus_tag identifiers
[21:36:19] Assigned 2663 locus_tags to CDS and RNA features.
[21:36:19] Writing outputs to /home/fsepulveda/Documents/parte1/output_Sa1638/output_prokka/
[21:36:21] Generating annotation statistics file
[21:36:21] Generating Genbank and Sequin files
[21:36:21] Running: tbl2asn -V b -a r10k -l paired-ends -M n -N 1 -y 'Annotated using prokka 1.12 from https://github.com/tseemann/prokka' -Z \/home\/fsepulveda\/Documents\/parte1\/output_Sa1638\/output_prokka\/PROKKA_05122017\.err -i \/home\/fsepulveda\/Documents\/parte1\/output_Sa1638\/output_prokka\/PROKKA_05122017\.fsa 2> /dev/null
[21:36:28] Deleting unwanted file: /home/fsepulveda/Documents/parte1/output_Sa1638/output_prokka/errorsummary.val
[21:36:28] Deleting unwanted file: /home/fsepulveda/Documents/parte1/output_Sa1638/output_prokka/PROKKA_05122017.dr
[21:36:28] Deleting unwanted file: /home/fsepulveda/Documents/parte1/output_Sa1638/output_prokka/PROKKA_05122017.fixedproducts
[21:36:28] Deleting unwanted file: /home/fsepulveda/Documents/parte1/output_Sa1638/output_prokka/PROKKA_05122017.ecn
[21:36:28] Deleting unwanted file: /home/fsepulveda/Documents/parte1/output_Sa1638/output_prokka/PROKKA_05122017.val
[21:36:28] Repairing broken .GBK output that tbl2asn produces...
[21:36:28] Running: sed 's/COORDINATES: profile/COORDINATES:profile/' < \/home\/fsepulveda\/Documents\/parte1\/output_Sa1638\/output_prokka\/PROKKA_05122017\.gbf > \/home\/fsepulveda\/Documents\/parte1\/output_Sa1638\/output_prokka\/PROKKA_05122017\.gbk
[21:36:28] Deleting unwanted file: /home/fsepulveda/Documents/parte1/output_Sa1638/output_prokka/PROKKA_05122017.gbf
[21:36:28] Output files:
[21:36:28] /home/fsepulveda/Documents/parte1/output_Sa1638/output_prokka/PROKKA_05122017.ffn
[21:36:28] /home/fsepulveda/Documents/parte1/output_Sa1638/output_prokka/PROKKA_05122017.fna
[21:36:28] /home/fsepulveda/Documents/parte1/output_Sa1638/output_prokka/PROKKA_05122017.err
[21:36:28] /home/fsepulveda/Documents/parte1/output_Sa1638/output_prokka/PROKKA_05122017.log
[21:36:28] /home/fsepulveda/Documents/parte1/output_Sa1638/output_prokka/PROKKA_05122017.fsa
[21:36:28] /home/fsepulveda/Documents/parte1/output_Sa1638/output_prokka/PROKKA_05122017.gbk
[21:36:28] /home/fsepulveda/Documents/parte1/output_Sa1638/output_prokka/PROKKA_05122017.sqn
[21:36:28] /home/fsepulveda/Documents/parte1/output_Sa1638/output_prokka/PROKKA_05122017.tbl
[21:36:28] /home/fsepulveda/Documents/parte1/output_Sa1638/output_prokka/PROKKA_05122017.txt
[21:36:28] /home/fsepulveda/Documents/parte1/output_Sa1638/output_prokka/PROKKA_05122017.faa
[21:36:28] /home/fsepulveda/Documents/parte1/output_Sa1638/output_prokka/PROKKA_05122017.gff
[21:36:28] /home/fsepulveda/Documents/parte1/output_Sa1638/output_prokka/PROKKA_05122017.tsv
[21:36:28] Annotation finished successfully.
[21:36:28] Walltime used: 1.50 minutes
[21:36:28] If you use this result please cite the Prokka paper:
[21:36:28] Seemann T (2014) Prokka: rapid prokaryotic genome annotation. Bioinformatics. 30(14):2068-9.
[21:36:28] Type 'prokka --citation' for more details.
[21:36:28] Thank you, come again.
